[2024-02-07T08:40:10.829+0000] {processor.py:161} INFO - Started process (PID=57) to work on /home/airflow/.local/lib/python3.8/site-packages/airflow/example_dags/example_setup_teardown.py
[2024-02-07T08:40:10.830+0000] {processor.py:830} INFO - Processing file /home/airflow/.local/lib/python3.8/site-packages/airflow/example_dags/example_setup_teardown.py for tasks to queue
[2024-02-07T08:40:10.833+0000] {logging_mixin.py:188} INFO - [2024-02-07T08:40:10.832+0000] {dagbag.py:538} INFO - Filling up the DagBag from /home/airflow/.local/lib/python3.8/site-packages/airflow/example_dags/example_setup_teardown.py
[2024-02-07T08:40:10.847+0000] {processor.py:840} INFO - DAG(s) 'example_setup_teardown' retrieved from /home/airflow/.local/lib/python3.8/site-packages/airflow/example_dags/example_setup_teardown.py
[2024-02-07T08:40:10.882+0000] {logging_mixin.py:188} INFO - [2024-02-07T08:40:10.882+0000] {dag.py:3033} INFO - Sync 1 DAGs
[2024-02-07T08:40:10.908+0000] {logging_mixin.py:188} INFO - [2024-02-07T08:40:10.907+0000] {dag.py:3820} INFO - Setting next_dagrun for example_setup_teardown to 2024-02-06T00:00:00+00:00, run_after=2024-02-07T00:00:00+00:00
[2024-02-07T08:40:10.933+0000] {processor.py:183} INFO - Processing /home/airflow/.local/lib/python3.8/site-packages/airflow/example_dags/example_setup_teardown.py took 0.108 seconds
[2024-02-07T08:40:41.534+0000] {processor.py:161} INFO - Started process (PID=114) to work on /home/airflow/.local/lib/python3.8/site-packages/airflow/example_dags/example_setup_teardown.py
[2024-02-07T08:40:41.535+0000] {processor.py:830} INFO - Processing file /home/airflow/.local/lib/python3.8/site-packages/airflow/example_dags/example_setup_teardown.py for tasks to queue
[2024-02-07T08:40:41.538+0000] {logging_mixin.py:188} INFO - [2024-02-07T08:40:41.537+0000] {dagbag.py:538} INFO - Filling up the DagBag from /home/airflow/.local/lib/python3.8/site-packages/airflow/example_dags/example_setup_teardown.py
[2024-02-07T08:40:41.546+0000] {processor.py:840} INFO - DAG(s) 'example_setup_teardown' retrieved from /home/airflow/.local/lib/python3.8/site-packages/airflow/example_dags/example_setup_teardown.py
[2024-02-07T08:40:41.571+0000] {logging_mixin.py:188} INFO - [2024-02-07T08:40:41.571+0000] {dag.py:3033} INFO - Sync 1 DAGs
[2024-02-07T08:40:41.593+0000] {logging_mixin.py:188} INFO - [2024-02-07T08:40:41.592+0000] {dag.py:3820} INFO - Setting next_dagrun for example_setup_teardown to 2024-02-06T00:00:00+00:00, run_after=2024-02-07T00:00:00+00:00
[2024-02-07T08:40:41.616+0000] {processor.py:183} INFO - Processing /home/airflow/.local/lib/python3.8/site-packages/airflow/example_dags/example_setup_teardown.py took 0.086 seconds
[2024-02-07T08:41:12.206+0000] {processor.py:161} INFO - Started process (PID=171) to work on /home/airflow/.local/lib/python3.8/site-packages/airflow/example_dags/example_setup_teardown.py
[2024-02-07T08:41:12.207+0000] {processor.py:830} INFO - Processing file /home/airflow/.local/lib/python3.8/site-packages/airflow/example_dags/example_setup_teardown.py for tasks to queue
[2024-02-07T08:41:12.210+0000] {logging_mixin.py:188} INFO - [2024-02-07T08:41:12.210+0000] {dagbag.py:538} INFO - Filling up the DagBag from /home/airflow/.local/lib/python3.8/site-packages/airflow/example_dags/example_setup_teardown.py
[2024-02-07T08:41:12.217+0000] {processor.py:840} INFO - DAG(s) 'example_setup_teardown' retrieved from /home/airflow/.local/lib/python3.8/site-packages/airflow/example_dags/example_setup_teardown.py
[2024-02-07T08:41:12.242+0000] {logging_mixin.py:188} INFO - [2024-02-07T08:41:12.241+0000] {dag.py:3033} INFO - Sync 1 DAGs
[2024-02-07T08:41:12.265+0000] {logging_mixin.py:188} INFO - [2024-02-07T08:41:12.264+0000] {dag.py:3820} INFO - Setting next_dagrun for example_setup_teardown to 2024-02-06T00:00:00+00:00, run_after=2024-02-07T00:00:00+00:00
[2024-02-07T08:41:12.285+0000] {processor.py:183} INFO - Processing /home/airflow/.local/lib/python3.8/site-packages/airflow/example_dags/example_setup_teardown.py took 0.083 seconds
[2024-02-07T08:41:43.014+0000] {processor.py:161} INFO - Started process (PID=228) to work on /home/airflow/.local/lib/python3.8/site-packages/airflow/example_dags/example_setup_teardown.py
[2024-02-07T08:41:43.015+0000] {processor.py:830} INFO - Processing file /home/airflow/.local/lib/python3.8/site-packages/airflow/example_dags/example_setup_teardown.py for tasks to queue
[2024-02-07T08:41:43.017+0000] {logging_mixin.py:188} INFO - [2024-02-07T08:41:43.017+0000] {dagbag.py:538} INFO - Filling up the DagBag from /home/airflow/.local/lib/python3.8/site-packages/airflow/example_dags/example_setup_teardown.py
[2024-02-07T08:41:43.023+0000] {processor.py:840} INFO - DAG(s) 'example_setup_teardown' retrieved from /home/airflow/.local/lib/python3.8/site-packages/airflow/example_dags/example_setup_teardown.py
[2024-02-07T08:41:43.048+0000] {logging_mixin.py:188} INFO - [2024-02-07T08:41:43.048+0000] {dag.py:3033} INFO - Sync 1 DAGs
[2024-02-07T08:41:43.068+0000] {logging_mixin.py:188} INFO - [2024-02-07T08:41:43.068+0000] {dag.py:3820} INFO - Setting next_dagrun for example_setup_teardown to 2024-02-06T00:00:00+00:00, run_after=2024-02-07T00:00:00+00:00
[2024-02-07T08:41:43.089+0000] {processor.py:183} INFO - Processing /home/airflow/.local/lib/python3.8/site-packages/airflow/example_dags/example_setup_teardown.py took 0.078 seconds
[2024-02-07T08:42:13.460+0000] {processor.py:161} INFO - Started process (PID=286) to work on /home/airflow/.local/lib/python3.8/site-packages/airflow/example_dags/example_setup_teardown.py
[2024-02-07T08:42:13.462+0000] {processor.py:830} INFO - Processing file /home/airflow/.local/lib/python3.8/site-packages/airflow/example_dags/example_setup_teardown.py for tasks to queue
[2024-02-07T08:42:13.464+0000] {logging_mixin.py:188} INFO - [2024-02-07T08:42:13.464+0000] {dagbag.py:538} INFO - Filling up the DagBag from /home/airflow/.local/lib/python3.8/site-packages/airflow/example_dags/example_setup_teardown.py
[2024-02-07T08:42:13.473+0000] {processor.py:840} INFO - DAG(s) 'example_setup_teardown' retrieved from /home/airflow/.local/lib/python3.8/site-packages/airflow/example_dags/example_setup_teardown.py
[2024-02-07T08:42:13.498+0000] {logging_mixin.py:188} INFO - [2024-02-07T08:42:13.497+0000] {dag.py:3033} INFO - Sync 1 DAGs
[2024-02-07T08:42:13.523+0000] {logging_mixin.py:188} INFO - [2024-02-07T08:42:13.523+0000] {dag.py:3820} INFO - Setting next_dagrun for example_setup_teardown to 2024-02-06T00:00:00+00:00, run_after=2024-02-07T00:00:00+00:00
[2024-02-07T08:42:13.544+0000] {processor.py:183} INFO - Processing /home/airflow/.local/lib/python3.8/site-packages/airflow/example_dags/example_setup_teardown.py took 0.088 seconds
[2024-02-07T08:42:44.316+0000] {processor.py:161} INFO - Started process (PID=343) to work on /home/airflow/.local/lib/python3.8/site-packages/airflow/example_dags/example_setup_teardown.py
[2024-02-07T08:42:44.318+0000] {processor.py:830} INFO - Processing file /home/airflow/.local/lib/python3.8/site-packages/airflow/example_dags/example_setup_teardown.py for tasks to queue
[2024-02-07T08:42:44.321+0000] {logging_mixin.py:188} INFO - [2024-02-07T08:42:44.321+0000] {dagbag.py:538} INFO - Filling up the DagBag from /home/airflow/.local/lib/python3.8/site-packages/airflow/example_dags/example_setup_teardown.py
[2024-02-07T08:42:44.330+0000] {processor.py:840} INFO - DAG(s) 'example_setup_teardown' retrieved from /home/airflow/.local/lib/python3.8/site-packages/airflow/example_dags/example_setup_teardown.py
[2024-02-07T08:42:44.354+0000] {logging_mixin.py:188} INFO - [2024-02-07T08:42:44.354+0000] {dag.py:3033} INFO - Sync 1 DAGs
[2024-02-07T08:42:44.385+0000] {logging_mixin.py:188} INFO - [2024-02-07T08:42:44.385+0000] {dag.py:3820} INFO - Setting next_dagrun for example_setup_teardown to 2024-02-06T00:00:00+00:00, run_after=2024-02-07T00:00:00+00:00
[2024-02-07T08:42:44.418+0000] {processor.py:183} INFO - Processing /home/airflow/.local/lib/python3.8/site-packages/airflow/example_dags/example_setup_teardown.py took 0.106 seconds
[2024-02-07T08:43:15.164+0000] {processor.py:161} INFO - Started process (PID=400) to work on /home/airflow/.local/lib/python3.8/site-packages/airflow/example_dags/example_setup_teardown.py
[2024-02-07T08:43:15.166+0000] {processor.py:830} INFO - Processing file /home/airflow/.local/lib/python3.8/site-packages/airflow/example_dags/example_setup_teardown.py for tasks to queue
[2024-02-07T08:43:15.169+0000] {logging_mixin.py:188} INFO - [2024-02-07T08:43:15.169+0000] {dagbag.py:538} INFO - Filling up the DagBag from /home/airflow/.local/lib/python3.8/site-packages/airflow/example_dags/example_setup_teardown.py
[2024-02-07T08:43:15.177+0000] {processor.py:840} INFO - DAG(s) 'example_setup_teardown' retrieved from /home/airflow/.local/lib/python3.8/site-packages/airflow/example_dags/example_setup_teardown.py
[2024-02-07T08:43:15.202+0000] {logging_mixin.py:188} INFO - [2024-02-07T08:43:15.202+0000] {dag.py:3033} INFO - Sync 1 DAGs
[2024-02-07T08:43:15.225+0000] {logging_mixin.py:188} INFO - [2024-02-07T08:43:15.225+0000] {dag.py:3820} INFO - Setting next_dagrun for example_setup_teardown to 2024-02-06T00:00:00+00:00, run_after=2024-02-07T00:00:00+00:00
[2024-02-07T08:43:15.252+0000] {processor.py:183} INFO - Processing /home/airflow/.local/lib/python3.8/site-packages/airflow/example_dags/example_setup_teardown.py took 0.091 seconds
[2024-02-07T08:43:45.666+0000] {processor.py:161} INFO - Started process (PID=457) to work on /home/airflow/.local/lib/python3.8/site-packages/airflow/example_dags/example_setup_teardown.py
[2024-02-07T08:43:45.667+0000] {processor.py:830} INFO - Processing file /home/airflow/.local/lib/python3.8/site-packages/airflow/example_dags/example_setup_teardown.py for tasks to queue
[2024-02-07T08:43:45.669+0000] {logging_mixin.py:188} INFO - [2024-02-07T08:43:45.669+0000] {dagbag.py:538} INFO - Filling up the DagBag from /home/airflow/.local/lib/python3.8/site-packages/airflow/example_dags/example_setup_teardown.py
[2024-02-07T08:43:45.678+0000] {processor.py:840} INFO - DAG(s) 'example_setup_teardown' retrieved from /home/airflow/.local/lib/python3.8/site-packages/airflow/example_dags/example_setup_teardown.py
[2024-02-07T08:43:45.706+0000] {logging_mixin.py:188} INFO - [2024-02-07T08:43:45.706+0000] {dag.py:3033} INFO - Sync 1 DAGs
[2024-02-07T08:43:45.733+0000] {logging_mixin.py:188} INFO - [2024-02-07T08:43:45.732+0000] {dag.py:3820} INFO - Setting next_dagrun for example_setup_teardown to 2024-02-06T00:00:00+00:00, run_after=2024-02-07T00:00:00+00:00
[2024-02-07T08:43:45.759+0000] {processor.py:183} INFO - Processing /home/airflow/.local/lib/python3.8/site-packages/airflow/example_dags/example_setup_teardown.py took 0.097 seconds
[2024-02-07T08:44:16.511+0000] {processor.py:161} INFO - Started process (PID=514) to work on /home/airflow/.local/lib/python3.8/site-packages/airflow/example_dags/example_setup_teardown.py
[2024-02-07T08:44:16.512+0000] {processor.py:830} INFO - Processing file /home/airflow/.local/lib/python3.8/site-packages/airflow/example_dags/example_setup_teardown.py for tasks to queue
[2024-02-07T08:44:16.515+0000] {logging_mixin.py:188} INFO - [2024-02-07T08:44:16.514+0000] {dagbag.py:538} INFO - Filling up the DagBag from /home/airflow/.local/lib/python3.8/site-packages/airflow/example_dags/example_setup_teardown.py
[2024-02-07T08:44:16.525+0000] {processor.py:840} INFO - DAG(s) 'example_setup_teardown' retrieved from /home/airflow/.local/lib/python3.8/site-packages/airflow/example_dags/example_setup_teardown.py
[2024-02-07T08:44:16.557+0000] {logging_mixin.py:188} INFO - [2024-02-07T08:44:16.556+0000] {dag.py:3033} INFO - Sync 1 DAGs
[2024-02-07T08:44:16.586+0000] {logging_mixin.py:188} INFO - [2024-02-07T08:44:16.586+0000] {dag.py:3820} INFO - Setting next_dagrun for example_setup_teardown to 2024-02-06T00:00:00+00:00, run_after=2024-02-07T00:00:00+00:00
[2024-02-07T08:44:16.607+0000] {processor.py:183} INFO - Processing /home/airflow/.local/lib/python3.8/site-packages/airflow/example_dags/example_setup_teardown.py took 0.102 seconds
[2024-02-07T08:44:46.827+0000] {processor.py:161} INFO - Started process (PID=571) to work on /home/airflow/.local/lib/python3.8/site-packages/airflow/example_dags/example_setup_teardown.py
[2024-02-07T08:44:46.828+0000] {processor.py:830} INFO - Processing file /home/airflow/.local/lib/python3.8/site-packages/airflow/example_dags/example_setup_teardown.py for tasks to queue
[2024-02-07T08:44:46.831+0000] {logging_mixin.py:188} INFO - [2024-02-07T08:44:46.831+0000] {dagbag.py:538} INFO - Filling up the DagBag from /home/airflow/.local/lib/python3.8/site-packages/airflow/example_dags/example_setup_teardown.py
[2024-02-07T08:44:46.840+0000] {processor.py:840} INFO - DAG(s) 'example_setup_teardown' retrieved from /home/airflow/.local/lib/python3.8/site-packages/airflow/example_dags/example_setup_teardown.py
[2024-02-07T08:44:46.867+0000] {logging_mixin.py:188} INFO - [2024-02-07T08:44:46.866+0000] {dag.py:3033} INFO - Sync 1 DAGs
[2024-02-07T08:44:46.891+0000] {logging_mixin.py:188} INFO - [2024-02-07T08:44:46.891+0000] {dag.py:3820} INFO - Setting next_dagrun for example_setup_teardown to 2024-02-06T00:00:00+00:00, run_after=2024-02-07T00:00:00+00:00
[2024-02-07T08:44:46.917+0000] {processor.py:183} INFO - Processing /home/airflow/.local/lib/python3.8/site-packages/airflow/example_dags/example_setup_teardown.py took 0.094 seconds
[2024-02-07T08:45:16.962+0000] {processor.py:161} INFO - Started process (PID=626) to work on /home/airflow/.local/lib/python3.8/site-packages/airflow/example_dags/example_setup_teardown.py
[2024-02-07T08:45:16.964+0000] {processor.py:830} INFO - Processing file /home/airflow/.local/lib/python3.8/site-packages/airflow/example_dags/example_setup_teardown.py for tasks to queue
[2024-02-07T08:45:16.966+0000] {logging_mixin.py:188} INFO - [2024-02-07T08:45:16.966+0000] {dagbag.py:538} INFO - Filling up the DagBag from /home/airflow/.local/lib/python3.8/site-packages/airflow/example_dags/example_setup_teardown.py
[2024-02-07T08:45:16.973+0000] {processor.py:840} INFO - DAG(s) 'example_setup_teardown' retrieved from /home/airflow/.local/lib/python3.8/site-packages/airflow/example_dags/example_setup_teardown.py
[2024-02-07T08:45:16.999+0000] {logging_mixin.py:188} INFO - [2024-02-07T08:45:16.998+0000] {dag.py:3033} INFO - Sync 1 DAGs
[2024-02-07T08:45:17.032+0000] {logging_mixin.py:188} INFO - [2024-02-07T08:45:17.032+0000] {dag.py:3820} INFO - Setting next_dagrun for example_setup_teardown to 2024-02-06T00:00:00+00:00, run_after=2024-02-07T00:00:00+00:00
[2024-02-07T08:45:17.062+0000] {processor.py:183} INFO - Processing /home/airflow/.local/lib/python3.8/site-packages/airflow/example_dags/example_setup_teardown.py took 0.104 seconds
[2024-02-07T08:45:48.079+0000] {processor.py:161} INFO - Started process (PID=684) to work on /home/airflow/.local/lib/python3.8/site-packages/airflow/example_dags/example_setup_teardown.py
[2024-02-07T08:45:48.080+0000] {processor.py:830} INFO - Processing file /home/airflow/.local/lib/python3.8/site-packages/airflow/example_dags/example_setup_teardown.py for tasks to queue
[2024-02-07T08:45:48.083+0000] {logging_mixin.py:188} INFO - [2024-02-07T08:45:48.083+0000] {dagbag.py:538} INFO - Filling up the DagBag from /home/airflow/.local/lib/python3.8/site-packages/airflow/example_dags/example_setup_teardown.py
[2024-02-07T08:45:48.090+0000] {processor.py:840} INFO - DAG(s) 'example_setup_teardown' retrieved from /home/airflow/.local/lib/python3.8/site-packages/airflow/example_dags/example_setup_teardown.py
[2024-02-07T08:45:48.114+0000] {logging_mixin.py:188} INFO - [2024-02-07T08:45:48.114+0000] {dag.py:3033} INFO - Sync 1 DAGs
[2024-02-07T08:45:48.136+0000] {logging_mixin.py:188} INFO - [2024-02-07T08:45:48.136+0000] {dag.py:3820} INFO - Setting next_dagrun for example_setup_teardown to 2024-02-06T00:00:00+00:00, run_after=2024-02-07T00:00:00+00:00
[2024-02-07T08:45:48.162+0000] {processor.py:183} INFO - Processing /home/airflow/.local/lib/python3.8/site-packages/airflow/example_dags/example_setup_teardown.py took 0.086 seconds
[2024-02-07T08:46:19.031+0000] {processor.py:161} INFO - Started process (PID=741) to work on /home/airflow/.local/lib/python3.8/site-packages/airflow/example_dags/example_setup_teardown.py
[2024-02-07T08:46:19.033+0000] {processor.py:830} INFO - Processing file /home/airflow/.local/lib/python3.8/site-packages/airflow/example_dags/example_setup_teardown.py for tasks to queue
[2024-02-07T08:46:19.040+0000] {logging_mixin.py:188} INFO - [2024-02-07T08:46:19.040+0000] {dagbag.py:538} INFO - Filling up the DagBag from /home/airflow/.local/lib/python3.8/site-packages/airflow/example_dags/example_setup_teardown.py
[2024-02-07T08:46:19.051+0000] {processor.py:840} INFO - DAG(s) 'example_setup_teardown' retrieved from /home/airflow/.local/lib/python3.8/site-packages/airflow/example_dags/example_setup_teardown.py
[2024-02-07T08:46:19.100+0000] {logging_mixin.py:188} INFO - [2024-02-07T08:46:19.099+0000] {dag.py:3033} INFO - Sync 1 DAGs
[2024-02-07T08:46:19.126+0000] {logging_mixin.py:188} INFO - [2024-02-07T08:46:19.126+0000] {dag.py:3820} INFO - Setting next_dagrun for example_setup_teardown to 2024-02-06T00:00:00+00:00, run_after=2024-02-07T00:00:00+00:00
[2024-02-07T08:46:19.153+0000] {processor.py:183} INFO - Processing /home/airflow/.local/lib/python3.8/site-packages/airflow/example_dags/example_setup_teardown.py took 0.126 seconds
[2024-02-07T08:46:49.364+0000] {processor.py:161} INFO - Started process (PID=797) to work on /home/airflow/.local/lib/python3.8/site-packages/airflow/example_dags/example_setup_teardown.py
[2024-02-07T08:46:49.365+0000] {processor.py:830} INFO - Processing file /home/airflow/.local/lib/python3.8/site-packages/airflow/example_dags/example_setup_teardown.py for tasks to queue
[2024-02-07T08:46:49.368+0000] {logging_mixin.py:188} INFO - [2024-02-07T08:46:49.368+0000] {dagbag.py:538} INFO - Filling up the DagBag from /home/airflow/.local/lib/python3.8/site-packages/airflow/example_dags/example_setup_teardown.py
[2024-02-07T08:46:49.380+0000] {processor.py:840} INFO - DAG(s) 'example_setup_teardown' retrieved from /home/airflow/.local/lib/python3.8/site-packages/airflow/example_dags/example_setup_teardown.py
[2024-02-07T08:46:49.408+0000] {logging_mixin.py:188} INFO - [2024-02-07T08:46:49.408+0000] {dag.py:3033} INFO - Sync 1 DAGs
[2024-02-07T08:46:49.439+0000] {logging_mixin.py:188} INFO - [2024-02-07T08:46:49.438+0000] {dag.py:3820} INFO - Setting next_dagrun for example_setup_teardown to 2024-02-06T00:00:00+00:00, run_after=2024-02-07T00:00:00+00:00
[2024-02-07T08:46:49.460+0000] {processor.py:183} INFO - Processing /home/airflow/.local/lib/python3.8/site-packages/airflow/example_dags/example_setup_teardown.py took 0.102 seconds
[2024-02-07T08:47:19.675+0000] {processor.py:161} INFO - Started process (PID=854) to work on /home/airflow/.local/lib/python3.8/site-packages/airflow/example_dags/example_setup_teardown.py
[2024-02-07T08:47:19.676+0000] {processor.py:830} INFO - Processing file /home/airflow/.local/lib/python3.8/site-packages/airflow/example_dags/example_setup_teardown.py for tasks to queue
[2024-02-07T08:47:19.680+0000] {logging_mixin.py:188} INFO - [2024-02-07T08:47:19.679+0000] {dagbag.py:538} INFO - Filling up the DagBag from /home/airflow/.local/lib/python3.8/site-packages/airflow/example_dags/example_setup_teardown.py
[2024-02-07T08:47:19.686+0000] {processor.py:840} INFO - DAG(s) 'example_setup_teardown' retrieved from /home/airflow/.local/lib/python3.8/site-packages/airflow/example_dags/example_setup_teardown.py
[2024-02-07T08:47:19.790+0000] {logging_mixin.py:188} INFO - [2024-02-07T08:47:19.790+0000] {dag.py:3033} INFO - Sync 1 DAGs
[2024-02-07T08:47:19.823+0000] {logging_mixin.py:188} INFO - [2024-02-07T08:47:19.822+0000] {dag.py:3820} INFO - Setting next_dagrun for example_setup_teardown to 2024-02-06T00:00:00+00:00, run_after=2024-02-07T00:00:00+00:00
[2024-02-07T08:47:19.849+0000] {processor.py:183} INFO - Processing /home/airflow/.local/lib/python3.8/site-packages/airflow/example_dags/example_setup_teardown.py took 0.177 seconds
[2024-02-07T08:47:50.136+0000] {processor.py:161} INFO - Started process (PID=911) to work on /home/airflow/.local/lib/python3.8/site-packages/airflow/example_dags/example_setup_teardown.py
[2024-02-07T08:47:50.137+0000] {processor.py:830} INFO - Processing file /home/airflow/.local/lib/python3.8/site-packages/airflow/example_dags/example_setup_teardown.py for tasks to queue
[2024-02-07T08:47:50.140+0000] {logging_mixin.py:188} INFO - [2024-02-07T08:47:50.140+0000] {dagbag.py:538} INFO - Filling up the DagBag from /home/airflow/.local/lib/python3.8/site-packages/airflow/example_dags/example_setup_teardown.py
[2024-02-07T08:47:50.146+0000] {processor.py:840} INFO - DAG(s) 'example_setup_teardown' retrieved from /home/airflow/.local/lib/python3.8/site-packages/airflow/example_dags/example_setup_teardown.py
[2024-02-07T08:47:50.247+0000] {logging_mixin.py:188} INFO - [2024-02-07T08:47:50.247+0000] {dag.py:3033} INFO - Sync 1 DAGs
[2024-02-07T08:47:50.275+0000] {logging_mixin.py:188} INFO - [2024-02-07T08:47:50.274+0000] {dag.py:3820} INFO - Setting next_dagrun for example_setup_teardown to 2024-02-06T00:00:00+00:00, run_after=2024-02-07T00:00:00+00:00
[2024-02-07T08:47:50.305+0000] {processor.py:183} INFO - Processing /home/airflow/.local/lib/python3.8/site-packages/airflow/example_dags/example_setup_teardown.py took 0.172 seconds
[2024-02-07T08:48:20.434+0000] {processor.py:161} INFO - Started process (PID=968) to work on /home/airflow/.local/lib/python3.8/site-packages/airflow/example_dags/example_setup_teardown.py
[2024-02-07T08:48:20.436+0000] {processor.py:830} INFO - Processing file /home/airflow/.local/lib/python3.8/site-packages/airflow/example_dags/example_setup_teardown.py for tasks to queue
[2024-02-07T08:48:20.439+0000] {logging_mixin.py:188} INFO - [2024-02-07T08:48:20.439+0000] {dagbag.py:538} INFO - Filling up the DagBag from /home/airflow/.local/lib/python3.8/site-packages/airflow/example_dags/example_setup_teardown.py
[2024-02-07T08:48:20.448+0000] {processor.py:840} INFO - DAG(s) 'example_setup_teardown' retrieved from /home/airflow/.local/lib/python3.8/site-packages/airflow/example_dags/example_setup_teardown.py
[2024-02-07T08:48:20.557+0000] {logging_mixin.py:188} INFO - [2024-02-07T08:48:20.556+0000] {dag.py:3033} INFO - Sync 1 DAGs
[2024-02-07T08:48:20.595+0000] {logging_mixin.py:188} INFO - [2024-02-07T08:48:20.594+0000] {dag.py:3820} INFO - Setting next_dagrun for example_setup_teardown to 2024-02-06T00:00:00+00:00, run_after=2024-02-07T00:00:00+00:00
[2024-02-07T08:48:20.619+0000] {processor.py:183} INFO - Processing /home/airflow/.local/lib/python3.8/site-packages/airflow/example_dags/example_setup_teardown.py took 0.189 seconds
[2024-02-07T08:48:50.765+0000] {processor.py:161} INFO - Started process (PID=1026) to work on /home/airflow/.local/lib/python3.8/site-packages/airflow/example_dags/example_setup_teardown.py
[2024-02-07T08:48:50.766+0000] {processor.py:830} INFO - Processing file /home/airflow/.local/lib/python3.8/site-packages/airflow/example_dags/example_setup_teardown.py for tasks to queue
[2024-02-07T08:48:50.768+0000] {logging_mixin.py:188} INFO - [2024-02-07T08:48:50.768+0000] {dagbag.py:538} INFO - Filling up the DagBag from /home/airflow/.local/lib/python3.8/site-packages/airflow/example_dags/example_setup_teardown.py
[2024-02-07T08:48:50.776+0000] {processor.py:840} INFO - DAG(s) 'example_setup_teardown' retrieved from /home/airflow/.local/lib/python3.8/site-packages/airflow/example_dags/example_setup_teardown.py
[2024-02-07T08:48:50.798+0000] {logging_mixin.py:188} INFO - [2024-02-07T08:48:50.798+0000] {dag.py:3033} INFO - Sync 1 DAGs
[2024-02-07T08:48:50.819+0000] {logging_mixin.py:188} INFO - [2024-02-07T08:48:50.819+0000] {dag.py:3820} INFO - Setting next_dagrun for example_setup_teardown to 2024-02-06T00:00:00+00:00, run_after=2024-02-07T00:00:00+00:00
[2024-02-07T08:48:50.850+0000] {processor.py:183} INFO - Processing /home/airflow/.local/lib/python3.8/site-packages/airflow/example_dags/example_setup_teardown.py took 0.088 seconds
[2024-02-07T08:49:21.333+0000] {processor.py:161} INFO - Started process (PID=1083) to work on /home/airflow/.local/lib/python3.8/site-packages/airflow/example_dags/example_setup_teardown.py
[2024-02-07T08:49:21.335+0000] {processor.py:830} INFO - Processing file /home/airflow/.local/lib/python3.8/site-packages/airflow/example_dags/example_setup_teardown.py for tasks to queue
[2024-02-07T08:49:21.339+0000] {logging_mixin.py:188} INFO - [2024-02-07T08:49:21.338+0000] {dagbag.py:538} INFO - Filling up the DagBag from /home/airflow/.local/lib/python3.8/site-packages/airflow/example_dags/example_setup_teardown.py
[2024-02-07T08:49:21.349+0000] {processor.py:840} INFO - DAG(s) 'example_setup_teardown' retrieved from /home/airflow/.local/lib/python3.8/site-packages/airflow/example_dags/example_setup_teardown.py
[2024-02-07T08:49:21.377+0000] {logging_mixin.py:188} INFO - [2024-02-07T08:49:21.377+0000] {dag.py:3033} INFO - Sync 1 DAGs
[2024-02-07T08:49:21.401+0000] {logging_mixin.py:188} INFO - [2024-02-07T08:49:21.401+0000] {dag.py:3820} INFO - Setting next_dagrun for example_setup_teardown to 2024-02-06T00:00:00+00:00, run_after=2024-02-07T00:00:00+00:00
[2024-02-07T08:49:21.427+0000] {processor.py:183} INFO - Processing /home/airflow/.local/lib/python3.8/site-packages/airflow/example_dags/example_setup_teardown.py took 0.098 seconds
[2024-02-07T08:49:51.779+0000] {processor.py:161} INFO - Started process (PID=1140) to work on /home/airflow/.local/lib/python3.8/site-packages/airflow/example_dags/example_setup_teardown.py
[2024-02-07T08:49:51.780+0000] {processor.py:830} INFO - Processing file /home/airflow/.local/lib/python3.8/site-packages/airflow/example_dags/example_setup_teardown.py for tasks to queue
[2024-02-07T08:49:51.784+0000] {logging_mixin.py:188} INFO - [2024-02-07T08:49:51.783+0000] {dagbag.py:538} INFO - Filling up the DagBag from /home/airflow/.local/lib/python3.8/site-packages/airflow/example_dags/example_setup_teardown.py
[2024-02-07T08:49:51.794+0000] {processor.py:840} INFO - DAG(s) 'example_setup_teardown' retrieved from /home/airflow/.local/lib/python3.8/site-packages/airflow/example_dags/example_setup_teardown.py
[2024-02-07T08:49:51.822+0000] {logging_mixin.py:188} INFO - [2024-02-07T08:49:51.822+0000] {dag.py:3033} INFO - Sync 1 DAGs
[2024-02-07T08:49:51.851+0000] {logging_mixin.py:188} INFO - [2024-02-07T08:49:51.850+0000] {dag.py:3820} INFO - Setting next_dagrun for example_setup_teardown to 2024-02-06T00:00:00+00:00, run_after=2024-02-07T00:00:00+00:00
[2024-02-07T08:49:51.877+0000] {processor.py:183} INFO - Processing /home/airflow/.local/lib/python3.8/site-packages/airflow/example_dags/example_setup_teardown.py took 0.102 seconds
[2024-02-07T08:50:22.482+0000] {processor.py:161} INFO - Started process (PID=1197) to work on /home/airflow/.local/lib/python3.8/site-packages/airflow/example_dags/example_setup_teardown.py
[2024-02-07T08:50:22.484+0000] {processor.py:830} INFO - Processing file /home/airflow/.local/lib/python3.8/site-packages/airflow/example_dags/example_setup_teardown.py for tasks to queue
[2024-02-07T08:50:22.486+0000] {logging_mixin.py:188} INFO - [2024-02-07T08:50:22.486+0000] {dagbag.py:538} INFO - Filling up the DagBag from /home/airflow/.local/lib/python3.8/site-packages/airflow/example_dags/example_setup_teardown.py
[2024-02-07T08:50:22.494+0000] {processor.py:840} INFO - DAG(s) 'example_setup_teardown' retrieved from /home/airflow/.local/lib/python3.8/site-packages/airflow/example_dags/example_setup_teardown.py
[2024-02-07T08:50:22.520+0000] {logging_mixin.py:188} INFO - [2024-02-07T08:50:22.520+0000] {dag.py:3033} INFO - Sync 1 DAGs
[2024-02-07T08:50:22.544+0000] {logging_mixin.py:188} INFO - [2024-02-07T08:50:22.544+0000] {dag.py:3820} INFO - Setting next_dagrun for example_setup_teardown to 2024-02-06T00:00:00+00:00, run_after=2024-02-07T00:00:00+00:00
[2024-02-07T08:50:22.576+0000] {processor.py:183} INFO - Processing /home/airflow/.local/lib/python3.8/site-packages/airflow/example_dags/example_setup_teardown.py took 0.097 seconds
[2024-02-07T08:50:52.787+0000] {processor.py:161} INFO - Started process (PID=1254) to work on /home/airflow/.local/lib/python3.8/site-packages/airflow/example_dags/example_setup_teardown.py
[2024-02-07T08:50:52.789+0000] {processor.py:830} INFO - Processing file /home/airflow/.local/lib/python3.8/site-packages/airflow/example_dags/example_setup_teardown.py for tasks to queue
[2024-02-07T08:50:52.792+0000] {logging_mixin.py:188} INFO - [2024-02-07T08:50:52.792+0000] {dagbag.py:538} INFO - Filling up the DagBag from /home/airflow/.local/lib/python3.8/site-packages/airflow/example_dags/example_setup_teardown.py
[2024-02-07T08:50:52.802+0000] {processor.py:840} INFO - DAG(s) 'example_setup_teardown' retrieved from /home/airflow/.local/lib/python3.8/site-packages/airflow/example_dags/example_setup_teardown.py
[2024-02-07T08:50:52.839+0000] {logging_mixin.py:188} INFO - [2024-02-07T08:50:52.838+0000] {dag.py:3033} INFO - Sync 1 DAGs
[2024-02-07T08:50:52.865+0000] {logging_mixin.py:188} INFO - [2024-02-07T08:50:52.865+0000] {dag.py:3820} INFO - Setting next_dagrun for example_setup_teardown to 2024-02-06T00:00:00+00:00, run_after=2024-02-07T00:00:00+00:00
[2024-02-07T08:50:52.893+0000] {processor.py:183} INFO - Processing /home/airflow/.local/lib/python3.8/site-packages/airflow/example_dags/example_setup_teardown.py took 0.110 seconds
[2024-02-07T08:51:23.386+0000] {processor.py:161} INFO - Started process (PID=1312) to work on /home/airflow/.local/lib/python3.8/site-packages/airflow/example_dags/example_setup_teardown.py
[2024-02-07T08:51:23.387+0000] {processor.py:830} INFO - Processing file /home/airflow/.local/lib/python3.8/site-packages/airflow/example_dags/example_setup_teardown.py for tasks to queue
[2024-02-07T08:51:23.389+0000] {logging_mixin.py:188} INFO - [2024-02-07T08:51:23.389+0000] {dagbag.py:538} INFO - Filling up the DagBag from /home/airflow/.local/lib/python3.8/site-packages/airflow/example_dags/example_setup_teardown.py
[2024-02-07T08:51:23.395+0000] {processor.py:840} INFO - DAG(s) 'example_setup_teardown' retrieved from /home/airflow/.local/lib/python3.8/site-packages/airflow/example_dags/example_setup_teardown.py
[2024-02-07T08:51:23.417+0000] {logging_mixin.py:188} INFO - [2024-02-07T08:51:23.416+0000] {dag.py:3033} INFO - Sync 1 DAGs
[2024-02-07T08:51:23.441+0000] {logging_mixin.py:188} INFO - [2024-02-07T08:51:23.440+0000] {dag.py:3820} INFO - Setting next_dagrun for example_setup_teardown to 2024-02-06T00:00:00+00:00, run_after=2024-02-07T00:00:00+00:00
[2024-02-07T08:51:23.471+0000] {processor.py:183} INFO - Processing /home/airflow/.local/lib/python3.8/site-packages/airflow/example_dags/example_setup_teardown.py took 0.089 seconds
[2024-02-07T08:51:53.709+0000] {processor.py:161} INFO - Started process (PID=1369) to work on /home/airflow/.local/lib/python3.8/site-packages/airflow/example_dags/example_setup_teardown.py
[2024-02-07T08:51:53.711+0000] {processor.py:830} INFO - Processing file /home/airflow/.local/lib/python3.8/site-packages/airflow/example_dags/example_setup_teardown.py for tasks to queue
[2024-02-07T08:51:53.713+0000] {logging_mixin.py:188} INFO - [2024-02-07T08:51:53.713+0000] {dagbag.py:538} INFO - Filling up the DagBag from /home/airflow/.local/lib/python3.8/site-packages/airflow/example_dags/example_setup_teardown.py
[2024-02-07T08:51:53.720+0000] {processor.py:840} INFO - DAG(s) 'example_setup_teardown' retrieved from /home/airflow/.local/lib/python3.8/site-packages/airflow/example_dags/example_setup_teardown.py
[2024-02-07T08:51:53.742+0000] {logging_mixin.py:188} INFO - [2024-02-07T08:51:53.742+0000] {dag.py:3033} INFO - Sync 1 DAGs
[2024-02-07T08:51:53.763+0000] {logging_mixin.py:188} INFO - [2024-02-07T08:51:53.763+0000] {dag.py:3820} INFO - Setting next_dagrun for example_setup_teardown to 2024-02-06T00:00:00+00:00, run_after=2024-02-07T00:00:00+00:00
[2024-02-07T08:51:53.785+0000] {processor.py:183} INFO - Processing /home/airflow/.local/lib/python3.8/site-packages/airflow/example_dags/example_setup_teardown.py took 0.079 seconds
[2024-02-07T08:52:24.329+0000] {processor.py:161} INFO - Started process (PID=1426) to work on /home/airflow/.local/lib/python3.8/site-packages/airflow/example_dags/example_setup_teardown.py
[2024-02-07T08:52:24.330+0000] {processor.py:830} INFO - Processing file /home/airflow/.local/lib/python3.8/site-packages/airflow/example_dags/example_setup_teardown.py for tasks to queue
[2024-02-07T08:52:24.334+0000] {logging_mixin.py:188} INFO - [2024-02-07T08:52:24.334+0000] {dagbag.py:538} INFO - Filling up the DagBag from /home/airflow/.local/lib/python3.8/site-packages/airflow/example_dags/example_setup_teardown.py
[2024-02-07T08:52:24.345+0000] {processor.py:840} INFO - DAG(s) 'example_setup_teardown' retrieved from /home/airflow/.local/lib/python3.8/site-packages/airflow/example_dags/example_setup_teardown.py
[2024-02-07T08:52:24.369+0000] {logging_mixin.py:188} INFO - [2024-02-07T08:52:24.368+0000] {dag.py:3033} INFO - Sync 1 DAGs
[2024-02-07T08:52:24.389+0000] {logging_mixin.py:188} INFO - [2024-02-07T08:52:24.389+0000] {dag.py:3820} INFO - Setting next_dagrun for example_setup_teardown to 2024-02-06T00:00:00+00:00, run_after=2024-02-07T00:00:00+00:00
[2024-02-07T08:52:24.420+0000] {processor.py:183} INFO - Processing /home/airflow/.local/lib/python3.8/site-packages/airflow/example_dags/example_setup_teardown.py took 0.095 seconds
[2024-02-07T08:52:54.543+0000] {processor.py:161} INFO - Started process (PID=1482) to work on /home/airflow/.local/lib/python3.8/site-packages/airflow/example_dags/example_setup_teardown.py
[2024-02-07T08:52:54.544+0000] {processor.py:830} INFO - Processing file /home/airflow/.local/lib/python3.8/site-packages/airflow/example_dags/example_setup_teardown.py for tasks to queue
[2024-02-07T08:52:54.546+0000] {logging_mixin.py:188} INFO - [2024-02-07T08:52:54.546+0000] {dagbag.py:538} INFO - Filling up the DagBag from /home/airflow/.local/lib/python3.8/site-packages/airflow/example_dags/example_setup_teardown.py
[2024-02-07T08:52:54.553+0000] {processor.py:840} INFO - DAG(s) 'example_setup_teardown' retrieved from /home/airflow/.local/lib/python3.8/site-packages/airflow/example_dags/example_setup_teardown.py
[2024-02-07T08:52:54.587+0000] {logging_mixin.py:188} INFO - [2024-02-07T08:52:54.587+0000] {dag.py:3033} INFO - Sync 1 DAGs
[2024-02-07T08:52:54.628+0000] {logging_mixin.py:188} INFO - [2024-02-07T08:52:54.627+0000] {dag.py:3820} INFO - Setting next_dagrun for example_setup_teardown to 2024-02-06T00:00:00+00:00, run_after=2024-02-07T00:00:00+00:00
[2024-02-07T08:52:54.668+0000] {processor.py:183} INFO - Processing /home/airflow/.local/lib/python3.8/site-packages/airflow/example_dags/example_setup_teardown.py took 0.129 seconds
[2024-02-07T08:53:24.872+0000] {processor.py:161} INFO - Started process (PID=1539) to work on /home/airflow/.local/lib/python3.8/site-packages/airflow/example_dags/example_setup_teardown.py
[2024-02-07T08:53:24.873+0000] {processor.py:830} INFO - Processing file /home/airflow/.local/lib/python3.8/site-packages/airflow/example_dags/example_setup_teardown.py for tasks to queue
[2024-02-07T08:53:24.876+0000] {logging_mixin.py:188} INFO - [2024-02-07T08:53:24.876+0000] {dagbag.py:538} INFO - Filling up the DagBag from /home/airflow/.local/lib/python3.8/site-packages/airflow/example_dags/example_setup_teardown.py
[2024-02-07T08:53:24.886+0000] {processor.py:840} INFO - DAG(s) 'example_setup_teardown' retrieved from /home/airflow/.local/lib/python3.8/site-packages/airflow/example_dags/example_setup_teardown.py
[2024-02-07T08:53:24.914+0000] {logging_mixin.py:188} INFO - [2024-02-07T08:53:24.914+0000] {dag.py:3033} INFO - Sync 1 DAGs
[2024-02-07T08:53:24.936+0000] {logging_mixin.py:188} INFO - [2024-02-07T08:53:24.936+0000] {dag.py:3820} INFO - Setting next_dagrun for example_setup_teardown to 2024-02-06T00:00:00+00:00, run_after=2024-02-07T00:00:00+00:00
[2024-02-07T08:53:24.967+0000] {processor.py:183} INFO - Processing /home/airflow/.local/lib/python3.8/site-packages/airflow/example_dags/example_setup_teardown.py took 0.099 seconds
[2024-02-07T08:53:55.099+0000] {processor.py:161} INFO - Started process (PID=1596) to work on /home/airflow/.local/lib/python3.8/site-packages/airflow/example_dags/example_setup_teardown.py
[2024-02-07T08:53:55.100+0000] {processor.py:830} INFO - Processing file /home/airflow/.local/lib/python3.8/site-packages/airflow/example_dags/example_setup_teardown.py for tasks to queue
[2024-02-07T08:53:55.103+0000] {logging_mixin.py:188} INFO - [2024-02-07T08:53:55.102+0000] {dagbag.py:538} INFO - Filling up the DagBag from /home/airflow/.local/lib/python3.8/site-packages/airflow/example_dags/example_setup_teardown.py
[2024-02-07T08:53:55.111+0000] {processor.py:840} INFO - DAG(s) 'example_setup_teardown' retrieved from /home/airflow/.local/lib/python3.8/site-packages/airflow/example_dags/example_setup_teardown.py
[2024-02-07T08:53:55.136+0000] {logging_mixin.py:188} INFO - [2024-02-07T08:53:55.136+0000] {dag.py:3033} INFO - Sync 1 DAGs
[2024-02-07T08:53:55.157+0000] {logging_mixin.py:188} INFO - [2024-02-07T08:53:55.157+0000] {dag.py:3820} INFO - Setting next_dagrun for example_setup_teardown to 2024-02-06T00:00:00+00:00, run_after=2024-02-07T00:00:00+00:00
[2024-02-07T08:53:55.185+0000] {processor.py:183} INFO - Processing /home/airflow/.local/lib/python3.8/site-packages/airflow/example_dags/example_setup_teardown.py took 0.089 seconds
[2024-02-07T08:54:25.639+0000] {processor.py:161} INFO - Started process (PID=1653) to work on /home/airflow/.local/lib/python3.8/site-packages/airflow/example_dags/example_setup_teardown.py
[2024-02-07T08:54:25.640+0000] {processor.py:830} INFO - Processing file /home/airflow/.local/lib/python3.8/site-packages/airflow/example_dags/example_setup_teardown.py for tasks to queue
[2024-02-07T08:54:25.643+0000] {logging_mixin.py:188} INFO - [2024-02-07T08:54:25.643+0000] {dagbag.py:538} INFO - Filling up the DagBag from /home/airflow/.local/lib/python3.8/site-packages/airflow/example_dags/example_setup_teardown.py
[2024-02-07T08:54:25.651+0000] {processor.py:840} INFO - DAG(s) 'example_setup_teardown' retrieved from /home/airflow/.local/lib/python3.8/site-packages/airflow/example_dags/example_setup_teardown.py
[2024-02-07T08:54:25.676+0000] {logging_mixin.py:188} INFO - [2024-02-07T08:54:25.676+0000] {dag.py:3033} INFO - Sync 1 DAGs
[2024-02-07T08:54:25.701+0000] {logging_mixin.py:188} INFO - [2024-02-07T08:54:25.701+0000] {dag.py:3820} INFO - Setting next_dagrun for example_setup_teardown to 2024-02-06T00:00:00+00:00, run_after=2024-02-07T00:00:00+00:00
[2024-02-07T08:54:25.732+0000] {processor.py:183} INFO - Processing /home/airflow/.local/lib/python3.8/site-packages/airflow/example_dags/example_setup_teardown.py took 0.098 seconds
[2024-02-07T08:54:55.812+0000] {processor.py:161} INFO - Started process (PID=1710) to work on /home/airflow/.local/lib/python3.8/site-packages/airflow/example_dags/example_setup_teardown.py
[2024-02-07T08:54:55.815+0000] {processor.py:830} INFO - Processing file /home/airflow/.local/lib/python3.8/site-packages/airflow/example_dags/example_setup_teardown.py for tasks to queue
[2024-02-07T08:54:55.820+0000] {logging_mixin.py:188} INFO - [2024-02-07T08:54:55.819+0000] {dagbag.py:538} INFO - Filling up the DagBag from /home/airflow/.local/lib/python3.8/site-packages/airflow/example_dags/example_setup_teardown.py
[2024-02-07T08:54:55.839+0000] {processor.py:840} INFO - DAG(s) 'example_setup_teardown' retrieved from /home/airflow/.local/lib/python3.8/site-packages/airflow/example_dags/example_setup_teardown.py
[2024-02-07T08:54:55.892+0000] {logging_mixin.py:188} INFO - [2024-02-07T08:54:55.892+0000] {dag.py:3033} INFO - Sync 1 DAGs
[2024-02-07T08:54:55.992+0000] {logging_mixin.py:188} INFO - [2024-02-07T08:54:55.991+0000] {dag.py:3820} INFO - Setting next_dagrun for example_setup_teardown to 2024-02-06T00:00:00+00:00, run_after=2024-02-07T00:00:00+00:00
[2024-02-07T08:54:56.058+0000] {processor.py:183} INFO - Processing /home/airflow/.local/lib/python3.8/site-packages/airflow/example_dags/example_setup_teardown.py took 0.252 seconds
[2024-02-07T08:55:27.297+0000] {processor.py:161} INFO - Started process (PID=1767) to work on /home/airflow/.local/lib/python3.8/site-packages/airflow/example_dags/example_setup_teardown.py
[2024-02-07T08:55:27.300+0000] {processor.py:830} INFO - Processing file /home/airflow/.local/lib/python3.8/site-packages/airflow/example_dags/example_setup_teardown.py for tasks to queue
[2024-02-07T08:55:27.313+0000] {logging_mixin.py:188} INFO - [2024-02-07T08:55:27.312+0000] {dagbag.py:538} INFO - Filling up the DagBag from /home/airflow/.local/lib/python3.8/site-packages/airflow/example_dags/example_setup_teardown.py
[2024-02-07T08:55:27.346+0000] {processor.py:840} INFO - DAG(s) 'example_setup_teardown' retrieved from /home/airflow/.local/lib/python3.8/site-packages/airflow/example_dags/example_setup_teardown.py
[2024-02-07T08:55:27.428+0000] {logging_mixin.py:188} INFO - [2024-02-07T08:55:27.427+0000] {dag.py:3033} INFO - Sync 1 DAGs
[2024-02-07T08:55:27.546+0000] {logging_mixin.py:188} INFO - [2024-02-07T08:55:27.545+0000] {dag.py:3820} INFO - Setting next_dagrun for example_setup_teardown to 2024-02-06T00:00:00+00:00, run_after=2024-02-07T00:00:00+00:00
[2024-02-07T08:55:27.623+0000] {processor.py:183} INFO - Processing /home/airflow/.local/lib/python3.8/site-packages/airflow/example_dags/example_setup_teardown.py took 0.344 seconds
[2024-02-07T08:56:02.502+0000] {processor.py:161} INFO - Started process (PID=1831) to work on /home/airflow/.local/lib/python3.8/site-packages/airflow/example_dags/example_setup_teardown.py
[2024-02-07T08:56:02.505+0000] {processor.py:830} INFO - Processing file /home/airflow/.local/lib/python3.8/site-packages/airflow/example_dags/example_setup_teardown.py for tasks to queue
[2024-02-07T08:56:02.523+0000] {logging_mixin.py:188} INFO - [2024-02-07T08:56:02.522+0000] {dagbag.py:538} INFO - Filling up the DagBag from /home/airflow/.local/lib/python3.8/site-packages/airflow/example_dags/example_setup_teardown.py
[2024-02-07T08:56:02.580+0000] {processor.py:840} INFO - DAG(s) 'example_setup_teardown' retrieved from /home/airflow/.local/lib/python3.8/site-packages/airflow/example_dags/example_setup_teardown.py
[2024-02-07T08:56:02.701+0000] {logging_mixin.py:188} INFO - [2024-02-07T08:56:02.700+0000] {dag.py:3033} INFO - Sync 1 DAGs
[2024-02-07T08:56:02.895+0000] {logging_mixin.py:188} INFO - [2024-02-07T08:56:02.885+0000] {dag.py:3820} INFO - Setting next_dagrun for example_setup_teardown to 2024-02-06T00:00:00+00:00, run_after=2024-02-07T00:00:00+00:00
[2024-02-07T08:56:03.043+0000] {processor.py:183} INFO - Processing /home/airflow/.local/lib/python3.8/site-packages/airflow/example_dags/example_setup_teardown.py took 0.581 seconds
[2024-02-07T08:56:33.570+0000] {processor.py:161} INFO - Started process (PID=1888) to work on /home/airflow/.local/lib/python3.8/site-packages/airflow/example_dags/example_setup_teardown.py
[2024-02-07T08:56:33.576+0000] {processor.py:830} INFO - Processing file /home/airflow/.local/lib/python3.8/site-packages/airflow/example_dags/example_setup_teardown.py for tasks to queue
[2024-02-07T08:56:33.584+0000] {logging_mixin.py:188} INFO - [2024-02-07T08:56:33.583+0000] {dagbag.py:538} INFO - Filling up the DagBag from /home/airflow/.local/lib/python3.8/site-packages/airflow/example_dags/example_setup_teardown.py
[2024-02-07T08:56:33.615+0000] {processor.py:840} INFO - DAG(s) 'example_setup_teardown' retrieved from /home/airflow/.local/lib/python3.8/site-packages/airflow/example_dags/example_setup_teardown.py
[2024-02-07T08:56:33.696+0000] {logging_mixin.py:188} INFO - [2024-02-07T08:56:33.695+0000] {dag.py:3033} INFO - Sync 1 DAGs
[2024-02-07T08:56:34.190+0000] {logging_mixin.py:188} INFO - [2024-02-07T08:56:34.188+0000] {dag.py:3820} INFO - Setting next_dagrun for example_setup_teardown to 2024-02-06T00:00:00+00:00, run_after=2024-02-07T00:00:00+00:00
[2024-02-07T08:56:34.257+0000] {processor.py:183} INFO - Processing /home/airflow/.local/lib/python3.8/site-packages/airflow/example_dags/example_setup_teardown.py took 0.696 seconds
[2024-02-07T08:57:04.438+0000] {processor.py:161} INFO - Started process (PID=1945) to work on /home/airflow/.local/lib/python3.8/site-packages/airflow/example_dags/example_setup_teardown.py
[2024-02-07T08:57:04.441+0000] {processor.py:830} INFO - Processing file /home/airflow/.local/lib/python3.8/site-packages/airflow/example_dags/example_setup_teardown.py for tasks to queue
[2024-02-07T08:57:04.446+0000] {logging_mixin.py:188} INFO - [2024-02-07T08:57:04.445+0000] {dagbag.py:538} INFO - Filling up the DagBag from /home/airflow/.local/lib/python3.8/site-packages/airflow/example_dags/example_setup_teardown.py
[2024-02-07T08:57:04.461+0000] {processor.py:840} INFO - DAG(s) 'example_setup_teardown' retrieved from /home/airflow/.local/lib/python3.8/site-packages/airflow/example_dags/example_setup_teardown.py
[2024-02-07T08:57:04.507+0000] {logging_mixin.py:188} INFO - [2024-02-07T08:57:04.507+0000] {dag.py:3033} INFO - Sync 1 DAGs
[2024-02-07T08:57:04.816+0000] {logging_mixin.py:188} INFO - [2024-02-07T08:57:04.816+0000] {dag.py:3820} INFO - Setting next_dagrun for example_setup_teardown to 2024-02-06T00:00:00+00:00, run_after=2024-02-07T00:00:00+00:00
[2024-02-07T08:57:04.867+0000] {processor.py:183} INFO - Processing /home/airflow/.local/lib/python3.8/site-packages/airflow/example_dags/example_setup_teardown.py took 0.437 seconds
[2024-02-07T08:57:35.200+0000] {processor.py:161} INFO - Started process (PID=2003) to work on /home/airflow/.local/lib/python3.8/site-packages/airflow/example_dags/example_setup_teardown.py
[2024-02-07T08:57:35.203+0000] {processor.py:830} INFO - Processing file /home/airflow/.local/lib/python3.8/site-packages/airflow/example_dags/example_setup_teardown.py for tasks to queue
[2024-02-07T08:57:35.210+0000] {logging_mixin.py:188} INFO - [2024-02-07T08:57:35.209+0000] {dagbag.py:538} INFO - Filling up the DagBag from /home/airflow/.local/lib/python3.8/site-packages/airflow/example_dags/example_setup_teardown.py
[2024-02-07T08:57:35.228+0000] {processor.py:840} INFO - DAG(s) 'example_setup_teardown' retrieved from /home/airflow/.local/lib/python3.8/site-packages/airflow/example_dags/example_setup_teardown.py
[2024-02-07T08:57:35.271+0000] {logging_mixin.py:188} INFO - [2024-02-07T08:57:35.270+0000] {dag.py:3033} INFO - Sync 1 DAGs
[2024-02-07T08:57:35.526+0000] {logging_mixin.py:188} INFO - [2024-02-07T08:57:35.526+0000] {dag.py:3820} INFO - Setting next_dagrun for example_setup_teardown to 2024-02-06T00:00:00+00:00, run_after=2024-02-07T00:00:00+00:00
[2024-02-07T08:57:35.576+0000] {processor.py:183} INFO - Processing /home/airflow/.local/lib/python3.8/site-packages/airflow/example_dags/example_setup_teardown.py took 0.386 seconds
[2024-02-07T08:58:06.831+0000] {processor.py:161} INFO - Started process (PID=2061) to work on /home/airflow/.local/lib/python3.8/site-packages/airflow/example_dags/example_setup_teardown.py
[2024-02-07T08:58:06.834+0000] {processor.py:830} INFO - Processing file /home/airflow/.local/lib/python3.8/site-packages/airflow/example_dags/example_setup_teardown.py for tasks to queue
[2024-02-07T08:58:06.841+0000] {logging_mixin.py:188} INFO - [2024-02-07T08:58:06.840+0000] {dagbag.py:538} INFO - Filling up the DagBag from /home/airflow/.local/lib/python3.8/site-packages/airflow/example_dags/example_setup_teardown.py
[2024-02-07T08:58:06.857+0000] {processor.py:840} INFO - DAG(s) 'example_setup_teardown' retrieved from /home/airflow/.local/lib/python3.8/site-packages/airflow/example_dags/example_setup_teardown.py
[2024-02-07T08:58:06.900+0000] {logging_mixin.py:188} INFO - [2024-02-07T08:58:06.900+0000] {dag.py:3033} INFO - Sync 1 DAGs
[2024-02-07T08:58:07.170+0000] {logging_mixin.py:188} INFO - [2024-02-07T08:58:07.170+0000] {dag.py:3820} INFO - Setting next_dagrun for example_setup_teardown to 2024-02-06T00:00:00+00:00, run_after=2024-02-07T00:00:00+00:00
[2024-02-07T08:58:07.215+0000] {processor.py:183} INFO - Processing /home/airflow/.local/lib/python3.8/site-packages/airflow/example_dags/example_setup_teardown.py took 0.397 seconds
[2024-02-07T08:58:37.602+0000] {processor.py:161} INFO - Started process (PID=2118) to work on /home/airflow/.local/lib/python3.8/site-packages/airflow/example_dags/example_setup_teardown.py
[2024-02-07T08:58:37.604+0000] {processor.py:830} INFO - Processing file /home/airflow/.local/lib/python3.8/site-packages/airflow/example_dags/example_setup_teardown.py for tasks to queue
[2024-02-07T08:58:37.608+0000] {logging_mixin.py:188} INFO - [2024-02-07T08:58:37.607+0000] {dagbag.py:538} INFO - Filling up the DagBag from /home/airflow/.local/lib/python3.8/site-packages/airflow/example_dags/example_setup_teardown.py
[2024-02-07T08:58:37.618+0000] {processor.py:840} INFO - DAG(s) 'example_setup_teardown' retrieved from /home/airflow/.local/lib/python3.8/site-packages/airflow/example_dags/example_setup_teardown.py
[2024-02-07T08:58:37.651+0000] {logging_mixin.py:188} INFO - [2024-02-07T08:58:37.651+0000] {dag.py:3033} INFO - Sync 1 DAGs
[2024-02-07T08:58:37.904+0000] {logging_mixin.py:188} INFO - [2024-02-07T08:58:37.903+0000] {dag.py:3820} INFO - Setting next_dagrun for example_setup_teardown to 2024-02-06T00:00:00+00:00, run_after=2024-02-07T00:00:00+00:00
[2024-02-07T08:58:37.957+0000] {processor.py:183} INFO - Processing /home/airflow/.local/lib/python3.8/site-packages/airflow/example_dags/example_setup_teardown.py took 0.363 seconds
[2024-02-07T08:59:08.934+0000] {processor.py:161} INFO - Started process (PID=2175) to work on /home/airflow/.local/lib/python3.8/site-packages/airflow/example_dags/example_setup_teardown.py
[2024-02-07T08:59:08.939+0000] {processor.py:830} INFO - Processing file /home/airflow/.local/lib/python3.8/site-packages/airflow/example_dags/example_setup_teardown.py for tasks to queue
[2024-02-07T08:59:08.946+0000] {logging_mixin.py:188} INFO - [2024-02-07T08:59:08.945+0000] {dagbag.py:538} INFO - Filling up the DagBag from /home/airflow/.local/lib/python3.8/site-packages/airflow/example_dags/example_setup_teardown.py
[2024-02-07T08:59:08.965+0000] {processor.py:840} INFO - DAG(s) 'example_setup_teardown' retrieved from /home/airflow/.local/lib/python3.8/site-packages/airflow/example_dags/example_setup_teardown.py
[2024-02-07T08:59:09.024+0000] {logging_mixin.py:188} INFO - [2024-02-07T08:59:09.024+0000] {dag.py:3033} INFO - Sync 1 DAGs
[2024-02-07T08:59:09.085+0000] {logging_mixin.py:188} INFO - [2024-02-07T08:59:09.084+0000] {dag.py:3820} INFO - Setting next_dagrun for example_setup_teardown to 2024-02-06T00:00:00+00:00, run_after=2024-02-07T00:00:00+00:00
[2024-02-07T08:59:09.148+0000] {processor.py:183} INFO - Processing /home/airflow/.local/lib/python3.8/site-packages/airflow/example_dags/example_setup_teardown.py took 0.224 seconds
[2024-02-07T08:59:39.729+0000] {processor.py:161} INFO - Started process (PID=2232) to work on /home/airflow/.local/lib/python3.8/site-packages/airflow/example_dags/example_setup_teardown.py
[2024-02-07T08:59:39.730+0000] {processor.py:830} INFO - Processing file /home/airflow/.local/lib/python3.8/site-packages/airflow/example_dags/example_setup_teardown.py for tasks to queue
[2024-02-07T08:59:39.733+0000] {logging_mixin.py:188} INFO - [2024-02-07T08:59:39.732+0000] {dagbag.py:538} INFO - Filling up the DagBag from /home/airflow/.local/lib/python3.8/site-packages/airflow/example_dags/example_setup_teardown.py
[2024-02-07T08:59:39.740+0000] {processor.py:840} INFO - DAG(s) 'example_setup_teardown' retrieved from /home/airflow/.local/lib/python3.8/site-packages/airflow/example_dags/example_setup_teardown.py
[2024-02-07T08:59:39.764+0000] {logging_mixin.py:188} INFO - [2024-02-07T08:59:39.764+0000] {dag.py:3033} INFO - Sync 1 DAGs
[2024-02-07T08:59:39.786+0000] {logging_mixin.py:188} INFO - [2024-02-07T08:59:39.785+0000] {dag.py:3820} INFO - Setting next_dagrun for example_setup_teardown to 2024-02-06T00:00:00+00:00, run_after=2024-02-07T00:00:00+00:00
[2024-02-07T08:59:39.815+0000] {processor.py:183} INFO - Processing /home/airflow/.local/lib/python3.8/site-packages/airflow/example_dags/example_setup_teardown.py took 0.090 seconds
[2024-02-07T09:00:10.033+0000] {processor.py:161} INFO - Started process (PID=2289) to work on /home/airflow/.local/lib/python3.8/site-packages/airflow/example_dags/example_setup_teardown.py
[2024-02-07T09:00:10.034+0000] {processor.py:830} INFO - Processing file /home/airflow/.local/lib/python3.8/site-packages/airflow/example_dags/example_setup_teardown.py for tasks to queue
[2024-02-07T09:00:10.037+0000] {logging_mixin.py:188} INFO - [2024-02-07T09:00:10.037+0000] {dagbag.py:538} INFO - Filling up the DagBag from /home/airflow/.local/lib/python3.8/site-packages/airflow/example_dags/example_setup_teardown.py
[2024-02-07T09:00:10.045+0000] {processor.py:840} INFO - DAG(s) 'example_setup_teardown' retrieved from /home/airflow/.local/lib/python3.8/site-packages/airflow/example_dags/example_setup_teardown.py
[2024-02-07T09:00:10.071+0000] {logging_mixin.py:188} INFO - [2024-02-07T09:00:10.070+0000] {dag.py:3033} INFO - Sync 1 DAGs
[2024-02-07T09:00:10.102+0000] {logging_mixin.py:188} INFO - [2024-02-07T09:00:10.101+0000] {dag.py:3820} INFO - Setting next_dagrun for example_setup_teardown to 2024-02-06T00:00:00+00:00, run_after=2024-02-07T00:00:00+00:00
[2024-02-07T09:00:10.126+0000] {processor.py:183} INFO - Processing /home/airflow/.local/lib/python3.8/site-packages/airflow/example_dags/example_setup_teardown.py took 0.097 seconds
[2024-02-07T09:00:40.338+0000] {processor.py:161} INFO - Started process (PID=2346) to work on /home/airflow/.local/lib/python3.8/site-packages/airflow/example_dags/example_setup_teardown.py
[2024-02-07T09:00:40.340+0000] {processor.py:830} INFO - Processing file /home/airflow/.local/lib/python3.8/site-packages/airflow/example_dags/example_setup_teardown.py for tasks to queue
[2024-02-07T09:00:40.342+0000] {logging_mixin.py:188} INFO - [2024-02-07T09:00:40.342+0000] {dagbag.py:538} INFO - Filling up the DagBag from /home/airflow/.local/lib/python3.8/site-packages/airflow/example_dags/example_setup_teardown.py
[2024-02-07T09:00:40.349+0000] {processor.py:840} INFO - DAG(s) 'example_setup_teardown' retrieved from /home/airflow/.local/lib/python3.8/site-packages/airflow/example_dags/example_setup_teardown.py
[2024-02-07T09:00:40.375+0000] {logging_mixin.py:188} INFO - [2024-02-07T09:00:40.374+0000] {dag.py:3033} INFO - Sync 1 DAGs
[2024-02-07T09:00:40.408+0000] {logging_mixin.py:188} INFO - [2024-02-07T09:00:40.407+0000] {dag.py:3820} INFO - Setting next_dagrun for example_setup_teardown to 2024-02-06T00:00:00+00:00, run_after=2024-02-07T00:00:00+00:00
[2024-02-07T09:00:40.434+0000] {processor.py:183} INFO - Processing /home/airflow/.local/lib/python3.8/site-packages/airflow/example_dags/example_setup_teardown.py took 0.099 seconds
[2024-02-07T09:01:10.847+0000] {processor.py:161} INFO - Started process (PID=2403) to work on /home/airflow/.local/lib/python3.8/site-packages/airflow/example_dags/example_setup_teardown.py
[2024-02-07T09:01:10.849+0000] {processor.py:830} INFO - Processing file /home/airflow/.local/lib/python3.8/site-packages/airflow/example_dags/example_setup_teardown.py for tasks to queue
[2024-02-07T09:01:10.851+0000] {logging_mixin.py:188} INFO - [2024-02-07T09:01:10.851+0000] {dagbag.py:538} INFO - Filling up the DagBag from /home/airflow/.local/lib/python3.8/site-packages/airflow/example_dags/example_setup_teardown.py
[2024-02-07T09:01:10.858+0000] {processor.py:840} INFO - DAG(s) 'example_setup_teardown' retrieved from /home/airflow/.local/lib/python3.8/site-packages/airflow/example_dags/example_setup_teardown.py
[2024-02-07T09:01:10.881+0000] {logging_mixin.py:188} INFO - [2024-02-07T09:01:10.881+0000] {dag.py:3033} INFO - Sync 1 DAGs
[2024-02-07T09:01:10.903+0000] {logging_mixin.py:188} INFO - [2024-02-07T09:01:10.903+0000] {dag.py:3820} INFO - Setting next_dagrun for example_setup_teardown to 2024-02-06T00:00:00+00:00, run_after=2024-02-07T00:00:00+00:00
[2024-02-07T09:01:10.931+0000] {processor.py:183} INFO - Processing /home/airflow/.local/lib/python3.8/site-packages/airflow/example_dags/example_setup_teardown.py took 0.087 seconds
[2024-02-07T09:01:41.469+0000] {processor.py:161} INFO - Started process (PID=2460) to work on /home/airflow/.local/lib/python3.8/site-packages/airflow/example_dags/example_setup_teardown.py
[2024-02-07T09:01:41.470+0000] {processor.py:830} INFO - Processing file /home/airflow/.local/lib/python3.8/site-packages/airflow/example_dags/example_setup_teardown.py for tasks to queue
[2024-02-07T09:01:41.473+0000] {logging_mixin.py:188} INFO - [2024-02-07T09:01:41.473+0000] {dagbag.py:538} INFO - Filling up the DagBag from /home/airflow/.local/lib/python3.8/site-packages/airflow/example_dags/example_setup_teardown.py
[2024-02-07T09:01:41.483+0000] {processor.py:840} INFO - DAG(s) 'example_setup_teardown' retrieved from /home/airflow/.local/lib/python3.8/site-packages/airflow/example_dags/example_setup_teardown.py
[2024-02-07T09:01:41.506+0000] {logging_mixin.py:188} INFO - [2024-02-07T09:01:41.506+0000] {dag.py:3033} INFO - Sync 1 DAGs
[2024-02-07T09:01:41.529+0000] {logging_mixin.py:188} INFO - [2024-02-07T09:01:41.529+0000] {dag.py:3820} INFO - Setting next_dagrun for example_setup_teardown to 2024-02-06T00:00:00+00:00, run_after=2024-02-07T00:00:00+00:00
[2024-02-07T09:01:41.553+0000] {processor.py:183} INFO - Processing /home/airflow/.local/lib/python3.8/site-packages/airflow/example_dags/example_setup_teardown.py took 0.087 seconds
[2024-02-07T09:02:11.808+0000] {processor.py:161} INFO - Started process (PID=2518) to work on /home/airflow/.local/lib/python3.8/site-packages/airflow/example_dags/example_setup_teardown.py
[2024-02-07T09:02:11.809+0000] {processor.py:830} INFO - Processing file /home/airflow/.local/lib/python3.8/site-packages/airflow/example_dags/example_setup_teardown.py for tasks to queue
[2024-02-07T09:02:11.812+0000] {logging_mixin.py:188} INFO - [2024-02-07T09:02:11.811+0000] {dagbag.py:538} INFO - Filling up the DagBag from /home/airflow/.local/lib/python3.8/site-packages/airflow/example_dags/example_setup_teardown.py
[2024-02-07T09:02:11.819+0000] {processor.py:840} INFO - DAG(s) 'example_setup_teardown' retrieved from /home/airflow/.local/lib/python3.8/site-packages/airflow/example_dags/example_setup_teardown.py
[2024-02-07T09:02:11.841+0000] {logging_mixin.py:188} INFO - [2024-02-07T09:02:11.841+0000] {dag.py:3033} INFO - Sync 1 DAGs
[2024-02-07T09:02:11.870+0000] {logging_mixin.py:188} INFO - [2024-02-07T09:02:11.870+0000] {dag.py:3820} INFO - Setting next_dagrun for example_setup_teardown to 2024-02-06T00:00:00+00:00, run_after=2024-02-07T00:00:00+00:00
[2024-02-07T09:02:11.893+0000] {processor.py:183} INFO - Processing /home/airflow/.local/lib/python3.8/site-packages/airflow/example_dags/example_setup_teardown.py took 0.087 seconds
[2024-02-07T09:02:42.485+0000] {processor.py:161} INFO - Started process (PID=2575) to work on /home/airflow/.local/lib/python3.8/site-packages/airflow/example_dags/example_setup_teardown.py
[2024-02-07T09:02:42.487+0000] {processor.py:830} INFO - Processing file /home/airflow/.local/lib/python3.8/site-packages/airflow/example_dags/example_setup_teardown.py for tasks to queue
[2024-02-07T09:02:42.489+0000] {logging_mixin.py:188} INFO - [2024-02-07T09:02:42.489+0000] {dagbag.py:538} INFO - Filling up the DagBag from /home/airflow/.local/lib/python3.8/site-packages/airflow/example_dags/example_setup_teardown.py
[2024-02-07T09:02:42.496+0000] {processor.py:840} INFO - DAG(s) 'example_setup_teardown' retrieved from /home/airflow/.local/lib/python3.8/site-packages/airflow/example_dags/example_setup_teardown.py
[2024-02-07T09:02:42.519+0000] {logging_mixin.py:188} INFO - [2024-02-07T09:02:42.519+0000] {dag.py:3033} INFO - Sync 1 DAGs
[2024-02-07T09:02:42.539+0000] {logging_mixin.py:188} INFO - [2024-02-07T09:02:42.539+0000] {dag.py:3820} INFO - Setting next_dagrun for example_setup_teardown to 2024-02-06T00:00:00+00:00, run_after=2024-02-07T00:00:00+00:00
[2024-02-07T09:02:42.562+0000] {processor.py:183} INFO - Processing /home/airflow/.local/lib/python3.8/site-packages/airflow/example_dags/example_setup_teardown.py took 0.080 seconds
[2024-02-07T09:03:12.685+0000] {processor.py:161} INFO - Started process (PID=2632) to work on /home/airflow/.local/lib/python3.8/site-packages/airflow/example_dags/example_setup_teardown.py
[2024-02-07T09:03:12.686+0000] {processor.py:830} INFO - Processing file /home/airflow/.local/lib/python3.8/site-packages/airflow/example_dags/example_setup_teardown.py for tasks to queue
[2024-02-07T09:03:12.689+0000] {logging_mixin.py:188} INFO - [2024-02-07T09:03:12.688+0000] {dagbag.py:538} INFO - Filling up the DagBag from /home/airflow/.local/lib/python3.8/site-packages/airflow/example_dags/example_setup_teardown.py
[2024-02-07T09:03:12.695+0000] {processor.py:840} INFO - DAG(s) 'example_setup_teardown' retrieved from /home/airflow/.local/lib/python3.8/site-packages/airflow/example_dags/example_setup_teardown.py
[2024-02-07T09:03:12.719+0000] {logging_mixin.py:188} INFO - [2024-02-07T09:03:12.719+0000] {dag.py:3033} INFO - Sync 1 DAGs
[2024-02-07T09:03:12.740+0000] {logging_mixin.py:188} INFO - [2024-02-07T09:03:12.740+0000] {dag.py:3820} INFO - Setting next_dagrun for example_setup_teardown to 2024-02-06T00:00:00+00:00, run_after=2024-02-07T00:00:00+00:00
[2024-02-07T09:03:12.764+0000] {processor.py:183} INFO - Processing /home/airflow/.local/lib/python3.8/site-packages/airflow/example_dags/example_setup_teardown.py took 0.082 seconds
[2024-02-07T09:03:43.470+0000] {processor.py:161} INFO - Started process (PID=2689) to work on /home/airflow/.local/lib/python3.8/site-packages/airflow/example_dags/example_setup_teardown.py
[2024-02-07T09:03:43.471+0000] {processor.py:830} INFO - Processing file /home/airflow/.local/lib/python3.8/site-packages/airflow/example_dags/example_setup_teardown.py for tasks to queue
[2024-02-07T09:03:43.474+0000] {logging_mixin.py:188} INFO - [2024-02-07T09:03:43.474+0000] {dagbag.py:538} INFO - Filling up the DagBag from /home/airflow/.local/lib/python3.8/site-packages/airflow/example_dags/example_setup_teardown.py
[2024-02-07T09:03:43.482+0000] {processor.py:840} INFO - DAG(s) 'example_setup_teardown' retrieved from /home/airflow/.local/lib/python3.8/site-packages/airflow/example_dags/example_setup_teardown.py
[2024-02-07T09:03:43.507+0000] {logging_mixin.py:188} INFO - [2024-02-07T09:03:43.507+0000] {dag.py:3033} INFO - Sync 1 DAGs
[2024-02-07T09:03:43.529+0000] {logging_mixin.py:188} INFO - [2024-02-07T09:03:43.529+0000] {dag.py:3820} INFO - Setting next_dagrun for example_setup_teardown to 2024-02-06T00:00:00+00:00, run_after=2024-02-07T00:00:00+00:00
[2024-02-07T09:03:43.555+0000] {processor.py:183} INFO - Processing /home/airflow/.local/lib/python3.8/site-packages/airflow/example_dags/example_setup_teardown.py took 0.090 seconds
[2024-02-07T09:04:13.943+0000] {processor.py:161} INFO - Started process (PID=2746) to work on /home/airflow/.local/lib/python3.8/site-packages/airflow/example_dags/example_setup_teardown.py
[2024-02-07T09:04:13.944+0000] {processor.py:830} INFO - Processing file /home/airflow/.local/lib/python3.8/site-packages/airflow/example_dags/example_setup_teardown.py for tasks to queue
[2024-02-07T09:04:13.947+0000] {logging_mixin.py:188} INFO - [2024-02-07T09:04:13.947+0000] {dagbag.py:538} INFO - Filling up the DagBag from /home/airflow/.local/lib/python3.8/site-packages/airflow/example_dags/example_setup_teardown.py
[2024-02-07T09:04:13.955+0000] {processor.py:840} INFO - DAG(s) 'example_setup_teardown' retrieved from /home/airflow/.local/lib/python3.8/site-packages/airflow/example_dags/example_setup_teardown.py
[2024-02-07T09:04:13.981+0000] {logging_mixin.py:188} INFO - [2024-02-07T09:04:13.981+0000] {dag.py:3033} INFO - Sync 1 DAGs
[2024-02-07T09:04:14.012+0000] {logging_mixin.py:188} INFO - [2024-02-07T09:04:14.011+0000] {dag.py:3820} INFO - Setting next_dagrun for example_setup_teardown to 2024-02-06T00:00:00+00:00, run_after=2024-02-07T00:00:00+00:00
[2024-02-07T09:04:14.044+0000] {processor.py:183} INFO - Processing /home/airflow/.local/lib/python3.8/site-packages/airflow/example_dags/example_setup_teardown.py took 0.105 seconds
[2024-02-07T09:04:44.320+0000] {processor.py:161} INFO - Started process (PID=2803) to work on /home/airflow/.local/lib/python3.8/site-packages/airflow/example_dags/example_setup_teardown.py
[2024-02-07T09:04:44.321+0000] {processor.py:830} INFO - Processing file /home/airflow/.local/lib/python3.8/site-packages/airflow/example_dags/example_setup_teardown.py for tasks to queue
[2024-02-07T09:04:44.323+0000] {logging_mixin.py:188} INFO - [2024-02-07T09:04:44.323+0000] {dagbag.py:538} INFO - Filling up the DagBag from /home/airflow/.local/lib/python3.8/site-packages/airflow/example_dags/example_setup_teardown.py
[2024-02-07T09:04:44.329+0000] {processor.py:840} INFO - DAG(s) 'example_setup_teardown' retrieved from /home/airflow/.local/lib/python3.8/site-packages/airflow/example_dags/example_setup_teardown.py
[2024-02-07T09:04:44.351+0000] {logging_mixin.py:188} INFO - [2024-02-07T09:04:44.351+0000] {dag.py:3033} INFO - Sync 1 DAGs
[2024-02-07T09:04:44.372+0000] {logging_mixin.py:188} INFO - [2024-02-07T09:04:44.372+0000] {dag.py:3820} INFO - Setting next_dagrun for example_setup_teardown to 2024-02-06T00:00:00+00:00, run_after=2024-02-07T00:00:00+00:00
[2024-02-07T09:04:44.400+0000] {processor.py:183} INFO - Processing /home/airflow/.local/lib/python3.8/site-packages/airflow/example_dags/example_setup_teardown.py took 0.084 seconds
[2024-02-07T09:05:14.605+0000] {processor.py:161} INFO - Started process (PID=2860) to work on /home/airflow/.local/lib/python3.8/site-packages/airflow/example_dags/example_setup_teardown.py
[2024-02-07T09:05:14.607+0000] {processor.py:830} INFO - Processing file /home/airflow/.local/lib/python3.8/site-packages/airflow/example_dags/example_setup_teardown.py for tasks to queue
[2024-02-07T09:05:14.609+0000] {logging_mixin.py:188} INFO - [2024-02-07T09:05:14.609+0000] {dagbag.py:538} INFO - Filling up the DagBag from /home/airflow/.local/lib/python3.8/site-packages/airflow/example_dags/example_setup_teardown.py
[2024-02-07T09:05:14.615+0000] {processor.py:840} INFO - DAG(s) 'example_setup_teardown' retrieved from /home/airflow/.local/lib/python3.8/site-packages/airflow/example_dags/example_setup_teardown.py
[2024-02-07T09:05:14.640+0000] {logging_mixin.py:188} INFO - [2024-02-07T09:05:14.640+0000] {dag.py:3033} INFO - Sync 1 DAGs
[2024-02-07T09:05:14.664+0000] {logging_mixin.py:188} INFO - [2024-02-07T09:05:14.664+0000] {dag.py:3820} INFO - Setting next_dagrun for example_setup_teardown to 2024-02-06T00:00:00+00:00, run_after=2024-02-07T00:00:00+00:00
[2024-02-07T09:05:14.686+0000] {processor.py:183} INFO - Processing /home/airflow/.local/lib/python3.8/site-packages/airflow/example_dags/example_setup_teardown.py took 0.086 seconds
[2024-02-07T09:05:45.111+0000] {processor.py:161} INFO - Started process (PID=2917) to work on /home/airflow/.local/lib/python3.8/site-packages/airflow/example_dags/example_setup_teardown.py
[2024-02-07T09:05:45.112+0000] {processor.py:830} INFO - Processing file /home/airflow/.local/lib/python3.8/site-packages/airflow/example_dags/example_setup_teardown.py for tasks to queue
[2024-02-07T09:05:45.115+0000] {logging_mixin.py:188} INFO - [2024-02-07T09:05:45.115+0000] {dagbag.py:538} INFO - Filling up the DagBag from /home/airflow/.local/lib/python3.8/site-packages/airflow/example_dags/example_setup_teardown.py
[2024-02-07T09:05:45.122+0000] {processor.py:840} INFO - DAG(s) 'example_setup_teardown' retrieved from /home/airflow/.local/lib/python3.8/site-packages/airflow/example_dags/example_setup_teardown.py
[2024-02-07T09:05:45.146+0000] {logging_mixin.py:188} INFO - [2024-02-07T09:05:45.145+0000] {dag.py:3033} INFO - Sync 1 DAGs
[2024-02-07T09:05:45.167+0000] {logging_mixin.py:188} INFO - [2024-02-07T09:05:45.167+0000] {dag.py:3820} INFO - Setting next_dagrun for example_setup_teardown to 2024-02-06T00:00:00+00:00, run_after=2024-02-07T00:00:00+00:00
[2024-02-07T09:05:45.194+0000] {processor.py:183} INFO - Processing /home/airflow/.local/lib/python3.8/site-packages/airflow/example_dags/example_setup_teardown.py took 0.086 seconds
[2024-02-07T09:06:15.319+0000] {processor.py:161} INFO - Started process (PID=2974) to work on /home/airflow/.local/lib/python3.8/site-packages/airflow/example_dags/example_setup_teardown.py
[2024-02-07T09:06:15.321+0000] {processor.py:830} INFO - Processing file /home/airflow/.local/lib/python3.8/site-packages/airflow/example_dags/example_setup_teardown.py for tasks to queue
[2024-02-07T09:06:15.324+0000] {logging_mixin.py:188} INFO - [2024-02-07T09:06:15.324+0000] {dagbag.py:538} INFO - Filling up the DagBag from /home/airflow/.local/lib/python3.8/site-packages/airflow/example_dags/example_setup_teardown.py
[2024-02-07T09:06:15.330+0000] {processor.py:840} INFO - DAG(s) 'example_setup_teardown' retrieved from /home/airflow/.local/lib/python3.8/site-packages/airflow/example_dags/example_setup_teardown.py
[2024-02-07T09:06:15.354+0000] {logging_mixin.py:188} INFO - [2024-02-07T09:06:15.353+0000] {dag.py:3033} INFO - Sync 1 DAGs
[2024-02-07T09:06:15.374+0000] {logging_mixin.py:188} INFO - [2024-02-07T09:06:15.374+0000] {dag.py:3820} INFO - Setting next_dagrun for example_setup_teardown to 2024-02-06T00:00:00+00:00, run_after=2024-02-07T00:00:00+00:00
[2024-02-07T09:06:15.406+0000] {processor.py:183} INFO - Processing /home/airflow/.local/lib/python3.8/site-packages/airflow/example_dags/example_setup_teardown.py took 0.090 seconds
[2024-02-07T09:06:45.978+0000] {processor.py:161} INFO - Started process (PID=3031) to work on /home/airflow/.local/lib/python3.8/site-packages/airflow/example_dags/example_setup_teardown.py
[2024-02-07T09:06:45.979+0000] {processor.py:830} INFO - Processing file /home/airflow/.local/lib/python3.8/site-packages/airflow/example_dags/example_setup_teardown.py for tasks to queue
[2024-02-07T09:06:45.982+0000] {logging_mixin.py:188} INFO - [2024-02-07T09:06:45.982+0000] {dagbag.py:538} INFO - Filling up the DagBag from /home/airflow/.local/lib/python3.8/site-packages/airflow/example_dags/example_setup_teardown.py
[2024-02-07T09:06:45.989+0000] {processor.py:840} INFO - DAG(s) 'example_setup_teardown' retrieved from /home/airflow/.local/lib/python3.8/site-packages/airflow/example_dags/example_setup_teardown.py
[2024-02-07T09:06:46.012+0000] {logging_mixin.py:188} INFO - [2024-02-07T09:06:46.012+0000] {dag.py:3033} INFO - Sync 1 DAGs
[2024-02-07T09:06:46.033+0000] {logging_mixin.py:188} INFO - [2024-02-07T09:06:46.033+0000] {dag.py:3820} INFO - Setting next_dagrun for example_setup_teardown to 2024-02-06T00:00:00+00:00, run_after=2024-02-07T00:00:00+00:00
[2024-02-07T09:06:46.056+0000] {processor.py:183} INFO - Processing /home/airflow/.local/lib/python3.8/site-packages/airflow/example_dags/example_setup_teardown.py took 0.081 seconds
[2024-02-07T09:07:16.328+0000] {processor.py:161} INFO - Started process (PID=3088) to work on /home/airflow/.local/lib/python3.8/site-packages/airflow/example_dags/example_setup_teardown.py
[2024-02-07T09:07:16.329+0000] {processor.py:830} INFO - Processing file /home/airflow/.local/lib/python3.8/site-packages/airflow/example_dags/example_setup_teardown.py for tasks to queue
[2024-02-07T09:07:16.331+0000] {logging_mixin.py:188} INFO - [2024-02-07T09:07:16.331+0000] {dagbag.py:538} INFO - Filling up the DagBag from /home/airflow/.local/lib/python3.8/site-packages/airflow/example_dags/example_setup_teardown.py
[2024-02-07T09:07:16.338+0000] {processor.py:840} INFO - DAG(s) 'example_setup_teardown' retrieved from /home/airflow/.local/lib/python3.8/site-packages/airflow/example_dags/example_setup_teardown.py
[2024-02-07T09:07:16.362+0000] {logging_mixin.py:188} INFO - [2024-02-07T09:07:16.362+0000] {dag.py:3033} INFO - Sync 1 DAGs
[2024-02-07T09:07:16.384+0000] {logging_mixin.py:188} INFO - [2024-02-07T09:07:16.383+0000] {dag.py:3820} INFO - Setting next_dagrun for example_setup_teardown to 2024-02-06T00:00:00+00:00, run_after=2024-02-07T00:00:00+00:00
[2024-02-07T09:07:16.411+0000] {processor.py:183} INFO - Processing /home/airflow/.local/lib/python3.8/site-packages/airflow/example_dags/example_setup_teardown.py took 0.087 seconds
[2024-02-07T09:07:46.894+0000] {processor.py:161} INFO - Started process (PID=3145) to work on /home/airflow/.local/lib/python3.8/site-packages/airflow/example_dags/example_setup_teardown.py
[2024-02-07T09:07:46.895+0000] {processor.py:830} INFO - Processing file /home/airflow/.local/lib/python3.8/site-packages/airflow/example_dags/example_setup_teardown.py for tasks to queue
[2024-02-07T09:07:46.898+0000] {logging_mixin.py:188} INFO - [2024-02-07T09:07:46.898+0000] {dagbag.py:538} INFO - Filling up the DagBag from /home/airflow/.local/lib/python3.8/site-packages/airflow/example_dags/example_setup_teardown.py
[2024-02-07T09:07:46.905+0000] {processor.py:840} INFO - DAG(s) 'example_setup_teardown' retrieved from /home/airflow/.local/lib/python3.8/site-packages/airflow/example_dags/example_setup_teardown.py
[2024-02-07T09:07:46.928+0000] {logging_mixin.py:188} INFO - [2024-02-07T09:07:46.928+0000] {dag.py:3033} INFO - Sync 1 DAGs
[2024-02-07T09:07:46.950+0000] {logging_mixin.py:188} INFO - [2024-02-07T09:07:46.950+0000] {dag.py:3820} INFO - Setting next_dagrun for example_setup_teardown to 2024-02-06T00:00:00+00:00, run_after=2024-02-07T00:00:00+00:00
[2024-02-07T09:07:46.979+0000] {processor.py:183} INFO - Processing /home/airflow/.local/lib/python3.8/site-packages/airflow/example_dags/example_setup_teardown.py took 0.088 seconds
[2024-02-07T09:08:17.309+0000] {processor.py:161} INFO - Started process (PID=3202) to work on /home/airflow/.local/lib/python3.8/site-packages/airflow/example_dags/example_setup_teardown.py
[2024-02-07T09:08:17.310+0000] {processor.py:830} INFO - Processing file /home/airflow/.local/lib/python3.8/site-packages/airflow/example_dags/example_setup_teardown.py for tasks to queue
[2024-02-07T09:08:17.313+0000] {logging_mixin.py:188} INFO - [2024-02-07T09:08:17.313+0000] {dagbag.py:538} INFO - Filling up the DagBag from /home/airflow/.local/lib/python3.8/site-packages/airflow/example_dags/example_setup_teardown.py
[2024-02-07T09:08:17.323+0000] {processor.py:840} INFO - DAG(s) 'example_setup_teardown' retrieved from /home/airflow/.local/lib/python3.8/site-packages/airflow/example_dags/example_setup_teardown.py
[2024-02-07T09:08:17.351+0000] {logging_mixin.py:188} INFO - [2024-02-07T09:08:17.350+0000] {dag.py:3033} INFO - Sync 1 DAGs
[2024-02-07T09:08:17.376+0000] {logging_mixin.py:188} INFO - [2024-02-07T09:08:17.376+0000] {dag.py:3820} INFO - Setting next_dagrun for example_setup_teardown to 2024-02-06T00:00:00+00:00, run_after=2024-02-07T00:00:00+00:00
[2024-02-07T09:08:17.400+0000] {processor.py:183} INFO - Processing /home/airflow/.local/lib/python3.8/site-packages/airflow/example_dags/example_setup_teardown.py took 0.098 seconds
[2024-02-07T09:08:47.669+0000] {processor.py:161} INFO - Started process (PID=3259) to work on /home/airflow/.local/lib/python3.8/site-packages/airflow/example_dags/example_setup_teardown.py
[2024-02-07T09:08:47.670+0000] {processor.py:830} INFO - Processing file /home/airflow/.local/lib/python3.8/site-packages/airflow/example_dags/example_setup_teardown.py for tasks to queue
[2024-02-07T09:08:47.673+0000] {logging_mixin.py:188} INFO - [2024-02-07T09:08:47.672+0000] {dagbag.py:538} INFO - Filling up the DagBag from /home/airflow/.local/lib/python3.8/site-packages/airflow/example_dags/example_setup_teardown.py
[2024-02-07T09:08:47.679+0000] {processor.py:840} INFO - DAG(s) 'example_setup_teardown' retrieved from /home/airflow/.local/lib/python3.8/site-packages/airflow/example_dags/example_setup_teardown.py
[2024-02-07T09:08:47.703+0000] {logging_mixin.py:188} INFO - [2024-02-07T09:08:47.703+0000] {dag.py:3033} INFO - Sync 1 DAGs
[2024-02-07T09:08:47.725+0000] {logging_mixin.py:188} INFO - [2024-02-07T09:08:47.725+0000] {dag.py:3820} INFO - Setting next_dagrun for example_setup_teardown to 2024-02-06T00:00:00+00:00, run_after=2024-02-07T00:00:00+00:00
[2024-02-07T09:08:47.753+0000] {processor.py:183} INFO - Processing /home/airflow/.local/lib/python3.8/site-packages/airflow/example_dags/example_setup_teardown.py took 0.087 seconds
[2024-02-07T09:09:17.913+0000] {processor.py:161} INFO - Started process (PID=3316) to work on /home/airflow/.local/lib/python3.8/site-packages/airflow/example_dags/example_setup_teardown.py
[2024-02-07T09:09:17.914+0000] {processor.py:830} INFO - Processing file /home/airflow/.local/lib/python3.8/site-packages/airflow/example_dags/example_setup_teardown.py for tasks to queue
[2024-02-07T09:09:17.917+0000] {logging_mixin.py:188} INFO - [2024-02-07T09:09:17.917+0000] {dagbag.py:538} INFO - Filling up the DagBag from /home/airflow/.local/lib/python3.8/site-packages/airflow/example_dags/example_setup_teardown.py
[2024-02-07T09:09:17.926+0000] {processor.py:840} INFO - DAG(s) 'example_setup_teardown' retrieved from /home/airflow/.local/lib/python3.8/site-packages/airflow/example_dags/example_setup_teardown.py
[2024-02-07T09:09:17.950+0000] {logging_mixin.py:188} INFO - [2024-02-07T09:09:17.950+0000] {dag.py:3033} INFO - Sync 1 DAGs
[2024-02-07T09:09:17.973+0000] {logging_mixin.py:188} INFO - [2024-02-07T09:09:17.972+0000] {dag.py:3820} INFO - Setting next_dagrun for example_setup_teardown to 2024-02-06T00:00:00+00:00, run_after=2024-02-07T00:00:00+00:00
[2024-02-07T09:09:18.004+0000] {processor.py:183} INFO - Processing /home/airflow/.local/lib/python3.8/site-packages/airflow/example_dags/example_setup_teardown.py took 0.095 seconds
[2024-02-07T09:09:48.579+0000] {processor.py:161} INFO - Started process (PID=3373) to work on /home/airflow/.local/lib/python3.8/site-packages/airflow/example_dags/example_setup_teardown.py
[2024-02-07T09:09:48.580+0000] {processor.py:830} INFO - Processing file /home/airflow/.local/lib/python3.8/site-packages/airflow/example_dags/example_setup_teardown.py for tasks to queue
[2024-02-07T09:09:48.583+0000] {logging_mixin.py:188} INFO - [2024-02-07T09:09:48.582+0000] {dagbag.py:538} INFO - Filling up the DagBag from /home/airflow/.local/lib/python3.8/site-packages/airflow/example_dags/example_setup_teardown.py
[2024-02-07T09:09:48.589+0000] {processor.py:840} INFO - DAG(s) 'example_setup_teardown' retrieved from /home/airflow/.local/lib/python3.8/site-packages/airflow/example_dags/example_setup_teardown.py
[2024-02-07T09:09:48.614+0000] {logging_mixin.py:188} INFO - [2024-02-07T09:09:48.613+0000] {dag.py:3033} INFO - Sync 1 DAGs
[2024-02-07T09:09:48.640+0000] {logging_mixin.py:188} INFO - [2024-02-07T09:09:48.640+0000] {dag.py:3820} INFO - Setting next_dagrun for example_setup_teardown to 2024-02-06T00:00:00+00:00, run_after=2024-02-07T00:00:00+00:00
[2024-02-07T09:09:48.666+0000] {processor.py:183} INFO - Processing /home/airflow/.local/lib/python3.8/site-packages/airflow/example_dags/example_setup_teardown.py took 0.090 seconds
[2024-02-07T09:10:18.786+0000] {processor.py:161} INFO - Started process (PID=3430) to work on /home/airflow/.local/lib/python3.8/site-packages/airflow/example_dags/example_setup_teardown.py
[2024-02-07T09:10:18.787+0000] {processor.py:830} INFO - Processing file /home/airflow/.local/lib/python3.8/site-packages/airflow/example_dags/example_setup_teardown.py for tasks to queue
[2024-02-07T09:10:18.791+0000] {logging_mixin.py:188} INFO - [2024-02-07T09:10:18.790+0000] {dagbag.py:538} INFO - Filling up the DagBag from /home/airflow/.local/lib/python3.8/site-packages/airflow/example_dags/example_setup_teardown.py
[2024-02-07T09:10:18.797+0000] {processor.py:840} INFO - DAG(s) 'example_setup_teardown' retrieved from /home/airflow/.local/lib/python3.8/site-packages/airflow/example_dags/example_setup_teardown.py
[2024-02-07T09:10:18.823+0000] {logging_mixin.py:188} INFO - [2024-02-07T09:10:18.822+0000] {dag.py:3033} INFO - Sync 1 DAGs
[2024-02-07T09:10:18.845+0000] {logging_mixin.py:188} INFO - [2024-02-07T09:10:18.845+0000] {dag.py:3820} INFO - Setting next_dagrun for example_setup_teardown to 2024-02-06T00:00:00+00:00, run_after=2024-02-07T00:00:00+00:00
[2024-02-07T09:10:18.870+0000] {processor.py:183} INFO - Processing /home/airflow/.local/lib/python3.8/site-packages/airflow/example_dags/example_setup_teardown.py took 0.087 seconds
[2024-02-07T09:10:49.078+0000] {processor.py:161} INFO - Started process (PID=3487) to work on /home/airflow/.local/lib/python3.8/site-packages/airflow/example_dags/example_setup_teardown.py
[2024-02-07T09:10:49.080+0000] {processor.py:830} INFO - Processing file /home/airflow/.local/lib/python3.8/site-packages/airflow/example_dags/example_setup_teardown.py for tasks to queue
[2024-02-07T09:10:49.083+0000] {logging_mixin.py:188} INFO - [2024-02-07T09:10:49.083+0000] {dagbag.py:538} INFO - Filling up the DagBag from /home/airflow/.local/lib/python3.8/site-packages/airflow/example_dags/example_setup_teardown.py
[2024-02-07T09:10:49.094+0000] {processor.py:840} INFO - DAG(s) 'example_setup_teardown' retrieved from /home/airflow/.local/lib/python3.8/site-packages/airflow/example_dags/example_setup_teardown.py
[2024-02-07T09:10:49.118+0000] {logging_mixin.py:188} INFO - [2024-02-07T09:10:49.118+0000] {dag.py:3033} INFO - Sync 1 DAGs
[2024-02-07T09:10:49.140+0000] {logging_mixin.py:188} INFO - [2024-02-07T09:10:49.140+0000] {dag.py:3820} INFO - Setting next_dagrun for example_setup_teardown to 2024-02-06T00:00:00+00:00, run_after=2024-02-07T00:00:00+00:00
[2024-02-07T09:10:49.174+0000] {processor.py:183} INFO - Processing /home/airflow/.local/lib/python3.8/site-packages/airflow/example_dags/example_setup_teardown.py took 0.099 seconds
[2024-02-07T09:11:19.372+0000] {processor.py:161} INFO - Started process (PID=3544) to work on /home/airflow/.local/lib/python3.8/site-packages/airflow/example_dags/example_setup_teardown.py
[2024-02-07T09:11:19.373+0000] {processor.py:830} INFO - Processing file /home/airflow/.local/lib/python3.8/site-packages/airflow/example_dags/example_setup_teardown.py for tasks to queue
[2024-02-07T09:11:19.375+0000] {logging_mixin.py:188} INFO - [2024-02-07T09:11:19.375+0000] {dagbag.py:538} INFO - Filling up the DagBag from /home/airflow/.local/lib/python3.8/site-packages/airflow/example_dags/example_setup_teardown.py
[2024-02-07T09:11:19.383+0000] {processor.py:840} INFO - DAG(s) 'example_setup_teardown' retrieved from /home/airflow/.local/lib/python3.8/site-packages/airflow/example_dags/example_setup_teardown.py
[2024-02-07T09:11:19.406+0000] {logging_mixin.py:188} INFO - [2024-02-07T09:11:19.406+0000] {dag.py:3033} INFO - Sync 1 DAGs
[2024-02-07T09:11:19.429+0000] {logging_mixin.py:188} INFO - [2024-02-07T09:11:19.429+0000] {dag.py:3820} INFO - Setting next_dagrun for example_setup_teardown to 2024-02-06T00:00:00+00:00, run_after=2024-02-07T00:00:00+00:00
[2024-02-07T09:11:19.454+0000] {processor.py:183} INFO - Processing /home/airflow/.local/lib/python3.8/site-packages/airflow/example_dags/example_setup_teardown.py took 0.085 seconds
