[2024-02-07T08:40:09.159+0000] {processor.py:161} INFO - Started process (PID=39) to work on /home/airflow/.local/lib/python3.8/site-packages/airflow/example_dags/example_xcom.py
[2024-02-07T08:40:09.162+0000] {processor.py:830} INFO - Processing file /home/airflow/.local/lib/python3.8/site-packages/airflow/example_dags/example_xcom.py for tasks to queue
[2024-02-07T08:40:09.166+0000] {logging_mixin.py:188} INFO - [2024-02-07T08:40:09.165+0000] {dagbag.py:538} INFO - Filling up the DagBag from /home/airflow/.local/lib/python3.8/site-packages/airflow/example_dags/example_xcom.py
[2024-02-07T08:40:09.183+0000] {processor.py:840} INFO - DAG(s) 'example_xcom' retrieved from /home/airflow/.local/lib/python3.8/site-packages/airflow/example_dags/example_xcom.py
[2024-02-07T08:40:09.225+0000] {logging_mixin.py:188} INFO - [2024-02-07T08:40:09.224+0000] {dag.py:3033} INFO - Sync 1 DAGs
[2024-02-07T08:40:09.265+0000] {logging_mixin.py:188} INFO - [2024-02-07T08:40:09.265+0000] {dag.py:3820} INFO - Setting next_dagrun for example_xcom to 2021-01-01T00:00:00+00:00, run_after=2021-01-01T00:00:00+00:00
[2024-02-07T08:40:09.295+0000] {processor.py:183} INFO - Processing /home/airflow/.local/lib/python3.8/site-packages/airflow/example_dags/example_xcom.py took 0.144 seconds
[2024-02-07T08:40:40.242+0000] {processor.py:161} INFO - Started process (PID=95) to work on /home/airflow/.local/lib/python3.8/site-packages/airflow/example_dags/example_xcom.py
[2024-02-07T08:40:40.243+0000] {processor.py:830} INFO - Processing file /home/airflow/.local/lib/python3.8/site-packages/airflow/example_dags/example_xcom.py for tasks to queue
[2024-02-07T08:40:40.247+0000] {logging_mixin.py:188} INFO - [2024-02-07T08:40:40.246+0000] {dagbag.py:538} INFO - Filling up the DagBag from /home/airflow/.local/lib/python3.8/site-packages/airflow/example_dags/example_xcom.py
[2024-02-07T08:40:40.258+0000] {processor.py:840} INFO - DAG(s) 'example_xcom' retrieved from /home/airflow/.local/lib/python3.8/site-packages/airflow/example_dags/example_xcom.py
[2024-02-07T08:40:40.283+0000] {logging_mixin.py:188} INFO - [2024-02-07T08:40:40.282+0000] {dag.py:3033} INFO - Sync 1 DAGs
[2024-02-07T08:40:40.310+0000] {logging_mixin.py:188} INFO - [2024-02-07T08:40:40.309+0000] {dag.py:3820} INFO - Setting next_dagrun for example_xcom to 2021-01-01T00:00:00+00:00, run_after=2021-01-01T00:00:00+00:00
[2024-02-07T08:40:40.336+0000] {processor.py:183} INFO - Processing /home/airflow/.local/lib/python3.8/site-packages/airflow/example_dags/example_xcom.py took 0.098 seconds
[2024-02-07T08:41:10.804+0000] {processor.py:161} INFO - Started process (PID=152) to work on /home/airflow/.local/lib/python3.8/site-packages/airflow/example_dags/example_xcom.py
[2024-02-07T08:41:10.806+0000] {processor.py:830} INFO - Processing file /home/airflow/.local/lib/python3.8/site-packages/airflow/example_dags/example_xcom.py for tasks to queue
[2024-02-07T08:41:10.809+0000] {logging_mixin.py:188} INFO - [2024-02-07T08:41:10.809+0000] {dagbag.py:538} INFO - Filling up the DagBag from /home/airflow/.local/lib/python3.8/site-packages/airflow/example_dags/example_xcom.py
[2024-02-07T08:41:10.819+0000] {processor.py:840} INFO - DAG(s) 'example_xcom' retrieved from /home/airflow/.local/lib/python3.8/site-packages/airflow/example_dags/example_xcom.py
[2024-02-07T08:41:10.845+0000] {logging_mixin.py:188} INFO - [2024-02-07T08:41:10.844+0000] {dag.py:3033} INFO - Sync 1 DAGs
[2024-02-07T08:41:10.866+0000] {logging_mixin.py:188} INFO - [2024-02-07T08:41:10.866+0000] {dag.py:3820} INFO - Setting next_dagrun for example_xcom to 2021-01-01T00:00:00+00:00, run_after=2021-01-01T00:00:00+00:00
[2024-02-07T08:41:10.888+0000] {processor.py:183} INFO - Processing /home/airflow/.local/lib/python3.8/site-packages/airflow/example_dags/example_xcom.py took 0.089 seconds
[2024-02-07T08:41:41.370+0000] {processor.py:161} INFO - Started process (PID=209) to work on /home/airflow/.local/lib/python3.8/site-packages/airflow/example_dags/example_xcom.py
[2024-02-07T08:41:41.371+0000] {processor.py:830} INFO - Processing file /home/airflow/.local/lib/python3.8/site-packages/airflow/example_dags/example_xcom.py for tasks to queue
[2024-02-07T08:41:41.375+0000] {logging_mixin.py:188} INFO - [2024-02-07T08:41:41.375+0000] {dagbag.py:538} INFO - Filling up the DagBag from /home/airflow/.local/lib/python3.8/site-packages/airflow/example_dags/example_xcom.py
[2024-02-07T08:41:41.387+0000] {processor.py:840} INFO - DAG(s) 'example_xcom' retrieved from /home/airflow/.local/lib/python3.8/site-packages/airflow/example_dags/example_xcom.py
[2024-02-07T08:41:41.424+0000] {logging_mixin.py:188} INFO - [2024-02-07T08:41:41.424+0000] {dag.py:3033} INFO - Sync 1 DAGs
[2024-02-07T08:41:41.450+0000] {logging_mixin.py:188} INFO - [2024-02-07T08:41:41.450+0000] {dag.py:3820} INFO - Setting next_dagrun for example_xcom to 2021-01-01T00:00:00+00:00, run_after=2021-01-01T00:00:00+00:00
[2024-02-07T08:41:41.484+0000] {processor.py:183} INFO - Processing /home/airflow/.local/lib/python3.8/site-packages/airflow/example_dags/example_xcom.py took 0.120 seconds
[2024-02-07T08:42:11.898+0000] {processor.py:161} INFO - Started process (PID=266) to work on /home/airflow/.local/lib/python3.8/site-packages/airflow/example_dags/example_xcom.py
[2024-02-07T08:42:11.900+0000] {processor.py:830} INFO - Processing file /home/airflow/.local/lib/python3.8/site-packages/airflow/example_dags/example_xcom.py for tasks to queue
[2024-02-07T08:42:11.903+0000] {logging_mixin.py:188} INFO - [2024-02-07T08:42:11.902+0000] {dagbag.py:538} INFO - Filling up the DagBag from /home/airflow/.local/lib/python3.8/site-packages/airflow/example_dags/example_xcom.py
[2024-02-07T08:42:11.913+0000] {processor.py:840} INFO - DAG(s) 'example_xcom' retrieved from /home/airflow/.local/lib/python3.8/site-packages/airflow/example_dags/example_xcom.py
[2024-02-07T08:42:11.945+0000] {logging_mixin.py:188} INFO - [2024-02-07T08:42:11.944+0000] {dag.py:3033} INFO - Sync 1 DAGs
[2024-02-07T08:42:11.977+0000] {logging_mixin.py:188} INFO - [2024-02-07T08:42:11.976+0000] {dag.py:3820} INFO - Setting next_dagrun for example_xcom to 2021-01-01T00:00:00+00:00, run_after=2021-01-01T00:00:00+00:00
[2024-02-07T08:42:12.000+0000] {processor.py:183} INFO - Processing /home/airflow/.local/lib/python3.8/site-packages/airflow/example_dags/example_xcom.py took 0.109 seconds
[2024-02-07T08:42:42.218+0000] {processor.py:161} INFO - Started process (PID=323) to work on /home/airflow/.local/lib/python3.8/site-packages/airflow/example_dags/example_xcom.py
[2024-02-07T08:42:42.219+0000] {processor.py:830} INFO - Processing file /home/airflow/.local/lib/python3.8/site-packages/airflow/example_dags/example_xcom.py for tasks to queue
[2024-02-07T08:42:42.222+0000] {logging_mixin.py:188} INFO - [2024-02-07T08:42:42.222+0000] {dagbag.py:538} INFO - Filling up the DagBag from /home/airflow/.local/lib/python3.8/site-packages/airflow/example_dags/example_xcom.py
[2024-02-07T08:42:42.234+0000] {processor.py:840} INFO - DAG(s) 'example_xcom' retrieved from /home/airflow/.local/lib/python3.8/site-packages/airflow/example_dags/example_xcom.py
[2024-02-07T08:42:42.261+0000] {logging_mixin.py:188} INFO - [2024-02-07T08:42:42.261+0000] {dag.py:3033} INFO - Sync 1 DAGs
[2024-02-07T08:42:42.286+0000] {logging_mixin.py:188} INFO - [2024-02-07T08:42:42.285+0000] {dag.py:3820} INFO - Setting next_dagrun for example_xcom to 2021-01-01T00:00:00+00:00, run_after=2021-01-01T00:00:00+00:00
[2024-02-07T08:42:42.306+0000] {processor.py:183} INFO - Processing /home/airflow/.local/lib/python3.8/site-packages/airflow/example_dags/example_xcom.py took 0.095 seconds
[2024-02-07T08:43:12.653+0000] {processor.py:161} INFO - Started process (PID=380) to work on /home/airflow/.local/lib/python3.8/site-packages/airflow/example_dags/example_xcom.py
[2024-02-07T08:43:12.661+0000] {processor.py:830} INFO - Processing file /home/airflow/.local/lib/python3.8/site-packages/airflow/example_dags/example_xcom.py for tasks to queue
[2024-02-07T08:43:12.664+0000] {logging_mixin.py:188} INFO - [2024-02-07T08:43:12.664+0000] {dagbag.py:538} INFO - Filling up the DagBag from /home/airflow/.local/lib/python3.8/site-packages/airflow/example_dags/example_xcom.py
[2024-02-07T08:43:12.672+0000] {processor.py:840} INFO - DAG(s) 'example_xcom' retrieved from /home/airflow/.local/lib/python3.8/site-packages/airflow/example_dags/example_xcom.py
[2024-02-07T08:43:12.701+0000] {logging_mixin.py:188} INFO - [2024-02-07T08:43:12.701+0000] {dag.py:3033} INFO - Sync 1 DAGs
[2024-02-07T08:43:12.729+0000] {logging_mixin.py:188} INFO - [2024-02-07T08:43:12.728+0000] {dag.py:3820} INFO - Setting next_dagrun for example_xcom to 2021-01-01T00:00:00+00:00, run_after=2021-01-01T00:00:00+00:00
[2024-02-07T08:43:12.756+0000] {processor.py:183} INFO - Processing /home/airflow/.local/lib/python3.8/site-packages/airflow/example_dags/example_xcom.py took 0.107 seconds
[2024-02-07T08:43:43.057+0000] {processor.py:161} INFO - Started process (PID=437) to work on /home/airflow/.local/lib/python3.8/site-packages/airflow/example_dags/example_xcom.py
[2024-02-07T08:43:43.058+0000] {processor.py:830} INFO - Processing file /home/airflow/.local/lib/python3.8/site-packages/airflow/example_dags/example_xcom.py for tasks to queue
[2024-02-07T08:43:43.061+0000] {logging_mixin.py:188} INFO - [2024-02-07T08:43:43.061+0000] {dagbag.py:538} INFO - Filling up the DagBag from /home/airflow/.local/lib/python3.8/site-packages/airflow/example_dags/example_xcom.py
[2024-02-07T08:43:43.069+0000] {processor.py:840} INFO - DAG(s) 'example_xcom' retrieved from /home/airflow/.local/lib/python3.8/site-packages/airflow/example_dags/example_xcom.py
[2024-02-07T08:43:43.096+0000] {logging_mixin.py:188} INFO - [2024-02-07T08:43:43.095+0000] {dag.py:3033} INFO - Sync 1 DAGs
[2024-02-07T08:43:43.129+0000] {logging_mixin.py:188} INFO - [2024-02-07T08:43:43.129+0000] {dag.py:3820} INFO - Setting next_dagrun for example_xcom to 2021-01-01T00:00:00+00:00, run_after=2021-01-01T00:00:00+00:00
[2024-02-07T08:43:43.150+0000] {processor.py:183} INFO - Processing /home/airflow/.local/lib/python3.8/site-packages/airflow/example_dags/example_xcom.py took 0.099 seconds
[2024-02-07T08:44:13.641+0000] {processor.py:161} INFO - Started process (PID=494) to work on /home/airflow/.local/lib/python3.8/site-packages/airflow/example_dags/example_xcom.py
[2024-02-07T08:44:13.642+0000] {processor.py:830} INFO - Processing file /home/airflow/.local/lib/python3.8/site-packages/airflow/example_dags/example_xcom.py for tasks to queue
[2024-02-07T08:44:13.645+0000] {logging_mixin.py:188} INFO - [2024-02-07T08:44:13.645+0000] {dagbag.py:538} INFO - Filling up the DagBag from /home/airflow/.local/lib/python3.8/site-packages/airflow/example_dags/example_xcom.py
[2024-02-07T08:44:13.657+0000] {processor.py:840} INFO - DAG(s) 'example_xcom' retrieved from /home/airflow/.local/lib/python3.8/site-packages/airflow/example_dags/example_xcom.py
[2024-02-07T08:44:13.687+0000] {logging_mixin.py:188} INFO - [2024-02-07T08:44:13.686+0000] {dag.py:3033} INFO - Sync 1 DAGs
[2024-02-07T08:44:13.722+0000] {logging_mixin.py:188} INFO - [2024-02-07T08:44:13.721+0000] {dag.py:3820} INFO - Setting next_dagrun for example_xcom to 2021-01-01T00:00:00+00:00, run_after=2021-01-01T00:00:00+00:00
[2024-02-07T08:44:13.745+0000] {processor.py:183} INFO - Processing /home/airflow/.local/lib/python3.8/site-packages/airflow/example_dags/example_xcom.py took 0.115 seconds
[2024-02-07T08:44:44.116+0000] {processor.py:161} INFO - Started process (PID=551) to work on /home/airflow/.local/lib/python3.8/site-packages/airflow/example_dags/example_xcom.py
[2024-02-07T08:44:44.118+0000] {processor.py:830} INFO - Processing file /home/airflow/.local/lib/python3.8/site-packages/airflow/example_dags/example_xcom.py for tasks to queue
[2024-02-07T08:44:44.120+0000] {logging_mixin.py:188} INFO - [2024-02-07T08:44:44.120+0000] {dagbag.py:538} INFO - Filling up the DagBag from /home/airflow/.local/lib/python3.8/site-packages/airflow/example_dags/example_xcom.py
[2024-02-07T08:44:44.129+0000] {processor.py:840} INFO - DAG(s) 'example_xcom' retrieved from /home/airflow/.local/lib/python3.8/site-packages/airflow/example_dags/example_xcom.py
[2024-02-07T08:44:44.156+0000] {logging_mixin.py:188} INFO - [2024-02-07T08:44:44.156+0000] {dag.py:3033} INFO - Sync 1 DAGs
[2024-02-07T08:44:44.186+0000] {logging_mixin.py:188} INFO - [2024-02-07T08:44:44.186+0000] {dag.py:3820} INFO - Setting next_dagrun for example_xcom to 2021-01-01T00:00:00+00:00, run_after=2021-01-01T00:00:00+00:00
[2024-02-07T08:44:44.218+0000] {processor.py:183} INFO - Processing /home/airflow/.local/lib/python3.8/site-packages/airflow/example_dags/example_xcom.py took 0.105 seconds
[2024-02-07T08:45:14.381+0000] {processor.py:161} INFO - Started process (PID=608) to work on /home/airflow/.local/lib/python3.8/site-packages/airflow/example_dags/example_xcom.py
[2024-02-07T08:45:14.383+0000] {processor.py:830} INFO - Processing file /home/airflow/.local/lib/python3.8/site-packages/airflow/example_dags/example_xcom.py for tasks to queue
[2024-02-07T08:45:14.387+0000] {logging_mixin.py:188} INFO - [2024-02-07T08:45:14.387+0000] {dagbag.py:538} INFO - Filling up the DagBag from /home/airflow/.local/lib/python3.8/site-packages/airflow/example_dags/example_xcom.py
[2024-02-07T08:45:14.403+0000] {processor.py:840} INFO - DAG(s) 'example_xcom' retrieved from /home/airflow/.local/lib/python3.8/site-packages/airflow/example_dags/example_xcom.py
[2024-02-07T08:45:14.432+0000] {logging_mixin.py:188} INFO - [2024-02-07T08:45:14.431+0000] {dag.py:3033} INFO - Sync 1 DAGs
[2024-02-07T08:45:14.461+0000] {logging_mixin.py:188} INFO - [2024-02-07T08:45:14.461+0000] {dag.py:3820} INFO - Setting next_dagrun for example_xcom to 2021-01-01T00:00:00+00:00, run_after=2021-01-01T00:00:00+00:00
[2024-02-07T08:45:14.493+0000] {processor.py:183} INFO - Processing /home/airflow/.local/lib/python3.8/site-packages/airflow/example_dags/example_xcom.py took 0.123 seconds
[2024-02-07T08:45:44.906+0000] {processor.py:161} INFO - Started process (PID=665) to work on /home/airflow/.local/lib/python3.8/site-packages/airflow/example_dags/example_xcom.py
[2024-02-07T08:45:44.907+0000] {processor.py:830} INFO - Processing file /home/airflow/.local/lib/python3.8/site-packages/airflow/example_dags/example_xcom.py for tasks to queue
[2024-02-07T08:45:44.909+0000] {logging_mixin.py:188} INFO - [2024-02-07T08:45:44.909+0000] {dagbag.py:538} INFO - Filling up the DagBag from /home/airflow/.local/lib/python3.8/site-packages/airflow/example_dags/example_xcom.py
[2024-02-07T08:45:44.917+0000] {processor.py:840} INFO - DAG(s) 'example_xcom' retrieved from /home/airflow/.local/lib/python3.8/site-packages/airflow/example_dags/example_xcom.py
[2024-02-07T08:45:44.941+0000] {logging_mixin.py:188} INFO - [2024-02-07T08:45:44.941+0000] {dag.py:3033} INFO - Sync 1 DAGs
[2024-02-07T08:45:44.964+0000] {logging_mixin.py:188} INFO - [2024-02-07T08:45:44.964+0000] {dag.py:3820} INFO - Setting next_dagrun for example_xcom to 2021-01-01T00:00:00+00:00, run_after=2021-01-01T00:00:00+00:00
[2024-02-07T08:45:44.983+0000] {processor.py:183} INFO - Processing /home/airflow/.local/lib/python3.8/site-packages/airflow/example_dags/example_xcom.py took 0.082 seconds
[2024-02-07T08:46:15.451+0000] {processor.py:161} INFO - Started process (PID=722) to work on /home/airflow/.local/lib/python3.8/site-packages/airflow/example_dags/example_xcom.py
[2024-02-07T08:46:15.452+0000] {processor.py:830} INFO - Processing file /home/airflow/.local/lib/python3.8/site-packages/airflow/example_dags/example_xcom.py for tasks to queue
[2024-02-07T08:46:15.455+0000] {logging_mixin.py:188} INFO - [2024-02-07T08:46:15.455+0000] {dagbag.py:538} INFO - Filling up the DagBag from /home/airflow/.local/lib/python3.8/site-packages/airflow/example_dags/example_xcom.py
[2024-02-07T08:46:15.464+0000] {processor.py:840} INFO - DAG(s) 'example_xcom' retrieved from /home/airflow/.local/lib/python3.8/site-packages/airflow/example_dags/example_xcom.py
[2024-02-07T08:46:15.489+0000] {logging_mixin.py:188} INFO - [2024-02-07T08:46:15.488+0000] {dag.py:3033} INFO - Sync 1 DAGs
[2024-02-07T08:46:15.515+0000] {logging_mixin.py:188} INFO - [2024-02-07T08:46:15.515+0000] {dag.py:3820} INFO - Setting next_dagrun for example_xcom to 2021-01-01T00:00:00+00:00, run_after=2021-01-01T00:00:00+00:00
[2024-02-07T08:46:15.550+0000] {processor.py:183} INFO - Processing /home/airflow/.local/lib/python3.8/site-packages/airflow/example_dags/example_xcom.py took 0.102 seconds
[2024-02-07T08:46:45.912+0000] {processor.py:161} INFO - Started process (PID=779) to work on /home/airflow/.local/lib/python3.8/site-packages/airflow/example_dags/example_xcom.py
[2024-02-07T08:46:45.913+0000] {processor.py:830} INFO - Processing file /home/airflow/.local/lib/python3.8/site-packages/airflow/example_dags/example_xcom.py for tasks to queue
[2024-02-07T08:46:45.916+0000] {logging_mixin.py:188} INFO - [2024-02-07T08:46:45.916+0000] {dagbag.py:538} INFO - Filling up the DagBag from /home/airflow/.local/lib/python3.8/site-packages/airflow/example_dags/example_xcom.py
[2024-02-07T08:46:45.927+0000] {processor.py:840} INFO - DAG(s) 'example_xcom' retrieved from /home/airflow/.local/lib/python3.8/site-packages/airflow/example_dags/example_xcom.py
[2024-02-07T08:46:45.956+0000] {logging_mixin.py:188} INFO - [2024-02-07T08:46:45.955+0000] {dag.py:3033} INFO - Sync 1 DAGs
[2024-02-07T08:46:45.984+0000] {logging_mixin.py:188} INFO - [2024-02-07T08:46:45.983+0000] {dag.py:3820} INFO - Setting next_dagrun for example_xcom to 2021-01-01T00:00:00+00:00, run_after=2021-01-01T00:00:00+00:00
[2024-02-07T08:46:46.019+0000] {processor.py:183} INFO - Processing /home/airflow/.local/lib/python3.8/site-packages/airflow/example_dags/example_xcom.py took 0.110 seconds
[2024-02-07T08:47:16.385+0000] {processor.py:161} INFO - Started process (PID=836) to work on /home/airflow/.local/lib/python3.8/site-packages/airflow/example_dags/example_xcom.py
[2024-02-07T08:47:16.387+0000] {processor.py:830} INFO - Processing file /home/airflow/.local/lib/python3.8/site-packages/airflow/example_dags/example_xcom.py for tasks to queue
[2024-02-07T08:47:16.390+0000] {logging_mixin.py:188} INFO - [2024-02-07T08:47:16.390+0000] {dagbag.py:538} INFO - Filling up the DagBag from /home/airflow/.local/lib/python3.8/site-packages/airflow/example_dags/example_xcom.py
[2024-02-07T08:47:16.398+0000] {processor.py:840} INFO - DAG(s) 'example_xcom' retrieved from /home/airflow/.local/lib/python3.8/site-packages/airflow/example_dags/example_xcom.py
[2024-02-07T08:47:16.420+0000] {logging_mixin.py:188} INFO - [2024-02-07T08:47:16.420+0000] {dag.py:3033} INFO - Sync 1 DAGs
[2024-02-07T08:47:16.450+0000] {logging_mixin.py:188} INFO - [2024-02-07T08:47:16.450+0000] {dag.py:3820} INFO - Setting next_dagrun for example_xcom to 2021-01-01T00:00:00+00:00, run_after=2021-01-01T00:00:00+00:00
[2024-02-07T08:47:16.479+0000] {processor.py:183} INFO - Processing /home/airflow/.local/lib/python3.8/site-packages/airflow/example_dags/example_xcom.py took 0.098 seconds
[2024-02-07T08:47:46.940+0000] {processor.py:161} INFO - Started process (PID=893) to work on /home/airflow/.local/lib/python3.8/site-packages/airflow/example_dags/example_xcom.py
[2024-02-07T08:47:46.941+0000] {processor.py:830} INFO - Processing file /home/airflow/.local/lib/python3.8/site-packages/airflow/example_dags/example_xcom.py for tasks to queue
[2024-02-07T08:47:46.943+0000] {logging_mixin.py:188} INFO - [2024-02-07T08:47:46.943+0000] {dagbag.py:538} INFO - Filling up the DagBag from /home/airflow/.local/lib/python3.8/site-packages/airflow/example_dags/example_xcom.py
[2024-02-07T08:47:46.951+0000] {processor.py:840} INFO - DAG(s) 'example_xcom' retrieved from /home/airflow/.local/lib/python3.8/site-packages/airflow/example_dags/example_xcom.py
[2024-02-07T08:47:46.973+0000] {logging_mixin.py:188} INFO - [2024-02-07T08:47:46.973+0000] {dag.py:3033} INFO - Sync 1 DAGs
[2024-02-07T08:47:46.991+0000] {logging_mixin.py:188} INFO - [2024-02-07T08:47:46.991+0000] {dag.py:3820} INFO - Setting next_dagrun for example_xcom to 2021-01-01T00:00:00+00:00, run_after=2021-01-01T00:00:00+00:00
[2024-02-07T08:47:47.014+0000] {processor.py:183} INFO - Processing /home/airflow/.local/lib/python3.8/site-packages/airflow/example_dags/example_xcom.py took 0.077 seconds
[2024-02-07T08:48:17.115+0000] {processor.py:161} INFO - Started process (PID=950) to work on /home/airflow/.local/lib/python3.8/site-packages/airflow/example_dags/example_xcom.py
[2024-02-07T08:48:17.117+0000] {processor.py:830} INFO - Processing file /home/airflow/.local/lib/python3.8/site-packages/airflow/example_dags/example_xcom.py for tasks to queue
[2024-02-07T08:48:17.120+0000] {logging_mixin.py:188} INFO - [2024-02-07T08:48:17.120+0000] {dagbag.py:538} INFO - Filling up the DagBag from /home/airflow/.local/lib/python3.8/site-packages/airflow/example_dags/example_xcom.py
[2024-02-07T08:48:17.128+0000] {processor.py:840} INFO - DAG(s) 'example_xcom' retrieved from /home/airflow/.local/lib/python3.8/site-packages/airflow/example_dags/example_xcom.py
[2024-02-07T08:48:17.153+0000] {logging_mixin.py:188} INFO - [2024-02-07T08:48:17.153+0000] {dag.py:3033} INFO - Sync 1 DAGs
[2024-02-07T08:48:17.175+0000] {logging_mixin.py:188} INFO - [2024-02-07T08:48:17.174+0000] {dag.py:3820} INFO - Setting next_dagrun for example_xcom to 2021-01-01T00:00:00+00:00, run_after=2021-01-01T00:00:00+00:00
[2024-02-07T08:48:17.202+0000] {processor.py:183} INFO - Processing /home/airflow/.local/lib/python3.8/site-packages/airflow/example_dags/example_xcom.py took 0.091 seconds
[2024-02-07T08:48:47.675+0000] {processor.py:161} INFO - Started process (PID=1008) to work on /home/airflow/.local/lib/python3.8/site-packages/airflow/example_dags/example_xcom.py
[2024-02-07T08:48:47.676+0000] {processor.py:830} INFO - Processing file /home/airflow/.local/lib/python3.8/site-packages/airflow/example_dags/example_xcom.py for tasks to queue
[2024-02-07T08:48:47.678+0000] {logging_mixin.py:188} INFO - [2024-02-07T08:48:47.678+0000] {dagbag.py:538} INFO - Filling up the DagBag from /home/airflow/.local/lib/python3.8/site-packages/airflow/example_dags/example_xcom.py
[2024-02-07T08:48:47.686+0000] {processor.py:840} INFO - DAG(s) 'example_xcom' retrieved from /home/airflow/.local/lib/python3.8/site-packages/airflow/example_dags/example_xcom.py
[2024-02-07T08:48:47.709+0000] {logging_mixin.py:188} INFO - [2024-02-07T08:48:47.708+0000] {dag.py:3033} INFO - Sync 1 DAGs
[2024-02-07T08:48:47.731+0000] {logging_mixin.py:188} INFO - [2024-02-07T08:48:47.731+0000] {dag.py:3820} INFO - Setting next_dagrun for example_xcom to 2021-01-01T00:00:00+00:00, run_after=2021-01-01T00:00:00+00:00
[2024-02-07T08:48:47.750+0000] {processor.py:183} INFO - Processing /home/airflow/.local/lib/python3.8/site-packages/airflow/example_dags/example_xcom.py took 0.078 seconds
[2024-02-07T08:49:18.101+0000] {processor.py:161} INFO - Started process (PID=1065) to work on /home/airflow/.local/lib/python3.8/site-packages/airflow/example_dags/example_xcom.py
[2024-02-07T08:49:18.103+0000] {processor.py:830} INFO - Processing file /home/airflow/.local/lib/python3.8/site-packages/airflow/example_dags/example_xcom.py for tasks to queue
[2024-02-07T08:49:18.107+0000] {logging_mixin.py:188} INFO - [2024-02-07T08:49:18.106+0000] {dagbag.py:538} INFO - Filling up the DagBag from /home/airflow/.local/lib/python3.8/site-packages/airflow/example_dags/example_xcom.py
[2024-02-07T08:49:18.121+0000] {processor.py:840} INFO - DAG(s) 'example_xcom' retrieved from /home/airflow/.local/lib/python3.8/site-packages/airflow/example_dags/example_xcom.py
[2024-02-07T08:49:18.165+0000] {logging_mixin.py:188} INFO - [2024-02-07T08:49:18.165+0000] {dag.py:3033} INFO - Sync 1 DAGs
[2024-02-07T08:49:18.210+0000] {logging_mixin.py:188} INFO - [2024-02-07T08:49:18.209+0000] {dag.py:3820} INFO - Setting next_dagrun for example_xcom to 2021-01-01T00:00:00+00:00, run_after=2021-01-01T00:00:00+00:00
[2024-02-07T08:49:18.241+0000] {processor.py:183} INFO - Processing /home/airflow/.local/lib/python3.8/site-packages/airflow/example_dags/example_xcom.py took 0.145 seconds
[2024-02-07T08:49:48.626+0000] {processor.py:161} INFO - Started process (PID=1122) to work on /home/airflow/.local/lib/python3.8/site-packages/airflow/example_dags/example_xcom.py
[2024-02-07T08:49:48.628+0000] {processor.py:830} INFO - Processing file /home/airflow/.local/lib/python3.8/site-packages/airflow/example_dags/example_xcom.py for tasks to queue
[2024-02-07T08:49:48.630+0000] {logging_mixin.py:188} INFO - [2024-02-07T08:49:48.630+0000] {dagbag.py:538} INFO - Filling up the DagBag from /home/airflow/.local/lib/python3.8/site-packages/airflow/example_dags/example_xcom.py
[2024-02-07T08:49:48.640+0000] {processor.py:840} INFO - DAG(s) 'example_xcom' retrieved from /home/airflow/.local/lib/python3.8/site-packages/airflow/example_dags/example_xcom.py
[2024-02-07T08:49:48.666+0000] {logging_mixin.py:188} INFO - [2024-02-07T08:49:48.666+0000] {dag.py:3033} INFO - Sync 1 DAGs
[2024-02-07T08:49:48.694+0000] {logging_mixin.py:188} INFO - [2024-02-07T08:49:48.693+0000] {dag.py:3820} INFO - Setting next_dagrun for example_xcom to 2021-01-01T00:00:00+00:00, run_after=2021-01-01T00:00:00+00:00
[2024-02-07T08:49:48.715+0000] {processor.py:183} INFO - Processing /home/airflow/.local/lib/python3.8/site-packages/airflow/example_dags/example_xcom.py took 0.095 seconds
[2024-02-07T08:50:19.142+0000] {processor.py:161} INFO - Started process (PID=1179) to work on /home/airflow/.local/lib/python3.8/site-packages/airflow/example_dags/example_xcom.py
[2024-02-07T08:50:19.143+0000] {processor.py:830} INFO - Processing file /home/airflow/.local/lib/python3.8/site-packages/airflow/example_dags/example_xcom.py for tasks to queue
[2024-02-07T08:50:19.146+0000] {logging_mixin.py:188} INFO - [2024-02-07T08:50:19.146+0000] {dagbag.py:538} INFO - Filling up the DagBag from /home/airflow/.local/lib/python3.8/site-packages/airflow/example_dags/example_xcom.py
[2024-02-07T08:50:19.155+0000] {processor.py:840} INFO - DAG(s) 'example_xcom' retrieved from /home/airflow/.local/lib/python3.8/site-packages/airflow/example_dags/example_xcom.py
[2024-02-07T08:50:19.193+0000] {logging_mixin.py:188} INFO - [2024-02-07T08:50:19.193+0000] {dag.py:3033} INFO - Sync 1 DAGs
[2024-02-07T08:50:19.237+0000] {logging_mixin.py:188} INFO - [2024-02-07T08:50:19.237+0000] {dag.py:3820} INFO - Setting next_dagrun for example_xcom to 2021-01-01T00:00:00+00:00, run_after=2021-01-01T00:00:00+00:00
[2024-02-07T08:50:19.274+0000] {processor.py:183} INFO - Processing /home/airflow/.local/lib/python3.8/site-packages/airflow/example_dags/example_xcom.py took 0.137 seconds
[2024-02-07T08:50:49.749+0000] {processor.py:161} INFO - Started process (PID=1236) to work on /home/airflow/.local/lib/python3.8/site-packages/airflow/example_dags/example_xcom.py
[2024-02-07T08:50:49.750+0000] {processor.py:830} INFO - Processing file /home/airflow/.local/lib/python3.8/site-packages/airflow/example_dags/example_xcom.py for tasks to queue
[2024-02-07T08:50:49.752+0000] {logging_mixin.py:188} INFO - [2024-02-07T08:50:49.752+0000] {dagbag.py:538} INFO - Filling up the DagBag from /home/airflow/.local/lib/python3.8/site-packages/airflow/example_dags/example_xcom.py
[2024-02-07T08:50:49.761+0000] {processor.py:840} INFO - DAG(s) 'example_xcom' retrieved from /home/airflow/.local/lib/python3.8/site-packages/airflow/example_dags/example_xcom.py
[2024-02-07T08:50:49.786+0000] {logging_mixin.py:188} INFO - [2024-02-07T08:50:49.786+0000] {dag.py:3033} INFO - Sync 1 DAGs
[2024-02-07T08:50:49.815+0000] {logging_mixin.py:188} INFO - [2024-02-07T08:50:49.815+0000] {dag.py:3820} INFO - Setting next_dagrun for example_xcom to 2021-01-01T00:00:00+00:00, run_after=2021-01-01T00:00:00+00:00
[2024-02-07T08:50:49.841+0000] {processor.py:183} INFO - Processing /home/airflow/.local/lib/python3.8/site-packages/airflow/example_dags/example_xcom.py took 0.096 seconds
[2024-02-07T08:51:20.192+0000] {processor.py:161} INFO - Started process (PID=1294) to work on /home/airflow/.local/lib/python3.8/site-packages/airflow/example_dags/example_xcom.py
[2024-02-07T08:51:20.194+0000] {processor.py:830} INFO - Processing file /home/airflow/.local/lib/python3.8/site-packages/airflow/example_dags/example_xcom.py for tasks to queue
[2024-02-07T08:51:20.197+0000] {logging_mixin.py:188} INFO - [2024-02-07T08:51:20.197+0000] {dagbag.py:538} INFO - Filling up the DagBag from /home/airflow/.local/lib/python3.8/site-packages/airflow/example_dags/example_xcom.py
[2024-02-07T08:51:20.212+0000] {processor.py:840} INFO - DAG(s) 'example_xcom' retrieved from /home/airflow/.local/lib/python3.8/site-packages/airflow/example_dags/example_xcom.py
[2024-02-07T08:51:20.242+0000] {logging_mixin.py:188} INFO - [2024-02-07T08:51:20.241+0000] {dag.py:3033} INFO - Sync 1 DAGs
[2024-02-07T08:51:20.271+0000] {logging_mixin.py:188} INFO - [2024-02-07T08:51:20.271+0000] {dag.py:3820} INFO - Setting next_dagrun for example_xcom to 2021-01-01T00:00:00+00:00, run_after=2021-01-01T00:00:00+00:00
[2024-02-07T08:51:20.299+0000] {processor.py:183} INFO - Processing /home/airflow/.local/lib/python3.8/site-packages/airflow/example_dags/example_xcom.py took 0.113 seconds
[2024-02-07T08:51:50.787+0000] {processor.py:161} INFO - Started process (PID=1351) to work on /home/airflow/.local/lib/python3.8/site-packages/airflow/example_dags/example_xcom.py
[2024-02-07T08:51:50.788+0000] {processor.py:830} INFO - Processing file /home/airflow/.local/lib/python3.8/site-packages/airflow/example_dags/example_xcom.py for tasks to queue
[2024-02-07T08:51:50.790+0000] {logging_mixin.py:188} INFO - [2024-02-07T08:51:50.790+0000] {dagbag.py:538} INFO - Filling up the DagBag from /home/airflow/.local/lib/python3.8/site-packages/airflow/example_dags/example_xcom.py
[2024-02-07T08:51:50.798+0000] {processor.py:840} INFO - DAG(s) 'example_xcom' retrieved from /home/airflow/.local/lib/python3.8/site-packages/airflow/example_dags/example_xcom.py
[2024-02-07T08:51:50.827+0000] {logging_mixin.py:188} INFO - [2024-02-07T08:51:50.826+0000] {dag.py:3033} INFO - Sync 1 DAGs
[2024-02-07T08:51:50.856+0000] {logging_mixin.py:188} INFO - [2024-02-07T08:51:50.856+0000] {dag.py:3820} INFO - Setting next_dagrun for example_xcom to 2021-01-01T00:00:00+00:00, run_after=2021-01-01T00:00:00+00:00
[2024-02-07T08:51:50.884+0000] {processor.py:183} INFO - Processing /home/airflow/.local/lib/python3.8/site-packages/airflow/example_dags/example_xcom.py took 0.100 seconds
[2024-02-07T08:52:21.025+0000] {processor.py:161} INFO - Started process (PID=1408) to work on /home/airflow/.local/lib/python3.8/site-packages/airflow/example_dags/example_xcom.py
[2024-02-07T08:52:21.026+0000] {processor.py:830} INFO - Processing file /home/airflow/.local/lib/python3.8/site-packages/airflow/example_dags/example_xcom.py for tasks to queue
[2024-02-07T08:52:21.029+0000] {logging_mixin.py:188} INFO - [2024-02-07T08:52:21.029+0000] {dagbag.py:538} INFO - Filling up the DagBag from /home/airflow/.local/lib/python3.8/site-packages/airflow/example_dags/example_xcom.py
[2024-02-07T08:52:21.037+0000] {processor.py:840} INFO - DAG(s) 'example_xcom' retrieved from /home/airflow/.local/lib/python3.8/site-packages/airflow/example_dags/example_xcom.py
[2024-02-07T08:52:21.064+0000] {logging_mixin.py:188} INFO - [2024-02-07T08:52:21.064+0000] {dag.py:3033} INFO - Sync 1 DAGs
[2024-02-07T08:52:21.092+0000] {logging_mixin.py:188} INFO - [2024-02-07T08:52:21.092+0000] {dag.py:3820} INFO - Setting next_dagrun for example_xcom to 2021-01-01T00:00:00+00:00, run_after=2021-01-01T00:00:00+00:00
[2024-02-07T08:52:21.116+0000] {processor.py:183} INFO - Processing /home/airflow/.local/lib/python3.8/site-packages/airflow/example_dags/example_xcom.py took 0.095 seconds
[2024-02-07T08:52:51.479+0000] {processor.py:161} INFO - Started process (PID=1465) to work on /home/airflow/.local/lib/python3.8/site-packages/airflow/example_dags/example_xcom.py
[2024-02-07T08:52:51.480+0000] {processor.py:830} INFO - Processing file /home/airflow/.local/lib/python3.8/site-packages/airflow/example_dags/example_xcom.py for tasks to queue
[2024-02-07T08:52:51.483+0000] {logging_mixin.py:188} INFO - [2024-02-07T08:52:51.482+0000] {dagbag.py:538} INFO - Filling up the DagBag from /home/airflow/.local/lib/python3.8/site-packages/airflow/example_dags/example_xcom.py
[2024-02-07T08:52:51.492+0000] {processor.py:840} INFO - DAG(s) 'example_xcom' retrieved from /home/airflow/.local/lib/python3.8/site-packages/airflow/example_dags/example_xcom.py
[2024-02-07T08:52:51.515+0000] {logging_mixin.py:188} INFO - [2024-02-07T08:52:51.515+0000] {dag.py:3033} INFO - Sync 1 DAGs
[2024-02-07T08:52:51.540+0000] {logging_mixin.py:188} INFO - [2024-02-07T08:52:51.540+0000] {dag.py:3820} INFO - Setting next_dagrun for example_xcom to 2021-01-01T00:00:00+00:00, run_after=2021-01-01T00:00:00+00:00
[2024-02-07T08:52:51.570+0000] {processor.py:183} INFO - Processing /home/airflow/.local/lib/python3.8/site-packages/airflow/example_dags/example_xcom.py took 0.095 seconds
[2024-02-07T08:53:21.746+0000] {processor.py:161} INFO - Started process (PID=1522) to work on /home/airflow/.local/lib/python3.8/site-packages/airflow/example_dags/example_xcom.py
[2024-02-07T08:53:21.747+0000] {processor.py:830} INFO - Processing file /home/airflow/.local/lib/python3.8/site-packages/airflow/example_dags/example_xcom.py for tasks to queue
[2024-02-07T08:53:21.750+0000] {logging_mixin.py:188} INFO - [2024-02-07T08:53:21.750+0000] {dagbag.py:538} INFO - Filling up the DagBag from /home/airflow/.local/lib/python3.8/site-packages/airflow/example_dags/example_xcom.py
[2024-02-07T08:53:21.759+0000] {processor.py:840} INFO - DAG(s) 'example_xcom' retrieved from /home/airflow/.local/lib/python3.8/site-packages/airflow/example_dags/example_xcom.py
[2024-02-07T08:53:21.786+0000] {logging_mixin.py:188} INFO - [2024-02-07T08:53:21.786+0000] {dag.py:3033} INFO - Sync 1 DAGs
[2024-02-07T08:53:21.809+0000] {logging_mixin.py:188} INFO - [2024-02-07T08:53:21.809+0000] {dag.py:3820} INFO - Setting next_dagrun for example_xcom to 2021-01-01T00:00:00+00:00, run_after=2021-01-01T00:00:00+00:00
[2024-02-07T08:53:21.834+0000] {processor.py:183} INFO - Processing /home/airflow/.local/lib/python3.8/site-packages/airflow/example_dags/example_xcom.py took 0.092 seconds
[2024-02-07T08:53:52.072+0000] {processor.py:161} INFO - Started process (PID=1579) to work on /home/airflow/.local/lib/python3.8/site-packages/airflow/example_dags/example_xcom.py
[2024-02-07T08:53:52.074+0000] {processor.py:830} INFO - Processing file /home/airflow/.local/lib/python3.8/site-packages/airflow/example_dags/example_xcom.py for tasks to queue
[2024-02-07T08:53:52.076+0000] {logging_mixin.py:188} INFO - [2024-02-07T08:53:52.076+0000] {dagbag.py:538} INFO - Filling up the DagBag from /home/airflow/.local/lib/python3.8/site-packages/airflow/example_dags/example_xcom.py
[2024-02-07T08:53:52.084+0000] {processor.py:840} INFO - DAG(s) 'example_xcom' retrieved from /home/airflow/.local/lib/python3.8/site-packages/airflow/example_dags/example_xcom.py
[2024-02-07T08:53:52.108+0000] {logging_mixin.py:188} INFO - [2024-02-07T08:53:52.108+0000] {dag.py:3033} INFO - Sync 1 DAGs
[2024-02-07T08:53:52.133+0000] {logging_mixin.py:188} INFO - [2024-02-07T08:53:52.133+0000] {dag.py:3820} INFO - Setting next_dagrun for example_xcom to 2021-01-01T00:00:00+00:00, run_after=2021-01-01T00:00:00+00:00
[2024-02-07T08:53:52.157+0000] {processor.py:183} INFO - Processing /home/airflow/.local/lib/python3.8/site-packages/airflow/example_dags/example_xcom.py took 0.088 seconds
[2024-02-07T08:54:22.466+0000] {processor.py:161} INFO - Started process (PID=1636) to work on /home/airflow/.local/lib/python3.8/site-packages/airflow/example_dags/example_xcom.py
[2024-02-07T08:54:22.467+0000] {processor.py:830} INFO - Processing file /home/airflow/.local/lib/python3.8/site-packages/airflow/example_dags/example_xcom.py for tasks to queue
[2024-02-07T08:54:22.471+0000] {logging_mixin.py:188} INFO - [2024-02-07T08:54:22.471+0000] {dagbag.py:538} INFO - Filling up the DagBag from /home/airflow/.local/lib/python3.8/site-packages/airflow/example_dags/example_xcom.py
[2024-02-07T08:54:22.482+0000] {processor.py:840} INFO - DAG(s) 'example_xcom' retrieved from /home/airflow/.local/lib/python3.8/site-packages/airflow/example_dags/example_xcom.py
[2024-02-07T08:54:22.512+0000] {logging_mixin.py:188} INFO - [2024-02-07T08:54:22.512+0000] {dag.py:3033} INFO - Sync 1 DAGs
[2024-02-07T08:54:22.539+0000] {logging_mixin.py:188} INFO - [2024-02-07T08:54:22.539+0000] {dag.py:3820} INFO - Setting next_dagrun for example_xcom to 2021-01-01T00:00:00+00:00, run_after=2021-01-01T00:00:00+00:00
[2024-02-07T08:54:22.568+0000] {processor.py:183} INFO - Processing /home/airflow/.local/lib/python3.8/site-packages/airflow/example_dags/example_xcom.py took 0.105 seconds
[2024-02-07T08:54:53.162+0000] {processor.py:161} INFO - Started process (PID=1693) to work on /home/airflow/.local/lib/python3.8/site-packages/airflow/example_dags/example_xcom.py
[2024-02-07T08:54:53.164+0000] {processor.py:830} INFO - Processing file /home/airflow/.local/lib/python3.8/site-packages/airflow/example_dags/example_xcom.py for tasks to queue
[2024-02-07T08:54:53.168+0000] {logging_mixin.py:188} INFO - [2024-02-07T08:54:53.167+0000] {dagbag.py:538} INFO - Filling up the DagBag from /home/airflow/.local/lib/python3.8/site-packages/airflow/example_dags/example_xcom.py
[2024-02-07T08:54:53.184+0000] {processor.py:840} INFO - DAG(s) 'example_xcom' retrieved from /home/airflow/.local/lib/python3.8/site-packages/airflow/example_dags/example_xcom.py
[2024-02-07T08:54:53.238+0000] {logging_mixin.py:188} INFO - [2024-02-07T08:54:53.238+0000] {dag.py:3033} INFO - Sync 1 DAGs
[2024-02-07T08:54:53.287+0000] {logging_mixin.py:188} INFO - [2024-02-07T08:54:53.287+0000] {dag.py:3820} INFO - Setting next_dagrun for example_xcom to 2021-01-01T00:00:00+00:00, run_after=2021-01-01T00:00:00+00:00
[2024-02-07T08:54:53.333+0000] {processor.py:183} INFO - Processing /home/airflow/.local/lib/python3.8/site-packages/airflow/example_dags/example_xcom.py took 0.178 seconds
[2024-02-07T08:55:24.020+0000] {processor.py:161} INFO - Started process (PID=1750) to work on /home/airflow/.local/lib/python3.8/site-packages/airflow/example_dags/example_xcom.py
[2024-02-07T08:55:24.024+0000] {processor.py:830} INFO - Processing file /home/airflow/.local/lib/python3.8/site-packages/airflow/example_dags/example_xcom.py for tasks to queue
[2024-02-07T08:55:24.029+0000] {logging_mixin.py:188} INFO - [2024-02-07T08:55:24.028+0000] {dagbag.py:538} INFO - Filling up the DagBag from /home/airflow/.local/lib/python3.8/site-packages/airflow/example_dags/example_xcom.py
[2024-02-07T08:55:24.042+0000] {processor.py:840} INFO - DAG(s) 'example_xcom' retrieved from /home/airflow/.local/lib/python3.8/site-packages/airflow/example_dags/example_xcom.py
[2024-02-07T08:55:24.090+0000] {logging_mixin.py:188} INFO - [2024-02-07T08:55:24.090+0000] {dag.py:3033} INFO - Sync 1 DAGs
[2024-02-07T08:55:24.140+0000] {logging_mixin.py:188} INFO - [2024-02-07T08:55:24.140+0000] {dag.py:3820} INFO - Setting next_dagrun for example_xcom to 2021-01-01T00:00:00+00:00, run_after=2021-01-01T00:00:00+00:00
[2024-02-07T08:55:24.200+0000] {processor.py:183} INFO - Processing /home/airflow/.local/lib/python3.8/site-packages/airflow/example_dags/example_xcom.py took 0.191 seconds
[2024-02-07T08:55:54.405+0000] {processor.py:161} INFO - Started process (PID=1807) to work on /home/airflow/.local/lib/python3.8/site-packages/airflow/example_dags/example_xcom.py
[2024-02-07T08:55:54.408+0000] {processor.py:830} INFO - Processing file /home/airflow/.local/lib/python3.8/site-packages/airflow/example_dags/example_xcom.py for tasks to queue
[2024-02-07T08:55:54.412+0000] {logging_mixin.py:188} INFO - [2024-02-07T08:55:54.412+0000] {dagbag.py:538} INFO - Filling up the DagBag from /home/airflow/.local/lib/python3.8/site-packages/airflow/example_dags/example_xcom.py
[2024-02-07T08:55:54.429+0000] {processor.py:840} INFO - DAG(s) 'example_xcom' retrieved from /home/airflow/.local/lib/python3.8/site-packages/airflow/example_dags/example_xcom.py
[2024-02-07T08:55:54.484+0000] {logging_mixin.py:188} INFO - [2024-02-07T08:55:54.483+0000] {dag.py:3033} INFO - Sync 1 DAGs
[2024-02-07T08:55:54.539+0000] {logging_mixin.py:188} INFO - [2024-02-07T08:55:54.539+0000] {dag.py:3820} INFO - Setting next_dagrun for example_xcom to 2021-01-01T00:00:00+00:00, run_after=2021-01-01T00:00:00+00:00
[2024-02-07T08:55:54.597+0000] {processor.py:183} INFO - Processing /home/airflow/.local/lib/python3.8/site-packages/airflow/example_dags/example_xcom.py took 0.205 seconds
[2024-02-07T08:56:24.780+0000] {processor.py:161} INFO - Started process (PID=1865) to work on /home/airflow/.local/lib/python3.8/site-packages/airflow/example_dags/example_xcom.py
[2024-02-07T08:56:24.785+0000] {processor.py:830} INFO - Processing file /home/airflow/.local/lib/python3.8/site-packages/airflow/example_dags/example_xcom.py for tasks to queue
[2024-02-07T08:56:24.798+0000] {logging_mixin.py:188} INFO - [2024-02-07T08:56:24.798+0000] {dagbag.py:538} INFO - Filling up the DagBag from /home/airflow/.local/lib/python3.8/site-packages/airflow/example_dags/example_xcom.py
[2024-02-07T08:56:24.854+0000] {processor.py:840} INFO - DAG(s) 'example_xcom' retrieved from /home/airflow/.local/lib/python3.8/site-packages/airflow/example_dags/example_xcom.py
[2024-02-07T08:56:24.937+0000] {logging_mixin.py:188} INFO - [2024-02-07T08:56:24.936+0000] {dag.py:3033} INFO - Sync 1 DAGs
[2024-02-07T08:56:25.014+0000] {logging_mixin.py:188} INFO - [2024-02-07T08:56:25.014+0000] {dag.py:3820} INFO - Setting next_dagrun for example_xcom to 2021-01-01T00:00:00+00:00, run_after=2021-01-01T00:00:00+00:00
[2024-02-07T08:56:25.103+0000] {processor.py:183} INFO - Processing /home/airflow/.local/lib/python3.8/site-packages/airflow/example_dags/example_xcom.py took 0.351 seconds
[2024-02-07T08:56:55.254+0000] {processor.py:161} INFO - Started process (PID=1922) to work on /home/airflow/.local/lib/python3.8/site-packages/airflow/example_dags/example_xcom.py
[2024-02-07T08:56:55.257+0000] {processor.py:830} INFO - Processing file /home/airflow/.local/lib/python3.8/site-packages/airflow/example_dags/example_xcom.py for tasks to queue
[2024-02-07T08:56:55.264+0000] {logging_mixin.py:188} INFO - [2024-02-07T08:56:55.263+0000] {dagbag.py:538} INFO - Filling up the DagBag from /home/airflow/.local/lib/python3.8/site-packages/airflow/example_dags/example_xcom.py
[2024-02-07T08:56:55.289+0000] {processor.py:840} INFO - DAG(s) 'example_xcom' retrieved from /home/airflow/.local/lib/python3.8/site-packages/airflow/example_dags/example_xcom.py
[2024-02-07T08:56:55.344+0000] {logging_mixin.py:188} INFO - [2024-02-07T08:56:55.343+0000] {dag.py:3033} INFO - Sync 1 DAGs
[2024-02-07T08:56:55.408+0000] {logging_mixin.py:188} INFO - [2024-02-07T08:56:55.407+0000] {dag.py:3820} INFO - Setting next_dagrun for example_xcom to 2021-01-01T00:00:00+00:00, run_after=2021-01-01T00:00:00+00:00
[2024-02-07T08:56:55.471+0000] {processor.py:183} INFO - Processing /home/airflow/.local/lib/python3.8/site-packages/airflow/example_dags/example_xcom.py took 0.227 seconds
[2024-02-07T08:57:26.145+0000] {processor.py:161} INFO - Started process (PID=1979) to work on /home/airflow/.local/lib/python3.8/site-packages/airflow/example_dags/example_xcom.py
[2024-02-07T08:57:26.148+0000] {processor.py:830} INFO - Processing file /home/airflow/.local/lib/python3.8/site-packages/airflow/example_dags/example_xcom.py for tasks to queue
[2024-02-07T08:57:26.155+0000] {logging_mixin.py:188} INFO - [2024-02-07T08:57:26.154+0000] {dagbag.py:538} INFO - Filling up the DagBag from /home/airflow/.local/lib/python3.8/site-packages/airflow/example_dags/example_xcom.py
[2024-02-07T08:57:26.174+0000] {processor.py:840} INFO - DAG(s) 'example_xcom' retrieved from /home/airflow/.local/lib/python3.8/site-packages/airflow/example_dags/example_xcom.py
[2024-02-07T08:57:26.237+0000] {logging_mixin.py:188} INFO - [2024-02-07T08:57:26.236+0000] {dag.py:3033} INFO - Sync 1 DAGs
[2024-02-07T08:57:26.295+0000] {logging_mixin.py:188} INFO - [2024-02-07T08:57:26.294+0000] {dag.py:3820} INFO - Setting next_dagrun for example_xcom to 2021-01-01T00:00:00+00:00, run_after=2021-01-01T00:00:00+00:00
[2024-02-07T08:57:26.337+0000] {processor.py:183} INFO - Processing /home/airflow/.local/lib/python3.8/site-packages/airflow/example_dags/example_xcom.py took 0.205 seconds
[2024-02-07T08:57:56.585+0000] {processor.py:161} INFO - Started process (PID=2037) to work on /home/airflow/.local/lib/python3.8/site-packages/airflow/example_dags/example_xcom.py
[2024-02-07T08:57:56.588+0000] {processor.py:830} INFO - Processing file /home/airflow/.local/lib/python3.8/site-packages/airflow/example_dags/example_xcom.py for tasks to queue
[2024-02-07T08:57:56.595+0000] {logging_mixin.py:188} INFO - [2024-02-07T08:57:56.594+0000] {dagbag.py:538} INFO - Filling up the DagBag from /home/airflow/.local/lib/python3.8/site-packages/airflow/example_dags/example_xcom.py
[2024-02-07T08:57:56.621+0000] {processor.py:840} INFO - DAG(s) 'example_xcom' retrieved from /home/airflow/.local/lib/python3.8/site-packages/airflow/example_dags/example_xcom.py
[2024-02-07T08:57:56.698+0000] {logging_mixin.py:188} INFO - [2024-02-07T08:57:56.697+0000] {dag.py:3033} INFO - Sync 1 DAGs
[2024-02-07T08:57:56.770+0000] {logging_mixin.py:188} INFO - [2024-02-07T08:57:56.769+0000] {dag.py:3820} INFO - Setting next_dagrun for example_xcom to 2021-01-01T00:00:00+00:00, run_after=2021-01-01T00:00:00+00:00
[2024-02-07T08:57:56.816+0000] {processor.py:183} INFO - Processing /home/airflow/.local/lib/python3.8/site-packages/airflow/example_dags/example_xcom.py took 0.240 seconds
[2024-02-07T08:58:27.693+0000] {processor.py:161} INFO - Started process (PID=2095) to work on /home/airflow/.local/lib/python3.8/site-packages/airflow/example_dags/example_xcom.py
[2024-02-07T08:58:27.696+0000] {processor.py:830} INFO - Processing file /home/airflow/.local/lib/python3.8/site-packages/airflow/example_dags/example_xcom.py for tasks to queue
[2024-02-07T08:58:27.702+0000] {logging_mixin.py:188} INFO - [2024-02-07T08:58:27.702+0000] {dagbag.py:538} INFO - Filling up the DagBag from /home/airflow/.local/lib/python3.8/site-packages/airflow/example_dags/example_xcom.py
[2024-02-07T08:58:27.727+0000] {processor.py:840} INFO - DAG(s) 'example_xcom' retrieved from /home/airflow/.local/lib/python3.8/site-packages/airflow/example_dags/example_xcom.py
[2024-02-07T08:58:27.772+0000] {logging_mixin.py:188} INFO - [2024-02-07T08:58:27.772+0000] {dag.py:3033} INFO - Sync 1 DAGs
[2024-02-07T08:58:27.834+0000] {logging_mixin.py:188} INFO - [2024-02-07T08:58:27.834+0000] {dag.py:3820} INFO - Setting next_dagrun for example_xcom to 2021-01-01T00:00:00+00:00, run_after=2021-01-01T00:00:00+00:00
[2024-02-07T08:58:27.897+0000] {processor.py:183} INFO - Processing /home/airflow/.local/lib/python3.8/site-packages/airflow/example_dags/example_xcom.py took 0.216 seconds
[2024-02-07T08:58:58.145+0000] {processor.py:161} INFO - Started process (PID=2152) to work on /home/airflow/.local/lib/python3.8/site-packages/airflow/example_dags/example_xcom.py
[2024-02-07T08:58:58.148+0000] {processor.py:830} INFO - Processing file /home/airflow/.local/lib/python3.8/site-packages/airflow/example_dags/example_xcom.py for tasks to queue
[2024-02-07T08:58:58.155+0000] {logging_mixin.py:188} INFO - [2024-02-07T08:58:58.154+0000] {dagbag.py:538} INFO - Filling up the DagBag from /home/airflow/.local/lib/python3.8/site-packages/airflow/example_dags/example_xcom.py
[2024-02-07T08:58:58.173+0000] {processor.py:840} INFO - DAG(s) 'example_xcom' retrieved from /home/airflow/.local/lib/python3.8/site-packages/airflow/example_dags/example_xcom.py
[2024-02-07T08:58:58.226+0000] {logging_mixin.py:188} INFO - [2024-02-07T08:58:58.226+0000] {dag.py:3033} INFO - Sync 1 DAGs
[2024-02-07T08:58:58.290+0000] {logging_mixin.py:188} INFO - [2024-02-07T08:58:58.290+0000] {dag.py:3820} INFO - Setting next_dagrun for example_xcom to 2021-01-01T00:00:00+00:00, run_after=2021-01-01T00:00:00+00:00
[2024-02-07T08:58:58.355+0000] {processor.py:183} INFO - Processing /home/airflow/.local/lib/python3.8/site-packages/airflow/example_dags/example_xcom.py took 0.221 seconds
[2024-02-07T08:59:28.500+0000] {processor.py:161} INFO - Started process (PID=2209) to work on /home/airflow/.local/lib/python3.8/site-packages/airflow/example_dags/example_xcom.py
[2024-02-07T08:59:28.501+0000] {processor.py:830} INFO - Processing file /home/airflow/.local/lib/python3.8/site-packages/airflow/example_dags/example_xcom.py for tasks to queue
[2024-02-07T08:59:28.504+0000] {logging_mixin.py:188} INFO - [2024-02-07T08:59:28.503+0000] {dagbag.py:538} INFO - Filling up the DagBag from /home/airflow/.local/lib/python3.8/site-packages/airflow/example_dags/example_xcom.py
[2024-02-07T08:59:28.513+0000] {processor.py:840} INFO - DAG(s) 'example_xcom' retrieved from /home/airflow/.local/lib/python3.8/site-packages/airflow/example_dags/example_xcom.py
[2024-02-07T08:59:28.536+0000] {logging_mixin.py:188} INFO - [2024-02-07T08:59:28.536+0000] {dag.py:3033} INFO - Sync 1 DAGs
[2024-02-07T08:59:28.558+0000] {logging_mixin.py:188} INFO - [2024-02-07T08:59:28.558+0000] {dag.py:3820} INFO - Setting next_dagrun for example_xcom to 2021-01-01T00:00:00+00:00, run_after=2021-01-01T00:00:00+00:00
[2024-02-07T08:59:28.579+0000] {processor.py:183} INFO - Processing /home/airflow/.local/lib/python3.8/site-packages/airflow/example_dags/example_xcom.py took 0.083 seconds
[2024-02-07T08:59:58.758+0000] {processor.py:161} INFO - Started process (PID=2266) to work on /home/airflow/.local/lib/python3.8/site-packages/airflow/example_dags/example_xcom.py
[2024-02-07T08:59:58.759+0000] {processor.py:830} INFO - Processing file /home/airflow/.local/lib/python3.8/site-packages/airflow/example_dags/example_xcom.py for tasks to queue
[2024-02-07T08:59:58.762+0000] {logging_mixin.py:188} INFO - [2024-02-07T08:59:58.762+0000] {dagbag.py:538} INFO - Filling up the DagBag from /home/airflow/.local/lib/python3.8/site-packages/airflow/example_dags/example_xcom.py
[2024-02-07T08:59:58.771+0000] {processor.py:840} INFO - DAG(s) 'example_xcom' retrieved from /home/airflow/.local/lib/python3.8/site-packages/airflow/example_dags/example_xcom.py
[2024-02-07T08:59:58.794+0000] {logging_mixin.py:188} INFO - [2024-02-07T08:59:58.794+0000] {dag.py:3033} INFO - Sync 1 DAGs
[2024-02-07T08:59:58.816+0000] {logging_mixin.py:188} INFO - [2024-02-07T08:59:58.816+0000] {dag.py:3820} INFO - Setting next_dagrun for example_xcom to 2021-01-01T00:00:00+00:00, run_after=2021-01-01T00:00:00+00:00
[2024-02-07T08:59:58.837+0000] {processor.py:183} INFO - Processing /home/airflow/.local/lib/python3.8/site-packages/airflow/example_dags/example_xcom.py took 0.082 seconds
[2024-02-07T09:00:29.260+0000] {processor.py:161} INFO - Started process (PID=2323) to work on /home/airflow/.local/lib/python3.8/site-packages/airflow/example_dags/example_xcom.py
[2024-02-07T09:00:29.261+0000] {processor.py:830} INFO - Processing file /home/airflow/.local/lib/python3.8/site-packages/airflow/example_dags/example_xcom.py for tasks to queue
[2024-02-07T09:00:29.264+0000] {logging_mixin.py:188} INFO - [2024-02-07T09:00:29.263+0000] {dagbag.py:538} INFO - Filling up the DagBag from /home/airflow/.local/lib/python3.8/site-packages/airflow/example_dags/example_xcom.py
[2024-02-07T09:00:29.272+0000] {processor.py:840} INFO - DAG(s) 'example_xcom' retrieved from /home/airflow/.local/lib/python3.8/site-packages/airflow/example_dags/example_xcom.py
[2024-02-07T09:00:29.297+0000] {logging_mixin.py:188} INFO - [2024-02-07T09:00:29.296+0000] {dag.py:3033} INFO - Sync 1 DAGs
[2024-02-07T09:00:29.318+0000] {logging_mixin.py:188} INFO - [2024-02-07T09:00:29.318+0000] {dag.py:3820} INFO - Setting next_dagrun for example_xcom to 2021-01-01T00:00:00+00:00, run_after=2021-01-01T00:00:00+00:00
[2024-02-07T09:00:29.337+0000] {processor.py:183} INFO - Processing /home/airflow/.local/lib/python3.8/site-packages/airflow/example_dags/example_xcom.py took 0.080 seconds
[2024-02-07T09:00:59.819+0000] {processor.py:161} INFO - Started process (PID=2380) to work on /home/airflow/.local/lib/python3.8/site-packages/airflow/example_dags/example_xcom.py
[2024-02-07T09:00:59.820+0000] {processor.py:830} INFO - Processing file /home/airflow/.local/lib/python3.8/site-packages/airflow/example_dags/example_xcom.py for tasks to queue
[2024-02-07T09:00:59.822+0000] {logging_mixin.py:188} INFO - [2024-02-07T09:00:59.822+0000] {dagbag.py:538} INFO - Filling up the DagBag from /home/airflow/.local/lib/python3.8/site-packages/airflow/example_dags/example_xcom.py
[2024-02-07T09:00:59.829+0000] {processor.py:840} INFO - DAG(s) 'example_xcom' retrieved from /home/airflow/.local/lib/python3.8/site-packages/airflow/example_dags/example_xcom.py
[2024-02-07T09:00:59.853+0000] {logging_mixin.py:188} INFO - [2024-02-07T09:00:59.853+0000] {dag.py:3033} INFO - Sync 1 DAGs
[2024-02-07T09:00:59.875+0000] {logging_mixin.py:188} INFO - [2024-02-07T09:00:59.874+0000] {dag.py:3820} INFO - Setting next_dagrun for example_xcom to 2021-01-01T00:00:00+00:00, run_after=2021-01-01T00:00:00+00:00
[2024-02-07T09:00:59.901+0000] {processor.py:183} INFO - Processing /home/airflow/.local/lib/python3.8/site-packages/airflow/example_dags/example_xcom.py took 0.086 seconds
[2024-02-07T09:01:30.334+0000] {processor.py:161} INFO - Started process (PID=2437) to work on /home/airflow/.local/lib/python3.8/site-packages/airflow/example_dags/example_xcom.py
[2024-02-07T09:01:30.335+0000] {processor.py:830} INFO - Processing file /home/airflow/.local/lib/python3.8/site-packages/airflow/example_dags/example_xcom.py for tasks to queue
[2024-02-07T09:01:30.338+0000] {logging_mixin.py:188} INFO - [2024-02-07T09:01:30.337+0000] {dagbag.py:538} INFO - Filling up the DagBag from /home/airflow/.local/lib/python3.8/site-packages/airflow/example_dags/example_xcom.py
[2024-02-07T09:01:30.347+0000] {processor.py:840} INFO - DAG(s) 'example_xcom' retrieved from /home/airflow/.local/lib/python3.8/site-packages/airflow/example_dags/example_xcom.py
[2024-02-07T09:01:30.370+0000] {logging_mixin.py:188} INFO - [2024-02-07T09:01:30.369+0000] {dag.py:3033} INFO - Sync 1 DAGs
[2024-02-07T09:01:30.394+0000] {logging_mixin.py:188} INFO - [2024-02-07T09:01:30.393+0000] {dag.py:3820} INFO - Setting next_dagrun for example_xcom to 2021-01-01T00:00:00+00:00, run_after=2021-01-01T00:00:00+00:00
[2024-02-07T09:01:30.418+0000] {processor.py:183} INFO - Processing /home/airflow/.local/lib/python3.8/site-packages/airflow/example_dags/example_xcom.py took 0.087 seconds
[2024-02-07T09:02:00.800+0000] {processor.py:161} INFO - Started process (PID=2494) to work on /home/airflow/.local/lib/python3.8/site-packages/airflow/example_dags/example_xcom.py
[2024-02-07T09:02:00.801+0000] {processor.py:830} INFO - Processing file /home/airflow/.local/lib/python3.8/site-packages/airflow/example_dags/example_xcom.py for tasks to queue
[2024-02-07T09:02:00.804+0000] {logging_mixin.py:188} INFO - [2024-02-07T09:02:00.803+0000] {dagbag.py:538} INFO - Filling up the DagBag from /home/airflow/.local/lib/python3.8/site-packages/airflow/example_dags/example_xcom.py
[2024-02-07T09:02:00.811+0000] {processor.py:840} INFO - DAG(s) 'example_xcom' retrieved from /home/airflow/.local/lib/python3.8/site-packages/airflow/example_dags/example_xcom.py
[2024-02-07T09:02:00.833+0000] {logging_mixin.py:188} INFO - [2024-02-07T09:02:00.833+0000] {dag.py:3033} INFO - Sync 1 DAGs
[2024-02-07T09:02:00.854+0000] {logging_mixin.py:188} INFO - [2024-02-07T09:02:00.853+0000] {dag.py:3820} INFO - Setting next_dagrun for example_xcom to 2021-01-01T00:00:00+00:00, run_after=2021-01-01T00:00:00+00:00
[2024-02-07T09:02:00.879+0000] {processor.py:183} INFO - Processing /home/airflow/.local/lib/python3.8/site-packages/airflow/example_dags/example_xcom.py took 0.082 seconds
[2024-02-07T09:02:31.459+0000] {processor.py:161} INFO - Started process (PID=2558) to work on /home/airflow/.local/lib/python3.8/site-packages/airflow/example_dags/example_xcom.py
[2024-02-07T09:02:31.460+0000] {processor.py:830} INFO - Processing file /home/airflow/.local/lib/python3.8/site-packages/airflow/example_dags/example_xcom.py for tasks to queue
[2024-02-07T09:02:31.463+0000] {logging_mixin.py:188} INFO - [2024-02-07T09:02:31.462+0000] {dagbag.py:538} INFO - Filling up the DagBag from /home/airflow/.local/lib/python3.8/site-packages/airflow/example_dags/example_xcom.py
[2024-02-07T09:02:31.473+0000] {processor.py:840} INFO - DAG(s) 'example_xcom' retrieved from /home/airflow/.local/lib/python3.8/site-packages/airflow/example_dags/example_xcom.py
[2024-02-07T09:02:31.498+0000] {logging_mixin.py:188} INFO - [2024-02-07T09:02:31.498+0000] {dag.py:3033} INFO - Sync 1 DAGs
[2024-02-07T09:02:31.521+0000] {logging_mixin.py:188} INFO - [2024-02-07T09:02:31.520+0000] {dag.py:3820} INFO - Setting next_dagrun for example_xcom to 2021-01-01T00:00:00+00:00, run_after=2021-01-01T00:00:00+00:00
[2024-02-07T09:02:31.546+0000] {processor.py:183} INFO - Processing /home/airflow/.local/lib/python3.8/site-packages/airflow/example_dags/example_xcom.py took 0.092 seconds
[2024-02-07T09:03:01.666+0000] {processor.py:161} INFO - Started process (PID=2615) to work on /home/airflow/.local/lib/python3.8/site-packages/airflow/example_dags/example_xcom.py
[2024-02-07T09:03:01.668+0000] {processor.py:830} INFO - Processing file /home/airflow/.local/lib/python3.8/site-packages/airflow/example_dags/example_xcom.py for tasks to queue
[2024-02-07T09:03:01.670+0000] {logging_mixin.py:188} INFO - [2024-02-07T09:03:01.670+0000] {dagbag.py:538} INFO - Filling up the DagBag from /home/airflow/.local/lib/python3.8/site-packages/airflow/example_dags/example_xcom.py
[2024-02-07T09:03:01.677+0000] {processor.py:840} INFO - DAG(s) 'example_xcom' retrieved from /home/airflow/.local/lib/python3.8/site-packages/airflow/example_dags/example_xcom.py
[2024-02-07T09:03:01.699+0000] {logging_mixin.py:188} INFO - [2024-02-07T09:03:01.699+0000] {dag.py:3033} INFO - Sync 1 DAGs
[2024-02-07T09:03:01.720+0000] {logging_mixin.py:188} INFO - [2024-02-07T09:03:01.720+0000] {dag.py:3820} INFO - Setting next_dagrun for example_xcom to 2021-01-01T00:00:00+00:00, run_after=2021-01-01T00:00:00+00:00
[2024-02-07T09:03:01.744+0000] {processor.py:183} INFO - Processing /home/airflow/.local/lib/python3.8/site-packages/airflow/example_dags/example_xcom.py took 0.080 seconds
[2024-02-07T09:03:32.490+0000] {processor.py:161} INFO - Started process (PID=2672) to work on /home/airflow/.local/lib/python3.8/site-packages/airflow/example_dags/example_xcom.py
[2024-02-07T09:03:32.491+0000] {processor.py:830} INFO - Processing file /home/airflow/.local/lib/python3.8/site-packages/airflow/example_dags/example_xcom.py for tasks to queue
[2024-02-07T09:03:32.494+0000] {logging_mixin.py:188} INFO - [2024-02-07T09:03:32.494+0000] {dagbag.py:538} INFO - Filling up the DagBag from /home/airflow/.local/lib/python3.8/site-packages/airflow/example_dags/example_xcom.py
[2024-02-07T09:03:32.501+0000] {processor.py:840} INFO - DAG(s) 'example_xcom' retrieved from /home/airflow/.local/lib/python3.8/site-packages/airflow/example_dags/example_xcom.py
[2024-02-07T09:03:32.523+0000] {logging_mixin.py:188} INFO - [2024-02-07T09:03:32.522+0000] {dag.py:3033} INFO - Sync 1 DAGs
[2024-02-07T09:03:32.544+0000] {logging_mixin.py:188} INFO - [2024-02-07T09:03:32.543+0000] {dag.py:3820} INFO - Setting next_dagrun for example_xcom to 2021-01-01T00:00:00+00:00, run_after=2021-01-01T00:00:00+00:00
[2024-02-07T09:03:32.567+0000] {processor.py:183} INFO - Processing /home/airflow/.local/lib/python3.8/site-packages/airflow/example_dags/example_xcom.py took 0.080 seconds
[2024-02-07T09:04:02.725+0000] {processor.py:161} INFO - Started process (PID=2729) to work on /home/airflow/.local/lib/python3.8/site-packages/airflow/example_dags/example_xcom.py
[2024-02-07T09:04:02.726+0000] {processor.py:830} INFO - Processing file /home/airflow/.local/lib/python3.8/site-packages/airflow/example_dags/example_xcom.py for tasks to queue
[2024-02-07T09:04:02.729+0000] {logging_mixin.py:188} INFO - [2024-02-07T09:04:02.729+0000] {dagbag.py:538} INFO - Filling up the DagBag from /home/airflow/.local/lib/python3.8/site-packages/airflow/example_dags/example_xcom.py
[2024-02-07T09:04:02.735+0000] {processor.py:840} INFO - DAG(s) 'example_xcom' retrieved from /home/airflow/.local/lib/python3.8/site-packages/airflow/example_dags/example_xcom.py
[2024-02-07T09:04:02.758+0000] {logging_mixin.py:188} INFO - [2024-02-07T09:04:02.758+0000] {dag.py:3033} INFO - Sync 1 DAGs
[2024-02-07T09:04:02.785+0000] {logging_mixin.py:188} INFO - [2024-02-07T09:04:02.784+0000] {dag.py:3820} INFO - Setting next_dagrun for example_xcom to 2021-01-01T00:00:00+00:00, run_after=2021-01-01T00:00:00+00:00
[2024-02-07T09:04:02.817+0000] {processor.py:183} INFO - Processing /home/airflow/.local/lib/python3.8/site-packages/airflow/example_dags/example_xcom.py took 0.095 seconds
[2024-02-07T09:04:33.294+0000] {processor.py:161} INFO - Started process (PID=2786) to work on /home/airflow/.local/lib/python3.8/site-packages/airflow/example_dags/example_xcom.py
[2024-02-07T09:04:33.296+0000] {processor.py:830} INFO - Processing file /home/airflow/.local/lib/python3.8/site-packages/airflow/example_dags/example_xcom.py for tasks to queue
[2024-02-07T09:04:33.298+0000] {logging_mixin.py:188} INFO - [2024-02-07T09:04:33.298+0000] {dagbag.py:538} INFO - Filling up the DagBag from /home/airflow/.local/lib/python3.8/site-packages/airflow/example_dags/example_xcom.py
[2024-02-07T09:04:33.306+0000] {processor.py:840} INFO - DAG(s) 'example_xcom' retrieved from /home/airflow/.local/lib/python3.8/site-packages/airflow/example_dags/example_xcom.py
[2024-02-07T09:04:33.329+0000] {logging_mixin.py:188} INFO - [2024-02-07T09:04:33.328+0000] {dag.py:3033} INFO - Sync 1 DAGs
[2024-02-07T09:04:33.350+0000] {logging_mixin.py:188} INFO - [2024-02-07T09:04:33.350+0000] {dag.py:3820} INFO - Setting next_dagrun for example_xcom to 2021-01-01T00:00:00+00:00, run_after=2021-01-01T00:00:00+00:00
[2024-02-07T09:04:33.373+0000] {processor.py:183} INFO - Processing /home/airflow/.local/lib/python3.8/site-packages/airflow/example_dags/example_xcom.py took 0.083 seconds
[2024-02-07T09:05:03.543+0000] {processor.py:161} INFO - Started process (PID=2843) to work on /home/airflow/.local/lib/python3.8/site-packages/airflow/example_dags/example_xcom.py
[2024-02-07T09:05:03.544+0000] {processor.py:830} INFO - Processing file /home/airflow/.local/lib/python3.8/site-packages/airflow/example_dags/example_xcom.py for tasks to queue
[2024-02-07T09:05:03.547+0000] {logging_mixin.py:188} INFO - [2024-02-07T09:05:03.547+0000] {dagbag.py:538} INFO - Filling up the DagBag from /home/airflow/.local/lib/python3.8/site-packages/airflow/example_dags/example_xcom.py
[2024-02-07T09:05:03.554+0000] {processor.py:840} INFO - DAG(s) 'example_xcom' retrieved from /home/airflow/.local/lib/python3.8/site-packages/airflow/example_dags/example_xcom.py
[2024-02-07T09:05:03.576+0000] {logging_mixin.py:188} INFO - [2024-02-07T09:05:03.576+0000] {dag.py:3033} INFO - Sync 1 DAGs
[2024-02-07T09:05:03.601+0000] {logging_mixin.py:188} INFO - [2024-02-07T09:05:03.600+0000] {dag.py:3820} INFO - Setting next_dagrun for example_xcom to 2021-01-01T00:00:00+00:00, run_after=2021-01-01T00:00:00+00:00
[2024-02-07T09:05:03.622+0000] {processor.py:183} INFO - Processing /home/airflow/.local/lib/python3.8/site-packages/airflow/example_dags/example_xcom.py took 0.082 seconds
[2024-02-07T09:05:33.939+0000] {processor.py:161} INFO - Started process (PID=2900) to work on /home/airflow/.local/lib/python3.8/site-packages/airflow/example_dags/example_xcom.py
[2024-02-07T09:05:33.940+0000] {processor.py:830} INFO - Processing file /home/airflow/.local/lib/python3.8/site-packages/airflow/example_dags/example_xcom.py for tasks to queue
[2024-02-07T09:05:33.943+0000] {logging_mixin.py:188} INFO - [2024-02-07T09:05:33.942+0000] {dagbag.py:538} INFO - Filling up the DagBag from /home/airflow/.local/lib/python3.8/site-packages/airflow/example_dags/example_xcom.py
[2024-02-07T09:05:33.950+0000] {processor.py:840} INFO - DAG(s) 'example_xcom' retrieved from /home/airflow/.local/lib/python3.8/site-packages/airflow/example_dags/example_xcom.py
[2024-02-07T09:05:33.977+0000] {logging_mixin.py:188} INFO - [2024-02-07T09:05:33.977+0000] {dag.py:3033} INFO - Sync 1 DAGs
[2024-02-07T09:05:34.009+0000] {logging_mixin.py:188} INFO - [2024-02-07T09:05:34.009+0000] {dag.py:3820} INFO - Setting next_dagrun for example_xcom to 2021-01-01T00:00:00+00:00, run_after=2021-01-01T00:00:00+00:00
[2024-02-07T09:05:34.033+0000] {processor.py:183} INFO - Processing /home/airflow/.local/lib/python3.8/site-packages/airflow/example_dags/example_xcom.py took 0.097 seconds
[2024-02-07T09:06:04.402+0000] {processor.py:161} INFO - Started process (PID=2957) to work on /home/airflow/.local/lib/python3.8/site-packages/airflow/example_dags/example_xcom.py
[2024-02-07T09:06:04.404+0000] {processor.py:830} INFO - Processing file /home/airflow/.local/lib/python3.8/site-packages/airflow/example_dags/example_xcom.py for tasks to queue
[2024-02-07T09:06:04.407+0000] {logging_mixin.py:188} INFO - [2024-02-07T09:06:04.407+0000] {dagbag.py:538} INFO - Filling up the DagBag from /home/airflow/.local/lib/python3.8/site-packages/airflow/example_dags/example_xcom.py
[2024-02-07T09:06:04.420+0000] {processor.py:840} INFO - DAG(s) 'example_xcom' retrieved from /home/airflow/.local/lib/python3.8/site-packages/airflow/example_dags/example_xcom.py
[2024-02-07T09:06:04.449+0000] {logging_mixin.py:188} INFO - [2024-02-07T09:06:04.448+0000] {dag.py:3033} INFO - Sync 1 DAGs
[2024-02-07T09:06:04.484+0000] {logging_mixin.py:188} INFO - [2024-02-07T09:06:04.484+0000] {dag.py:3820} INFO - Setting next_dagrun for example_xcom to 2021-01-01T00:00:00+00:00, run_after=2021-01-01T00:00:00+00:00
[2024-02-07T09:06:04.517+0000] {processor.py:183} INFO - Processing /home/airflow/.local/lib/python3.8/site-packages/airflow/example_dags/example_xcom.py took 0.119 seconds
[2024-02-07T09:06:34.757+0000] {processor.py:161} INFO - Started process (PID=3014) to work on /home/airflow/.local/lib/python3.8/site-packages/airflow/example_dags/example_xcom.py
[2024-02-07T09:06:34.758+0000] {processor.py:830} INFO - Processing file /home/airflow/.local/lib/python3.8/site-packages/airflow/example_dags/example_xcom.py for tasks to queue
[2024-02-07T09:06:34.761+0000] {logging_mixin.py:188} INFO - [2024-02-07T09:06:34.761+0000] {dagbag.py:538} INFO - Filling up the DagBag from /home/airflow/.local/lib/python3.8/site-packages/airflow/example_dags/example_xcom.py
[2024-02-07T09:06:34.770+0000] {processor.py:840} INFO - DAG(s) 'example_xcom' retrieved from /home/airflow/.local/lib/python3.8/site-packages/airflow/example_dags/example_xcom.py
[2024-02-07T09:06:34.792+0000] {logging_mixin.py:188} INFO - [2024-02-07T09:06:34.792+0000] {dag.py:3033} INFO - Sync 1 DAGs
[2024-02-07T09:06:34.815+0000] {logging_mixin.py:188} INFO - [2024-02-07T09:06:34.815+0000] {dag.py:3820} INFO - Setting next_dagrun for example_xcom to 2021-01-01T00:00:00+00:00, run_after=2021-01-01T00:00:00+00:00
[2024-02-07T09:06:34.839+0000] {processor.py:183} INFO - Processing /home/airflow/.local/lib/python3.8/site-packages/airflow/example_dags/example_xcom.py took 0.085 seconds
[2024-02-07T09:07:05.156+0000] {processor.py:161} INFO - Started process (PID=3071) to work on /home/airflow/.local/lib/python3.8/site-packages/airflow/example_dags/example_xcom.py
[2024-02-07T09:07:05.158+0000] {processor.py:830} INFO - Processing file /home/airflow/.local/lib/python3.8/site-packages/airflow/example_dags/example_xcom.py for tasks to queue
[2024-02-07T09:07:05.161+0000] {logging_mixin.py:188} INFO - [2024-02-07T09:07:05.161+0000] {dagbag.py:538} INFO - Filling up the DagBag from /home/airflow/.local/lib/python3.8/site-packages/airflow/example_dags/example_xcom.py
[2024-02-07T09:07:05.168+0000] {processor.py:840} INFO - DAG(s) 'example_xcom' retrieved from /home/airflow/.local/lib/python3.8/site-packages/airflow/example_dags/example_xcom.py
[2024-02-07T09:07:05.196+0000] {logging_mixin.py:188} INFO - [2024-02-07T09:07:05.196+0000] {dag.py:3033} INFO - Sync 1 DAGs
[2024-02-07T09:07:05.218+0000] {logging_mixin.py:188} INFO - [2024-02-07T09:07:05.218+0000] {dag.py:3820} INFO - Setting next_dagrun for example_xcom to 2021-01-01T00:00:00+00:00, run_after=2021-01-01T00:00:00+00:00
[2024-02-07T09:07:05.244+0000] {processor.py:183} INFO - Processing /home/airflow/.local/lib/python3.8/site-packages/airflow/example_dags/example_xcom.py took 0.091 seconds
[2024-02-07T09:07:35.755+0000] {processor.py:161} INFO - Started process (PID=3128) to work on /home/airflow/.local/lib/python3.8/site-packages/airflow/example_dags/example_xcom.py
[2024-02-07T09:07:35.756+0000] {processor.py:830} INFO - Processing file /home/airflow/.local/lib/python3.8/site-packages/airflow/example_dags/example_xcom.py for tasks to queue
[2024-02-07T09:07:35.758+0000] {logging_mixin.py:188} INFO - [2024-02-07T09:07:35.758+0000] {dagbag.py:538} INFO - Filling up the DagBag from /home/airflow/.local/lib/python3.8/site-packages/airflow/example_dags/example_xcom.py
[2024-02-07T09:07:35.766+0000] {processor.py:840} INFO - DAG(s) 'example_xcom' retrieved from /home/airflow/.local/lib/python3.8/site-packages/airflow/example_dags/example_xcom.py
[2024-02-07T09:07:35.787+0000] {logging_mixin.py:188} INFO - [2024-02-07T09:07:35.787+0000] {dag.py:3033} INFO - Sync 1 DAGs
[2024-02-07T09:07:35.809+0000] {logging_mixin.py:188} INFO - [2024-02-07T09:07:35.809+0000] {dag.py:3820} INFO - Setting next_dagrun for example_xcom to 2021-01-01T00:00:00+00:00, run_after=2021-01-01T00:00:00+00:00
[2024-02-07T09:07:35.830+0000] {processor.py:183} INFO - Processing /home/airflow/.local/lib/python3.8/site-packages/airflow/example_dags/example_xcom.py took 0.079 seconds
[2024-02-07T09:08:06.162+0000] {processor.py:161} INFO - Started process (PID=3185) to work on /home/airflow/.local/lib/python3.8/site-packages/airflow/example_dags/example_xcom.py
[2024-02-07T09:08:06.164+0000] {processor.py:830} INFO - Processing file /home/airflow/.local/lib/python3.8/site-packages/airflow/example_dags/example_xcom.py for tasks to queue
[2024-02-07T09:08:06.166+0000] {logging_mixin.py:188} INFO - [2024-02-07T09:08:06.166+0000] {dagbag.py:538} INFO - Filling up the DagBag from /home/airflow/.local/lib/python3.8/site-packages/airflow/example_dags/example_xcom.py
[2024-02-07T09:08:06.173+0000] {processor.py:840} INFO - DAG(s) 'example_xcom' retrieved from /home/airflow/.local/lib/python3.8/site-packages/airflow/example_dags/example_xcom.py
[2024-02-07T09:08:06.197+0000] {logging_mixin.py:188} INFO - [2024-02-07T09:08:06.197+0000] {dag.py:3033} INFO - Sync 1 DAGs
[2024-02-07T09:08:06.220+0000] {logging_mixin.py:188} INFO - [2024-02-07T09:08:06.219+0000] {dag.py:3820} INFO - Setting next_dagrun for example_xcom to 2021-01-01T00:00:00+00:00, run_after=2021-01-01T00:00:00+00:00
[2024-02-07T09:08:06.243+0000] {processor.py:183} INFO - Processing /home/airflow/.local/lib/python3.8/site-packages/airflow/example_dags/example_xcom.py took 0.084 seconds
[2024-02-07T09:08:36.555+0000] {processor.py:161} INFO - Started process (PID=3242) to work on /home/airflow/.local/lib/python3.8/site-packages/airflow/example_dags/example_xcom.py
[2024-02-07T09:08:36.556+0000] {processor.py:830} INFO - Processing file /home/airflow/.local/lib/python3.8/site-packages/airflow/example_dags/example_xcom.py for tasks to queue
[2024-02-07T09:08:36.559+0000] {logging_mixin.py:188} INFO - [2024-02-07T09:08:36.559+0000] {dagbag.py:538} INFO - Filling up the DagBag from /home/airflow/.local/lib/python3.8/site-packages/airflow/example_dags/example_xcom.py
[2024-02-07T09:08:36.566+0000] {processor.py:840} INFO - DAG(s) 'example_xcom' retrieved from /home/airflow/.local/lib/python3.8/site-packages/airflow/example_dags/example_xcom.py
[2024-02-07T09:08:36.594+0000] {logging_mixin.py:188} INFO - [2024-02-07T09:08:36.594+0000] {dag.py:3033} INFO - Sync 1 DAGs
[2024-02-07T09:08:36.620+0000] {logging_mixin.py:188} INFO - [2024-02-07T09:08:36.619+0000] {dag.py:3820} INFO - Setting next_dagrun for example_xcom to 2021-01-01T00:00:00+00:00, run_after=2021-01-01T00:00:00+00:00
[2024-02-07T09:08:36.647+0000] {processor.py:183} INFO - Processing /home/airflow/.local/lib/python3.8/site-packages/airflow/example_dags/example_xcom.py took 0.096 seconds
[2024-02-07T09:09:06.929+0000] {processor.py:161} INFO - Started process (PID=3299) to work on /home/airflow/.local/lib/python3.8/site-packages/airflow/example_dags/example_xcom.py
[2024-02-07T09:09:06.930+0000] {processor.py:830} INFO - Processing file /home/airflow/.local/lib/python3.8/site-packages/airflow/example_dags/example_xcom.py for tasks to queue
[2024-02-07T09:09:06.933+0000] {logging_mixin.py:188} INFO - [2024-02-07T09:09:06.933+0000] {dagbag.py:538} INFO - Filling up the DagBag from /home/airflow/.local/lib/python3.8/site-packages/airflow/example_dags/example_xcom.py
[2024-02-07T09:09:06.940+0000] {processor.py:840} INFO - DAG(s) 'example_xcom' retrieved from /home/airflow/.local/lib/python3.8/site-packages/airflow/example_dags/example_xcom.py
[2024-02-07T09:09:06.967+0000] {logging_mixin.py:188} INFO - [2024-02-07T09:09:06.967+0000] {dag.py:3033} INFO - Sync 1 DAGs
[2024-02-07T09:09:06.994+0000] {logging_mixin.py:188} INFO - [2024-02-07T09:09:06.994+0000] {dag.py:3820} INFO - Setting next_dagrun for example_xcom to 2021-01-01T00:00:00+00:00, run_after=2021-01-01T00:00:00+00:00
[2024-02-07T09:09:07.020+0000] {processor.py:183} INFO - Processing /home/airflow/.local/lib/python3.8/site-packages/airflow/example_dags/example_xcom.py took 0.095 seconds
[2024-02-07T09:09:37.393+0000] {processor.py:161} INFO - Started process (PID=3356) to work on /home/airflow/.local/lib/python3.8/site-packages/airflow/example_dags/example_xcom.py
[2024-02-07T09:09:37.394+0000] {processor.py:830} INFO - Processing file /home/airflow/.local/lib/python3.8/site-packages/airflow/example_dags/example_xcom.py for tasks to queue
[2024-02-07T09:09:37.397+0000] {logging_mixin.py:188} INFO - [2024-02-07T09:09:37.397+0000] {dagbag.py:538} INFO - Filling up the DagBag from /home/airflow/.local/lib/python3.8/site-packages/airflow/example_dags/example_xcom.py
[2024-02-07T09:09:37.404+0000] {processor.py:840} INFO - DAG(s) 'example_xcom' retrieved from /home/airflow/.local/lib/python3.8/site-packages/airflow/example_dags/example_xcom.py
[2024-02-07T09:09:37.428+0000] {logging_mixin.py:188} INFO - [2024-02-07T09:09:37.428+0000] {dag.py:3033} INFO - Sync 1 DAGs
[2024-02-07T09:09:37.450+0000] {logging_mixin.py:188} INFO - [2024-02-07T09:09:37.450+0000] {dag.py:3820} INFO - Setting next_dagrun for example_xcom to 2021-01-01T00:00:00+00:00, run_after=2021-01-01T00:00:00+00:00
[2024-02-07T09:09:37.476+0000] {processor.py:183} INFO - Processing /home/airflow/.local/lib/python3.8/site-packages/airflow/example_dags/example_xcom.py took 0.087 seconds
[2024-02-07T09:10:08.179+0000] {processor.py:161} INFO - Started process (PID=3413) to work on /home/airflow/.local/lib/python3.8/site-packages/airflow/example_dags/example_xcom.py
[2024-02-07T09:10:08.181+0000] {processor.py:830} INFO - Processing file /home/airflow/.local/lib/python3.8/site-packages/airflow/example_dags/example_xcom.py for tasks to queue
[2024-02-07T09:10:08.190+0000] {logging_mixin.py:188} INFO - [2024-02-07T09:10:08.189+0000] {dagbag.py:538} INFO - Filling up the DagBag from /home/airflow/.local/lib/python3.8/site-packages/airflow/example_dags/example_xcom.py
[2024-02-07T09:10:08.213+0000] {processor.py:840} INFO - DAG(s) 'example_xcom' retrieved from /home/airflow/.local/lib/python3.8/site-packages/airflow/example_dags/example_xcom.py
[2024-02-07T09:10:08.269+0000] {logging_mixin.py:188} INFO - [2024-02-07T09:10:08.269+0000] {dag.py:3033} INFO - Sync 1 DAGs
[2024-02-07T09:10:08.332+0000] {logging_mixin.py:188} INFO - [2024-02-07T09:10:08.332+0000] {dag.py:3820} INFO - Setting next_dagrun for example_xcom to 2021-01-01T00:00:00+00:00, run_after=2021-01-01T00:00:00+00:00
[2024-02-07T09:10:08.377+0000] {processor.py:183} INFO - Processing /home/airflow/.local/lib/python3.8/site-packages/airflow/example_dags/example_xcom.py took 0.211 seconds
[2024-02-07T09:10:39.118+0000] {processor.py:161} INFO - Started process (PID=3470) to work on /home/airflow/.local/lib/python3.8/site-packages/airflow/example_dags/example_xcom.py
[2024-02-07T09:10:39.119+0000] {processor.py:830} INFO - Processing file /home/airflow/.local/lib/python3.8/site-packages/airflow/example_dags/example_xcom.py for tasks to queue
[2024-02-07T09:10:39.129+0000] {logging_mixin.py:188} INFO - [2024-02-07T09:10:39.129+0000] {dagbag.py:538} INFO - Filling up the DagBag from /home/airflow/.local/lib/python3.8/site-packages/airflow/example_dags/example_xcom.py
[2024-02-07T09:10:39.139+0000] {processor.py:840} INFO - DAG(s) 'example_xcom' retrieved from /home/airflow/.local/lib/python3.8/site-packages/airflow/example_dags/example_xcom.py
[2024-02-07T09:10:39.165+0000] {logging_mixin.py:188} INFO - [2024-02-07T09:10:39.165+0000] {dag.py:3033} INFO - Sync 1 DAGs
[2024-02-07T09:10:39.188+0000] {logging_mixin.py:188} INFO - [2024-02-07T09:10:39.188+0000] {dag.py:3820} INFO - Setting next_dagrun for example_xcom to 2021-01-01T00:00:00+00:00, run_after=2021-01-01T00:00:00+00:00
[2024-02-07T09:10:39.224+0000] {processor.py:183} INFO - Processing /home/airflow/.local/lib/python3.8/site-packages/airflow/example_dags/example_xcom.py took 0.110 seconds
[2024-02-07T09:11:09.320+0000] {processor.py:161} INFO - Started process (PID=3527) to work on /home/airflow/.local/lib/python3.8/site-packages/airflow/example_dags/example_xcom.py
[2024-02-07T09:11:09.321+0000] {processor.py:830} INFO - Processing file /home/airflow/.local/lib/python3.8/site-packages/airflow/example_dags/example_xcom.py for tasks to queue
[2024-02-07T09:11:09.324+0000] {logging_mixin.py:188} INFO - [2024-02-07T09:11:09.323+0000] {dagbag.py:538} INFO - Filling up the DagBag from /home/airflow/.local/lib/python3.8/site-packages/airflow/example_dags/example_xcom.py
[2024-02-07T09:11:09.330+0000] {processor.py:840} INFO - DAG(s) 'example_xcom' retrieved from /home/airflow/.local/lib/python3.8/site-packages/airflow/example_dags/example_xcom.py
[2024-02-07T09:11:09.352+0000] {logging_mixin.py:188} INFO - [2024-02-07T09:11:09.351+0000] {dag.py:3033} INFO - Sync 1 DAGs
[2024-02-07T09:11:09.373+0000] {logging_mixin.py:188} INFO - [2024-02-07T09:11:09.373+0000] {dag.py:3820} INFO - Setting next_dagrun for example_xcom to 2021-01-01T00:00:00+00:00, run_after=2021-01-01T00:00:00+00:00
[2024-02-07T09:11:09.395+0000] {processor.py:183} INFO - Processing /home/airflow/.local/lib/python3.8/site-packages/airflow/example_dags/example_xcom.py took 0.078 seconds
