[2024-02-07T08:40:09.975+0000] {processor.py:161} INFO - Started process (PID=47) to work on /home/airflow/.local/lib/python3.8/site-packages/airflow/example_dags/example_task_group.py
[2024-02-07T08:40:09.976+0000] {processor.py:830} INFO - Processing file /home/airflow/.local/lib/python3.8/site-packages/airflow/example_dags/example_task_group.py for tasks to queue
[2024-02-07T08:40:09.978+0000] {logging_mixin.py:188} INFO - [2024-02-07T08:40:09.978+0000] {dagbag.py:538} INFO - Filling up the DagBag from /home/airflow/.local/lib/python3.8/site-packages/airflow/example_dags/example_task_group.py
[2024-02-07T08:40:09.988+0000] {processor.py:840} INFO - DAG(s) 'example_task_group' retrieved from /home/airflow/.local/lib/python3.8/site-packages/airflow/example_dags/example_task_group.py
[2024-02-07T08:40:10.022+0000] {logging_mixin.py:188} INFO - [2024-02-07T08:40:10.022+0000] {dag.py:3033} INFO - Sync 1 DAGs
[2024-02-07T08:40:10.051+0000] {logging_mixin.py:188} INFO - [2024-02-07T08:40:10.051+0000] {dag.py:3820} INFO - Setting next_dagrun for example_task_group to 2024-02-06T00:00:00+00:00, run_after=2024-02-07T00:00:00+00:00
[2024-02-07T08:40:10.074+0000] {processor.py:183} INFO - Processing /home/airflow/.local/lib/python3.8/site-packages/airflow/example_dags/example_task_group.py took 0.103 seconds
[2024-02-07T08:40:40.838+0000] {processor.py:161} INFO - Started process (PID=103) to work on /home/airflow/.local/lib/python3.8/site-packages/airflow/example_dags/example_task_group.py
[2024-02-07T08:40:40.839+0000] {processor.py:830} INFO - Processing file /home/airflow/.local/lib/python3.8/site-packages/airflow/example_dags/example_task_group.py for tasks to queue
[2024-02-07T08:40:40.842+0000] {logging_mixin.py:188} INFO - [2024-02-07T08:40:40.841+0000] {dagbag.py:538} INFO - Filling up the DagBag from /home/airflow/.local/lib/python3.8/site-packages/airflow/example_dags/example_task_group.py
[2024-02-07T08:40:40.848+0000] {processor.py:840} INFO - DAG(s) 'example_task_group' retrieved from /home/airflow/.local/lib/python3.8/site-packages/airflow/example_dags/example_task_group.py
[2024-02-07T08:40:40.871+0000] {logging_mixin.py:188} INFO - [2024-02-07T08:40:40.871+0000] {dag.py:3033} INFO - Sync 1 DAGs
[2024-02-07T08:40:40.897+0000] {logging_mixin.py:188} INFO - [2024-02-07T08:40:40.896+0000] {dag.py:3820} INFO - Setting next_dagrun for example_task_group to 2024-02-06T00:00:00+00:00, run_after=2024-02-07T00:00:00+00:00
[2024-02-07T08:40:40.917+0000] {processor.py:183} INFO - Processing /home/airflow/.local/lib/python3.8/site-packages/airflow/example_dags/example_task_group.py took 0.082 seconds
[2024-02-07T08:41:11.509+0000] {processor.py:161} INFO - Started process (PID=161) to work on /home/airflow/.local/lib/python3.8/site-packages/airflow/example_dags/example_task_group.py
[2024-02-07T08:41:11.511+0000] {processor.py:830} INFO - Processing file /home/airflow/.local/lib/python3.8/site-packages/airflow/example_dags/example_task_group.py for tasks to queue
[2024-02-07T08:41:11.513+0000] {logging_mixin.py:188} INFO - [2024-02-07T08:41:11.513+0000] {dagbag.py:538} INFO - Filling up the DagBag from /home/airflow/.local/lib/python3.8/site-packages/airflow/example_dags/example_task_group.py
[2024-02-07T08:41:11.520+0000] {processor.py:840} INFO - DAG(s) 'example_task_group' retrieved from /home/airflow/.local/lib/python3.8/site-packages/airflow/example_dags/example_task_group.py
[2024-02-07T08:41:11.551+0000] {logging_mixin.py:188} INFO - [2024-02-07T08:41:11.551+0000] {dag.py:3033} INFO - Sync 1 DAGs
[2024-02-07T08:41:11.576+0000] {logging_mixin.py:188} INFO - [2024-02-07T08:41:11.576+0000] {dag.py:3820} INFO - Setting next_dagrun for example_task_group to 2024-02-06T00:00:00+00:00, run_after=2024-02-07T00:00:00+00:00
[2024-02-07T08:41:11.599+0000] {processor.py:183} INFO - Processing /home/airflow/.local/lib/python3.8/site-packages/airflow/example_dags/example_task_group.py took 0.093 seconds
[2024-02-07T08:41:42.182+0000] {processor.py:161} INFO - Started process (PID=218) to work on /home/airflow/.local/lib/python3.8/site-packages/airflow/example_dags/example_task_group.py
[2024-02-07T08:41:42.183+0000] {processor.py:830} INFO - Processing file /home/airflow/.local/lib/python3.8/site-packages/airflow/example_dags/example_task_group.py for tasks to queue
[2024-02-07T08:41:42.186+0000] {logging_mixin.py:188} INFO - [2024-02-07T08:41:42.185+0000] {dagbag.py:538} INFO - Filling up the DagBag from /home/airflow/.local/lib/python3.8/site-packages/airflow/example_dags/example_task_group.py
[2024-02-07T08:41:42.195+0000] {processor.py:840} INFO - DAG(s) 'example_task_group' retrieved from /home/airflow/.local/lib/python3.8/site-packages/airflow/example_dags/example_task_group.py
[2024-02-07T08:41:42.218+0000] {logging_mixin.py:188} INFO - [2024-02-07T08:41:42.218+0000] {dag.py:3033} INFO - Sync 1 DAGs
[2024-02-07T08:41:42.242+0000] {logging_mixin.py:188} INFO - [2024-02-07T08:41:42.242+0000] {dag.py:3820} INFO - Setting next_dagrun for example_task_group to 2024-02-06T00:00:00+00:00, run_after=2024-02-07T00:00:00+00:00
[2024-02-07T08:41:42.262+0000] {processor.py:183} INFO - Processing /home/airflow/.local/lib/python3.8/site-packages/airflow/example_dags/example_task_group.py took 0.086 seconds
[2024-02-07T08:42:12.608+0000] {processor.py:161} INFO - Started process (PID=275) to work on /home/airflow/.local/lib/python3.8/site-packages/airflow/example_dags/example_task_group.py
[2024-02-07T08:42:12.610+0000] {processor.py:830} INFO - Processing file /home/airflow/.local/lib/python3.8/site-packages/airflow/example_dags/example_task_group.py for tasks to queue
[2024-02-07T08:42:12.613+0000] {logging_mixin.py:188} INFO - [2024-02-07T08:42:12.612+0000] {dagbag.py:538} INFO - Filling up the DagBag from /home/airflow/.local/lib/python3.8/site-packages/airflow/example_dags/example_task_group.py
[2024-02-07T08:42:12.623+0000] {processor.py:840} INFO - DAG(s) 'example_task_group' retrieved from /home/airflow/.local/lib/python3.8/site-packages/airflow/example_dags/example_task_group.py
[2024-02-07T08:42:12.646+0000] {logging_mixin.py:188} INFO - [2024-02-07T08:42:12.646+0000] {dag.py:3033} INFO - Sync 1 DAGs
[2024-02-07T08:42:12.672+0000] {logging_mixin.py:188} INFO - [2024-02-07T08:42:12.672+0000] {dag.py:3820} INFO - Setting next_dagrun for example_task_group to 2024-02-06T00:00:00+00:00, run_after=2024-02-07T00:00:00+00:00
[2024-02-07T08:42:12.696+0000] {processor.py:183} INFO - Processing /home/airflow/.local/lib/python3.8/site-packages/airflow/example_dags/example_task_group.py took 0.092 seconds
[2024-02-07T08:42:42.846+0000] {processor.py:161} INFO - Started process (PID=332) to work on /home/airflow/.local/lib/python3.8/site-packages/airflow/example_dags/example_task_group.py
[2024-02-07T08:42:42.847+0000] {processor.py:830} INFO - Processing file /home/airflow/.local/lib/python3.8/site-packages/airflow/example_dags/example_task_group.py for tasks to queue
[2024-02-07T08:42:42.851+0000] {logging_mixin.py:188} INFO - [2024-02-07T08:42:42.850+0000] {dagbag.py:538} INFO - Filling up the DagBag from /home/airflow/.local/lib/python3.8/site-packages/airflow/example_dags/example_task_group.py
[2024-02-07T08:42:42.861+0000] {processor.py:840} INFO - DAG(s) 'example_task_group' retrieved from /home/airflow/.local/lib/python3.8/site-packages/airflow/example_dags/example_task_group.py
[2024-02-07T08:42:42.893+0000] {logging_mixin.py:188} INFO - [2024-02-07T08:42:42.892+0000] {dag.py:3033} INFO - Sync 1 DAGs
[2024-02-07T08:42:42.941+0000] {logging_mixin.py:188} INFO - [2024-02-07T08:42:42.941+0000] {dag.py:3820} INFO - Setting next_dagrun for example_task_group to 2024-02-06T00:00:00+00:00, run_after=2024-02-07T00:00:00+00:00
[2024-02-07T08:42:43.025+0000] {processor.py:183} INFO - Processing /home/airflow/.local/lib/python3.8/site-packages/airflow/example_dags/example_task_group.py took 0.183 seconds
[2024-02-07T08:43:13.085+0000] {processor.py:161} INFO - Started process (PID=387) to work on /home/airflow/.local/lib/python3.8/site-packages/airflow/example_dags/example_task_group.py
[2024-02-07T08:43:13.087+0000] {processor.py:830} INFO - Processing file /home/airflow/.local/lib/python3.8/site-packages/airflow/example_dags/example_task_group.py for tasks to queue
[2024-02-07T08:43:13.091+0000] {logging_mixin.py:188} INFO - [2024-02-07T08:43:13.090+0000] {dagbag.py:538} INFO - Filling up the DagBag from /home/airflow/.local/lib/python3.8/site-packages/airflow/example_dags/example_task_group.py
[2024-02-07T08:43:13.102+0000] {processor.py:840} INFO - DAG(s) 'example_task_group' retrieved from /home/airflow/.local/lib/python3.8/site-packages/airflow/example_dags/example_task_group.py
[2024-02-07T08:43:13.129+0000] {logging_mixin.py:188} INFO - [2024-02-07T08:43:13.129+0000] {dag.py:3033} INFO - Sync 1 DAGs
[2024-02-07T08:43:13.149+0000] {logging_mixin.py:188} INFO - [2024-02-07T08:43:13.149+0000] {dag.py:3820} INFO - Setting next_dagrun for example_task_group to 2024-02-06T00:00:00+00:00, run_after=2024-02-07T00:00:00+00:00
[2024-02-07T08:43:13.167+0000] {processor.py:183} INFO - Processing /home/airflow/.local/lib/python3.8/site-packages/airflow/example_dags/example_task_group.py took 0.087 seconds
[2024-02-07T08:43:43.453+0000] {processor.py:161} INFO - Started process (PID=444) to work on /home/airflow/.local/lib/python3.8/site-packages/airflow/example_dags/example_task_group.py
[2024-02-07T08:43:43.454+0000] {processor.py:830} INFO - Processing file /home/airflow/.local/lib/python3.8/site-packages/airflow/example_dags/example_task_group.py for tasks to queue
[2024-02-07T08:43:43.457+0000] {logging_mixin.py:188} INFO - [2024-02-07T08:43:43.457+0000] {dagbag.py:538} INFO - Filling up the DagBag from /home/airflow/.local/lib/python3.8/site-packages/airflow/example_dags/example_task_group.py
[2024-02-07T08:43:43.467+0000] {processor.py:840} INFO - DAG(s) 'example_task_group' retrieved from /home/airflow/.local/lib/python3.8/site-packages/airflow/example_dags/example_task_group.py
[2024-02-07T08:43:43.492+0000] {logging_mixin.py:188} INFO - [2024-02-07T08:43:43.492+0000] {dag.py:3033} INFO - Sync 1 DAGs
[2024-02-07T08:43:43.514+0000] {logging_mixin.py:188} INFO - [2024-02-07T08:43:43.513+0000] {dag.py:3820} INFO - Setting next_dagrun for example_task_group to 2024-02-06T00:00:00+00:00, run_after=2024-02-07T00:00:00+00:00
[2024-02-07T08:43:43.535+0000] {processor.py:183} INFO - Processing /home/airflow/.local/lib/python3.8/site-packages/airflow/example_dags/example_task_group.py took 0.086 seconds
[2024-02-07T08:44:14.243+0000] {processor.py:161} INFO - Started process (PID=501) to work on /home/airflow/.local/lib/python3.8/site-packages/airflow/example_dags/example_task_group.py
[2024-02-07T08:44:14.244+0000] {processor.py:830} INFO - Processing file /home/airflow/.local/lib/python3.8/site-packages/airflow/example_dags/example_task_group.py for tasks to queue
[2024-02-07T08:44:14.247+0000] {logging_mixin.py:188} INFO - [2024-02-07T08:44:14.247+0000] {dagbag.py:538} INFO - Filling up the DagBag from /home/airflow/.local/lib/python3.8/site-packages/airflow/example_dags/example_task_group.py
[2024-02-07T08:44:14.260+0000] {processor.py:840} INFO - DAG(s) 'example_task_group' retrieved from /home/airflow/.local/lib/python3.8/site-packages/airflow/example_dags/example_task_group.py
[2024-02-07T08:44:14.287+0000] {logging_mixin.py:188} INFO - [2024-02-07T08:44:14.287+0000] {dag.py:3033} INFO - Sync 1 DAGs
[2024-02-07T08:44:14.314+0000] {logging_mixin.py:188} INFO - [2024-02-07T08:44:14.313+0000] {dag.py:3820} INFO - Setting next_dagrun for example_task_group to 2024-02-06T00:00:00+00:00, run_after=2024-02-07T00:00:00+00:00
[2024-02-07T08:44:14.347+0000] {processor.py:183} INFO - Processing /home/airflow/.local/lib/python3.8/site-packages/airflow/example_dags/example_task_group.py took 0.109 seconds
[2024-02-07T08:44:44.544+0000] {processor.py:161} INFO - Started process (PID=558) to work on /home/airflow/.local/lib/python3.8/site-packages/airflow/example_dags/example_task_group.py
[2024-02-07T08:44:44.545+0000] {processor.py:830} INFO - Processing file /home/airflow/.local/lib/python3.8/site-packages/airflow/example_dags/example_task_group.py for tasks to queue
[2024-02-07T08:44:44.547+0000] {logging_mixin.py:188} INFO - [2024-02-07T08:44:44.547+0000] {dagbag.py:538} INFO - Filling up the DagBag from /home/airflow/.local/lib/python3.8/site-packages/airflow/example_dags/example_task_group.py
[2024-02-07T08:44:44.555+0000] {processor.py:840} INFO - DAG(s) 'example_task_group' retrieved from /home/airflow/.local/lib/python3.8/site-packages/airflow/example_dags/example_task_group.py
[2024-02-07T08:44:44.582+0000] {logging_mixin.py:188} INFO - [2024-02-07T08:44:44.582+0000] {dag.py:3033} INFO - Sync 1 DAGs
[2024-02-07T08:44:44.607+0000] {logging_mixin.py:188} INFO - [2024-02-07T08:44:44.607+0000] {dag.py:3820} INFO - Setting next_dagrun for example_task_group to 2024-02-06T00:00:00+00:00, run_after=2024-02-07T00:00:00+00:00
[2024-02-07T08:44:44.626+0000] {processor.py:183} INFO - Processing /home/airflow/.local/lib/python3.8/site-packages/airflow/example_dags/example_task_group.py took 0.086 seconds
[2024-02-07T08:45:14.809+0000] {processor.py:161} INFO - Started process (PID=615) to work on /home/airflow/.local/lib/python3.8/site-packages/airflow/example_dags/example_task_group.py
[2024-02-07T08:45:14.811+0000] {processor.py:830} INFO - Processing file /home/airflow/.local/lib/python3.8/site-packages/airflow/example_dags/example_task_group.py for tasks to queue
[2024-02-07T08:45:14.814+0000] {logging_mixin.py:188} INFO - [2024-02-07T08:45:14.814+0000] {dagbag.py:538} INFO - Filling up the DagBag from /home/airflow/.local/lib/python3.8/site-packages/airflow/example_dags/example_task_group.py
[2024-02-07T08:45:14.823+0000] {processor.py:840} INFO - DAG(s) 'example_task_group' retrieved from /home/airflow/.local/lib/python3.8/site-packages/airflow/example_dags/example_task_group.py
[2024-02-07T08:45:14.860+0000] {logging_mixin.py:188} INFO - [2024-02-07T08:45:14.860+0000] {dag.py:3033} INFO - Sync 1 DAGs
[2024-02-07T08:45:14.884+0000] {logging_mixin.py:188} INFO - [2024-02-07T08:45:14.884+0000] {dag.py:3820} INFO - Setting next_dagrun for example_task_group to 2024-02-06T00:00:00+00:00, run_after=2024-02-07T00:00:00+00:00
[2024-02-07T08:45:14.904+0000] {processor.py:183} INFO - Processing /home/airflow/.local/lib/python3.8/site-packages/airflow/example_dags/example_task_group.py took 0.099 seconds
[2024-02-07T08:45:45.269+0000] {processor.py:161} INFO - Started process (PID=672) to work on /home/airflow/.local/lib/python3.8/site-packages/airflow/example_dags/example_task_group.py
[2024-02-07T08:45:45.271+0000] {processor.py:830} INFO - Processing file /home/airflow/.local/lib/python3.8/site-packages/airflow/example_dags/example_task_group.py for tasks to queue
[2024-02-07T08:45:45.274+0000] {logging_mixin.py:188} INFO - [2024-02-07T08:45:45.274+0000] {dagbag.py:538} INFO - Filling up the DagBag from /home/airflow/.local/lib/python3.8/site-packages/airflow/example_dags/example_task_group.py
[2024-02-07T08:45:45.280+0000] {processor.py:840} INFO - DAG(s) 'example_task_group' retrieved from /home/airflow/.local/lib/python3.8/site-packages/airflow/example_dags/example_task_group.py
[2024-02-07T08:45:45.304+0000] {logging_mixin.py:188} INFO - [2024-02-07T08:45:45.303+0000] {dag.py:3033} INFO - Sync 1 DAGs
[2024-02-07T08:45:45.326+0000] {logging_mixin.py:188} INFO - [2024-02-07T08:45:45.325+0000] {dag.py:3820} INFO - Setting next_dagrun for example_task_group to 2024-02-06T00:00:00+00:00, run_after=2024-02-07T00:00:00+00:00
[2024-02-07T08:45:45.346+0000] {processor.py:183} INFO - Processing /home/airflow/.local/lib/python3.8/site-packages/airflow/example_dags/example_task_group.py took 0.080 seconds
[2024-02-07T08:46:16.029+0000] {processor.py:161} INFO - Started process (PID=729) to work on /home/airflow/.local/lib/python3.8/site-packages/airflow/example_dags/example_task_group.py
[2024-02-07T08:46:16.030+0000] {processor.py:830} INFO - Processing file /home/airflow/.local/lib/python3.8/site-packages/airflow/example_dags/example_task_group.py for tasks to queue
[2024-02-07T08:46:16.033+0000] {logging_mixin.py:188} INFO - [2024-02-07T08:46:16.032+0000] {dagbag.py:538} INFO - Filling up the DagBag from /home/airflow/.local/lib/python3.8/site-packages/airflow/example_dags/example_task_group.py
[2024-02-07T08:46:16.042+0000] {processor.py:840} INFO - DAG(s) 'example_task_group' retrieved from /home/airflow/.local/lib/python3.8/site-packages/airflow/example_dags/example_task_group.py
[2024-02-07T08:46:16.072+0000] {logging_mixin.py:188} INFO - [2024-02-07T08:46:16.071+0000] {dag.py:3033} INFO - Sync 1 DAGs
[2024-02-07T08:46:16.111+0000] {logging_mixin.py:188} INFO - [2024-02-07T08:46:16.111+0000] {dag.py:3820} INFO - Setting next_dagrun for example_task_group to 2024-02-06T00:00:00+00:00, run_after=2024-02-07T00:00:00+00:00
[2024-02-07T08:46:16.146+0000] {processor.py:183} INFO - Processing /home/airflow/.local/lib/python3.8/site-packages/airflow/example_dags/example_task_group.py took 0.121 seconds
[2024-02-07T08:46:46.402+0000] {processor.py:161} INFO - Started process (PID=786) to work on /home/airflow/.local/lib/python3.8/site-packages/airflow/example_dags/example_task_group.py
[2024-02-07T08:46:46.404+0000] {processor.py:830} INFO - Processing file /home/airflow/.local/lib/python3.8/site-packages/airflow/example_dags/example_task_group.py for tasks to queue
[2024-02-07T08:46:46.408+0000] {logging_mixin.py:188} INFO - [2024-02-07T08:46:46.408+0000] {dagbag.py:538} INFO - Filling up the DagBag from /home/airflow/.local/lib/python3.8/site-packages/airflow/example_dags/example_task_group.py
[2024-02-07T08:46:46.418+0000] {processor.py:840} INFO - DAG(s) 'example_task_group' retrieved from /home/airflow/.local/lib/python3.8/site-packages/airflow/example_dags/example_task_group.py
[2024-02-07T08:46:46.453+0000] {logging_mixin.py:188} INFO - [2024-02-07T08:46:46.453+0000] {dag.py:3033} INFO - Sync 1 DAGs
[2024-02-07T08:46:46.489+0000] {logging_mixin.py:188} INFO - [2024-02-07T08:46:46.489+0000] {dag.py:3820} INFO - Setting next_dagrun for example_task_group to 2024-02-06T00:00:00+00:00, run_after=2024-02-07T00:00:00+00:00
[2024-02-07T08:46:46.529+0000] {processor.py:183} INFO - Processing /home/airflow/.local/lib/python3.8/site-packages/airflow/example_dags/example_task_group.py took 0.130 seconds
[2024-02-07T08:47:16.754+0000] {processor.py:161} INFO - Started process (PID=843) to work on /home/airflow/.local/lib/python3.8/site-packages/airflow/example_dags/example_task_group.py
[2024-02-07T08:47:16.755+0000] {processor.py:830} INFO - Processing file /home/airflow/.local/lib/python3.8/site-packages/airflow/example_dags/example_task_group.py for tasks to queue
[2024-02-07T08:47:16.758+0000] {logging_mixin.py:188} INFO - [2024-02-07T08:47:16.758+0000] {dagbag.py:538} INFO - Filling up the DagBag from /home/airflow/.local/lib/python3.8/site-packages/airflow/example_dags/example_task_group.py
[2024-02-07T08:47:16.766+0000] {processor.py:840} INFO - DAG(s) 'example_task_group' retrieved from /home/airflow/.local/lib/python3.8/site-packages/airflow/example_dags/example_task_group.py
[2024-02-07T08:47:16.789+0000] {logging_mixin.py:188} INFO - [2024-02-07T08:47:16.789+0000] {dag.py:3033} INFO - Sync 1 DAGs
[2024-02-07T08:47:16.812+0000] {logging_mixin.py:188} INFO - [2024-02-07T08:47:16.812+0000] {dag.py:3820} INFO - Setting next_dagrun for example_task_group to 2024-02-06T00:00:00+00:00, run_after=2024-02-07T00:00:00+00:00
[2024-02-07T08:47:16.829+0000] {processor.py:183} INFO - Processing /home/airflow/.local/lib/python3.8/site-packages/airflow/example_dags/example_task_group.py took 0.079 seconds
[2024-02-07T08:47:47.296+0000] {processor.py:161} INFO - Started process (PID=900) to work on /home/airflow/.local/lib/python3.8/site-packages/airflow/example_dags/example_task_group.py
[2024-02-07T08:47:47.297+0000] {processor.py:830} INFO - Processing file /home/airflow/.local/lib/python3.8/site-packages/airflow/example_dags/example_task_group.py for tasks to queue
[2024-02-07T08:47:47.299+0000] {logging_mixin.py:188} INFO - [2024-02-07T08:47:47.299+0000] {dagbag.py:538} INFO - Filling up the DagBag from /home/airflow/.local/lib/python3.8/site-packages/airflow/example_dags/example_task_group.py
[2024-02-07T08:47:47.306+0000] {processor.py:840} INFO - DAG(s) 'example_task_group' retrieved from /home/airflow/.local/lib/python3.8/site-packages/airflow/example_dags/example_task_group.py
[2024-02-07T08:47:47.330+0000] {logging_mixin.py:188} INFO - [2024-02-07T08:47:47.330+0000] {dag.py:3033} INFO - Sync 1 DAGs
[2024-02-07T08:47:47.355+0000] {logging_mixin.py:188} INFO - [2024-02-07T08:47:47.355+0000] {dag.py:3820} INFO - Setting next_dagrun for example_task_group to 2024-02-06T00:00:00+00:00, run_after=2024-02-07T00:00:00+00:00
[2024-02-07T08:47:47.375+0000] {processor.py:183} INFO - Processing /home/airflow/.local/lib/python3.8/site-packages/airflow/example_dags/example_task_group.py took 0.081 seconds
[2024-02-07T08:48:17.599+0000] {processor.py:161} INFO - Started process (PID=957) to work on /home/airflow/.local/lib/python3.8/site-packages/airflow/example_dags/example_task_group.py
[2024-02-07T08:48:17.601+0000] {processor.py:830} INFO - Processing file /home/airflow/.local/lib/python3.8/site-packages/airflow/example_dags/example_task_group.py for tasks to queue
[2024-02-07T08:48:17.604+0000] {logging_mixin.py:188} INFO - [2024-02-07T08:48:17.603+0000] {dagbag.py:538} INFO - Filling up the DagBag from /home/airflow/.local/lib/python3.8/site-packages/airflow/example_dags/example_task_group.py
[2024-02-07T08:48:17.615+0000] {processor.py:840} INFO - DAG(s) 'example_task_group' retrieved from /home/airflow/.local/lib/python3.8/site-packages/airflow/example_dags/example_task_group.py
[2024-02-07T08:48:17.638+0000] {logging_mixin.py:188} INFO - [2024-02-07T08:48:17.638+0000] {dag.py:3033} INFO - Sync 1 DAGs
[2024-02-07T08:48:17.661+0000] {logging_mixin.py:188} INFO - [2024-02-07T08:48:17.660+0000] {dag.py:3820} INFO - Setting next_dagrun for example_task_group to 2024-02-06T00:00:00+00:00, run_after=2024-02-07T00:00:00+00:00
[2024-02-07T08:48:17.683+0000] {processor.py:183} INFO - Processing /home/airflow/.local/lib/python3.8/site-packages/airflow/example_dags/example_task_group.py took 0.088 seconds
[2024-02-07T08:48:48.077+0000] {processor.py:161} INFO - Started process (PID=1015) to work on /home/airflow/.local/lib/python3.8/site-packages/airflow/example_dags/example_task_group.py
[2024-02-07T08:48:48.078+0000] {processor.py:830} INFO - Processing file /home/airflow/.local/lib/python3.8/site-packages/airflow/example_dags/example_task_group.py for tasks to queue
[2024-02-07T08:48:48.080+0000] {logging_mixin.py:188} INFO - [2024-02-07T08:48:48.080+0000] {dagbag.py:538} INFO - Filling up the DagBag from /home/airflow/.local/lib/python3.8/site-packages/airflow/example_dags/example_task_group.py
[2024-02-07T08:48:48.087+0000] {processor.py:840} INFO - DAG(s) 'example_task_group' retrieved from /home/airflow/.local/lib/python3.8/site-packages/airflow/example_dags/example_task_group.py
[2024-02-07T08:48:48.111+0000] {logging_mixin.py:188} INFO - [2024-02-07T08:48:48.110+0000] {dag.py:3033} INFO - Sync 1 DAGs
[2024-02-07T08:48:48.147+0000] {logging_mixin.py:188} INFO - [2024-02-07T08:48:48.147+0000] {dag.py:3820} INFO - Setting next_dagrun for example_task_group to 2024-02-06T00:00:00+00:00, run_after=2024-02-07T00:00:00+00:00
[2024-02-07T08:48:48.174+0000] {processor.py:183} INFO - Processing /home/airflow/.local/lib/python3.8/site-packages/airflow/example_dags/example_task_group.py took 0.102 seconds
[2024-02-07T08:49:18.567+0000] {processor.py:161} INFO - Started process (PID=1072) to work on /home/airflow/.local/lib/python3.8/site-packages/airflow/example_dags/example_task_group.py
[2024-02-07T08:49:18.568+0000] {processor.py:830} INFO - Processing file /home/airflow/.local/lib/python3.8/site-packages/airflow/example_dags/example_task_group.py for tasks to queue
[2024-02-07T08:49:18.570+0000] {logging_mixin.py:188} INFO - [2024-02-07T08:49:18.570+0000] {dagbag.py:538} INFO - Filling up the DagBag from /home/airflow/.local/lib/python3.8/site-packages/airflow/example_dags/example_task_group.py
[2024-02-07T08:49:18.580+0000] {processor.py:840} INFO - DAG(s) 'example_task_group' retrieved from /home/airflow/.local/lib/python3.8/site-packages/airflow/example_dags/example_task_group.py
[2024-02-07T08:49:18.603+0000] {logging_mixin.py:188} INFO - [2024-02-07T08:49:18.602+0000] {dag.py:3033} INFO - Sync 1 DAGs
[2024-02-07T08:49:18.622+0000] {logging_mixin.py:188} INFO - [2024-02-07T08:49:18.622+0000] {dag.py:3820} INFO - Setting next_dagrun for example_task_group to 2024-02-06T00:00:00+00:00, run_after=2024-02-07T00:00:00+00:00
[2024-02-07T08:49:18.645+0000] {processor.py:183} INFO - Processing /home/airflow/.local/lib/python3.8/site-packages/airflow/example_dags/example_task_group.py took 0.082 seconds
[2024-02-07T08:49:49.122+0000] {processor.py:161} INFO - Started process (PID=1129) to work on /home/airflow/.local/lib/python3.8/site-packages/airflow/example_dags/example_task_group.py
[2024-02-07T08:49:49.124+0000] {processor.py:830} INFO - Processing file /home/airflow/.local/lib/python3.8/site-packages/airflow/example_dags/example_task_group.py for tasks to queue
[2024-02-07T08:49:49.128+0000] {logging_mixin.py:188} INFO - [2024-02-07T08:49:49.128+0000] {dagbag.py:538} INFO - Filling up the DagBag from /home/airflow/.local/lib/python3.8/site-packages/airflow/example_dags/example_task_group.py
[2024-02-07T08:49:49.145+0000] {processor.py:840} INFO - DAG(s) 'example_task_group' retrieved from /home/airflow/.local/lib/python3.8/site-packages/airflow/example_dags/example_task_group.py
[2024-02-07T08:49:49.175+0000] {logging_mixin.py:188} INFO - [2024-02-07T08:49:49.175+0000] {dag.py:3033} INFO - Sync 1 DAGs
[2024-02-07T08:49:49.202+0000] {logging_mixin.py:188} INFO - [2024-02-07T08:49:49.202+0000] {dag.py:3820} INFO - Setting next_dagrun for example_task_group to 2024-02-06T00:00:00+00:00, run_after=2024-02-07T00:00:00+00:00
[2024-02-07T08:49:49.241+0000] {processor.py:183} INFO - Processing /home/airflow/.local/lib/python3.8/site-packages/airflow/example_dags/example_task_group.py took 0.133 seconds
[2024-02-07T08:50:19.638+0000] {processor.py:161} INFO - Started process (PID=1186) to work on /home/airflow/.local/lib/python3.8/site-packages/airflow/example_dags/example_task_group.py
[2024-02-07T08:50:19.639+0000] {processor.py:830} INFO - Processing file /home/airflow/.local/lib/python3.8/site-packages/airflow/example_dags/example_task_group.py for tasks to queue
[2024-02-07T08:50:19.641+0000] {logging_mixin.py:188} INFO - [2024-02-07T08:50:19.641+0000] {dagbag.py:538} INFO - Filling up the DagBag from /home/airflow/.local/lib/python3.8/site-packages/airflow/example_dags/example_task_group.py
[2024-02-07T08:50:19.649+0000] {processor.py:840} INFO - DAG(s) 'example_task_group' retrieved from /home/airflow/.local/lib/python3.8/site-packages/airflow/example_dags/example_task_group.py
[2024-02-07T08:50:19.671+0000] {logging_mixin.py:188} INFO - [2024-02-07T08:50:19.671+0000] {dag.py:3033} INFO - Sync 1 DAGs
[2024-02-07T08:50:19.694+0000] {logging_mixin.py:188} INFO - [2024-02-07T08:50:19.694+0000] {dag.py:3820} INFO - Setting next_dagrun for example_task_group to 2024-02-06T00:00:00+00:00, run_after=2024-02-07T00:00:00+00:00
[2024-02-07T08:50:19.715+0000] {processor.py:183} INFO - Processing /home/airflow/.local/lib/python3.8/site-packages/airflow/example_dags/example_task_group.py took 0.081 seconds
[2024-02-07T08:50:50.155+0000] {processor.py:161} INFO - Started process (PID=1243) to work on /home/airflow/.local/lib/python3.8/site-packages/airflow/example_dags/example_task_group.py
[2024-02-07T08:50:50.156+0000] {processor.py:830} INFO - Processing file /home/airflow/.local/lib/python3.8/site-packages/airflow/example_dags/example_task_group.py for tasks to queue
[2024-02-07T08:50:50.158+0000] {logging_mixin.py:188} INFO - [2024-02-07T08:50:50.158+0000] {dagbag.py:538} INFO - Filling up the DagBag from /home/airflow/.local/lib/python3.8/site-packages/airflow/example_dags/example_task_group.py
[2024-02-07T08:50:50.166+0000] {processor.py:840} INFO - DAG(s) 'example_task_group' retrieved from /home/airflow/.local/lib/python3.8/site-packages/airflow/example_dags/example_task_group.py
[2024-02-07T08:50:50.191+0000] {logging_mixin.py:188} INFO - [2024-02-07T08:50:50.191+0000] {dag.py:3033} INFO - Sync 1 DAGs
[2024-02-07T08:50:50.213+0000] {logging_mixin.py:188} INFO - [2024-02-07T08:50:50.213+0000] {dag.py:3820} INFO - Setting next_dagrun for example_task_group to 2024-02-06T00:00:00+00:00, run_after=2024-02-07T00:00:00+00:00
[2024-02-07T08:50:50.231+0000] {processor.py:183} INFO - Processing /home/airflow/.local/lib/python3.8/site-packages/airflow/example_dags/example_task_group.py took 0.080 seconds
[2024-02-07T08:51:20.622+0000] {processor.py:161} INFO - Started process (PID=1301) to work on /home/airflow/.local/lib/python3.8/site-packages/airflow/example_dags/example_task_group.py
[2024-02-07T08:51:20.623+0000] {processor.py:830} INFO - Processing file /home/airflow/.local/lib/python3.8/site-packages/airflow/example_dags/example_task_group.py for tasks to queue
[2024-02-07T08:51:20.626+0000] {logging_mixin.py:188} INFO - [2024-02-07T08:51:20.626+0000] {dagbag.py:538} INFO - Filling up the DagBag from /home/airflow/.local/lib/python3.8/site-packages/airflow/example_dags/example_task_group.py
[2024-02-07T08:51:20.634+0000] {processor.py:840} INFO - DAG(s) 'example_task_group' retrieved from /home/airflow/.local/lib/python3.8/site-packages/airflow/example_dags/example_task_group.py
[2024-02-07T08:51:20.664+0000] {logging_mixin.py:188} INFO - [2024-02-07T08:51:20.663+0000] {dag.py:3033} INFO - Sync 1 DAGs
[2024-02-07T08:51:20.685+0000] {logging_mixin.py:188} INFO - [2024-02-07T08:51:20.684+0000] {dag.py:3820} INFO - Setting next_dagrun for example_task_group to 2024-02-06T00:00:00+00:00, run_after=2024-02-07T00:00:00+00:00
[2024-02-07T08:51:20.710+0000] {processor.py:183} INFO - Processing /home/airflow/.local/lib/python3.8/site-packages/airflow/example_dags/example_task_group.py took 0.091 seconds
[2024-02-07T08:51:51.415+0000] {processor.py:161} INFO - Started process (PID=1358) to work on /home/airflow/.local/lib/python3.8/site-packages/airflow/example_dags/example_task_group.py
[2024-02-07T08:51:51.417+0000] {processor.py:830} INFO - Processing file /home/airflow/.local/lib/python3.8/site-packages/airflow/example_dags/example_task_group.py for tasks to queue
[2024-02-07T08:51:51.420+0000] {logging_mixin.py:188} INFO - [2024-02-07T08:51:51.420+0000] {dagbag.py:538} INFO - Filling up the DagBag from /home/airflow/.local/lib/python3.8/site-packages/airflow/example_dags/example_task_group.py
[2024-02-07T08:51:51.428+0000] {processor.py:840} INFO - DAG(s) 'example_task_group' retrieved from /home/airflow/.local/lib/python3.8/site-packages/airflow/example_dags/example_task_group.py
[2024-02-07T08:51:51.451+0000] {logging_mixin.py:188} INFO - [2024-02-07T08:51:51.450+0000] {dag.py:3033} INFO - Sync 1 DAGs
[2024-02-07T08:51:51.476+0000] {logging_mixin.py:188} INFO - [2024-02-07T08:51:51.476+0000] {dag.py:3820} INFO - Setting next_dagrun for example_task_group to 2024-02-06T00:00:00+00:00, run_after=2024-02-07T00:00:00+00:00
[2024-02-07T08:51:51.499+0000] {processor.py:183} INFO - Processing /home/airflow/.local/lib/python3.8/site-packages/airflow/example_dags/example_task_group.py took 0.089 seconds
[2024-02-07T08:52:21.734+0000] {processor.py:161} INFO - Started process (PID=1415) to work on /home/airflow/.local/lib/python3.8/site-packages/airflow/example_dags/example_task_group.py
[2024-02-07T08:52:21.736+0000] {processor.py:830} INFO - Processing file /home/airflow/.local/lib/python3.8/site-packages/airflow/example_dags/example_task_group.py for tasks to queue
[2024-02-07T08:52:21.738+0000] {logging_mixin.py:188} INFO - [2024-02-07T08:52:21.738+0000] {dagbag.py:538} INFO - Filling up the DagBag from /home/airflow/.local/lib/python3.8/site-packages/airflow/example_dags/example_task_group.py
[2024-02-07T08:52:21.746+0000] {processor.py:840} INFO - DAG(s) 'example_task_group' retrieved from /home/airflow/.local/lib/python3.8/site-packages/airflow/example_dags/example_task_group.py
[2024-02-07T08:52:21.770+0000] {logging_mixin.py:188} INFO - [2024-02-07T08:52:21.770+0000] {dag.py:3033} INFO - Sync 1 DAGs
[2024-02-07T08:52:21.798+0000] {logging_mixin.py:188} INFO - [2024-02-07T08:52:21.798+0000] {dag.py:3820} INFO - Setting next_dagrun for example_task_group to 2024-02-06T00:00:00+00:00, run_after=2024-02-07T00:00:00+00:00
[2024-02-07T08:52:21.823+0000] {processor.py:183} INFO - Processing /home/airflow/.local/lib/python3.8/site-packages/airflow/example_dags/example_task_group.py took 0.092 seconds
[2024-02-07T08:52:51.927+0000] {processor.py:161} INFO - Started process (PID=1472) to work on /home/airflow/.local/lib/python3.8/site-packages/airflow/example_dags/example_task_group.py
[2024-02-07T08:52:51.929+0000] {processor.py:830} INFO - Processing file /home/airflow/.local/lib/python3.8/site-packages/airflow/example_dags/example_task_group.py for tasks to queue
[2024-02-07T08:52:51.933+0000] {logging_mixin.py:188} INFO - [2024-02-07T08:52:51.932+0000] {dagbag.py:538} INFO - Filling up the DagBag from /home/airflow/.local/lib/python3.8/site-packages/airflow/example_dags/example_task_group.py
[2024-02-07T08:52:51.942+0000] {processor.py:840} INFO - DAG(s) 'example_task_group' retrieved from /home/airflow/.local/lib/python3.8/site-packages/airflow/example_dags/example_task_group.py
[2024-02-07T08:52:51.966+0000] {logging_mixin.py:188} INFO - [2024-02-07T08:52:51.966+0000] {dag.py:3033} INFO - Sync 1 DAGs
[2024-02-07T08:52:51.996+0000] {logging_mixin.py:188} INFO - [2024-02-07T08:52:51.995+0000] {dag.py:3820} INFO - Setting next_dagrun for example_task_group to 2024-02-06T00:00:00+00:00, run_after=2024-02-07T00:00:00+00:00
[2024-02-07T08:52:52.015+0000] {processor.py:183} INFO - Processing /home/airflow/.local/lib/python3.8/site-packages/airflow/example_dags/example_task_group.py took 0.093 seconds
[2024-02-07T08:53:22.135+0000] {processor.py:161} INFO - Started process (PID=1529) to work on /home/airflow/.local/lib/python3.8/site-packages/airflow/example_dags/example_task_group.py
[2024-02-07T08:53:22.136+0000] {processor.py:830} INFO - Processing file /home/airflow/.local/lib/python3.8/site-packages/airflow/example_dags/example_task_group.py for tasks to queue
[2024-02-07T08:53:22.140+0000] {logging_mixin.py:188} INFO - [2024-02-07T08:53:22.139+0000] {dagbag.py:538} INFO - Filling up the DagBag from /home/airflow/.local/lib/python3.8/site-packages/airflow/example_dags/example_task_group.py
[2024-02-07T08:53:22.152+0000] {processor.py:840} INFO - DAG(s) 'example_task_group' retrieved from /home/airflow/.local/lib/python3.8/site-packages/airflow/example_dags/example_task_group.py
[2024-02-07T08:53:22.180+0000] {logging_mixin.py:188} INFO - [2024-02-07T08:53:22.180+0000] {dag.py:3033} INFO - Sync 1 DAGs
[2024-02-07T08:53:22.216+0000] {logging_mixin.py:188} INFO - [2024-02-07T08:53:22.215+0000] {dag.py:3820} INFO - Setting next_dagrun for example_task_group to 2024-02-06T00:00:00+00:00, run_after=2024-02-07T00:00:00+00:00
[2024-02-07T08:53:22.245+0000] {processor.py:183} INFO - Processing /home/airflow/.local/lib/python3.8/site-packages/airflow/example_dags/example_task_group.py took 0.115 seconds
[2024-02-07T08:53:52.460+0000] {processor.py:161} INFO - Started process (PID=1586) to work on /home/airflow/.local/lib/python3.8/site-packages/airflow/example_dags/example_task_group.py
[2024-02-07T08:53:52.461+0000] {processor.py:830} INFO - Processing file /home/airflow/.local/lib/python3.8/site-packages/airflow/example_dags/example_task_group.py for tasks to queue
[2024-02-07T08:53:52.464+0000] {logging_mixin.py:188} INFO - [2024-02-07T08:53:52.464+0000] {dagbag.py:538} INFO - Filling up the DagBag from /home/airflow/.local/lib/python3.8/site-packages/airflow/example_dags/example_task_group.py
[2024-02-07T08:53:52.474+0000] {processor.py:840} INFO - DAG(s) 'example_task_group' retrieved from /home/airflow/.local/lib/python3.8/site-packages/airflow/example_dags/example_task_group.py
[2024-02-07T08:53:52.506+0000] {logging_mixin.py:188} INFO - [2024-02-07T08:53:52.506+0000] {dag.py:3033} INFO - Sync 1 DAGs
[2024-02-07T08:53:52.536+0000] {logging_mixin.py:188} INFO - [2024-02-07T08:53:52.536+0000] {dag.py:3820} INFO - Setting next_dagrun for example_task_group to 2024-02-06T00:00:00+00:00, run_after=2024-02-07T00:00:00+00:00
[2024-02-07T08:53:52.561+0000] {processor.py:183} INFO - Processing /home/airflow/.local/lib/python3.8/site-packages/airflow/example_dags/example_task_group.py took 0.105 seconds
[2024-02-07T08:54:23.008+0000] {processor.py:161} INFO - Started process (PID=1643) to work on /home/airflow/.local/lib/python3.8/site-packages/airflow/example_dags/example_task_group.py
[2024-02-07T08:54:23.009+0000] {processor.py:830} INFO - Processing file /home/airflow/.local/lib/python3.8/site-packages/airflow/example_dags/example_task_group.py for tasks to queue
[2024-02-07T08:54:23.012+0000] {logging_mixin.py:188} INFO - [2024-02-07T08:54:23.012+0000] {dagbag.py:538} INFO - Filling up the DagBag from /home/airflow/.local/lib/python3.8/site-packages/airflow/example_dags/example_task_group.py
[2024-02-07T08:54:23.023+0000] {processor.py:840} INFO - DAG(s) 'example_task_group' retrieved from /home/airflow/.local/lib/python3.8/site-packages/airflow/example_dags/example_task_group.py
[2024-02-07T08:54:23.047+0000] {logging_mixin.py:188} INFO - [2024-02-07T08:54:23.046+0000] {dag.py:3033} INFO - Sync 1 DAGs
[2024-02-07T08:54:23.071+0000] {logging_mixin.py:188} INFO - [2024-02-07T08:54:23.070+0000] {dag.py:3820} INFO - Setting next_dagrun for example_task_group to 2024-02-06T00:00:00+00:00, run_after=2024-02-07T00:00:00+00:00
[2024-02-07T08:54:23.101+0000] {processor.py:183} INFO - Processing /home/airflow/.local/lib/python3.8/site-packages/airflow/example_dags/example_task_group.py took 0.101 seconds
[2024-02-07T08:54:54.052+0000] {processor.py:161} INFO - Started process (PID=1700) to work on /home/airflow/.local/lib/python3.8/site-packages/airflow/example_dags/example_task_group.py
[2024-02-07T08:54:54.054+0000] {processor.py:830} INFO - Processing file /home/airflow/.local/lib/python3.8/site-packages/airflow/example_dags/example_task_group.py for tasks to queue
[2024-02-07T08:54:54.060+0000] {logging_mixin.py:188} INFO - [2024-02-07T08:54:54.059+0000] {dagbag.py:538} INFO - Filling up the DagBag from /home/airflow/.local/lib/python3.8/site-packages/airflow/example_dags/example_task_group.py
[2024-02-07T08:54:54.077+0000] {processor.py:840} INFO - DAG(s) 'example_task_group' retrieved from /home/airflow/.local/lib/python3.8/site-packages/airflow/example_dags/example_task_group.py
[2024-02-07T08:54:54.140+0000] {logging_mixin.py:188} INFO - [2024-02-07T08:54:54.140+0000] {dag.py:3033} INFO - Sync 1 DAGs
[2024-02-07T08:54:54.219+0000] {logging_mixin.py:188} INFO - [2024-02-07T08:54:54.219+0000] {dag.py:3820} INFO - Setting next_dagrun for example_task_group to 2024-02-06T00:00:00+00:00, run_after=2024-02-07T00:00:00+00:00
[2024-02-07T08:54:54.549+0000] {processor.py:183} INFO - Processing /home/airflow/.local/lib/python3.8/site-packages/airflow/example_dags/example_task_group.py took 0.505 seconds
[2024-02-07T08:55:25.420+0000] {processor.py:161} INFO - Started process (PID=1757) to work on /home/airflow/.local/lib/python3.8/site-packages/airflow/example_dags/example_task_group.py
[2024-02-07T08:55:25.422+0000] {processor.py:830} INFO - Processing file /home/airflow/.local/lib/python3.8/site-packages/airflow/example_dags/example_task_group.py for tasks to queue
[2024-02-07T08:55:25.428+0000] {logging_mixin.py:188} INFO - [2024-02-07T08:55:25.428+0000] {dagbag.py:538} INFO - Filling up the DagBag from /home/airflow/.local/lib/python3.8/site-packages/airflow/example_dags/example_task_group.py
[2024-02-07T08:55:25.442+0000] {processor.py:840} INFO - DAG(s) 'example_task_group' retrieved from /home/airflow/.local/lib/python3.8/site-packages/airflow/example_dags/example_task_group.py
[2024-02-07T08:55:25.494+0000] {logging_mixin.py:188} INFO - [2024-02-07T08:55:25.493+0000] {dag.py:3033} INFO - Sync 1 DAGs
[2024-02-07T08:55:25.542+0000] {logging_mixin.py:188} INFO - [2024-02-07T08:55:25.541+0000] {dag.py:3820} INFO - Setting next_dagrun for example_task_group to 2024-02-06T00:00:00+00:00, run_after=2024-02-07T00:00:00+00:00
[2024-02-07T08:55:25.841+0000] {processor.py:183} INFO - Processing /home/airflow/.local/lib/python3.8/site-packages/airflow/example_dags/example_task_group.py took 0.430 seconds
[2024-02-07T08:55:56.925+0000] {processor.py:161} INFO - Started process (PID=1814) to work on /home/airflow/.local/lib/python3.8/site-packages/airflow/example_dags/example_task_group.py
[2024-02-07T08:55:56.927+0000] {processor.py:830} INFO - Processing file /home/airflow/.local/lib/python3.8/site-packages/airflow/example_dags/example_task_group.py for tasks to queue
[2024-02-07T08:55:56.931+0000] {logging_mixin.py:188} INFO - [2024-02-07T08:55:56.931+0000] {dagbag.py:538} INFO - Filling up the DagBag from /home/airflow/.local/lib/python3.8/site-packages/airflow/example_dags/example_task_group.py
[2024-02-07T08:55:56.942+0000] {processor.py:840} INFO - DAG(s) 'example_task_group' retrieved from /home/airflow/.local/lib/python3.8/site-packages/airflow/example_dags/example_task_group.py
[2024-02-07T08:55:56.984+0000] {logging_mixin.py:188} INFO - [2024-02-07T08:55:56.984+0000] {dag.py:3033} INFO - Sync 1 DAGs
[2024-02-07T08:55:57.028+0000] {logging_mixin.py:188} INFO - [2024-02-07T08:55:57.028+0000] {dag.py:3820} INFO - Setting next_dagrun for example_task_group to 2024-02-06T00:00:00+00:00, run_after=2024-02-07T00:00:00+00:00
[2024-02-07T08:55:57.236+0000] {processor.py:183} INFO - Processing /home/airflow/.local/lib/python3.8/site-packages/airflow/example_dags/example_task_group.py took 0.318 seconds
[2024-02-07T08:56:27.752+0000] {processor.py:161} INFO - Started process (PID=1872) to work on /home/airflow/.local/lib/python3.8/site-packages/airflow/example_dags/example_task_group.py
[2024-02-07T08:56:27.759+0000] {processor.py:830} INFO - Processing file /home/airflow/.local/lib/python3.8/site-packages/airflow/example_dags/example_task_group.py for tasks to queue
[2024-02-07T08:56:27.779+0000] {logging_mixin.py:188} INFO - [2024-02-07T08:56:27.778+0000] {dagbag.py:538} INFO - Filling up the DagBag from /home/airflow/.local/lib/python3.8/site-packages/airflow/example_dags/example_task_group.py
[2024-02-07T08:56:27.851+0000] {processor.py:840} INFO - DAG(s) 'example_task_group' retrieved from /home/airflow/.local/lib/python3.8/site-packages/airflow/example_dags/example_task_group.py
[2024-02-07T08:56:28.016+0000] {logging_mixin.py:188} INFO - [2024-02-07T08:56:28.015+0000] {dag.py:3033} INFO - Sync 1 DAGs
[2024-02-07T08:56:28.232+0000] {logging_mixin.py:188} INFO - [2024-02-07T08:56:28.230+0000] {dag.py:3820} INFO - Setting next_dagrun for example_task_group to 2024-02-06T00:00:00+00:00, run_after=2024-02-07T00:00:00+00:00
[2024-02-07T08:56:28.390+0000] {processor.py:183} INFO - Processing /home/airflow/.local/lib/python3.8/site-packages/airflow/example_dags/example_task_group.py took 0.671 seconds
[2024-02-07T08:56:58.727+0000] {processor.py:161} INFO - Started process (PID=1929) to work on /home/airflow/.local/lib/python3.8/site-packages/airflow/example_dags/example_task_group.py
[2024-02-07T08:56:58.730+0000] {processor.py:830} INFO - Processing file /home/airflow/.local/lib/python3.8/site-packages/airflow/example_dags/example_task_group.py for tasks to queue
[2024-02-07T08:56:58.735+0000] {logging_mixin.py:188} INFO - [2024-02-07T08:56:58.734+0000] {dagbag.py:538} INFO - Filling up the DagBag from /home/airflow/.local/lib/python3.8/site-packages/airflow/example_dags/example_task_group.py
[2024-02-07T08:56:58.764+0000] {processor.py:840} INFO - DAG(s) 'example_task_group' retrieved from /home/airflow/.local/lib/python3.8/site-packages/airflow/example_dags/example_task_group.py
[2024-02-07T08:56:58.835+0000] {logging_mixin.py:188} INFO - [2024-02-07T08:56:58.835+0000] {dag.py:3033} INFO - Sync 1 DAGs
[2024-02-07T08:56:58.891+0000] {logging_mixin.py:188} INFO - [2024-02-07T08:56:58.890+0000] {dag.py:3820} INFO - Setting next_dagrun for example_task_group to 2024-02-06T00:00:00+00:00, run_after=2024-02-07T00:00:00+00:00
[2024-02-07T08:56:59.177+0000] {processor.py:183} INFO - Processing /home/airflow/.local/lib/python3.8/site-packages/airflow/example_dags/example_task_group.py took 0.465 seconds
[2024-02-07T08:57:29.371+0000] {processor.py:161} INFO - Started process (PID=1986) to work on /home/airflow/.local/lib/python3.8/site-packages/airflow/example_dags/example_task_group.py
[2024-02-07T08:57:29.373+0000] {processor.py:830} INFO - Processing file /home/airflow/.local/lib/python3.8/site-packages/airflow/example_dags/example_task_group.py for tasks to queue
[2024-02-07T08:57:29.379+0000] {logging_mixin.py:188} INFO - [2024-02-07T08:57:29.379+0000] {dagbag.py:538} INFO - Filling up the DagBag from /home/airflow/.local/lib/python3.8/site-packages/airflow/example_dags/example_task_group.py
[2024-02-07T08:57:29.398+0000] {processor.py:840} INFO - DAG(s) 'example_task_group' retrieved from /home/airflow/.local/lib/python3.8/site-packages/airflow/example_dags/example_task_group.py
[2024-02-07T08:57:29.465+0000] {logging_mixin.py:188} INFO - [2024-02-07T08:57:29.465+0000] {dag.py:3033} INFO - Sync 1 DAGs
[2024-02-07T08:57:29.549+0000] {logging_mixin.py:188} INFO - [2024-02-07T08:57:29.548+0000] {dag.py:3820} INFO - Setting next_dagrun for example_task_group to 2024-02-06T00:00:00+00:00, run_after=2024-02-07T00:00:00+00:00
[2024-02-07T08:57:29.842+0000] {processor.py:183} INFO - Processing /home/airflow/.local/lib/python3.8/site-packages/airflow/example_dags/example_task_group.py took 0.480 seconds
[2024-02-07T08:58:00.199+0000] {processor.py:161} INFO - Started process (PID=2051) to work on /home/airflow/.local/lib/python3.8/site-packages/airflow/example_dags/example_task_group.py
[2024-02-07T08:58:00.201+0000] {processor.py:830} INFO - Processing file /home/airflow/.local/lib/python3.8/site-packages/airflow/example_dags/example_task_group.py for tasks to queue
[2024-02-07T08:58:00.209+0000] {logging_mixin.py:188} INFO - [2024-02-07T08:58:00.208+0000] {dagbag.py:538} INFO - Filling up the DagBag from /home/airflow/.local/lib/python3.8/site-packages/airflow/example_dags/example_task_group.py
[2024-02-07T08:58:00.229+0000] {processor.py:840} INFO - DAG(s) 'example_task_group' retrieved from /home/airflow/.local/lib/python3.8/site-packages/airflow/example_dags/example_task_group.py
[2024-02-07T08:58:00.284+0000] {logging_mixin.py:188} INFO - [2024-02-07T08:58:00.283+0000] {dag.py:3033} INFO - Sync 1 DAGs
[2024-02-07T08:58:00.347+0000] {logging_mixin.py:188} INFO - [2024-02-07T08:58:00.347+0000] {dag.py:3820} INFO - Setting next_dagrun for example_task_group to 2024-02-06T00:00:00+00:00, run_after=2024-02-07T00:00:00+00:00
[2024-02-07T08:58:00.614+0000] {processor.py:183} INFO - Processing /home/airflow/.local/lib/python3.8/site-packages/airflow/example_dags/example_task_group.py took 0.424 seconds
[2024-02-07T08:58:30.987+0000] {processor.py:161} INFO - Started process (PID=2108) to work on /home/airflow/.local/lib/python3.8/site-packages/airflow/example_dags/example_task_group.py
[2024-02-07T08:58:30.990+0000] {processor.py:830} INFO - Processing file /home/airflow/.local/lib/python3.8/site-packages/airflow/example_dags/example_task_group.py for tasks to queue
[2024-02-07T08:58:30.997+0000] {logging_mixin.py:188} INFO - [2024-02-07T08:58:30.996+0000] {dagbag.py:538} INFO - Filling up the DagBag from /home/airflow/.local/lib/python3.8/site-packages/airflow/example_dags/example_task_group.py
[2024-02-07T08:58:31.018+0000] {processor.py:840} INFO - DAG(s) 'example_task_group' retrieved from /home/airflow/.local/lib/python3.8/site-packages/airflow/example_dags/example_task_group.py
[2024-02-07T08:58:31.088+0000] {logging_mixin.py:188} INFO - [2024-02-07T08:58:31.087+0000] {dag.py:3033} INFO - Sync 1 DAGs
[2024-02-07T08:58:31.148+0000] {logging_mixin.py:188} INFO - [2024-02-07T08:58:31.148+0000] {dag.py:3820} INFO - Setting next_dagrun for example_task_group to 2024-02-06T00:00:00+00:00, run_after=2024-02-07T00:00:00+00:00
[2024-02-07T08:58:31.445+0000] {processor.py:183} INFO - Processing /home/airflow/.local/lib/python3.8/site-packages/airflow/example_dags/example_task_group.py took 0.473 seconds
[2024-02-07T08:59:01.605+0000] {processor.py:161} INFO - Started process (PID=2165) to work on /home/airflow/.local/lib/python3.8/site-packages/airflow/example_dags/example_task_group.py
[2024-02-07T08:59:01.609+0000] {processor.py:830} INFO - Processing file /home/airflow/.local/lib/python3.8/site-packages/airflow/example_dags/example_task_group.py for tasks to queue
[2024-02-07T08:59:01.615+0000] {logging_mixin.py:188} INFO - [2024-02-07T08:59:01.614+0000] {dagbag.py:538} INFO - Filling up the DagBag from /home/airflow/.local/lib/python3.8/site-packages/airflow/example_dags/example_task_group.py
[2024-02-07T08:59:01.631+0000] {processor.py:840} INFO - DAG(s) 'example_task_group' retrieved from /home/airflow/.local/lib/python3.8/site-packages/airflow/example_dags/example_task_group.py
[2024-02-07T08:59:01.691+0000] {logging_mixin.py:188} INFO - [2024-02-07T08:59:01.690+0000] {dag.py:3033} INFO - Sync 1 DAGs
[2024-02-07T08:59:01.744+0000] {logging_mixin.py:188} INFO - [2024-02-07T08:59:01.744+0000] {dag.py:3820} INFO - Setting next_dagrun for example_task_group to 2024-02-06T00:00:00+00:00, run_after=2024-02-07T00:00:00+00:00
[2024-02-07T08:59:01.796+0000] {processor.py:183} INFO - Processing /home/airflow/.local/lib/python3.8/site-packages/airflow/example_dags/example_task_group.py took 0.199 seconds
[2024-02-07T08:59:32.201+0000] {processor.py:161} INFO - Started process (PID=2222) to work on /home/airflow/.local/lib/python3.8/site-packages/airflow/example_dags/example_task_group.py
[2024-02-07T08:59:32.202+0000] {processor.py:830} INFO - Processing file /home/airflow/.local/lib/python3.8/site-packages/airflow/example_dags/example_task_group.py for tasks to queue
[2024-02-07T08:59:32.204+0000] {logging_mixin.py:188} INFO - [2024-02-07T08:59:32.204+0000] {dagbag.py:538} INFO - Filling up the DagBag from /home/airflow/.local/lib/python3.8/site-packages/airflow/example_dags/example_task_group.py
[2024-02-07T08:59:32.212+0000] {processor.py:840} INFO - DAG(s) 'example_task_group' retrieved from /home/airflow/.local/lib/python3.8/site-packages/airflow/example_dags/example_task_group.py
[2024-02-07T08:59:32.232+0000] {logging_mixin.py:188} INFO - [2024-02-07T08:59:32.232+0000] {dag.py:3033} INFO - Sync 1 DAGs
[2024-02-07T08:59:32.253+0000] {logging_mixin.py:188} INFO - [2024-02-07T08:59:32.253+0000] {dag.py:3820} INFO - Setting next_dagrun for example_task_group to 2024-02-06T00:00:00+00:00, run_after=2024-02-07T00:00:00+00:00
[2024-02-07T08:59:32.272+0000] {processor.py:183} INFO - Processing /home/airflow/.local/lib/python3.8/site-packages/airflow/example_dags/example_task_group.py took 0.075 seconds
[2024-02-07T09:00:02.437+0000] {processor.py:161} INFO - Started process (PID=2279) to work on /home/airflow/.local/lib/python3.8/site-packages/airflow/example_dags/example_task_group.py
[2024-02-07T09:00:02.438+0000] {processor.py:830} INFO - Processing file /home/airflow/.local/lib/python3.8/site-packages/airflow/example_dags/example_task_group.py for tasks to queue
[2024-02-07T09:00:02.441+0000] {logging_mixin.py:188} INFO - [2024-02-07T09:00:02.440+0000] {dagbag.py:538} INFO - Filling up the DagBag from /home/airflow/.local/lib/python3.8/site-packages/airflow/example_dags/example_task_group.py
[2024-02-07T09:00:02.450+0000] {processor.py:840} INFO - DAG(s) 'example_task_group' retrieved from /home/airflow/.local/lib/python3.8/site-packages/airflow/example_dags/example_task_group.py
[2024-02-07T09:00:02.471+0000] {logging_mixin.py:188} INFO - [2024-02-07T09:00:02.471+0000] {dag.py:3033} INFO - Sync 1 DAGs
[2024-02-07T09:00:02.493+0000] {logging_mixin.py:188} INFO - [2024-02-07T09:00:02.493+0000] {dag.py:3820} INFO - Setting next_dagrun for example_task_group to 2024-02-06T00:00:00+00:00, run_after=2024-02-07T00:00:00+00:00
[2024-02-07T09:00:02.516+0000] {processor.py:183} INFO - Processing /home/airflow/.local/lib/python3.8/site-packages/airflow/example_dags/example_task_group.py took 0.083 seconds
[2024-02-07T09:00:32.705+0000] {processor.py:161} INFO - Started process (PID=2336) to work on /home/airflow/.local/lib/python3.8/site-packages/airflow/example_dags/example_task_group.py
[2024-02-07T09:00:32.706+0000] {processor.py:830} INFO - Processing file /home/airflow/.local/lib/python3.8/site-packages/airflow/example_dags/example_task_group.py for tasks to queue
[2024-02-07T09:00:32.709+0000] {logging_mixin.py:188} INFO - [2024-02-07T09:00:32.708+0000] {dagbag.py:538} INFO - Filling up the DagBag from /home/airflow/.local/lib/python3.8/site-packages/airflow/example_dags/example_task_group.py
[2024-02-07T09:00:32.716+0000] {processor.py:840} INFO - DAG(s) 'example_task_group' retrieved from /home/airflow/.local/lib/python3.8/site-packages/airflow/example_dags/example_task_group.py
[2024-02-07T09:00:32.743+0000] {logging_mixin.py:188} INFO - [2024-02-07T09:00:32.743+0000] {dag.py:3033} INFO - Sync 1 DAGs
[2024-02-07T09:00:32.768+0000] {logging_mixin.py:188} INFO - [2024-02-07T09:00:32.768+0000] {dag.py:3820} INFO - Setting next_dagrun for example_task_group to 2024-02-06T00:00:00+00:00, run_after=2024-02-07T00:00:00+00:00
[2024-02-07T09:00:32.798+0000] {processor.py:183} INFO - Processing /home/airflow/.local/lib/python3.8/site-packages/airflow/example_dags/example_task_group.py took 0.098 seconds
[2024-02-07T09:01:03.329+0000] {processor.py:161} INFO - Started process (PID=2393) to work on /home/airflow/.local/lib/python3.8/site-packages/airflow/example_dags/example_task_group.py
[2024-02-07T09:01:03.331+0000] {processor.py:830} INFO - Processing file /home/airflow/.local/lib/python3.8/site-packages/airflow/example_dags/example_task_group.py for tasks to queue
[2024-02-07T09:01:03.334+0000] {logging_mixin.py:188} INFO - [2024-02-07T09:01:03.334+0000] {dagbag.py:538} INFO - Filling up the DagBag from /home/airflow/.local/lib/python3.8/site-packages/airflow/example_dags/example_task_group.py
[2024-02-07T09:01:03.344+0000] {processor.py:840} INFO - DAG(s) 'example_task_group' retrieved from /home/airflow/.local/lib/python3.8/site-packages/airflow/example_dags/example_task_group.py
[2024-02-07T09:01:03.375+0000] {logging_mixin.py:188} INFO - [2024-02-07T09:01:03.375+0000] {dag.py:3033} INFO - Sync 1 DAGs
[2024-02-07T09:01:03.402+0000] {logging_mixin.py:188} INFO - [2024-02-07T09:01:03.402+0000] {dag.py:3820} INFO - Setting next_dagrun for example_task_group to 2024-02-06T00:00:00+00:00, run_after=2024-02-07T00:00:00+00:00
[2024-02-07T09:01:03.432+0000] {processor.py:183} INFO - Processing /home/airflow/.local/lib/python3.8/site-packages/airflow/example_dags/example_task_group.py took 0.108 seconds
[2024-02-07T09:01:33.809+0000] {processor.py:161} INFO - Started process (PID=2450) to work on /home/airflow/.local/lib/python3.8/site-packages/airflow/example_dags/example_task_group.py
[2024-02-07T09:01:33.810+0000] {processor.py:830} INFO - Processing file /home/airflow/.local/lib/python3.8/site-packages/airflow/example_dags/example_task_group.py for tasks to queue
[2024-02-07T09:01:33.813+0000] {logging_mixin.py:188} INFO - [2024-02-07T09:01:33.813+0000] {dagbag.py:538} INFO - Filling up the DagBag from /home/airflow/.local/lib/python3.8/site-packages/airflow/example_dags/example_task_group.py
[2024-02-07T09:01:33.820+0000] {processor.py:840} INFO - DAG(s) 'example_task_group' retrieved from /home/airflow/.local/lib/python3.8/site-packages/airflow/example_dags/example_task_group.py
[2024-02-07T09:01:33.841+0000] {logging_mixin.py:188} INFO - [2024-02-07T09:01:33.841+0000] {dag.py:3033} INFO - Sync 1 DAGs
[2024-02-07T09:01:33.862+0000] {logging_mixin.py:188} INFO - [2024-02-07T09:01:33.862+0000] {dag.py:3820} INFO - Setting next_dagrun for example_task_group to 2024-02-06T00:00:00+00:00, run_after=2024-02-07T00:00:00+00:00
[2024-02-07T09:01:33.888+0000] {processor.py:183} INFO - Processing /home/airflow/.local/lib/python3.8/site-packages/airflow/example_dags/example_task_group.py took 0.083 seconds
[2024-02-07T09:02:04.282+0000] {processor.py:161} INFO - Started process (PID=2508) to work on /home/airflow/.local/lib/python3.8/site-packages/airflow/example_dags/example_task_group.py
[2024-02-07T09:02:04.283+0000] {processor.py:830} INFO - Processing file /home/airflow/.local/lib/python3.8/site-packages/airflow/example_dags/example_task_group.py for tasks to queue
[2024-02-07T09:02:04.286+0000] {logging_mixin.py:188} INFO - [2024-02-07T09:02:04.285+0000] {dagbag.py:538} INFO - Filling up the DagBag from /home/airflow/.local/lib/python3.8/site-packages/airflow/example_dags/example_task_group.py
[2024-02-07T09:02:04.294+0000] {processor.py:840} INFO - DAG(s) 'example_task_group' retrieved from /home/airflow/.local/lib/python3.8/site-packages/airflow/example_dags/example_task_group.py
[2024-02-07T09:02:04.320+0000] {logging_mixin.py:188} INFO - [2024-02-07T09:02:04.320+0000] {dag.py:3033} INFO - Sync 1 DAGs
[2024-02-07T09:02:04.340+0000] {logging_mixin.py:188} INFO - [2024-02-07T09:02:04.340+0000] {dag.py:3820} INFO - Setting next_dagrun for example_task_group to 2024-02-06T00:00:00+00:00, run_after=2024-02-07T00:00:00+00:00
[2024-02-07T09:02:04.360+0000] {processor.py:183} INFO - Processing /home/airflow/.local/lib/python3.8/site-packages/airflow/example_dags/example_task_group.py took 0.081 seconds
[2024-02-07T09:02:34.961+0000] {processor.py:161} INFO - Started process (PID=2565) to work on /home/airflow/.local/lib/python3.8/site-packages/airflow/example_dags/example_task_group.py
[2024-02-07T09:02:34.962+0000] {processor.py:830} INFO - Processing file /home/airflow/.local/lib/python3.8/site-packages/airflow/example_dags/example_task_group.py for tasks to queue
[2024-02-07T09:02:34.966+0000] {logging_mixin.py:188} INFO - [2024-02-07T09:02:34.966+0000] {dagbag.py:538} INFO - Filling up the DagBag from /home/airflow/.local/lib/python3.8/site-packages/airflow/example_dags/example_task_group.py
[2024-02-07T09:02:34.975+0000] {processor.py:840} INFO - DAG(s) 'example_task_group' retrieved from /home/airflow/.local/lib/python3.8/site-packages/airflow/example_dags/example_task_group.py
[2024-02-07T09:02:34.999+0000] {logging_mixin.py:188} INFO - [2024-02-07T09:02:34.999+0000] {dag.py:3033} INFO - Sync 1 DAGs
[2024-02-07T09:02:35.020+0000] {logging_mixin.py:188} INFO - [2024-02-07T09:02:35.020+0000] {dag.py:3820} INFO - Setting next_dagrun for example_task_group to 2024-02-06T00:00:00+00:00, run_after=2024-02-07T00:00:00+00:00
[2024-02-07T09:02:35.044+0000] {processor.py:183} INFO - Processing /home/airflow/.local/lib/python3.8/site-packages/airflow/example_dags/example_task_group.py took 0.087 seconds
[2024-02-07T09:03:05.148+0000] {processor.py:161} INFO - Started process (PID=2622) to work on /home/airflow/.local/lib/python3.8/site-packages/airflow/example_dags/example_task_group.py
[2024-02-07T09:03:05.149+0000] {processor.py:830} INFO - Processing file /home/airflow/.local/lib/python3.8/site-packages/airflow/example_dags/example_task_group.py for tasks to queue
[2024-02-07T09:03:05.152+0000] {logging_mixin.py:188} INFO - [2024-02-07T09:03:05.152+0000] {dagbag.py:538} INFO - Filling up the DagBag from /home/airflow/.local/lib/python3.8/site-packages/airflow/example_dags/example_task_group.py
[2024-02-07T09:03:05.163+0000] {processor.py:840} INFO - DAG(s) 'example_task_group' retrieved from /home/airflow/.local/lib/python3.8/site-packages/airflow/example_dags/example_task_group.py
[2024-02-07T09:03:05.189+0000] {logging_mixin.py:188} INFO - [2024-02-07T09:03:05.188+0000] {dag.py:3033} INFO - Sync 1 DAGs
[2024-02-07T09:03:05.211+0000] {logging_mixin.py:188} INFO - [2024-02-07T09:03:05.210+0000] {dag.py:3820} INFO - Setting next_dagrun for example_task_group to 2024-02-06T00:00:00+00:00, run_after=2024-02-07T00:00:00+00:00
[2024-02-07T09:03:05.232+0000] {processor.py:183} INFO - Processing /home/airflow/.local/lib/python3.8/site-packages/airflow/example_dags/example_task_group.py took 0.089 seconds
[2024-02-07T09:03:36.005+0000] {processor.py:161} INFO - Started process (PID=2679) to work on /home/airflow/.local/lib/python3.8/site-packages/airflow/example_dags/example_task_group.py
[2024-02-07T09:03:36.007+0000] {processor.py:830} INFO - Processing file /home/airflow/.local/lib/python3.8/site-packages/airflow/example_dags/example_task_group.py for tasks to queue
[2024-02-07T09:03:36.009+0000] {logging_mixin.py:188} INFO - [2024-02-07T09:03:36.009+0000] {dagbag.py:538} INFO - Filling up the DagBag from /home/airflow/.local/lib/python3.8/site-packages/airflow/example_dags/example_task_group.py
[2024-02-07T09:03:36.017+0000] {processor.py:840} INFO - DAG(s) 'example_task_group' retrieved from /home/airflow/.local/lib/python3.8/site-packages/airflow/example_dags/example_task_group.py
[2024-02-07T09:03:36.039+0000] {logging_mixin.py:188} INFO - [2024-02-07T09:03:36.038+0000] {dag.py:3033} INFO - Sync 1 DAGs
[2024-02-07T09:03:36.061+0000] {logging_mixin.py:188} INFO - [2024-02-07T09:03:36.061+0000] {dag.py:3820} INFO - Setting next_dagrun for example_task_group to 2024-02-06T00:00:00+00:00, run_after=2024-02-07T00:00:00+00:00
[2024-02-07T09:03:36.083+0000] {processor.py:183} INFO - Processing /home/airflow/.local/lib/python3.8/site-packages/airflow/example_dags/example_task_group.py took 0.082 seconds
[2024-02-07T09:04:06.293+0000] {processor.py:161} INFO - Started process (PID=2736) to work on /home/airflow/.local/lib/python3.8/site-packages/airflow/example_dags/example_task_group.py
[2024-02-07T09:04:06.295+0000] {processor.py:830} INFO - Processing file /home/airflow/.local/lib/python3.8/site-packages/airflow/example_dags/example_task_group.py for tasks to queue
[2024-02-07T09:04:06.297+0000] {logging_mixin.py:188} INFO - [2024-02-07T09:04:06.297+0000] {dagbag.py:538} INFO - Filling up the DagBag from /home/airflow/.local/lib/python3.8/site-packages/airflow/example_dags/example_task_group.py
[2024-02-07T09:04:06.304+0000] {processor.py:840} INFO - DAG(s) 'example_task_group' retrieved from /home/airflow/.local/lib/python3.8/site-packages/airflow/example_dags/example_task_group.py
[2024-02-07T09:04:06.329+0000] {logging_mixin.py:188} INFO - [2024-02-07T09:04:06.328+0000] {dag.py:3033} INFO - Sync 1 DAGs
[2024-02-07T09:04:06.353+0000] {logging_mixin.py:188} INFO - [2024-02-07T09:04:06.353+0000] {dag.py:3820} INFO - Setting next_dagrun for example_task_group to 2024-02-06T00:00:00+00:00, run_after=2024-02-07T00:00:00+00:00
[2024-02-07T09:04:06.379+0000] {processor.py:183} INFO - Processing /home/airflow/.local/lib/python3.8/site-packages/airflow/example_dags/example_task_group.py took 0.089 seconds
[2024-02-07T09:04:36.833+0000] {processor.py:161} INFO - Started process (PID=2793) to work on /home/airflow/.local/lib/python3.8/site-packages/airflow/example_dags/example_task_group.py
[2024-02-07T09:04:36.835+0000] {processor.py:830} INFO - Processing file /home/airflow/.local/lib/python3.8/site-packages/airflow/example_dags/example_task_group.py for tasks to queue
[2024-02-07T09:04:36.837+0000] {logging_mixin.py:188} INFO - [2024-02-07T09:04:36.837+0000] {dagbag.py:538} INFO - Filling up the DagBag from /home/airflow/.local/lib/python3.8/site-packages/airflow/example_dags/example_task_group.py
[2024-02-07T09:04:36.844+0000] {processor.py:840} INFO - DAG(s) 'example_task_group' retrieved from /home/airflow/.local/lib/python3.8/site-packages/airflow/example_dags/example_task_group.py
[2024-02-07T09:04:36.866+0000] {logging_mixin.py:188} INFO - [2024-02-07T09:04:36.866+0000] {dag.py:3033} INFO - Sync 1 DAGs
[2024-02-07T09:04:36.885+0000] {logging_mixin.py:188} INFO - [2024-02-07T09:04:36.885+0000] {dag.py:3820} INFO - Setting next_dagrun for example_task_group to 2024-02-06T00:00:00+00:00, run_after=2024-02-07T00:00:00+00:00
[2024-02-07T09:04:36.910+0000] {processor.py:183} INFO - Processing /home/airflow/.local/lib/python3.8/site-packages/airflow/example_dags/example_task_group.py took 0.081 seconds
[2024-02-07T09:05:07.063+0000] {processor.py:161} INFO - Started process (PID=2850) to work on /home/airflow/.local/lib/python3.8/site-packages/airflow/example_dags/example_task_group.py
[2024-02-07T09:05:07.064+0000] {processor.py:830} INFO - Processing file /home/airflow/.local/lib/python3.8/site-packages/airflow/example_dags/example_task_group.py for tasks to queue
[2024-02-07T09:05:07.067+0000] {logging_mixin.py:188} INFO - [2024-02-07T09:05:07.066+0000] {dagbag.py:538} INFO - Filling up the DagBag from /home/airflow/.local/lib/python3.8/site-packages/airflow/example_dags/example_task_group.py
[2024-02-07T09:05:07.075+0000] {processor.py:840} INFO - DAG(s) 'example_task_group' retrieved from /home/airflow/.local/lib/python3.8/site-packages/airflow/example_dags/example_task_group.py
[2024-02-07T09:05:07.096+0000] {logging_mixin.py:188} INFO - [2024-02-07T09:05:07.096+0000] {dag.py:3033} INFO - Sync 1 DAGs
[2024-02-07T09:05:07.116+0000] {logging_mixin.py:188} INFO - [2024-02-07T09:05:07.116+0000] {dag.py:3820} INFO - Setting next_dagrun for example_task_group to 2024-02-06T00:00:00+00:00, run_after=2024-02-07T00:00:00+00:00
[2024-02-07T09:05:07.137+0000] {processor.py:183} INFO - Processing /home/airflow/.local/lib/python3.8/site-packages/airflow/example_dags/example_task_group.py took 0.077 seconds
[2024-02-07T09:05:37.508+0000] {processor.py:161} INFO - Started process (PID=2907) to work on /home/airflow/.local/lib/python3.8/site-packages/airflow/example_dags/example_task_group.py
[2024-02-07T09:05:37.509+0000] {processor.py:830} INFO - Processing file /home/airflow/.local/lib/python3.8/site-packages/airflow/example_dags/example_task_group.py for tasks to queue
[2024-02-07T09:05:37.512+0000] {logging_mixin.py:188} INFO - [2024-02-07T09:05:37.511+0000] {dagbag.py:538} INFO - Filling up the DagBag from /home/airflow/.local/lib/python3.8/site-packages/airflow/example_dags/example_task_group.py
[2024-02-07T09:05:37.518+0000] {processor.py:840} INFO - DAG(s) 'example_task_group' retrieved from /home/airflow/.local/lib/python3.8/site-packages/airflow/example_dags/example_task_group.py
[2024-02-07T09:05:37.542+0000] {logging_mixin.py:188} INFO - [2024-02-07T09:05:37.542+0000] {dag.py:3033} INFO - Sync 1 DAGs
[2024-02-07T09:05:37.566+0000] {logging_mixin.py:188} INFO - [2024-02-07T09:05:37.565+0000] {dag.py:3820} INFO - Setting next_dagrun for example_task_group to 2024-02-06T00:00:00+00:00, run_after=2024-02-07T00:00:00+00:00
[2024-02-07T09:05:37.589+0000] {processor.py:183} INFO - Processing /home/airflow/.local/lib/python3.8/site-packages/airflow/example_dags/example_task_group.py took 0.085 seconds
[2024-02-07T09:06:07.802+0000] {processor.py:161} INFO - Started process (PID=2964) to work on /home/airflow/.local/lib/python3.8/site-packages/airflow/example_dags/example_task_group.py
[2024-02-07T09:06:07.803+0000] {processor.py:830} INFO - Processing file /home/airflow/.local/lib/python3.8/site-packages/airflow/example_dags/example_task_group.py for tasks to queue
[2024-02-07T09:06:07.807+0000] {logging_mixin.py:188} INFO - [2024-02-07T09:06:07.807+0000] {dagbag.py:538} INFO - Filling up the DagBag from /home/airflow/.local/lib/python3.8/site-packages/airflow/example_dags/example_task_group.py
[2024-02-07T09:06:07.818+0000] {processor.py:840} INFO - DAG(s) 'example_task_group' retrieved from /home/airflow/.local/lib/python3.8/site-packages/airflow/example_dags/example_task_group.py
[2024-02-07T09:06:07.846+0000] {logging_mixin.py:188} INFO - [2024-02-07T09:06:07.846+0000] {dag.py:3033} INFO - Sync 1 DAGs
[2024-02-07T09:06:07.876+0000] {logging_mixin.py:188} INFO - [2024-02-07T09:06:07.876+0000] {dag.py:3820} INFO - Setting next_dagrun for example_task_group to 2024-02-06T00:00:00+00:00, run_after=2024-02-07T00:00:00+00:00
[2024-02-07T09:06:07.899+0000] {processor.py:183} INFO - Processing /home/airflow/.local/lib/python3.8/site-packages/airflow/example_dags/example_task_group.py took 0.102 seconds
[2024-02-07T09:06:38.283+0000] {processor.py:161} INFO - Started process (PID=3021) to work on /home/airflow/.local/lib/python3.8/site-packages/airflow/example_dags/example_task_group.py
[2024-02-07T09:06:38.284+0000] {processor.py:830} INFO - Processing file /home/airflow/.local/lib/python3.8/site-packages/airflow/example_dags/example_task_group.py for tasks to queue
[2024-02-07T09:06:38.288+0000] {logging_mixin.py:188} INFO - [2024-02-07T09:06:38.287+0000] {dagbag.py:538} INFO - Filling up the DagBag from /home/airflow/.local/lib/python3.8/site-packages/airflow/example_dags/example_task_group.py
[2024-02-07T09:06:38.295+0000] {processor.py:840} INFO - DAG(s) 'example_task_group' retrieved from /home/airflow/.local/lib/python3.8/site-packages/airflow/example_dags/example_task_group.py
[2024-02-07T09:06:38.318+0000] {logging_mixin.py:188} INFO - [2024-02-07T09:06:38.317+0000] {dag.py:3033} INFO - Sync 1 DAGs
[2024-02-07T09:06:38.339+0000] {logging_mixin.py:188} INFO - [2024-02-07T09:06:38.339+0000] {dag.py:3820} INFO - Setting next_dagrun for example_task_group to 2024-02-06T00:00:00+00:00, run_after=2024-02-07T00:00:00+00:00
[2024-02-07T09:06:38.360+0000] {processor.py:183} INFO - Processing /home/airflow/.local/lib/python3.8/site-packages/airflow/example_dags/example_task_group.py took 0.081 seconds
[2024-02-07T09:07:08.689+0000] {processor.py:161} INFO - Started process (PID=3078) to work on /home/airflow/.local/lib/python3.8/site-packages/airflow/example_dags/example_task_group.py
[2024-02-07T09:07:08.690+0000] {processor.py:830} INFO - Processing file /home/airflow/.local/lib/python3.8/site-packages/airflow/example_dags/example_task_group.py for tasks to queue
[2024-02-07T09:07:08.695+0000] {logging_mixin.py:188} INFO - [2024-02-07T09:07:08.694+0000] {dagbag.py:538} INFO - Filling up the DagBag from /home/airflow/.local/lib/python3.8/site-packages/airflow/example_dags/example_task_group.py
[2024-02-07T09:07:08.706+0000] {processor.py:840} INFO - DAG(s) 'example_task_group' retrieved from /home/airflow/.local/lib/python3.8/site-packages/airflow/example_dags/example_task_group.py
[2024-02-07T09:07:08.734+0000] {logging_mixin.py:188} INFO - [2024-02-07T09:07:08.734+0000] {dag.py:3033} INFO - Sync 1 DAGs
[2024-02-07T09:07:08.756+0000] {logging_mixin.py:188} INFO - [2024-02-07T09:07:08.755+0000] {dag.py:3820} INFO - Setting next_dagrun for example_task_group to 2024-02-06T00:00:00+00:00, run_after=2024-02-07T00:00:00+00:00
[2024-02-07T09:07:08.774+0000] {processor.py:183} INFO - Processing /home/airflow/.local/lib/python3.8/site-packages/airflow/example_dags/example_task_group.py took 0.089 seconds
[2024-02-07T09:07:39.264+0000] {processor.py:161} INFO - Started process (PID=3135) to work on /home/airflow/.local/lib/python3.8/site-packages/airflow/example_dags/example_task_group.py
[2024-02-07T09:07:39.265+0000] {processor.py:830} INFO - Processing file /home/airflow/.local/lib/python3.8/site-packages/airflow/example_dags/example_task_group.py for tasks to queue
[2024-02-07T09:07:39.268+0000] {logging_mixin.py:188} INFO - [2024-02-07T09:07:39.268+0000] {dagbag.py:538} INFO - Filling up the DagBag from /home/airflow/.local/lib/python3.8/site-packages/airflow/example_dags/example_task_group.py
[2024-02-07T09:07:39.277+0000] {processor.py:840} INFO - DAG(s) 'example_task_group' retrieved from /home/airflow/.local/lib/python3.8/site-packages/airflow/example_dags/example_task_group.py
[2024-02-07T09:07:39.297+0000] {logging_mixin.py:188} INFO - [2024-02-07T09:07:39.297+0000] {dag.py:3033} INFO - Sync 1 DAGs
[2024-02-07T09:07:39.318+0000] {logging_mixin.py:188} INFO - [2024-02-07T09:07:39.318+0000] {dag.py:3820} INFO - Setting next_dagrun for example_task_group to 2024-02-06T00:00:00+00:00, run_after=2024-02-07T00:00:00+00:00
[2024-02-07T09:07:39.336+0000] {processor.py:183} INFO - Processing /home/airflow/.local/lib/python3.8/site-packages/airflow/example_dags/example_task_group.py took 0.076 seconds
[2024-02-07T09:08:09.660+0000] {processor.py:161} INFO - Started process (PID=3192) to work on /home/airflow/.local/lib/python3.8/site-packages/airflow/example_dags/example_task_group.py
[2024-02-07T09:08:09.661+0000] {processor.py:830} INFO - Processing file /home/airflow/.local/lib/python3.8/site-packages/airflow/example_dags/example_task_group.py for tasks to queue
[2024-02-07T09:08:09.664+0000] {logging_mixin.py:188} INFO - [2024-02-07T09:08:09.664+0000] {dagbag.py:538} INFO - Filling up the DagBag from /home/airflow/.local/lib/python3.8/site-packages/airflow/example_dags/example_task_group.py
[2024-02-07T09:08:09.674+0000] {processor.py:840} INFO - DAG(s) 'example_task_group' retrieved from /home/airflow/.local/lib/python3.8/site-packages/airflow/example_dags/example_task_group.py
[2024-02-07T09:08:09.700+0000] {logging_mixin.py:188} INFO - [2024-02-07T09:08:09.699+0000] {dag.py:3033} INFO - Sync 1 DAGs
[2024-02-07T09:08:09.722+0000] {logging_mixin.py:188} INFO - [2024-02-07T09:08:09.722+0000] {dag.py:3820} INFO - Setting next_dagrun for example_task_group to 2024-02-06T00:00:00+00:00, run_after=2024-02-07T00:00:00+00:00
[2024-02-07T09:08:09.743+0000] {processor.py:183} INFO - Processing /home/airflow/.local/lib/python3.8/site-packages/airflow/example_dags/example_task_group.py took 0.087 seconds
[2024-02-07T09:08:40.051+0000] {processor.py:161} INFO - Started process (PID=3249) to work on /home/airflow/.local/lib/python3.8/site-packages/airflow/example_dags/example_task_group.py
[2024-02-07T09:08:40.052+0000] {processor.py:830} INFO - Processing file /home/airflow/.local/lib/python3.8/site-packages/airflow/example_dags/example_task_group.py for tasks to queue
[2024-02-07T09:08:40.055+0000] {logging_mixin.py:188} INFO - [2024-02-07T09:08:40.055+0000] {dagbag.py:538} INFO - Filling up the DagBag from /home/airflow/.local/lib/python3.8/site-packages/airflow/example_dags/example_task_group.py
[2024-02-07T09:08:40.062+0000] {processor.py:840} INFO - DAG(s) 'example_task_group' retrieved from /home/airflow/.local/lib/python3.8/site-packages/airflow/example_dags/example_task_group.py
[2024-02-07T09:08:40.083+0000] {logging_mixin.py:188} INFO - [2024-02-07T09:08:40.083+0000] {dag.py:3033} INFO - Sync 1 DAGs
[2024-02-07T09:08:40.103+0000] {logging_mixin.py:188} INFO - [2024-02-07T09:08:40.103+0000] {dag.py:3820} INFO - Setting next_dagrun for example_task_group to 2024-02-06T00:00:00+00:00, run_after=2024-02-07T00:00:00+00:00
[2024-02-07T09:08:40.123+0000] {processor.py:183} INFO - Processing /home/airflow/.local/lib/python3.8/site-packages/airflow/example_dags/example_task_group.py took 0.076 seconds
[2024-02-07T09:09:10.445+0000] {processor.py:161} INFO - Started process (PID=3306) to work on /home/airflow/.local/lib/python3.8/site-packages/airflow/example_dags/example_task_group.py
[2024-02-07T09:09:10.447+0000] {processor.py:830} INFO - Processing file /home/airflow/.local/lib/python3.8/site-packages/airflow/example_dags/example_task_group.py for tasks to queue
[2024-02-07T09:09:10.450+0000] {logging_mixin.py:188} INFO - [2024-02-07T09:09:10.449+0000] {dagbag.py:538} INFO - Filling up the DagBag from /home/airflow/.local/lib/python3.8/site-packages/airflow/example_dags/example_task_group.py
[2024-02-07T09:09:10.458+0000] {processor.py:840} INFO - DAG(s) 'example_task_group' retrieved from /home/airflow/.local/lib/python3.8/site-packages/airflow/example_dags/example_task_group.py
[2024-02-07T09:09:10.480+0000] {logging_mixin.py:188} INFO - [2024-02-07T09:09:10.479+0000] {dag.py:3033} INFO - Sync 1 DAGs
[2024-02-07T09:09:10.508+0000] {logging_mixin.py:188} INFO - [2024-02-07T09:09:10.508+0000] {dag.py:3820} INFO - Setting next_dagrun for example_task_group to 2024-02-06T00:00:00+00:00, run_after=2024-02-07T00:00:00+00:00
[2024-02-07T09:09:10.536+0000] {processor.py:183} INFO - Processing /home/airflow/.local/lib/python3.8/site-packages/airflow/example_dags/example_task_group.py took 0.095 seconds
[2024-02-07T09:09:40.938+0000] {processor.py:161} INFO - Started process (PID=3363) to work on /home/airflow/.local/lib/python3.8/site-packages/airflow/example_dags/example_task_group.py
[2024-02-07T09:09:40.940+0000] {processor.py:830} INFO - Processing file /home/airflow/.local/lib/python3.8/site-packages/airflow/example_dags/example_task_group.py for tasks to queue
[2024-02-07T09:09:40.942+0000] {logging_mixin.py:188} INFO - [2024-02-07T09:09:40.942+0000] {dagbag.py:538} INFO - Filling up the DagBag from /home/airflow/.local/lib/python3.8/site-packages/airflow/example_dags/example_task_group.py
[2024-02-07T09:09:40.949+0000] {processor.py:840} INFO - DAG(s) 'example_task_group' retrieved from /home/airflow/.local/lib/python3.8/site-packages/airflow/example_dags/example_task_group.py
[2024-02-07T09:09:40.972+0000] {logging_mixin.py:188} INFO - [2024-02-07T09:09:40.972+0000] {dag.py:3033} INFO - Sync 1 DAGs
[2024-02-07T09:09:40.993+0000] {logging_mixin.py:188} INFO - [2024-02-07T09:09:40.992+0000] {dag.py:3820} INFO - Setting next_dagrun for example_task_group to 2024-02-06T00:00:00+00:00, run_after=2024-02-07T00:00:00+00:00
[2024-02-07T09:09:41.015+0000] {processor.py:183} INFO - Processing /home/airflow/.local/lib/python3.8/site-packages/airflow/example_dags/example_task_group.py took 0.080 seconds
[2024-02-07T09:10:11.063+0000] {processor.py:161} INFO - Started process (PID=3420) to work on /home/airflow/.local/lib/python3.8/site-packages/airflow/example_dags/example_task_group.py
[2024-02-07T09:10:11.064+0000] {processor.py:830} INFO - Processing file /home/airflow/.local/lib/python3.8/site-packages/airflow/example_dags/example_task_group.py for tasks to queue
[2024-02-07T09:10:11.067+0000] {logging_mixin.py:188} INFO - [2024-02-07T09:10:11.066+0000] {dagbag.py:538} INFO - Filling up the DagBag from /home/airflow/.local/lib/python3.8/site-packages/airflow/example_dags/example_task_group.py
[2024-02-07T09:10:11.073+0000] {processor.py:840} INFO - DAG(s) 'example_task_group' retrieved from /home/airflow/.local/lib/python3.8/site-packages/airflow/example_dags/example_task_group.py
[2024-02-07T09:10:11.100+0000] {logging_mixin.py:188} INFO - [2024-02-07T09:10:11.099+0000] {dag.py:3033} INFO - Sync 1 DAGs
[2024-02-07T09:10:11.128+0000] {logging_mixin.py:188} INFO - [2024-02-07T09:10:11.127+0000] {dag.py:3820} INFO - Setting next_dagrun for example_task_group to 2024-02-06T00:00:00+00:00, run_after=2024-02-07T00:00:00+00:00
[2024-02-07T09:10:11.150+0000] {processor.py:183} INFO - Processing /home/airflow/.local/lib/python3.8/site-packages/airflow/example_dags/example_task_group.py took 0.090 seconds
[2024-02-07T09:10:41.569+0000] {processor.py:161} INFO - Started process (PID=3477) to work on /home/airflow/.local/lib/python3.8/site-packages/airflow/example_dags/example_task_group.py
[2024-02-07T09:10:41.570+0000] {processor.py:830} INFO - Processing file /home/airflow/.local/lib/python3.8/site-packages/airflow/example_dags/example_task_group.py for tasks to queue
[2024-02-07T09:10:41.573+0000] {logging_mixin.py:188} INFO - [2024-02-07T09:10:41.573+0000] {dagbag.py:538} INFO - Filling up the DagBag from /home/airflow/.local/lib/python3.8/site-packages/airflow/example_dags/example_task_group.py
[2024-02-07T09:10:41.581+0000] {processor.py:840} INFO - DAG(s) 'example_task_group' retrieved from /home/airflow/.local/lib/python3.8/site-packages/airflow/example_dags/example_task_group.py
[2024-02-07T09:10:41.606+0000] {logging_mixin.py:188} INFO - [2024-02-07T09:10:41.606+0000] {dag.py:3033} INFO - Sync 1 DAGs
[2024-02-07T09:10:41.631+0000] {logging_mixin.py:188} INFO - [2024-02-07T09:10:41.630+0000] {dag.py:3820} INFO - Setting next_dagrun for example_task_group to 2024-02-06T00:00:00+00:00, run_after=2024-02-07T00:00:00+00:00
[2024-02-07T09:10:41.656+0000] {processor.py:183} INFO - Processing /home/airflow/.local/lib/python3.8/site-packages/airflow/example_dags/example_task_group.py took 0.091 seconds
[2024-02-07T09:11:11.908+0000] {processor.py:161} INFO - Started process (PID=3534) to work on /home/airflow/.local/lib/python3.8/site-packages/airflow/example_dags/example_task_group.py
[2024-02-07T09:11:11.909+0000] {processor.py:830} INFO - Processing file /home/airflow/.local/lib/python3.8/site-packages/airflow/example_dags/example_task_group.py for tasks to queue
[2024-02-07T09:11:11.912+0000] {logging_mixin.py:188} INFO - [2024-02-07T09:11:11.912+0000] {dagbag.py:538} INFO - Filling up the DagBag from /home/airflow/.local/lib/python3.8/site-packages/airflow/example_dags/example_task_group.py
[2024-02-07T09:11:11.920+0000] {processor.py:840} INFO - DAG(s) 'example_task_group' retrieved from /home/airflow/.local/lib/python3.8/site-packages/airflow/example_dags/example_task_group.py
[2024-02-07T09:11:11.943+0000] {logging_mixin.py:188} INFO - [2024-02-07T09:11:11.942+0000] {dag.py:3033} INFO - Sync 1 DAGs
[2024-02-07T09:11:11.966+0000] {logging_mixin.py:188} INFO - [2024-02-07T09:11:11.966+0000] {dag.py:3820} INFO - Setting next_dagrun for example_task_group to 2024-02-06T00:00:00+00:00, run_after=2024-02-07T00:00:00+00:00
[2024-02-07T09:11:11.992+0000] {processor.py:183} INFO - Processing /home/airflow/.local/lib/python3.8/site-packages/airflow/example_dags/example_task_group.py took 0.088 seconds
