[2024-02-07T08:40:12.311+0000] {processor.py:161} INFO - Started process (PID=74) to work on /home/airflow/.local/lib/python3.8/site-packages/airflow/example_dags/example_latest_only_with_trigger.py
[2024-02-07T08:40:12.312+0000] {processor.py:830} INFO - Processing file /home/airflow/.local/lib/python3.8/site-packages/airflow/example_dags/example_latest_only_with_trigger.py for tasks to queue
[2024-02-07T08:40:12.314+0000] {logging_mixin.py:188} INFO - [2024-02-07T08:40:12.314+0000] {dagbag.py:538} INFO - Filling up the DagBag from /home/airflow/.local/lib/python3.8/site-packages/airflow/example_dags/example_latest_only_with_trigger.py
[2024-02-07T08:40:12.323+0000] {processor.py:840} INFO - DAG(s) 'latest_only_with_trigger' retrieved from /home/airflow/.local/lib/python3.8/site-packages/airflow/example_dags/example_latest_only_with_trigger.py
[2024-02-07T08:40:12.354+0000] {logging_mixin.py:188} INFO - [2024-02-07T08:40:12.354+0000] {dag.py:3033} INFO - Sync 1 DAGs
[2024-02-07T08:40:12.378+0000] {logging_mixin.py:188} INFO - [2024-02-07T08:40:12.378+0000] {dag.py:3820} INFO - Setting next_dagrun for latest_only_with_trigger to 2024-02-07T04:00:00+00:00, run_after=2024-02-07T08:00:00+00:00
[2024-02-07T08:40:12.400+0000] {processor.py:183} INFO - Processing /home/airflow/.local/lib/python3.8/site-packages/airflow/example_dags/example_latest_only_with_trigger.py took 0.093 seconds
[2024-02-07T08:40:42.496+0000] {processor.py:161} INFO - Started process (PID=131) to work on /home/airflow/.local/lib/python3.8/site-packages/airflow/example_dags/example_latest_only_with_trigger.py
[2024-02-07T08:40:42.497+0000] {processor.py:830} INFO - Processing file /home/airflow/.local/lib/python3.8/site-packages/airflow/example_dags/example_latest_only_with_trigger.py for tasks to queue
[2024-02-07T08:40:42.500+0000] {logging_mixin.py:188} INFO - [2024-02-07T08:40:42.500+0000] {dagbag.py:538} INFO - Filling up the DagBag from /home/airflow/.local/lib/python3.8/site-packages/airflow/example_dags/example_latest_only_with_trigger.py
[2024-02-07T08:40:42.507+0000] {processor.py:840} INFO - DAG(s) 'latest_only_with_trigger' retrieved from /home/airflow/.local/lib/python3.8/site-packages/airflow/example_dags/example_latest_only_with_trigger.py
[2024-02-07T08:40:42.528+0000] {logging_mixin.py:188} INFO - [2024-02-07T08:40:42.528+0000] {dag.py:3033} INFO - Sync 1 DAGs
[2024-02-07T08:40:42.554+0000] {logging_mixin.py:188} INFO - [2024-02-07T08:40:42.554+0000] {dag.py:3820} INFO - Setting next_dagrun for latest_only_with_trigger to 2024-02-07T04:00:00+00:00, run_after=2024-02-07T08:00:00+00:00
[2024-02-07T08:40:42.572+0000] {processor.py:183} INFO - Processing /home/airflow/.local/lib/python3.8/site-packages/airflow/example_dags/example_latest_only_with_trigger.py took 0.080 seconds
[2024-02-07T08:41:13.309+0000] {processor.py:161} INFO - Started process (PID=188) to work on /home/airflow/.local/lib/python3.8/site-packages/airflow/example_dags/example_latest_only_with_trigger.py
[2024-02-07T08:41:13.316+0000] {processor.py:830} INFO - Processing file /home/airflow/.local/lib/python3.8/site-packages/airflow/example_dags/example_latest_only_with_trigger.py for tasks to queue
[2024-02-07T08:41:13.322+0000] {logging_mixin.py:188} INFO - [2024-02-07T08:41:13.321+0000] {dagbag.py:538} INFO - Filling up the DagBag from /home/airflow/.local/lib/python3.8/site-packages/airflow/example_dags/example_latest_only_with_trigger.py
[2024-02-07T08:41:13.330+0000] {processor.py:840} INFO - DAG(s) 'latest_only_with_trigger' retrieved from /home/airflow/.local/lib/python3.8/site-packages/airflow/example_dags/example_latest_only_with_trigger.py
[2024-02-07T08:41:13.372+0000] {logging_mixin.py:188} INFO - [2024-02-07T08:41:13.371+0000] {dag.py:3033} INFO - Sync 1 DAGs
[2024-02-07T08:41:13.401+0000] {logging_mixin.py:188} INFO - [2024-02-07T08:41:13.401+0000] {dag.py:3820} INFO - Setting next_dagrun for latest_only_with_trigger to 2024-02-07T04:00:00+00:00, run_after=2024-02-07T08:00:00+00:00
[2024-02-07T08:41:13.450+0000] {processor.py:183} INFO - Processing /home/airflow/.local/lib/python3.8/site-packages/airflow/example_dags/example_latest_only_with_trigger.py took 0.147 seconds
[2024-02-07T08:41:44.417+0000] {processor.py:161} INFO - Started process (PID=245) to work on /home/airflow/.local/lib/python3.8/site-packages/airflow/example_dags/example_latest_only_with_trigger.py
[2024-02-07T08:41:44.418+0000] {processor.py:830} INFO - Processing file /home/airflow/.local/lib/python3.8/site-packages/airflow/example_dags/example_latest_only_with_trigger.py for tasks to queue
[2024-02-07T08:41:44.420+0000] {logging_mixin.py:188} INFO - [2024-02-07T08:41:44.420+0000] {dagbag.py:538} INFO - Filling up the DagBag from /home/airflow/.local/lib/python3.8/site-packages/airflow/example_dags/example_latest_only_with_trigger.py
[2024-02-07T08:41:44.426+0000] {processor.py:840} INFO - DAG(s) 'latest_only_with_trigger' retrieved from /home/airflow/.local/lib/python3.8/site-packages/airflow/example_dags/example_latest_only_with_trigger.py
[2024-02-07T08:41:44.449+0000] {logging_mixin.py:188} INFO - [2024-02-07T08:41:44.449+0000] {dag.py:3033} INFO - Sync 1 DAGs
[2024-02-07T08:41:44.473+0000] {logging_mixin.py:188} INFO - [2024-02-07T08:41:44.473+0000] {dag.py:3820} INFO - Setting next_dagrun for latest_only_with_trigger to 2024-02-07T04:00:00+00:00, run_after=2024-02-07T08:00:00+00:00
[2024-02-07T08:41:44.492+0000] {processor.py:183} INFO - Processing /home/airflow/.local/lib/python3.8/site-packages/airflow/example_dags/example_latest_only_with_trigger.py took 0.079 seconds
[2024-02-07T08:42:14.743+0000] {processor.py:161} INFO - Started process (PID=303) to work on /home/airflow/.local/lib/python3.8/site-packages/airflow/example_dags/example_latest_only_with_trigger.py
[2024-02-07T08:42:14.744+0000] {processor.py:830} INFO - Processing file /home/airflow/.local/lib/python3.8/site-packages/airflow/example_dags/example_latest_only_with_trigger.py for tasks to queue
[2024-02-07T08:42:14.747+0000] {logging_mixin.py:188} INFO - [2024-02-07T08:42:14.747+0000] {dagbag.py:538} INFO - Filling up the DagBag from /home/airflow/.local/lib/python3.8/site-packages/airflow/example_dags/example_latest_only_with_trigger.py
[2024-02-07T08:42:14.754+0000] {processor.py:840} INFO - DAG(s) 'latest_only_with_trigger' retrieved from /home/airflow/.local/lib/python3.8/site-packages/airflow/example_dags/example_latest_only_with_trigger.py
[2024-02-07T08:42:14.778+0000] {logging_mixin.py:188} INFO - [2024-02-07T08:42:14.778+0000] {dag.py:3033} INFO - Sync 1 DAGs
[2024-02-07T08:42:14.804+0000] {logging_mixin.py:188} INFO - [2024-02-07T08:42:14.803+0000] {dag.py:3820} INFO - Setting next_dagrun for latest_only_with_trigger to 2024-02-07T04:00:00+00:00, run_after=2024-02-07T08:00:00+00:00
[2024-02-07T08:42:14.830+0000] {processor.py:183} INFO - Processing /home/airflow/.local/lib/python3.8/site-packages/airflow/example_dags/example_latest_only_with_trigger.py took 0.091 seconds
[2024-02-07T08:42:45.490+0000] {processor.py:161} INFO - Started process (PID=360) to work on /home/airflow/.local/lib/python3.8/site-packages/airflow/example_dags/example_latest_only_with_trigger.py
[2024-02-07T08:42:45.492+0000] {processor.py:830} INFO - Processing file /home/airflow/.local/lib/python3.8/site-packages/airflow/example_dags/example_latest_only_with_trigger.py for tasks to queue
[2024-02-07T08:42:45.498+0000] {logging_mixin.py:188} INFO - [2024-02-07T08:42:45.497+0000] {dagbag.py:538} INFO - Filling up the DagBag from /home/airflow/.local/lib/python3.8/site-packages/airflow/example_dags/example_latest_only_with_trigger.py
[2024-02-07T08:42:45.505+0000] {processor.py:840} INFO - DAG(s) 'latest_only_with_trigger' retrieved from /home/airflow/.local/lib/python3.8/site-packages/airflow/example_dags/example_latest_only_with_trigger.py
[2024-02-07T08:42:45.531+0000] {logging_mixin.py:188} INFO - [2024-02-07T08:42:45.531+0000] {dag.py:3033} INFO - Sync 1 DAGs
[2024-02-07T08:42:45.557+0000] {logging_mixin.py:188} INFO - [2024-02-07T08:42:45.557+0000] {dag.py:3820} INFO - Setting next_dagrun for latest_only_with_trigger to 2024-02-07T04:00:00+00:00, run_after=2024-02-07T08:00:00+00:00
[2024-02-07T08:42:45.583+0000] {processor.py:183} INFO - Processing /home/airflow/.local/lib/python3.8/site-packages/airflow/example_dags/example_latest_only_with_trigger.py took 0.097 seconds
[2024-02-07T08:43:16.179+0000] {processor.py:161} INFO - Started process (PID=417) to work on /home/airflow/.local/lib/python3.8/site-packages/airflow/example_dags/example_latest_only_with_trigger.py
[2024-02-07T08:43:16.180+0000] {processor.py:830} INFO - Processing file /home/airflow/.local/lib/python3.8/site-packages/airflow/example_dags/example_latest_only_with_trigger.py for tasks to queue
[2024-02-07T08:43:16.183+0000] {logging_mixin.py:188} INFO - [2024-02-07T08:43:16.183+0000] {dagbag.py:538} INFO - Filling up the DagBag from /home/airflow/.local/lib/python3.8/site-packages/airflow/example_dags/example_latest_only_with_trigger.py
[2024-02-07T08:43:16.189+0000] {processor.py:840} INFO - DAG(s) 'latest_only_with_trigger' retrieved from /home/airflow/.local/lib/python3.8/site-packages/airflow/example_dags/example_latest_only_with_trigger.py
[2024-02-07T08:43:16.216+0000] {logging_mixin.py:188} INFO - [2024-02-07T08:43:16.215+0000] {dag.py:3033} INFO - Sync 1 DAGs
[2024-02-07T08:43:16.240+0000] {logging_mixin.py:188} INFO - [2024-02-07T08:43:16.240+0000] {dag.py:3820} INFO - Setting next_dagrun for latest_only_with_trigger to 2024-02-07T04:00:00+00:00, run_after=2024-02-07T08:00:00+00:00
[2024-02-07T08:43:16.260+0000] {processor.py:183} INFO - Processing /home/airflow/.local/lib/python3.8/site-packages/airflow/example_dags/example_latest_only_with_trigger.py took 0.084 seconds
[2024-02-07T08:43:46.683+0000] {processor.py:161} INFO - Started process (PID=474) to work on /home/airflow/.local/lib/python3.8/site-packages/airflow/example_dags/example_latest_only_with_trigger.py
[2024-02-07T08:43:46.685+0000] {processor.py:830} INFO - Processing file /home/airflow/.local/lib/python3.8/site-packages/airflow/example_dags/example_latest_only_with_trigger.py for tasks to queue
[2024-02-07T08:43:46.688+0000] {logging_mixin.py:188} INFO - [2024-02-07T08:43:46.687+0000] {dagbag.py:538} INFO - Filling up the DagBag from /home/airflow/.local/lib/python3.8/site-packages/airflow/example_dags/example_latest_only_with_trigger.py
[2024-02-07T08:43:46.694+0000] {processor.py:840} INFO - DAG(s) 'latest_only_with_trigger' retrieved from /home/airflow/.local/lib/python3.8/site-packages/airflow/example_dags/example_latest_only_with_trigger.py
[2024-02-07T08:43:46.718+0000] {logging_mixin.py:188} INFO - [2024-02-07T08:43:46.717+0000] {dag.py:3033} INFO - Sync 1 DAGs
[2024-02-07T08:43:46.744+0000] {logging_mixin.py:188} INFO - [2024-02-07T08:43:46.743+0000] {dag.py:3820} INFO - Setting next_dagrun for latest_only_with_trigger to 2024-02-07T04:00:00+00:00, run_after=2024-02-07T08:00:00+00:00
[2024-02-07T08:43:46.765+0000] {processor.py:183} INFO - Processing /home/airflow/.local/lib/python3.8/site-packages/airflow/example_dags/example_latest_only_with_trigger.py took 0.085 seconds
[2024-02-07T08:44:18.033+0000] {processor.py:161} INFO - Started process (PID=531) to work on /home/airflow/.local/lib/python3.8/site-packages/airflow/example_dags/example_latest_only_with_trigger.py
[2024-02-07T08:44:18.034+0000] {processor.py:830} INFO - Processing file /home/airflow/.local/lib/python3.8/site-packages/airflow/example_dags/example_latest_only_with_trigger.py for tasks to queue
[2024-02-07T08:44:18.042+0000] {logging_mixin.py:188} INFO - [2024-02-07T08:44:18.041+0000] {dagbag.py:538} INFO - Filling up the DagBag from /home/airflow/.local/lib/python3.8/site-packages/airflow/example_dags/example_latest_only_with_trigger.py
[2024-02-07T08:44:18.050+0000] {processor.py:840} INFO - DAG(s) 'latest_only_with_trigger' retrieved from /home/airflow/.local/lib/python3.8/site-packages/airflow/example_dags/example_latest_only_with_trigger.py
[2024-02-07T08:44:18.080+0000] {logging_mixin.py:188} INFO - [2024-02-07T08:44:18.079+0000] {dag.py:3033} INFO - Sync 1 DAGs
[2024-02-07T08:44:18.118+0000] {logging_mixin.py:188} INFO - [2024-02-07T08:44:18.117+0000] {dag.py:3820} INFO - Setting next_dagrun for latest_only_with_trigger to 2024-02-07T04:00:00+00:00, run_after=2024-02-07T08:00:00+00:00
[2024-02-07T08:44:18.161+0000] {processor.py:183} INFO - Processing /home/airflow/.local/lib/python3.8/site-packages/airflow/example_dags/example_latest_only_with_trigger.py took 0.132 seconds
[2024-02-07T08:44:48.339+0000] {processor.py:161} INFO - Started process (PID=588) to work on /home/airflow/.local/lib/python3.8/site-packages/airflow/example_dags/example_latest_only_with_trigger.py
[2024-02-07T08:44:48.340+0000] {processor.py:830} INFO - Processing file /home/airflow/.local/lib/python3.8/site-packages/airflow/example_dags/example_latest_only_with_trigger.py for tasks to queue
[2024-02-07T08:44:48.344+0000] {logging_mixin.py:188} INFO - [2024-02-07T08:44:48.343+0000] {dagbag.py:538} INFO - Filling up the DagBag from /home/airflow/.local/lib/python3.8/site-packages/airflow/example_dags/example_latest_only_with_trigger.py
[2024-02-07T08:44:48.349+0000] {processor.py:840} INFO - DAG(s) 'latest_only_with_trigger' retrieved from /home/airflow/.local/lib/python3.8/site-packages/airflow/example_dags/example_latest_only_with_trigger.py
[2024-02-07T08:44:48.373+0000] {logging_mixin.py:188} INFO - [2024-02-07T08:44:48.372+0000] {dag.py:3033} INFO - Sync 1 DAGs
[2024-02-07T08:44:48.401+0000] {logging_mixin.py:188} INFO - [2024-02-07T08:44:48.400+0000] {dag.py:3820} INFO - Setting next_dagrun for latest_only_with_trigger to 2024-02-07T04:00:00+00:00, run_after=2024-02-07T08:00:00+00:00
[2024-02-07T08:44:48.427+0000] {processor.py:183} INFO - Processing /home/airflow/.local/lib/python3.8/site-packages/airflow/example_dags/example_latest_only_with_trigger.py took 0.092 seconds
[2024-02-07T08:45:18.511+0000] {processor.py:161} INFO - Started process (PID=645) to work on /home/airflow/.local/lib/python3.8/site-packages/airflow/example_dags/example_latest_only_with_trigger.py
[2024-02-07T08:45:18.512+0000] {processor.py:830} INFO - Processing file /home/airflow/.local/lib/python3.8/site-packages/airflow/example_dags/example_latest_only_with_trigger.py for tasks to queue
[2024-02-07T08:45:18.514+0000] {logging_mixin.py:188} INFO - [2024-02-07T08:45:18.514+0000] {dagbag.py:538} INFO - Filling up the DagBag from /home/airflow/.local/lib/python3.8/site-packages/airflow/example_dags/example_latest_only_with_trigger.py
[2024-02-07T08:45:18.520+0000] {processor.py:840} INFO - DAG(s) 'latest_only_with_trigger' retrieved from /home/airflow/.local/lib/python3.8/site-packages/airflow/example_dags/example_latest_only_with_trigger.py
[2024-02-07T08:45:18.541+0000] {logging_mixin.py:188} INFO - [2024-02-07T08:45:18.541+0000] {dag.py:3033} INFO - Sync 1 DAGs
[2024-02-07T08:45:18.564+0000] {logging_mixin.py:188} INFO - [2024-02-07T08:45:18.564+0000] {dag.py:3820} INFO - Setting next_dagrun for latest_only_with_trigger to 2024-02-07T04:00:00+00:00, run_after=2024-02-07T08:00:00+00:00
[2024-02-07T08:45:18.586+0000] {processor.py:183} INFO - Processing /home/airflow/.local/lib/python3.8/site-packages/airflow/example_dags/example_latest_only_with_trigger.py took 0.079 seconds
[2024-02-07T08:45:49.535+0000] {processor.py:161} INFO - Started process (PID=702) to work on /home/airflow/.local/lib/python3.8/site-packages/airflow/example_dags/example_latest_only_with_trigger.py
[2024-02-07T08:45:49.536+0000] {processor.py:830} INFO - Processing file /home/airflow/.local/lib/python3.8/site-packages/airflow/example_dags/example_latest_only_with_trigger.py for tasks to queue
[2024-02-07T08:45:49.539+0000] {logging_mixin.py:188} INFO - [2024-02-07T08:45:49.539+0000] {dagbag.py:538} INFO - Filling up the DagBag from /home/airflow/.local/lib/python3.8/site-packages/airflow/example_dags/example_latest_only_with_trigger.py
[2024-02-07T08:45:49.547+0000] {processor.py:840} INFO - DAG(s) 'latest_only_with_trigger' retrieved from /home/airflow/.local/lib/python3.8/site-packages/airflow/example_dags/example_latest_only_with_trigger.py
[2024-02-07T08:45:49.577+0000] {logging_mixin.py:188} INFO - [2024-02-07T08:45:49.577+0000] {dag.py:3033} INFO - Sync 1 DAGs
[2024-02-07T08:45:49.602+0000] {logging_mixin.py:188} INFO - [2024-02-07T08:45:49.602+0000] {dag.py:3820} INFO - Setting next_dagrun for latest_only_with_trigger to 2024-02-07T04:00:00+00:00, run_after=2024-02-07T08:00:00+00:00
[2024-02-07T08:45:49.627+0000] {processor.py:183} INFO - Processing /home/airflow/.local/lib/python3.8/site-packages/airflow/example_dags/example_latest_only_with_trigger.py took 0.096 seconds
[2024-02-07T08:46:20.450+0000] {processor.py:161} INFO - Started process (PID=759) to work on /home/airflow/.local/lib/python3.8/site-packages/airflow/example_dags/example_latest_only_with_trigger.py
[2024-02-07T08:46:20.451+0000] {processor.py:830} INFO - Processing file /home/airflow/.local/lib/python3.8/site-packages/airflow/example_dags/example_latest_only_with_trigger.py for tasks to queue
[2024-02-07T08:46:20.455+0000] {logging_mixin.py:188} INFO - [2024-02-07T08:46:20.454+0000] {dagbag.py:538} INFO - Filling up the DagBag from /home/airflow/.local/lib/python3.8/site-packages/airflow/example_dags/example_latest_only_with_trigger.py
[2024-02-07T08:46:20.464+0000] {processor.py:840} INFO - DAG(s) 'latest_only_with_trigger' retrieved from /home/airflow/.local/lib/python3.8/site-packages/airflow/example_dags/example_latest_only_with_trigger.py
[2024-02-07T08:46:20.491+0000] {logging_mixin.py:188} INFO - [2024-02-07T08:46:20.490+0000] {dag.py:3033} INFO - Sync 1 DAGs
[2024-02-07T08:46:20.523+0000] {logging_mixin.py:188} INFO - [2024-02-07T08:46:20.523+0000] {dag.py:3820} INFO - Setting next_dagrun for latest_only_with_trigger to 2024-02-07T04:00:00+00:00, run_after=2024-02-07T08:00:00+00:00
[2024-02-07T08:46:20.555+0000] {processor.py:183} INFO - Processing /home/airflow/.local/lib/python3.8/site-packages/airflow/example_dags/example_latest_only_with_trigger.py took 0.109 seconds
[2024-02-07T08:46:51.301+0000] {processor.py:161} INFO - Started process (PID=816) to work on /home/airflow/.local/lib/python3.8/site-packages/airflow/example_dags/example_latest_only_with_trigger.py
[2024-02-07T08:46:51.302+0000] {processor.py:830} INFO - Processing file /home/airflow/.local/lib/python3.8/site-packages/airflow/example_dags/example_latest_only_with_trigger.py for tasks to queue
[2024-02-07T08:46:51.306+0000] {logging_mixin.py:188} INFO - [2024-02-07T08:46:51.306+0000] {dagbag.py:538} INFO - Filling up the DagBag from /home/airflow/.local/lib/python3.8/site-packages/airflow/example_dags/example_latest_only_with_trigger.py
[2024-02-07T08:46:51.311+0000] {processor.py:840} INFO - DAG(s) 'latest_only_with_trigger' retrieved from /home/airflow/.local/lib/python3.8/site-packages/airflow/example_dags/example_latest_only_with_trigger.py
[2024-02-07T08:46:51.337+0000] {logging_mixin.py:188} INFO - [2024-02-07T08:46:51.336+0000] {dag.py:3033} INFO - Sync 1 DAGs
[2024-02-07T08:46:51.359+0000] {logging_mixin.py:188} INFO - [2024-02-07T08:46:51.359+0000] {dag.py:3820} INFO - Setting next_dagrun for latest_only_with_trigger to 2024-02-07T04:00:00+00:00, run_after=2024-02-07T08:00:00+00:00
[2024-02-07T08:46:51.390+0000] {processor.py:183} INFO - Processing /home/airflow/.local/lib/python3.8/site-packages/airflow/example_dags/example_latest_only_with_trigger.py took 0.093 seconds
[2024-02-07T08:47:21.439+0000] {processor.py:161} INFO - Started process (PID=873) to work on /home/airflow/.local/lib/python3.8/site-packages/airflow/example_dags/example_latest_only_with_trigger.py
[2024-02-07T08:47:21.441+0000] {processor.py:830} INFO - Processing file /home/airflow/.local/lib/python3.8/site-packages/airflow/example_dags/example_latest_only_with_trigger.py for tasks to queue
[2024-02-07T08:47:21.443+0000] {logging_mixin.py:188} INFO - [2024-02-07T08:47:21.443+0000] {dagbag.py:538} INFO - Filling up the DagBag from /home/airflow/.local/lib/python3.8/site-packages/airflow/example_dags/example_latest_only_with_trigger.py
[2024-02-07T08:47:21.449+0000] {processor.py:840} INFO - DAG(s) 'latest_only_with_trigger' retrieved from /home/airflow/.local/lib/python3.8/site-packages/airflow/example_dags/example_latest_only_with_trigger.py
[2024-02-07T08:47:21.473+0000] {logging_mixin.py:188} INFO - [2024-02-07T08:47:21.472+0000] {dag.py:3033} INFO - Sync 1 DAGs
[2024-02-07T08:47:21.497+0000] {logging_mixin.py:188} INFO - [2024-02-07T08:47:21.497+0000] {dag.py:3820} INFO - Setting next_dagrun for latest_only_with_trigger to 2024-02-07T04:00:00+00:00, run_after=2024-02-07T08:00:00+00:00
[2024-02-07T08:47:21.520+0000] {processor.py:183} INFO - Processing /home/airflow/.local/lib/python3.8/site-packages/airflow/example_dags/example_latest_only_with_trigger.py took 0.084 seconds
[2024-02-07T08:47:51.890+0000] {processor.py:161} INFO - Started process (PID=930) to work on /home/airflow/.local/lib/python3.8/site-packages/airflow/example_dags/example_latest_only_with_trigger.py
[2024-02-07T08:47:51.891+0000] {processor.py:830} INFO - Processing file /home/airflow/.local/lib/python3.8/site-packages/airflow/example_dags/example_latest_only_with_trigger.py for tasks to queue
[2024-02-07T08:47:51.893+0000] {logging_mixin.py:188} INFO - [2024-02-07T08:47:51.893+0000] {dagbag.py:538} INFO - Filling up the DagBag from /home/airflow/.local/lib/python3.8/site-packages/airflow/example_dags/example_latest_only_with_trigger.py
[2024-02-07T08:47:51.900+0000] {processor.py:840} INFO - DAG(s) 'latest_only_with_trigger' retrieved from /home/airflow/.local/lib/python3.8/site-packages/airflow/example_dags/example_latest_only_with_trigger.py
[2024-02-07T08:47:51.922+0000] {logging_mixin.py:188} INFO - [2024-02-07T08:47:51.921+0000] {dag.py:3033} INFO - Sync 1 DAGs
[2024-02-07T08:47:51.944+0000] {logging_mixin.py:188} INFO - [2024-02-07T08:47:51.944+0000] {dag.py:3820} INFO - Setting next_dagrun for latest_only_with_trigger to 2024-02-07T04:00:00+00:00, run_after=2024-02-07T08:00:00+00:00
[2024-02-07T08:47:51.961+0000] {processor.py:183} INFO - Processing /home/airflow/.local/lib/python3.8/site-packages/airflow/example_dags/example_latest_only_with_trigger.py took 0.075 seconds
[2024-02-07T08:48:22.781+0000] {processor.py:161} INFO - Started process (PID=987) to work on /home/airflow/.local/lib/python3.8/site-packages/airflow/example_dags/example_latest_only_with_trigger.py
[2024-02-07T08:48:22.783+0000] {processor.py:830} INFO - Processing file /home/airflow/.local/lib/python3.8/site-packages/airflow/example_dags/example_latest_only_with_trigger.py for tasks to queue
[2024-02-07T08:48:22.787+0000] {logging_mixin.py:188} INFO - [2024-02-07T08:48:22.786+0000] {dagbag.py:538} INFO - Filling up the DagBag from /home/airflow/.local/lib/python3.8/site-packages/airflow/example_dags/example_latest_only_with_trigger.py
[2024-02-07T08:48:22.795+0000] {processor.py:840} INFO - DAG(s) 'latest_only_with_trigger' retrieved from /home/airflow/.local/lib/python3.8/site-packages/airflow/example_dags/example_latest_only_with_trigger.py
[2024-02-07T08:48:22.828+0000] {logging_mixin.py:188} INFO - [2024-02-07T08:48:22.827+0000] {dag.py:3033} INFO - Sync 1 DAGs
[2024-02-07T08:48:22.857+0000] {logging_mixin.py:188} INFO - [2024-02-07T08:48:22.856+0000] {dag.py:3820} INFO - Setting next_dagrun for latest_only_with_trigger to 2024-02-07T04:00:00+00:00, run_after=2024-02-07T08:00:00+00:00
[2024-02-07T08:48:22.885+0000] {processor.py:183} INFO - Processing /home/airflow/.local/lib/python3.8/site-packages/airflow/example_dags/example_latest_only_with_trigger.py took 0.108 seconds
[2024-02-07T08:48:53.156+0000] {processor.py:161} INFO - Started process (PID=1045) to work on /home/airflow/.local/lib/python3.8/site-packages/airflow/example_dags/example_latest_only_with_trigger.py
[2024-02-07T08:48:53.157+0000] {processor.py:830} INFO - Processing file /home/airflow/.local/lib/python3.8/site-packages/airflow/example_dags/example_latest_only_with_trigger.py for tasks to queue
[2024-02-07T08:48:53.160+0000] {logging_mixin.py:188} INFO - [2024-02-07T08:48:53.159+0000] {dagbag.py:538} INFO - Filling up the DagBag from /home/airflow/.local/lib/python3.8/site-packages/airflow/example_dags/example_latest_only_with_trigger.py
[2024-02-07T08:48:53.166+0000] {processor.py:840} INFO - DAG(s) 'latest_only_with_trigger' retrieved from /home/airflow/.local/lib/python3.8/site-packages/airflow/example_dags/example_latest_only_with_trigger.py
[2024-02-07T08:48:53.195+0000] {logging_mixin.py:188} INFO - [2024-02-07T08:48:53.195+0000] {dag.py:3033} INFO - Sync 1 DAGs
[2024-02-07T08:48:53.220+0000] {logging_mixin.py:188} INFO - [2024-02-07T08:48:53.220+0000] {dag.py:3820} INFO - Setting next_dagrun for latest_only_with_trigger to 2024-02-07T04:00:00+00:00, run_after=2024-02-07T08:00:00+00:00
[2024-02-07T08:48:53.248+0000] {processor.py:183} INFO - Processing /home/airflow/.local/lib/python3.8/site-packages/airflow/example_dags/example_latest_only_with_trigger.py took 0.095 seconds
[2024-02-07T08:49:23.738+0000] {processor.py:161} INFO - Started process (PID=1102) to work on /home/airflow/.local/lib/python3.8/site-packages/airflow/example_dags/example_latest_only_with_trigger.py
[2024-02-07T08:49:23.740+0000] {processor.py:830} INFO - Processing file /home/airflow/.local/lib/python3.8/site-packages/airflow/example_dags/example_latest_only_with_trigger.py for tasks to queue
[2024-02-07T08:49:23.742+0000] {logging_mixin.py:188} INFO - [2024-02-07T08:49:23.742+0000] {dagbag.py:538} INFO - Filling up the DagBag from /home/airflow/.local/lib/python3.8/site-packages/airflow/example_dags/example_latest_only_with_trigger.py
[2024-02-07T08:49:23.747+0000] {processor.py:840} INFO - DAG(s) 'latest_only_with_trigger' retrieved from /home/airflow/.local/lib/python3.8/site-packages/airflow/example_dags/example_latest_only_with_trigger.py
[2024-02-07T08:49:23.773+0000] {logging_mixin.py:188} INFO - [2024-02-07T08:49:23.773+0000] {dag.py:3033} INFO - Sync 1 DAGs
[2024-02-07T08:49:23.801+0000] {logging_mixin.py:188} INFO - [2024-02-07T08:49:23.800+0000] {dag.py:3820} INFO - Setting next_dagrun for latest_only_with_trigger to 2024-02-07T04:00:00+00:00, run_after=2024-02-07T08:00:00+00:00
[2024-02-07T08:49:23.826+0000] {processor.py:183} INFO - Processing /home/airflow/.local/lib/python3.8/site-packages/airflow/example_dags/example_latest_only_with_trigger.py took 0.093 seconds
[2024-02-07T08:49:53.901+0000] {processor.py:161} INFO - Started process (PID=1158) to work on /home/airflow/.local/lib/python3.8/site-packages/airflow/example_dags/example_latest_only_with_trigger.py
[2024-02-07T08:49:53.902+0000] {processor.py:830} INFO - Processing file /home/airflow/.local/lib/python3.8/site-packages/airflow/example_dags/example_latest_only_with_trigger.py for tasks to queue
[2024-02-07T08:49:53.904+0000] {logging_mixin.py:188} INFO - [2024-02-07T08:49:53.904+0000] {dagbag.py:538} INFO - Filling up the DagBag from /home/airflow/.local/lib/python3.8/site-packages/airflow/example_dags/example_latest_only_with_trigger.py
[2024-02-07T08:49:53.911+0000] {processor.py:840} INFO - DAG(s) 'latest_only_with_trigger' retrieved from /home/airflow/.local/lib/python3.8/site-packages/airflow/example_dags/example_latest_only_with_trigger.py
[2024-02-07T08:49:53.935+0000] {logging_mixin.py:188} INFO - [2024-02-07T08:49:53.934+0000] {dag.py:3033} INFO - Sync 1 DAGs
[2024-02-07T08:49:53.966+0000] {logging_mixin.py:188} INFO - [2024-02-07T08:49:53.965+0000] {dag.py:3820} INFO - Setting next_dagrun for latest_only_with_trigger to 2024-02-07T04:00:00+00:00, run_after=2024-02-07T08:00:00+00:00
[2024-02-07T08:49:53.992+0000] {processor.py:183} INFO - Processing /home/airflow/.local/lib/python3.8/site-packages/airflow/example_dags/example_latest_only_with_trigger.py took 0.095 seconds
[2024-02-07T08:50:24.679+0000] {processor.py:161} INFO - Started process (PID=1214) to work on /home/airflow/.local/lib/python3.8/site-packages/airflow/example_dags/example_latest_only_with_trigger.py
[2024-02-07T08:50:24.681+0000] {processor.py:830} INFO - Processing file /home/airflow/.local/lib/python3.8/site-packages/airflow/example_dags/example_latest_only_with_trigger.py for tasks to queue
[2024-02-07T08:50:24.684+0000] {logging_mixin.py:188} INFO - [2024-02-07T08:50:24.683+0000] {dagbag.py:538} INFO - Filling up the DagBag from /home/airflow/.local/lib/python3.8/site-packages/airflow/example_dags/example_latest_only_with_trigger.py
[2024-02-07T08:50:24.690+0000] {processor.py:840} INFO - DAG(s) 'latest_only_with_trigger' retrieved from /home/airflow/.local/lib/python3.8/site-packages/airflow/example_dags/example_latest_only_with_trigger.py
[2024-02-07T08:50:24.721+0000] {logging_mixin.py:188} INFO - [2024-02-07T08:50:24.721+0000] {dag.py:3033} INFO - Sync 1 DAGs
[2024-02-07T08:50:24.747+0000] {logging_mixin.py:188} INFO - [2024-02-07T08:50:24.747+0000] {dag.py:3820} INFO - Setting next_dagrun for latest_only_with_trigger to 2024-02-07T04:00:00+00:00, run_after=2024-02-07T08:00:00+00:00
[2024-02-07T08:50:24.767+0000] {processor.py:183} INFO - Processing /home/airflow/.local/lib/python3.8/site-packages/airflow/example_dags/example_latest_only_with_trigger.py took 0.091 seconds
[2024-02-07T08:50:54.840+0000] {processor.py:161} INFO - Started process (PID=1271) to work on /home/airflow/.local/lib/python3.8/site-packages/airflow/example_dags/example_latest_only_with_trigger.py
[2024-02-07T08:50:54.841+0000] {processor.py:830} INFO - Processing file /home/airflow/.local/lib/python3.8/site-packages/airflow/example_dags/example_latest_only_with_trigger.py for tasks to queue
[2024-02-07T08:50:54.846+0000] {logging_mixin.py:188} INFO - [2024-02-07T08:50:54.845+0000] {dagbag.py:538} INFO - Filling up the DagBag from /home/airflow/.local/lib/python3.8/site-packages/airflow/example_dags/example_latest_only_with_trigger.py
[2024-02-07T08:50:54.851+0000] {processor.py:840} INFO - DAG(s) 'latest_only_with_trigger' retrieved from /home/airflow/.local/lib/python3.8/site-packages/airflow/example_dags/example_latest_only_with_trigger.py
[2024-02-07T08:50:54.878+0000] {logging_mixin.py:188} INFO - [2024-02-07T08:50:54.878+0000] {dag.py:3033} INFO - Sync 1 DAGs
[2024-02-07T08:50:54.904+0000] {logging_mixin.py:188} INFO - [2024-02-07T08:50:54.903+0000] {dag.py:3820} INFO - Setting next_dagrun for latest_only_with_trigger to 2024-02-07T04:00:00+00:00, run_after=2024-02-07T08:00:00+00:00
[2024-02-07T08:50:54.928+0000] {processor.py:183} INFO - Processing /home/airflow/.local/lib/python3.8/site-packages/airflow/example_dags/example_latest_only_with_trigger.py took 0.093 seconds
[2024-02-07T08:51:25.425+0000] {processor.py:161} INFO - Started process (PID=1329) to work on /home/airflow/.local/lib/python3.8/site-packages/airflow/example_dags/example_latest_only_with_trigger.py
[2024-02-07T08:51:25.427+0000] {processor.py:830} INFO - Processing file /home/airflow/.local/lib/python3.8/site-packages/airflow/example_dags/example_latest_only_with_trigger.py for tasks to queue
[2024-02-07T08:51:25.431+0000] {logging_mixin.py:188} INFO - [2024-02-07T08:51:25.431+0000] {dagbag.py:538} INFO - Filling up the DagBag from /home/airflow/.local/lib/python3.8/site-packages/airflow/example_dags/example_latest_only_with_trigger.py
[2024-02-07T08:51:25.439+0000] {processor.py:840} INFO - DAG(s) 'latest_only_with_trigger' retrieved from /home/airflow/.local/lib/python3.8/site-packages/airflow/example_dags/example_latest_only_with_trigger.py
[2024-02-07T08:51:25.468+0000] {logging_mixin.py:188} INFO - [2024-02-07T08:51:25.468+0000] {dag.py:3033} INFO - Sync 1 DAGs
[2024-02-07T08:51:25.493+0000] {logging_mixin.py:188} INFO - [2024-02-07T08:51:25.493+0000] {dag.py:3820} INFO - Setting next_dagrun for latest_only_with_trigger to 2024-02-07T04:00:00+00:00, run_after=2024-02-07T08:00:00+00:00
[2024-02-07T08:51:25.515+0000] {processor.py:183} INFO - Processing /home/airflow/.local/lib/python3.8/site-packages/airflow/example_dags/example_latest_only_with_trigger.py took 0.094 seconds
[2024-02-07T08:51:55.862+0000] {processor.py:161} INFO - Started process (PID=1386) to work on /home/airflow/.local/lib/python3.8/site-packages/airflow/example_dags/example_latest_only_with_trigger.py
[2024-02-07T08:51:55.863+0000] {processor.py:830} INFO - Processing file /home/airflow/.local/lib/python3.8/site-packages/airflow/example_dags/example_latest_only_with_trigger.py for tasks to queue
[2024-02-07T08:51:55.867+0000] {logging_mixin.py:188} INFO - [2024-02-07T08:51:55.867+0000] {dagbag.py:538} INFO - Filling up the DagBag from /home/airflow/.local/lib/python3.8/site-packages/airflow/example_dags/example_latest_only_with_trigger.py
[2024-02-07T08:51:55.875+0000] {processor.py:840} INFO - DAG(s) 'latest_only_with_trigger' retrieved from /home/airflow/.local/lib/python3.8/site-packages/airflow/example_dags/example_latest_only_with_trigger.py
[2024-02-07T08:51:55.898+0000] {logging_mixin.py:188} INFO - [2024-02-07T08:51:55.898+0000] {dag.py:3033} INFO - Sync 1 DAGs
[2024-02-07T08:51:55.924+0000] {logging_mixin.py:188} INFO - [2024-02-07T08:51:55.924+0000] {dag.py:3820} INFO - Setting next_dagrun for latest_only_with_trigger to 2024-02-07T04:00:00+00:00, run_after=2024-02-07T08:00:00+00:00
[2024-02-07T08:51:55.947+0000] {processor.py:183} INFO - Processing /home/airflow/.local/lib/python3.8/site-packages/airflow/example_dags/example_latest_only_with_trigger.py took 0.088 seconds
[2024-02-07T08:52:26.554+0000] {processor.py:161} INFO - Started process (PID=1443) to work on /home/airflow/.local/lib/python3.8/site-packages/airflow/example_dags/example_latest_only_with_trigger.py
[2024-02-07T08:52:26.556+0000] {processor.py:830} INFO - Processing file /home/airflow/.local/lib/python3.8/site-packages/airflow/example_dags/example_latest_only_with_trigger.py for tasks to queue
[2024-02-07T08:52:26.559+0000] {logging_mixin.py:188} INFO - [2024-02-07T08:52:26.559+0000] {dagbag.py:538} INFO - Filling up the DagBag from /home/airflow/.local/lib/python3.8/site-packages/airflow/example_dags/example_latest_only_with_trigger.py
[2024-02-07T08:52:26.565+0000] {processor.py:840} INFO - DAG(s) 'latest_only_with_trigger' retrieved from /home/airflow/.local/lib/python3.8/site-packages/airflow/example_dags/example_latest_only_with_trigger.py
[2024-02-07T08:52:26.588+0000] {logging_mixin.py:188} INFO - [2024-02-07T08:52:26.588+0000] {dag.py:3033} INFO - Sync 1 DAGs
[2024-02-07T08:52:26.609+0000] {logging_mixin.py:188} INFO - [2024-02-07T08:52:26.609+0000] {dag.py:3820} INFO - Setting next_dagrun for latest_only_with_trigger to 2024-02-07T04:00:00+00:00, run_after=2024-02-07T08:00:00+00:00
[2024-02-07T08:52:26.631+0000] {processor.py:183} INFO - Processing /home/airflow/.local/lib/python3.8/site-packages/airflow/example_dags/example_latest_only_with_trigger.py took 0.081 seconds
[2024-02-07T08:52:56.930+0000] {processor.py:161} INFO - Started process (PID=1500) to work on /home/airflow/.local/lib/python3.8/site-packages/airflow/example_dags/example_latest_only_with_trigger.py
[2024-02-07T08:52:56.932+0000] {processor.py:830} INFO - Processing file /home/airflow/.local/lib/python3.8/site-packages/airflow/example_dags/example_latest_only_with_trigger.py for tasks to queue
[2024-02-07T08:52:56.936+0000] {logging_mixin.py:188} INFO - [2024-02-07T08:52:56.936+0000] {dagbag.py:538} INFO - Filling up the DagBag from /home/airflow/.local/lib/python3.8/site-packages/airflow/example_dags/example_latest_only_with_trigger.py
[2024-02-07T08:52:56.947+0000] {processor.py:840} INFO - DAG(s) 'latest_only_with_trigger' retrieved from /home/airflow/.local/lib/python3.8/site-packages/airflow/example_dags/example_latest_only_with_trigger.py
[2024-02-07T08:52:56.975+0000] {logging_mixin.py:188} INFO - [2024-02-07T08:52:56.975+0000] {dag.py:3033} INFO - Sync 1 DAGs
[2024-02-07T08:52:57.000+0000] {logging_mixin.py:188} INFO - [2024-02-07T08:52:56.999+0000] {dag.py:3820} INFO - Setting next_dagrun for latest_only_with_trigger to 2024-02-07T04:00:00+00:00, run_after=2024-02-07T08:00:00+00:00
[2024-02-07T08:52:57.024+0000] {processor.py:183} INFO - Processing /home/airflow/.local/lib/python3.8/site-packages/airflow/example_dags/example_latest_only_with_trigger.py took 0.101 seconds
[2024-02-07T08:53:27.625+0000] {processor.py:161} INFO - Started process (PID=1563) to work on /home/airflow/.local/lib/python3.8/site-packages/airflow/example_dags/example_latest_only_with_trigger.py
[2024-02-07T08:53:27.626+0000] {processor.py:830} INFO - Processing file /home/airflow/.local/lib/python3.8/site-packages/airflow/example_dags/example_latest_only_with_trigger.py for tasks to queue
[2024-02-07T08:53:27.629+0000] {logging_mixin.py:188} INFO - [2024-02-07T08:53:27.629+0000] {dagbag.py:538} INFO - Filling up the DagBag from /home/airflow/.local/lib/python3.8/site-packages/airflow/example_dags/example_latest_only_with_trigger.py
[2024-02-07T08:53:27.635+0000] {processor.py:840} INFO - DAG(s) 'latest_only_with_trigger' retrieved from /home/airflow/.local/lib/python3.8/site-packages/airflow/example_dags/example_latest_only_with_trigger.py
[2024-02-07T08:53:27.660+0000] {logging_mixin.py:188} INFO - [2024-02-07T08:53:27.660+0000] {dag.py:3033} INFO - Sync 1 DAGs
[2024-02-07T08:53:27.683+0000] {logging_mixin.py:188} INFO - [2024-02-07T08:53:27.683+0000] {dag.py:3820} INFO - Setting next_dagrun for latest_only_with_trigger to 2024-02-07T04:00:00+00:00, run_after=2024-02-07T08:00:00+00:00
[2024-02-07T08:53:27.704+0000] {processor.py:183} INFO - Processing /home/airflow/.local/lib/python3.8/site-packages/airflow/example_dags/example_latest_only_with_trigger.py took 0.083 seconds
[2024-02-07T08:53:58.515+0000] {processor.py:161} INFO - Started process (PID=1620) to work on /home/airflow/.local/lib/python3.8/site-packages/airflow/example_dags/example_latest_only_with_trigger.py
[2024-02-07T08:53:58.516+0000] {processor.py:830} INFO - Processing file /home/airflow/.local/lib/python3.8/site-packages/airflow/example_dags/example_latest_only_with_trigger.py for tasks to queue
[2024-02-07T08:53:58.519+0000] {logging_mixin.py:188} INFO - [2024-02-07T08:53:58.519+0000] {dagbag.py:538} INFO - Filling up the DagBag from /home/airflow/.local/lib/python3.8/site-packages/airflow/example_dags/example_latest_only_with_trigger.py
[2024-02-07T08:53:58.527+0000] {processor.py:840} INFO - DAG(s) 'latest_only_with_trigger' retrieved from /home/airflow/.local/lib/python3.8/site-packages/airflow/example_dags/example_latest_only_with_trigger.py
[2024-02-07T08:53:58.557+0000] {logging_mixin.py:188} INFO - [2024-02-07T08:53:58.556+0000] {dag.py:3033} INFO - Sync 1 DAGs
[2024-02-07T08:53:58.583+0000] {logging_mixin.py:188} INFO - [2024-02-07T08:53:58.583+0000] {dag.py:3820} INFO - Setting next_dagrun for latest_only_with_trigger to 2024-02-07T04:00:00+00:00, run_after=2024-02-07T08:00:00+00:00
[2024-02-07T08:53:58.606+0000] {processor.py:183} INFO - Processing /home/airflow/.local/lib/python3.8/site-packages/airflow/example_dags/example_latest_only_with_trigger.py took 0.096 seconds
[2024-02-07T08:54:28.862+0000] {processor.py:161} INFO - Started process (PID=1677) to work on /home/airflow/.local/lib/python3.8/site-packages/airflow/example_dags/example_latest_only_with_trigger.py
[2024-02-07T08:54:28.864+0000] {processor.py:830} INFO - Processing file /home/airflow/.local/lib/python3.8/site-packages/airflow/example_dags/example_latest_only_with_trigger.py for tasks to queue
[2024-02-07T08:54:28.867+0000] {logging_mixin.py:188} INFO - [2024-02-07T08:54:28.866+0000] {dagbag.py:538} INFO - Filling up the DagBag from /home/airflow/.local/lib/python3.8/site-packages/airflow/example_dags/example_latest_only_with_trigger.py
[2024-02-07T08:54:28.872+0000] {processor.py:840} INFO - DAG(s) 'latest_only_with_trigger' retrieved from /home/airflow/.local/lib/python3.8/site-packages/airflow/example_dags/example_latest_only_with_trigger.py
[2024-02-07T08:54:28.896+0000] {logging_mixin.py:188} INFO - [2024-02-07T08:54:28.896+0000] {dag.py:3033} INFO - Sync 1 DAGs
[2024-02-07T08:54:28.918+0000] {logging_mixin.py:188} INFO - [2024-02-07T08:54:28.917+0000] {dag.py:3820} INFO - Setting next_dagrun for latest_only_with_trigger to 2024-02-07T04:00:00+00:00, run_after=2024-02-07T08:00:00+00:00
[2024-02-07T08:54:28.946+0000] {processor.py:183} INFO - Processing /home/airflow/.local/lib/python3.8/site-packages/airflow/example_dags/example_latest_only_with_trigger.py took 0.088 seconds
[2024-02-07T08:55:00.675+0000] {processor.py:161} INFO - Started process (PID=1734) to work on /home/airflow/.local/lib/python3.8/site-packages/airflow/example_dags/example_latest_only_with_trigger.py
[2024-02-07T08:55:00.677+0000] {processor.py:830} INFO - Processing file /home/airflow/.local/lib/python3.8/site-packages/airflow/example_dags/example_latest_only_with_trigger.py for tasks to queue
[2024-02-07T08:55:00.683+0000] {logging_mixin.py:188} INFO - [2024-02-07T08:55:00.682+0000] {dagbag.py:538} INFO - Filling up the DagBag from /home/airflow/.local/lib/python3.8/site-packages/airflow/example_dags/example_latest_only_with_trigger.py
[2024-02-07T08:55:00.697+0000] {processor.py:840} INFO - DAG(s) 'latest_only_with_trigger' retrieved from /home/airflow/.local/lib/python3.8/site-packages/airflow/example_dags/example_latest_only_with_trigger.py
[2024-02-07T08:55:00.758+0000] {logging_mixin.py:188} INFO - [2024-02-07T08:55:00.758+0000] {dag.py:3033} INFO - Sync 1 DAGs
[2024-02-07T08:55:00.812+0000] {logging_mixin.py:188} INFO - [2024-02-07T08:55:00.812+0000] {dag.py:3820} INFO - Setting next_dagrun for latest_only_with_trigger to 2024-02-07T04:00:00+00:00, run_after=2024-02-07T08:00:00+00:00
[2024-02-07T08:55:00.862+0000] {processor.py:183} INFO - Processing /home/airflow/.local/lib/python3.8/site-packages/airflow/example_dags/example_latest_only_with_trigger.py took 0.196 seconds
[2024-02-07T08:55:31.689+0000] {processor.py:161} INFO - Started process (PID=1791) to work on /home/airflow/.local/lib/python3.8/site-packages/airflow/example_dags/example_latest_only_with_trigger.py
[2024-02-07T08:55:31.692+0000] {processor.py:830} INFO - Processing file /home/airflow/.local/lib/python3.8/site-packages/airflow/example_dags/example_latest_only_with_trigger.py for tasks to queue
[2024-02-07T08:55:31.698+0000] {logging_mixin.py:188} INFO - [2024-02-07T08:55:31.697+0000] {dagbag.py:538} INFO - Filling up the DagBag from /home/airflow/.local/lib/python3.8/site-packages/airflow/example_dags/example_latest_only_with_trigger.py
[2024-02-07T08:55:31.712+0000] {processor.py:840} INFO - DAG(s) 'latest_only_with_trigger' retrieved from /home/airflow/.local/lib/python3.8/site-packages/airflow/example_dags/example_latest_only_with_trigger.py
[2024-02-07T08:55:31.774+0000] {logging_mixin.py:188} INFO - [2024-02-07T08:55:31.774+0000] {dag.py:3033} INFO - Sync 1 DAGs
[2024-02-07T08:55:31.852+0000] {logging_mixin.py:188} INFO - [2024-02-07T08:55:31.852+0000] {dag.py:3820} INFO - Setting next_dagrun for latest_only_with_trigger to 2024-02-07T04:00:00+00:00, run_after=2024-02-07T08:00:00+00:00
[2024-02-07T08:55:31.912+0000] {processor.py:183} INFO - Processing /home/airflow/.local/lib/python3.8/site-packages/airflow/example_dags/example_latest_only_with_trigger.py took 0.231 seconds
[2024-02-07T08:56:10.001+0000] {processor.py:161} INFO - Started process (PID=1849) to work on /home/airflow/.local/lib/python3.8/site-packages/airflow/example_dags/example_latest_only_with_trigger.py
[2024-02-07T08:56:10.004+0000] {processor.py:830} INFO - Processing file /home/airflow/.local/lib/python3.8/site-packages/airflow/example_dags/example_latest_only_with_trigger.py for tasks to queue
[2024-02-07T08:56:10.013+0000] {logging_mixin.py:188} INFO - [2024-02-07T08:56:10.012+0000] {dagbag.py:538} INFO - Filling up the DagBag from /home/airflow/.local/lib/python3.8/site-packages/airflow/example_dags/example_latest_only_with_trigger.py
[2024-02-07T08:56:10.023+0000] {processor.py:840} INFO - DAG(s) 'latest_only_with_trigger' retrieved from /home/airflow/.local/lib/python3.8/site-packages/airflow/example_dags/example_latest_only_with_trigger.py
[2024-02-07T08:56:10.062+0000] {logging_mixin.py:188} INFO - [2024-02-07T08:56:10.062+0000] {dag.py:3033} INFO - Sync 1 DAGs
[2024-02-07T08:56:10.108+0000] {logging_mixin.py:188} INFO - [2024-02-07T08:56:10.108+0000] {dag.py:3820} INFO - Setting next_dagrun for latest_only_with_trigger to 2024-02-07T04:00:00+00:00, run_after=2024-02-07T08:00:00+00:00
[2024-02-07T08:56:10.187+0000] {processor.py:183} INFO - Processing /home/airflow/.local/lib/python3.8/site-packages/airflow/example_dags/example_latest_only_with_trigger.py took 0.192 seconds
[2024-02-07T08:56:41.146+0000] {processor.py:161} INFO - Started process (PID=1906) to work on /home/airflow/.local/lib/python3.8/site-packages/airflow/example_dags/example_latest_only_with_trigger.py
[2024-02-07T08:56:41.149+0000] {processor.py:830} INFO - Processing file /home/airflow/.local/lib/python3.8/site-packages/airflow/example_dags/example_latest_only_with_trigger.py for tasks to queue
[2024-02-07T08:56:41.157+0000] {logging_mixin.py:188} INFO - [2024-02-07T08:56:41.156+0000] {dagbag.py:538} INFO - Filling up the DagBag from /home/airflow/.local/lib/python3.8/site-packages/airflow/example_dags/example_latest_only_with_trigger.py
[2024-02-07T08:56:41.172+0000] {processor.py:840} INFO - DAG(s) 'latest_only_with_trigger' retrieved from /home/airflow/.local/lib/python3.8/site-packages/airflow/example_dags/example_latest_only_with_trigger.py
[2024-02-07T08:56:41.232+0000] {logging_mixin.py:188} INFO - [2024-02-07T08:56:41.232+0000] {dag.py:3033} INFO - Sync 1 DAGs
[2024-02-07T08:56:41.302+0000] {logging_mixin.py:188} INFO - [2024-02-07T08:56:41.301+0000] {dag.py:3820} INFO - Setting next_dagrun for latest_only_with_trigger to 2024-02-07T04:00:00+00:00, run_after=2024-02-07T08:00:00+00:00
[2024-02-07T08:56:41.363+0000] {processor.py:183} INFO - Processing /home/airflow/.local/lib/python3.8/site-packages/airflow/example_dags/example_latest_only_with_trigger.py took 0.229 seconds
[2024-02-07T08:57:12.030+0000] {processor.py:161} INFO - Started process (PID=1963) to work on /home/airflow/.local/lib/python3.8/site-packages/airflow/example_dags/example_latest_only_with_trigger.py
[2024-02-07T08:57:12.032+0000] {processor.py:830} INFO - Processing file /home/airflow/.local/lib/python3.8/site-packages/airflow/example_dags/example_latest_only_with_trigger.py for tasks to queue
[2024-02-07T08:57:12.037+0000] {logging_mixin.py:188} INFO - [2024-02-07T08:57:12.036+0000] {dagbag.py:538} INFO - Filling up the DagBag from /home/airflow/.local/lib/python3.8/site-packages/airflow/example_dags/example_latest_only_with_trigger.py
[2024-02-07T08:57:12.052+0000] {processor.py:840} INFO - DAG(s) 'latest_only_with_trigger' retrieved from /home/airflow/.local/lib/python3.8/site-packages/airflow/example_dags/example_latest_only_with_trigger.py
[2024-02-07T08:57:12.122+0000] {logging_mixin.py:188} INFO - [2024-02-07T08:57:12.122+0000] {dag.py:3033} INFO - Sync 1 DAGs
[2024-02-07T08:57:12.206+0000] {logging_mixin.py:188} INFO - [2024-02-07T08:57:12.206+0000] {dag.py:3820} INFO - Setting next_dagrun for latest_only_with_trigger to 2024-02-07T04:00:00+00:00, run_after=2024-02-07T08:00:00+00:00
[2024-02-07T08:57:12.284+0000] {processor.py:183} INFO - Processing /home/airflow/.local/lib/python3.8/site-packages/airflow/example_dags/example_latest_only_with_trigger.py took 0.263 seconds
[2024-02-07T08:57:43.118+0000] {processor.py:161} INFO - Started process (PID=2021) to work on /home/airflow/.local/lib/python3.8/site-packages/airflow/example_dags/example_latest_only_with_trigger.py
[2024-02-07T08:57:43.121+0000] {processor.py:830} INFO - Processing file /home/airflow/.local/lib/python3.8/site-packages/airflow/example_dags/example_latest_only_with_trigger.py for tasks to queue
[2024-02-07T08:57:43.133+0000] {logging_mixin.py:188} INFO - [2024-02-07T08:57:43.132+0000] {dagbag.py:538} INFO - Filling up the DagBag from /home/airflow/.local/lib/python3.8/site-packages/airflow/example_dags/example_latest_only_with_trigger.py
[2024-02-07T08:57:43.159+0000] {processor.py:840} INFO - DAG(s) 'latest_only_with_trigger' retrieved from /home/airflow/.local/lib/python3.8/site-packages/airflow/example_dags/example_latest_only_with_trigger.py
[2024-02-07T08:57:43.244+0000] {logging_mixin.py:188} INFO - [2024-02-07T08:57:43.243+0000] {dag.py:3033} INFO - Sync 1 DAGs
[2024-02-07T08:57:43.332+0000] {logging_mixin.py:188} INFO - [2024-02-07T08:57:43.331+0000] {dag.py:3820} INFO - Setting next_dagrun for latest_only_with_trigger to 2024-02-07T04:00:00+00:00, run_after=2024-02-07T08:00:00+00:00
[2024-02-07T08:57:43.409+0000] {processor.py:183} INFO - Processing /home/airflow/.local/lib/python3.8/site-packages/airflow/example_dags/example_latest_only_with_trigger.py took 0.303 seconds
[2024-02-07T08:58:14.090+0000] {processor.py:161} INFO - Started process (PID=2079) to work on /home/airflow/.local/lib/python3.8/site-packages/airflow/example_dags/example_latest_only_with_trigger.py
[2024-02-07T08:58:14.093+0000] {processor.py:830} INFO - Processing file /home/airflow/.local/lib/python3.8/site-packages/airflow/example_dags/example_latest_only_with_trigger.py for tasks to queue
[2024-02-07T08:58:14.098+0000] {logging_mixin.py:188} INFO - [2024-02-07T08:58:14.097+0000] {dagbag.py:538} INFO - Filling up the DagBag from /home/airflow/.local/lib/python3.8/site-packages/airflow/example_dags/example_latest_only_with_trigger.py
[2024-02-07T08:58:14.106+0000] {processor.py:840} INFO - DAG(s) 'latest_only_with_trigger' retrieved from /home/airflow/.local/lib/python3.8/site-packages/airflow/example_dags/example_latest_only_with_trigger.py
[2024-02-07T08:58:14.378+0000] {logging_mixin.py:188} INFO - [2024-02-07T08:58:14.377+0000] {dag.py:3033} INFO - Sync 1 DAGs
[2024-02-07T08:58:14.425+0000] {logging_mixin.py:188} INFO - [2024-02-07T08:58:14.425+0000] {dag.py:3820} INFO - Setting next_dagrun for latest_only_with_trigger to 2024-02-07T04:00:00+00:00, run_after=2024-02-07T08:00:00+00:00
[2024-02-07T08:58:14.471+0000] {processor.py:183} INFO - Processing /home/airflow/.local/lib/python3.8/site-packages/airflow/example_dags/example_latest_only_with_trigger.py took 0.387 seconds
[2024-02-07T08:58:44.844+0000] {processor.py:161} INFO - Started process (PID=2136) to work on /home/airflow/.local/lib/python3.8/site-packages/airflow/example_dags/example_latest_only_with_trigger.py
[2024-02-07T08:58:44.846+0000] {processor.py:830} INFO - Processing file /home/airflow/.local/lib/python3.8/site-packages/airflow/example_dags/example_latest_only_with_trigger.py for tasks to queue
[2024-02-07T08:58:44.853+0000] {logging_mixin.py:188} INFO - [2024-02-07T08:58:44.852+0000] {dagbag.py:538} INFO - Filling up the DagBag from /home/airflow/.local/lib/python3.8/site-packages/airflow/example_dags/example_latest_only_with_trigger.py
[2024-02-07T08:58:44.864+0000] {processor.py:840} INFO - DAG(s) 'latest_only_with_trigger' retrieved from /home/airflow/.local/lib/python3.8/site-packages/airflow/example_dags/example_latest_only_with_trigger.py
[2024-02-07T08:58:45.161+0000] {logging_mixin.py:188} INFO - [2024-02-07T08:58:45.161+0000] {dag.py:3033} INFO - Sync 1 DAGs
[2024-02-07T08:58:45.205+0000] {logging_mixin.py:188} INFO - [2024-02-07T08:58:45.205+0000] {dag.py:3820} INFO - Setting next_dagrun for latest_only_with_trigger to 2024-02-07T04:00:00+00:00, run_after=2024-02-07T08:00:00+00:00
[2024-02-07T08:58:45.246+0000] {processor.py:183} INFO - Processing /home/airflow/.local/lib/python3.8/site-packages/airflow/example_dags/example_latest_only_with_trigger.py took 0.411 seconds
[2024-02-07T08:59:15.550+0000] {processor.py:161} INFO - Started process (PID=2193) to work on /home/airflow/.local/lib/python3.8/site-packages/airflow/example_dags/example_latest_only_with_trigger.py
[2024-02-07T08:59:15.553+0000] {processor.py:830} INFO - Processing file /home/airflow/.local/lib/python3.8/site-packages/airflow/example_dags/example_latest_only_with_trigger.py for tasks to queue
[2024-02-07T08:59:15.562+0000] {logging_mixin.py:188} INFO - [2024-02-07T08:59:15.561+0000] {dagbag.py:538} INFO - Filling up the DagBag from /home/airflow/.local/lib/python3.8/site-packages/airflow/example_dags/example_latest_only_with_trigger.py
[2024-02-07T08:59:15.581+0000] {processor.py:840} INFO - DAG(s) 'latest_only_with_trigger' retrieved from /home/airflow/.local/lib/python3.8/site-packages/airflow/example_dags/example_latest_only_with_trigger.py
[2024-02-07T08:59:15.639+0000] {logging_mixin.py:188} INFO - [2024-02-07T08:59:15.638+0000] {dag.py:3033} INFO - Sync 1 DAGs
[2024-02-07T08:59:15.707+0000] {logging_mixin.py:188} INFO - [2024-02-07T08:59:15.707+0000] {dag.py:3820} INFO - Setting next_dagrun for latest_only_with_trigger to 2024-02-07T04:00:00+00:00, run_after=2024-02-07T08:00:00+00:00
[2024-02-07T08:59:15.766+0000] {processor.py:183} INFO - Processing /home/airflow/.local/lib/python3.8/site-packages/airflow/example_dags/example_latest_only_with_trigger.py took 0.227 seconds
[2024-02-07T08:59:45.935+0000] {processor.py:161} INFO - Started process (PID=2250) to work on /home/airflow/.local/lib/python3.8/site-packages/airflow/example_dags/example_latest_only_with_trigger.py
[2024-02-07T08:59:45.936+0000] {processor.py:830} INFO - Processing file /home/airflow/.local/lib/python3.8/site-packages/airflow/example_dags/example_latest_only_with_trigger.py for tasks to queue
[2024-02-07T08:59:45.939+0000] {logging_mixin.py:188} INFO - [2024-02-07T08:59:45.939+0000] {dagbag.py:538} INFO - Filling up the DagBag from /home/airflow/.local/lib/python3.8/site-packages/airflow/example_dags/example_latest_only_with_trigger.py
[2024-02-07T08:59:45.946+0000] {processor.py:840} INFO - DAG(s) 'latest_only_with_trigger' retrieved from /home/airflow/.local/lib/python3.8/site-packages/airflow/example_dags/example_latest_only_with_trigger.py
[2024-02-07T08:59:45.965+0000] {logging_mixin.py:188} INFO - [2024-02-07T08:59:45.965+0000] {dag.py:3033} INFO - Sync 1 DAGs
[2024-02-07T08:59:45.984+0000] {logging_mixin.py:188} INFO - [2024-02-07T08:59:45.983+0000] {dag.py:3820} INFO - Setting next_dagrun for latest_only_with_trigger to 2024-02-07T04:00:00+00:00, run_after=2024-02-07T08:00:00+00:00
[2024-02-07T08:59:46.005+0000] {processor.py:183} INFO - Processing /home/airflow/.local/lib/python3.8/site-packages/airflow/example_dags/example_latest_only_with_trigger.py took 0.073 seconds
[2024-02-07T09:00:16.472+0000] {processor.py:161} INFO - Started process (PID=2307) to work on /home/airflow/.local/lib/python3.8/site-packages/airflow/example_dags/example_latest_only_with_trigger.py
[2024-02-07T09:00:16.473+0000] {processor.py:830} INFO - Processing file /home/airflow/.local/lib/python3.8/site-packages/airflow/example_dags/example_latest_only_with_trigger.py for tasks to queue
[2024-02-07T09:00:16.476+0000] {logging_mixin.py:188} INFO - [2024-02-07T09:00:16.476+0000] {dagbag.py:538} INFO - Filling up the DagBag from /home/airflow/.local/lib/python3.8/site-packages/airflow/example_dags/example_latest_only_with_trigger.py
[2024-02-07T09:00:16.481+0000] {processor.py:840} INFO - DAG(s) 'latest_only_with_trigger' retrieved from /home/airflow/.local/lib/python3.8/site-packages/airflow/example_dags/example_latest_only_with_trigger.py
[2024-02-07T09:00:16.506+0000] {logging_mixin.py:188} INFO - [2024-02-07T09:00:16.506+0000] {dag.py:3033} INFO - Sync 1 DAGs
[2024-02-07T09:00:16.530+0000] {logging_mixin.py:188} INFO - [2024-02-07T09:00:16.530+0000] {dag.py:3820} INFO - Setting next_dagrun for latest_only_with_trigger to 2024-02-07T04:00:00+00:00, run_after=2024-02-07T08:00:00+00:00
[2024-02-07T09:00:16.553+0000] {processor.py:183} INFO - Processing /home/airflow/.local/lib/python3.8/site-packages/airflow/example_dags/example_latest_only_with_trigger.py took 0.084 seconds
[2024-02-07T09:00:46.677+0000] {processor.py:161} INFO - Started process (PID=2364) to work on /home/airflow/.local/lib/python3.8/site-packages/airflow/example_dags/example_latest_only_with_trigger.py
[2024-02-07T09:00:46.678+0000] {processor.py:830} INFO - Processing file /home/airflow/.local/lib/python3.8/site-packages/airflow/example_dags/example_latest_only_with_trigger.py for tasks to queue
[2024-02-07T09:00:46.681+0000] {logging_mixin.py:188} INFO - [2024-02-07T09:00:46.681+0000] {dagbag.py:538} INFO - Filling up the DagBag from /home/airflow/.local/lib/python3.8/site-packages/airflow/example_dags/example_latest_only_with_trigger.py
[2024-02-07T09:00:46.687+0000] {processor.py:840} INFO - DAG(s) 'latest_only_with_trigger' retrieved from /home/airflow/.local/lib/python3.8/site-packages/airflow/example_dags/example_latest_only_with_trigger.py
[2024-02-07T09:00:46.711+0000] {logging_mixin.py:188} INFO - [2024-02-07T09:00:46.711+0000] {dag.py:3033} INFO - Sync 1 DAGs
[2024-02-07T09:00:46.738+0000] {logging_mixin.py:188} INFO - [2024-02-07T09:00:46.738+0000] {dag.py:3820} INFO - Setting next_dagrun for latest_only_with_trigger to 2024-02-07T04:00:00+00:00, run_after=2024-02-07T08:00:00+00:00
[2024-02-07T09:00:46.764+0000] {processor.py:183} INFO - Processing /home/airflow/.local/lib/python3.8/site-packages/airflow/example_dags/example_latest_only_with_trigger.py took 0.090 seconds
[2024-02-07T09:01:16.900+0000] {processor.py:161} INFO - Started process (PID=2421) to work on /home/airflow/.local/lib/python3.8/site-packages/airflow/example_dags/example_latest_only_with_trigger.py
[2024-02-07T09:01:16.901+0000] {processor.py:830} INFO - Processing file /home/airflow/.local/lib/python3.8/site-packages/airflow/example_dags/example_latest_only_with_trigger.py for tasks to queue
[2024-02-07T09:01:16.904+0000] {logging_mixin.py:188} INFO - [2024-02-07T09:01:16.904+0000] {dagbag.py:538} INFO - Filling up the DagBag from /home/airflow/.local/lib/python3.8/site-packages/airflow/example_dags/example_latest_only_with_trigger.py
[2024-02-07T09:01:16.909+0000] {processor.py:840} INFO - DAG(s) 'latest_only_with_trigger' retrieved from /home/airflow/.local/lib/python3.8/site-packages/airflow/example_dags/example_latest_only_with_trigger.py
[2024-02-07T09:01:16.931+0000] {logging_mixin.py:188} INFO - [2024-02-07T09:01:16.930+0000] {dag.py:3033} INFO - Sync 1 DAGs
[2024-02-07T09:01:16.955+0000] {logging_mixin.py:188} INFO - [2024-02-07T09:01:16.955+0000] {dag.py:3820} INFO - Setting next_dagrun for latest_only_with_trigger to 2024-02-07T04:00:00+00:00, run_after=2024-02-07T08:00:00+00:00
[2024-02-07T09:01:16.975+0000] {processor.py:183} INFO - Processing /home/airflow/.local/lib/python3.8/site-packages/airflow/example_dags/example_latest_only_with_trigger.py took 0.078 seconds
[2024-02-07T09:01:47.684+0000] {processor.py:161} INFO - Started process (PID=2478) to work on /home/airflow/.local/lib/python3.8/site-packages/airflow/example_dags/example_latest_only_with_trigger.py
[2024-02-07T09:01:47.685+0000] {processor.py:830} INFO - Processing file /home/airflow/.local/lib/python3.8/site-packages/airflow/example_dags/example_latest_only_with_trigger.py for tasks to queue
[2024-02-07T09:01:47.687+0000] {logging_mixin.py:188} INFO - [2024-02-07T09:01:47.687+0000] {dagbag.py:538} INFO - Filling up the DagBag from /home/airflow/.local/lib/python3.8/site-packages/airflow/example_dags/example_latest_only_with_trigger.py
[2024-02-07T09:01:47.692+0000] {processor.py:840} INFO - DAG(s) 'latest_only_with_trigger' retrieved from /home/airflow/.local/lib/python3.8/site-packages/airflow/example_dags/example_latest_only_with_trigger.py
[2024-02-07T09:01:47.712+0000] {logging_mixin.py:188} INFO - [2024-02-07T09:01:47.712+0000] {dag.py:3033} INFO - Sync 1 DAGs
[2024-02-07T09:01:47.734+0000] {logging_mixin.py:188} INFO - [2024-02-07T09:01:47.733+0000] {dag.py:3820} INFO - Setting next_dagrun for latest_only_with_trigger to 2024-02-07T04:00:00+00:00, run_after=2024-02-07T08:00:00+00:00
[2024-02-07T09:01:47.756+0000] {processor.py:183} INFO - Processing /home/airflow/.local/lib/python3.8/site-packages/airflow/example_dags/example_latest_only_with_trigger.py took 0.076 seconds
[2024-02-07T09:02:18.233+0000] {processor.py:161} INFO - Started process (PID=2536) to work on /home/airflow/.local/lib/python3.8/site-packages/airflow/example_dags/example_latest_only_with_trigger.py
[2024-02-07T09:02:18.234+0000] {processor.py:830} INFO - Processing file /home/airflow/.local/lib/python3.8/site-packages/airflow/example_dags/example_latest_only_with_trigger.py for tasks to queue
[2024-02-07T09:02:18.237+0000] {logging_mixin.py:188} INFO - [2024-02-07T09:02:18.237+0000] {dagbag.py:538} INFO - Filling up the DagBag from /home/airflow/.local/lib/python3.8/site-packages/airflow/example_dags/example_latest_only_with_trigger.py
[2024-02-07T09:02:18.242+0000] {processor.py:840} INFO - DAG(s) 'latest_only_with_trigger' retrieved from /home/airflow/.local/lib/python3.8/site-packages/airflow/example_dags/example_latest_only_with_trigger.py
[2024-02-07T09:02:18.264+0000] {logging_mixin.py:188} INFO - [2024-02-07T09:02:18.264+0000] {dag.py:3033} INFO - Sync 1 DAGs
[2024-02-07T09:02:18.284+0000] {logging_mixin.py:188} INFO - [2024-02-07T09:02:18.284+0000] {dag.py:3820} INFO - Setting next_dagrun for latest_only_with_trigger to 2024-02-07T04:00:00+00:00, run_after=2024-02-07T08:00:00+00:00
[2024-02-07T09:02:18.304+0000] {processor.py:183} INFO - Processing /home/airflow/.local/lib/python3.8/site-packages/airflow/example_dags/example_latest_only_with_trigger.py took 0.075 seconds
[2024-02-07T09:02:48.712+0000] {processor.py:161} INFO - Started process (PID=2593) to work on /home/airflow/.local/lib/python3.8/site-packages/airflow/example_dags/example_latest_only_with_trigger.py
[2024-02-07T09:02:48.714+0000] {processor.py:830} INFO - Processing file /home/airflow/.local/lib/python3.8/site-packages/airflow/example_dags/example_latest_only_with_trigger.py for tasks to queue
[2024-02-07T09:02:48.717+0000] {logging_mixin.py:188} INFO - [2024-02-07T09:02:48.717+0000] {dagbag.py:538} INFO - Filling up the DagBag from /home/airflow/.local/lib/python3.8/site-packages/airflow/example_dags/example_latest_only_with_trigger.py
[2024-02-07T09:02:48.723+0000] {processor.py:840} INFO - DAG(s) 'latest_only_with_trigger' retrieved from /home/airflow/.local/lib/python3.8/site-packages/airflow/example_dags/example_latest_only_with_trigger.py
[2024-02-07T09:02:48.747+0000] {logging_mixin.py:188} INFO - [2024-02-07T09:02:48.746+0000] {dag.py:3033} INFO - Sync 1 DAGs
[2024-02-07T09:02:48.769+0000] {logging_mixin.py:188} INFO - [2024-02-07T09:02:48.769+0000] {dag.py:3820} INFO - Setting next_dagrun for latest_only_with_trigger to 2024-02-07T04:00:00+00:00, run_after=2024-02-07T08:00:00+00:00
[2024-02-07T09:02:48.788+0000] {processor.py:183} INFO - Processing /home/airflow/.local/lib/python3.8/site-packages/airflow/example_dags/example_latest_only_with_trigger.py took 0.079 seconds
[2024-02-07T09:03:19.488+0000] {processor.py:161} INFO - Started process (PID=2650) to work on /home/airflow/.local/lib/python3.8/site-packages/airflow/example_dags/example_latest_only_with_trigger.py
[2024-02-07T09:03:19.489+0000] {processor.py:830} INFO - Processing file /home/airflow/.local/lib/python3.8/site-packages/airflow/example_dags/example_latest_only_with_trigger.py for tasks to queue
[2024-02-07T09:03:19.492+0000] {logging_mixin.py:188} INFO - [2024-02-07T09:03:19.492+0000] {dagbag.py:538} INFO - Filling up the DagBag from /home/airflow/.local/lib/python3.8/site-packages/airflow/example_dags/example_latest_only_with_trigger.py
[2024-02-07T09:03:19.498+0000] {processor.py:840} INFO - DAG(s) 'latest_only_with_trigger' retrieved from /home/airflow/.local/lib/python3.8/site-packages/airflow/example_dags/example_latest_only_with_trigger.py
[2024-02-07T09:03:19.521+0000] {logging_mixin.py:188} INFO - [2024-02-07T09:03:19.521+0000] {dag.py:3033} INFO - Sync 1 DAGs
[2024-02-07T09:03:19.542+0000] {logging_mixin.py:188} INFO - [2024-02-07T09:03:19.542+0000] {dag.py:3820} INFO - Setting next_dagrun for latest_only_with_trigger to 2024-02-07T04:00:00+00:00, run_after=2024-02-07T08:00:00+00:00
[2024-02-07T09:03:19.564+0000] {processor.py:183} INFO - Processing /home/airflow/.local/lib/python3.8/site-packages/airflow/example_dags/example_latest_only_with_trigger.py took 0.080 seconds
[2024-02-07T09:03:49.622+0000] {processor.py:161} INFO - Started process (PID=2707) to work on /home/airflow/.local/lib/python3.8/site-packages/airflow/example_dags/example_latest_only_with_trigger.py
[2024-02-07T09:03:49.623+0000] {processor.py:830} INFO - Processing file /home/airflow/.local/lib/python3.8/site-packages/airflow/example_dags/example_latest_only_with_trigger.py for tasks to queue
[2024-02-07T09:03:49.627+0000] {logging_mixin.py:188} INFO - [2024-02-07T09:03:49.627+0000] {dagbag.py:538} INFO - Filling up the DagBag from /home/airflow/.local/lib/python3.8/site-packages/airflow/example_dags/example_latest_only_with_trigger.py
[2024-02-07T09:03:49.633+0000] {processor.py:840} INFO - DAG(s) 'latest_only_with_trigger' retrieved from /home/airflow/.local/lib/python3.8/site-packages/airflow/example_dags/example_latest_only_with_trigger.py
[2024-02-07T09:03:49.656+0000] {logging_mixin.py:188} INFO - [2024-02-07T09:03:49.656+0000] {dag.py:3033} INFO - Sync 1 DAGs
[2024-02-07T09:03:49.677+0000] {logging_mixin.py:188} INFO - [2024-02-07T09:03:49.677+0000] {dag.py:3820} INFO - Setting next_dagrun for latest_only_with_trigger to 2024-02-07T04:00:00+00:00, run_after=2024-02-07T08:00:00+00:00
[2024-02-07T09:03:49.698+0000] {processor.py:183} INFO - Processing /home/airflow/.local/lib/python3.8/site-packages/airflow/example_dags/example_latest_only_with_trigger.py took 0.080 seconds
[2024-02-07T09:04:20.208+0000] {processor.py:161} INFO - Started process (PID=2764) to work on /home/airflow/.local/lib/python3.8/site-packages/airflow/example_dags/example_latest_only_with_trigger.py
[2024-02-07T09:04:20.209+0000] {processor.py:830} INFO - Processing file /home/airflow/.local/lib/python3.8/site-packages/airflow/example_dags/example_latest_only_with_trigger.py for tasks to queue
[2024-02-07T09:04:20.213+0000] {logging_mixin.py:188} INFO - [2024-02-07T09:04:20.212+0000] {dagbag.py:538} INFO - Filling up the DagBag from /home/airflow/.local/lib/python3.8/site-packages/airflow/example_dags/example_latest_only_with_trigger.py
[2024-02-07T09:04:20.218+0000] {processor.py:840} INFO - DAG(s) 'latest_only_with_trigger' retrieved from /home/airflow/.local/lib/python3.8/site-packages/airflow/example_dags/example_latest_only_with_trigger.py
[2024-02-07T09:04:20.244+0000] {logging_mixin.py:188} INFO - [2024-02-07T09:04:20.243+0000] {dag.py:3033} INFO - Sync 1 DAGs
[2024-02-07T09:04:20.271+0000] {logging_mixin.py:188} INFO - [2024-02-07T09:04:20.270+0000] {dag.py:3820} INFO - Setting next_dagrun for latest_only_with_trigger to 2024-02-07T04:00:00+00:00, run_after=2024-02-07T08:00:00+00:00
[2024-02-07T09:04:20.297+0000] {processor.py:183} INFO - Processing /home/airflow/.local/lib/python3.8/site-packages/airflow/example_dags/example_latest_only_with_trigger.py took 0.093 seconds
[2024-02-07T09:04:50.549+0000] {processor.py:161} INFO - Started process (PID=2821) to work on /home/airflow/.local/lib/python3.8/site-packages/airflow/example_dags/example_latest_only_with_trigger.py
[2024-02-07T09:04:50.550+0000] {processor.py:830} INFO - Processing file /home/airflow/.local/lib/python3.8/site-packages/airflow/example_dags/example_latest_only_with_trigger.py for tasks to queue
[2024-02-07T09:04:50.553+0000] {logging_mixin.py:188} INFO - [2024-02-07T09:04:50.553+0000] {dagbag.py:538} INFO - Filling up the DagBag from /home/airflow/.local/lib/python3.8/site-packages/airflow/example_dags/example_latest_only_with_trigger.py
[2024-02-07T09:04:50.558+0000] {processor.py:840} INFO - DAG(s) 'latest_only_with_trigger' retrieved from /home/airflow/.local/lib/python3.8/site-packages/airflow/example_dags/example_latest_only_with_trigger.py
[2024-02-07T09:04:50.584+0000] {logging_mixin.py:188} INFO - [2024-02-07T09:04:50.584+0000] {dag.py:3033} INFO - Sync 1 DAGs
[2024-02-07T09:04:50.610+0000] {logging_mixin.py:188} INFO - [2024-02-07T09:04:50.610+0000] {dag.py:3820} INFO - Setting next_dagrun for latest_only_with_trigger to 2024-02-07T04:00:00+00:00, run_after=2024-02-07T08:00:00+00:00
[2024-02-07T09:04:50.634+0000] {processor.py:183} INFO - Processing /home/airflow/.local/lib/python3.8/site-packages/airflow/example_dags/example_latest_only_with_trigger.py took 0.088 seconds
[2024-02-07T09:05:20.807+0000] {processor.py:161} INFO - Started process (PID=2878) to work on /home/airflow/.local/lib/python3.8/site-packages/airflow/example_dags/example_latest_only_with_trigger.py
[2024-02-07T09:05:20.808+0000] {processor.py:830} INFO - Processing file /home/airflow/.local/lib/python3.8/site-packages/airflow/example_dags/example_latest_only_with_trigger.py for tasks to queue
[2024-02-07T09:05:20.811+0000] {logging_mixin.py:188} INFO - [2024-02-07T09:05:20.811+0000] {dagbag.py:538} INFO - Filling up the DagBag from /home/airflow/.local/lib/python3.8/site-packages/airflow/example_dags/example_latest_only_with_trigger.py
[2024-02-07T09:05:20.817+0000] {processor.py:840} INFO - DAG(s) 'latest_only_with_trigger' retrieved from /home/airflow/.local/lib/python3.8/site-packages/airflow/example_dags/example_latest_only_with_trigger.py
[2024-02-07T09:05:20.842+0000] {logging_mixin.py:188} INFO - [2024-02-07T09:05:20.842+0000] {dag.py:3033} INFO - Sync 1 DAGs
[2024-02-07T09:05:20.868+0000] {logging_mixin.py:188} INFO - [2024-02-07T09:05:20.868+0000] {dag.py:3820} INFO - Setting next_dagrun for latest_only_with_trigger to 2024-02-07T04:00:00+00:00, run_after=2024-02-07T08:00:00+00:00
[2024-02-07T09:05:20.889+0000] {processor.py:183} INFO - Processing /home/airflow/.local/lib/python3.8/site-packages/airflow/example_dags/example_latest_only_with_trigger.py took 0.086 seconds
[2024-02-07T09:05:51.386+0000] {processor.py:161} INFO - Started process (PID=2935) to work on /home/airflow/.local/lib/python3.8/site-packages/airflow/example_dags/example_latest_only_with_trigger.py
[2024-02-07T09:05:51.388+0000] {processor.py:830} INFO - Processing file /home/airflow/.local/lib/python3.8/site-packages/airflow/example_dags/example_latest_only_with_trigger.py for tasks to queue
[2024-02-07T09:05:51.391+0000] {logging_mixin.py:188} INFO - [2024-02-07T09:05:51.391+0000] {dagbag.py:538} INFO - Filling up the DagBag from /home/airflow/.local/lib/python3.8/site-packages/airflow/example_dags/example_latest_only_with_trigger.py
[2024-02-07T09:05:51.396+0000] {processor.py:840} INFO - DAG(s) 'latest_only_with_trigger' retrieved from /home/airflow/.local/lib/python3.8/site-packages/airflow/example_dags/example_latest_only_with_trigger.py
[2024-02-07T09:05:51.419+0000] {logging_mixin.py:188} INFO - [2024-02-07T09:05:51.419+0000] {dag.py:3033} INFO - Sync 1 DAGs
[2024-02-07T09:05:51.441+0000] {logging_mixin.py:188} INFO - [2024-02-07T09:05:51.441+0000] {dag.py:3820} INFO - Setting next_dagrun for latest_only_with_trigger to 2024-02-07T04:00:00+00:00, run_after=2024-02-07T08:00:00+00:00
[2024-02-07T09:05:51.464+0000] {processor.py:183} INFO - Processing /home/airflow/.local/lib/python3.8/site-packages/airflow/example_dags/example_latest_only_with_trigger.py took 0.080 seconds
[2024-02-07T09:06:21.590+0000] {processor.py:161} INFO - Started process (PID=2992) to work on /home/airflow/.local/lib/python3.8/site-packages/airflow/example_dags/example_latest_only_with_trigger.py
[2024-02-07T09:06:21.591+0000] {processor.py:830} INFO - Processing file /home/airflow/.local/lib/python3.8/site-packages/airflow/example_dags/example_latest_only_with_trigger.py for tasks to queue
[2024-02-07T09:06:21.595+0000] {logging_mixin.py:188} INFO - [2024-02-07T09:06:21.594+0000] {dagbag.py:538} INFO - Filling up the DagBag from /home/airflow/.local/lib/python3.8/site-packages/airflow/example_dags/example_latest_only_with_trigger.py
[2024-02-07T09:06:21.600+0000] {processor.py:840} INFO - DAG(s) 'latest_only_with_trigger' retrieved from /home/airflow/.local/lib/python3.8/site-packages/airflow/example_dags/example_latest_only_with_trigger.py
[2024-02-07T09:06:21.620+0000] {logging_mixin.py:188} INFO - [2024-02-07T09:06:21.620+0000] {dag.py:3033} INFO - Sync 1 DAGs
[2024-02-07T09:06:21.641+0000] {logging_mixin.py:188} INFO - [2024-02-07T09:06:21.641+0000] {dag.py:3820} INFO - Setting next_dagrun for latest_only_with_trigger to 2024-02-07T04:00:00+00:00, run_after=2024-02-07T08:00:00+00:00
[2024-02-07T09:06:21.660+0000] {processor.py:183} INFO - Processing /home/airflow/.local/lib/python3.8/site-packages/airflow/example_dags/example_latest_only_with_trigger.py took 0.075 seconds
[2024-02-07T09:06:52.157+0000] {processor.py:161} INFO - Started process (PID=3049) to work on /home/airflow/.local/lib/python3.8/site-packages/airflow/example_dags/example_latest_only_with_trigger.py
[2024-02-07T09:06:52.159+0000] {processor.py:830} INFO - Processing file /home/airflow/.local/lib/python3.8/site-packages/airflow/example_dags/example_latest_only_with_trigger.py for tasks to queue
[2024-02-07T09:06:52.162+0000] {logging_mixin.py:188} INFO - [2024-02-07T09:06:52.162+0000] {dagbag.py:538} INFO - Filling up the DagBag from /home/airflow/.local/lib/python3.8/site-packages/airflow/example_dags/example_latest_only_with_trigger.py
[2024-02-07T09:06:52.169+0000] {processor.py:840} INFO - DAG(s) 'latest_only_with_trigger' retrieved from /home/airflow/.local/lib/python3.8/site-packages/airflow/example_dags/example_latest_only_with_trigger.py
[2024-02-07T09:06:52.198+0000] {logging_mixin.py:188} INFO - [2024-02-07T09:06:52.197+0000] {dag.py:3033} INFO - Sync 1 DAGs
[2024-02-07T09:06:52.226+0000] {logging_mixin.py:188} INFO - [2024-02-07T09:06:52.225+0000] {dag.py:3820} INFO - Setting next_dagrun for latest_only_with_trigger to 2024-02-07T04:00:00+00:00, run_after=2024-02-07T08:00:00+00:00
[2024-02-07T09:06:52.250+0000] {processor.py:183} INFO - Processing /home/airflow/.local/lib/python3.8/site-packages/airflow/example_dags/example_latest_only_with_trigger.py took 0.098 seconds
[2024-02-07T09:07:22.620+0000] {processor.py:161} INFO - Started process (PID=3106) to work on /home/airflow/.local/lib/python3.8/site-packages/airflow/example_dags/example_latest_only_with_trigger.py
[2024-02-07T09:07:22.621+0000] {processor.py:830} INFO - Processing file /home/airflow/.local/lib/python3.8/site-packages/airflow/example_dags/example_latest_only_with_trigger.py for tasks to queue
[2024-02-07T09:07:22.624+0000] {logging_mixin.py:188} INFO - [2024-02-07T09:07:22.624+0000] {dagbag.py:538} INFO - Filling up the DagBag from /home/airflow/.local/lib/python3.8/site-packages/airflow/example_dags/example_latest_only_with_trigger.py
[2024-02-07T09:07:22.629+0000] {processor.py:840} INFO - DAG(s) 'latest_only_with_trigger' retrieved from /home/airflow/.local/lib/python3.8/site-packages/airflow/example_dags/example_latest_only_with_trigger.py
[2024-02-07T09:07:22.652+0000] {logging_mixin.py:188} INFO - [2024-02-07T09:07:22.652+0000] {dag.py:3033} INFO - Sync 1 DAGs
[2024-02-07T09:07:22.674+0000] {logging_mixin.py:188} INFO - [2024-02-07T09:07:22.674+0000] {dag.py:3820} INFO - Setting next_dagrun for latest_only_with_trigger to 2024-02-07T04:00:00+00:00, run_after=2024-02-07T08:00:00+00:00
[2024-02-07T09:07:22.696+0000] {processor.py:183} INFO - Processing /home/airflow/.local/lib/python3.8/site-packages/airflow/example_dags/example_latest_only_with_trigger.py took 0.079 seconds
[2024-02-07T09:07:53.180+0000] {processor.py:161} INFO - Started process (PID=3163) to work on /home/airflow/.local/lib/python3.8/site-packages/airflow/example_dags/example_latest_only_with_trigger.py
[2024-02-07T09:07:53.181+0000] {processor.py:830} INFO - Processing file /home/airflow/.local/lib/python3.8/site-packages/airflow/example_dags/example_latest_only_with_trigger.py for tasks to queue
[2024-02-07T09:07:53.184+0000] {logging_mixin.py:188} INFO - [2024-02-07T09:07:53.184+0000] {dagbag.py:538} INFO - Filling up the DagBag from /home/airflow/.local/lib/python3.8/site-packages/airflow/example_dags/example_latest_only_with_trigger.py
[2024-02-07T09:07:53.189+0000] {processor.py:840} INFO - DAG(s) 'latest_only_with_trigger' retrieved from /home/airflow/.local/lib/python3.8/site-packages/airflow/example_dags/example_latest_only_with_trigger.py
[2024-02-07T09:07:53.212+0000] {logging_mixin.py:188} INFO - [2024-02-07T09:07:53.212+0000] {dag.py:3033} INFO - Sync 1 DAGs
[2024-02-07T09:07:53.234+0000] {logging_mixin.py:188} INFO - [2024-02-07T09:07:53.234+0000] {dag.py:3820} INFO - Setting next_dagrun for latest_only_with_trigger to 2024-02-07T04:00:00+00:00, run_after=2024-02-07T08:00:00+00:00
[2024-02-07T09:07:53.258+0000] {processor.py:183} INFO - Processing /home/airflow/.local/lib/python3.8/site-packages/airflow/example_dags/example_latest_only_with_trigger.py took 0.082 seconds
[2024-02-07T09:08:23.364+0000] {processor.py:161} INFO - Started process (PID=3220) to work on /home/airflow/.local/lib/python3.8/site-packages/airflow/example_dags/example_latest_only_with_trigger.py
[2024-02-07T09:08:23.365+0000] {processor.py:830} INFO - Processing file /home/airflow/.local/lib/python3.8/site-packages/airflow/example_dags/example_latest_only_with_trigger.py for tasks to queue
[2024-02-07T09:08:23.368+0000] {logging_mixin.py:188} INFO - [2024-02-07T09:08:23.368+0000] {dagbag.py:538} INFO - Filling up the DagBag from /home/airflow/.local/lib/python3.8/site-packages/airflow/example_dags/example_latest_only_with_trigger.py
[2024-02-07T09:08:23.373+0000] {processor.py:840} INFO - DAG(s) 'latest_only_with_trigger' retrieved from /home/airflow/.local/lib/python3.8/site-packages/airflow/example_dags/example_latest_only_with_trigger.py
[2024-02-07T09:08:23.397+0000] {logging_mixin.py:188} INFO - [2024-02-07T09:08:23.397+0000] {dag.py:3033} INFO - Sync 1 DAGs
[2024-02-07T09:08:23.416+0000] {logging_mixin.py:188} INFO - [2024-02-07T09:08:23.416+0000] {dag.py:3820} INFO - Setting next_dagrun for latest_only_with_trigger to 2024-02-07T04:00:00+00:00, run_after=2024-02-07T08:00:00+00:00
[2024-02-07T09:08:23.436+0000] {processor.py:183} INFO - Processing /home/airflow/.local/lib/python3.8/site-packages/airflow/example_dags/example_latest_only_with_trigger.py took 0.075 seconds
[2024-02-07T09:08:53.845+0000] {processor.py:161} INFO - Started process (PID=3277) to work on /home/airflow/.local/lib/python3.8/site-packages/airflow/example_dags/example_latest_only_with_trigger.py
[2024-02-07T09:08:53.846+0000] {processor.py:830} INFO - Processing file /home/airflow/.local/lib/python3.8/site-packages/airflow/example_dags/example_latest_only_with_trigger.py for tasks to queue
[2024-02-07T09:08:53.849+0000] {logging_mixin.py:188} INFO - [2024-02-07T09:08:53.849+0000] {dagbag.py:538} INFO - Filling up the DagBag from /home/airflow/.local/lib/python3.8/site-packages/airflow/example_dags/example_latest_only_with_trigger.py
[2024-02-07T09:08:53.854+0000] {processor.py:840} INFO - DAG(s) 'latest_only_with_trigger' retrieved from /home/airflow/.local/lib/python3.8/site-packages/airflow/example_dags/example_latest_only_with_trigger.py
[2024-02-07T09:08:53.877+0000] {logging_mixin.py:188} INFO - [2024-02-07T09:08:53.877+0000] {dag.py:3033} INFO - Sync 1 DAGs
[2024-02-07T09:08:53.897+0000] {logging_mixin.py:188} INFO - [2024-02-07T09:08:53.897+0000] {dag.py:3820} INFO - Setting next_dagrun for latest_only_with_trigger to 2024-02-07T04:00:00+00:00, run_after=2024-02-07T08:00:00+00:00
[2024-02-07T09:08:53.919+0000] {processor.py:183} INFO - Processing /home/airflow/.local/lib/python3.8/site-packages/airflow/example_dags/example_latest_only_with_trigger.py took 0.077 seconds
[2024-02-07T09:09:24.286+0000] {processor.py:161} INFO - Started process (PID=3334) to work on /home/airflow/.local/lib/python3.8/site-packages/airflow/example_dags/example_latest_only_with_trigger.py
[2024-02-07T09:09:24.287+0000] {processor.py:830} INFO - Processing file /home/airflow/.local/lib/python3.8/site-packages/airflow/example_dags/example_latest_only_with_trigger.py for tasks to queue
[2024-02-07T09:09:24.290+0000] {logging_mixin.py:188} INFO - [2024-02-07T09:09:24.289+0000] {dagbag.py:538} INFO - Filling up the DagBag from /home/airflow/.local/lib/python3.8/site-packages/airflow/example_dags/example_latest_only_with_trigger.py
[2024-02-07T09:09:24.295+0000] {processor.py:840} INFO - DAG(s) 'latest_only_with_trigger' retrieved from /home/airflow/.local/lib/python3.8/site-packages/airflow/example_dags/example_latest_only_with_trigger.py
[2024-02-07T09:09:24.316+0000] {logging_mixin.py:188} INFO - [2024-02-07T09:09:24.315+0000] {dag.py:3033} INFO - Sync 1 DAGs
[2024-02-07T09:09:24.335+0000] {logging_mixin.py:188} INFO - [2024-02-07T09:09:24.335+0000] {dag.py:3820} INFO - Setting next_dagrun for latest_only_with_trigger to 2024-02-07T04:00:00+00:00, run_after=2024-02-07T08:00:00+00:00
[2024-02-07T09:09:24.355+0000] {processor.py:183} INFO - Processing /home/airflow/.local/lib/python3.8/site-packages/airflow/example_dags/example_latest_only_with_trigger.py took 0.073 seconds
[2024-02-07T09:09:54.863+0000] {processor.py:161} INFO - Started process (PID=3391) to work on /home/airflow/.local/lib/python3.8/site-packages/airflow/example_dags/example_latest_only_with_trigger.py
[2024-02-07T09:09:54.865+0000] {processor.py:830} INFO - Processing file /home/airflow/.local/lib/python3.8/site-packages/airflow/example_dags/example_latest_only_with_trigger.py for tasks to queue
[2024-02-07T09:09:54.868+0000] {logging_mixin.py:188} INFO - [2024-02-07T09:09:54.868+0000] {dagbag.py:538} INFO - Filling up the DagBag from /home/airflow/.local/lib/python3.8/site-packages/airflow/example_dags/example_latest_only_with_trigger.py
[2024-02-07T09:09:54.873+0000] {processor.py:840} INFO - DAG(s) 'latest_only_with_trigger' retrieved from /home/airflow/.local/lib/python3.8/site-packages/airflow/example_dags/example_latest_only_with_trigger.py
[2024-02-07T09:09:54.898+0000] {logging_mixin.py:188} INFO - [2024-02-07T09:09:54.898+0000] {dag.py:3033} INFO - Sync 1 DAGs
[2024-02-07T09:09:54.918+0000] {logging_mixin.py:188} INFO - [2024-02-07T09:09:54.918+0000] {dag.py:3820} INFO - Setting next_dagrun for latest_only_with_trigger to 2024-02-07T04:00:00+00:00, run_after=2024-02-07T08:00:00+00:00
[2024-02-07T09:09:54.939+0000] {processor.py:183} INFO - Processing /home/airflow/.local/lib/python3.8/site-packages/airflow/example_dags/example_latest_only_with_trigger.py took 0.081 seconds
[2024-02-07T09:10:25.048+0000] {processor.py:161} INFO - Started process (PID=3448) to work on /home/airflow/.local/lib/python3.8/site-packages/airflow/example_dags/example_latest_only_with_trigger.py
[2024-02-07T09:10:25.049+0000] {processor.py:830} INFO - Processing file /home/airflow/.local/lib/python3.8/site-packages/airflow/example_dags/example_latest_only_with_trigger.py for tasks to queue
[2024-02-07T09:10:25.052+0000] {logging_mixin.py:188} INFO - [2024-02-07T09:10:25.051+0000] {dagbag.py:538} INFO - Filling up the DagBag from /home/airflow/.local/lib/python3.8/site-packages/airflow/example_dags/example_latest_only_with_trigger.py
[2024-02-07T09:10:25.057+0000] {processor.py:840} INFO - DAG(s) 'latest_only_with_trigger' retrieved from /home/airflow/.local/lib/python3.8/site-packages/airflow/example_dags/example_latest_only_with_trigger.py
[2024-02-07T09:10:25.079+0000] {logging_mixin.py:188} INFO - [2024-02-07T09:10:25.079+0000] {dag.py:3033} INFO - Sync 1 DAGs
[2024-02-07T09:10:25.104+0000] {logging_mixin.py:188} INFO - [2024-02-07T09:10:25.104+0000] {dag.py:3820} INFO - Setting next_dagrun for latest_only_with_trigger to 2024-02-07T04:00:00+00:00, run_after=2024-02-07T08:00:00+00:00
[2024-02-07T09:10:25.133+0000] {processor.py:183} INFO - Processing /home/airflow/.local/lib/python3.8/site-packages/airflow/example_dags/example_latest_only_with_trigger.py took 0.089 seconds
[2024-02-07T09:10:55.270+0000] {processor.py:161} INFO - Started process (PID=3505) to work on /home/airflow/.local/lib/python3.8/site-packages/airflow/example_dags/example_latest_only_with_trigger.py
[2024-02-07T09:10:55.271+0000] {processor.py:830} INFO - Processing file /home/airflow/.local/lib/python3.8/site-packages/airflow/example_dags/example_latest_only_with_trigger.py for tasks to queue
[2024-02-07T09:10:55.274+0000] {logging_mixin.py:188} INFO - [2024-02-07T09:10:55.273+0000] {dagbag.py:538} INFO - Filling up the DagBag from /home/airflow/.local/lib/python3.8/site-packages/airflow/example_dags/example_latest_only_with_trigger.py
[2024-02-07T09:10:55.279+0000] {processor.py:840} INFO - DAG(s) 'latest_only_with_trigger' retrieved from /home/airflow/.local/lib/python3.8/site-packages/airflow/example_dags/example_latest_only_with_trigger.py
[2024-02-07T09:10:55.300+0000] {logging_mixin.py:188} INFO - [2024-02-07T09:10:55.300+0000] {dag.py:3033} INFO - Sync 1 DAGs
[2024-02-07T09:10:55.319+0000] {logging_mixin.py:188} INFO - [2024-02-07T09:10:55.319+0000] {dag.py:3820} INFO - Setting next_dagrun for latest_only_with_trigger to 2024-02-07T04:00:00+00:00, run_after=2024-02-07T08:00:00+00:00
[2024-02-07T09:10:55.341+0000] {processor.py:183} INFO - Processing /home/airflow/.local/lib/python3.8/site-packages/airflow/example_dags/example_latest_only_with_trigger.py took 0.075 seconds
[2024-02-07T09:11:25.551+0000] {processor.py:161} INFO - Started process (PID=3562) to work on /home/airflow/.local/lib/python3.8/site-packages/airflow/example_dags/example_latest_only_with_trigger.py
[2024-02-07T09:11:25.552+0000] {processor.py:830} INFO - Processing file /home/airflow/.local/lib/python3.8/site-packages/airflow/example_dags/example_latest_only_with_trigger.py for tasks to queue
[2024-02-07T09:11:25.556+0000] {logging_mixin.py:188} INFO - [2024-02-07T09:11:25.555+0000] {dagbag.py:538} INFO - Filling up the DagBag from /home/airflow/.local/lib/python3.8/site-packages/airflow/example_dags/example_latest_only_with_trigger.py
[2024-02-07T09:11:25.562+0000] {processor.py:840} INFO - DAG(s) 'latest_only_with_trigger' retrieved from /home/airflow/.local/lib/python3.8/site-packages/airflow/example_dags/example_latest_only_with_trigger.py
[2024-02-07T09:11:25.584+0000] {logging_mixin.py:188} INFO - [2024-02-07T09:11:25.584+0000] {dag.py:3033} INFO - Sync 1 DAGs
[2024-02-07T09:11:25.604+0000] {logging_mixin.py:188} INFO - [2024-02-07T09:11:25.604+0000] {dag.py:3820} INFO - Setting next_dagrun for latest_only_with_trigger to 2024-02-07T04:00:00+00:00, run_after=2024-02-07T08:00:00+00:00
[2024-02-07T09:11:25.627+0000] {processor.py:183} INFO - Processing /home/airflow/.local/lib/python3.8/site-packages/airflow/example_dags/example_latest_only_with_trigger.py took 0.079 seconds
