[2024-02-07T08:40:11.368+0000] {processor.py:161} INFO - Started process (PID=64) to work on /home/airflow/.local/lib/python3.8/site-packages/airflow/example_dags/example_branch_operator.py
[2024-02-07T08:40:11.369+0000] {processor.py:830} INFO - Processing file /home/airflow/.local/lib/python3.8/site-packages/airflow/example_dags/example_branch_operator.py for tasks to queue
[2024-02-07T08:40:11.372+0000] {logging_mixin.py:188} INFO - [2024-02-07T08:40:11.372+0000] {dagbag.py:538} INFO - Filling up the DagBag from /home/airflow/.local/lib/python3.8/site-packages/airflow/example_dags/example_branch_operator.py
[2024-02-07T08:40:11.398+0000] {processor.py:840} INFO - DAG(s) 'example_branch_operator' retrieved from /home/airflow/.local/lib/python3.8/site-packages/airflow/example_dags/example_branch_operator.py
[2024-02-07T08:40:11.525+0000] {logging_mixin.py:188} INFO - [2024-02-07T08:40:11.525+0000] {dag.py:3033} INFO - Sync 1 DAGs
[2024-02-07T08:40:11.568+0000] {logging_mixin.py:188} INFO - [2024-02-07T08:40:11.567+0000] {dag.py:3820} INFO - Setting next_dagrun for example_branch_operator to 2024-02-06T00:00:00+00:00, run_after=2024-02-07T00:00:00+00:00
[2024-02-07T08:40:11.598+0000] {processor.py:183} INFO - Processing /home/airflow/.local/lib/python3.8/site-packages/airflow/example_dags/example_branch_operator.py took 0.234 seconds
[2024-02-07T08:40:41.890+0000] {processor.py:161} INFO - Started process (PID=121) to work on /home/airflow/.local/lib/python3.8/site-packages/airflow/example_dags/example_branch_operator.py
[2024-02-07T08:40:41.891+0000] {processor.py:830} INFO - Processing file /home/airflow/.local/lib/python3.8/site-packages/airflow/example_dags/example_branch_operator.py for tasks to queue
[2024-02-07T08:40:41.893+0000] {logging_mixin.py:188} INFO - [2024-02-07T08:40:41.893+0000] {dagbag.py:538} INFO - Filling up the DagBag from /home/airflow/.local/lib/python3.8/site-packages/airflow/example_dags/example_branch_operator.py
[2024-02-07T08:40:41.909+0000] {processor.py:840} INFO - DAG(s) 'example_branch_operator' retrieved from /home/airflow/.local/lib/python3.8/site-packages/airflow/example_dags/example_branch_operator.py
[2024-02-07T08:40:41.940+0000] {logging_mixin.py:188} INFO - [2024-02-07T08:40:41.940+0000] {dag.py:3033} INFO - Sync 1 DAGs
[2024-02-07T08:40:41.962+0000] {logging_mixin.py:188} INFO - [2024-02-07T08:40:41.961+0000] {dag.py:3820} INFO - Setting next_dagrun for example_branch_operator to 2024-02-06T00:00:00+00:00, run_after=2024-02-07T00:00:00+00:00
[2024-02-07T08:40:41.979+0000] {processor.py:183} INFO - Processing /home/airflow/.local/lib/python3.8/site-packages/airflow/example_dags/example_branch_operator.py took 0.093 seconds
[2024-02-07T08:41:12.591+0000] {processor.py:161} INFO - Started process (PID=178) to work on /home/airflow/.local/lib/python3.8/site-packages/airflow/example_dags/example_branch_operator.py
[2024-02-07T08:41:12.592+0000] {processor.py:830} INFO - Processing file /home/airflow/.local/lib/python3.8/site-packages/airflow/example_dags/example_branch_operator.py for tasks to queue
[2024-02-07T08:41:12.595+0000] {logging_mixin.py:188} INFO - [2024-02-07T08:41:12.594+0000] {dagbag.py:538} INFO - Filling up the DagBag from /home/airflow/.local/lib/python3.8/site-packages/airflow/example_dags/example_branch_operator.py
[2024-02-07T08:41:12.617+0000] {processor.py:840} INFO - DAG(s) 'example_branch_operator' retrieved from /home/airflow/.local/lib/python3.8/site-packages/airflow/example_dags/example_branch_operator.py
[2024-02-07T08:41:12.664+0000] {logging_mixin.py:188} INFO - [2024-02-07T08:41:12.663+0000] {dag.py:3033} INFO - Sync 1 DAGs
[2024-02-07T08:41:12.699+0000] {logging_mixin.py:188} INFO - [2024-02-07T08:41:12.699+0000] {dag.py:3820} INFO - Setting next_dagrun for example_branch_operator to 2024-02-06T00:00:00+00:00, run_after=2024-02-07T00:00:00+00:00
[2024-02-07T08:41:12.721+0000] {processor.py:183} INFO - Processing /home/airflow/.local/lib/python3.8/site-packages/airflow/example_dags/example_branch_operator.py took 0.135 seconds
[2024-02-07T08:41:43.654+0000] {processor.py:161} INFO - Started process (PID=235) to work on /home/airflow/.local/lib/python3.8/site-packages/airflow/example_dags/example_branch_operator.py
[2024-02-07T08:41:43.655+0000] {processor.py:830} INFO - Processing file /home/airflow/.local/lib/python3.8/site-packages/airflow/example_dags/example_branch_operator.py for tasks to queue
[2024-02-07T08:41:43.658+0000] {logging_mixin.py:188} INFO - [2024-02-07T08:41:43.657+0000] {dagbag.py:538} INFO - Filling up the DagBag from /home/airflow/.local/lib/python3.8/site-packages/airflow/example_dags/example_branch_operator.py
[2024-02-07T08:41:43.678+0000] {processor.py:840} INFO - DAG(s) 'example_branch_operator' retrieved from /home/airflow/.local/lib/python3.8/site-packages/airflow/example_dags/example_branch_operator.py
[2024-02-07T08:41:43.707+0000] {logging_mixin.py:188} INFO - [2024-02-07T08:41:43.706+0000] {dag.py:3033} INFO - Sync 1 DAGs
[2024-02-07T08:41:43.730+0000] {logging_mixin.py:188} INFO - [2024-02-07T08:41:43.730+0000] {dag.py:3820} INFO - Setting next_dagrun for example_branch_operator to 2024-02-06T00:00:00+00:00, run_after=2024-02-07T00:00:00+00:00
[2024-02-07T08:41:43.750+0000] {processor.py:183} INFO - Processing /home/airflow/.local/lib/python3.8/site-packages/airflow/example_dags/example_branch_operator.py took 0.099 seconds
[2024-02-07T08:42:13.955+0000] {processor.py:161} INFO - Started process (PID=293) to work on /home/airflow/.local/lib/python3.8/site-packages/airflow/example_dags/example_branch_operator.py
[2024-02-07T08:42:13.956+0000] {processor.py:830} INFO - Processing file /home/airflow/.local/lib/python3.8/site-packages/airflow/example_dags/example_branch_operator.py for tasks to queue
[2024-02-07T08:42:13.959+0000] {logging_mixin.py:188} INFO - [2024-02-07T08:42:13.959+0000] {dagbag.py:538} INFO - Filling up the DagBag from /home/airflow/.local/lib/python3.8/site-packages/airflow/example_dags/example_branch_operator.py
[2024-02-07T08:42:13.984+0000] {processor.py:840} INFO - DAG(s) 'example_branch_operator' retrieved from /home/airflow/.local/lib/python3.8/site-packages/airflow/example_dags/example_branch_operator.py
[2024-02-07T08:42:14.031+0000] {logging_mixin.py:188} INFO - [2024-02-07T08:42:14.031+0000] {dag.py:3033} INFO - Sync 1 DAGs
[2024-02-07T08:42:14.072+0000] {logging_mixin.py:188} INFO - [2024-02-07T08:42:14.072+0000] {dag.py:3820} INFO - Setting next_dagrun for example_branch_operator to 2024-02-06T00:00:00+00:00, run_after=2024-02-07T00:00:00+00:00
[2024-02-07T08:42:14.105+0000] {processor.py:183} INFO - Processing /home/airflow/.local/lib/python3.8/site-packages/airflow/example_dags/example_branch_operator.py took 0.154 seconds
[2024-02-07T08:42:44.779+0000] {processor.py:161} INFO - Started process (PID=350) to work on /home/airflow/.local/lib/python3.8/site-packages/airflow/example_dags/example_branch_operator.py
[2024-02-07T08:42:44.781+0000] {processor.py:830} INFO - Processing file /home/airflow/.local/lib/python3.8/site-packages/airflow/example_dags/example_branch_operator.py for tasks to queue
[2024-02-07T08:42:44.783+0000] {logging_mixin.py:188} INFO - [2024-02-07T08:42:44.783+0000] {dagbag.py:538} INFO - Filling up the DagBag from /home/airflow/.local/lib/python3.8/site-packages/airflow/example_dags/example_branch_operator.py
[2024-02-07T08:42:44.803+0000] {processor.py:840} INFO - DAG(s) 'example_branch_operator' retrieved from /home/airflow/.local/lib/python3.8/site-packages/airflow/example_dags/example_branch_operator.py
[2024-02-07T08:42:44.842+0000] {logging_mixin.py:188} INFO - [2024-02-07T08:42:44.842+0000] {dag.py:3033} INFO - Sync 1 DAGs
[2024-02-07T08:42:44.870+0000] {logging_mixin.py:188} INFO - [2024-02-07T08:42:44.870+0000] {dag.py:3820} INFO - Setting next_dagrun for example_branch_operator to 2024-02-06T00:00:00+00:00, run_after=2024-02-07T00:00:00+00:00
[2024-02-07T08:42:44.894+0000] {processor.py:183} INFO - Processing /home/airflow/.local/lib/python3.8/site-packages/airflow/example_dags/example_branch_operator.py took 0.118 seconds
[2024-02-07T08:43:15.594+0000] {processor.py:161} INFO - Started process (PID=407) to work on /home/airflow/.local/lib/python3.8/site-packages/airflow/example_dags/example_branch_operator.py
[2024-02-07T08:43:15.595+0000] {processor.py:830} INFO - Processing file /home/airflow/.local/lib/python3.8/site-packages/airflow/example_dags/example_branch_operator.py for tasks to queue
[2024-02-07T08:43:15.598+0000] {logging_mixin.py:188} INFO - [2024-02-07T08:43:15.598+0000] {dagbag.py:538} INFO - Filling up the DagBag from /home/airflow/.local/lib/python3.8/site-packages/airflow/example_dags/example_branch_operator.py
[2024-02-07T08:43:15.618+0000] {processor.py:840} INFO - DAG(s) 'example_branch_operator' retrieved from /home/airflow/.local/lib/python3.8/site-packages/airflow/example_dags/example_branch_operator.py
[2024-02-07T08:43:15.645+0000] {logging_mixin.py:188} INFO - [2024-02-07T08:43:15.644+0000] {dag.py:3033} INFO - Sync 1 DAGs
[2024-02-07T08:43:15.668+0000] {logging_mixin.py:188} INFO - [2024-02-07T08:43:15.668+0000] {dag.py:3820} INFO - Setting next_dagrun for example_branch_operator to 2024-02-06T00:00:00+00:00, run_after=2024-02-07T00:00:00+00:00
[2024-02-07T08:43:15.687+0000] {processor.py:183} INFO - Processing /home/airflow/.local/lib/python3.8/site-packages/airflow/example_dags/example_branch_operator.py took 0.096 seconds
[2024-02-07T08:43:46.071+0000] {processor.py:161} INFO - Started process (PID=464) to work on /home/airflow/.local/lib/python3.8/site-packages/airflow/example_dags/example_branch_operator.py
[2024-02-07T08:43:46.072+0000] {processor.py:830} INFO - Processing file /home/airflow/.local/lib/python3.8/site-packages/airflow/example_dags/example_branch_operator.py for tasks to queue
[2024-02-07T08:43:46.075+0000] {logging_mixin.py:188} INFO - [2024-02-07T08:43:46.075+0000] {dagbag.py:538} INFO - Filling up the DagBag from /home/airflow/.local/lib/python3.8/site-packages/airflow/example_dags/example_branch_operator.py
[2024-02-07T08:43:46.094+0000] {processor.py:840} INFO - DAG(s) 'example_branch_operator' retrieved from /home/airflow/.local/lib/python3.8/site-packages/airflow/example_dags/example_branch_operator.py
[2024-02-07T08:43:46.142+0000] {logging_mixin.py:188} INFO - [2024-02-07T08:43:46.142+0000] {dag.py:3033} INFO - Sync 1 DAGs
[2024-02-07T08:43:46.185+0000] {logging_mixin.py:188} INFO - [2024-02-07T08:43:46.184+0000] {dag.py:3820} INFO - Setting next_dagrun for example_branch_operator to 2024-02-06T00:00:00+00:00, run_after=2024-02-07T00:00:00+00:00
[2024-02-07T08:43:46.210+0000] {processor.py:183} INFO - Processing /home/airflow/.local/lib/python3.8/site-packages/airflow/example_dags/example_branch_operator.py took 0.143 seconds
[2024-02-07T08:44:17.050+0000] {processor.py:161} INFO - Started process (PID=521) to work on /home/airflow/.local/lib/python3.8/site-packages/airflow/example_dags/example_branch_operator.py
[2024-02-07T08:44:17.051+0000] {processor.py:830} INFO - Processing file /home/airflow/.local/lib/python3.8/site-packages/airflow/example_dags/example_branch_operator.py for tasks to queue
[2024-02-07T08:44:17.055+0000] {logging_mixin.py:188} INFO - [2024-02-07T08:44:17.054+0000] {dagbag.py:538} INFO - Filling up the DagBag from /home/airflow/.local/lib/python3.8/site-packages/airflow/example_dags/example_branch_operator.py
[2024-02-07T08:44:17.076+0000] {processor.py:840} INFO - DAG(s) 'example_branch_operator' retrieved from /home/airflow/.local/lib/python3.8/site-packages/airflow/example_dags/example_branch_operator.py
[2024-02-07T08:44:17.105+0000] {logging_mixin.py:188} INFO - [2024-02-07T08:44:17.105+0000] {dag.py:3033} INFO - Sync 1 DAGs
[2024-02-07T08:44:17.133+0000] {logging_mixin.py:188} INFO - [2024-02-07T08:44:17.133+0000] {dag.py:3820} INFO - Setting next_dagrun for example_branch_operator to 2024-02-06T00:00:00+00:00, run_after=2024-02-07T00:00:00+00:00
[2024-02-07T08:44:17.168+0000] {processor.py:183} INFO - Processing /home/airflow/.local/lib/python3.8/site-packages/airflow/example_dags/example_branch_operator.py took 0.123 seconds
[2024-02-07T08:44:47.621+0000] {processor.py:161} INFO - Started process (PID=578) to work on /home/airflow/.local/lib/python3.8/site-packages/airflow/example_dags/example_branch_operator.py
[2024-02-07T08:44:47.623+0000] {processor.py:830} INFO - Processing file /home/airflow/.local/lib/python3.8/site-packages/airflow/example_dags/example_branch_operator.py for tasks to queue
[2024-02-07T08:44:47.627+0000] {logging_mixin.py:188} INFO - [2024-02-07T08:44:47.626+0000] {dagbag.py:538} INFO - Filling up the DagBag from /home/airflow/.local/lib/python3.8/site-packages/airflow/example_dags/example_branch_operator.py
[2024-02-07T08:44:47.657+0000] {processor.py:840} INFO - DAG(s) 'example_branch_operator' retrieved from /home/airflow/.local/lib/python3.8/site-packages/airflow/example_dags/example_branch_operator.py
[2024-02-07T08:44:47.699+0000] {logging_mixin.py:188} INFO - [2024-02-07T08:44:47.699+0000] {dag.py:3033} INFO - Sync 1 DAGs
[2024-02-07T08:44:47.733+0000] {logging_mixin.py:188} INFO - [2024-02-07T08:44:47.733+0000] {dag.py:3820} INFO - Setting next_dagrun for example_branch_operator to 2024-02-06T00:00:00+00:00, run_after=2024-02-07T00:00:00+00:00
[2024-02-07T08:44:47.769+0000] {processor.py:183} INFO - Processing /home/airflow/.local/lib/python3.8/site-packages/airflow/example_dags/example_branch_operator.py took 0.152 seconds
[2024-02-07T08:45:17.991+0000] {processor.py:161} INFO - Started process (PID=636) to work on /home/airflow/.local/lib/python3.8/site-packages/airflow/example_dags/example_branch_operator.py
[2024-02-07T08:45:17.993+0000] {processor.py:830} INFO - Processing file /home/airflow/.local/lib/python3.8/site-packages/airflow/example_dags/example_branch_operator.py for tasks to queue
[2024-02-07T08:45:17.997+0000] {logging_mixin.py:188} INFO - [2024-02-07T08:45:17.996+0000] {dagbag.py:538} INFO - Filling up the DagBag from /home/airflow/.local/lib/python3.8/site-packages/airflow/example_dags/example_branch_operator.py
[2024-02-07T08:45:18.022+0000] {processor.py:840} INFO - DAG(s) 'example_branch_operator' retrieved from /home/airflow/.local/lib/python3.8/site-packages/airflow/example_dags/example_branch_operator.py
[2024-02-07T08:45:18.067+0000] {logging_mixin.py:188} INFO - [2024-02-07T08:45:18.067+0000] {dag.py:3033} INFO - Sync 1 DAGs
[2024-02-07T08:45:18.102+0000] {logging_mixin.py:188} INFO - [2024-02-07T08:45:18.101+0000] {dag.py:3820} INFO - Setting next_dagrun for example_branch_operator to 2024-02-06T00:00:00+00:00, run_after=2024-02-07T00:00:00+00:00
[2024-02-07T08:45:18.128+0000] {processor.py:183} INFO - Processing /home/airflow/.local/lib/python3.8/site-packages/airflow/example_dags/example_branch_operator.py took 0.142 seconds
[2024-02-07T08:45:48.968+0000] {processor.py:161} INFO - Started process (PID=693) to work on /home/airflow/.local/lib/python3.8/site-packages/airflow/example_dags/example_branch_operator.py
[2024-02-07T08:45:48.969+0000] {processor.py:830} INFO - Processing file /home/airflow/.local/lib/python3.8/site-packages/airflow/example_dags/example_branch_operator.py for tasks to queue
[2024-02-07T08:45:48.972+0000] {logging_mixin.py:188} INFO - [2024-02-07T08:45:48.972+0000] {dagbag.py:538} INFO - Filling up the DagBag from /home/airflow/.local/lib/python3.8/site-packages/airflow/example_dags/example_branch_operator.py
[2024-02-07T08:45:48.996+0000] {processor.py:840} INFO - DAG(s) 'example_branch_operator' retrieved from /home/airflow/.local/lib/python3.8/site-packages/airflow/example_dags/example_branch_operator.py
[2024-02-07T08:45:49.034+0000] {logging_mixin.py:188} INFO - [2024-02-07T08:45:49.034+0000] {dag.py:3033} INFO - Sync 1 DAGs
[2024-02-07T08:45:49.068+0000] {logging_mixin.py:188} INFO - [2024-02-07T08:45:49.068+0000] {dag.py:3820} INFO - Setting next_dagrun for example_branch_operator to 2024-02-06T00:00:00+00:00, run_after=2024-02-07T00:00:00+00:00
[2024-02-07T08:45:49.092+0000] {processor.py:183} INFO - Processing /home/airflow/.local/lib/python3.8/site-packages/airflow/example_dags/example_branch_operator.py took 0.127 seconds
[2024-02-07T08:46:19.912+0000] {processor.py:161} INFO - Started process (PID=750) to work on /home/airflow/.local/lib/python3.8/site-packages/airflow/example_dags/example_branch_operator.py
[2024-02-07T08:46:19.913+0000] {processor.py:830} INFO - Processing file /home/airflow/.local/lib/python3.8/site-packages/airflow/example_dags/example_branch_operator.py for tasks to queue
[2024-02-07T08:46:19.923+0000] {logging_mixin.py:188} INFO - [2024-02-07T08:46:19.922+0000] {dagbag.py:538} INFO - Filling up the DagBag from /home/airflow/.local/lib/python3.8/site-packages/airflow/example_dags/example_branch_operator.py
[2024-02-07T08:46:19.951+0000] {processor.py:840} INFO - DAG(s) 'example_branch_operator' retrieved from /home/airflow/.local/lib/python3.8/site-packages/airflow/example_dags/example_branch_operator.py
[2024-02-07T08:46:19.992+0000] {logging_mixin.py:188} INFO - [2024-02-07T08:46:19.991+0000] {dag.py:3033} INFO - Sync 1 DAGs
[2024-02-07T08:46:20.021+0000] {logging_mixin.py:188} INFO - [2024-02-07T08:46:20.020+0000] {dag.py:3820} INFO - Setting next_dagrun for example_branch_operator to 2024-02-06T00:00:00+00:00, run_after=2024-02-07T00:00:00+00:00
[2024-02-07T08:46:20.042+0000] {processor.py:183} INFO - Processing /home/airflow/.local/lib/python3.8/site-packages/airflow/example_dags/example_branch_operator.py took 0.135 seconds
[2024-02-07T08:46:50.324+0000] {processor.py:161} INFO - Started process (PID=806) to work on /home/airflow/.local/lib/python3.8/site-packages/airflow/example_dags/example_branch_operator.py
[2024-02-07T08:46:50.326+0000] {processor.py:830} INFO - Processing file /home/airflow/.local/lib/python3.8/site-packages/airflow/example_dags/example_branch_operator.py for tasks to queue
[2024-02-07T08:46:50.329+0000] {logging_mixin.py:188} INFO - [2024-02-07T08:46:50.329+0000] {dagbag.py:538} INFO - Filling up the DagBag from /home/airflow/.local/lib/python3.8/site-packages/airflow/example_dags/example_branch_operator.py
[2024-02-07T08:46:50.348+0000] {processor.py:840} INFO - DAG(s) 'example_branch_operator' retrieved from /home/airflow/.local/lib/python3.8/site-packages/airflow/example_dags/example_branch_operator.py
[2024-02-07T08:46:50.383+0000] {logging_mixin.py:188} INFO - [2024-02-07T08:46:50.383+0000] {dag.py:3033} INFO - Sync 1 DAGs
[2024-02-07T08:46:50.411+0000] {logging_mixin.py:188} INFO - [2024-02-07T08:46:50.411+0000] {dag.py:3820} INFO - Setting next_dagrun for example_branch_operator to 2024-02-06T00:00:00+00:00, run_after=2024-02-07T00:00:00+00:00
[2024-02-07T08:46:50.436+0000] {processor.py:183} INFO - Processing /home/airflow/.local/lib/python3.8/site-packages/airflow/example_dags/example_branch_operator.py took 0.119 seconds
[2024-02-07T08:47:20.514+0000] {processor.py:161} INFO - Started process (PID=862) to work on /home/airflow/.local/lib/python3.8/site-packages/airflow/example_dags/example_branch_operator.py
[2024-02-07T08:47:20.515+0000] {processor.py:830} INFO - Processing file /home/airflow/.local/lib/python3.8/site-packages/airflow/example_dags/example_branch_operator.py for tasks to queue
[2024-02-07T08:47:20.518+0000] {logging_mixin.py:188} INFO - [2024-02-07T08:47:20.518+0000] {dagbag.py:538} INFO - Filling up the DagBag from /home/airflow/.local/lib/python3.8/site-packages/airflow/example_dags/example_branch_operator.py
[2024-02-07T08:47:20.535+0000] {processor.py:840} INFO - DAG(s) 'example_branch_operator' retrieved from /home/airflow/.local/lib/python3.8/site-packages/airflow/example_dags/example_branch_operator.py
[2024-02-07T08:47:20.561+0000] {logging_mixin.py:188} INFO - [2024-02-07T08:47:20.561+0000] {dag.py:3033} INFO - Sync 1 DAGs
[2024-02-07T08:47:20.584+0000] {logging_mixin.py:188} INFO - [2024-02-07T08:47:20.584+0000] {dag.py:3820} INFO - Setting next_dagrun for example_branch_operator to 2024-02-06T00:00:00+00:00, run_after=2024-02-07T00:00:00+00:00
[2024-02-07T08:47:20.607+0000] {processor.py:183} INFO - Processing /home/airflow/.local/lib/python3.8/site-packages/airflow/example_dags/example_branch_operator.py took 0.097 seconds
[2024-02-07T08:47:50.667+0000] {processor.py:161} INFO - Started process (PID=918) to work on /home/airflow/.local/lib/python3.8/site-packages/airflow/example_dags/example_branch_operator.py
[2024-02-07T08:47:50.668+0000] {processor.py:830} INFO - Processing file /home/airflow/.local/lib/python3.8/site-packages/airflow/example_dags/example_branch_operator.py for tasks to queue
[2024-02-07T08:47:50.671+0000] {logging_mixin.py:188} INFO - [2024-02-07T08:47:50.671+0000] {dagbag.py:538} INFO - Filling up the DagBag from /home/airflow/.local/lib/python3.8/site-packages/airflow/example_dags/example_branch_operator.py
[2024-02-07T08:47:50.689+0000] {processor.py:840} INFO - DAG(s) 'example_branch_operator' retrieved from /home/airflow/.local/lib/python3.8/site-packages/airflow/example_dags/example_branch_operator.py
[2024-02-07T08:47:50.727+0000] {logging_mixin.py:188} INFO - [2024-02-07T08:47:50.726+0000] {dag.py:3033} INFO - Sync 1 DAGs
[2024-02-07T08:47:50.756+0000] {logging_mixin.py:188} INFO - [2024-02-07T08:47:50.755+0000] {dag.py:3820} INFO - Setting next_dagrun for example_branch_operator to 2024-02-06T00:00:00+00:00, run_after=2024-02-07T00:00:00+00:00
[2024-02-07T08:47:50.784+0000] {processor.py:183} INFO - Processing /home/airflow/.local/lib/python3.8/site-packages/airflow/example_dags/example_branch_operator.py took 0.120 seconds
[2024-02-07T08:48:21.000+0000] {processor.py:161} INFO - Started process (PID=975) to work on /home/airflow/.local/lib/python3.8/site-packages/airflow/example_dags/example_branch_operator.py
[2024-02-07T08:48:21.002+0000] {processor.py:830} INFO - Processing file /home/airflow/.local/lib/python3.8/site-packages/airflow/example_dags/example_branch_operator.py for tasks to queue
[2024-02-07T08:48:21.004+0000] {logging_mixin.py:188} INFO - [2024-02-07T08:48:21.004+0000] {dagbag.py:538} INFO - Filling up the DagBag from /home/airflow/.local/lib/python3.8/site-packages/airflow/example_dags/example_branch_operator.py
[2024-02-07T08:48:21.025+0000] {processor.py:840} INFO - DAG(s) 'example_branch_operator' retrieved from /home/airflow/.local/lib/python3.8/site-packages/airflow/example_dags/example_branch_operator.py
[2024-02-07T08:48:21.056+0000] {logging_mixin.py:188} INFO - [2024-02-07T08:48:21.055+0000] {dag.py:3033} INFO - Sync 1 DAGs
[2024-02-07T08:48:21.080+0000] {logging_mixin.py:188} INFO - [2024-02-07T08:48:21.079+0000] {dag.py:3820} INFO - Setting next_dagrun for example_branch_operator to 2024-02-06T00:00:00+00:00, run_after=2024-02-07T00:00:00+00:00
[2024-02-07T08:48:21.109+0000] {processor.py:183} INFO - Processing /home/airflow/.local/lib/python3.8/site-packages/airflow/example_dags/example_branch_operator.py took 0.112 seconds
[2024-02-07T08:48:51.276+0000] {processor.py:161} INFO - Started process (PID=1033) to work on /home/airflow/.local/lib/python3.8/site-packages/airflow/example_dags/example_branch_operator.py
[2024-02-07T08:48:51.277+0000] {processor.py:830} INFO - Processing file /home/airflow/.local/lib/python3.8/site-packages/airflow/example_dags/example_branch_operator.py for tasks to queue
[2024-02-07T08:48:51.279+0000] {logging_mixin.py:188} INFO - [2024-02-07T08:48:51.279+0000] {dagbag.py:538} INFO - Filling up the DagBag from /home/airflow/.local/lib/python3.8/site-packages/airflow/example_dags/example_branch_operator.py
[2024-02-07T08:48:51.297+0000] {processor.py:840} INFO - DAG(s) 'example_branch_operator' retrieved from /home/airflow/.local/lib/python3.8/site-packages/airflow/example_dags/example_branch_operator.py
[2024-02-07T08:48:51.326+0000] {logging_mixin.py:188} INFO - [2024-02-07T08:48:51.325+0000] {dag.py:3033} INFO - Sync 1 DAGs
[2024-02-07T08:48:51.349+0000] {logging_mixin.py:188} INFO - [2024-02-07T08:48:51.348+0000] {dag.py:3820} INFO - Setting next_dagrun for example_branch_operator to 2024-02-06T00:00:00+00:00, run_after=2024-02-07T00:00:00+00:00
[2024-02-07T08:48:51.368+0000] {processor.py:183} INFO - Processing /home/airflow/.local/lib/python3.8/site-packages/airflow/example_dags/example_branch_operator.py took 0.095 seconds
[2024-02-07T08:49:21.841+0000] {processor.py:161} INFO - Started process (PID=1090) to work on /home/airflow/.local/lib/python3.8/site-packages/airflow/example_dags/example_branch_operator.py
[2024-02-07T08:49:21.842+0000] {processor.py:830} INFO - Processing file /home/airflow/.local/lib/python3.8/site-packages/airflow/example_dags/example_branch_operator.py for tasks to queue
[2024-02-07T08:49:21.845+0000] {logging_mixin.py:188} INFO - [2024-02-07T08:49:21.845+0000] {dagbag.py:538} INFO - Filling up the DagBag from /home/airflow/.local/lib/python3.8/site-packages/airflow/example_dags/example_branch_operator.py
[2024-02-07T08:49:21.870+0000] {processor.py:840} INFO - DAG(s) 'example_branch_operator' retrieved from /home/airflow/.local/lib/python3.8/site-packages/airflow/example_dags/example_branch_operator.py
[2024-02-07T08:49:21.906+0000] {logging_mixin.py:188} INFO - [2024-02-07T08:49:21.906+0000] {dag.py:3033} INFO - Sync 1 DAGs
[2024-02-07T08:49:21.933+0000] {logging_mixin.py:188} INFO - [2024-02-07T08:49:21.933+0000] {dag.py:3820} INFO - Setting next_dagrun for example_branch_operator to 2024-02-06T00:00:00+00:00, run_after=2024-02-07T00:00:00+00:00
[2024-02-07T08:49:21.957+0000] {processor.py:183} INFO - Processing /home/airflow/.local/lib/python3.8/site-packages/airflow/example_dags/example_branch_operator.py took 0.120 seconds
[2024-02-07T08:49:52.245+0000] {processor.py:161} INFO - Started process (PID=1147) to work on /home/airflow/.local/lib/python3.8/site-packages/airflow/example_dags/example_branch_operator.py
[2024-02-07T08:49:52.246+0000] {processor.py:830} INFO - Processing file /home/airflow/.local/lib/python3.8/site-packages/airflow/example_dags/example_branch_operator.py for tasks to queue
[2024-02-07T08:49:52.248+0000] {logging_mixin.py:188} INFO - [2024-02-07T08:49:52.248+0000] {dagbag.py:538} INFO - Filling up the DagBag from /home/airflow/.local/lib/python3.8/site-packages/airflow/example_dags/example_branch_operator.py
[2024-02-07T08:49:52.267+0000] {processor.py:840} INFO - DAG(s) 'example_branch_operator' retrieved from /home/airflow/.local/lib/python3.8/site-packages/airflow/example_dags/example_branch_operator.py
[2024-02-07T08:49:52.296+0000] {logging_mixin.py:188} INFO - [2024-02-07T08:49:52.296+0000] {dag.py:3033} INFO - Sync 1 DAGs
[2024-02-07T08:49:52.319+0000] {logging_mixin.py:188} INFO - [2024-02-07T08:49:52.319+0000] {dag.py:3820} INFO - Setting next_dagrun for example_branch_operator to 2024-02-06T00:00:00+00:00, run_after=2024-02-07T00:00:00+00:00
[2024-02-07T08:49:52.344+0000] {processor.py:183} INFO - Processing /home/airflow/.local/lib/python3.8/site-packages/airflow/example_dags/example_branch_operator.py took 0.103 seconds
[2024-02-07T08:50:23.003+0000] {processor.py:161} INFO - Started process (PID=1204) to work on /home/airflow/.local/lib/python3.8/site-packages/airflow/example_dags/example_branch_operator.py
[2024-02-07T08:50:23.004+0000] {processor.py:830} INFO - Processing file /home/airflow/.local/lib/python3.8/site-packages/airflow/example_dags/example_branch_operator.py for tasks to queue
[2024-02-07T08:50:23.006+0000] {logging_mixin.py:188} INFO - [2024-02-07T08:50:23.006+0000] {dagbag.py:538} INFO - Filling up the DagBag from /home/airflow/.local/lib/python3.8/site-packages/airflow/example_dags/example_branch_operator.py
[2024-02-07T08:50:23.030+0000] {processor.py:840} INFO - DAG(s) 'example_branch_operator' retrieved from /home/airflow/.local/lib/python3.8/site-packages/airflow/example_dags/example_branch_operator.py
[2024-02-07T08:50:23.061+0000] {logging_mixin.py:188} INFO - [2024-02-07T08:50:23.061+0000] {dag.py:3033} INFO - Sync 1 DAGs
[2024-02-07T08:50:23.083+0000] {logging_mixin.py:188} INFO - [2024-02-07T08:50:23.083+0000] {dag.py:3820} INFO - Setting next_dagrun for example_branch_operator to 2024-02-06T00:00:00+00:00, run_after=2024-02-07T00:00:00+00:00
[2024-02-07T08:50:23.104+0000] {processor.py:183} INFO - Processing /home/airflow/.local/lib/python3.8/site-packages/airflow/example_dags/example_branch_operator.py took 0.105 seconds
[2024-02-07T08:50:53.233+0000] {processor.py:161} INFO - Started process (PID=1261) to work on /home/airflow/.local/lib/python3.8/site-packages/airflow/example_dags/example_branch_operator.py
[2024-02-07T08:50:53.234+0000] {processor.py:830} INFO - Processing file /home/airflow/.local/lib/python3.8/site-packages/airflow/example_dags/example_branch_operator.py for tasks to queue
[2024-02-07T08:50:53.237+0000] {logging_mixin.py:188} INFO - [2024-02-07T08:50:53.236+0000] {dagbag.py:538} INFO - Filling up the DagBag from /home/airflow/.local/lib/python3.8/site-packages/airflow/example_dags/example_branch_operator.py
[2024-02-07T08:50:53.260+0000] {processor.py:840} INFO - DAG(s) 'example_branch_operator' retrieved from /home/airflow/.local/lib/python3.8/site-packages/airflow/example_dags/example_branch_operator.py
[2024-02-07T08:50:53.288+0000] {logging_mixin.py:188} INFO - [2024-02-07T08:50:53.287+0000] {dag.py:3033} INFO - Sync 1 DAGs
[2024-02-07T08:50:53.313+0000] {logging_mixin.py:188} INFO - [2024-02-07T08:50:53.312+0000] {dag.py:3820} INFO - Setting next_dagrun for example_branch_operator to 2024-02-06T00:00:00+00:00, run_after=2024-02-07T00:00:00+00:00
[2024-02-07T08:50:53.338+0000] {processor.py:183} INFO - Processing /home/airflow/.local/lib/python3.8/site-packages/airflow/example_dags/example_branch_operator.py took 0.108 seconds
[2024-02-07T08:51:23.842+0000] {processor.py:161} INFO - Started process (PID=1319) to work on /home/airflow/.local/lib/python3.8/site-packages/airflow/example_dags/example_branch_operator.py
[2024-02-07T08:51:23.844+0000] {processor.py:830} INFO - Processing file /home/airflow/.local/lib/python3.8/site-packages/airflow/example_dags/example_branch_operator.py for tasks to queue
[2024-02-07T08:51:23.846+0000] {logging_mixin.py:188} INFO - [2024-02-07T08:51:23.846+0000] {dagbag.py:538} INFO - Filling up the DagBag from /home/airflow/.local/lib/python3.8/site-packages/airflow/example_dags/example_branch_operator.py
[2024-02-07T08:51:23.863+0000] {processor.py:840} INFO - DAG(s) 'example_branch_operator' retrieved from /home/airflow/.local/lib/python3.8/site-packages/airflow/example_dags/example_branch_operator.py
[2024-02-07T08:51:23.891+0000] {logging_mixin.py:188} INFO - [2024-02-07T08:51:23.891+0000] {dag.py:3033} INFO - Sync 1 DAGs
[2024-02-07T08:51:23.912+0000] {logging_mixin.py:188} INFO - [2024-02-07T08:51:23.912+0000] {dag.py:3820} INFO - Setting next_dagrun for example_branch_operator to 2024-02-06T00:00:00+00:00, run_after=2024-02-07T00:00:00+00:00
[2024-02-07T08:51:23.933+0000] {processor.py:183} INFO - Processing /home/airflow/.local/lib/python3.8/site-packages/airflow/example_dags/example_branch_operator.py took 0.094 seconds
[2024-02-07T08:51:54.188+0000] {processor.py:161} INFO - Started process (PID=1376) to work on /home/airflow/.local/lib/python3.8/site-packages/airflow/example_dags/example_branch_operator.py
[2024-02-07T08:51:54.189+0000] {processor.py:830} INFO - Processing file /home/airflow/.local/lib/python3.8/site-packages/airflow/example_dags/example_branch_operator.py for tasks to queue
[2024-02-07T08:51:54.192+0000] {logging_mixin.py:188} INFO - [2024-02-07T08:51:54.191+0000] {dagbag.py:538} INFO - Filling up the DagBag from /home/airflow/.local/lib/python3.8/site-packages/airflow/example_dags/example_branch_operator.py
[2024-02-07T08:51:54.231+0000] {processor.py:840} INFO - DAG(s) 'example_branch_operator' retrieved from /home/airflow/.local/lib/python3.8/site-packages/airflow/example_dags/example_branch_operator.py
[2024-02-07T08:51:54.261+0000] {logging_mixin.py:188} INFO - [2024-02-07T08:51:54.261+0000] {dag.py:3033} INFO - Sync 1 DAGs
[2024-02-07T08:51:54.289+0000] {logging_mixin.py:188} INFO - [2024-02-07T08:51:54.289+0000] {dag.py:3820} INFO - Setting next_dagrun for example_branch_operator to 2024-02-06T00:00:00+00:00, run_after=2024-02-07T00:00:00+00:00
[2024-02-07T08:51:54.316+0000] {processor.py:183} INFO - Processing /home/airflow/.local/lib/python3.8/site-packages/airflow/example_dags/example_branch_operator.py took 0.132 seconds
[2024-02-07T08:52:24.901+0000] {processor.py:161} INFO - Started process (PID=1433) to work on /home/airflow/.local/lib/python3.8/site-packages/airflow/example_dags/example_branch_operator.py
[2024-02-07T08:52:24.902+0000] {processor.py:830} INFO - Processing file /home/airflow/.local/lib/python3.8/site-packages/airflow/example_dags/example_branch_operator.py for tasks to queue
[2024-02-07T08:52:24.904+0000] {logging_mixin.py:188} INFO - [2024-02-07T08:52:24.904+0000] {dagbag.py:538} INFO - Filling up the DagBag from /home/airflow/.local/lib/python3.8/site-packages/airflow/example_dags/example_branch_operator.py
[2024-02-07T08:52:24.923+0000] {processor.py:840} INFO - DAG(s) 'example_branch_operator' retrieved from /home/airflow/.local/lib/python3.8/site-packages/airflow/example_dags/example_branch_operator.py
[2024-02-07T08:52:24.953+0000] {logging_mixin.py:188} INFO - [2024-02-07T08:52:24.953+0000] {dag.py:3033} INFO - Sync 1 DAGs
[2024-02-07T08:52:24.976+0000] {logging_mixin.py:188} INFO - [2024-02-07T08:52:24.976+0000] {dag.py:3820} INFO - Setting next_dagrun for example_branch_operator to 2024-02-06T00:00:00+00:00, run_after=2024-02-07T00:00:00+00:00
[2024-02-07T08:52:24.994+0000] {processor.py:183} INFO - Processing /home/airflow/.local/lib/python3.8/site-packages/airflow/example_dags/example_branch_operator.py took 0.097 seconds
[2024-02-07T08:52:55.237+0000] {processor.py:161} INFO - Started process (PID=1490) to work on /home/airflow/.local/lib/python3.8/site-packages/airflow/example_dags/example_branch_operator.py
[2024-02-07T08:52:55.239+0000] {processor.py:830} INFO - Processing file /home/airflow/.local/lib/python3.8/site-packages/airflow/example_dags/example_branch_operator.py for tasks to queue
[2024-02-07T08:52:55.243+0000] {logging_mixin.py:188} INFO - [2024-02-07T08:52:55.242+0000] {dagbag.py:538} INFO - Filling up the DagBag from /home/airflow/.local/lib/python3.8/site-packages/airflow/example_dags/example_branch_operator.py
[2024-02-07T08:52:55.269+0000] {processor.py:840} INFO - DAG(s) 'example_branch_operator' retrieved from /home/airflow/.local/lib/python3.8/site-packages/airflow/example_dags/example_branch_operator.py
[2024-02-07T08:52:55.309+0000] {logging_mixin.py:188} INFO - [2024-02-07T08:52:55.309+0000] {dag.py:3033} INFO - Sync 1 DAGs
[2024-02-07T08:52:55.348+0000] {logging_mixin.py:188} INFO - [2024-02-07T08:52:55.348+0000] {dag.py:3820} INFO - Setting next_dagrun for example_branch_operator to 2024-02-06T00:00:00+00:00, run_after=2024-02-07T00:00:00+00:00
[2024-02-07T08:52:55.374+0000] {processor.py:183} INFO - Processing /home/airflow/.local/lib/python3.8/site-packages/airflow/example_dags/example_branch_operator.py took 0.143 seconds
[2024-02-07T08:53:25.879+0000] {processor.py:161} INFO - Started process (PID=1547) to work on /home/airflow/.local/lib/python3.8/site-packages/airflow/example_dags/example_branch_operator.py
[2024-02-07T08:53:25.880+0000] {processor.py:830} INFO - Processing file /home/airflow/.local/lib/python3.8/site-packages/airflow/example_dags/example_branch_operator.py for tasks to queue
[2024-02-07T08:53:25.883+0000] {logging_mixin.py:188} INFO - [2024-02-07T08:53:25.883+0000] {dagbag.py:538} INFO - Filling up the DagBag from /home/airflow/.local/lib/python3.8/site-packages/airflow/example_dags/example_branch_operator.py
[2024-02-07T08:53:25.903+0000] {processor.py:840} INFO - DAG(s) 'example_branch_operator' retrieved from /home/airflow/.local/lib/python3.8/site-packages/airflow/example_dags/example_branch_operator.py
[2024-02-07T08:53:25.935+0000] {logging_mixin.py:188} INFO - [2024-02-07T08:53:25.934+0000] {dag.py:3033} INFO - Sync 1 DAGs
[2024-02-07T08:53:25.961+0000] {logging_mixin.py:188} INFO - [2024-02-07T08:53:25.961+0000] {dag.py:3820} INFO - Setting next_dagrun for example_branch_operator to 2024-02-06T00:00:00+00:00, run_after=2024-02-07T00:00:00+00:00
[2024-02-07T08:53:25.990+0000] {processor.py:183} INFO - Processing /home/airflow/.local/lib/python3.8/site-packages/airflow/example_dags/example_branch_operator.py took 0.115 seconds
[2024-02-07T08:53:56.787+0000] {processor.py:161} INFO - Started process (PID=1604) to work on /home/airflow/.local/lib/python3.8/site-packages/airflow/example_dags/example_branch_operator.py
[2024-02-07T08:53:56.788+0000] {processor.py:830} INFO - Processing file /home/airflow/.local/lib/python3.8/site-packages/airflow/example_dags/example_branch_operator.py for tasks to queue
[2024-02-07T08:53:56.791+0000] {logging_mixin.py:188} INFO - [2024-02-07T08:53:56.791+0000] {dagbag.py:538} INFO - Filling up the DagBag from /home/airflow/.local/lib/python3.8/site-packages/airflow/example_dags/example_branch_operator.py
[2024-02-07T08:53:56.822+0000] {processor.py:840} INFO - DAG(s) 'example_branch_operator' retrieved from /home/airflow/.local/lib/python3.8/site-packages/airflow/example_dags/example_branch_operator.py
[2024-02-07T08:53:56.859+0000] {logging_mixin.py:188} INFO - [2024-02-07T08:53:56.859+0000] {dag.py:3033} INFO - Sync 1 DAGs
[2024-02-07T08:53:56.889+0000] {logging_mixin.py:188} INFO - [2024-02-07T08:53:56.888+0000] {dag.py:3820} INFO - Setting next_dagrun for example_branch_operator to 2024-02-06T00:00:00+00:00, run_after=2024-02-07T00:00:00+00:00
[2024-02-07T08:53:56.914+0000] {processor.py:183} INFO - Processing /home/airflow/.local/lib/python3.8/site-packages/airflow/example_dags/example_branch_operator.py took 0.132 seconds
[2024-02-07T08:54:27.027+0000] {processor.py:161} INFO - Started process (PID=1660) to work on /home/airflow/.local/lib/python3.8/site-packages/airflow/example_dags/example_branch_operator.py
[2024-02-07T08:54:27.029+0000] {processor.py:830} INFO - Processing file /home/airflow/.local/lib/python3.8/site-packages/airflow/example_dags/example_branch_operator.py for tasks to queue
[2024-02-07T08:54:27.031+0000] {logging_mixin.py:188} INFO - [2024-02-07T08:54:27.031+0000] {dagbag.py:538} INFO - Filling up the DagBag from /home/airflow/.local/lib/python3.8/site-packages/airflow/example_dags/example_branch_operator.py
[2024-02-07T08:54:27.047+0000] {processor.py:840} INFO - DAG(s) 'example_branch_operator' retrieved from /home/airflow/.local/lib/python3.8/site-packages/airflow/example_dags/example_branch_operator.py
[2024-02-07T08:54:27.075+0000] {logging_mixin.py:188} INFO - [2024-02-07T08:54:27.075+0000] {dag.py:3033} INFO - Sync 1 DAGs
[2024-02-07T08:54:27.096+0000] {logging_mixin.py:188} INFO - [2024-02-07T08:54:27.095+0000] {dag.py:3820} INFO - Setting next_dagrun for example_branch_operator to 2024-02-06T00:00:00+00:00, run_after=2024-02-07T00:00:00+00:00
[2024-02-07T08:54:27.115+0000] {processor.py:183} INFO - Processing /home/airflow/.local/lib/python3.8/site-packages/airflow/example_dags/example_branch_operator.py took 0.091 seconds
[2024-02-07T08:54:58.211+0000] {processor.py:161} INFO - Started process (PID=1723) to work on /home/airflow/.local/lib/python3.8/site-packages/airflow/example_dags/example_branch_operator.py
[2024-02-07T08:54:58.214+0000] {processor.py:830} INFO - Processing file /home/airflow/.local/lib/python3.8/site-packages/airflow/example_dags/example_branch_operator.py for tasks to queue
[2024-02-07T08:54:58.229+0000] {logging_mixin.py:188} INFO - [2024-02-07T08:54:58.228+0000] {dagbag.py:538} INFO - Filling up the DagBag from /home/airflow/.local/lib/python3.8/site-packages/airflow/example_dags/example_branch_operator.py
[2024-02-07T08:54:58.318+0000] {processor.py:840} INFO - DAG(s) 'example_branch_operator' retrieved from /home/airflow/.local/lib/python3.8/site-packages/airflow/example_dags/example_branch_operator.py
[2024-02-07T08:54:58.423+0000] {logging_mixin.py:188} INFO - [2024-02-07T08:54:58.421+0000] {dag.py:3033} INFO - Sync 1 DAGs
[2024-02-07T08:54:58.500+0000] {logging_mixin.py:188} INFO - [2024-02-07T08:54:58.499+0000] {dag.py:3820} INFO - Setting next_dagrun for example_branch_operator to 2024-02-06T00:00:00+00:00, run_after=2024-02-07T00:00:00+00:00
[2024-02-07T08:54:58.565+0000] {processor.py:183} INFO - Processing /home/airflow/.local/lib/python3.8/site-packages/airflow/example_dags/example_branch_operator.py took 0.375 seconds
[2024-02-07T08:55:29.431+0000] {processor.py:161} INFO - Started process (PID=1780) to work on /home/airflow/.local/lib/python3.8/site-packages/airflow/example_dags/example_branch_operator.py
[2024-02-07T08:55:29.433+0000] {processor.py:830} INFO - Processing file /home/airflow/.local/lib/python3.8/site-packages/airflow/example_dags/example_branch_operator.py for tasks to queue
[2024-02-07T08:55:29.439+0000] {logging_mixin.py:188} INFO - [2024-02-07T08:55:29.439+0000] {dagbag.py:538} INFO - Filling up the DagBag from /home/airflow/.local/lib/python3.8/site-packages/airflow/example_dags/example_branch_operator.py
[2024-02-07T08:55:29.479+0000] {processor.py:840} INFO - DAG(s) 'example_branch_operator' retrieved from /home/airflow/.local/lib/python3.8/site-packages/airflow/example_dags/example_branch_operator.py
[2024-02-07T08:55:29.549+0000] {logging_mixin.py:188} INFO - [2024-02-07T08:55:29.548+0000] {dag.py:3033} INFO - Sync 1 DAGs
[2024-02-07T08:55:29.602+0000] {logging_mixin.py:188} INFO - [2024-02-07T08:55:29.601+0000] {dag.py:3820} INFO - Setting next_dagrun for example_branch_operator to 2024-02-06T00:00:00+00:00, run_after=2024-02-07T00:00:00+00:00
[2024-02-07T08:55:29.664+0000] {processor.py:183} INFO - Processing /home/airflow/.local/lib/python3.8/site-packages/airflow/example_dags/example_branch_operator.py took 0.242 seconds
[2024-02-07T08:56:07.121+0000] {processor.py:161} INFO - Started process (PID=1839) to work on /home/airflow/.local/lib/python3.8/site-packages/airflow/example_dags/example_branch_operator.py
[2024-02-07T08:56:07.134+0000] {processor.py:830} INFO - Processing file /home/airflow/.local/lib/python3.8/site-packages/airflow/example_dags/example_branch_operator.py for tasks to queue
[2024-02-07T08:56:07.163+0000] {logging_mixin.py:188} INFO - [2024-02-07T08:56:07.152+0000] {dagbag.py:538} INFO - Filling up the DagBag from /home/airflow/.local/lib/python3.8/site-packages/airflow/example_dags/example_branch_operator.py
[2024-02-07T08:56:07.307+0000] {processor.py:840} INFO - DAG(s) 'example_branch_operator' retrieved from /home/airflow/.local/lib/python3.8/site-packages/airflow/example_dags/example_branch_operator.py
[2024-02-07T08:56:07.517+0000] {logging_mixin.py:188} INFO - [2024-02-07T08:56:07.516+0000] {dag.py:3033} INFO - Sync 1 DAGs
[2024-02-07T08:56:07.685+0000] {logging_mixin.py:188} INFO - [2024-02-07T08:56:07.684+0000] {dag.py:3820} INFO - Setting next_dagrun for example_branch_operator to 2024-02-06T00:00:00+00:00, run_after=2024-02-07T00:00:00+00:00
[2024-02-07T08:56:07.895+0000] {processor.py:183} INFO - Processing /home/airflow/.local/lib/python3.8/site-packages/airflow/example_dags/example_branch_operator.py took 0.793 seconds
[2024-02-07T08:56:38.345+0000] {processor.py:161} INFO - Started process (PID=1897) to work on /home/airflow/.local/lib/python3.8/site-packages/airflow/example_dags/example_branch_operator.py
[2024-02-07T08:56:38.347+0000] {processor.py:830} INFO - Processing file /home/airflow/.local/lib/python3.8/site-packages/airflow/example_dags/example_branch_operator.py for tasks to queue
[2024-02-07T08:56:38.354+0000] {logging_mixin.py:188} INFO - [2024-02-07T08:56:38.353+0000] {dagbag.py:538} INFO - Filling up the DagBag from /home/airflow/.local/lib/python3.8/site-packages/airflow/example_dags/example_branch_operator.py
[2024-02-07T08:56:38.409+0000] {processor.py:840} INFO - DAG(s) 'example_branch_operator' retrieved from /home/airflow/.local/lib/python3.8/site-packages/airflow/example_dags/example_branch_operator.py
[2024-02-07T08:56:38.484+0000] {logging_mixin.py:188} INFO - [2024-02-07T08:56:38.484+0000] {dag.py:3033} INFO - Sync 1 DAGs
[2024-02-07T08:56:38.550+0000] {logging_mixin.py:188} INFO - [2024-02-07T08:56:38.549+0000] {dag.py:3820} INFO - Setting next_dagrun for example_branch_operator to 2024-02-06T00:00:00+00:00, run_after=2024-02-07T00:00:00+00:00
[2024-02-07T08:56:38.597+0000] {processor.py:183} INFO - Processing /home/airflow/.local/lib/python3.8/site-packages/airflow/example_dags/example_branch_operator.py took 0.262 seconds
[2024-02-07T08:57:09.225+0000] {processor.py:161} INFO - Started process (PID=1954) to work on /home/airflow/.local/lib/python3.8/site-packages/airflow/example_dags/example_branch_operator.py
[2024-02-07T08:57:09.230+0000] {processor.py:830} INFO - Processing file /home/airflow/.local/lib/python3.8/site-packages/airflow/example_dags/example_branch_operator.py for tasks to queue
[2024-02-07T08:57:09.244+0000] {logging_mixin.py:188} INFO - [2024-02-07T08:57:09.240+0000] {dagbag.py:538} INFO - Filling up the DagBag from /home/airflow/.local/lib/python3.8/site-packages/airflow/example_dags/example_branch_operator.py
[2024-02-07T08:57:09.374+0000] {processor.py:840} INFO - DAG(s) 'example_branch_operator' retrieved from /home/airflow/.local/lib/python3.8/site-packages/airflow/example_dags/example_branch_operator.py
[2024-02-07T08:57:09.507+0000] {logging_mixin.py:188} INFO - [2024-02-07T08:57:09.507+0000] {dag.py:3033} INFO - Sync 1 DAGs
[2024-02-07T08:57:09.618+0000] {logging_mixin.py:188} INFO - [2024-02-07T08:57:09.618+0000] {dag.py:3820} INFO - Setting next_dagrun for example_branch_operator to 2024-02-06T00:00:00+00:00, run_after=2024-02-07T00:00:00+00:00
[2024-02-07T08:57:09.712+0000] {processor.py:183} INFO - Processing /home/airflow/.local/lib/python3.8/site-packages/airflow/example_dags/example_branch_operator.py took 0.504 seconds
[2024-02-07T08:57:39.904+0000] {processor.py:161} INFO - Started process (PID=2012) to work on /home/airflow/.local/lib/python3.8/site-packages/airflow/example_dags/example_branch_operator.py
[2024-02-07T08:57:39.907+0000] {processor.py:830} INFO - Processing file /home/airflow/.local/lib/python3.8/site-packages/airflow/example_dags/example_branch_operator.py for tasks to queue
[2024-02-07T08:57:39.914+0000] {logging_mixin.py:188} INFO - [2024-02-07T08:57:39.913+0000] {dagbag.py:538} INFO - Filling up the DagBag from /home/airflow/.local/lib/python3.8/site-packages/airflow/example_dags/example_branch_operator.py
[2024-02-07T08:57:39.952+0000] {processor.py:840} INFO - DAG(s) 'example_branch_operator' retrieved from /home/airflow/.local/lib/python3.8/site-packages/airflow/example_dags/example_branch_operator.py
[2024-02-07T08:57:40.047+0000] {logging_mixin.py:188} INFO - [2024-02-07T08:57:40.047+0000] {dag.py:3033} INFO - Sync 1 DAGs
[2024-02-07T08:57:40.106+0000] {logging_mixin.py:188} INFO - [2024-02-07T08:57:40.105+0000] {dag.py:3820} INFO - Setting next_dagrun for example_branch_operator to 2024-02-06T00:00:00+00:00, run_after=2024-02-07T00:00:00+00:00
[2024-02-07T08:57:40.159+0000] {processor.py:183} INFO - Processing /home/airflow/.local/lib/python3.8/site-packages/airflow/example_dags/example_branch_operator.py took 0.267 seconds
[2024-02-07T08:58:10.411+0000] {processor.py:161} INFO - Started process (PID=2070) to work on /home/airflow/.local/lib/python3.8/site-packages/airflow/example_dags/example_branch_operator.py
[2024-02-07T08:58:10.413+0000] {processor.py:830} INFO - Processing file /home/airflow/.local/lib/python3.8/site-packages/airflow/example_dags/example_branch_operator.py for tasks to queue
[2024-02-07T08:58:10.419+0000] {logging_mixin.py:188} INFO - [2024-02-07T08:58:10.419+0000] {dagbag.py:538} INFO - Filling up the DagBag from /home/airflow/.local/lib/python3.8/site-packages/airflow/example_dags/example_branch_operator.py
[2024-02-07T08:58:10.454+0000] {processor.py:840} INFO - DAG(s) 'example_branch_operator' retrieved from /home/airflow/.local/lib/python3.8/site-packages/airflow/example_dags/example_branch_operator.py
[2024-02-07T08:58:10.890+0000] {logging_mixin.py:188} INFO - [2024-02-07T08:58:10.890+0000] {dag.py:3033} INFO - Sync 1 DAGs
[2024-02-07T08:58:10.939+0000] {logging_mixin.py:188} INFO - [2024-02-07T08:58:10.939+0000] {dag.py:3820} INFO - Setting next_dagrun for example_branch_operator to 2024-02-06T00:00:00+00:00, run_after=2024-02-07T00:00:00+00:00
[2024-02-07T08:58:11.017+0000] {processor.py:183} INFO - Processing /home/airflow/.local/lib/python3.8/site-packages/airflow/example_dags/example_branch_operator.py took 0.615 seconds
[2024-02-07T08:58:41.272+0000] {processor.py:161} INFO - Started process (PID=2127) to work on /home/airflow/.local/lib/python3.8/site-packages/airflow/example_dags/example_branch_operator.py
[2024-02-07T08:58:41.274+0000] {processor.py:830} INFO - Processing file /home/airflow/.local/lib/python3.8/site-packages/airflow/example_dags/example_branch_operator.py for tasks to queue
[2024-02-07T08:58:41.280+0000] {logging_mixin.py:188} INFO - [2024-02-07T08:58:41.279+0000] {dagbag.py:538} INFO - Filling up the DagBag from /home/airflow/.local/lib/python3.8/site-packages/airflow/example_dags/example_branch_operator.py
[2024-02-07T08:58:41.317+0000] {processor.py:840} INFO - DAG(s) 'example_branch_operator' retrieved from /home/airflow/.local/lib/python3.8/site-packages/airflow/example_dags/example_branch_operator.py
[2024-02-07T08:58:41.665+0000] {logging_mixin.py:188} INFO - [2024-02-07T08:58:41.665+0000] {dag.py:3033} INFO - Sync 1 DAGs
[2024-02-07T08:58:41.720+0000] {logging_mixin.py:188} INFO - [2024-02-07T08:58:41.720+0000] {dag.py:3820} INFO - Setting next_dagrun for example_branch_operator to 2024-02-06T00:00:00+00:00, run_after=2024-02-07T00:00:00+00:00
[2024-02-07T08:58:41.775+0000] {processor.py:183} INFO - Processing /home/airflow/.local/lib/python3.8/site-packages/airflow/example_dags/example_branch_operator.py took 0.514 seconds
[2024-02-07T08:59:11.902+0000] {processor.py:161} INFO - Started process (PID=2183) to work on /home/airflow/.local/lib/python3.8/site-packages/airflow/example_dags/example_branch_operator.py
[2024-02-07T08:59:11.906+0000] {processor.py:830} INFO - Processing file /home/airflow/.local/lib/python3.8/site-packages/airflow/example_dags/example_branch_operator.py for tasks to queue
[2024-02-07T08:59:11.912+0000] {logging_mixin.py:188} INFO - [2024-02-07T08:59:11.912+0000] {dagbag.py:538} INFO - Filling up the DagBag from /home/airflow/.local/lib/python3.8/site-packages/airflow/example_dags/example_branch_operator.py
[2024-02-07T08:59:11.966+0000] {processor.py:840} INFO - DAG(s) 'example_branch_operator' retrieved from /home/airflow/.local/lib/python3.8/site-packages/airflow/example_dags/example_branch_operator.py
[2024-02-07T08:59:12.045+0000] {logging_mixin.py:188} INFO - [2024-02-07T08:59:12.045+0000] {dag.py:3033} INFO - Sync 1 DAGs
[2024-02-07T08:59:12.114+0000] {logging_mixin.py:188} INFO - [2024-02-07T08:59:12.113+0000] {dag.py:3820} INFO - Setting next_dagrun for example_branch_operator to 2024-02-06T00:00:00+00:00, run_after=2024-02-07T00:00:00+00:00
[2024-02-07T08:59:12.178+0000] {processor.py:183} INFO - Processing /home/airflow/.local/lib/python3.8/site-packages/airflow/example_dags/example_branch_operator.py took 0.292 seconds
[2024-02-07T08:59:42.384+0000] {processor.py:161} INFO - Started process (PID=2240) to work on /home/airflow/.local/lib/python3.8/site-packages/airflow/example_dags/example_branch_operator.py
[2024-02-07T08:59:42.386+0000] {processor.py:830} INFO - Processing file /home/airflow/.local/lib/python3.8/site-packages/airflow/example_dags/example_branch_operator.py for tasks to queue
[2024-02-07T08:59:42.388+0000] {logging_mixin.py:188} INFO - [2024-02-07T08:59:42.388+0000] {dagbag.py:538} INFO - Filling up the DagBag from /home/airflow/.local/lib/python3.8/site-packages/airflow/example_dags/example_branch_operator.py
[2024-02-07T08:59:42.406+0000] {processor.py:840} INFO - DAG(s) 'example_branch_operator' retrieved from /home/airflow/.local/lib/python3.8/site-packages/airflow/example_dags/example_branch_operator.py
[2024-02-07T08:59:42.435+0000] {logging_mixin.py:188} INFO - [2024-02-07T08:59:42.435+0000] {dag.py:3033} INFO - Sync 1 DAGs
[2024-02-07T08:59:42.459+0000] {logging_mixin.py:188} INFO - [2024-02-07T08:59:42.458+0000] {dag.py:3820} INFO - Setting next_dagrun for example_branch_operator to 2024-02-06T00:00:00+00:00, run_after=2024-02-07T00:00:00+00:00
[2024-02-07T08:59:42.483+0000] {processor.py:183} INFO - Processing /home/airflow/.local/lib/python3.8/site-packages/airflow/example_dags/example_branch_operator.py took 0.102 seconds
[2024-02-07T09:00:12.657+0000] {processor.py:161} INFO - Started process (PID=2297) to work on /home/airflow/.local/lib/python3.8/site-packages/airflow/example_dags/example_branch_operator.py
[2024-02-07T09:00:12.658+0000] {processor.py:830} INFO - Processing file /home/airflow/.local/lib/python3.8/site-packages/airflow/example_dags/example_branch_operator.py for tasks to queue
[2024-02-07T09:00:12.661+0000] {logging_mixin.py:188} INFO - [2024-02-07T09:00:12.661+0000] {dagbag.py:538} INFO - Filling up the DagBag from /home/airflow/.local/lib/python3.8/site-packages/airflow/example_dags/example_branch_operator.py
[2024-02-07T09:00:12.687+0000] {processor.py:840} INFO - DAG(s) 'example_branch_operator' retrieved from /home/airflow/.local/lib/python3.8/site-packages/airflow/example_dags/example_branch_operator.py
[2024-02-07T09:00:12.730+0000] {logging_mixin.py:188} INFO - [2024-02-07T09:00:12.730+0000] {dag.py:3033} INFO - Sync 1 DAGs
[2024-02-07T09:00:12.766+0000] {logging_mixin.py:188} INFO - [2024-02-07T09:00:12.766+0000] {dag.py:3820} INFO - Setting next_dagrun for example_branch_operator to 2024-02-06T00:00:00+00:00, run_after=2024-02-07T00:00:00+00:00
[2024-02-07T09:00:12.807+0000] {processor.py:183} INFO - Processing /home/airflow/.local/lib/python3.8/site-packages/airflow/example_dags/example_branch_operator.py took 0.156 seconds
[2024-02-07T09:00:43.049+0000] {processor.py:161} INFO - Started process (PID=2354) to work on /home/airflow/.local/lib/python3.8/site-packages/airflow/example_dags/example_branch_operator.py
[2024-02-07T09:00:43.050+0000] {processor.py:830} INFO - Processing file /home/airflow/.local/lib/python3.8/site-packages/airflow/example_dags/example_branch_operator.py for tasks to queue
[2024-02-07T09:00:43.052+0000] {logging_mixin.py:188} INFO - [2024-02-07T09:00:43.052+0000] {dagbag.py:538} INFO - Filling up the DagBag from /home/airflow/.local/lib/python3.8/site-packages/airflow/example_dags/example_branch_operator.py
[2024-02-07T09:00:43.070+0000] {processor.py:840} INFO - DAG(s) 'example_branch_operator' retrieved from /home/airflow/.local/lib/python3.8/site-packages/airflow/example_dags/example_branch_operator.py
[2024-02-07T09:00:43.102+0000] {logging_mixin.py:188} INFO - [2024-02-07T09:00:43.102+0000] {dag.py:3033} INFO - Sync 1 DAGs
[2024-02-07T09:00:43.126+0000] {logging_mixin.py:188} INFO - [2024-02-07T09:00:43.126+0000] {dag.py:3820} INFO - Setting next_dagrun for example_branch_operator to 2024-02-06T00:00:00+00:00, run_after=2024-02-07T00:00:00+00:00
[2024-02-07T09:00:43.151+0000] {processor.py:183} INFO - Processing /home/airflow/.local/lib/python3.8/site-packages/airflow/example_dags/example_branch_operator.py took 0.105 seconds
[2024-02-07T09:01:13.246+0000] {processor.py:161} INFO - Started process (PID=2411) to work on /home/airflow/.local/lib/python3.8/site-packages/airflow/example_dags/example_branch_operator.py
[2024-02-07T09:01:13.248+0000] {processor.py:830} INFO - Processing file /home/airflow/.local/lib/python3.8/site-packages/airflow/example_dags/example_branch_operator.py for tasks to queue
[2024-02-07T09:01:13.250+0000] {logging_mixin.py:188} INFO - [2024-02-07T09:01:13.250+0000] {dagbag.py:538} INFO - Filling up the DagBag from /home/airflow/.local/lib/python3.8/site-packages/airflow/example_dags/example_branch_operator.py
[2024-02-07T09:01:13.267+0000] {processor.py:840} INFO - DAG(s) 'example_branch_operator' retrieved from /home/airflow/.local/lib/python3.8/site-packages/airflow/example_dags/example_branch_operator.py
[2024-02-07T09:01:13.298+0000] {logging_mixin.py:188} INFO - [2024-02-07T09:01:13.297+0000] {dag.py:3033} INFO - Sync 1 DAGs
[2024-02-07T09:01:13.323+0000] {logging_mixin.py:188} INFO - [2024-02-07T09:01:13.322+0000] {dag.py:3820} INFO - Setting next_dagrun for example_branch_operator to 2024-02-06T00:00:00+00:00, run_after=2024-02-07T00:00:00+00:00
[2024-02-07T09:01:13.345+0000] {processor.py:183} INFO - Processing /home/airflow/.local/lib/python3.8/site-packages/airflow/example_dags/example_branch_operator.py took 0.102 seconds
[2024-02-07T09:01:44.004+0000] {processor.py:161} INFO - Started process (PID=2468) to work on /home/airflow/.local/lib/python3.8/site-packages/airflow/example_dags/example_branch_operator.py
[2024-02-07T09:01:44.005+0000] {processor.py:830} INFO - Processing file /home/airflow/.local/lib/python3.8/site-packages/airflow/example_dags/example_branch_operator.py for tasks to queue
[2024-02-07T09:01:44.010+0000] {logging_mixin.py:188} INFO - [2024-02-07T09:01:44.009+0000] {dagbag.py:538} INFO - Filling up the DagBag from /home/airflow/.local/lib/python3.8/site-packages/airflow/example_dags/example_branch_operator.py
[2024-02-07T09:01:44.038+0000] {processor.py:840} INFO - DAG(s) 'example_branch_operator' retrieved from /home/airflow/.local/lib/python3.8/site-packages/airflow/example_dags/example_branch_operator.py
[2024-02-07T09:01:44.069+0000] {logging_mixin.py:188} INFO - [2024-02-07T09:01:44.069+0000] {dag.py:3033} INFO - Sync 1 DAGs
[2024-02-07T09:01:44.107+0000] {logging_mixin.py:188} INFO - [2024-02-07T09:01:44.107+0000] {dag.py:3820} INFO - Setting next_dagrun for example_branch_operator to 2024-02-06T00:00:00+00:00, run_after=2024-02-07T00:00:00+00:00
[2024-02-07T09:01:44.140+0000] {processor.py:183} INFO - Processing /home/airflow/.local/lib/python3.8/site-packages/airflow/example_dags/example_branch_operator.py took 0.141 seconds
[2024-02-07T09:02:14.455+0000] {processor.py:161} INFO - Started process (PID=2526) to work on /home/airflow/.local/lib/python3.8/site-packages/airflow/example_dags/example_branch_operator.py
[2024-02-07T09:02:14.457+0000] {processor.py:830} INFO - Processing file /home/airflow/.local/lib/python3.8/site-packages/airflow/example_dags/example_branch_operator.py for tasks to queue
[2024-02-07T09:02:14.459+0000] {logging_mixin.py:188} INFO - [2024-02-07T09:02:14.459+0000] {dagbag.py:538} INFO - Filling up the DagBag from /home/airflow/.local/lib/python3.8/site-packages/airflow/example_dags/example_branch_operator.py
[2024-02-07T09:02:14.475+0000] {processor.py:840} INFO - DAG(s) 'example_branch_operator' retrieved from /home/airflow/.local/lib/python3.8/site-packages/airflow/example_dags/example_branch_operator.py
[2024-02-07T09:02:14.504+0000] {logging_mixin.py:188} INFO - [2024-02-07T09:02:14.504+0000] {dag.py:3033} INFO - Sync 1 DAGs
[2024-02-07T09:02:14.532+0000] {logging_mixin.py:188} INFO - [2024-02-07T09:02:14.531+0000] {dag.py:3820} INFO - Setting next_dagrun for example_branch_operator to 2024-02-06T00:00:00+00:00, run_after=2024-02-07T00:00:00+00:00
[2024-02-07T09:02:14.562+0000] {processor.py:183} INFO - Processing /home/airflow/.local/lib/python3.8/site-packages/airflow/example_dags/example_branch_operator.py took 0.110 seconds
[2024-02-07T09:02:45.002+0000] {processor.py:161} INFO - Started process (PID=2583) to work on /home/airflow/.local/lib/python3.8/site-packages/airflow/example_dags/example_branch_operator.py
[2024-02-07T09:02:45.003+0000] {processor.py:830} INFO - Processing file /home/airflow/.local/lib/python3.8/site-packages/airflow/example_dags/example_branch_operator.py for tasks to queue
[2024-02-07T09:02:45.006+0000] {logging_mixin.py:188} INFO - [2024-02-07T09:02:45.005+0000] {dagbag.py:538} INFO - Filling up the DagBag from /home/airflow/.local/lib/python3.8/site-packages/airflow/example_dags/example_branch_operator.py
[2024-02-07T09:02:45.025+0000] {processor.py:840} INFO - DAG(s) 'example_branch_operator' retrieved from /home/airflow/.local/lib/python3.8/site-packages/airflow/example_dags/example_branch_operator.py
[2024-02-07T09:02:45.057+0000] {logging_mixin.py:188} INFO - [2024-02-07T09:02:45.057+0000] {dag.py:3033} INFO - Sync 1 DAGs
[2024-02-07T09:02:45.082+0000] {logging_mixin.py:188} INFO - [2024-02-07T09:02:45.082+0000] {dag.py:3820} INFO - Setting next_dagrun for example_branch_operator to 2024-02-06T00:00:00+00:00, run_after=2024-02-07T00:00:00+00:00
[2024-02-07T09:02:45.103+0000] {processor.py:183} INFO - Processing /home/airflow/.local/lib/python3.8/site-packages/airflow/example_dags/example_branch_operator.py took 0.105 seconds
[2024-02-07T09:03:15.353+0000] {processor.py:161} INFO - Started process (PID=2640) to work on /home/airflow/.local/lib/python3.8/site-packages/airflow/example_dags/example_branch_operator.py
[2024-02-07T09:03:15.356+0000] {processor.py:830} INFO - Processing file /home/airflow/.local/lib/python3.8/site-packages/airflow/example_dags/example_branch_operator.py for tasks to queue
[2024-02-07T09:03:15.364+0000] {logging_mixin.py:188} INFO - [2024-02-07T09:03:15.363+0000] {dagbag.py:538} INFO - Filling up the DagBag from /home/airflow/.local/lib/python3.8/site-packages/airflow/example_dags/example_branch_operator.py
[2024-02-07T09:03:15.421+0000] {processor.py:840} INFO - DAG(s) 'example_branch_operator' retrieved from /home/airflow/.local/lib/python3.8/site-packages/airflow/example_dags/example_branch_operator.py
[2024-02-07T09:03:15.495+0000] {logging_mixin.py:188} INFO - [2024-02-07T09:03:15.494+0000] {dag.py:3033} INFO - Sync 1 DAGs
[2024-02-07T09:03:15.566+0000] {logging_mixin.py:188} INFO - [2024-02-07T09:03:15.566+0000] {dag.py:3820} INFO - Setting next_dagrun for example_branch_operator to 2024-02-06T00:00:00+00:00, run_after=2024-02-07T00:00:00+00:00
[2024-02-07T09:03:15.617+0000] {processor.py:183} INFO - Processing /home/airflow/.local/lib/python3.8/site-packages/airflow/example_dags/example_branch_operator.py took 0.271 seconds
[2024-02-07T09:03:45.973+0000] {processor.py:161} INFO - Started process (PID=2697) to work on /home/airflow/.local/lib/python3.8/site-packages/airflow/example_dags/example_branch_operator.py
[2024-02-07T09:03:45.974+0000] {processor.py:830} INFO - Processing file /home/airflow/.local/lib/python3.8/site-packages/airflow/example_dags/example_branch_operator.py for tasks to queue
[2024-02-07T09:03:45.977+0000] {logging_mixin.py:188} INFO - [2024-02-07T09:03:45.976+0000] {dagbag.py:538} INFO - Filling up the DagBag from /home/airflow/.local/lib/python3.8/site-packages/airflow/example_dags/example_branch_operator.py
[2024-02-07T09:03:45.992+0000] {processor.py:840} INFO - DAG(s) 'example_branch_operator' retrieved from /home/airflow/.local/lib/python3.8/site-packages/airflow/example_dags/example_branch_operator.py
[2024-02-07T09:03:46.019+0000] {logging_mixin.py:188} INFO - [2024-02-07T09:03:46.019+0000] {dag.py:3033} INFO - Sync 1 DAGs
[2024-02-07T09:03:46.040+0000] {logging_mixin.py:188} INFO - [2024-02-07T09:03:46.040+0000] {dag.py:3820} INFO - Setting next_dagrun for example_branch_operator to 2024-02-06T00:00:00+00:00, run_after=2024-02-07T00:00:00+00:00
[2024-02-07T09:03:46.063+0000] {processor.py:183} INFO - Processing /home/airflow/.local/lib/python3.8/site-packages/airflow/example_dags/example_branch_operator.py took 0.094 seconds
[2024-02-07T09:04:16.508+0000] {processor.py:161} INFO - Started process (PID=2754) to work on /home/airflow/.local/lib/python3.8/site-packages/airflow/example_dags/example_branch_operator.py
[2024-02-07T09:04:16.509+0000] {processor.py:830} INFO - Processing file /home/airflow/.local/lib/python3.8/site-packages/airflow/example_dags/example_branch_operator.py for tasks to queue
[2024-02-07T09:04:16.513+0000] {logging_mixin.py:188} INFO - [2024-02-07T09:04:16.512+0000] {dagbag.py:538} INFO - Filling up the DagBag from /home/airflow/.local/lib/python3.8/site-packages/airflow/example_dags/example_branch_operator.py
[2024-02-07T09:04:16.533+0000] {processor.py:840} INFO - DAG(s) 'example_branch_operator' retrieved from /home/airflow/.local/lib/python3.8/site-packages/airflow/example_dags/example_branch_operator.py
[2024-02-07T09:04:16.570+0000] {logging_mixin.py:188} INFO - [2024-02-07T09:04:16.570+0000] {dag.py:3033} INFO - Sync 1 DAGs
[2024-02-07T09:04:16.595+0000] {logging_mixin.py:188} INFO - [2024-02-07T09:04:16.595+0000] {dag.py:3820} INFO - Setting next_dagrun for example_branch_operator to 2024-02-06T00:00:00+00:00, run_after=2024-02-07T00:00:00+00:00
[2024-02-07T09:04:16.619+0000] {processor.py:183} INFO - Processing /home/airflow/.local/lib/python3.8/site-packages/airflow/example_dags/example_branch_operator.py took 0.115 seconds
[2024-02-07T09:04:46.838+0000] {processor.py:161} INFO - Started process (PID=2811) to work on /home/airflow/.local/lib/python3.8/site-packages/airflow/example_dags/example_branch_operator.py
[2024-02-07T09:04:46.839+0000] {processor.py:830} INFO - Processing file /home/airflow/.local/lib/python3.8/site-packages/airflow/example_dags/example_branch_operator.py for tasks to queue
[2024-02-07T09:04:46.842+0000] {logging_mixin.py:188} INFO - [2024-02-07T09:04:46.841+0000] {dagbag.py:538} INFO - Filling up the DagBag from /home/airflow/.local/lib/python3.8/site-packages/airflow/example_dags/example_branch_operator.py
[2024-02-07T09:04:46.857+0000] {processor.py:840} INFO - DAG(s) 'example_branch_operator' retrieved from /home/airflow/.local/lib/python3.8/site-packages/airflow/example_dags/example_branch_operator.py
[2024-02-07T09:04:46.890+0000] {logging_mixin.py:188} INFO - [2024-02-07T09:04:46.889+0000] {dag.py:3033} INFO - Sync 1 DAGs
[2024-02-07T09:04:46.916+0000] {logging_mixin.py:188} INFO - [2024-02-07T09:04:46.916+0000] {dag.py:3820} INFO - Setting next_dagrun for example_branch_operator to 2024-02-06T00:00:00+00:00, run_after=2024-02-07T00:00:00+00:00
[2024-02-07T09:04:46.941+0000] {processor.py:183} INFO - Processing /home/airflow/.local/lib/python3.8/site-packages/airflow/example_dags/example_branch_operator.py took 0.107 seconds
[2024-02-07T09:05:16.993+0000] {processor.py:161} INFO - Started process (PID=2867) to work on /home/airflow/.local/lib/python3.8/site-packages/airflow/example_dags/example_branch_operator.py
[2024-02-07T09:05:16.995+0000] {processor.py:830} INFO - Processing file /home/airflow/.local/lib/python3.8/site-packages/airflow/example_dags/example_branch_operator.py for tasks to queue
[2024-02-07T09:05:16.997+0000] {logging_mixin.py:188} INFO - [2024-02-07T09:05:16.997+0000] {dagbag.py:538} INFO - Filling up the DagBag from /home/airflow/.local/lib/python3.8/site-packages/airflow/example_dags/example_branch_operator.py
[2024-02-07T09:05:17.015+0000] {processor.py:840} INFO - DAG(s) 'example_branch_operator' retrieved from /home/airflow/.local/lib/python3.8/site-packages/airflow/example_dags/example_branch_operator.py
[2024-02-07T09:05:17.053+0000] {logging_mixin.py:188} INFO - [2024-02-07T09:05:17.053+0000] {dag.py:3033} INFO - Sync 1 DAGs
[2024-02-07T09:05:17.083+0000] {logging_mixin.py:188} INFO - [2024-02-07T09:05:17.083+0000] {dag.py:3820} INFO - Setting next_dagrun for example_branch_operator to 2024-02-06T00:00:00+00:00, run_after=2024-02-07T00:00:00+00:00
[2024-02-07T09:05:17.112+0000] {processor.py:183} INFO - Processing /home/airflow/.local/lib/python3.8/site-packages/airflow/example_dags/example_branch_operator.py took 0.123 seconds
[2024-02-07T09:05:47.574+0000] {processor.py:161} INFO - Started process (PID=2925) to work on /home/airflow/.local/lib/python3.8/site-packages/airflow/example_dags/example_branch_operator.py
[2024-02-07T09:05:47.575+0000] {processor.py:830} INFO - Processing file /home/airflow/.local/lib/python3.8/site-packages/airflow/example_dags/example_branch_operator.py for tasks to queue
[2024-02-07T09:05:47.578+0000] {logging_mixin.py:188} INFO - [2024-02-07T09:05:47.577+0000] {dagbag.py:538} INFO - Filling up the DagBag from /home/airflow/.local/lib/python3.8/site-packages/airflow/example_dags/example_branch_operator.py
[2024-02-07T09:05:47.598+0000] {processor.py:840} INFO - DAG(s) 'example_branch_operator' retrieved from /home/airflow/.local/lib/python3.8/site-packages/airflow/example_dags/example_branch_operator.py
[2024-02-07T09:05:47.629+0000] {logging_mixin.py:188} INFO - [2024-02-07T09:05:47.629+0000] {dag.py:3033} INFO - Sync 1 DAGs
[2024-02-07T09:05:47.651+0000] {logging_mixin.py:188} INFO - [2024-02-07T09:05:47.651+0000] {dag.py:3820} INFO - Setting next_dagrun for example_branch_operator to 2024-02-06T00:00:00+00:00, run_after=2024-02-07T00:00:00+00:00
[2024-02-07T09:05:47.670+0000] {processor.py:183} INFO - Processing /home/airflow/.local/lib/python3.8/site-packages/airflow/example_dags/example_branch_operator.py took 0.100 seconds
[2024-02-07T09:06:17.712+0000] {processor.py:161} INFO - Started process (PID=2981) to work on /home/airflow/.local/lib/python3.8/site-packages/airflow/example_dags/example_branch_operator.py
[2024-02-07T09:06:17.714+0000] {processor.py:830} INFO - Processing file /home/airflow/.local/lib/python3.8/site-packages/airflow/example_dags/example_branch_operator.py for tasks to queue
[2024-02-07T09:06:17.716+0000] {logging_mixin.py:188} INFO - [2024-02-07T09:06:17.716+0000] {dagbag.py:538} INFO - Filling up the DagBag from /home/airflow/.local/lib/python3.8/site-packages/airflow/example_dags/example_branch_operator.py
[2024-02-07T09:06:17.734+0000] {processor.py:840} INFO - DAG(s) 'example_branch_operator' retrieved from /home/airflow/.local/lib/python3.8/site-packages/airflow/example_dags/example_branch_operator.py
[2024-02-07T09:06:17.763+0000] {logging_mixin.py:188} INFO - [2024-02-07T09:06:17.763+0000] {dag.py:3033} INFO - Sync 1 DAGs
[2024-02-07T09:06:17.795+0000] {logging_mixin.py:188} INFO - [2024-02-07T09:06:17.794+0000] {dag.py:3820} INFO - Setting next_dagrun for example_branch_operator to 2024-02-06T00:00:00+00:00, run_after=2024-02-07T00:00:00+00:00
[2024-02-07T09:06:17.824+0000] {processor.py:183} INFO - Processing /home/airflow/.local/lib/python3.8/site-packages/airflow/example_dags/example_branch_operator.py took 0.115 seconds
[2024-02-07T09:06:48.471+0000] {processor.py:161} INFO - Started process (PID=3039) to work on /home/airflow/.local/lib/python3.8/site-packages/airflow/example_dags/example_branch_operator.py
[2024-02-07T09:06:48.473+0000] {processor.py:830} INFO - Processing file /home/airflow/.local/lib/python3.8/site-packages/airflow/example_dags/example_branch_operator.py for tasks to queue
[2024-02-07T09:06:48.475+0000] {logging_mixin.py:188} INFO - [2024-02-07T09:06:48.475+0000] {dagbag.py:538} INFO - Filling up the DagBag from /home/airflow/.local/lib/python3.8/site-packages/airflow/example_dags/example_branch_operator.py
[2024-02-07T09:06:48.491+0000] {processor.py:840} INFO - DAG(s) 'example_branch_operator' retrieved from /home/airflow/.local/lib/python3.8/site-packages/airflow/example_dags/example_branch_operator.py
[2024-02-07T09:06:48.519+0000] {logging_mixin.py:188} INFO - [2024-02-07T09:06:48.519+0000] {dag.py:3033} INFO - Sync 1 DAGs
[2024-02-07T09:06:48.541+0000] {logging_mixin.py:188} INFO - [2024-02-07T09:06:48.541+0000] {dag.py:3820} INFO - Setting next_dagrun for example_branch_operator to 2024-02-06T00:00:00+00:00, run_after=2024-02-07T00:00:00+00:00
[2024-02-07T09:06:48.564+0000] {processor.py:183} INFO - Processing /home/airflow/.local/lib/python3.8/site-packages/airflow/example_dags/example_branch_operator.py took 0.096 seconds
[2024-02-07T09:07:18.827+0000] {processor.py:161} INFO - Started process (PID=3096) to work on /home/airflow/.local/lib/python3.8/site-packages/airflow/example_dags/example_branch_operator.py
[2024-02-07T09:07:18.828+0000] {processor.py:830} INFO - Processing file /home/airflow/.local/lib/python3.8/site-packages/airflow/example_dags/example_branch_operator.py for tasks to queue
[2024-02-07T09:07:18.831+0000] {logging_mixin.py:188} INFO - [2024-02-07T09:07:18.831+0000] {dagbag.py:538} INFO - Filling up the DagBag from /home/airflow/.local/lib/python3.8/site-packages/airflow/example_dags/example_branch_operator.py
[2024-02-07T09:07:18.847+0000] {processor.py:840} INFO - DAG(s) 'example_branch_operator' retrieved from /home/airflow/.local/lib/python3.8/site-packages/airflow/example_dags/example_branch_operator.py
[2024-02-07T09:07:18.877+0000] {logging_mixin.py:188} INFO - [2024-02-07T09:07:18.877+0000] {dag.py:3033} INFO - Sync 1 DAGs
[2024-02-07T09:07:18.901+0000] {logging_mixin.py:188} INFO - [2024-02-07T09:07:18.901+0000] {dag.py:3820} INFO - Setting next_dagrun for example_branch_operator to 2024-02-06T00:00:00+00:00, run_after=2024-02-07T00:00:00+00:00
[2024-02-07T09:07:18.924+0000] {processor.py:183} INFO - Processing /home/airflow/.local/lib/python3.8/site-packages/airflow/example_dags/example_branch_operator.py took 0.100 seconds
[2024-02-07T09:07:49.406+0000] {processor.py:161} INFO - Started process (PID=3153) to work on /home/airflow/.local/lib/python3.8/site-packages/airflow/example_dags/example_branch_operator.py
[2024-02-07T09:07:49.408+0000] {processor.py:830} INFO - Processing file /home/airflow/.local/lib/python3.8/site-packages/airflow/example_dags/example_branch_operator.py for tasks to queue
[2024-02-07T09:07:49.410+0000] {logging_mixin.py:188} INFO - [2024-02-07T09:07:49.410+0000] {dagbag.py:538} INFO - Filling up the DagBag from /home/airflow/.local/lib/python3.8/site-packages/airflow/example_dags/example_branch_operator.py
[2024-02-07T09:07:49.433+0000] {processor.py:840} INFO - DAG(s) 'example_branch_operator' retrieved from /home/airflow/.local/lib/python3.8/site-packages/airflow/example_dags/example_branch_operator.py
[2024-02-07T09:07:49.462+0000] {logging_mixin.py:188} INFO - [2024-02-07T09:07:49.462+0000] {dag.py:3033} INFO - Sync 1 DAGs
[2024-02-07T09:07:49.484+0000] {logging_mixin.py:188} INFO - [2024-02-07T09:07:49.484+0000] {dag.py:3820} INFO - Setting next_dagrun for example_branch_operator to 2024-02-06T00:00:00+00:00, run_after=2024-02-07T00:00:00+00:00
[2024-02-07T09:07:49.502+0000] {processor.py:183} INFO - Processing /home/airflow/.local/lib/python3.8/site-packages/airflow/example_dags/example_branch_operator.py took 0.100 seconds
[2024-02-07T09:08:19.695+0000] {processor.py:161} INFO - Started process (PID=3210) to work on /home/airflow/.local/lib/python3.8/site-packages/airflow/example_dags/example_branch_operator.py
[2024-02-07T09:08:19.697+0000] {processor.py:830} INFO - Processing file /home/airflow/.local/lib/python3.8/site-packages/airflow/example_dags/example_branch_operator.py for tasks to queue
[2024-02-07T09:08:19.700+0000] {logging_mixin.py:188} INFO - [2024-02-07T09:08:19.699+0000] {dagbag.py:538} INFO - Filling up the DagBag from /home/airflow/.local/lib/python3.8/site-packages/airflow/example_dags/example_branch_operator.py
[2024-02-07T09:08:19.718+0000] {processor.py:840} INFO - DAG(s) 'example_branch_operator' retrieved from /home/airflow/.local/lib/python3.8/site-packages/airflow/example_dags/example_branch_operator.py
[2024-02-07T09:08:19.754+0000] {logging_mixin.py:188} INFO - [2024-02-07T09:08:19.753+0000] {dag.py:3033} INFO - Sync 1 DAGs
[2024-02-07T09:08:19.785+0000] {logging_mixin.py:188} INFO - [2024-02-07T09:08:19.784+0000] {dag.py:3820} INFO - Setting next_dagrun for example_branch_operator to 2024-02-06T00:00:00+00:00, run_after=2024-02-07T00:00:00+00:00
[2024-02-07T09:08:19.811+0000] {processor.py:183} INFO - Processing /home/airflow/.local/lib/python3.8/site-packages/airflow/example_dags/example_branch_operator.py took 0.118 seconds
[2024-02-07T09:08:50.142+0000] {processor.py:161} INFO - Started process (PID=3267) to work on /home/airflow/.local/lib/python3.8/site-packages/airflow/example_dags/example_branch_operator.py
[2024-02-07T09:08:50.143+0000] {processor.py:830} INFO - Processing file /home/airflow/.local/lib/python3.8/site-packages/airflow/example_dags/example_branch_operator.py for tasks to queue
[2024-02-07T09:08:50.146+0000] {logging_mixin.py:188} INFO - [2024-02-07T09:08:50.146+0000] {dagbag.py:538} INFO - Filling up the DagBag from /home/airflow/.local/lib/python3.8/site-packages/airflow/example_dags/example_branch_operator.py
[2024-02-07T09:08:50.162+0000] {processor.py:840} INFO - DAG(s) 'example_branch_operator' retrieved from /home/airflow/.local/lib/python3.8/site-packages/airflow/example_dags/example_branch_operator.py
[2024-02-07T09:08:50.191+0000] {logging_mixin.py:188} INFO - [2024-02-07T09:08:50.190+0000] {dag.py:3033} INFO - Sync 1 DAGs
[2024-02-07T09:08:50.217+0000] {logging_mixin.py:188} INFO - [2024-02-07T09:08:50.216+0000] {dag.py:3820} INFO - Setting next_dagrun for example_branch_operator to 2024-02-06T00:00:00+00:00, run_after=2024-02-07T00:00:00+00:00
[2024-02-07T09:08:50.242+0000] {processor.py:183} INFO - Processing /home/airflow/.local/lib/python3.8/site-packages/airflow/example_dags/example_branch_operator.py took 0.104 seconds
[2024-02-07T09:09:20.290+0000] {processor.py:161} INFO - Started process (PID=3323) to work on /home/airflow/.local/lib/python3.8/site-packages/airflow/example_dags/example_branch_operator.py
[2024-02-07T09:09:20.291+0000] {processor.py:830} INFO - Processing file /home/airflow/.local/lib/python3.8/site-packages/airflow/example_dags/example_branch_operator.py for tasks to queue
[2024-02-07T09:09:20.294+0000] {logging_mixin.py:188} INFO - [2024-02-07T09:09:20.294+0000] {dagbag.py:538} INFO - Filling up the DagBag from /home/airflow/.local/lib/python3.8/site-packages/airflow/example_dags/example_branch_operator.py
[2024-02-07T09:09:20.310+0000] {processor.py:840} INFO - DAG(s) 'example_branch_operator' retrieved from /home/airflow/.local/lib/python3.8/site-packages/airflow/example_dags/example_branch_operator.py
[2024-02-07T09:09:20.339+0000] {logging_mixin.py:188} INFO - [2024-02-07T09:09:20.339+0000] {dag.py:3033} INFO - Sync 1 DAGs
[2024-02-07T09:09:20.362+0000] {logging_mixin.py:188} INFO - [2024-02-07T09:09:20.362+0000] {dag.py:3820} INFO - Setting next_dagrun for example_branch_operator to 2024-02-06T00:00:00+00:00, run_after=2024-02-07T00:00:00+00:00
[2024-02-07T09:09:20.387+0000] {processor.py:183} INFO - Processing /home/airflow/.local/lib/python3.8/site-packages/airflow/example_dags/example_branch_operator.py took 0.100 seconds
[2024-02-07T09:09:51.091+0000] {processor.py:161} INFO - Started process (PID=3381) to work on /home/airflow/.local/lib/python3.8/site-packages/airflow/example_dags/example_branch_operator.py
[2024-02-07T09:09:51.092+0000] {processor.py:830} INFO - Processing file /home/airflow/.local/lib/python3.8/site-packages/airflow/example_dags/example_branch_operator.py for tasks to queue
[2024-02-07T09:09:51.095+0000] {logging_mixin.py:188} INFO - [2024-02-07T09:09:51.094+0000] {dagbag.py:538} INFO - Filling up the DagBag from /home/airflow/.local/lib/python3.8/site-packages/airflow/example_dags/example_branch_operator.py
[2024-02-07T09:09:51.112+0000] {processor.py:840} INFO - DAG(s) 'example_branch_operator' retrieved from /home/airflow/.local/lib/python3.8/site-packages/airflow/example_dags/example_branch_operator.py
[2024-02-07T09:09:51.140+0000] {logging_mixin.py:188} INFO - [2024-02-07T09:09:51.140+0000] {dag.py:3033} INFO - Sync 1 DAGs
[2024-02-07T09:09:51.161+0000] {logging_mixin.py:188} INFO - [2024-02-07T09:09:51.161+0000] {dag.py:3820} INFO - Setting next_dagrun for example_branch_operator to 2024-02-06T00:00:00+00:00, run_after=2024-02-07T00:00:00+00:00
[2024-02-07T09:09:51.183+0000] {processor.py:183} INFO - Processing /home/airflow/.local/lib/python3.8/site-packages/airflow/example_dags/example_branch_operator.py took 0.095 seconds
[2024-02-07T09:10:21.382+0000] {processor.py:161} INFO - Started process (PID=3438) to work on /home/airflow/.local/lib/python3.8/site-packages/airflow/example_dags/example_branch_operator.py
[2024-02-07T09:10:21.383+0000] {processor.py:830} INFO - Processing file /home/airflow/.local/lib/python3.8/site-packages/airflow/example_dags/example_branch_operator.py for tasks to queue
[2024-02-07T09:10:21.386+0000] {logging_mixin.py:188} INFO - [2024-02-07T09:10:21.385+0000] {dagbag.py:538} INFO - Filling up the DagBag from /home/airflow/.local/lib/python3.8/site-packages/airflow/example_dags/example_branch_operator.py
[2024-02-07T09:10:21.403+0000] {processor.py:840} INFO - DAG(s) 'example_branch_operator' retrieved from /home/airflow/.local/lib/python3.8/site-packages/airflow/example_dags/example_branch_operator.py
[2024-02-07T09:10:21.433+0000] {logging_mixin.py:188} INFO - [2024-02-07T09:10:21.433+0000] {dag.py:3033} INFO - Sync 1 DAGs
[2024-02-07T09:10:21.460+0000] {logging_mixin.py:188} INFO - [2024-02-07T09:10:21.460+0000] {dag.py:3820} INFO - Setting next_dagrun for example_branch_operator to 2024-02-06T00:00:00+00:00, run_after=2024-02-07T00:00:00+00:00
[2024-02-07T09:10:21.486+0000] {processor.py:183} INFO - Processing /home/airflow/.local/lib/python3.8/site-packages/airflow/example_dags/example_branch_operator.py took 0.107 seconds
[2024-02-07T09:10:51.609+0000] {processor.py:161} INFO - Started process (PID=3495) to work on /home/airflow/.local/lib/python3.8/site-packages/airflow/example_dags/example_branch_operator.py
[2024-02-07T09:10:51.610+0000] {processor.py:830} INFO - Processing file /home/airflow/.local/lib/python3.8/site-packages/airflow/example_dags/example_branch_operator.py for tasks to queue
[2024-02-07T09:10:51.613+0000] {logging_mixin.py:188} INFO - [2024-02-07T09:10:51.613+0000] {dagbag.py:538} INFO - Filling up the DagBag from /home/airflow/.local/lib/python3.8/site-packages/airflow/example_dags/example_branch_operator.py
[2024-02-07T09:10:51.632+0000] {processor.py:840} INFO - DAG(s) 'example_branch_operator' retrieved from /home/airflow/.local/lib/python3.8/site-packages/airflow/example_dags/example_branch_operator.py
[2024-02-07T09:10:51.666+0000] {logging_mixin.py:188} INFO - [2024-02-07T09:10:51.666+0000] {dag.py:3033} INFO - Sync 1 DAGs
[2024-02-07T09:10:51.691+0000] {logging_mixin.py:188} INFO - [2024-02-07T09:10:51.691+0000] {dag.py:3820} INFO - Setting next_dagrun for example_branch_operator to 2024-02-06T00:00:00+00:00, run_after=2024-02-07T00:00:00+00:00
[2024-02-07T09:10:51.716+0000] {processor.py:183} INFO - Processing /home/airflow/.local/lib/python3.8/site-packages/airflow/example_dags/example_branch_operator.py took 0.112 seconds
[2024-02-07T09:11:21.903+0000] {processor.py:161} INFO - Started process (PID=3552) to work on /home/airflow/.local/lib/python3.8/site-packages/airflow/example_dags/example_branch_operator.py
[2024-02-07T09:11:21.905+0000] {processor.py:830} INFO - Processing file /home/airflow/.local/lib/python3.8/site-packages/airflow/example_dags/example_branch_operator.py for tasks to queue
[2024-02-07T09:11:21.907+0000] {logging_mixin.py:188} INFO - [2024-02-07T09:11:21.907+0000] {dagbag.py:538} INFO - Filling up the DagBag from /home/airflow/.local/lib/python3.8/site-packages/airflow/example_dags/example_branch_operator.py
[2024-02-07T09:11:21.925+0000] {processor.py:840} INFO - DAG(s) 'example_branch_operator' retrieved from /home/airflow/.local/lib/python3.8/site-packages/airflow/example_dags/example_branch_operator.py
[2024-02-07T09:11:21.956+0000] {logging_mixin.py:188} INFO - [2024-02-07T09:11:21.956+0000] {dag.py:3033} INFO - Sync 1 DAGs
[2024-02-07T09:11:21.981+0000] {logging_mixin.py:188} INFO - [2024-02-07T09:11:21.981+0000] {dag.py:3820} INFO - Setting next_dagrun for example_branch_operator to 2024-02-06T00:00:00+00:00, run_after=2024-02-07T00:00:00+00:00
[2024-02-07T09:11:22.003+0000] {processor.py:183} INFO - Processing /home/airflow/.local/lib/python3.8/site-packages/airflow/example_dags/example_branch_operator.py took 0.104 seconds
