[2024-02-07T08:40:11.095+0000] {processor.py:161} INFO - Started process (PID=61) to work on /home/airflow/.local/lib/python3.8/site-packages/airflow/example_dags/example_latest_only.py
[2024-02-07T08:40:11.096+0000] {processor.py:830} INFO - Processing file /home/airflow/.local/lib/python3.8/site-packages/airflow/example_dags/example_latest_only.py for tasks to queue
[2024-02-07T08:40:11.099+0000] {logging_mixin.py:188} INFO - [2024-02-07T08:40:11.099+0000] {dagbag.py:538} INFO - Filling up the DagBag from /home/airflow/.local/lib/python3.8/site-packages/airflow/example_dags/example_latest_only.py
[2024-02-07T08:40:11.110+0000] {processor.py:840} INFO - DAG(s) 'latest_only' retrieved from /home/airflow/.local/lib/python3.8/site-packages/airflow/example_dags/example_latest_only.py
[2024-02-07T08:40:11.145+0000] {logging_mixin.py:188} INFO - [2024-02-07T08:40:11.144+0000] {dag.py:3033} INFO - Sync 1 DAGs
[2024-02-07T08:40:11.174+0000] {logging_mixin.py:188} INFO - [2024-02-07T08:40:11.174+0000] {dag.py:3820} INFO - Setting next_dagrun for latest_only to 2024-02-07T04:00:00+00:00, run_after=2024-02-07T08:00:00+00:00
[2024-02-07T08:40:11.198+0000] {processor.py:183} INFO - Processing /home/airflow/.local/lib/python3.8/site-packages/airflow/example_dags/example_latest_only.py took 0.107 seconds
[2024-02-07T08:40:41.749+0000] {processor.py:161} INFO - Started process (PID=118) to work on /home/airflow/.local/lib/python3.8/site-packages/airflow/example_dags/example_latest_only.py
[2024-02-07T08:40:41.751+0000] {processor.py:830} INFO - Processing file /home/airflow/.local/lib/python3.8/site-packages/airflow/example_dags/example_latest_only.py for tasks to queue
[2024-02-07T08:40:41.753+0000] {logging_mixin.py:188} INFO - [2024-02-07T08:40:41.753+0000] {dagbag.py:538} INFO - Filling up the DagBag from /home/airflow/.local/lib/python3.8/site-packages/airflow/example_dags/example_latest_only.py
[2024-02-07T08:40:41.758+0000] {processor.py:840} INFO - DAG(s) 'latest_only' retrieved from /home/airflow/.local/lib/python3.8/site-packages/airflow/example_dags/example_latest_only.py
[2024-02-07T08:40:41.779+0000] {logging_mixin.py:188} INFO - [2024-02-07T08:40:41.779+0000] {dag.py:3033} INFO - Sync 1 DAGs
[2024-02-07T08:40:41.801+0000] {logging_mixin.py:188} INFO - [2024-02-07T08:40:41.801+0000] {dag.py:3820} INFO - Setting next_dagrun for latest_only to 2024-02-07T04:00:00+00:00, run_after=2024-02-07T08:00:00+00:00
[2024-02-07T08:40:41.820+0000] {processor.py:183} INFO - Processing /home/airflow/.local/lib/python3.8/site-packages/airflow/example_dags/example_latest_only.py took 0.074 seconds
[2024-02-07T08:41:12.429+0000] {processor.py:161} INFO - Started process (PID=175) to work on /home/airflow/.local/lib/python3.8/site-packages/airflow/example_dags/example_latest_only.py
[2024-02-07T08:41:12.430+0000] {processor.py:830} INFO - Processing file /home/airflow/.local/lib/python3.8/site-packages/airflow/example_dags/example_latest_only.py for tasks to queue
[2024-02-07T08:41:12.432+0000] {logging_mixin.py:188} INFO - [2024-02-07T08:41:12.432+0000] {dagbag.py:538} INFO - Filling up the DagBag from /home/airflow/.local/lib/python3.8/site-packages/airflow/example_dags/example_latest_only.py
[2024-02-07T08:41:12.438+0000] {processor.py:840} INFO - DAG(s) 'latest_only' retrieved from /home/airflow/.local/lib/python3.8/site-packages/airflow/example_dags/example_latest_only.py
[2024-02-07T08:41:12.461+0000] {logging_mixin.py:188} INFO - [2024-02-07T08:41:12.461+0000] {dag.py:3033} INFO - Sync 1 DAGs
[2024-02-07T08:41:12.491+0000] {logging_mixin.py:188} INFO - [2024-02-07T08:41:12.491+0000] {dag.py:3820} INFO - Setting next_dagrun for latest_only to 2024-02-07T04:00:00+00:00, run_after=2024-02-07T08:00:00+00:00
[2024-02-07T08:41:12.515+0000] {processor.py:183} INFO - Processing /home/airflow/.local/lib/python3.8/site-packages/airflow/example_dags/example_latest_only.py took 0.090 seconds
[2024-02-07T08:41:43.406+0000] {processor.py:161} INFO - Started process (PID=232) to work on /home/airflow/.local/lib/python3.8/site-packages/airflow/example_dags/example_latest_only.py
[2024-02-07T08:41:43.409+0000] {processor.py:830} INFO - Processing file /home/airflow/.local/lib/python3.8/site-packages/airflow/example_dags/example_latest_only.py for tasks to queue
[2024-02-07T08:41:43.414+0000] {logging_mixin.py:188} INFO - [2024-02-07T08:41:43.414+0000] {dagbag.py:538} INFO - Filling up the DagBag from /home/airflow/.local/lib/python3.8/site-packages/airflow/example_dags/example_latest_only.py
[2024-02-07T08:41:43.425+0000] {processor.py:840} INFO - DAG(s) 'latest_only' retrieved from /home/airflow/.local/lib/python3.8/site-packages/airflow/example_dags/example_latest_only.py
[2024-02-07T08:41:43.455+0000] {logging_mixin.py:188} INFO - [2024-02-07T08:41:43.454+0000] {dag.py:3033} INFO - Sync 1 DAGs
[2024-02-07T08:41:43.482+0000] {logging_mixin.py:188} INFO - [2024-02-07T08:41:43.482+0000] {dag.py:3820} INFO - Setting next_dagrun for latest_only to 2024-02-07T04:00:00+00:00, run_after=2024-02-07T08:00:00+00:00
[2024-02-07T08:41:43.507+0000] {processor.py:183} INFO - Processing /home/airflow/.local/lib/python3.8/site-packages/airflow/example_dags/example_latest_only.py took 0.110 seconds
[2024-02-07T08:42:13.685+0000] {processor.py:161} INFO - Started process (PID=290) to work on /home/airflow/.local/lib/python3.8/site-packages/airflow/example_dags/example_latest_only.py
[2024-02-07T08:42:13.686+0000] {processor.py:830} INFO - Processing file /home/airflow/.local/lib/python3.8/site-packages/airflow/example_dags/example_latest_only.py for tasks to queue
[2024-02-07T08:42:13.689+0000] {logging_mixin.py:188} INFO - [2024-02-07T08:42:13.688+0000] {dagbag.py:538} INFO - Filling up the DagBag from /home/airflow/.local/lib/python3.8/site-packages/airflow/example_dags/example_latest_only.py
[2024-02-07T08:42:13.695+0000] {processor.py:840} INFO - DAG(s) 'latest_only' retrieved from /home/airflow/.local/lib/python3.8/site-packages/airflow/example_dags/example_latest_only.py
[2024-02-07T08:42:13.722+0000] {logging_mixin.py:188} INFO - [2024-02-07T08:42:13.722+0000] {dag.py:3033} INFO - Sync 1 DAGs
[2024-02-07T08:42:13.751+0000] {logging_mixin.py:188} INFO - [2024-02-07T08:42:13.750+0000] {dag.py:3820} INFO - Setting next_dagrun for latest_only to 2024-02-07T04:00:00+00:00, run_after=2024-02-07T08:00:00+00:00
[2024-02-07T08:42:13.791+0000] {processor.py:183} INFO - Processing /home/airflow/.local/lib/python3.8/site-packages/airflow/example_dags/example_latest_only.py took 0.111 seconds
[2024-02-07T08:42:44.598+0000] {processor.py:161} INFO - Started process (PID=347) to work on /home/airflow/.local/lib/python3.8/site-packages/airflow/example_dags/example_latest_only.py
[2024-02-07T08:42:44.599+0000] {processor.py:830} INFO - Processing file /home/airflow/.local/lib/python3.8/site-packages/airflow/example_dags/example_latest_only.py for tasks to queue
[2024-02-07T08:42:44.602+0000] {logging_mixin.py:188} INFO - [2024-02-07T08:42:44.601+0000] {dagbag.py:538} INFO - Filling up the DagBag from /home/airflow/.local/lib/python3.8/site-packages/airflow/example_dags/example_latest_only.py
[2024-02-07T08:42:44.609+0000] {processor.py:840} INFO - DAG(s) 'latest_only' retrieved from /home/airflow/.local/lib/python3.8/site-packages/airflow/example_dags/example_latest_only.py
[2024-02-07T08:42:44.637+0000] {logging_mixin.py:188} INFO - [2024-02-07T08:42:44.636+0000] {dag.py:3033} INFO - Sync 1 DAGs
[2024-02-07T08:42:44.670+0000] {logging_mixin.py:188} INFO - [2024-02-07T08:42:44.669+0000] {dag.py:3820} INFO - Setting next_dagrun for latest_only to 2024-02-07T04:00:00+00:00, run_after=2024-02-07T08:00:00+00:00
[2024-02-07T08:42:44.697+0000] {processor.py:183} INFO - Processing /home/airflow/.local/lib/python3.8/site-packages/airflow/example_dags/example_latest_only.py took 0.103 seconds
[2024-02-07T08:43:15.382+0000] {processor.py:161} INFO - Started process (PID=404) to work on /home/airflow/.local/lib/python3.8/site-packages/airflow/example_dags/example_latest_only.py
[2024-02-07T08:43:15.383+0000] {processor.py:830} INFO - Processing file /home/airflow/.local/lib/python3.8/site-packages/airflow/example_dags/example_latest_only.py for tasks to queue
[2024-02-07T08:43:15.385+0000] {logging_mixin.py:188} INFO - [2024-02-07T08:43:15.385+0000] {dagbag.py:538} INFO - Filling up the DagBag from /home/airflow/.local/lib/python3.8/site-packages/airflow/example_dags/example_latest_only.py
[2024-02-07T08:43:15.392+0000] {processor.py:840} INFO - DAG(s) 'latest_only' retrieved from /home/airflow/.local/lib/python3.8/site-packages/airflow/example_dags/example_latest_only.py
[2024-02-07T08:43:15.414+0000] {logging_mixin.py:188} INFO - [2024-02-07T08:43:15.414+0000] {dag.py:3033} INFO - Sync 1 DAGs
[2024-02-07T08:43:15.442+0000] {logging_mixin.py:188} INFO - [2024-02-07T08:43:15.442+0000] {dag.py:3820} INFO - Setting next_dagrun for latest_only to 2024-02-07T04:00:00+00:00, run_after=2024-02-07T08:00:00+00:00
[2024-02-07T08:43:15.470+0000] {processor.py:183} INFO - Processing /home/airflow/.local/lib/python3.8/site-packages/airflow/example_dags/example_latest_only.py took 0.092 seconds
[2024-02-07T08:43:45.907+0000] {processor.py:161} INFO - Started process (PID=461) to work on /home/airflow/.local/lib/python3.8/site-packages/airflow/example_dags/example_latest_only.py
[2024-02-07T08:43:45.908+0000] {processor.py:830} INFO - Processing file /home/airflow/.local/lib/python3.8/site-packages/airflow/example_dags/example_latest_only.py for tasks to queue
[2024-02-07T08:43:45.910+0000] {logging_mixin.py:188} INFO - [2024-02-07T08:43:45.910+0000] {dagbag.py:538} INFO - Filling up the DagBag from /home/airflow/.local/lib/python3.8/site-packages/airflow/example_dags/example_latest_only.py
[2024-02-07T08:43:45.916+0000] {processor.py:840} INFO - DAG(s) 'latest_only' retrieved from /home/airflow/.local/lib/python3.8/site-packages/airflow/example_dags/example_latest_only.py
[2024-02-07T08:43:45.936+0000] {logging_mixin.py:188} INFO - [2024-02-07T08:43:45.936+0000] {dag.py:3033} INFO - Sync 1 DAGs
[2024-02-07T08:43:45.960+0000] {logging_mixin.py:188} INFO - [2024-02-07T08:43:45.960+0000] {dag.py:3820} INFO - Setting next_dagrun for latest_only to 2024-02-07T04:00:00+00:00, run_after=2024-02-07T08:00:00+00:00
[2024-02-07T08:43:45.980+0000] {processor.py:183} INFO - Processing /home/airflow/.local/lib/python3.8/site-packages/airflow/example_dags/example_latest_only.py took 0.077 seconds
[2024-02-07T08:44:16.760+0000] {processor.py:161} INFO - Started process (PID=518) to work on /home/airflow/.local/lib/python3.8/site-packages/airflow/example_dags/example_latest_only.py
[2024-02-07T08:44:16.761+0000] {processor.py:830} INFO - Processing file /home/airflow/.local/lib/python3.8/site-packages/airflow/example_dags/example_latest_only.py for tasks to queue
[2024-02-07T08:44:16.764+0000] {logging_mixin.py:188} INFO - [2024-02-07T08:44:16.764+0000] {dagbag.py:538} INFO - Filling up the DagBag from /home/airflow/.local/lib/python3.8/site-packages/airflow/example_dags/example_latest_only.py
[2024-02-07T08:44:16.772+0000] {processor.py:840} INFO - DAG(s) 'latest_only' retrieved from /home/airflow/.local/lib/python3.8/site-packages/airflow/example_dags/example_latest_only.py
[2024-02-07T08:44:16.803+0000] {logging_mixin.py:188} INFO - [2024-02-07T08:44:16.803+0000] {dag.py:3033} INFO - Sync 1 DAGs
[2024-02-07T08:44:16.848+0000] {logging_mixin.py:188} INFO - [2024-02-07T08:44:16.846+0000] {dag.py:3820} INFO - Setting next_dagrun for latest_only to 2024-02-07T04:00:00+00:00, run_after=2024-02-07T08:00:00+00:00
[2024-02-07T08:44:16.904+0000] {processor.py:183} INFO - Processing /home/airflow/.local/lib/python3.8/site-packages/airflow/example_dags/example_latest_only.py took 0.148 seconds
[2024-02-07T08:44:47.162+0000] {processor.py:161} INFO - Started process (PID=575) to work on /home/airflow/.local/lib/python3.8/site-packages/airflow/example_dags/example_latest_only.py
[2024-02-07T08:44:47.164+0000] {processor.py:830} INFO - Processing file /home/airflow/.local/lib/python3.8/site-packages/airflow/example_dags/example_latest_only.py for tasks to queue
[2024-02-07T08:44:47.168+0000] {logging_mixin.py:188} INFO - [2024-02-07T08:44:47.168+0000] {dagbag.py:538} INFO - Filling up the DagBag from /home/airflow/.local/lib/python3.8/site-packages/airflow/example_dags/example_latest_only.py
[2024-02-07T08:44:47.178+0000] {processor.py:840} INFO - DAG(s) 'latest_only' retrieved from /home/airflow/.local/lib/python3.8/site-packages/airflow/example_dags/example_latest_only.py
[2024-02-07T08:44:47.286+0000] {logging_mixin.py:188} INFO - [2024-02-07T08:44:47.285+0000] {dag.py:3033} INFO - Sync 1 DAGs
[2024-02-07T08:44:47.315+0000] {logging_mixin.py:188} INFO - [2024-02-07T08:44:47.315+0000] {dag.py:3820} INFO - Setting next_dagrun for latest_only to 2024-02-07T04:00:00+00:00, run_after=2024-02-07T08:00:00+00:00
[2024-02-07T08:44:47.340+0000] {processor.py:183} INFO - Processing /home/airflow/.local/lib/python3.8/site-packages/airflow/example_dags/example_latest_only.py took 0.187 seconds
[2024-02-07T08:45:17.478+0000] {processor.py:161} INFO - Started process (PID=632) to work on /home/airflow/.local/lib/python3.8/site-packages/airflow/example_dags/example_latest_only.py
[2024-02-07T08:45:17.479+0000] {processor.py:830} INFO - Processing file /home/airflow/.local/lib/python3.8/site-packages/airflow/example_dags/example_latest_only.py for tasks to queue
[2024-02-07T08:45:17.482+0000] {logging_mixin.py:188} INFO - [2024-02-07T08:45:17.481+0000] {dagbag.py:538} INFO - Filling up the DagBag from /home/airflow/.local/lib/python3.8/site-packages/airflow/example_dags/example_latest_only.py
[2024-02-07T08:45:17.487+0000] {processor.py:840} INFO - DAG(s) 'latest_only' retrieved from /home/airflow/.local/lib/python3.8/site-packages/airflow/example_dags/example_latest_only.py
[2024-02-07T08:45:17.508+0000] {logging_mixin.py:188} INFO - [2024-02-07T08:45:17.508+0000] {dag.py:3033} INFO - Sync 1 DAGs
[2024-02-07T08:45:17.536+0000] {logging_mixin.py:188} INFO - [2024-02-07T08:45:17.536+0000] {dag.py:3820} INFO - Setting next_dagrun for latest_only to 2024-02-07T04:00:00+00:00, run_after=2024-02-07T08:00:00+00:00
[2024-02-07T08:45:17.558+0000] {processor.py:183} INFO - Processing /home/airflow/.local/lib/python3.8/site-packages/airflow/example_dags/example_latest_only.py took 0.084 seconds
[2024-02-07T08:45:48.612+0000] {processor.py:161} INFO - Started process (PID=689) to work on /home/airflow/.local/lib/python3.8/site-packages/airflow/example_dags/example_latest_only.py
[2024-02-07T08:45:48.613+0000] {processor.py:830} INFO - Processing file /home/airflow/.local/lib/python3.8/site-packages/airflow/example_dags/example_latest_only.py for tasks to queue
[2024-02-07T08:45:48.616+0000] {logging_mixin.py:188} INFO - [2024-02-07T08:45:48.616+0000] {dagbag.py:538} INFO - Filling up the DagBag from /home/airflow/.local/lib/python3.8/site-packages/airflow/example_dags/example_latest_only.py
[2024-02-07T08:45:48.624+0000] {processor.py:840} INFO - DAG(s) 'latest_only' retrieved from /home/airflow/.local/lib/python3.8/site-packages/airflow/example_dags/example_latest_only.py
[2024-02-07T08:45:48.645+0000] {logging_mixin.py:188} INFO - [2024-02-07T08:45:48.645+0000] {dag.py:3033} INFO - Sync 1 DAGs
[2024-02-07T08:45:48.670+0000] {logging_mixin.py:188} INFO - [2024-02-07T08:45:48.670+0000] {dag.py:3820} INFO - Setting next_dagrun for latest_only to 2024-02-07T04:00:00+00:00, run_after=2024-02-07T08:00:00+00:00
[2024-02-07T08:45:48.694+0000] {processor.py:183} INFO - Processing /home/airflow/.local/lib/python3.8/site-packages/airflow/example_dags/example_latest_only.py took 0.089 seconds
[2024-02-07T08:46:19.662+0000] {processor.py:161} INFO - Started process (PID=746) to work on /home/airflow/.local/lib/python3.8/site-packages/airflow/example_dags/example_latest_only.py
[2024-02-07T08:46:19.664+0000] {processor.py:830} INFO - Processing file /home/airflow/.local/lib/python3.8/site-packages/airflow/example_dags/example_latest_only.py for tasks to queue
[2024-02-07T08:46:19.666+0000] {logging_mixin.py:188} INFO - [2024-02-07T08:46:19.666+0000] {dagbag.py:538} INFO - Filling up the DagBag from /home/airflow/.local/lib/python3.8/site-packages/airflow/example_dags/example_latest_only.py
[2024-02-07T08:46:19.672+0000] {processor.py:840} INFO - DAG(s) 'latest_only' retrieved from /home/airflow/.local/lib/python3.8/site-packages/airflow/example_dags/example_latest_only.py
[2024-02-07T08:46:19.691+0000] {logging_mixin.py:188} INFO - [2024-02-07T08:46:19.691+0000] {dag.py:3033} INFO - Sync 1 DAGs
[2024-02-07T08:46:19.716+0000] {logging_mixin.py:188} INFO - [2024-02-07T08:46:19.715+0000] {dag.py:3820} INFO - Setting next_dagrun for latest_only to 2024-02-07T04:00:00+00:00, run_after=2024-02-07T08:00:00+00:00
[2024-02-07T08:46:19.735+0000] {processor.py:183} INFO - Processing /home/airflow/.local/lib/python3.8/site-packages/airflow/example_dags/example_latest_only.py took 0.076 seconds
[2024-02-07T08:46:49.871+0000] {processor.py:161} INFO - Started process (PID=802) to work on /home/airflow/.local/lib/python3.8/site-packages/airflow/example_dags/example_latest_only.py
[2024-02-07T08:46:49.872+0000] {processor.py:830} INFO - Processing file /home/airflow/.local/lib/python3.8/site-packages/airflow/example_dags/example_latest_only.py for tasks to queue
[2024-02-07T08:46:49.875+0000] {logging_mixin.py:188} INFO - [2024-02-07T08:46:49.875+0000] {dagbag.py:538} INFO - Filling up the DagBag from /home/airflow/.local/lib/python3.8/site-packages/airflow/example_dags/example_latest_only.py
[2024-02-07T08:46:49.881+0000] {processor.py:840} INFO - DAG(s) 'latest_only' retrieved from /home/airflow/.local/lib/python3.8/site-packages/airflow/example_dags/example_latest_only.py
[2024-02-07T08:46:49.908+0000] {logging_mixin.py:188} INFO - [2024-02-07T08:46:49.907+0000] {dag.py:3033} INFO - Sync 1 DAGs
[2024-02-07T08:46:49.933+0000] {logging_mixin.py:188} INFO - [2024-02-07T08:46:49.933+0000] {dag.py:3820} INFO - Setting next_dagrun for latest_only to 2024-02-07T04:00:00+00:00, run_after=2024-02-07T08:00:00+00:00
[2024-02-07T08:46:49.959+0000] {processor.py:183} INFO - Processing /home/airflow/.local/lib/python3.8/site-packages/airflow/example_dags/example_latest_only.py took 0.092 seconds
[2024-02-07T08:47:20.133+0000] {processor.py:161} INFO - Started process (PID=858) to work on /home/airflow/.local/lib/python3.8/site-packages/airflow/example_dags/example_latest_only.py
[2024-02-07T08:47:20.134+0000] {processor.py:830} INFO - Processing file /home/airflow/.local/lib/python3.8/site-packages/airflow/example_dags/example_latest_only.py for tasks to queue
[2024-02-07T08:47:20.137+0000] {logging_mixin.py:188} INFO - [2024-02-07T08:47:20.136+0000] {dagbag.py:538} INFO - Filling up the DagBag from /home/airflow/.local/lib/python3.8/site-packages/airflow/example_dags/example_latest_only.py
[2024-02-07T08:47:20.141+0000] {processor.py:840} INFO - DAG(s) 'latest_only' retrieved from /home/airflow/.local/lib/python3.8/site-packages/airflow/example_dags/example_latest_only.py
[2024-02-07T08:47:20.159+0000] {logging_mixin.py:188} INFO - [2024-02-07T08:47:20.159+0000] {dag.py:3033} INFO - Sync 1 DAGs
[2024-02-07T08:47:20.179+0000] {logging_mixin.py:188} INFO - [2024-02-07T08:47:20.179+0000] {dag.py:3820} INFO - Setting next_dagrun for latest_only to 2024-02-07T04:00:00+00:00, run_after=2024-02-07T08:00:00+00:00
[2024-02-07T08:47:20.200+0000] {processor.py:183} INFO - Processing /home/airflow/.local/lib/python3.8/site-packages/airflow/example_dags/example_latest_only.py took 0.070 seconds
[2024-02-07T08:47:50.447+0000] {processor.py:161} INFO - Started process (PID=915) to work on /home/airflow/.local/lib/python3.8/site-packages/airflow/example_dags/example_latest_only.py
[2024-02-07T08:47:50.448+0000] {processor.py:830} INFO - Processing file /home/airflow/.local/lib/python3.8/site-packages/airflow/example_dags/example_latest_only.py for tasks to queue
[2024-02-07T08:47:50.451+0000] {logging_mixin.py:188} INFO - [2024-02-07T08:47:50.450+0000] {dagbag.py:538} INFO - Filling up the DagBag from /home/airflow/.local/lib/python3.8/site-packages/airflow/example_dags/example_latest_only.py
[2024-02-07T08:47:50.456+0000] {processor.py:840} INFO - DAG(s) 'latest_only' retrieved from /home/airflow/.local/lib/python3.8/site-packages/airflow/example_dags/example_latest_only.py
[2024-02-07T08:47:50.479+0000] {logging_mixin.py:188} INFO - [2024-02-07T08:47:50.478+0000] {dag.py:3033} INFO - Sync 1 DAGs
[2024-02-07T08:47:50.499+0000] {logging_mixin.py:188} INFO - [2024-02-07T08:47:50.499+0000] {dag.py:3820} INFO - Setting next_dagrun for latest_only to 2024-02-07T04:00:00+00:00, run_after=2024-02-07T08:00:00+00:00
[2024-02-07T08:47:50.520+0000] {processor.py:183} INFO - Processing /home/airflow/.local/lib/python3.8/site-packages/airflow/example_dags/example_latest_only.py took 0.076 seconds
[2024-02-07T08:48:20.790+0000] {processor.py:161} INFO - Started process (PID=972) to work on /home/airflow/.local/lib/python3.8/site-packages/airflow/example_dags/example_latest_only.py
[2024-02-07T08:48:20.791+0000] {processor.py:830} INFO - Processing file /home/airflow/.local/lib/python3.8/site-packages/airflow/example_dags/example_latest_only.py for tasks to queue
[2024-02-07T08:48:20.794+0000] {logging_mixin.py:188} INFO - [2024-02-07T08:48:20.794+0000] {dagbag.py:538} INFO - Filling up the DagBag from /home/airflow/.local/lib/python3.8/site-packages/airflow/example_dags/example_latest_only.py
[2024-02-07T08:48:20.800+0000] {processor.py:840} INFO - DAG(s) 'latest_only' retrieved from /home/airflow/.local/lib/python3.8/site-packages/airflow/example_dags/example_latest_only.py
[2024-02-07T08:48:20.825+0000] {logging_mixin.py:188} INFO - [2024-02-07T08:48:20.824+0000] {dag.py:3033} INFO - Sync 1 DAGs
[2024-02-07T08:48:20.846+0000] {logging_mixin.py:188} INFO - [2024-02-07T08:48:20.846+0000] {dag.py:3820} INFO - Setting next_dagrun for latest_only to 2024-02-07T04:00:00+00:00, run_after=2024-02-07T08:00:00+00:00
[2024-02-07T08:48:20.870+0000] {processor.py:183} INFO - Processing /home/airflow/.local/lib/python3.8/site-packages/airflow/example_dags/example_latest_only.py took 0.083 seconds
[2024-02-07T08:48:51.043+0000] {processor.py:161} INFO - Started process (PID=1030) to work on /home/airflow/.local/lib/python3.8/site-packages/airflow/example_dags/example_latest_only.py
[2024-02-07T08:48:51.045+0000] {processor.py:830} INFO - Processing file /home/airflow/.local/lib/python3.8/site-packages/airflow/example_dags/example_latest_only.py for tasks to queue
[2024-02-07T08:48:51.048+0000] {logging_mixin.py:188} INFO - [2024-02-07T08:48:51.047+0000] {dagbag.py:538} INFO - Filling up the DagBag from /home/airflow/.local/lib/python3.8/site-packages/airflow/example_dags/example_latest_only.py
[2024-02-07T08:48:51.054+0000] {processor.py:840} INFO - DAG(s) 'latest_only' retrieved from /home/airflow/.local/lib/python3.8/site-packages/airflow/example_dags/example_latest_only.py
[2024-02-07T08:48:51.079+0000] {logging_mixin.py:188} INFO - [2024-02-07T08:48:51.079+0000] {dag.py:3033} INFO - Sync 1 DAGs
[2024-02-07T08:48:51.102+0000] {logging_mixin.py:188} INFO - [2024-02-07T08:48:51.101+0000] {dag.py:3820} INFO - Setting next_dagrun for latest_only to 2024-02-07T04:00:00+00:00, run_after=2024-02-07T08:00:00+00:00
[2024-02-07T08:48:51.125+0000] {processor.py:183} INFO - Processing /home/airflow/.local/lib/python3.8/site-packages/airflow/example_dags/example_latest_only.py took 0.085 seconds
[2024-02-07T08:49:21.593+0000] {processor.py:161} INFO - Started process (PID=1087) to work on /home/airflow/.local/lib/python3.8/site-packages/airflow/example_dags/example_latest_only.py
[2024-02-07T08:49:21.594+0000] {processor.py:830} INFO - Processing file /home/airflow/.local/lib/python3.8/site-packages/airflow/example_dags/example_latest_only.py for tasks to queue
[2024-02-07T08:49:21.597+0000] {logging_mixin.py:188} INFO - [2024-02-07T08:49:21.596+0000] {dagbag.py:538} INFO - Filling up the DagBag from /home/airflow/.local/lib/python3.8/site-packages/airflow/example_dags/example_latest_only.py
[2024-02-07T08:49:21.604+0000] {processor.py:840} INFO - DAG(s) 'latest_only' retrieved from /home/airflow/.local/lib/python3.8/site-packages/airflow/example_dags/example_latest_only.py
[2024-02-07T08:49:21.631+0000] {logging_mixin.py:188} INFO - [2024-02-07T08:49:21.630+0000] {dag.py:3033} INFO - Sync 1 DAGs
[2024-02-07T08:49:21.659+0000] {logging_mixin.py:188} INFO - [2024-02-07T08:49:21.658+0000] {dag.py:3820} INFO - Setting next_dagrun for latest_only to 2024-02-07T04:00:00+00:00, run_after=2024-02-07T08:00:00+00:00
[2024-02-07T08:49:21.689+0000] {processor.py:183} INFO - Processing /home/airflow/.local/lib/python3.8/site-packages/airflow/example_dags/example_latest_only.py took 0.100 seconds
[2024-02-07T08:49:52.032+0000] {processor.py:161} INFO - Started process (PID=1144) to work on /home/airflow/.local/lib/python3.8/site-packages/airflow/example_dags/example_latest_only.py
[2024-02-07T08:49:52.033+0000] {processor.py:830} INFO - Processing file /home/airflow/.local/lib/python3.8/site-packages/airflow/example_dags/example_latest_only.py for tasks to queue
[2024-02-07T08:49:52.036+0000] {logging_mixin.py:188} INFO - [2024-02-07T08:49:52.035+0000] {dagbag.py:538} INFO - Filling up the DagBag from /home/airflow/.local/lib/python3.8/site-packages/airflow/example_dags/example_latest_only.py
[2024-02-07T08:49:52.042+0000] {processor.py:840} INFO - DAG(s) 'latest_only' retrieved from /home/airflow/.local/lib/python3.8/site-packages/airflow/example_dags/example_latest_only.py
[2024-02-07T08:49:52.064+0000] {logging_mixin.py:188} INFO - [2024-02-07T08:49:52.064+0000] {dag.py:3033} INFO - Sync 1 DAGs
[2024-02-07T08:49:52.086+0000] {logging_mixin.py:188} INFO - [2024-02-07T08:49:52.086+0000] {dag.py:3820} INFO - Setting next_dagrun for latest_only to 2024-02-07T04:00:00+00:00, run_after=2024-02-07T08:00:00+00:00
[2024-02-07T08:49:52.108+0000] {processor.py:183} INFO - Processing /home/airflow/.local/lib/python3.8/site-packages/airflow/example_dags/example_latest_only.py took 0.081 seconds
[2024-02-07T08:50:22.749+0000] {processor.py:161} INFO - Started process (PID=1201) to work on /home/airflow/.local/lib/python3.8/site-packages/airflow/example_dags/example_latest_only.py
[2024-02-07T08:50:22.750+0000] {processor.py:830} INFO - Processing file /home/airflow/.local/lib/python3.8/site-packages/airflow/example_dags/example_latest_only.py for tasks to queue
[2024-02-07T08:50:22.754+0000] {logging_mixin.py:188} INFO - [2024-02-07T08:50:22.753+0000] {dagbag.py:538} INFO - Filling up the DagBag from /home/airflow/.local/lib/python3.8/site-packages/airflow/example_dags/example_latest_only.py
[2024-02-07T08:50:22.758+0000] {processor.py:840} INFO - DAG(s) 'latest_only' retrieved from /home/airflow/.local/lib/python3.8/site-packages/airflow/example_dags/example_latest_only.py
[2024-02-07T08:50:22.784+0000] {logging_mixin.py:188} INFO - [2024-02-07T08:50:22.784+0000] {dag.py:3033} INFO - Sync 1 DAGs
[2024-02-07T08:50:22.814+0000] {logging_mixin.py:188} INFO - [2024-02-07T08:50:22.814+0000] {dag.py:3820} INFO - Setting next_dagrun for latest_only to 2024-02-07T04:00:00+00:00, run_after=2024-02-07T08:00:00+00:00
[2024-02-07T08:50:22.845+0000] {processor.py:183} INFO - Processing /home/airflow/.local/lib/python3.8/site-packages/airflow/example_dags/example_latest_only.py took 0.099 seconds
[2024-02-07T08:50:53.049+0000] {processor.py:161} INFO - Started process (PID=1258) to work on /home/airflow/.local/lib/python3.8/site-packages/airflow/example_dags/example_latest_only.py
[2024-02-07T08:50:53.050+0000] {processor.py:830} INFO - Processing file /home/airflow/.local/lib/python3.8/site-packages/airflow/example_dags/example_latest_only.py for tasks to queue
[2024-02-07T08:50:53.053+0000] {logging_mixin.py:188} INFO - [2024-02-07T08:50:53.052+0000] {dagbag.py:538} INFO - Filling up the DagBag from /home/airflow/.local/lib/python3.8/site-packages/airflow/example_dags/example_latest_only.py
[2024-02-07T08:50:53.057+0000] {processor.py:840} INFO - DAG(s) 'latest_only' retrieved from /home/airflow/.local/lib/python3.8/site-packages/airflow/example_dags/example_latest_only.py
[2024-02-07T08:50:53.077+0000] {logging_mixin.py:188} INFO - [2024-02-07T08:50:53.077+0000] {dag.py:3033} INFO - Sync 1 DAGs
[2024-02-07T08:50:53.099+0000] {logging_mixin.py:188} INFO - [2024-02-07T08:50:53.098+0000] {dag.py:3820} INFO - Setting next_dagrun for latest_only to 2024-02-07T04:00:00+00:00, run_after=2024-02-07T08:00:00+00:00
[2024-02-07T08:50:53.118+0000] {processor.py:183} INFO - Processing /home/airflow/.local/lib/python3.8/site-packages/airflow/example_dags/example_latest_only.py took 0.073 seconds
[2024-02-07T08:51:23.642+0000] {processor.py:161} INFO - Started process (PID=1316) to work on /home/airflow/.local/lib/python3.8/site-packages/airflow/example_dags/example_latest_only.py
[2024-02-07T08:51:23.643+0000] {processor.py:830} INFO - Processing file /home/airflow/.local/lib/python3.8/site-packages/airflow/example_dags/example_latest_only.py for tasks to queue
[2024-02-07T08:51:23.646+0000] {logging_mixin.py:188} INFO - [2024-02-07T08:51:23.646+0000] {dagbag.py:538} INFO - Filling up the DagBag from /home/airflow/.local/lib/python3.8/site-packages/airflow/example_dags/example_latest_only.py
[2024-02-07T08:51:23.651+0000] {processor.py:840} INFO - DAG(s) 'latest_only' retrieved from /home/airflow/.local/lib/python3.8/site-packages/airflow/example_dags/example_latest_only.py
[2024-02-07T08:51:23.671+0000] {logging_mixin.py:188} INFO - [2024-02-07T08:51:23.671+0000] {dag.py:3033} INFO - Sync 1 DAGs
[2024-02-07T08:51:23.695+0000] {logging_mixin.py:188} INFO - [2024-02-07T08:51:23.695+0000] {dag.py:3820} INFO - Setting next_dagrun for latest_only to 2024-02-07T04:00:00+00:00, run_after=2024-02-07T08:00:00+00:00
[2024-02-07T08:51:23.717+0000] {processor.py:183} INFO - Processing /home/airflow/.local/lib/python3.8/site-packages/airflow/example_dags/example_latest_only.py took 0.079 seconds
[2024-02-07T08:51:53.933+0000] {processor.py:161} INFO - Started process (PID=1373) to work on /home/airflow/.local/lib/python3.8/site-packages/airflow/example_dags/example_latest_only.py
[2024-02-07T08:51:53.934+0000] {processor.py:830} INFO - Processing file /home/airflow/.local/lib/python3.8/site-packages/airflow/example_dags/example_latest_only.py for tasks to queue
[2024-02-07T08:51:53.938+0000] {logging_mixin.py:188} INFO - [2024-02-07T08:51:53.938+0000] {dagbag.py:538} INFO - Filling up the DagBag from /home/airflow/.local/lib/python3.8/site-packages/airflow/example_dags/example_latest_only.py
[2024-02-07T08:51:53.945+0000] {processor.py:840} INFO - DAG(s) 'latest_only' retrieved from /home/airflow/.local/lib/python3.8/site-packages/airflow/example_dags/example_latest_only.py
[2024-02-07T08:51:53.968+0000] {logging_mixin.py:188} INFO - [2024-02-07T08:51:53.967+0000] {dag.py:3033} INFO - Sync 1 DAGs
[2024-02-07T08:51:53.989+0000] {logging_mixin.py:188} INFO - [2024-02-07T08:51:53.989+0000] {dag.py:3820} INFO - Setting next_dagrun for latest_only to 2024-02-07T04:00:00+00:00, run_after=2024-02-07T08:00:00+00:00
[2024-02-07T08:51:54.018+0000] {processor.py:183} INFO - Processing /home/airflow/.local/lib/python3.8/site-packages/airflow/example_dags/example_latest_only.py took 0.088 seconds
[2024-02-07T08:52:24.731+0000] {processor.py:161} INFO - Started process (PID=1430) to work on /home/airflow/.local/lib/python3.8/site-packages/airflow/example_dags/example_latest_only.py
[2024-02-07T08:52:24.732+0000] {processor.py:830} INFO - Processing file /home/airflow/.local/lib/python3.8/site-packages/airflow/example_dags/example_latest_only.py for tasks to queue
[2024-02-07T08:52:24.736+0000] {logging_mixin.py:188} INFO - [2024-02-07T08:52:24.735+0000] {dagbag.py:538} INFO - Filling up the DagBag from /home/airflow/.local/lib/python3.8/site-packages/airflow/example_dags/example_latest_only.py
[2024-02-07T08:52:24.741+0000] {processor.py:840} INFO - DAG(s) 'latest_only' retrieved from /home/airflow/.local/lib/python3.8/site-packages/airflow/example_dags/example_latest_only.py
[2024-02-07T08:52:24.762+0000] {logging_mixin.py:188} INFO - [2024-02-07T08:52:24.761+0000] {dag.py:3033} INFO - Sync 1 DAGs
[2024-02-07T08:52:24.787+0000] {logging_mixin.py:188} INFO - [2024-02-07T08:52:24.786+0000] {dag.py:3820} INFO - Setting next_dagrun for latest_only to 2024-02-07T04:00:00+00:00, run_after=2024-02-07T08:00:00+00:00
[2024-02-07T08:52:24.809+0000] {processor.py:183} INFO - Processing /home/airflow/.local/lib/python3.8/site-packages/airflow/example_dags/example_latest_only.py took 0.082 seconds
[2024-02-07T08:52:54.948+0000] {processor.py:161} INFO - Started process (PID=1487) to work on /home/airflow/.local/lib/python3.8/site-packages/airflow/example_dags/example_latest_only.py
[2024-02-07T08:52:54.950+0000] {processor.py:830} INFO - Processing file /home/airflow/.local/lib/python3.8/site-packages/airflow/example_dags/example_latest_only.py for tasks to queue
[2024-02-07T08:52:54.953+0000] {logging_mixin.py:188} INFO - [2024-02-07T08:52:54.952+0000] {dagbag.py:538} INFO - Filling up the DagBag from /home/airflow/.local/lib/python3.8/site-packages/airflow/example_dags/example_latest_only.py
[2024-02-07T08:52:54.961+0000] {processor.py:840} INFO - DAG(s) 'latest_only' retrieved from /home/airflow/.local/lib/python3.8/site-packages/airflow/example_dags/example_latest_only.py
[2024-02-07T08:52:54.984+0000] {logging_mixin.py:188} INFO - [2024-02-07T08:52:54.983+0000] {dag.py:3033} INFO - Sync 1 DAGs
[2024-02-07T08:52:55.015+0000] {logging_mixin.py:188} INFO - [2024-02-07T08:52:55.014+0000] {dag.py:3820} INFO - Setting next_dagrun for latest_only to 2024-02-07T04:00:00+00:00, run_after=2024-02-07T08:00:00+00:00
[2024-02-07T08:52:55.049+0000] {processor.py:183} INFO - Processing /home/airflow/.local/lib/python3.8/site-packages/airflow/example_dags/example_latest_only.py took 0.105 seconds
[2024-02-07T08:53:25.137+0000] {processor.py:161} INFO - Started process (PID=1543) to work on /home/airflow/.local/lib/python3.8/site-packages/airflow/example_dags/example_latest_only.py
[2024-02-07T08:53:25.139+0000] {processor.py:830} INFO - Processing file /home/airflow/.local/lib/python3.8/site-packages/airflow/example_dags/example_latest_only.py for tasks to queue
[2024-02-07T08:53:25.141+0000] {logging_mixin.py:188} INFO - [2024-02-07T08:53:25.141+0000] {dagbag.py:538} INFO - Filling up the DagBag from /home/airflow/.local/lib/python3.8/site-packages/airflow/example_dags/example_latest_only.py
[2024-02-07T08:53:25.148+0000] {processor.py:840} INFO - DAG(s) 'latest_only' retrieved from /home/airflow/.local/lib/python3.8/site-packages/airflow/example_dags/example_latest_only.py
[2024-02-07T08:53:25.172+0000] {logging_mixin.py:188} INFO - [2024-02-07T08:53:25.171+0000] {dag.py:3033} INFO - Sync 1 DAGs
[2024-02-07T08:53:25.193+0000] {logging_mixin.py:188} INFO - [2024-02-07T08:53:25.193+0000] {dag.py:3820} INFO - Setting next_dagrun for latest_only to 2024-02-07T04:00:00+00:00, run_after=2024-02-07T08:00:00+00:00
[2024-02-07T08:53:25.219+0000] {processor.py:183} INFO - Processing /home/airflow/.local/lib/python3.8/site-packages/airflow/example_dags/example_latest_only.py took 0.085 seconds
[2024-02-07T08:53:55.383+0000] {processor.py:161} INFO - Started process (PID=1600) to work on /home/airflow/.local/lib/python3.8/site-packages/airflow/example_dags/example_latest_only.py
[2024-02-07T08:53:55.385+0000] {processor.py:830} INFO - Processing file /home/airflow/.local/lib/python3.8/site-packages/airflow/example_dags/example_latest_only.py for tasks to queue
[2024-02-07T08:53:55.391+0000] {logging_mixin.py:188} INFO - [2024-02-07T08:53:55.390+0000] {dagbag.py:538} INFO - Filling up the DagBag from /home/airflow/.local/lib/python3.8/site-packages/airflow/example_dags/example_latest_only.py
[2024-02-07T08:53:55.399+0000] {processor.py:840} INFO - DAG(s) 'latest_only' retrieved from /home/airflow/.local/lib/python3.8/site-packages/airflow/example_dags/example_latest_only.py
[2024-02-07T08:53:55.429+0000] {logging_mixin.py:188} INFO - [2024-02-07T08:53:55.429+0000] {dag.py:3033} INFO - Sync 1 DAGs
[2024-02-07T08:53:55.454+0000] {logging_mixin.py:188} INFO - [2024-02-07T08:53:55.454+0000] {dag.py:3820} INFO - Setting next_dagrun for latest_only to 2024-02-07T04:00:00+00:00, run_after=2024-02-07T08:00:00+00:00
[2024-02-07T08:53:55.477+0000] {processor.py:183} INFO - Processing /home/airflow/.local/lib/python3.8/site-packages/airflow/example_dags/example_latest_only.py took 0.099 seconds
[2024-02-07T08:54:25.863+0000] {processor.py:161} INFO - Started process (PID=1657) to work on /home/airflow/.local/lib/python3.8/site-packages/airflow/example_dags/example_latest_only.py
[2024-02-07T08:54:25.864+0000] {processor.py:830} INFO - Processing file /home/airflow/.local/lib/python3.8/site-packages/airflow/example_dags/example_latest_only.py for tasks to queue
[2024-02-07T08:54:25.867+0000] {logging_mixin.py:188} INFO - [2024-02-07T08:54:25.867+0000] {dagbag.py:538} INFO - Filling up the DagBag from /home/airflow/.local/lib/python3.8/site-packages/airflow/example_dags/example_latest_only.py
[2024-02-07T08:54:25.872+0000] {processor.py:840} INFO - DAG(s) 'latest_only' retrieved from /home/airflow/.local/lib/python3.8/site-packages/airflow/example_dags/example_latest_only.py
[2024-02-07T08:54:25.891+0000] {logging_mixin.py:188} INFO - [2024-02-07T08:54:25.891+0000] {dag.py:3033} INFO - Sync 1 DAGs
[2024-02-07T08:54:25.912+0000] {logging_mixin.py:188} INFO - [2024-02-07T08:54:25.912+0000] {dag.py:3820} INFO - Setting next_dagrun for latest_only to 2024-02-07T04:00:00+00:00, run_after=2024-02-07T08:00:00+00:00
[2024-02-07T08:54:25.934+0000] {processor.py:183} INFO - Processing /home/airflow/.local/lib/python3.8/site-packages/airflow/example_dags/example_latest_only.py took 0.075 seconds
[2024-02-07T08:54:56.363+0000] {processor.py:161} INFO - Started process (PID=1714) to work on /home/airflow/.local/lib/python3.8/site-packages/airflow/example_dags/example_latest_only.py
[2024-02-07T08:54:56.366+0000] {processor.py:830} INFO - Processing file /home/airflow/.local/lib/python3.8/site-packages/airflow/example_dags/example_latest_only.py for tasks to queue
[2024-02-07T08:54:56.375+0000] {logging_mixin.py:188} INFO - [2024-02-07T08:54:56.374+0000] {dagbag.py:538} INFO - Filling up the DagBag from /home/airflow/.local/lib/python3.8/site-packages/airflow/example_dags/example_latest_only.py
[2024-02-07T08:54:56.386+0000] {processor.py:840} INFO - DAG(s) 'latest_only' retrieved from /home/airflow/.local/lib/python3.8/site-packages/airflow/example_dags/example_latest_only.py
[2024-02-07T08:54:56.454+0000] {logging_mixin.py:188} INFO - [2024-02-07T08:54:56.453+0000] {dag.py:3033} INFO - Sync 1 DAGs
[2024-02-07T08:54:56.510+0000] {logging_mixin.py:188} INFO - [2024-02-07T08:54:56.510+0000] {dag.py:3820} INFO - Setting next_dagrun for latest_only to 2024-02-07T04:00:00+00:00, run_after=2024-02-07T08:00:00+00:00
[2024-02-07T08:54:56.550+0000] {processor.py:183} INFO - Processing /home/airflow/.local/lib/python3.8/site-packages/airflow/example_dags/example_latest_only.py took 0.198 seconds
[2024-02-07T08:55:27.993+0000] {processor.py:161} INFO - Started process (PID=1771) to work on /home/airflow/.local/lib/python3.8/site-packages/airflow/example_dags/example_latest_only.py
[2024-02-07T08:55:27.999+0000] {processor.py:830} INFO - Processing file /home/airflow/.local/lib/python3.8/site-packages/airflow/example_dags/example_latest_only.py for tasks to queue
[2024-02-07T08:55:28.006+0000] {logging_mixin.py:188} INFO - [2024-02-07T08:55:28.005+0000] {dagbag.py:538} INFO - Filling up the DagBag from /home/airflow/.local/lib/python3.8/site-packages/airflow/example_dags/example_latest_only.py
[2024-02-07T08:55:28.024+0000] {processor.py:840} INFO - DAG(s) 'latest_only' retrieved from /home/airflow/.local/lib/python3.8/site-packages/airflow/example_dags/example_latest_only.py
[2024-02-07T08:55:28.089+0000] {logging_mixin.py:188} INFO - [2024-02-07T08:55:28.088+0000] {dag.py:3033} INFO - Sync 1 DAGs
[2024-02-07T08:55:28.170+0000] {logging_mixin.py:188} INFO - [2024-02-07T08:55:28.169+0000] {dag.py:3820} INFO - Setting next_dagrun for latest_only to 2024-02-07T04:00:00+00:00, run_after=2024-02-07T08:00:00+00:00
[2024-02-07T08:55:28.214+0000] {processor.py:183} INFO - Processing /home/airflow/.local/lib/python3.8/site-packages/airflow/example_dags/example_latest_only.py took 0.233 seconds
[2024-02-07T08:56:04.979+0000] {processor.py:161} INFO - Started process (PID=1836) to work on /home/airflow/.local/lib/python3.8/site-packages/airflow/example_dags/example_latest_only.py
[2024-02-07T08:56:04.991+0000] {processor.py:830} INFO - Processing file /home/airflow/.local/lib/python3.8/site-packages/airflow/example_dags/example_latest_only.py for tasks to queue
[2024-02-07T08:56:05.021+0000] {logging_mixin.py:188} INFO - [2024-02-07T08:56:05.017+0000] {dagbag.py:538} INFO - Filling up the DagBag from /home/airflow/.local/lib/python3.8/site-packages/airflow/example_dags/example_latest_only.py
[2024-02-07T08:56:05.045+0000] {processor.py:840} INFO - DAG(s) 'latest_only' retrieved from /home/airflow/.local/lib/python3.8/site-packages/airflow/example_dags/example_latest_only.py
[2024-02-07T08:56:05.168+0000] {logging_mixin.py:188} INFO - [2024-02-07T08:56:05.168+0000] {dag.py:3033} INFO - Sync 1 DAGs
[2024-02-07T08:56:05.328+0000] {logging_mixin.py:188} INFO - [2024-02-07T08:56:05.327+0000] {dag.py:3820} INFO - Setting next_dagrun for latest_only to 2024-02-07T04:00:00+00:00, run_after=2024-02-07T08:00:00+00:00
[2024-02-07T08:56:05.467+0000] {processor.py:183} INFO - Processing /home/airflow/.local/lib/python3.8/site-packages/airflow/example_dags/example_latest_only.py took 0.500 seconds
[2024-02-07T08:56:35.811+0000] {processor.py:161} INFO - Started process (PID=1892) to work on /home/airflow/.local/lib/python3.8/site-packages/airflow/example_dags/example_latest_only.py
[2024-02-07T08:56:35.812+0000] {processor.py:830} INFO - Processing file /home/airflow/.local/lib/python3.8/site-packages/airflow/example_dags/example_latest_only.py for tasks to queue
[2024-02-07T08:56:35.817+0000] {logging_mixin.py:188} INFO - [2024-02-07T08:56:35.816+0000] {dagbag.py:538} INFO - Filling up the DagBag from /home/airflow/.local/lib/python3.8/site-packages/airflow/example_dags/example_latest_only.py
[2024-02-07T08:56:35.827+0000] {processor.py:840} INFO - DAG(s) 'latest_only' retrieved from /home/airflow/.local/lib/python3.8/site-packages/airflow/example_dags/example_latest_only.py
[2024-02-07T08:56:35.887+0000] {logging_mixin.py:188} INFO - [2024-02-07T08:56:35.887+0000] {dag.py:3033} INFO - Sync 1 DAGs
[2024-02-07T08:56:36.180+0000] {logging_mixin.py:188} INFO - [2024-02-07T08:56:36.179+0000] {dag.py:3820} INFO - Setting next_dagrun for latest_only to 2024-02-07T04:00:00+00:00, run_after=2024-02-07T08:00:00+00:00
[2024-02-07T08:56:36.243+0000] {processor.py:183} INFO - Processing /home/airflow/.local/lib/python3.8/site-packages/airflow/example_dags/example_latest_only.py took 0.441 seconds
[2024-02-07T08:57:06.372+0000] {processor.py:161} INFO - Started process (PID=1949) to work on /home/airflow/.local/lib/python3.8/site-packages/airflow/example_dags/example_latest_only.py
[2024-02-07T08:57:06.374+0000] {processor.py:830} INFO - Processing file /home/airflow/.local/lib/python3.8/site-packages/airflow/example_dags/example_latest_only.py for tasks to queue
[2024-02-07T08:57:06.379+0000] {logging_mixin.py:188} INFO - [2024-02-07T08:57:06.378+0000] {dagbag.py:538} INFO - Filling up the DagBag from /home/airflow/.local/lib/python3.8/site-packages/airflow/example_dags/example_latest_only.py
[2024-02-07T08:57:06.386+0000] {processor.py:840} INFO - DAG(s) 'latest_only' retrieved from /home/airflow/.local/lib/python3.8/site-packages/airflow/example_dags/example_latest_only.py
[2024-02-07T08:57:06.421+0000] {logging_mixin.py:188} INFO - [2024-02-07T08:57:06.421+0000] {dag.py:3033} INFO - Sync 1 DAGs
[2024-02-07T08:57:06.643+0000] {logging_mixin.py:188} INFO - [2024-02-07T08:57:06.643+0000] {dag.py:3820} INFO - Setting next_dagrun for latest_only to 2024-02-07T04:00:00+00:00, run_after=2024-02-07T08:00:00+00:00
[2024-02-07T08:57:06.693+0000] {processor.py:183} INFO - Processing /home/airflow/.local/lib/python3.8/site-packages/airflow/example_dags/example_latest_only.py took 0.326 seconds
[2024-02-07T08:57:37.037+0000] {processor.py:161} INFO - Started process (PID=2007) to work on /home/airflow/.local/lib/python3.8/site-packages/airflow/example_dags/example_latest_only.py
[2024-02-07T08:57:37.039+0000] {processor.py:830} INFO - Processing file /home/airflow/.local/lib/python3.8/site-packages/airflow/example_dags/example_latest_only.py for tasks to queue
[2024-02-07T08:57:37.044+0000] {logging_mixin.py:188} INFO - [2024-02-07T08:57:37.044+0000] {dagbag.py:538} INFO - Filling up the DagBag from /home/airflow/.local/lib/python3.8/site-packages/airflow/example_dags/example_latest_only.py
[2024-02-07T08:57:37.055+0000] {processor.py:840} INFO - DAG(s) 'latest_only' retrieved from /home/airflow/.local/lib/python3.8/site-packages/airflow/example_dags/example_latest_only.py
[2024-02-07T08:57:37.091+0000] {logging_mixin.py:188} INFO - [2024-02-07T08:57:37.091+0000] {dag.py:3033} INFO - Sync 1 DAGs
[2024-02-07T08:57:37.321+0000] {logging_mixin.py:188} INFO - [2024-02-07T08:57:37.321+0000] {dag.py:3820} INFO - Setting next_dagrun for latest_only to 2024-02-07T04:00:00+00:00, run_after=2024-02-07T08:00:00+00:00
[2024-02-07T08:57:37.371+0000] {processor.py:183} INFO - Processing /home/airflow/.local/lib/python3.8/site-packages/airflow/example_dags/example_latest_only.py took 0.341 seconds
[2024-02-07T08:58:08.202+0000] {processor.py:161} INFO - Started process (PID=2065) to work on /home/airflow/.local/lib/python3.8/site-packages/airflow/example_dags/example_latest_only.py
[2024-02-07T08:58:08.205+0000] {processor.py:830} INFO - Processing file /home/airflow/.local/lib/python3.8/site-packages/airflow/example_dags/example_latest_only.py for tasks to queue
[2024-02-07T08:58:08.212+0000] {logging_mixin.py:188} INFO - [2024-02-07T08:58:08.211+0000] {dagbag.py:538} INFO - Filling up the DagBag from /home/airflow/.local/lib/python3.8/site-packages/airflow/example_dags/example_latest_only.py
[2024-02-07T08:58:08.225+0000] {processor.py:840} INFO - DAG(s) 'latest_only' retrieved from /home/airflow/.local/lib/python3.8/site-packages/airflow/example_dags/example_latest_only.py
[2024-02-07T08:58:08.277+0000] {logging_mixin.py:188} INFO - [2024-02-07T08:58:08.277+0000] {dag.py:3033} INFO - Sync 1 DAGs
[2024-02-07T08:58:08.562+0000] {logging_mixin.py:188} INFO - [2024-02-07T08:58:08.562+0000] {dag.py:3820} INFO - Setting next_dagrun for latest_only to 2024-02-07T04:00:00+00:00, run_after=2024-02-07T08:00:00+00:00
[2024-02-07T08:58:08.612+0000] {processor.py:183} INFO - Processing /home/airflow/.local/lib/python3.8/site-packages/airflow/example_dags/example_latest_only.py took 0.421 seconds
[2024-02-07T08:58:38.941+0000] {processor.py:161} INFO - Started process (PID=2122) to work on /home/airflow/.local/lib/python3.8/site-packages/airflow/example_dags/example_latest_only.py
[2024-02-07T08:58:38.943+0000] {processor.py:830} INFO - Processing file /home/airflow/.local/lib/python3.8/site-packages/airflow/example_dags/example_latest_only.py for tasks to queue
[2024-02-07T08:58:38.949+0000] {logging_mixin.py:188} INFO - [2024-02-07T08:58:38.949+0000] {dagbag.py:538} INFO - Filling up the DagBag from /home/airflow/.local/lib/python3.8/site-packages/airflow/example_dags/example_latest_only.py
[2024-02-07T08:58:38.961+0000] {processor.py:840} INFO - DAG(s) 'latest_only' retrieved from /home/airflow/.local/lib/python3.8/site-packages/airflow/example_dags/example_latest_only.py
[2024-02-07T08:58:38.995+0000] {logging_mixin.py:188} INFO - [2024-02-07T08:58:38.994+0000] {dag.py:3033} INFO - Sync 1 DAGs
[2024-02-07T08:58:39.222+0000] {logging_mixin.py:188} INFO - [2024-02-07T08:58:39.222+0000] {dag.py:3820} INFO - Setting next_dagrun for latest_only to 2024-02-07T04:00:00+00:00, run_after=2024-02-07T08:00:00+00:00
[2024-02-07T08:58:39.272+0000] {processor.py:183} INFO - Processing /home/airflow/.local/lib/python3.8/site-packages/airflow/example_dags/example_latest_only.py took 0.339 seconds
[2024-02-07T08:59:09.705+0000] {processor.py:161} INFO - Started process (PID=2179) to work on /home/airflow/.local/lib/python3.8/site-packages/airflow/example_dags/example_latest_only.py
[2024-02-07T08:59:09.708+0000] {processor.py:830} INFO - Processing file /home/airflow/.local/lib/python3.8/site-packages/airflow/example_dags/example_latest_only.py for tasks to queue
[2024-02-07T08:59:09.716+0000] {logging_mixin.py:188} INFO - [2024-02-07T08:59:09.715+0000] {dagbag.py:538} INFO - Filling up the DagBag from /home/airflow/.local/lib/python3.8/site-packages/airflow/example_dags/example_latest_only.py
[2024-02-07T08:59:09.730+0000] {processor.py:840} INFO - DAG(s) 'latest_only' retrieved from /home/airflow/.local/lib/python3.8/site-packages/airflow/example_dags/example_latest_only.py
[2024-02-07T08:59:09.791+0000] {logging_mixin.py:188} INFO - [2024-02-07T08:59:09.790+0000] {dag.py:3033} INFO - Sync 1 DAGs
[2024-02-07T08:59:09.870+0000] {logging_mixin.py:188} INFO - [2024-02-07T08:59:09.869+0000] {dag.py:3820} INFO - Setting next_dagrun for latest_only to 2024-02-07T04:00:00+00:00, run_after=2024-02-07T08:00:00+00:00
[2024-02-07T08:59:09.936+0000] {processor.py:183} INFO - Processing /home/airflow/.local/lib/python3.8/site-packages/airflow/example_dags/example_latest_only.py took 0.253 seconds
[2024-02-07T08:59:40.112+0000] {processor.py:161} INFO - Started process (PID=2236) to work on /home/airflow/.local/lib/python3.8/site-packages/airflow/example_dags/example_latest_only.py
[2024-02-07T08:59:40.114+0000] {processor.py:830} INFO - Processing file /home/airflow/.local/lib/python3.8/site-packages/airflow/example_dags/example_latest_only.py for tasks to queue
[2024-02-07T08:59:40.117+0000] {logging_mixin.py:188} INFO - [2024-02-07T08:59:40.117+0000] {dagbag.py:538} INFO - Filling up the DagBag from /home/airflow/.local/lib/python3.8/site-packages/airflow/example_dags/example_latest_only.py
[2024-02-07T08:59:40.123+0000] {processor.py:840} INFO - DAG(s) 'latest_only' retrieved from /home/airflow/.local/lib/python3.8/site-packages/airflow/example_dags/example_latest_only.py
[2024-02-07T08:59:40.146+0000] {logging_mixin.py:188} INFO - [2024-02-07T08:59:40.146+0000] {dag.py:3033} INFO - Sync 1 DAGs
[2024-02-07T08:59:40.167+0000] {logging_mixin.py:188} INFO - [2024-02-07T08:59:40.166+0000] {dag.py:3820} INFO - Setting next_dagrun for latest_only to 2024-02-07T04:00:00+00:00, run_after=2024-02-07T08:00:00+00:00
[2024-02-07T08:59:40.190+0000] {processor.py:183} INFO - Processing /home/airflow/.local/lib/python3.8/site-packages/airflow/example_dags/example_latest_only.py took 0.081 seconds
[2024-02-07T09:00:10.298+0000] {processor.py:161} INFO - Started process (PID=2293) to work on /home/airflow/.local/lib/python3.8/site-packages/airflow/example_dags/example_latest_only.py
[2024-02-07T09:00:10.299+0000] {processor.py:830} INFO - Processing file /home/airflow/.local/lib/python3.8/site-packages/airflow/example_dags/example_latest_only.py for tasks to queue
[2024-02-07T09:00:10.301+0000] {logging_mixin.py:188} INFO - [2024-02-07T09:00:10.301+0000] {dagbag.py:538} INFO - Filling up the DagBag from /home/airflow/.local/lib/python3.8/site-packages/airflow/example_dags/example_latest_only.py
[2024-02-07T09:00:10.309+0000] {processor.py:840} INFO - DAG(s) 'latest_only' retrieved from /home/airflow/.local/lib/python3.8/site-packages/airflow/example_dags/example_latest_only.py
[2024-02-07T09:00:10.343+0000] {logging_mixin.py:188} INFO - [2024-02-07T09:00:10.342+0000] {dag.py:3033} INFO - Sync 1 DAGs
[2024-02-07T09:00:10.376+0000] {logging_mixin.py:188} INFO - [2024-02-07T09:00:10.376+0000] {dag.py:3820} INFO - Setting next_dagrun for latest_only to 2024-02-07T04:00:00+00:00, run_after=2024-02-07T08:00:00+00:00
[2024-02-07T09:00:10.400+0000] {processor.py:183} INFO - Processing /home/airflow/.local/lib/python3.8/site-packages/airflow/example_dags/example_latest_only.py took 0.105 seconds
[2024-02-07T09:00:40.567+0000] {processor.py:161} INFO - Started process (PID=2350) to work on /home/airflow/.local/lib/python3.8/site-packages/airflow/example_dags/example_latest_only.py
[2024-02-07T09:00:40.568+0000] {processor.py:830} INFO - Processing file /home/airflow/.local/lib/python3.8/site-packages/airflow/example_dags/example_latest_only.py for tasks to queue
[2024-02-07T09:00:40.571+0000] {logging_mixin.py:188} INFO - [2024-02-07T09:00:40.571+0000] {dagbag.py:538} INFO - Filling up the DagBag from /home/airflow/.local/lib/python3.8/site-packages/airflow/example_dags/example_latest_only.py
[2024-02-07T09:00:40.576+0000] {processor.py:840} INFO - DAG(s) 'latest_only' retrieved from /home/airflow/.local/lib/python3.8/site-packages/airflow/example_dags/example_latest_only.py
[2024-02-07T09:00:40.603+0000] {logging_mixin.py:188} INFO - [2024-02-07T09:00:40.602+0000] {dag.py:3033} INFO - Sync 1 DAGs
[2024-02-07T09:00:40.627+0000] {logging_mixin.py:188} INFO - [2024-02-07T09:00:40.626+0000] {dag.py:3820} INFO - Setting next_dagrun for latest_only to 2024-02-07T04:00:00+00:00, run_after=2024-02-07T08:00:00+00:00
[2024-02-07T09:00:40.649+0000] {processor.py:183} INFO - Processing /home/airflow/.local/lib/python3.8/site-packages/airflow/example_dags/example_latest_only.py took 0.087 seconds
[2024-02-07T09:01:11.097+0000] {processor.py:161} INFO - Started process (PID=2407) to work on /home/airflow/.local/lib/python3.8/site-packages/airflow/example_dags/example_latest_only.py
[2024-02-07T09:01:11.098+0000] {processor.py:830} INFO - Processing file /home/airflow/.local/lib/python3.8/site-packages/airflow/example_dags/example_latest_only.py for tasks to queue
[2024-02-07T09:01:11.101+0000] {logging_mixin.py:188} INFO - [2024-02-07T09:01:11.101+0000] {dagbag.py:538} INFO - Filling up the DagBag from /home/airflow/.local/lib/python3.8/site-packages/airflow/example_dags/example_latest_only.py
[2024-02-07T09:01:11.107+0000] {processor.py:840} INFO - DAG(s) 'latest_only' retrieved from /home/airflow/.local/lib/python3.8/site-packages/airflow/example_dags/example_latest_only.py
[2024-02-07T09:01:11.133+0000] {logging_mixin.py:188} INFO - [2024-02-07T09:01:11.133+0000] {dag.py:3033} INFO - Sync 1 DAGs
[2024-02-07T09:01:11.159+0000] {logging_mixin.py:188} INFO - [2024-02-07T09:01:11.159+0000] {dag.py:3820} INFO - Setting next_dagrun for latest_only to 2024-02-07T04:00:00+00:00, run_after=2024-02-07T08:00:00+00:00
[2024-02-07T09:01:11.184+0000] {processor.py:183} INFO - Processing /home/airflow/.local/lib/python3.8/site-packages/airflow/example_dags/example_latest_only.py took 0.091 seconds
[2024-02-07T09:01:41.748+0000] {processor.py:161} INFO - Started process (PID=2464) to work on /home/airflow/.local/lib/python3.8/site-packages/airflow/example_dags/example_latest_only.py
[2024-02-07T09:01:41.749+0000] {processor.py:830} INFO - Processing file /home/airflow/.local/lib/python3.8/site-packages/airflow/example_dags/example_latest_only.py for tasks to queue
[2024-02-07T09:01:41.752+0000] {logging_mixin.py:188} INFO - [2024-02-07T09:01:41.752+0000] {dagbag.py:538} INFO - Filling up the DagBag from /home/airflow/.local/lib/python3.8/site-packages/airflow/example_dags/example_latest_only.py
[2024-02-07T09:01:41.757+0000] {processor.py:840} INFO - DAG(s) 'latest_only' retrieved from /home/airflow/.local/lib/python3.8/site-packages/airflow/example_dags/example_latest_only.py
[2024-02-07T09:01:41.776+0000] {logging_mixin.py:188} INFO - [2024-02-07T09:01:41.776+0000] {dag.py:3033} INFO - Sync 1 DAGs
[2024-02-07T09:01:41.797+0000] {logging_mixin.py:188} INFO - [2024-02-07T09:01:41.797+0000] {dag.py:3820} INFO - Setting next_dagrun for latest_only to 2024-02-07T04:00:00+00:00, run_after=2024-02-07T08:00:00+00:00
[2024-02-07T09:01:41.815+0000] {processor.py:183} INFO - Processing /home/airflow/.local/lib/python3.8/site-packages/airflow/example_dags/example_latest_only.py took 0.071 seconds
[2024-02-07T09:02:12.209+0000] {processor.py:161} INFO - Started process (PID=2522) to work on /home/airflow/.local/lib/python3.8/site-packages/airflow/example_dags/example_latest_only.py
[2024-02-07T09:02:12.211+0000] {processor.py:830} INFO - Processing file /home/airflow/.local/lib/python3.8/site-packages/airflow/example_dags/example_latest_only.py for tasks to queue
[2024-02-07T09:02:12.214+0000] {logging_mixin.py:188} INFO - [2024-02-07T09:02:12.214+0000] {dagbag.py:538} INFO - Filling up the DagBag from /home/airflow/.local/lib/python3.8/site-packages/airflow/example_dags/example_latest_only.py
[2024-02-07T09:02:12.219+0000] {processor.py:840} INFO - DAG(s) 'latest_only' retrieved from /home/airflow/.local/lib/python3.8/site-packages/airflow/example_dags/example_latest_only.py
[2024-02-07T09:02:12.242+0000] {logging_mixin.py:188} INFO - [2024-02-07T09:02:12.242+0000] {dag.py:3033} INFO - Sync 1 DAGs
[2024-02-07T09:02:12.263+0000] {logging_mixin.py:188} INFO - [2024-02-07T09:02:12.263+0000] {dag.py:3820} INFO - Setting next_dagrun for latest_only to 2024-02-07T04:00:00+00:00, run_after=2024-02-07T08:00:00+00:00
[2024-02-07T09:02:12.285+0000] {processor.py:183} INFO - Processing /home/airflow/.local/lib/python3.8/site-packages/airflow/example_dags/example_latest_only.py took 0.079 seconds
[2024-02-07T09:02:42.723+0000] {processor.py:161} INFO - Started process (PID=2579) to work on /home/airflow/.local/lib/python3.8/site-packages/airflow/example_dags/example_latest_only.py
[2024-02-07T09:02:42.725+0000] {processor.py:830} INFO - Processing file /home/airflow/.local/lib/python3.8/site-packages/airflow/example_dags/example_latest_only.py for tasks to queue
[2024-02-07T09:02:42.728+0000] {logging_mixin.py:188} INFO - [2024-02-07T09:02:42.727+0000] {dagbag.py:538} INFO - Filling up the DagBag from /home/airflow/.local/lib/python3.8/site-packages/airflow/example_dags/example_latest_only.py
[2024-02-07T09:02:42.733+0000] {processor.py:840} INFO - DAG(s) 'latest_only' retrieved from /home/airflow/.local/lib/python3.8/site-packages/airflow/example_dags/example_latest_only.py
[2024-02-07T09:02:42.756+0000] {logging_mixin.py:188} INFO - [2024-02-07T09:02:42.756+0000] {dag.py:3033} INFO - Sync 1 DAGs
[2024-02-07T09:02:42.785+0000] {logging_mixin.py:188} INFO - [2024-02-07T09:02:42.785+0000] {dag.py:3820} INFO - Setting next_dagrun for latest_only to 2024-02-07T04:00:00+00:00, run_after=2024-02-07T08:00:00+00:00
[2024-02-07T09:02:42.817+0000] {processor.py:183} INFO - Processing /home/airflow/.local/lib/python3.8/site-packages/airflow/example_dags/example_latest_only.py took 0.099 seconds
[2024-02-07T09:03:12.935+0000] {processor.py:161} INFO - Started process (PID=2636) to work on /home/airflow/.local/lib/python3.8/site-packages/airflow/example_dags/example_latest_only.py
[2024-02-07T09:03:12.937+0000] {processor.py:830} INFO - Processing file /home/airflow/.local/lib/python3.8/site-packages/airflow/example_dags/example_latest_only.py for tasks to queue
[2024-02-07T09:03:12.940+0000] {logging_mixin.py:188} INFO - [2024-02-07T09:03:12.940+0000] {dagbag.py:538} INFO - Filling up the DagBag from /home/airflow/.local/lib/python3.8/site-packages/airflow/example_dags/example_latest_only.py
[2024-02-07T09:03:12.945+0000] {processor.py:840} INFO - DAG(s) 'latest_only' retrieved from /home/airflow/.local/lib/python3.8/site-packages/airflow/example_dags/example_latest_only.py
[2024-02-07T09:03:12.967+0000] {logging_mixin.py:188} INFO - [2024-02-07T09:03:12.967+0000] {dag.py:3033} INFO - Sync 1 DAGs
[2024-02-07T09:03:12.990+0000] {logging_mixin.py:188} INFO - [2024-02-07T09:03:12.990+0000] {dag.py:3820} INFO - Setting next_dagrun for latest_only to 2024-02-07T04:00:00+00:00, run_after=2024-02-07T08:00:00+00:00
[2024-02-07T09:03:13.017+0000] {processor.py:183} INFO - Processing /home/airflow/.local/lib/python3.8/site-packages/airflow/example_dags/example_latest_only.py took 0.086 seconds
[2024-02-07T09:03:43.726+0000] {processor.py:161} INFO - Started process (PID=2693) to work on /home/airflow/.local/lib/python3.8/site-packages/airflow/example_dags/example_latest_only.py
[2024-02-07T09:03:43.728+0000] {processor.py:830} INFO - Processing file /home/airflow/.local/lib/python3.8/site-packages/airflow/example_dags/example_latest_only.py for tasks to queue
[2024-02-07T09:03:43.731+0000] {logging_mixin.py:188} INFO - [2024-02-07T09:03:43.731+0000] {dagbag.py:538} INFO - Filling up the DagBag from /home/airflow/.local/lib/python3.8/site-packages/airflow/example_dags/example_latest_only.py
[2024-02-07T09:03:43.736+0000] {processor.py:840} INFO - DAG(s) 'latest_only' retrieved from /home/airflow/.local/lib/python3.8/site-packages/airflow/example_dags/example_latest_only.py
[2024-02-07T09:03:43.757+0000] {logging_mixin.py:188} INFO - [2024-02-07T09:03:43.757+0000] {dag.py:3033} INFO - Sync 1 DAGs
[2024-02-07T09:03:43.777+0000] {logging_mixin.py:188} INFO - [2024-02-07T09:03:43.777+0000] {dag.py:3820} INFO - Setting next_dagrun for latest_only to 2024-02-07T04:00:00+00:00, run_after=2024-02-07T08:00:00+00:00
[2024-02-07T09:03:43.800+0000] {processor.py:183} INFO - Processing /home/airflow/.local/lib/python3.8/site-packages/airflow/example_dags/example_latest_only.py took 0.078 seconds
[2024-02-07T09:04:14.235+0000] {processor.py:161} INFO - Started process (PID=2750) to work on /home/airflow/.local/lib/python3.8/site-packages/airflow/example_dags/example_latest_only.py
[2024-02-07T09:04:14.237+0000] {processor.py:830} INFO - Processing file /home/airflow/.local/lib/python3.8/site-packages/airflow/example_dags/example_latest_only.py for tasks to queue
[2024-02-07T09:04:14.241+0000] {logging_mixin.py:188} INFO - [2024-02-07T09:04:14.241+0000] {dagbag.py:538} INFO - Filling up the DagBag from /home/airflow/.local/lib/python3.8/site-packages/airflow/example_dags/example_latest_only.py
[2024-02-07T09:04:14.247+0000] {processor.py:840} INFO - DAG(s) 'latest_only' retrieved from /home/airflow/.local/lib/python3.8/site-packages/airflow/example_dags/example_latest_only.py
[2024-02-07T09:04:14.271+0000] {logging_mixin.py:188} INFO - [2024-02-07T09:04:14.271+0000] {dag.py:3033} INFO - Sync 1 DAGs
[2024-02-07T09:04:14.293+0000] {logging_mixin.py:188} INFO - [2024-02-07T09:04:14.293+0000] {dag.py:3820} INFO - Setting next_dagrun for latest_only to 2024-02-07T04:00:00+00:00, run_after=2024-02-07T08:00:00+00:00
[2024-02-07T09:04:14.315+0000] {processor.py:183} INFO - Processing /home/airflow/.local/lib/python3.8/site-packages/airflow/example_dags/example_latest_only.py took 0.084 seconds
[2024-02-07T09:04:44.566+0000] {processor.py:161} INFO - Started process (PID=2807) to work on /home/airflow/.local/lib/python3.8/site-packages/airflow/example_dags/example_latest_only.py
[2024-02-07T09:04:44.568+0000] {processor.py:830} INFO - Processing file /home/airflow/.local/lib/python3.8/site-packages/airflow/example_dags/example_latest_only.py for tasks to queue
[2024-02-07T09:04:44.571+0000] {logging_mixin.py:188} INFO - [2024-02-07T09:04:44.570+0000] {dagbag.py:538} INFO - Filling up the DagBag from /home/airflow/.local/lib/python3.8/site-packages/airflow/example_dags/example_latest_only.py
[2024-02-07T09:04:44.576+0000] {processor.py:840} INFO - DAG(s) 'latest_only' retrieved from /home/airflow/.local/lib/python3.8/site-packages/airflow/example_dags/example_latest_only.py
[2024-02-07T09:04:44.598+0000] {logging_mixin.py:188} INFO - [2024-02-07T09:04:44.598+0000] {dag.py:3033} INFO - Sync 1 DAGs
[2024-02-07T09:04:44.623+0000] {logging_mixin.py:188} INFO - [2024-02-07T09:04:44.622+0000] {dag.py:3820} INFO - Setting next_dagrun for latest_only to 2024-02-07T04:00:00+00:00, run_after=2024-02-07T08:00:00+00:00
[2024-02-07T09:04:44.646+0000] {processor.py:183} INFO - Processing /home/airflow/.local/lib/python3.8/site-packages/airflow/example_dags/example_latest_only.py took 0.083 seconds
[2024-02-07T09:05:14.842+0000] {processor.py:161} INFO - Started process (PID=2864) to work on /home/airflow/.local/lib/python3.8/site-packages/airflow/example_dags/example_latest_only.py
[2024-02-07T09:05:14.843+0000] {processor.py:830} INFO - Processing file /home/airflow/.local/lib/python3.8/site-packages/airflow/example_dags/example_latest_only.py for tasks to queue
[2024-02-07T09:05:14.846+0000] {logging_mixin.py:188} INFO - [2024-02-07T09:05:14.846+0000] {dagbag.py:538} INFO - Filling up the DagBag from /home/airflow/.local/lib/python3.8/site-packages/airflow/example_dags/example_latest_only.py
[2024-02-07T09:05:14.851+0000] {processor.py:840} INFO - DAG(s) 'latest_only' retrieved from /home/airflow/.local/lib/python3.8/site-packages/airflow/example_dags/example_latest_only.py
[2024-02-07T09:05:14.873+0000] {logging_mixin.py:188} INFO - [2024-02-07T09:05:14.873+0000] {dag.py:3033} INFO - Sync 1 DAGs
[2024-02-07T09:05:14.895+0000] {logging_mixin.py:188} INFO - [2024-02-07T09:05:14.895+0000] {dag.py:3820} INFO - Setting next_dagrun for latest_only to 2024-02-07T04:00:00+00:00, run_after=2024-02-07T08:00:00+00:00
[2024-02-07T09:05:14.919+0000] {processor.py:183} INFO - Processing /home/airflow/.local/lib/python3.8/site-packages/airflow/example_dags/example_latest_only.py took 0.080 seconds
[2024-02-07T09:05:45.334+0000] {processor.py:161} INFO - Started process (PID=2921) to work on /home/airflow/.local/lib/python3.8/site-packages/airflow/example_dags/example_latest_only.py
[2024-02-07T09:05:45.336+0000] {processor.py:830} INFO - Processing file /home/airflow/.local/lib/python3.8/site-packages/airflow/example_dags/example_latest_only.py for tasks to queue
[2024-02-07T09:05:45.339+0000] {logging_mixin.py:188} INFO - [2024-02-07T09:05:45.338+0000] {dagbag.py:538} INFO - Filling up the DagBag from /home/airflow/.local/lib/python3.8/site-packages/airflow/example_dags/example_latest_only.py
[2024-02-07T09:05:45.344+0000] {processor.py:840} INFO - DAG(s) 'latest_only' retrieved from /home/airflow/.local/lib/python3.8/site-packages/airflow/example_dags/example_latest_only.py
[2024-02-07T09:05:45.365+0000] {logging_mixin.py:188} INFO - [2024-02-07T09:05:45.365+0000] {dag.py:3033} INFO - Sync 1 DAGs
[2024-02-07T09:05:45.384+0000] {logging_mixin.py:188} INFO - [2024-02-07T09:05:45.384+0000] {dag.py:3820} INFO - Setting next_dagrun for latest_only to 2024-02-07T04:00:00+00:00, run_after=2024-02-07T08:00:00+00:00
[2024-02-07T09:05:45.404+0000] {processor.py:183} INFO - Processing /home/airflow/.local/lib/python3.8/site-packages/airflow/example_dags/example_latest_only.py took 0.072 seconds
[2024-02-07T09:06:15.552+0000] {processor.py:161} INFO - Started process (PID=2978) to work on /home/airflow/.local/lib/python3.8/site-packages/airflow/example_dags/example_latest_only.py
[2024-02-07T09:06:15.553+0000] {processor.py:830} INFO - Processing file /home/airflow/.local/lib/python3.8/site-packages/airflow/example_dags/example_latest_only.py for tasks to queue
[2024-02-07T09:06:15.556+0000] {logging_mixin.py:188} INFO - [2024-02-07T09:06:15.556+0000] {dagbag.py:538} INFO - Filling up the DagBag from /home/airflow/.local/lib/python3.8/site-packages/airflow/example_dags/example_latest_only.py
[2024-02-07T09:06:15.561+0000] {processor.py:840} INFO - DAG(s) 'latest_only' retrieved from /home/airflow/.local/lib/python3.8/site-packages/airflow/example_dags/example_latest_only.py
[2024-02-07T09:06:15.586+0000] {logging_mixin.py:188} INFO - [2024-02-07T09:06:15.586+0000] {dag.py:3033} INFO - Sync 1 DAGs
[2024-02-07T09:06:15.609+0000] {logging_mixin.py:188} INFO - [2024-02-07T09:06:15.609+0000] {dag.py:3820} INFO - Setting next_dagrun for latest_only to 2024-02-07T04:00:00+00:00, run_after=2024-02-07T08:00:00+00:00
[2024-02-07T09:06:15.633+0000] {processor.py:183} INFO - Processing /home/airflow/.local/lib/python3.8/site-packages/airflow/example_dags/example_latest_only.py took 0.085 seconds
[2024-02-07T09:06:46.224+0000] {processor.py:161} INFO - Started process (PID=3035) to work on /home/airflow/.local/lib/python3.8/site-packages/airflow/example_dags/example_latest_only.py
[2024-02-07T09:06:46.225+0000] {processor.py:830} INFO - Processing file /home/airflow/.local/lib/python3.8/site-packages/airflow/example_dags/example_latest_only.py for tasks to queue
[2024-02-07T09:06:46.228+0000] {logging_mixin.py:188} INFO - [2024-02-07T09:06:46.228+0000] {dagbag.py:538} INFO - Filling up the DagBag from /home/airflow/.local/lib/python3.8/site-packages/airflow/example_dags/example_latest_only.py
[2024-02-07T09:06:46.232+0000] {processor.py:840} INFO - DAG(s) 'latest_only' retrieved from /home/airflow/.local/lib/python3.8/site-packages/airflow/example_dags/example_latest_only.py
[2024-02-07T09:06:46.257+0000] {logging_mixin.py:188} INFO - [2024-02-07T09:06:46.257+0000] {dag.py:3033} INFO - Sync 1 DAGs
[2024-02-07T09:06:46.280+0000] {logging_mixin.py:188} INFO - [2024-02-07T09:06:46.280+0000] {dag.py:3820} INFO - Setting next_dagrun for latest_only to 2024-02-07T04:00:00+00:00, run_after=2024-02-07T08:00:00+00:00
[2024-02-07T09:06:46.305+0000] {processor.py:183} INFO - Processing /home/airflow/.local/lib/python3.8/site-packages/airflow/example_dags/example_latest_only.py took 0.084 seconds
[2024-02-07T09:07:16.571+0000] {processor.py:161} INFO - Started process (PID=3092) to work on /home/airflow/.local/lib/python3.8/site-packages/airflow/example_dags/example_latest_only.py
[2024-02-07T09:07:16.572+0000] {processor.py:830} INFO - Processing file /home/airflow/.local/lib/python3.8/site-packages/airflow/example_dags/example_latest_only.py for tasks to queue
[2024-02-07T09:07:16.575+0000] {logging_mixin.py:188} INFO - [2024-02-07T09:07:16.575+0000] {dagbag.py:538} INFO - Filling up the DagBag from /home/airflow/.local/lib/python3.8/site-packages/airflow/example_dags/example_latest_only.py
[2024-02-07T09:07:16.581+0000] {processor.py:840} INFO - DAG(s) 'latest_only' retrieved from /home/airflow/.local/lib/python3.8/site-packages/airflow/example_dags/example_latest_only.py
[2024-02-07T09:07:16.603+0000] {logging_mixin.py:188} INFO - [2024-02-07T09:07:16.603+0000] {dag.py:3033} INFO - Sync 1 DAGs
[2024-02-07T09:07:16.623+0000] {logging_mixin.py:188} INFO - [2024-02-07T09:07:16.623+0000] {dag.py:3820} INFO - Setting next_dagrun for latest_only to 2024-02-07T04:00:00+00:00, run_after=2024-02-07T08:00:00+00:00
[2024-02-07T09:07:16.647+0000] {processor.py:183} INFO - Processing /home/airflow/.local/lib/python3.8/site-packages/airflow/example_dags/example_latest_only.py took 0.080 seconds
[2024-02-07T09:07:47.141+0000] {processor.py:161} INFO - Started process (PID=3149) to work on /home/airflow/.local/lib/python3.8/site-packages/airflow/example_dags/example_latest_only.py
[2024-02-07T09:07:47.142+0000] {processor.py:830} INFO - Processing file /home/airflow/.local/lib/python3.8/site-packages/airflow/example_dags/example_latest_only.py for tasks to queue
[2024-02-07T09:07:47.145+0000] {logging_mixin.py:188} INFO - [2024-02-07T09:07:47.145+0000] {dagbag.py:538} INFO - Filling up the DagBag from /home/airflow/.local/lib/python3.8/site-packages/airflow/example_dags/example_latest_only.py
[2024-02-07T09:07:47.150+0000] {processor.py:840} INFO - DAG(s) 'latest_only' retrieved from /home/airflow/.local/lib/python3.8/site-packages/airflow/example_dags/example_latest_only.py
[2024-02-07T09:07:47.174+0000] {logging_mixin.py:188} INFO - [2024-02-07T09:07:47.174+0000] {dag.py:3033} INFO - Sync 1 DAGs
[2024-02-07T09:07:47.198+0000] {logging_mixin.py:188} INFO - [2024-02-07T09:07:47.198+0000] {dag.py:3820} INFO - Setting next_dagrun for latest_only to 2024-02-07T04:00:00+00:00, run_after=2024-02-07T08:00:00+00:00
[2024-02-07T09:07:47.218+0000] {processor.py:183} INFO - Processing /home/airflow/.local/lib/python3.8/site-packages/airflow/example_dags/example_latest_only.py took 0.080 seconds
[2024-02-07T09:08:17.520+0000] {processor.py:161} INFO - Started process (PID=3206) to work on /home/airflow/.local/lib/python3.8/site-packages/airflow/example_dags/example_latest_only.py
[2024-02-07T09:08:17.521+0000] {processor.py:830} INFO - Processing file /home/airflow/.local/lib/python3.8/site-packages/airflow/example_dags/example_latest_only.py for tasks to queue
[2024-02-07T09:08:17.524+0000] {logging_mixin.py:188} INFO - [2024-02-07T09:08:17.524+0000] {dagbag.py:538} INFO - Filling up the DagBag from /home/airflow/.local/lib/python3.8/site-packages/airflow/example_dags/example_latest_only.py
[2024-02-07T09:08:17.529+0000] {processor.py:840} INFO - DAG(s) 'latest_only' retrieved from /home/airflow/.local/lib/python3.8/site-packages/airflow/example_dags/example_latest_only.py
[2024-02-07T09:08:17.548+0000] {logging_mixin.py:188} INFO - [2024-02-07T09:08:17.548+0000] {dag.py:3033} INFO - Sync 1 DAGs
[2024-02-07T09:08:17.570+0000] {logging_mixin.py:188} INFO - [2024-02-07T09:08:17.570+0000] {dag.py:3820} INFO - Setting next_dagrun for latest_only to 2024-02-07T04:00:00+00:00, run_after=2024-02-07T08:00:00+00:00
[2024-02-07T09:08:17.592+0000] {processor.py:183} INFO - Processing /home/airflow/.local/lib/python3.8/site-packages/airflow/example_dags/example_latest_only.py took 0.075 seconds
[2024-02-07T09:08:47.905+0000] {processor.py:161} INFO - Started process (PID=3263) to work on /home/airflow/.local/lib/python3.8/site-packages/airflow/example_dags/example_latest_only.py
[2024-02-07T09:08:47.906+0000] {processor.py:830} INFO - Processing file /home/airflow/.local/lib/python3.8/site-packages/airflow/example_dags/example_latest_only.py for tasks to queue
[2024-02-07T09:08:47.910+0000] {logging_mixin.py:188} INFO - [2024-02-07T09:08:47.910+0000] {dagbag.py:538} INFO - Filling up the DagBag from /home/airflow/.local/lib/python3.8/site-packages/airflow/example_dags/example_latest_only.py
[2024-02-07T09:08:47.916+0000] {processor.py:840} INFO - DAG(s) 'latest_only' retrieved from /home/airflow/.local/lib/python3.8/site-packages/airflow/example_dags/example_latest_only.py
[2024-02-07T09:08:47.938+0000] {logging_mixin.py:188} INFO - [2024-02-07T09:08:47.938+0000] {dag.py:3033} INFO - Sync 1 DAGs
[2024-02-07T09:08:47.960+0000] {logging_mixin.py:188} INFO - [2024-02-07T09:08:47.960+0000] {dag.py:3820} INFO - Setting next_dagrun for latest_only to 2024-02-07T04:00:00+00:00, run_after=2024-02-07T08:00:00+00:00
[2024-02-07T09:08:47.983+0000] {processor.py:183} INFO - Processing /home/airflow/.local/lib/python3.8/site-packages/airflow/example_dags/example_latest_only.py took 0.082 seconds
[2024-02-07T09:09:18.149+0000] {processor.py:161} INFO - Started process (PID=3320) to work on /home/airflow/.local/lib/python3.8/site-packages/airflow/example_dags/example_latest_only.py
[2024-02-07T09:09:18.150+0000] {processor.py:830} INFO - Processing file /home/airflow/.local/lib/python3.8/site-packages/airflow/example_dags/example_latest_only.py for tasks to queue
[2024-02-07T09:09:18.153+0000] {logging_mixin.py:188} INFO - [2024-02-07T09:09:18.153+0000] {dagbag.py:538} INFO - Filling up the DagBag from /home/airflow/.local/lib/python3.8/site-packages/airflow/example_dags/example_latest_only.py
[2024-02-07T09:09:18.157+0000] {processor.py:840} INFO - DAG(s) 'latest_only' retrieved from /home/airflow/.local/lib/python3.8/site-packages/airflow/example_dags/example_latest_only.py
[2024-02-07T09:09:18.179+0000] {logging_mixin.py:188} INFO - [2024-02-07T09:09:18.179+0000] {dag.py:3033} INFO - Sync 1 DAGs
[2024-02-07T09:09:18.200+0000] {logging_mixin.py:188} INFO - [2024-02-07T09:09:18.200+0000] {dag.py:3820} INFO - Setting next_dagrun for latest_only to 2024-02-07T04:00:00+00:00, run_after=2024-02-07T08:00:00+00:00
[2024-02-07T09:09:18.223+0000] {processor.py:183} INFO - Processing /home/airflow/.local/lib/python3.8/site-packages/airflow/example_dags/example_latest_only.py took 0.077 seconds
[2024-02-07T09:09:48.828+0000] {processor.py:161} INFO - Started process (PID=3377) to work on /home/airflow/.local/lib/python3.8/site-packages/airflow/example_dags/example_latest_only.py
[2024-02-07T09:09:48.829+0000] {processor.py:830} INFO - Processing file /home/airflow/.local/lib/python3.8/site-packages/airflow/example_dags/example_latest_only.py for tasks to queue
[2024-02-07T09:09:48.833+0000] {logging_mixin.py:188} INFO - [2024-02-07T09:09:48.833+0000] {dagbag.py:538} INFO - Filling up the DagBag from /home/airflow/.local/lib/python3.8/site-packages/airflow/example_dags/example_latest_only.py
[2024-02-07T09:09:48.840+0000] {processor.py:840} INFO - DAG(s) 'latest_only' retrieved from /home/airflow/.local/lib/python3.8/site-packages/airflow/example_dags/example_latest_only.py
[2024-02-07T09:09:48.865+0000] {logging_mixin.py:188} INFO - [2024-02-07T09:09:48.864+0000] {dag.py:3033} INFO - Sync 1 DAGs
[2024-02-07T09:09:48.888+0000] {logging_mixin.py:188} INFO - [2024-02-07T09:09:48.888+0000] {dag.py:3820} INFO - Setting next_dagrun for latest_only to 2024-02-07T04:00:00+00:00, run_after=2024-02-07T08:00:00+00:00
[2024-02-07T09:09:48.914+0000] {processor.py:183} INFO - Processing /home/airflow/.local/lib/python3.8/site-packages/airflow/example_dags/example_latest_only.py took 0.090 seconds
[2024-02-07T09:10:19.082+0000] {processor.py:161} INFO - Started process (PID=3434) to work on /home/airflow/.local/lib/python3.8/site-packages/airflow/example_dags/example_latest_only.py
[2024-02-07T09:10:19.084+0000] {processor.py:830} INFO - Processing file /home/airflow/.local/lib/python3.8/site-packages/airflow/example_dags/example_latest_only.py for tasks to queue
[2024-02-07T09:10:19.089+0000] {logging_mixin.py:188} INFO - [2024-02-07T09:10:19.089+0000] {dagbag.py:538} INFO - Filling up the DagBag from /home/airflow/.local/lib/python3.8/site-packages/airflow/example_dags/example_latest_only.py
[2024-02-07T09:10:19.097+0000] {processor.py:840} INFO - DAG(s) 'latest_only' retrieved from /home/airflow/.local/lib/python3.8/site-packages/airflow/example_dags/example_latest_only.py
[2024-02-07T09:10:19.126+0000] {logging_mixin.py:188} INFO - [2024-02-07T09:10:19.126+0000] {dag.py:3033} INFO - Sync 1 DAGs
[2024-02-07T09:10:19.156+0000] {logging_mixin.py:188} INFO - [2024-02-07T09:10:19.156+0000] {dag.py:3820} INFO - Setting next_dagrun for latest_only to 2024-02-07T04:00:00+00:00, run_after=2024-02-07T08:00:00+00:00
[2024-02-07T09:10:19.188+0000] {processor.py:183} INFO - Processing /home/airflow/.local/lib/python3.8/site-packages/airflow/example_dags/example_latest_only.py took 0.118 seconds
[2024-02-07T09:10:49.338+0000] {processor.py:161} INFO - Started process (PID=3491) to work on /home/airflow/.local/lib/python3.8/site-packages/airflow/example_dags/example_latest_only.py
[2024-02-07T09:10:49.340+0000] {processor.py:830} INFO - Processing file /home/airflow/.local/lib/python3.8/site-packages/airflow/example_dags/example_latest_only.py for tasks to queue
[2024-02-07T09:10:49.343+0000] {logging_mixin.py:188} INFO - [2024-02-07T09:10:49.342+0000] {dagbag.py:538} INFO - Filling up the DagBag from /home/airflow/.local/lib/python3.8/site-packages/airflow/example_dags/example_latest_only.py
[2024-02-07T09:10:49.348+0000] {processor.py:840} INFO - DAG(s) 'latest_only' retrieved from /home/airflow/.local/lib/python3.8/site-packages/airflow/example_dags/example_latest_only.py
[2024-02-07T09:10:49.372+0000] {logging_mixin.py:188} INFO - [2024-02-07T09:10:49.371+0000] {dag.py:3033} INFO - Sync 1 DAGs
[2024-02-07T09:10:49.395+0000] {logging_mixin.py:188} INFO - [2024-02-07T09:10:49.395+0000] {dag.py:3820} INFO - Setting next_dagrun for latest_only to 2024-02-07T04:00:00+00:00, run_after=2024-02-07T08:00:00+00:00
[2024-02-07T09:10:49.418+0000] {processor.py:183} INFO - Processing /home/airflow/.local/lib/python3.8/site-packages/airflow/example_dags/example_latest_only.py took 0.084 seconds
[2024-02-07T09:11:19.607+0000] {processor.py:161} INFO - Started process (PID=3548) to work on /home/airflow/.local/lib/python3.8/site-packages/airflow/example_dags/example_latest_only.py
[2024-02-07T09:11:19.609+0000] {processor.py:830} INFO - Processing file /home/airflow/.local/lib/python3.8/site-packages/airflow/example_dags/example_latest_only.py for tasks to queue
[2024-02-07T09:11:19.612+0000] {logging_mixin.py:188} INFO - [2024-02-07T09:11:19.612+0000] {dagbag.py:538} INFO - Filling up the DagBag from /home/airflow/.local/lib/python3.8/site-packages/airflow/example_dags/example_latest_only.py
[2024-02-07T09:11:19.618+0000] {processor.py:840} INFO - DAG(s) 'latest_only' retrieved from /home/airflow/.local/lib/python3.8/site-packages/airflow/example_dags/example_latest_only.py
[2024-02-07T09:11:19.646+0000] {logging_mixin.py:188} INFO - [2024-02-07T09:11:19.646+0000] {dag.py:3033} INFO - Sync 1 DAGs
[2024-02-07T09:11:19.672+0000] {logging_mixin.py:188} INFO - [2024-02-07T09:11:19.672+0000] {dag.py:3820} INFO - Setting next_dagrun for latest_only to 2024-02-07T04:00:00+00:00, run_after=2024-02-07T08:00:00+00:00
[2024-02-07T09:11:19.701+0000] {processor.py:183} INFO - Processing /home/airflow/.local/lib/python3.8/site-packages/airflow/example_dags/example_latest_only.py took 0.097 seconds
