[2024-02-07T08:40:11.758+0000] {processor.py:161} INFO - Started process (PID=67) to work on /home/airflow/.local/lib/python3.8/site-packages/airflow/example_dags/example_bash_operator.py
[2024-02-07T08:40:11.759+0000] {processor.py:830} INFO - Processing file /home/airflow/.local/lib/python3.8/site-packages/airflow/example_dags/example_bash_operator.py for tasks to queue
[2024-02-07T08:40:11.761+0000] {logging_mixin.py:188} INFO - [2024-02-07T08:40:11.761+0000] {dagbag.py:538} INFO - Filling up the DagBag from /home/airflow/.local/lib/python3.8/site-packages/airflow/example_dags/example_bash_operator.py
[2024-02-07T08:40:11.779+0000] {processor.py:840} INFO - DAG(s) 'example_bash_operator' retrieved from /home/airflow/.local/lib/python3.8/site-packages/airflow/example_dags/example_bash_operator.py
[2024-02-07T08:40:11.814+0000] {logging_mixin.py:188} INFO - [2024-02-07T08:40:11.814+0000] {dag.py:3033} INFO - Sync 1 DAGs
[2024-02-07T08:40:11.839+0000] {logging_mixin.py:188} INFO - [2024-02-07T08:40:11.839+0000] {dag.py:3820} INFO - Setting next_dagrun for example_bash_operator to 2024-02-06T00:00:00+00:00, run_after=2024-02-07T00:00:00+00:00
[2024-02-07T08:40:11.861+0000] {processor.py:183} INFO - Processing /home/airflow/.local/lib/python3.8/site-packages/airflow/example_dags/example_bash_operator.py took 0.106 seconds
[2024-02-07T08:40:42.060+0000] {processor.py:161} INFO - Started process (PID=124) to work on /home/airflow/.local/lib/python3.8/site-packages/airflow/example_dags/example_bash_operator.py
[2024-02-07T08:40:42.062+0000] {processor.py:830} INFO - Processing file /home/airflow/.local/lib/python3.8/site-packages/airflow/example_dags/example_bash_operator.py for tasks to queue
[2024-02-07T08:40:42.064+0000] {logging_mixin.py:188} INFO - [2024-02-07T08:40:42.064+0000] {dagbag.py:538} INFO - Filling up the DagBag from /home/airflow/.local/lib/python3.8/site-packages/airflow/example_dags/example_bash_operator.py
[2024-02-07T08:40:42.079+0000] {processor.py:840} INFO - DAG(s) 'example_bash_operator' retrieved from /home/airflow/.local/lib/python3.8/site-packages/airflow/example_dags/example_bash_operator.py
[2024-02-07T08:40:42.117+0000] {logging_mixin.py:188} INFO - [2024-02-07T08:40:42.117+0000] {dag.py:3033} INFO - Sync 1 DAGs
[2024-02-07T08:40:42.146+0000] {logging_mixin.py:188} INFO - [2024-02-07T08:40:42.146+0000] {dag.py:3820} INFO - Setting next_dagrun for example_bash_operator to 2024-02-06T00:00:00+00:00, run_after=2024-02-07T00:00:00+00:00
[2024-02-07T08:40:42.172+0000] {processor.py:183} INFO - Processing /home/airflow/.local/lib/python3.8/site-packages/airflow/example_dags/example_bash_operator.py took 0.115 seconds
[2024-02-07T08:41:12.796+0000] {processor.py:161} INFO - Started process (PID=181) to work on /home/airflow/.local/lib/python3.8/site-packages/airflow/example_dags/example_bash_operator.py
[2024-02-07T08:41:12.797+0000] {processor.py:830} INFO - Processing file /home/airflow/.local/lib/python3.8/site-packages/airflow/example_dags/example_bash_operator.py for tasks to queue
[2024-02-07T08:41:12.799+0000] {logging_mixin.py:188} INFO - [2024-02-07T08:41:12.799+0000] {dagbag.py:538} INFO - Filling up the DagBag from /home/airflow/.local/lib/python3.8/site-packages/airflow/example_dags/example_bash_operator.py
[2024-02-07T08:41:12.817+0000] {processor.py:840} INFO - DAG(s) 'example_bash_operator' retrieved from /home/airflow/.local/lib/python3.8/site-packages/airflow/example_dags/example_bash_operator.py
[2024-02-07T08:41:12.868+0000] {logging_mixin.py:188} INFO - [2024-02-07T08:41:12.868+0000] {dag.py:3033} INFO - Sync 1 DAGs
[2024-02-07T08:41:12.909+0000] {logging_mixin.py:188} INFO - [2024-02-07T08:41:12.908+0000] {dag.py:3820} INFO - Setting next_dagrun for example_bash_operator to 2024-02-06T00:00:00+00:00, run_after=2024-02-07T00:00:00+00:00
[2024-02-07T08:41:12.941+0000] {processor.py:183} INFO - Processing /home/airflow/.local/lib/python3.8/site-packages/airflow/example_dags/example_bash_operator.py took 0.149 seconds
[2024-02-07T08:41:43.881+0000] {processor.py:161} INFO - Started process (PID=238) to work on /home/airflow/.local/lib/python3.8/site-packages/airflow/example_dags/example_bash_operator.py
[2024-02-07T08:41:43.882+0000] {processor.py:830} INFO - Processing file /home/airflow/.local/lib/python3.8/site-packages/airflow/example_dags/example_bash_operator.py for tasks to queue
[2024-02-07T08:41:43.884+0000] {logging_mixin.py:188} INFO - [2024-02-07T08:41:43.884+0000] {dagbag.py:538} INFO - Filling up the DagBag from /home/airflow/.local/lib/python3.8/site-packages/airflow/example_dags/example_bash_operator.py
[2024-02-07T08:41:43.898+0000] {processor.py:840} INFO - DAG(s) 'example_bash_operator' retrieved from /home/airflow/.local/lib/python3.8/site-packages/airflow/example_dags/example_bash_operator.py
[2024-02-07T08:41:43.928+0000] {logging_mixin.py:188} INFO - [2024-02-07T08:41:43.928+0000] {dag.py:3033} INFO - Sync 1 DAGs
[2024-02-07T08:41:43.950+0000] {logging_mixin.py:188} INFO - [2024-02-07T08:41:43.949+0000] {dag.py:3820} INFO - Setting next_dagrun for example_bash_operator to 2024-02-06T00:00:00+00:00, run_after=2024-02-07T00:00:00+00:00
[2024-02-07T08:41:43.976+0000] {processor.py:183} INFO - Processing /home/airflow/.local/lib/python3.8/site-packages/airflow/example_dags/example_bash_operator.py took 0.099 seconds
[2024-02-07T08:42:14.139+0000] {processor.py:161} INFO - Started process (PID=296) to work on /home/airflow/.local/lib/python3.8/site-packages/airflow/example_dags/example_bash_operator.py
[2024-02-07T08:42:14.140+0000] {processor.py:830} INFO - Processing file /home/airflow/.local/lib/python3.8/site-packages/airflow/example_dags/example_bash_operator.py for tasks to queue
[2024-02-07T08:42:14.142+0000] {logging_mixin.py:188} INFO - [2024-02-07T08:42:14.142+0000] {dagbag.py:538} INFO - Filling up the DagBag from /home/airflow/.local/lib/python3.8/site-packages/airflow/example_dags/example_bash_operator.py
[2024-02-07T08:42:14.175+0000] {processor.py:840} INFO - DAG(s) 'example_bash_operator' retrieved from /home/airflow/.local/lib/python3.8/site-packages/airflow/example_dags/example_bash_operator.py
[2024-02-07T08:42:14.248+0000] {logging_mixin.py:188} INFO - [2024-02-07T08:42:14.246+0000] {dag.py:3033} INFO - Sync 1 DAGs
[2024-02-07T08:42:14.298+0000] {logging_mixin.py:188} INFO - [2024-02-07T08:42:14.297+0000] {dag.py:3820} INFO - Setting next_dagrun for example_bash_operator to 2024-02-06T00:00:00+00:00, run_after=2024-02-07T00:00:00+00:00
[2024-02-07T08:42:14.341+0000] {processor.py:183} INFO - Processing /home/airflow/.local/lib/python3.8/site-packages/airflow/example_dags/example_bash_operator.py took 0.207 seconds
[2024-02-07T08:42:44.980+0000] {processor.py:161} INFO - Started process (PID=353) to work on /home/airflow/.local/lib/python3.8/site-packages/airflow/example_dags/example_bash_operator.py
[2024-02-07T08:42:44.982+0000] {processor.py:830} INFO - Processing file /home/airflow/.local/lib/python3.8/site-packages/airflow/example_dags/example_bash_operator.py for tasks to queue
[2024-02-07T08:42:44.985+0000] {logging_mixin.py:188} INFO - [2024-02-07T08:42:44.985+0000] {dagbag.py:538} INFO - Filling up the DagBag from /home/airflow/.local/lib/python3.8/site-packages/airflow/example_dags/example_bash_operator.py
[2024-02-07T08:42:45.009+0000] {processor.py:840} INFO - DAG(s) 'example_bash_operator' retrieved from /home/airflow/.local/lib/python3.8/site-packages/airflow/example_dags/example_bash_operator.py
[2024-02-07T08:42:45.059+0000] {logging_mixin.py:188} INFO - [2024-02-07T08:42:45.058+0000] {dag.py:3033} INFO - Sync 1 DAGs
[2024-02-07T08:42:45.090+0000] {logging_mixin.py:188} INFO - [2024-02-07T08:42:45.089+0000] {dag.py:3820} INFO - Setting next_dagrun for example_bash_operator to 2024-02-06T00:00:00+00:00, run_after=2024-02-07T00:00:00+00:00
[2024-02-07T08:42:45.117+0000] {processor.py:183} INFO - Processing /home/airflow/.local/lib/python3.8/site-packages/airflow/example_dags/example_bash_operator.py took 0.143 seconds
[2024-02-07T08:43:15.731+0000] {processor.py:161} INFO - Started process (PID=410) to work on /home/airflow/.local/lib/python3.8/site-packages/airflow/example_dags/example_bash_operator.py
[2024-02-07T08:43:15.733+0000] {processor.py:830} INFO - Processing file /home/airflow/.local/lib/python3.8/site-packages/airflow/example_dags/example_bash_operator.py for tasks to queue
[2024-02-07T08:43:15.735+0000] {logging_mixin.py:188} INFO - [2024-02-07T08:43:15.735+0000] {dagbag.py:538} INFO - Filling up the DagBag from /home/airflow/.local/lib/python3.8/site-packages/airflow/example_dags/example_bash_operator.py
[2024-02-07T08:43:15.748+0000] {processor.py:840} INFO - DAG(s) 'example_bash_operator' retrieved from /home/airflow/.local/lib/python3.8/site-packages/airflow/example_dags/example_bash_operator.py
[2024-02-07T08:43:15.778+0000] {logging_mixin.py:188} INFO - [2024-02-07T08:43:15.777+0000] {dag.py:3033} INFO - Sync 1 DAGs
[2024-02-07T08:43:15.806+0000] {logging_mixin.py:188} INFO - [2024-02-07T08:43:15.806+0000] {dag.py:3820} INFO - Setting next_dagrun for example_bash_operator to 2024-02-06T00:00:00+00:00, run_after=2024-02-07T00:00:00+00:00
[2024-02-07T08:43:15.826+0000] {processor.py:183} INFO - Processing /home/airflow/.local/lib/python3.8/site-packages/airflow/example_dags/example_bash_operator.py took 0.099 seconds
[2024-02-07T08:43:46.269+0000] {processor.py:161} INFO - Started process (PID=467) to work on /home/airflow/.local/lib/python3.8/site-packages/airflow/example_dags/example_bash_operator.py
[2024-02-07T08:43:46.270+0000] {processor.py:830} INFO - Processing file /home/airflow/.local/lib/python3.8/site-packages/airflow/example_dags/example_bash_operator.py for tasks to queue
[2024-02-07T08:43:46.274+0000] {logging_mixin.py:188} INFO - [2024-02-07T08:43:46.273+0000] {dagbag.py:538} INFO - Filling up the DagBag from /home/airflow/.local/lib/python3.8/site-packages/airflow/example_dags/example_bash_operator.py
[2024-02-07T08:43:46.288+0000] {processor.py:840} INFO - DAG(s) 'example_bash_operator' retrieved from /home/airflow/.local/lib/python3.8/site-packages/airflow/example_dags/example_bash_operator.py
[2024-02-07T08:43:46.327+0000] {logging_mixin.py:188} INFO - [2024-02-07T08:43:46.327+0000] {dag.py:3033} INFO - Sync 1 DAGs
[2024-02-07T08:43:46.352+0000] {logging_mixin.py:188} INFO - [2024-02-07T08:43:46.352+0000] {dag.py:3820} INFO - Setting next_dagrun for example_bash_operator to 2024-02-06T00:00:00+00:00, run_after=2024-02-07T00:00:00+00:00
[2024-02-07T08:43:46.375+0000] {processor.py:183} INFO - Processing /home/airflow/.local/lib/python3.8/site-packages/airflow/example_dags/example_bash_operator.py took 0.111 seconds
[2024-02-07T08:44:17.418+0000] {processor.py:161} INFO - Started process (PID=524) to work on /home/airflow/.local/lib/python3.8/site-packages/airflow/example_dags/example_bash_operator.py
[2024-02-07T08:44:17.419+0000] {processor.py:830} INFO - Processing file /home/airflow/.local/lib/python3.8/site-packages/airflow/example_dags/example_bash_operator.py for tasks to queue
[2024-02-07T08:44:17.421+0000] {logging_mixin.py:188} INFO - [2024-02-07T08:44:17.421+0000] {dagbag.py:538} INFO - Filling up the DagBag from /home/airflow/.local/lib/python3.8/site-packages/airflow/example_dags/example_bash_operator.py
[2024-02-07T08:44:17.432+0000] {processor.py:840} INFO - DAG(s) 'example_bash_operator' retrieved from /home/airflow/.local/lib/python3.8/site-packages/airflow/example_dags/example_bash_operator.py
[2024-02-07T08:44:17.481+0000] {logging_mixin.py:188} INFO - [2024-02-07T08:44:17.480+0000] {dag.py:3033} INFO - Sync 1 DAGs
[2024-02-07T08:44:17.515+0000] {logging_mixin.py:188} INFO - [2024-02-07T08:44:17.515+0000] {dag.py:3820} INFO - Setting next_dagrun for example_bash_operator to 2024-02-06T00:00:00+00:00, run_after=2024-02-07T00:00:00+00:00
[2024-02-07T08:44:17.552+0000] {processor.py:183} INFO - Processing /home/airflow/.local/lib/python3.8/site-packages/airflow/example_dags/example_bash_operator.py took 0.138 seconds
[2024-02-07T08:44:47.807+0000] {processor.py:161} INFO - Started process (PID=581) to work on /home/airflow/.local/lib/python3.8/site-packages/airflow/example_dags/example_bash_operator.py
[2024-02-07T08:44:47.809+0000] {processor.py:830} INFO - Processing file /home/airflow/.local/lib/python3.8/site-packages/airflow/example_dags/example_bash_operator.py for tasks to queue
[2024-02-07T08:44:47.816+0000] {logging_mixin.py:188} INFO - [2024-02-07T08:44:47.815+0000] {dagbag.py:538} INFO - Filling up the DagBag from /home/airflow/.local/lib/python3.8/site-packages/airflow/example_dags/example_bash_operator.py
[2024-02-07T08:44:47.835+0000] {processor.py:840} INFO - DAG(s) 'example_bash_operator' retrieved from /home/airflow/.local/lib/python3.8/site-packages/airflow/example_dags/example_bash_operator.py
[2024-02-07T08:44:47.886+0000] {logging_mixin.py:188} INFO - [2024-02-07T08:44:47.886+0000] {dag.py:3033} INFO - Sync 1 DAGs
[2024-02-07T08:44:47.934+0000] {logging_mixin.py:188} INFO - [2024-02-07T08:44:47.933+0000] {dag.py:3820} INFO - Setting next_dagrun for example_bash_operator to 2024-02-06T00:00:00+00:00, run_after=2024-02-07T00:00:00+00:00
[2024-02-07T08:44:47.968+0000] {processor.py:183} INFO - Processing /home/airflow/.local/lib/python3.8/site-packages/airflow/example_dags/example_bash_operator.py took 0.166 seconds
[2024-02-07T08:45:18.119+0000] {processor.py:161} INFO - Started process (PID=638) to work on /home/airflow/.local/lib/python3.8/site-packages/airflow/example_dags/example_bash_operator.py
[2024-02-07T08:45:18.121+0000] {processor.py:830} INFO - Processing file /home/airflow/.local/lib/python3.8/site-packages/airflow/example_dags/example_bash_operator.py for tasks to queue
[2024-02-07T08:45:18.124+0000] {logging_mixin.py:188} INFO - [2024-02-07T08:45:18.123+0000] {dagbag.py:538} INFO - Filling up the DagBag from /home/airflow/.local/lib/python3.8/site-packages/airflow/example_dags/example_bash_operator.py
[2024-02-07T08:45:18.140+0000] {processor.py:840} INFO - DAG(s) 'example_bash_operator' retrieved from /home/airflow/.local/lib/python3.8/site-packages/airflow/example_dags/example_bash_operator.py
[2024-02-07T08:45:18.174+0000] {logging_mixin.py:188} INFO - [2024-02-07T08:45:18.174+0000] {dag.py:3033} INFO - Sync 1 DAGs
[2024-02-07T08:45:18.201+0000] {logging_mixin.py:188} INFO - [2024-02-07T08:45:18.200+0000] {dag.py:3820} INFO - Setting next_dagrun for example_bash_operator to 2024-02-06T00:00:00+00:00, run_after=2024-02-07T00:00:00+00:00
[2024-02-07T08:45:18.219+0000] {processor.py:183} INFO - Processing /home/airflow/.local/lib/python3.8/site-packages/airflow/example_dags/example_bash_operator.py took 0.104 seconds
[2024-02-07T08:45:49.086+0000] {processor.py:161} INFO - Started process (PID=695) to work on /home/airflow/.local/lib/python3.8/site-packages/airflow/example_dags/example_bash_operator.py
[2024-02-07T08:45:49.087+0000] {processor.py:830} INFO - Processing file /home/airflow/.local/lib/python3.8/site-packages/airflow/example_dags/example_bash_operator.py for tasks to queue
[2024-02-07T08:45:49.090+0000] {logging_mixin.py:188} INFO - [2024-02-07T08:45:49.090+0000] {dagbag.py:538} INFO - Filling up the DagBag from /home/airflow/.local/lib/python3.8/site-packages/airflow/example_dags/example_bash_operator.py
[2024-02-07T08:45:49.103+0000] {processor.py:840} INFO - DAG(s) 'example_bash_operator' retrieved from /home/airflow/.local/lib/python3.8/site-packages/airflow/example_dags/example_bash_operator.py
[2024-02-07T08:45:49.171+0000] {logging_mixin.py:188} INFO - [2024-02-07T08:45:49.171+0000] {dag.py:3033} INFO - Sync 1 DAGs
[2024-02-07T08:45:49.198+0000] {logging_mixin.py:188} INFO - [2024-02-07T08:45:49.197+0000] {dag.py:3820} INFO - Setting next_dagrun for example_bash_operator to 2024-02-06T00:00:00+00:00, run_after=2024-02-07T00:00:00+00:00
[2024-02-07T08:45:49.225+0000] {processor.py:183} INFO - Processing /home/airflow/.local/lib/python3.8/site-packages/airflow/example_dags/example_bash_operator.py took 0.143 seconds
[2024-02-07T08:46:20.070+0000] {processor.py:161} INFO - Started process (PID=752) to work on /home/airflow/.local/lib/python3.8/site-packages/airflow/example_dags/example_bash_operator.py
[2024-02-07T08:46:20.071+0000] {processor.py:830} INFO - Processing file /home/airflow/.local/lib/python3.8/site-packages/airflow/example_dags/example_bash_operator.py for tasks to queue
[2024-02-07T08:46:20.074+0000] {logging_mixin.py:188} INFO - [2024-02-07T08:46:20.074+0000] {dagbag.py:538} INFO - Filling up the DagBag from /home/airflow/.local/lib/python3.8/site-packages/airflow/example_dags/example_bash_operator.py
[2024-02-07T08:46:20.086+0000] {processor.py:840} INFO - DAG(s) 'example_bash_operator' retrieved from /home/airflow/.local/lib/python3.8/site-packages/airflow/example_dags/example_bash_operator.py
[2024-02-07T08:46:20.116+0000] {logging_mixin.py:188} INFO - [2024-02-07T08:46:20.115+0000] {dag.py:3033} INFO - Sync 1 DAGs
[2024-02-07T08:46:20.139+0000] {logging_mixin.py:188} INFO - [2024-02-07T08:46:20.139+0000] {dag.py:3820} INFO - Setting next_dagrun for example_bash_operator to 2024-02-06T00:00:00+00:00, run_after=2024-02-07T00:00:00+00:00
[2024-02-07T08:46:20.161+0000] {processor.py:183} INFO - Processing /home/airflow/.local/lib/python3.8/site-packages/airflow/example_dags/example_bash_operator.py took 0.094 seconds
[2024-02-07T08:46:50.770+0000] {processor.py:161} INFO - Started process (PID=809) to work on /home/airflow/.local/lib/python3.8/site-packages/airflow/example_dags/example_bash_operator.py
[2024-02-07T08:46:50.771+0000] {processor.py:830} INFO - Processing file /home/airflow/.local/lib/python3.8/site-packages/airflow/example_dags/example_bash_operator.py for tasks to queue
[2024-02-07T08:46:50.775+0000] {logging_mixin.py:188} INFO - [2024-02-07T08:46:50.775+0000] {dagbag.py:538} INFO - Filling up the DagBag from /home/airflow/.local/lib/python3.8/site-packages/airflow/example_dags/example_bash_operator.py
[2024-02-07T08:46:50.786+0000] {processor.py:840} INFO - DAG(s) 'example_bash_operator' retrieved from /home/airflow/.local/lib/python3.8/site-packages/airflow/example_dags/example_bash_operator.py
[2024-02-07T08:46:50.820+0000] {logging_mixin.py:188} INFO - [2024-02-07T08:46:50.820+0000] {dag.py:3033} INFO - Sync 1 DAGs
[2024-02-07T08:46:50.847+0000] {logging_mixin.py:188} INFO - [2024-02-07T08:46:50.847+0000] {dag.py:3820} INFO - Setting next_dagrun for example_bash_operator to 2024-02-06T00:00:00+00:00, run_after=2024-02-07T00:00:00+00:00
[2024-02-07T08:46:50.879+0000] {processor.py:183} INFO - Processing /home/airflow/.local/lib/python3.8/site-packages/airflow/example_dags/example_bash_operator.py took 0.113 seconds
[2024-02-07T08:47:20.957+0000] {processor.py:161} INFO - Started process (PID=866) to work on /home/airflow/.local/lib/python3.8/site-packages/airflow/example_dags/example_bash_operator.py
[2024-02-07T08:47:20.958+0000] {processor.py:830} INFO - Processing file /home/airflow/.local/lib/python3.8/site-packages/airflow/example_dags/example_bash_operator.py for tasks to queue
[2024-02-07T08:47:20.961+0000] {logging_mixin.py:188} INFO - [2024-02-07T08:47:20.961+0000] {dagbag.py:538} INFO - Filling up the DagBag from /home/airflow/.local/lib/python3.8/site-packages/airflow/example_dags/example_bash_operator.py
[2024-02-07T08:47:20.972+0000] {processor.py:840} INFO - DAG(s) 'example_bash_operator' retrieved from /home/airflow/.local/lib/python3.8/site-packages/airflow/example_dags/example_bash_operator.py
[2024-02-07T08:47:21.004+0000] {logging_mixin.py:188} INFO - [2024-02-07T08:47:21.003+0000] {dag.py:3033} INFO - Sync 1 DAGs
[2024-02-07T08:47:21.028+0000] {logging_mixin.py:188} INFO - [2024-02-07T08:47:21.028+0000] {dag.py:3820} INFO - Setting next_dagrun for example_bash_operator to 2024-02-06T00:00:00+00:00, run_after=2024-02-07T00:00:00+00:00
[2024-02-07T08:47:21.051+0000] {processor.py:183} INFO - Processing /home/airflow/.local/lib/python3.8/site-packages/airflow/example_dags/example_bash_operator.py took 0.099 seconds
[2024-02-07T08:47:51.488+0000] {processor.py:161} INFO - Started process (PID=923) to work on /home/airflow/.local/lib/python3.8/site-packages/airflow/example_dags/example_bash_operator.py
[2024-02-07T08:47:51.489+0000] {processor.py:830} INFO - Processing file /home/airflow/.local/lib/python3.8/site-packages/airflow/example_dags/example_bash_operator.py for tasks to queue
[2024-02-07T08:47:51.491+0000] {logging_mixin.py:188} INFO - [2024-02-07T08:47:51.491+0000] {dagbag.py:538} INFO - Filling up the DagBag from /home/airflow/.local/lib/python3.8/site-packages/airflow/example_dags/example_bash_operator.py
[2024-02-07T08:47:51.502+0000] {processor.py:840} INFO - DAG(s) 'example_bash_operator' retrieved from /home/airflow/.local/lib/python3.8/site-packages/airflow/example_dags/example_bash_operator.py
[2024-02-07T08:47:51.530+0000] {logging_mixin.py:188} INFO - [2024-02-07T08:47:51.530+0000] {dag.py:3033} INFO - Sync 1 DAGs
[2024-02-07T08:47:51.553+0000] {logging_mixin.py:188} INFO - [2024-02-07T08:47:51.553+0000] {dag.py:3820} INFO - Setting next_dagrun for example_bash_operator to 2024-02-06T00:00:00+00:00, run_after=2024-02-07T00:00:00+00:00
[2024-02-07T08:47:51.573+0000] {processor.py:183} INFO - Processing /home/airflow/.local/lib/python3.8/site-packages/airflow/example_dags/example_bash_operator.py took 0.089 seconds
[2024-02-07T08:48:22.168+0000] {processor.py:161} INFO - Started process (PID=980) to work on /home/airflow/.local/lib/python3.8/site-packages/airflow/example_dags/example_bash_operator.py
[2024-02-07T08:48:22.169+0000] {processor.py:830} INFO - Processing file /home/airflow/.local/lib/python3.8/site-packages/airflow/example_dags/example_bash_operator.py for tasks to queue
[2024-02-07T08:48:22.172+0000] {logging_mixin.py:188} INFO - [2024-02-07T08:48:22.172+0000] {dagbag.py:538} INFO - Filling up the DagBag from /home/airflow/.local/lib/python3.8/site-packages/airflow/example_dags/example_bash_operator.py
[2024-02-07T08:48:22.183+0000] {processor.py:840} INFO - DAG(s) 'example_bash_operator' retrieved from /home/airflow/.local/lib/python3.8/site-packages/airflow/example_dags/example_bash_operator.py
[2024-02-07T08:48:22.214+0000] {logging_mixin.py:188} INFO - [2024-02-07T08:48:22.214+0000] {dag.py:3033} INFO - Sync 1 DAGs
[2024-02-07T08:48:22.238+0000] {logging_mixin.py:188} INFO - [2024-02-07T08:48:22.238+0000] {dag.py:3820} INFO - Setting next_dagrun for example_bash_operator to 2024-02-06T00:00:00+00:00, run_after=2024-02-07T00:00:00+00:00
[2024-02-07T08:48:22.268+0000] {processor.py:183} INFO - Processing /home/airflow/.local/lib/python3.8/site-packages/airflow/example_dags/example_bash_operator.py took 0.103 seconds
[2024-02-07T08:48:52.426+0000] {processor.py:161} INFO - Started process (PID=1036) to work on /home/airflow/.local/lib/python3.8/site-packages/airflow/example_dags/example_bash_operator.py
[2024-02-07T08:48:52.428+0000] {processor.py:830} INFO - Processing file /home/airflow/.local/lib/python3.8/site-packages/airflow/example_dags/example_bash_operator.py for tasks to queue
[2024-02-07T08:48:52.431+0000] {logging_mixin.py:188} INFO - [2024-02-07T08:48:52.430+0000] {dagbag.py:538} INFO - Filling up the DagBag from /home/airflow/.local/lib/python3.8/site-packages/airflow/example_dags/example_bash_operator.py
[2024-02-07T08:48:52.442+0000] {processor.py:840} INFO - DAG(s) 'example_bash_operator' retrieved from /home/airflow/.local/lib/python3.8/site-packages/airflow/example_dags/example_bash_operator.py
[2024-02-07T08:48:52.476+0000] {logging_mixin.py:188} INFO - [2024-02-07T08:48:52.475+0000] {dag.py:3033} INFO - Sync 1 DAGs
[2024-02-07T08:48:52.498+0000] {logging_mixin.py:188} INFO - [2024-02-07T08:48:52.498+0000] {dag.py:3820} INFO - Setting next_dagrun for example_bash_operator to 2024-02-06T00:00:00+00:00, run_after=2024-02-07T00:00:00+00:00
[2024-02-07T08:48:52.522+0000] {processor.py:183} INFO - Processing /home/airflow/.local/lib/python3.8/site-packages/airflow/example_dags/example_bash_operator.py took 0.098 seconds
[2024-02-07T08:49:22.999+0000] {processor.py:161} INFO - Started process (PID=1093) to work on /home/airflow/.local/lib/python3.8/site-packages/airflow/example_dags/example_bash_operator.py
[2024-02-07T08:49:23.000+0000] {processor.py:830} INFO - Processing file /home/airflow/.local/lib/python3.8/site-packages/airflow/example_dags/example_bash_operator.py for tasks to queue
[2024-02-07T08:49:23.003+0000] {logging_mixin.py:188} INFO - [2024-02-07T08:49:23.002+0000] {dagbag.py:538} INFO - Filling up the DagBag from /home/airflow/.local/lib/python3.8/site-packages/airflow/example_dags/example_bash_operator.py
[2024-02-07T08:49:23.020+0000] {processor.py:840} INFO - DAG(s) 'example_bash_operator' retrieved from /home/airflow/.local/lib/python3.8/site-packages/airflow/example_dags/example_bash_operator.py
[2024-02-07T08:49:23.060+0000] {logging_mixin.py:188} INFO - [2024-02-07T08:49:23.060+0000] {dag.py:3033} INFO - Sync 1 DAGs
[2024-02-07T08:49:23.089+0000] {logging_mixin.py:188} INFO - [2024-02-07T08:49:23.089+0000] {dag.py:3820} INFO - Setting next_dagrun for example_bash_operator to 2024-02-06T00:00:00+00:00, run_after=2024-02-07T00:00:00+00:00
[2024-02-07T08:49:23.118+0000] {processor.py:183} INFO - Processing /home/airflow/.local/lib/python3.8/site-packages/airflow/example_dags/example_bash_operator.py took 0.122 seconds
[2024-02-07T08:49:53.388+0000] {processor.py:161} INFO - Started process (PID=1150) to work on /home/airflow/.local/lib/python3.8/site-packages/airflow/example_dags/example_bash_operator.py
[2024-02-07T08:49:53.390+0000] {processor.py:830} INFO - Processing file /home/airflow/.local/lib/python3.8/site-packages/airflow/example_dags/example_bash_operator.py for tasks to queue
[2024-02-07T08:49:53.392+0000] {logging_mixin.py:188} INFO - [2024-02-07T08:49:53.392+0000] {dagbag.py:538} INFO - Filling up the DagBag from /home/airflow/.local/lib/python3.8/site-packages/airflow/example_dags/example_bash_operator.py
[2024-02-07T08:49:53.407+0000] {processor.py:840} INFO - DAG(s) 'example_bash_operator' retrieved from /home/airflow/.local/lib/python3.8/site-packages/airflow/example_dags/example_bash_operator.py
[2024-02-07T08:49:53.450+0000] {logging_mixin.py:188} INFO - [2024-02-07T08:49:53.450+0000] {dag.py:3033} INFO - Sync 1 DAGs
[2024-02-07T08:49:53.476+0000] {logging_mixin.py:188} INFO - [2024-02-07T08:49:53.475+0000] {dag.py:3820} INFO - Setting next_dagrun for example_bash_operator to 2024-02-06T00:00:00+00:00, run_after=2024-02-07T00:00:00+00:00
[2024-02-07T08:49:53.501+0000] {processor.py:183} INFO - Processing /home/airflow/.local/lib/python3.8/site-packages/airflow/example_dags/example_bash_operator.py took 0.117 seconds
[2024-02-07T08:50:24.157+0000] {processor.py:161} INFO - Started process (PID=1207) to work on /home/airflow/.local/lib/python3.8/site-packages/airflow/example_dags/example_bash_operator.py
[2024-02-07T08:50:24.159+0000] {processor.py:830} INFO - Processing file /home/airflow/.local/lib/python3.8/site-packages/airflow/example_dags/example_bash_operator.py for tasks to queue
[2024-02-07T08:50:24.161+0000] {logging_mixin.py:188} INFO - [2024-02-07T08:50:24.161+0000] {dagbag.py:538} INFO - Filling up the DagBag from /home/airflow/.local/lib/python3.8/site-packages/airflow/example_dags/example_bash_operator.py
[2024-02-07T08:50:24.175+0000] {processor.py:840} INFO - DAG(s) 'example_bash_operator' retrieved from /home/airflow/.local/lib/python3.8/site-packages/airflow/example_dags/example_bash_operator.py
[2024-02-07T08:50:24.219+0000] {logging_mixin.py:188} INFO - [2024-02-07T08:50:24.219+0000] {dag.py:3033} INFO - Sync 1 DAGs
[2024-02-07T08:50:24.254+0000] {logging_mixin.py:188} INFO - [2024-02-07T08:50:24.253+0000] {dag.py:3820} INFO - Setting next_dagrun for example_bash_operator to 2024-02-06T00:00:00+00:00, run_after=2024-02-07T00:00:00+00:00
[2024-02-07T08:50:24.297+0000] {processor.py:183} INFO - Processing /home/airflow/.local/lib/python3.8/site-packages/airflow/example_dags/example_bash_operator.py took 0.143 seconds
[2024-02-07T08:50:54.381+0000] {processor.py:161} INFO - Started process (PID=1264) to work on /home/airflow/.local/lib/python3.8/site-packages/airflow/example_dags/example_bash_operator.py
[2024-02-07T08:50:54.382+0000] {processor.py:830} INFO - Processing file /home/airflow/.local/lib/python3.8/site-packages/airflow/example_dags/example_bash_operator.py for tasks to queue
[2024-02-07T08:50:54.384+0000] {logging_mixin.py:188} INFO - [2024-02-07T08:50:54.384+0000] {dagbag.py:538} INFO - Filling up the DagBag from /home/airflow/.local/lib/python3.8/site-packages/airflow/example_dags/example_bash_operator.py
[2024-02-07T08:50:54.397+0000] {processor.py:840} INFO - DAG(s) 'example_bash_operator' retrieved from /home/airflow/.local/lib/python3.8/site-packages/airflow/example_dags/example_bash_operator.py
[2024-02-07T08:50:54.426+0000] {logging_mixin.py:188} INFO - [2024-02-07T08:50:54.426+0000] {dag.py:3033} INFO - Sync 1 DAGs
[2024-02-07T08:50:54.453+0000] {logging_mixin.py:188} INFO - [2024-02-07T08:50:54.453+0000] {dag.py:3820} INFO - Setting next_dagrun for example_bash_operator to 2024-02-06T00:00:00+00:00, run_after=2024-02-07T00:00:00+00:00
[2024-02-07T08:50:54.475+0000] {processor.py:183} INFO - Processing /home/airflow/.local/lib/python3.8/site-packages/airflow/example_dags/example_bash_operator.py took 0.098 seconds
[2024-02-07T08:51:24.987+0000] {processor.py:161} INFO - Started process (PID=1322) to work on /home/airflow/.local/lib/python3.8/site-packages/airflow/example_dags/example_bash_operator.py
[2024-02-07T08:51:24.988+0000] {processor.py:830} INFO - Processing file /home/airflow/.local/lib/python3.8/site-packages/airflow/example_dags/example_bash_operator.py for tasks to queue
[2024-02-07T08:51:24.990+0000] {logging_mixin.py:188} INFO - [2024-02-07T08:51:24.990+0000] {dagbag.py:538} INFO - Filling up the DagBag from /home/airflow/.local/lib/python3.8/site-packages/airflow/example_dags/example_bash_operator.py
[2024-02-07T08:51:25.001+0000] {processor.py:840} INFO - DAG(s) 'example_bash_operator' retrieved from /home/airflow/.local/lib/python3.8/site-packages/airflow/example_dags/example_bash_operator.py
[2024-02-07T08:51:25.029+0000] {logging_mixin.py:188} INFO - [2024-02-07T08:51:25.028+0000] {dag.py:3033} INFO - Sync 1 DAGs
[2024-02-07T08:51:25.050+0000] {logging_mixin.py:188} INFO - [2024-02-07T08:51:25.049+0000] {dag.py:3820} INFO - Setting next_dagrun for example_bash_operator to 2024-02-06T00:00:00+00:00, run_after=2024-02-07T00:00:00+00:00
[2024-02-07T08:51:25.074+0000] {processor.py:183} INFO - Processing /home/airflow/.local/lib/python3.8/site-packages/airflow/example_dags/example_bash_operator.py took 0.090 seconds
[2024-02-07T08:51:55.355+0000] {processor.py:161} INFO - Started process (PID=1379) to work on /home/airflow/.local/lib/python3.8/site-packages/airflow/example_dags/example_bash_operator.py
[2024-02-07T08:51:55.356+0000] {processor.py:830} INFO - Processing file /home/airflow/.local/lib/python3.8/site-packages/airflow/example_dags/example_bash_operator.py for tasks to queue
[2024-02-07T08:51:55.359+0000] {logging_mixin.py:188} INFO - [2024-02-07T08:51:55.359+0000] {dagbag.py:538} INFO - Filling up the DagBag from /home/airflow/.local/lib/python3.8/site-packages/airflow/example_dags/example_bash_operator.py
[2024-02-07T08:51:55.371+0000] {processor.py:840} INFO - DAG(s) 'example_bash_operator' retrieved from /home/airflow/.local/lib/python3.8/site-packages/airflow/example_dags/example_bash_operator.py
[2024-02-07T08:51:55.409+0000] {logging_mixin.py:188} INFO - [2024-02-07T08:51:55.409+0000] {dag.py:3033} INFO - Sync 1 DAGs
[2024-02-07T08:51:55.438+0000] {logging_mixin.py:188} INFO - [2024-02-07T08:51:55.438+0000] {dag.py:3820} INFO - Setting next_dagrun for example_bash_operator to 2024-02-06T00:00:00+00:00, run_after=2024-02-07T00:00:00+00:00
[2024-02-07T08:51:55.465+0000] {processor.py:183} INFO - Processing /home/airflow/.local/lib/python3.8/site-packages/airflow/example_dags/example_bash_operator.py took 0.113 seconds
[2024-02-07T08:52:26.039+0000] {processor.py:161} INFO - Started process (PID=1436) to work on /home/airflow/.local/lib/python3.8/site-packages/airflow/example_dags/example_bash_operator.py
[2024-02-07T08:52:26.040+0000] {processor.py:830} INFO - Processing file /home/airflow/.local/lib/python3.8/site-packages/airflow/example_dags/example_bash_operator.py for tasks to queue
[2024-02-07T08:52:26.043+0000] {logging_mixin.py:188} INFO - [2024-02-07T08:52:26.043+0000] {dagbag.py:538} INFO - Filling up the DagBag from /home/airflow/.local/lib/python3.8/site-packages/airflow/example_dags/example_bash_operator.py
[2024-02-07T08:52:26.058+0000] {processor.py:840} INFO - DAG(s) 'example_bash_operator' retrieved from /home/airflow/.local/lib/python3.8/site-packages/airflow/example_dags/example_bash_operator.py
[2024-02-07T08:52:26.093+0000] {logging_mixin.py:188} INFO - [2024-02-07T08:52:26.092+0000] {dag.py:3033} INFO - Sync 1 DAGs
[2024-02-07T08:52:26.119+0000] {logging_mixin.py:188} INFO - [2024-02-07T08:52:26.119+0000] {dag.py:3820} INFO - Setting next_dagrun for example_bash_operator to 2024-02-06T00:00:00+00:00, run_after=2024-02-07T00:00:00+00:00
[2024-02-07T08:52:26.145+0000] {processor.py:183} INFO - Processing /home/airflow/.local/lib/python3.8/site-packages/airflow/example_dags/example_bash_operator.py took 0.110 seconds
[2024-02-07T08:52:56.422+0000] {processor.py:161} INFO - Started process (PID=1493) to work on /home/airflow/.local/lib/python3.8/site-packages/airflow/example_dags/example_bash_operator.py
[2024-02-07T08:52:56.423+0000] {processor.py:830} INFO - Processing file /home/airflow/.local/lib/python3.8/site-packages/airflow/example_dags/example_bash_operator.py for tasks to queue
[2024-02-07T08:52:56.426+0000] {logging_mixin.py:188} INFO - [2024-02-07T08:52:56.426+0000] {dagbag.py:538} INFO - Filling up the DagBag from /home/airflow/.local/lib/python3.8/site-packages/airflow/example_dags/example_bash_operator.py
[2024-02-07T08:52:56.441+0000] {processor.py:840} INFO - DAG(s) 'example_bash_operator' retrieved from /home/airflow/.local/lib/python3.8/site-packages/airflow/example_dags/example_bash_operator.py
[2024-02-07T08:52:56.477+0000] {logging_mixin.py:188} INFO - [2024-02-07T08:52:56.476+0000] {dag.py:3033} INFO - Sync 1 DAGs
[2024-02-07T08:52:56.503+0000] {logging_mixin.py:188} INFO - [2024-02-07T08:52:56.503+0000] {dag.py:3820} INFO - Setting next_dagrun for example_bash_operator to 2024-02-06T00:00:00+00:00, run_after=2024-02-07T00:00:00+00:00
[2024-02-07T08:52:56.532+0000] {processor.py:183} INFO - Processing /home/airflow/.local/lib/python3.8/site-packages/airflow/example_dags/example_bash_operator.py took 0.115 seconds
[2024-02-07T08:53:27.045+0000] {processor.py:161} INFO - Started process (PID=1550) to work on /home/airflow/.local/lib/python3.8/site-packages/airflow/example_dags/example_bash_operator.py
[2024-02-07T08:53:27.047+0000] {processor.py:830} INFO - Processing file /home/airflow/.local/lib/python3.8/site-packages/airflow/example_dags/example_bash_operator.py for tasks to queue
[2024-02-07T08:53:27.050+0000] {logging_mixin.py:188} INFO - [2024-02-07T08:53:27.049+0000] {dagbag.py:538} INFO - Filling up the DagBag from /home/airflow/.local/lib/python3.8/site-packages/airflow/example_dags/example_bash_operator.py
[2024-02-07T08:53:27.062+0000] {processor.py:840} INFO - DAG(s) 'example_bash_operator' retrieved from /home/airflow/.local/lib/python3.8/site-packages/airflow/example_dags/example_bash_operator.py
[2024-02-07T08:53:27.089+0000] {logging_mixin.py:188} INFO - [2024-02-07T08:53:27.089+0000] {dag.py:3033} INFO - Sync 1 DAGs
[2024-02-07T08:53:27.111+0000] {logging_mixin.py:188} INFO - [2024-02-07T08:53:27.111+0000] {dag.py:3820} INFO - Setting next_dagrun for example_bash_operator to 2024-02-06T00:00:00+00:00, run_after=2024-02-07T00:00:00+00:00
[2024-02-07T08:53:27.133+0000] {processor.py:183} INFO - Processing /home/airflow/.local/lib/python3.8/site-packages/airflow/example_dags/example_bash_operator.py took 0.092 seconds
[2024-02-07T08:53:58.063+0000] {processor.py:161} INFO - Started process (PID=1613) to work on /home/airflow/.local/lib/python3.8/site-packages/airflow/example_dags/example_bash_operator.py
[2024-02-07T08:53:58.064+0000] {processor.py:830} INFO - Processing file /home/airflow/.local/lib/python3.8/site-packages/airflow/example_dags/example_bash_operator.py for tasks to queue
[2024-02-07T08:53:58.066+0000] {logging_mixin.py:188} INFO - [2024-02-07T08:53:58.065+0000] {dagbag.py:538} INFO - Filling up the DagBag from /home/airflow/.local/lib/python3.8/site-packages/airflow/example_dags/example_bash_operator.py
[2024-02-07T08:53:58.080+0000] {processor.py:840} INFO - DAG(s) 'example_bash_operator' retrieved from /home/airflow/.local/lib/python3.8/site-packages/airflow/example_dags/example_bash_operator.py
[2024-02-07T08:53:58.118+0000] {logging_mixin.py:188} INFO - [2024-02-07T08:53:58.118+0000] {dag.py:3033} INFO - Sync 1 DAGs
[2024-02-07T08:53:58.148+0000] {logging_mixin.py:188} INFO - [2024-02-07T08:53:58.147+0000] {dag.py:3820} INFO - Setting next_dagrun for example_bash_operator to 2024-02-06T00:00:00+00:00, run_after=2024-02-07T00:00:00+00:00
[2024-02-07T08:53:58.172+0000] {processor.py:183} INFO - Processing /home/airflow/.local/lib/python3.8/site-packages/airflow/example_dags/example_bash_operator.py took 0.113 seconds
[2024-02-07T08:54:28.324+0000] {processor.py:161} INFO - Started process (PID=1670) to work on /home/airflow/.local/lib/python3.8/site-packages/airflow/example_dags/example_bash_operator.py
[2024-02-07T08:54:28.325+0000] {processor.py:830} INFO - Processing file /home/airflow/.local/lib/python3.8/site-packages/airflow/example_dags/example_bash_operator.py for tasks to queue
[2024-02-07T08:54:28.327+0000] {logging_mixin.py:188} INFO - [2024-02-07T08:54:28.327+0000] {dagbag.py:538} INFO - Filling up the DagBag from /home/airflow/.local/lib/python3.8/site-packages/airflow/example_dags/example_bash_operator.py
[2024-02-07T08:54:28.340+0000] {processor.py:840} INFO - DAG(s) 'example_bash_operator' retrieved from /home/airflow/.local/lib/python3.8/site-packages/airflow/example_dags/example_bash_operator.py
[2024-02-07T08:54:28.373+0000] {logging_mixin.py:188} INFO - [2024-02-07T08:54:28.373+0000] {dag.py:3033} INFO - Sync 1 DAGs
[2024-02-07T08:54:28.397+0000] {logging_mixin.py:188} INFO - [2024-02-07T08:54:28.397+0000] {dag.py:3820} INFO - Setting next_dagrun for example_bash_operator to 2024-02-06T00:00:00+00:00, run_after=2024-02-07T00:00:00+00:00
[2024-02-07T08:54:28.423+0000] {processor.py:183} INFO - Processing /home/airflow/.local/lib/python3.8/site-packages/airflow/example_dags/example_bash_operator.py took 0.104 seconds
[2024-02-07T08:54:59.275+0000] {processor.py:161} INFO - Started process (PID=1727) to work on /home/airflow/.local/lib/python3.8/site-packages/airflow/example_dags/example_bash_operator.py
[2024-02-07T08:54:59.277+0000] {processor.py:830} INFO - Processing file /home/airflow/.local/lib/python3.8/site-packages/airflow/example_dags/example_bash_operator.py for tasks to queue
[2024-02-07T08:54:59.285+0000] {logging_mixin.py:188} INFO - [2024-02-07T08:54:59.284+0000] {dagbag.py:538} INFO - Filling up the DagBag from /home/airflow/.local/lib/python3.8/site-packages/airflow/example_dags/example_bash_operator.py
[2024-02-07T08:54:59.327+0000] {processor.py:840} INFO - DAG(s) 'example_bash_operator' retrieved from /home/airflow/.local/lib/python3.8/site-packages/airflow/example_dags/example_bash_operator.py
[2024-02-07T08:54:59.422+0000] {logging_mixin.py:188} INFO - [2024-02-07T08:54:59.421+0000] {dag.py:3033} INFO - Sync 1 DAGs
[2024-02-07T08:54:59.496+0000] {logging_mixin.py:188} INFO - [2024-02-07T08:54:59.496+0000] {dag.py:3820} INFO - Setting next_dagrun for example_bash_operator to 2024-02-06T00:00:00+00:00, run_after=2024-02-07T00:00:00+00:00
[2024-02-07T08:54:59.570+0000] {processor.py:183} INFO - Processing /home/airflow/.local/lib/python3.8/site-packages/airflow/example_dags/example_bash_operator.py took 0.306 seconds
[2024-02-07T08:55:29.828+0000] {processor.py:161} INFO - Started process (PID=1783) to work on /home/airflow/.local/lib/python3.8/site-packages/airflow/example_dags/example_bash_operator.py
[2024-02-07T08:55:29.831+0000] {processor.py:830} INFO - Processing file /home/airflow/.local/lib/python3.8/site-packages/airflow/example_dags/example_bash_operator.py for tasks to queue
[2024-02-07T08:55:29.847+0000] {logging_mixin.py:188} INFO - [2024-02-07T08:55:29.846+0000] {dagbag.py:538} INFO - Filling up the DagBag from /home/airflow/.local/lib/python3.8/site-packages/airflow/example_dags/example_bash_operator.py
[2024-02-07T08:55:29.921+0000] {processor.py:840} INFO - DAG(s) 'example_bash_operator' retrieved from /home/airflow/.local/lib/python3.8/site-packages/airflow/example_dags/example_bash_operator.py
[2024-02-07T08:55:30.092+0000] {logging_mixin.py:188} INFO - [2024-02-07T08:55:30.085+0000] {dag.py:3033} INFO - Sync 1 DAGs
[2024-02-07T08:55:30.212+0000] {logging_mixin.py:188} INFO - [2024-02-07T08:55:30.212+0000] {dag.py:3820} INFO - Setting next_dagrun for example_bash_operator to 2024-02-06T00:00:00+00:00, run_after=2024-02-07T00:00:00+00:00
[2024-02-07T08:55:30.278+0000] {processor.py:183} INFO - Processing /home/airflow/.local/lib/python3.8/site-packages/airflow/example_dags/example_bash_operator.py took 0.478 seconds
[2024-02-07T08:56:08.072+0000] {processor.py:161} INFO - Started process (PID=1842) to work on /home/airflow/.local/lib/python3.8/site-packages/airflow/example_dags/example_bash_operator.py
[2024-02-07T08:56:08.085+0000] {processor.py:830} INFO - Processing file /home/airflow/.local/lib/python3.8/site-packages/airflow/example_dags/example_bash_operator.py for tasks to queue
[2024-02-07T08:56:08.103+0000] {logging_mixin.py:188} INFO - [2024-02-07T08:56:08.102+0000] {dagbag.py:538} INFO - Filling up the DagBag from /home/airflow/.local/lib/python3.8/site-packages/airflow/example_dags/example_bash_operator.py
[2024-02-07T08:56:08.213+0000] {processor.py:840} INFO - DAG(s) 'example_bash_operator' retrieved from /home/airflow/.local/lib/python3.8/site-packages/airflow/example_dags/example_bash_operator.py
[2024-02-07T08:56:08.470+0000] {logging_mixin.py:188} INFO - [2024-02-07T08:56:08.469+0000] {dag.py:3033} INFO - Sync 1 DAGs
[2024-02-07T08:56:08.630+0000] {logging_mixin.py:188} INFO - [2024-02-07T08:56:08.630+0000] {dag.py:3820} INFO - Setting next_dagrun for example_bash_operator to 2024-02-06T00:00:00+00:00, run_after=2024-02-07T00:00:00+00:00
[2024-02-07T08:56:08.752+0000] {processor.py:183} INFO - Processing /home/airflow/.local/lib/python3.8/site-packages/airflow/example_dags/example_bash_operator.py took 0.701 seconds
[2024-02-07T08:56:39.713+0000] {processor.py:161} INFO - Started process (PID=1899) to work on /home/airflow/.local/lib/python3.8/site-packages/airflow/example_dags/example_bash_operator.py
[2024-02-07T08:56:39.716+0000] {processor.py:830} INFO - Processing file /home/airflow/.local/lib/python3.8/site-packages/airflow/example_dags/example_bash_operator.py for tasks to queue
[2024-02-07T08:56:39.721+0000] {logging_mixin.py:188} INFO - [2024-02-07T08:56:39.720+0000] {dagbag.py:538} INFO - Filling up the DagBag from /home/airflow/.local/lib/python3.8/site-packages/airflow/example_dags/example_bash_operator.py
[2024-02-07T08:56:39.759+0000] {processor.py:840} INFO - DAG(s) 'example_bash_operator' retrieved from /home/airflow/.local/lib/python3.8/site-packages/airflow/example_dags/example_bash_operator.py
[2024-02-07T08:56:39.834+0000] {logging_mixin.py:188} INFO - [2024-02-07T08:56:39.833+0000] {dag.py:3033} INFO - Sync 1 DAGs
[2024-02-07T08:56:39.892+0000] {logging_mixin.py:188} INFO - [2024-02-07T08:56:39.891+0000] {dag.py:3820} INFO - Setting next_dagrun for example_bash_operator to 2024-02-06T00:00:00+00:00, run_after=2024-02-07T00:00:00+00:00
[2024-02-07T08:56:39.941+0000] {processor.py:183} INFO - Processing /home/airflow/.local/lib/python3.8/site-packages/airflow/example_dags/example_bash_operator.py took 0.239 seconds
[2024-02-07T08:57:10.703+0000] {processor.py:161} INFO - Started process (PID=1956) to work on /home/airflow/.local/lib/python3.8/site-packages/airflow/example_dags/example_bash_operator.py
[2024-02-07T08:57:10.708+0000] {processor.py:830} INFO - Processing file /home/airflow/.local/lib/python3.8/site-packages/airflow/example_dags/example_bash_operator.py for tasks to queue
[2024-02-07T08:57:10.715+0000] {logging_mixin.py:188} INFO - [2024-02-07T08:57:10.715+0000] {dagbag.py:538} INFO - Filling up the DagBag from /home/airflow/.local/lib/python3.8/site-packages/airflow/example_dags/example_bash_operator.py
[2024-02-07T08:57:10.750+0000] {processor.py:840} INFO - DAG(s) 'example_bash_operator' retrieved from /home/airflow/.local/lib/python3.8/site-packages/airflow/example_dags/example_bash_operator.py
[2024-02-07T08:57:10.818+0000] {logging_mixin.py:188} INFO - [2024-02-07T08:57:10.818+0000] {dag.py:3033} INFO - Sync 1 DAGs
[2024-02-07T08:57:10.860+0000] {logging_mixin.py:188} INFO - [2024-02-07T08:57:10.860+0000] {dag.py:3820} INFO - Setting next_dagrun for example_bash_operator to 2024-02-06T00:00:00+00:00, run_after=2024-02-07T00:00:00+00:00
[2024-02-07T08:57:10.917+0000] {processor.py:183} INFO - Processing /home/airflow/.local/lib/python3.8/site-packages/airflow/example_dags/example_bash_operator.py took 0.226 seconds
[2024-02-07T08:57:41.204+0000] {processor.py:161} INFO - Started process (PID=2014) to work on /home/airflow/.local/lib/python3.8/site-packages/airflow/example_dags/example_bash_operator.py
[2024-02-07T08:57:41.206+0000] {processor.py:830} INFO - Processing file /home/airflow/.local/lib/python3.8/site-packages/airflow/example_dags/example_bash_operator.py for tasks to queue
[2024-02-07T08:57:41.211+0000] {logging_mixin.py:188} INFO - [2024-02-07T08:57:41.210+0000] {dagbag.py:538} INFO - Filling up the DagBag from /home/airflow/.local/lib/python3.8/site-packages/airflow/example_dags/example_bash_operator.py
[2024-02-07T08:57:41.237+0000] {processor.py:840} INFO - DAG(s) 'example_bash_operator' retrieved from /home/airflow/.local/lib/python3.8/site-packages/airflow/example_dags/example_bash_operator.py
[2024-02-07T08:57:41.294+0000] {logging_mixin.py:188} INFO - [2024-02-07T08:57:41.293+0000] {dag.py:3033} INFO - Sync 1 DAGs
[2024-02-07T08:57:41.336+0000] {logging_mixin.py:188} INFO - [2024-02-07T08:57:41.336+0000] {dag.py:3820} INFO - Setting next_dagrun for example_bash_operator to 2024-02-06T00:00:00+00:00, run_after=2024-02-07T00:00:00+00:00
[2024-02-07T08:57:41.375+0000] {processor.py:183} INFO - Processing /home/airflow/.local/lib/python3.8/site-packages/airflow/example_dags/example_bash_operator.py took 0.180 seconds
[2024-02-07T08:58:12.122+0000] {processor.py:161} INFO - Started process (PID=2072) to work on /home/airflow/.local/lib/python3.8/site-packages/airflow/example_dags/example_bash_operator.py
[2024-02-07T08:58:12.124+0000] {processor.py:830} INFO - Processing file /home/airflow/.local/lib/python3.8/site-packages/airflow/example_dags/example_bash_operator.py for tasks to queue
[2024-02-07T08:58:12.128+0000] {logging_mixin.py:188} INFO - [2024-02-07T08:58:12.128+0000] {dagbag.py:538} INFO - Filling up the DagBag from /home/airflow/.local/lib/python3.8/site-packages/airflow/example_dags/example_bash_operator.py
[2024-02-07T08:58:12.153+0000] {processor.py:840} INFO - DAG(s) 'example_bash_operator' retrieved from /home/airflow/.local/lib/python3.8/site-packages/airflow/example_dags/example_bash_operator.py
[2024-02-07T08:58:12.389+0000] {logging_mixin.py:188} INFO - [2024-02-07T08:58:12.389+0000] {dag.py:3033} INFO - Sync 1 DAGs
[2024-02-07T08:58:12.442+0000] {logging_mixin.py:188} INFO - [2024-02-07T08:58:12.441+0000] {dag.py:3820} INFO - Setting next_dagrun for example_bash_operator to 2024-02-06T00:00:00+00:00, run_after=2024-02-07T00:00:00+00:00
[2024-02-07T08:58:12.482+0000] {processor.py:183} INFO - Processing /home/airflow/.local/lib/python3.8/site-packages/airflow/example_dags/example_bash_operator.py took 0.367 seconds
[2024-02-07T08:58:42.868+0000] {processor.py:161} INFO - Started process (PID=2129) to work on /home/airflow/.local/lib/python3.8/site-packages/airflow/example_dags/example_bash_operator.py
[2024-02-07T08:58:42.871+0000] {processor.py:830} INFO - Processing file /home/airflow/.local/lib/python3.8/site-packages/airflow/example_dags/example_bash_operator.py for tasks to queue
[2024-02-07T08:58:42.877+0000] {logging_mixin.py:188} INFO - [2024-02-07T08:58:42.876+0000] {dagbag.py:538} INFO - Filling up the DagBag from /home/airflow/.local/lib/python3.8/site-packages/airflow/example_dags/example_bash_operator.py
[2024-02-07T08:58:42.912+0000] {processor.py:840} INFO - DAG(s) 'example_bash_operator' retrieved from /home/airflow/.local/lib/python3.8/site-packages/airflow/example_dags/example_bash_operator.py
[2024-02-07T08:58:43.257+0000] {logging_mixin.py:188} INFO - [2024-02-07T08:58:43.256+0000] {dag.py:3033} INFO - Sync 1 DAGs
[2024-02-07T08:58:43.315+0000] {logging_mixin.py:188} INFO - [2024-02-07T08:58:43.314+0000] {dag.py:3820} INFO - Setting next_dagrun for example_bash_operator to 2024-02-06T00:00:00+00:00, run_after=2024-02-07T00:00:00+00:00
[2024-02-07T08:58:43.369+0000] {processor.py:183} INFO - Processing /home/airflow/.local/lib/python3.8/site-packages/airflow/example_dags/example_bash_operator.py took 0.514 seconds
[2024-02-07T08:59:13.620+0000] {processor.py:161} INFO - Started process (PID=2186) to work on /home/airflow/.local/lib/python3.8/site-packages/airflow/example_dags/example_bash_operator.py
[2024-02-07T08:59:13.622+0000] {processor.py:830} INFO - Processing file /home/airflow/.local/lib/python3.8/site-packages/airflow/example_dags/example_bash_operator.py for tasks to queue
[2024-02-07T08:59:13.627+0000] {logging_mixin.py:188} INFO - [2024-02-07T08:59:13.627+0000] {dagbag.py:538} INFO - Filling up the DagBag from /home/airflow/.local/lib/python3.8/site-packages/airflow/example_dags/example_bash_operator.py
[2024-02-07T08:59:13.655+0000] {processor.py:840} INFO - DAG(s) 'example_bash_operator' retrieved from /home/airflow/.local/lib/python3.8/site-packages/airflow/example_dags/example_bash_operator.py
[2024-02-07T08:59:13.730+0000] {logging_mixin.py:188} INFO - [2024-02-07T08:59:13.730+0000] {dag.py:3033} INFO - Sync 1 DAGs
[2024-02-07T08:59:13.785+0000] {logging_mixin.py:188} INFO - [2024-02-07T08:59:13.785+0000] {dag.py:3820} INFO - Setting next_dagrun for example_bash_operator to 2024-02-06T00:00:00+00:00, run_after=2024-02-07T00:00:00+00:00
[2024-02-07T08:59:13.829+0000] {processor.py:183} INFO - Processing /home/airflow/.local/lib/python3.8/site-packages/airflow/example_dags/example_bash_operator.py took 0.219 seconds
[2024-02-07T08:59:44.560+0000] {processor.py:161} INFO - Started process (PID=2243) to work on /home/airflow/.local/lib/python3.8/site-packages/airflow/example_dags/example_bash_operator.py
[2024-02-07T08:59:44.562+0000] {processor.py:830} INFO - Processing file /home/airflow/.local/lib/python3.8/site-packages/airflow/example_dags/example_bash_operator.py for tasks to queue
[2024-02-07T08:59:44.565+0000] {logging_mixin.py:188} INFO - [2024-02-07T08:59:44.564+0000] {dagbag.py:538} INFO - Filling up the DagBag from /home/airflow/.local/lib/python3.8/site-packages/airflow/example_dags/example_bash_operator.py
[2024-02-07T08:59:44.575+0000] {processor.py:840} INFO - DAG(s) 'example_bash_operator' retrieved from /home/airflow/.local/lib/python3.8/site-packages/airflow/example_dags/example_bash_operator.py
[2024-02-07T08:59:44.606+0000] {logging_mixin.py:188} INFO - [2024-02-07T08:59:44.606+0000] {dag.py:3033} INFO - Sync 1 DAGs
[2024-02-07T08:59:44.627+0000] {logging_mixin.py:188} INFO - [2024-02-07T08:59:44.627+0000] {dag.py:3820} INFO - Setting next_dagrun for example_bash_operator to 2024-02-06T00:00:00+00:00, run_after=2024-02-07T00:00:00+00:00
[2024-02-07T08:59:44.650+0000] {processor.py:183} INFO - Processing /home/airflow/.local/lib/python3.8/site-packages/airflow/example_dags/example_bash_operator.py took 0.094 seconds
[2024-02-07T09:00:14.943+0000] {processor.py:161} INFO - Started process (PID=2300) to work on /home/airflow/.local/lib/python3.8/site-packages/airflow/example_dags/example_bash_operator.py
[2024-02-07T09:00:14.945+0000] {processor.py:830} INFO - Processing file /home/airflow/.local/lib/python3.8/site-packages/airflow/example_dags/example_bash_operator.py for tasks to queue
[2024-02-07T09:00:14.947+0000] {logging_mixin.py:188} INFO - [2024-02-07T09:00:14.947+0000] {dagbag.py:538} INFO - Filling up the DagBag from /home/airflow/.local/lib/python3.8/site-packages/airflow/example_dags/example_bash_operator.py
[2024-02-07T09:00:14.960+0000] {processor.py:840} INFO - DAG(s) 'example_bash_operator' retrieved from /home/airflow/.local/lib/python3.8/site-packages/airflow/example_dags/example_bash_operator.py
[2024-02-07T09:00:14.996+0000] {logging_mixin.py:188} INFO - [2024-02-07T09:00:14.996+0000] {dag.py:3033} INFO - Sync 1 DAGs
[2024-02-07T09:00:15.019+0000] {logging_mixin.py:188} INFO - [2024-02-07T09:00:15.018+0000] {dag.py:3820} INFO - Setting next_dagrun for example_bash_operator to 2024-02-06T00:00:00+00:00, run_after=2024-02-07T00:00:00+00:00
[2024-02-07T09:00:15.042+0000] {processor.py:183} INFO - Processing /home/airflow/.local/lib/python3.8/site-packages/airflow/example_dags/example_bash_operator.py took 0.102 seconds
[2024-02-07T09:00:45.213+0000] {processor.py:161} INFO - Started process (PID=2357) to work on /home/airflow/.local/lib/python3.8/site-packages/airflow/example_dags/example_bash_operator.py
[2024-02-07T09:00:45.214+0000] {processor.py:830} INFO - Processing file /home/airflow/.local/lib/python3.8/site-packages/airflow/example_dags/example_bash_operator.py for tasks to queue
[2024-02-07T09:00:45.216+0000] {logging_mixin.py:188} INFO - [2024-02-07T09:00:45.216+0000] {dagbag.py:538} INFO - Filling up the DagBag from /home/airflow/.local/lib/python3.8/site-packages/airflow/example_dags/example_bash_operator.py
[2024-02-07T09:00:45.227+0000] {processor.py:840} INFO - DAG(s) 'example_bash_operator' retrieved from /home/airflow/.local/lib/python3.8/site-packages/airflow/example_dags/example_bash_operator.py
[2024-02-07T09:00:45.258+0000] {logging_mixin.py:188} INFO - [2024-02-07T09:00:45.257+0000] {dag.py:3033} INFO - Sync 1 DAGs
[2024-02-07T09:00:45.282+0000] {logging_mixin.py:188} INFO - [2024-02-07T09:00:45.282+0000] {dag.py:3820} INFO - Setting next_dagrun for example_bash_operator to 2024-02-06T00:00:00+00:00, run_after=2024-02-07T00:00:00+00:00
[2024-02-07T09:00:45.304+0000] {processor.py:183} INFO - Processing /home/airflow/.local/lib/python3.8/site-packages/airflow/example_dags/example_bash_operator.py took 0.095 seconds
[2024-02-07T09:01:15.459+0000] {processor.py:161} INFO - Started process (PID=2414) to work on /home/airflow/.local/lib/python3.8/site-packages/airflow/example_dags/example_bash_operator.py
[2024-02-07T09:01:15.459+0000] {processor.py:830} INFO - Processing file /home/airflow/.local/lib/python3.8/site-packages/airflow/example_dags/example_bash_operator.py for tasks to queue
[2024-02-07T09:01:15.462+0000] {logging_mixin.py:188} INFO - [2024-02-07T09:01:15.461+0000] {dagbag.py:538} INFO - Filling up the DagBag from /home/airflow/.local/lib/python3.8/site-packages/airflow/example_dags/example_bash_operator.py
[2024-02-07T09:01:15.473+0000] {processor.py:840} INFO - DAG(s) 'example_bash_operator' retrieved from /home/airflow/.local/lib/python3.8/site-packages/airflow/example_dags/example_bash_operator.py
[2024-02-07T09:01:15.503+0000] {logging_mixin.py:188} INFO - [2024-02-07T09:01:15.503+0000] {dag.py:3033} INFO - Sync 1 DAGs
[2024-02-07T09:01:15.525+0000] {logging_mixin.py:188} INFO - [2024-02-07T09:01:15.525+0000] {dag.py:3820} INFO - Setting next_dagrun for example_bash_operator to 2024-02-06T00:00:00+00:00, run_after=2024-02-07T00:00:00+00:00
[2024-02-07T09:01:15.555+0000] {processor.py:183} INFO - Processing /home/airflow/.local/lib/python3.8/site-packages/airflow/example_dags/example_bash_operator.py took 0.099 seconds
[2024-02-07T09:01:46.201+0000] {processor.py:161} INFO - Started process (PID=2471) to work on /home/airflow/.local/lib/python3.8/site-packages/airflow/example_dags/example_bash_operator.py
[2024-02-07T09:01:46.202+0000] {processor.py:830} INFO - Processing file /home/airflow/.local/lib/python3.8/site-packages/airflow/example_dags/example_bash_operator.py for tasks to queue
[2024-02-07T09:01:46.205+0000] {logging_mixin.py:188} INFO - [2024-02-07T09:01:46.204+0000] {dagbag.py:538} INFO - Filling up the DagBag from /home/airflow/.local/lib/python3.8/site-packages/airflow/example_dags/example_bash_operator.py
[2024-02-07T09:01:46.216+0000] {processor.py:840} INFO - DAG(s) 'example_bash_operator' retrieved from /home/airflow/.local/lib/python3.8/site-packages/airflow/example_dags/example_bash_operator.py
[2024-02-07T09:01:46.251+0000] {logging_mixin.py:188} INFO - [2024-02-07T09:01:46.250+0000] {dag.py:3033} INFO - Sync 1 DAGs
[2024-02-07T09:01:46.276+0000] {logging_mixin.py:188} INFO - [2024-02-07T09:01:46.276+0000] {dag.py:3820} INFO - Setting next_dagrun for example_bash_operator to 2024-02-06T00:00:00+00:00, run_after=2024-02-07T00:00:00+00:00
[2024-02-07T09:01:46.308+0000] {processor.py:183} INFO - Processing /home/airflow/.local/lib/python3.8/site-packages/airflow/example_dags/example_bash_operator.py took 0.110 seconds
[2024-02-07T09:02:16.692+0000] {processor.py:161} INFO - Started process (PID=2529) to work on /home/airflow/.local/lib/python3.8/site-packages/airflow/example_dags/example_bash_operator.py
[2024-02-07T09:02:16.694+0000] {processor.py:830} INFO - Processing file /home/airflow/.local/lib/python3.8/site-packages/airflow/example_dags/example_bash_operator.py for tasks to queue
[2024-02-07T09:02:16.697+0000] {logging_mixin.py:188} INFO - [2024-02-07T09:02:16.696+0000] {dagbag.py:538} INFO - Filling up the DagBag from /home/airflow/.local/lib/python3.8/site-packages/airflow/example_dags/example_bash_operator.py
[2024-02-07T09:02:16.710+0000] {processor.py:840} INFO - DAG(s) 'example_bash_operator' retrieved from /home/airflow/.local/lib/python3.8/site-packages/airflow/example_dags/example_bash_operator.py
[2024-02-07T09:02:16.743+0000] {logging_mixin.py:188} INFO - [2024-02-07T09:02:16.743+0000] {dag.py:3033} INFO - Sync 1 DAGs
[2024-02-07T09:02:16.770+0000] {logging_mixin.py:188} INFO - [2024-02-07T09:02:16.770+0000] {dag.py:3820} INFO - Setting next_dagrun for example_bash_operator to 2024-02-06T00:00:00+00:00, run_after=2024-02-07T00:00:00+00:00
[2024-02-07T09:02:16.801+0000] {processor.py:183} INFO - Processing /home/airflow/.local/lib/python3.8/site-packages/airflow/example_dags/example_bash_operator.py took 0.112 seconds
[2024-02-07T09:02:47.231+0000] {processor.py:161} INFO - Started process (PID=2586) to work on /home/airflow/.local/lib/python3.8/site-packages/airflow/example_dags/example_bash_operator.py
[2024-02-07T09:02:47.232+0000] {processor.py:830} INFO - Processing file /home/airflow/.local/lib/python3.8/site-packages/airflow/example_dags/example_bash_operator.py for tasks to queue
[2024-02-07T09:02:47.235+0000] {logging_mixin.py:188} INFO - [2024-02-07T09:02:47.234+0000] {dagbag.py:538} INFO - Filling up the DagBag from /home/airflow/.local/lib/python3.8/site-packages/airflow/example_dags/example_bash_operator.py
[2024-02-07T09:02:47.245+0000] {processor.py:840} INFO - DAG(s) 'example_bash_operator' retrieved from /home/airflow/.local/lib/python3.8/site-packages/airflow/example_dags/example_bash_operator.py
[2024-02-07T09:02:47.275+0000] {logging_mixin.py:188} INFO - [2024-02-07T09:02:47.275+0000] {dag.py:3033} INFO - Sync 1 DAGs
[2024-02-07T09:02:47.305+0000] {logging_mixin.py:188} INFO - [2024-02-07T09:02:47.305+0000] {dag.py:3820} INFO - Setting next_dagrun for example_bash_operator to 2024-02-06T00:00:00+00:00, run_after=2024-02-07T00:00:00+00:00
[2024-02-07T09:02:47.328+0000] {processor.py:183} INFO - Processing /home/airflow/.local/lib/python3.8/site-packages/airflow/example_dags/example_bash_operator.py took 0.100 seconds
[2024-02-07T09:03:17.981+0000] {processor.py:161} INFO - Started process (PID=2643) to work on /home/airflow/.local/lib/python3.8/site-packages/airflow/example_dags/example_bash_operator.py
[2024-02-07T09:03:17.982+0000] {processor.py:830} INFO - Processing file /home/airflow/.local/lib/python3.8/site-packages/airflow/example_dags/example_bash_operator.py for tasks to queue
[2024-02-07T09:03:17.987+0000] {logging_mixin.py:188} INFO - [2024-02-07T09:03:17.986+0000] {dagbag.py:538} INFO - Filling up the DagBag from /home/airflow/.local/lib/python3.8/site-packages/airflow/example_dags/example_bash_operator.py
[2024-02-07T09:03:18.006+0000] {processor.py:840} INFO - DAG(s) 'example_bash_operator' retrieved from /home/airflow/.local/lib/python3.8/site-packages/airflow/example_dags/example_bash_operator.py
[2024-02-07T09:03:18.042+0000] {logging_mixin.py:188} INFO - [2024-02-07T09:03:18.042+0000] {dag.py:3033} INFO - Sync 1 DAGs
[2024-02-07T09:03:18.071+0000] {logging_mixin.py:188} INFO - [2024-02-07T09:03:18.071+0000] {dag.py:3820} INFO - Setting next_dagrun for example_bash_operator to 2024-02-06T00:00:00+00:00, run_after=2024-02-07T00:00:00+00:00
[2024-02-07T09:03:18.093+0000] {processor.py:183} INFO - Processing /home/airflow/.local/lib/python3.8/site-packages/airflow/example_dags/example_bash_operator.py took 0.118 seconds
[2024-02-07T09:03:48.237+0000] {processor.py:161} INFO - Started process (PID=2700) to work on /home/airflow/.local/lib/python3.8/site-packages/airflow/example_dags/example_bash_operator.py
[2024-02-07T09:03:48.238+0000] {processor.py:830} INFO - Processing file /home/airflow/.local/lib/python3.8/site-packages/airflow/example_dags/example_bash_operator.py for tasks to queue
[2024-02-07T09:03:48.241+0000] {logging_mixin.py:188} INFO - [2024-02-07T09:03:48.240+0000] {dagbag.py:538} INFO - Filling up the DagBag from /home/airflow/.local/lib/python3.8/site-packages/airflow/example_dags/example_bash_operator.py
[2024-02-07T09:03:48.252+0000] {processor.py:840} INFO - DAG(s) 'example_bash_operator' retrieved from /home/airflow/.local/lib/python3.8/site-packages/airflow/example_dags/example_bash_operator.py
[2024-02-07T09:03:48.282+0000] {logging_mixin.py:188} INFO - [2024-02-07T09:03:48.281+0000] {dag.py:3033} INFO - Sync 1 DAGs
[2024-02-07T09:03:48.302+0000] {logging_mixin.py:188} INFO - [2024-02-07T09:03:48.302+0000] {dag.py:3820} INFO - Setting next_dagrun for example_bash_operator to 2024-02-06T00:00:00+00:00, run_after=2024-02-07T00:00:00+00:00
[2024-02-07T09:03:48.333+0000] {processor.py:183} INFO - Processing /home/airflow/.local/lib/python3.8/site-packages/airflow/example_dags/example_bash_operator.py took 0.099 seconds
[2024-02-07T09:04:18.799+0000] {processor.py:161} INFO - Started process (PID=2757) to work on /home/airflow/.local/lib/python3.8/site-packages/airflow/example_dags/example_bash_operator.py
[2024-02-07T09:04:18.800+0000] {processor.py:830} INFO - Processing file /home/airflow/.local/lib/python3.8/site-packages/airflow/example_dags/example_bash_operator.py for tasks to queue
[2024-02-07T09:04:18.803+0000] {logging_mixin.py:188} INFO - [2024-02-07T09:04:18.802+0000] {dagbag.py:538} INFO - Filling up the DagBag from /home/airflow/.local/lib/python3.8/site-packages/airflow/example_dags/example_bash_operator.py
[2024-02-07T09:04:18.815+0000] {processor.py:840} INFO - DAG(s) 'example_bash_operator' retrieved from /home/airflow/.local/lib/python3.8/site-packages/airflow/example_dags/example_bash_operator.py
[2024-02-07T09:04:18.848+0000] {logging_mixin.py:188} INFO - [2024-02-07T09:04:18.847+0000] {dag.py:3033} INFO - Sync 1 DAGs
[2024-02-07T09:04:18.872+0000] {logging_mixin.py:188} INFO - [2024-02-07T09:04:18.872+0000] {dag.py:3820} INFO - Setting next_dagrun for example_bash_operator to 2024-02-06T00:00:00+00:00, run_after=2024-02-07T00:00:00+00:00
[2024-02-07T09:04:18.893+0000] {processor.py:183} INFO - Processing /home/airflow/.local/lib/python3.8/site-packages/airflow/example_dags/example_bash_operator.py took 0.098 seconds
[2024-02-07T09:04:49.112+0000] {processor.py:161} INFO - Started process (PID=2814) to work on /home/airflow/.local/lib/python3.8/site-packages/airflow/example_dags/example_bash_operator.py
[2024-02-07T09:04:49.113+0000] {processor.py:830} INFO - Processing file /home/airflow/.local/lib/python3.8/site-packages/airflow/example_dags/example_bash_operator.py for tasks to queue
[2024-02-07T09:04:49.117+0000] {logging_mixin.py:188} INFO - [2024-02-07T09:04:49.117+0000] {dagbag.py:538} INFO - Filling up the DagBag from /home/airflow/.local/lib/python3.8/site-packages/airflow/example_dags/example_bash_operator.py
[2024-02-07T09:04:49.139+0000] {processor.py:840} INFO - DAG(s) 'example_bash_operator' retrieved from /home/airflow/.local/lib/python3.8/site-packages/airflow/example_dags/example_bash_operator.py
[2024-02-07T09:04:49.205+0000] {logging_mixin.py:188} INFO - [2024-02-07T09:04:49.205+0000] {dag.py:3033} INFO - Sync 1 DAGs
[2024-02-07T09:04:49.229+0000] {logging_mixin.py:188} INFO - [2024-02-07T09:04:49.229+0000] {dag.py:3820} INFO - Setting next_dagrun for example_bash_operator to 2024-02-06T00:00:00+00:00, run_after=2024-02-07T00:00:00+00:00
[2024-02-07T09:04:49.253+0000] {processor.py:183} INFO - Processing /home/airflow/.local/lib/python3.8/site-packages/airflow/example_dags/example_bash_operator.py took 0.146 seconds
[2024-02-07T09:05:19.406+0000] {processor.py:161} INFO - Started process (PID=2871) to work on /home/airflow/.local/lib/python3.8/site-packages/airflow/example_dags/example_bash_operator.py
[2024-02-07T09:05:19.407+0000] {processor.py:830} INFO - Processing file /home/airflow/.local/lib/python3.8/site-packages/airflow/example_dags/example_bash_operator.py for tasks to queue
[2024-02-07T09:05:19.410+0000] {logging_mixin.py:188} INFO - [2024-02-07T09:05:19.409+0000] {dagbag.py:538} INFO - Filling up the DagBag from /home/airflow/.local/lib/python3.8/site-packages/airflow/example_dags/example_bash_operator.py
[2024-02-07T09:05:19.422+0000] {processor.py:840} INFO - DAG(s) 'example_bash_operator' retrieved from /home/airflow/.local/lib/python3.8/site-packages/airflow/example_dags/example_bash_operator.py
[2024-02-07T09:05:19.452+0000] {logging_mixin.py:188} INFO - [2024-02-07T09:05:19.451+0000] {dag.py:3033} INFO - Sync 1 DAGs
[2024-02-07T09:05:19.474+0000] {logging_mixin.py:188} INFO - [2024-02-07T09:05:19.474+0000] {dag.py:3820} INFO - Setting next_dagrun for example_bash_operator to 2024-02-06T00:00:00+00:00, run_after=2024-02-07T00:00:00+00:00
[2024-02-07T09:05:19.503+0000] {processor.py:183} INFO - Processing /home/airflow/.local/lib/python3.8/site-packages/airflow/example_dags/example_bash_operator.py took 0.100 seconds
[2024-02-07T09:05:49.840+0000] {processor.py:161} INFO - Started process (PID=2928) to work on /home/airflow/.local/lib/python3.8/site-packages/airflow/example_dags/example_bash_operator.py
[2024-02-07T09:05:49.842+0000] {processor.py:830} INFO - Processing file /home/airflow/.local/lib/python3.8/site-packages/airflow/example_dags/example_bash_operator.py for tasks to queue
[2024-02-07T09:05:49.844+0000] {logging_mixin.py:188} INFO - [2024-02-07T09:05:49.844+0000] {dagbag.py:538} INFO - Filling up the DagBag from /home/airflow/.local/lib/python3.8/site-packages/airflow/example_dags/example_bash_operator.py
[2024-02-07T09:05:49.857+0000] {processor.py:840} INFO - DAG(s) 'example_bash_operator' retrieved from /home/airflow/.local/lib/python3.8/site-packages/airflow/example_dags/example_bash_operator.py
[2024-02-07T09:05:49.887+0000] {logging_mixin.py:188} INFO - [2024-02-07T09:05:49.887+0000] {dag.py:3033} INFO - Sync 1 DAGs
[2024-02-07T09:05:49.910+0000] {logging_mixin.py:188} INFO - [2024-02-07T09:05:49.910+0000] {dag.py:3820} INFO - Setting next_dagrun for example_bash_operator to 2024-02-06T00:00:00+00:00, run_after=2024-02-07T00:00:00+00:00
[2024-02-07T09:05:49.933+0000] {processor.py:183} INFO - Processing /home/airflow/.local/lib/python3.8/site-packages/airflow/example_dags/example_bash_operator.py took 0.095 seconds
[2024-02-07T09:06:20.121+0000] {processor.py:161} INFO - Started process (PID=2985) to work on /home/airflow/.local/lib/python3.8/site-packages/airflow/example_dags/example_bash_operator.py
[2024-02-07T09:06:20.122+0000] {processor.py:830} INFO - Processing file /home/airflow/.local/lib/python3.8/site-packages/airflow/example_dags/example_bash_operator.py for tasks to queue
[2024-02-07T09:06:20.124+0000] {logging_mixin.py:188} INFO - [2024-02-07T09:06:20.124+0000] {dagbag.py:538} INFO - Filling up the DagBag from /home/airflow/.local/lib/python3.8/site-packages/airflow/example_dags/example_bash_operator.py
[2024-02-07T09:06:20.138+0000] {processor.py:840} INFO - DAG(s) 'example_bash_operator' retrieved from /home/airflow/.local/lib/python3.8/site-packages/airflow/example_dags/example_bash_operator.py
[2024-02-07T09:06:20.178+0000] {logging_mixin.py:188} INFO - [2024-02-07T09:06:20.178+0000] {dag.py:3033} INFO - Sync 1 DAGs
[2024-02-07T09:06:20.209+0000] {logging_mixin.py:188} INFO - [2024-02-07T09:06:20.209+0000] {dag.py:3820} INFO - Setting next_dagrun for example_bash_operator to 2024-02-06T00:00:00+00:00, run_after=2024-02-07T00:00:00+00:00
[2024-02-07T09:06:20.229+0000] {processor.py:183} INFO - Processing /home/airflow/.local/lib/python3.8/site-packages/airflow/example_dags/example_bash_operator.py took 0.112 seconds
[2024-02-07T09:06:50.734+0000] {processor.py:161} INFO - Started process (PID=3042) to work on /home/airflow/.local/lib/python3.8/site-packages/airflow/example_dags/example_bash_operator.py
[2024-02-07T09:06:50.735+0000] {processor.py:830} INFO - Processing file /home/airflow/.local/lib/python3.8/site-packages/airflow/example_dags/example_bash_operator.py for tasks to queue
[2024-02-07T09:06:50.738+0000] {logging_mixin.py:188} INFO - [2024-02-07T09:06:50.738+0000] {dagbag.py:538} INFO - Filling up the DagBag from /home/airflow/.local/lib/python3.8/site-packages/airflow/example_dags/example_bash_operator.py
[2024-02-07T09:06:50.750+0000] {processor.py:840} INFO - DAG(s) 'example_bash_operator' retrieved from /home/airflow/.local/lib/python3.8/site-packages/airflow/example_dags/example_bash_operator.py
[2024-02-07T09:06:50.780+0000] {logging_mixin.py:188} INFO - [2024-02-07T09:06:50.780+0000] {dag.py:3033} INFO - Sync 1 DAGs
[2024-02-07T09:06:50.801+0000] {logging_mixin.py:188} INFO - [2024-02-07T09:06:50.801+0000] {dag.py:3820} INFO - Setting next_dagrun for example_bash_operator to 2024-02-06T00:00:00+00:00, run_after=2024-02-07T00:00:00+00:00
[2024-02-07T09:06:50.829+0000] {processor.py:183} INFO - Processing /home/airflow/.local/lib/python3.8/site-packages/airflow/example_dags/example_bash_operator.py took 0.098 seconds
[2024-02-07T09:07:21.104+0000] {processor.py:161} INFO - Started process (PID=3099) to work on /home/airflow/.local/lib/python3.8/site-packages/airflow/example_dags/example_bash_operator.py
[2024-02-07T09:07:21.106+0000] {processor.py:830} INFO - Processing file /home/airflow/.local/lib/python3.8/site-packages/airflow/example_dags/example_bash_operator.py for tasks to queue
[2024-02-07T09:07:21.109+0000] {logging_mixin.py:188} INFO - [2024-02-07T09:07:21.109+0000] {dagbag.py:538} INFO - Filling up the DagBag from /home/airflow/.local/lib/python3.8/site-packages/airflow/example_dags/example_bash_operator.py
[2024-02-07T09:07:21.121+0000] {processor.py:840} INFO - DAG(s) 'example_bash_operator' retrieved from /home/airflow/.local/lib/python3.8/site-packages/airflow/example_dags/example_bash_operator.py
[2024-02-07T09:07:21.152+0000] {logging_mixin.py:188} INFO - [2024-02-07T09:07:21.151+0000] {dag.py:3033} INFO - Sync 1 DAGs
[2024-02-07T09:07:21.175+0000] {logging_mixin.py:188} INFO - [2024-02-07T09:07:21.174+0000] {dag.py:3820} INFO - Setting next_dagrun for example_bash_operator to 2024-02-06T00:00:00+00:00, run_after=2024-02-07T00:00:00+00:00
[2024-02-07T09:07:21.199+0000] {processor.py:183} INFO - Processing /home/airflow/.local/lib/python3.8/site-packages/airflow/example_dags/example_bash_operator.py took 0.100 seconds
[2024-02-07T09:07:51.672+0000] {processor.py:161} INFO - Started process (PID=3156) to work on /home/airflow/.local/lib/python3.8/site-packages/airflow/example_dags/example_bash_operator.py
[2024-02-07T09:07:51.674+0000] {processor.py:830} INFO - Processing file /home/airflow/.local/lib/python3.8/site-packages/airflow/example_dags/example_bash_operator.py for tasks to queue
[2024-02-07T09:07:51.676+0000] {logging_mixin.py:188} INFO - [2024-02-07T09:07:51.676+0000] {dagbag.py:538} INFO - Filling up the DagBag from /home/airflow/.local/lib/python3.8/site-packages/airflow/example_dags/example_bash_operator.py
[2024-02-07T09:07:51.688+0000] {processor.py:840} INFO - DAG(s) 'example_bash_operator' retrieved from /home/airflow/.local/lib/python3.8/site-packages/airflow/example_dags/example_bash_operator.py
[2024-02-07T09:07:51.717+0000] {logging_mixin.py:188} INFO - [2024-02-07T09:07:51.717+0000] {dag.py:3033} INFO - Sync 1 DAGs
[2024-02-07T09:07:51.738+0000] {logging_mixin.py:188} INFO - [2024-02-07T09:07:51.737+0000] {dag.py:3820} INFO - Setting next_dagrun for example_bash_operator to 2024-02-06T00:00:00+00:00, run_after=2024-02-07T00:00:00+00:00
[2024-02-07T09:07:51.762+0000] {processor.py:183} INFO - Processing /home/airflow/.local/lib/python3.8/site-packages/airflow/example_dags/example_bash_operator.py took 0.093 seconds
[2024-02-07T09:08:21.965+0000] {processor.py:161} INFO - Started process (PID=3213) to work on /home/airflow/.local/lib/python3.8/site-packages/airflow/example_dags/example_bash_operator.py
[2024-02-07T09:08:21.966+0000] {processor.py:830} INFO - Processing file /home/airflow/.local/lib/python3.8/site-packages/airflow/example_dags/example_bash_operator.py for tasks to queue
[2024-02-07T09:08:21.968+0000] {logging_mixin.py:188} INFO - [2024-02-07T09:08:21.968+0000] {dagbag.py:538} INFO - Filling up the DagBag from /home/airflow/.local/lib/python3.8/site-packages/airflow/example_dags/example_bash_operator.py
[2024-02-07T09:08:21.978+0000] {processor.py:840} INFO - DAG(s) 'example_bash_operator' retrieved from /home/airflow/.local/lib/python3.8/site-packages/airflow/example_dags/example_bash_operator.py
[2024-02-07T09:08:22.008+0000] {logging_mixin.py:188} INFO - [2024-02-07T09:08:22.008+0000] {dag.py:3033} INFO - Sync 1 DAGs
[2024-02-07T09:08:22.029+0000] {logging_mixin.py:188} INFO - [2024-02-07T09:08:22.029+0000] {dag.py:3820} INFO - Setting next_dagrun for example_bash_operator to 2024-02-06T00:00:00+00:00, run_after=2024-02-07T00:00:00+00:00
[2024-02-07T09:08:22.058+0000] {processor.py:183} INFO - Processing /home/airflow/.local/lib/python3.8/site-packages/airflow/example_dags/example_bash_operator.py took 0.097 seconds
[2024-02-07T09:08:52.417+0000] {processor.py:161} INFO - Started process (PID=3270) to work on /home/airflow/.local/lib/python3.8/site-packages/airflow/example_dags/example_bash_operator.py
[2024-02-07T09:08:52.419+0000] {processor.py:830} INFO - Processing file /home/airflow/.local/lib/python3.8/site-packages/airflow/example_dags/example_bash_operator.py for tasks to queue
[2024-02-07T09:08:52.421+0000] {logging_mixin.py:188} INFO - [2024-02-07T09:08:52.421+0000] {dagbag.py:538} INFO - Filling up the DagBag from /home/airflow/.local/lib/python3.8/site-packages/airflow/example_dags/example_bash_operator.py
[2024-02-07T09:08:52.432+0000] {processor.py:840} INFO - DAG(s) 'example_bash_operator' retrieved from /home/airflow/.local/lib/python3.8/site-packages/airflow/example_dags/example_bash_operator.py
[2024-02-07T09:08:52.462+0000] {logging_mixin.py:188} INFO - [2024-02-07T09:08:52.462+0000] {dag.py:3033} INFO - Sync 1 DAGs
[2024-02-07T09:08:52.483+0000] {logging_mixin.py:188} INFO - [2024-02-07T09:08:52.483+0000] {dag.py:3820} INFO - Setting next_dagrun for example_bash_operator to 2024-02-06T00:00:00+00:00, run_after=2024-02-07T00:00:00+00:00
[2024-02-07T09:08:52.512+0000] {processor.py:183} INFO - Processing /home/airflow/.local/lib/python3.8/site-packages/airflow/example_dags/example_bash_operator.py took 0.098 seconds
[2024-02-07T09:09:22.723+0000] {processor.py:161} INFO - Started process (PID=3327) to work on /home/airflow/.local/lib/python3.8/site-packages/airflow/example_dags/example_bash_operator.py
[2024-02-07T09:09:22.724+0000] {processor.py:830} INFO - Processing file /home/airflow/.local/lib/python3.8/site-packages/airflow/example_dags/example_bash_operator.py for tasks to queue
[2024-02-07T09:09:22.726+0000] {logging_mixin.py:188} INFO - [2024-02-07T09:09:22.726+0000] {dagbag.py:538} INFO - Filling up the DagBag from /home/airflow/.local/lib/python3.8/site-packages/airflow/example_dags/example_bash_operator.py
[2024-02-07T09:09:22.740+0000] {processor.py:840} INFO - DAG(s) 'example_bash_operator' retrieved from /home/airflow/.local/lib/python3.8/site-packages/airflow/example_dags/example_bash_operator.py
[2024-02-07T09:09:22.778+0000] {logging_mixin.py:188} INFO - [2024-02-07T09:09:22.777+0000] {dag.py:3033} INFO - Sync 1 DAGs
[2024-02-07T09:09:22.811+0000] {logging_mixin.py:188} INFO - [2024-02-07T09:09:22.811+0000] {dag.py:3820} INFO - Setting next_dagrun for example_bash_operator to 2024-02-06T00:00:00+00:00, run_after=2024-02-07T00:00:00+00:00
[2024-02-07T09:09:22.836+0000] {processor.py:183} INFO - Processing /home/airflow/.local/lib/python3.8/site-packages/airflow/example_dags/example_bash_operator.py took 0.117 seconds
[2024-02-07T09:09:53.343+0000] {processor.py:161} INFO - Started process (PID=3384) to work on /home/airflow/.local/lib/python3.8/site-packages/airflow/example_dags/example_bash_operator.py
[2024-02-07T09:09:53.344+0000] {processor.py:830} INFO - Processing file /home/airflow/.local/lib/python3.8/site-packages/airflow/example_dags/example_bash_operator.py for tasks to queue
[2024-02-07T09:09:53.346+0000] {logging_mixin.py:188} INFO - [2024-02-07T09:09:53.346+0000] {dagbag.py:538} INFO - Filling up the DagBag from /home/airflow/.local/lib/python3.8/site-packages/airflow/example_dags/example_bash_operator.py
[2024-02-07T09:09:53.358+0000] {processor.py:840} INFO - DAG(s) 'example_bash_operator' retrieved from /home/airflow/.local/lib/python3.8/site-packages/airflow/example_dags/example_bash_operator.py
[2024-02-07T09:09:53.387+0000] {logging_mixin.py:188} INFO - [2024-02-07T09:09:53.387+0000] {dag.py:3033} INFO - Sync 1 DAGs
[2024-02-07T09:09:53.409+0000] {logging_mixin.py:188} INFO - [2024-02-07T09:09:53.409+0000] {dag.py:3820} INFO - Setting next_dagrun for example_bash_operator to 2024-02-06T00:00:00+00:00, run_after=2024-02-07T00:00:00+00:00
[2024-02-07T09:09:53.431+0000] {processor.py:183} INFO - Processing /home/airflow/.local/lib/python3.8/site-packages/airflow/example_dags/example_bash_operator.py took 0.092 seconds
[2024-02-07T09:10:23.623+0000] {processor.py:161} INFO - Started process (PID=3441) to work on /home/airflow/.local/lib/python3.8/site-packages/airflow/example_dags/example_bash_operator.py
[2024-02-07T09:10:23.625+0000] {processor.py:830} INFO - Processing file /home/airflow/.local/lib/python3.8/site-packages/airflow/example_dags/example_bash_operator.py for tasks to queue
[2024-02-07T09:10:23.628+0000] {logging_mixin.py:188} INFO - [2024-02-07T09:10:23.628+0000] {dagbag.py:538} INFO - Filling up the DagBag from /home/airflow/.local/lib/python3.8/site-packages/airflow/example_dags/example_bash_operator.py
[2024-02-07T09:10:23.642+0000] {processor.py:840} INFO - DAG(s) 'example_bash_operator' retrieved from /home/airflow/.local/lib/python3.8/site-packages/airflow/example_dags/example_bash_operator.py
[2024-02-07T09:10:23.673+0000] {logging_mixin.py:188} INFO - [2024-02-07T09:10:23.673+0000] {dag.py:3033} INFO - Sync 1 DAGs
[2024-02-07T09:10:23.694+0000] {logging_mixin.py:188} INFO - [2024-02-07T09:10:23.694+0000] {dag.py:3820} INFO - Setting next_dagrun for example_bash_operator to 2024-02-06T00:00:00+00:00, run_after=2024-02-07T00:00:00+00:00
[2024-02-07T09:10:23.719+0000] {processor.py:183} INFO - Processing /home/airflow/.local/lib/python3.8/site-packages/airflow/example_dags/example_bash_operator.py took 0.101 seconds
[2024-02-07T09:10:53.844+0000] {processor.py:161} INFO - Started process (PID=3498) to work on /home/airflow/.local/lib/python3.8/site-packages/airflow/example_dags/example_bash_operator.py
[2024-02-07T09:10:53.845+0000] {processor.py:830} INFO - Processing file /home/airflow/.local/lib/python3.8/site-packages/airflow/example_dags/example_bash_operator.py for tasks to queue
[2024-02-07T09:10:53.848+0000] {logging_mixin.py:188} INFO - [2024-02-07T09:10:53.847+0000] {dagbag.py:538} INFO - Filling up the DagBag from /home/airflow/.local/lib/python3.8/site-packages/airflow/example_dags/example_bash_operator.py
[2024-02-07T09:10:53.858+0000] {processor.py:840} INFO - DAG(s) 'example_bash_operator' retrieved from /home/airflow/.local/lib/python3.8/site-packages/airflow/example_dags/example_bash_operator.py
[2024-02-07T09:10:53.893+0000] {logging_mixin.py:188} INFO - [2024-02-07T09:10:53.893+0000] {dag.py:3033} INFO - Sync 1 DAGs
[2024-02-07T09:10:53.920+0000] {logging_mixin.py:188} INFO - [2024-02-07T09:10:53.920+0000] {dag.py:3820} INFO - Setting next_dagrun for example_bash_operator to 2024-02-06T00:00:00+00:00, run_after=2024-02-07T00:00:00+00:00
[2024-02-07T09:10:53.942+0000] {processor.py:183} INFO - Processing /home/airflow/.local/lib/python3.8/site-packages/airflow/example_dags/example_bash_operator.py took 0.102 seconds
[2024-02-07T09:11:24.119+0000] {processor.py:161} INFO - Started process (PID=3555) to work on /home/airflow/.local/lib/python3.8/site-packages/airflow/example_dags/example_bash_operator.py
[2024-02-07T09:11:24.120+0000] {processor.py:830} INFO - Processing file /home/airflow/.local/lib/python3.8/site-packages/airflow/example_dags/example_bash_operator.py for tasks to queue
[2024-02-07T09:11:24.123+0000] {logging_mixin.py:188} INFO - [2024-02-07T09:11:24.123+0000] {dagbag.py:538} INFO - Filling up the DagBag from /home/airflow/.local/lib/python3.8/site-packages/airflow/example_dags/example_bash_operator.py
[2024-02-07T09:11:24.140+0000] {processor.py:840} INFO - DAG(s) 'example_bash_operator' retrieved from /home/airflow/.local/lib/python3.8/site-packages/airflow/example_dags/example_bash_operator.py
[2024-02-07T09:11:24.173+0000] {logging_mixin.py:188} INFO - [2024-02-07T09:11:24.173+0000] {dag.py:3033} INFO - Sync 1 DAGs
[2024-02-07T09:11:24.197+0000] {logging_mixin.py:188} INFO - [2024-02-07T09:11:24.197+0000] {dag.py:3820} INFO - Setting next_dagrun for example_bash_operator to 2024-02-06T00:00:00+00:00, run_after=2024-02-07T00:00:00+00:00
[2024-02-07T09:11:24.226+0000] {processor.py:183} INFO - Processing /home/airflow/.local/lib/python3.8/site-packages/airflow/example_dags/example_bash_operator.py took 0.111 seconds
