[2024-02-07T08:40:11.131+0000] {processor.py:161} INFO - Started process (PID=62) to work on /home/airflow/.local/lib/python3.8/site-packages/airflow/example_dags/example_python_operator.py
[2024-02-07T08:40:11.132+0000] {processor.py:830} INFO - Processing file /home/airflow/.local/lib/python3.8/site-packages/airflow/example_dags/example_python_operator.py for tasks to queue
[2024-02-07T08:40:11.135+0000] {logging_mixin.py:188} INFO - [2024-02-07T08:40:11.135+0000] {dagbag.py:538} INFO - Filling up the DagBag from /home/airflow/.local/lib/python3.8/site-packages/airflow/example_dags/example_python_operator.py
[2024-02-07T08:40:11.154+0000] {processor.py:840} INFO - DAG(s) 'example_python_operator' retrieved from /home/airflow/.local/lib/python3.8/site-packages/airflow/example_dags/example_python_operator.py
[2024-02-07T08:40:11.290+0000] {logging_mixin.py:188} INFO - [2024-02-07T08:40:11.290+0000] {dag.py:3033} INFO - Sync 1 DAGs
[2024-02-07T08:40:11.305+0000] {logging_mixin.py:188} INFO - [2024-02-07T08:40:11.305+0000] {dag.py:3820} INFO - Setting next_dagrun for example_python_operator to None, run_after=None
[2024-02-07T08:40:11.329+0000] {processor.py:183} INFO - Processing /home/airflow/.local/lib/python3.8/site-packages/airflow/example_dags/example_python_operator.py took 0.202 seconds
[2024-02-07T08:40:41.795+0000] {processor.py:161} INFO - Started process (PID=119) to work on /home/airflow/.local/lib/python3.8/site-packages/airflow/example_dags/example_python_operator.py
[2024-02-07T08:40:41.796+0000] {processor.py:830} INFO - Processing file /home/airflow/.local/lib/python3.8/site-packages/airflow/example_dags/example_python_operator.py for tasks to queue
[2024-02-07T08:40:41.798+0000] {logging_mixin.py:188} INFO - [2024-02-07T08:40:41.798+0000] {dagbag.py:538} INFO - Filling up the DagBag from /home/airflow/.local/lib/python3.8/site-packages/airflow/example_dags/example_python_operator.py
[2024-02-07T08:40:41.808+0000] {processor.py:840} INFO - DAG(s) 'example_python_operator' retrieved from /home/airflow/.local/lib/python3.8/site-packages/airflow/example_dags/example_python_operator.py
[2024-02-07T08:40:41.832+0000] {logging_mixin.py:188} INFO - [2024-02-07T08:40:41.831+0000] {dag.py:3033} INFO - Sync 1 DAGs
[2024-02-07T08:40:41.844+0000] {logging_mixin.py:188} INFO - [2024-02-07T08:40:41.844+0000] {dag.py:3820} INFO - Setting next_dagrun for example_python_operator to None, run_after=None
[2024-02-07T08:40:41.863+0000] {processor.py:183} INFO - Processing /home/airflow/.local/lib/python3.8/site-packages/airflow/example_dags/example_python_operator.py took 0.071 seconds
[2024-02-07T08:41:12.480+0000] {processor.py:161} INFO - Started process (PID=176) to work on /home/airflow/.local/lib/python3.8/site-packages/airflow/example_dags/example_python_operator.py
[2024-02-07T08:41:12.481+0000] {processor.py:830} INFO - Processing file /home/airflow/.local/lib/python3.8/site-packages/airflow/example_dags/example_python_operator.py for tasks to queue
[2024-02-07T08:41:12.485+0000] {logging_mixin.py:188} INFO - [2024-02-07T08:41:12.485+0000] {dagbag.py:538} INFO - Filling up the DagBag from /home/airflow/.local/lib/python3.8/site-packages/airflow/example_dags/example_python_operator.py
[2024-02-07T08:41:12.500+0000] {processor.py:840} INFO - DAG(s) 'example_python_operator' retrieved from /home/airflow/.local/lib/python3.8/site-packages/airflow/example_dags/example_python_operator.py
[2024-02-07T08:41:12.524+0000] {logging_mixin.py:188} INFO - [2024-02-07T08:41:12.524+0000] {dag.py:3033} INFO - Sync 1 DAGs
[2024-02-07T08:41:12.540+0000] {logging_mixin.py:188} INFO - [2024-02-07T08:41:12.539+0000] {dag.py:3820} INFO - Setting next_dagrun for example_python_operator to None, run_after=None
[2024-02-07T08:41:12.564+0000] {processor.py:183} INFO - Processing /home/airflow/.local/lib/python3.8/site-packages/airflow/example_dags/example_python_operator.py took 0.089 seconds
[2024-02-07T08:41:43.548+0000] {processor.py:161} INFO - Started process (PID=233) to work on /home/airflow/.local/lib/python3.8/site-packages/airflow/example_dags/example_python_operator.py
[2024-02-07T08:41:43.549+0000] {processor.py:830} INFO - Processing file /home/airflow/.local/lib/python3.8/site-packages/airflow/example_dags/example_python_operator.py for tasks to queue
[2024-02-07T08:41:43.552+0000] {logging_mixin.py:188} INFO - [2024-02-07T08:41:43.552+0000] {dagbag.py:538} INFO - Filling up the DagBag from /home/airflow/.local/lib/python3.8/site-packages/airflow/example_dags/example_python_operator.py
[2024-02-07T08:41:43.565+0000] {processor.py:840} INFO - DAG(s) 'example_python_operator' retrieved from /home/airflow/.local/lib/python3.8/site-packages/airflow/example_dags/example_python_operator.py
[2024-02-07T08:41:43.591+0000] {logging_mixin.py:188} INFO - [2024-02-07T08:41:43.591+0000] {dag.py:3033} INFO - Sync 1 DAGs
[2024-02-07T08:41:43.603+0000] {logging_mixin.py:188} INFO - [2024-02-07T08:41:43.603+0000] {dag.py:3820} INFO - Setting next_dagrun for example_python_operator to None, run_after=None
[2024-02-07T08:41:43.625+0000] {processor.py:183} INFO - Processing /home/airflow/.local/lib/python3.8/site-packages/airflow/example_dags/example_python_operator.py took 0.082 seconds
[2024-02-07T08:42:13.724+0000] {processor.py:161} INFO - Started process (PID=291) to work on /home/airflow/.local/lib/python3.8/site-packages/airflow/example_dags/example_python_operator.py
[2024-02-07T08:42:13.725+0000] {processor.py:830} INFO - Processing file /home/airflow/.local/lib/python3.8/site-packages/airflow/example_dags/example_python_operator.py for tasks to queue
[2024-02-07T08:42:13.727+0000] {logging_mixin.py:188} INFO - [2024-02-07T08:42:13.727+0000] {dagbag.py:538} INFO - Filling up the DagBag from /home/airflow/.local/lib/python3.8/site-packages/airflow/example_dags/example_python_operator.py
[2024-02-07T08:42:13.739+0000] {processor.py:840} INFO - DAG(s) 'example_python_operator' retrieved from /home/airflow/.local/lib/python3.8/site-packages/airflow/example_dags/example_python_operator.py
[2024-02-07T08:42:13.762+0000] {logging_mixin.py:188} INFO - [2024-02-07T08:42:13.762+0000] {dag.py:3033} INFO - Sync 1 DAGs
[2024-02-07T08:42:13.774+0000] {logging_mixin.py:188} INFO - [2024-02-07T08:42:13.773+0000] {dag.py:3820} INFO - Setting next_dagrun for example_python_operator to None, run_after=None
[2024-02-07T08:42:13.794+0000] {processor.py:183} INFO - Processing /home/airflow/.local/lib/python3.8/site-packages/airflow/example_dags/example_python_operator.py took 0.074 seconds
[2024-02-07T08:42:44.654+0000] {processor.py:161} INFO - Started process (PID=348) to work on /home/airflow/.local/lib/python3.8/site-packages/airflow/example_dags/example_python_operator.py
[2024-02-07T08:42:44.656+0000] {processor.py:830} INFO - Processing file /home/airflow/.local/lib/python3.8/site-packages/airflow/example_dags/example_python_operator.py for tasks to queue
[2024-02-07T08:42:44.659+0000] {logging_mixin.py:188} INFO - [2024-02-07T08:42:44.658+0000] {dagbag.py:538} INFO - Filling up the DagBag from /home/airflow/.local/lib/python3.8/site-packages/airflow/example_dags/example_python_operator.py
[2024-02-07T08:42:44.672+0000] {processor.py:840} INFO - DAG(s) 'example_python_operator' retrieved from /home/airflow/.local/lib/python3.8/site-packages/airflow/example_dags/example_python_operator.py
[2024-02-07T08:42:44.697+0000] {logging_mixin.py:188} INFO - [2024-02-07T08:42:44.697+0000] {dag.py:3033} INFO - Sync 1 DAGs
[2024-02-07T08:42:44.717+0000] {logging_mixin.py:188} INFO - [2024-02-07T08:42:44.717+0000] {dag.py:3820} INFO - Setting next_dagrun for example_python_operator to None, run_after=None
[2024-02-07T08:42:44.748+0000] {processor.py:183} INFO - Processing /home/airflow/.local/lib/python3.8/site-packages/airflow/example_dags/example_python_operator.py took 0.099 seconds
[2024-02-07T08:43:15.482+0000] {processor.py:161} INFO - Started process (PID=405) to work on /home/airflow/.local/lib/python3.8/site-packages/airflow/example_dags/example_python_operator.py
[2024-02-07T08:43:15.483+0000] {processor.py:830} INFO - Processing file /home/airflow/.local/lib/python3.8/site-packages/airflow/example_dags/example_python_operator.py for tasks to queue
[2024-02-07T08:43:15.486+0000] {logging_mixin.py:188} INFO - [2024-02-07T08:43:15.486+0000] {dagbag.py:538} INFO - Filling up the DagBag from /home/airflow/.local/lib/python3.8/site-packages/airflow/example_dags/example_python_operator.py
[2024-02-07T08:43:15.500+0000] {processor.py:840} INFO - DAG(s) 'example_python_operator' retrieved from /home/airflow/.local/lib/python3.8/site-packages/airflow/example_dags/example_python_operator.py
[2024-02-07T08:43:15.528+0000] {logging_mixin.py:188} INFO - [2024-02-07T08:43:15.527+0000] {dag.py:3033} INFO - Sync 1 DAGs
[2024-02-07T08:43:15.544+0000] {logging_mixin.py:188} INFO - [2024-02-07T08:43:15.544+0000] {dag.py:3820} INFO - Setting next_dagrun for example_python_operator to None, run_after=None
[2024-02-07T08:43:15.567+0000] {processor.py:183} INFO - Processing /home/airflow/.local/lib/python3.8/site-packages/airflow/example_dags/example_python_operator.py took 0.091 seconds
[2024-02-07T08:43:45.962+0000] {processor.py:161} INFO - Started process (PID=462) to work on /home/airflow/.local/lib/python3.8/site-packages/airflow/example_dags/example_python_operator.py
[2024-02-07T08:43:45.963+0000] {processor.py:830} INFO - Processing file /home/airflow/.local/lib/python3.8/site-packages/airflow/example_dags/example_python_operator.py for tasks to queue
[2024-02-07T08:43:45.965+0000] {logging_mixin.py:188} INFO - [2024-02-07T08:43:45.965+0000] {dagbag.py:538} INFO - Filling up the DagBag from /home/airflow/.local/lib/python3.8/site-packages/airflow/example_dags/example_python_operator.py
[2024-02-07T08:43:45.976+0000] {processor.py:840} INFO - DAG(s) 'example_python_operator' retrieved from /home/airflow/.local/lib/python3.8/site-packages/airflow/example_dags/example_python_operator.py
[2024-02-07T08:43:46.002+0000] {logging_mixin.py:188} INFO - [2024-02-07T08:43:46.002+0000] {dag.py:3033} INFO - Sync 1 DAGs
[2024-02-07T08:43:46.020+0000] {logging_mixin.py:188} INFO - [2024-02-07T08:43:46.020+0000] {dag.py:3820} INFO - Setting next_dagrun for example_python_operator to None, run_after=None
[2024-02-07T08:43:46.042+0000] {processor.py:183} INFO - Processing /home/airflow/.local/lib/python3.8/site-packages/airflow/example_dags/example_python_operator.py took 0.084 seconds
[2024-02-07T08:44:16.827+0000] {processor.py:161} INFO - Started process (PID=519) to work on /home/airflow/.local/lib/python3.8/site-packages/airflow/example_dags/example_python_operator.py
[2024-02-07T08:44:16.828+0000] {processor.py:830} INFO - Processing file /home/airflow/.local/lib/python3.8/site-packages/airflow/example_dags/example_python_operator.py for tasks to queue
[2024-02-07T08:44:16.831+0000] {logging_mixin.py:188} INFO - [2024-02-07T08:44:16.830+0000] {dagbag.py:538} INFO - Filling up the DagBag from /home/airflow/.local/lib/python3.8/site-packages/airflow/example_dags/example_python_operator.py
[2024-02-07T08:44:16.852+0000] {processor.py:840} INFO - DAG(s) 'example_python_operator' retrieved from /home/airflow/.local/lib/python3.8/site-packages/airflow/example_dags/example_python_operator.py
[2024-02-07T08:44:16.901+0000] {logging_mixin.py:188} INFO - [2024-02-07T08:44:16.899+0000] {dag.py:3033} INFO - Sync 1 DAGs
[2024-02-07T08:44:16.927+0000] {logging_mixin.py:188} INFO - [2024-02-07T08:44:16.926+0000] {dag.py:3820} INFO - Setting next_dagrun for example_python_operator to None, run_after=None
[2024-02-07T08:44:17.017+0000] {processor.py:183} INFO - Processing /home/airflow/.local/lib/python3.8/site-packages/airflow/example_dags/example_python_operator.py took 0.195 seconds
[2024-02-07T08:44:47.187+0000] {processor.py:161} INFO - Started process (PID=576) to work on /home/airflow/.local/lib/python3.8/site-packages/airflow/example_dags/example_python_operator.py
[2024-02-07T08:44:47.188+0000] {processor.py:830} INFO - Processing file /home/airflow/.local/lib/python3.8/site-packages/airflow/example_dags/example_python_operator.py for tasks to queue
[2024-02-07T08:44:47.190+0000] {logging_mixin.py:188} INFO - [2024-02-07T08:44:47.190+0000] {dagbag.py:538} INFO - Filling up the DagBag from /home/airflow/.local/lib/python3.8/site-packages/airflow/example_dags/example_python_operator.py
[2024-02-07T08:44:47.204+0000] {processor.py:840} INFO - DAG(s) 'example_python_operator' retrieved from /home/airflow/.local/lib/python3.8/site-packages/airflow/example_dags/example_python_operator.py
[2024-02-07T08:44:47.289+0000] {logging_mixin.py:188} INFO - [2024-02-07T08:44:47.289+0000] {dag.py:3033} INFO - Sync 1 DAGs
[2024-02-07T08:44:47.306+0000] {logging_mixin.py:188} INFO - [2024-02-07T08:44:47.306+0000] {dag.py:3820} INFO - Setting next_dagrun for example_python_operator to None, run_after=None
[2024-02-07T08:44:47.336+0000] {processor.py:183} INFO - Processing /home/airflow/.local/lib/python3.8/site-packages/airflow/example_dags/example_python_operator.py took 0.154 seconds
[2024-02-07T08:45:17.592+0000] {processor.py:161} INFO - Started process (PID=633) to work on /home/airflow/.local/lib/python3.8/site-packages/airflow/example_dags/example_python_operator.py
[2024-02-07T08:45:17.593+0000] {processor.py:830} INFO - Processing file /home/airflow/.local/lib/python3.8/site-packages/airflow/example_dags/example_python_operator.py for tasks to queue
[2024-02-07T08:45:17.596+0000] {logging_mixin.py:188} INFO - [2024-02-07T08:45:17.595+0000] {dagbag.py:538} INFO - Filling up the DagBag from /home/airflow/.local/lib/python3.8/site-packages/airflow/example_dags/example_python_operator.py
[2024-02-07T08:45:17.607+0000] {processor.py:840} INFO - DAG(s) 'example_python_operator' retrieved from /home/airflow/.local/lib/python3.8/site-packages/airflow/example_dags/example_python_operator.py
[2024-02-07T08:45:17.635+0000] {logging_mixin.py:188} INFO - [2024-02-07T08:45:17.635+0000] {dag.py:3033} INFO - Sync 1 DAGs
[2024-02-07T08:45:17.651+0000] {logging_mixin.py:188} INFO - [2024-02-07T08:45:17.651+0000] {dag.py:3820} INFO - Setting next_dagrun for example_python_operator to None, run_after=None
[2024-02-07T08:45:17.685+0000] {processor.py:183} INFO - Processing /home/airflow/.local/lib/python3.8/site-packages/airflow/example_dags/example_python_operator.py took 0.098 seconds
[2024-02-07T08:45:48.623+0000] {processor.py:161} INFO - Started process (PID=690) to work on /home/airflow/.local/lib/python3.8/site-packages/airflow/example_dags/example_python_operator.py
[2024-02-07T08:45:48.624+0000] {processor.py:830} INFO - Processing file /home/airflow/.local/lib/python3.8/site-packages/airflow/example_dags/example_python_operator.py for tasks to queue
[2024-02-07T08:45:48.626+0000] {logging_mixin.py:188} INFO - [2024-02-07T08:45:48.626+0000] {dagbag.py:538} INFO - Filling up the DagBag from /home/airflow/.local/lib/python3.8/site-packages/airflow/example_dags/example_python_operator.py
[2024-02-07T08:45:48.636+0000] {processor.py:840} INFO - DAG(s) 'example_python_operator' retrieved from /home/airflow/.local/lib/python3.8/site-packages/airflow/example_dags/example_python_operator.py
[2024-02-07T08:45:48.658+0000] {logging_mixin.py:188} INFO - [2024-02-07T08:45:48.658+0000] {dag.py:3033} INFO - Sync 1 DAGs
[2024-02-07T08:45:48.671+0000] {logging_mixin.py:188} INFO - [2024-02-07T08:45:48.671+0000] {dag.py:3820} INFO - Setting next_dagrun for example_python_operator to None, run_after=None
[2024-02-07T08:45:48.696+0000] {processor.py:183} INFO - Processing /home/airflow/.local/lib/python3.8/site-packages/airflow/example_dags/example_python_operator.py took 0.077 seconds
[2024-02-07T08:46:19.713+0000] {processor.py:161} INFO - Started process (PID=747) to work on /home/airflow/.local/lib/python3.8/site-packages/airflow/example_dags/example_python_operator.py
[2024-02-07T08:46:19.714+0000] {processor.py:830} INFO - Processing file /home/airflow/.local/lib/python3.8/site-packages/airflow/example_dags/example_python_operator.py for tasks to queue
[2024-02-07T08:46:19.717+0000] {logging_mixin.py:188} INFO - [2024-02-07T08:46:19.716+0000] {dagbag.py:538} INFO - Filling up the DagBag from /home/airflow/.local/lib/python3.8/site-packages/airflow/example_dags/example_python_operator.py
[2024-02-07T08:46:19.729+0000] {processor.py:840} INFO - DAG(s) 'example_python_operator' retrieved from /home/airflow/.local/lib/python3.8/site-packages/airflow/example_dags/example_python_operator.py
[2024-02-07T08:46:19.754+0000] {logging_mixin.py:188} INFO - [2024-02-07T08:46:19.753+0000] {dag.py:3033} INFO - Sync 1 DAGs
[2024-02-07T08:46:19.773+0000] {logging_mixin.py:188} INFO - [2024-02-07T08:46:19.772+0000] {dag.py:3820} INFO - Setting next_dagrun for example_python_operator to None, run_after=None
[2024-02-07T08:46:19.806+0000] {processor.py:183} INFO - Processing /home/airflow/.local/lib/python3.8/site-packages/airflow/example_dags/example_python_operator.py took 0.097 seconds
[2024-02-07T08:46:49.999+0000] {processor.py:161} INFO - Started process (PID=804) to work on /home/airflow/.local/lib/python3.8/site-packages/airflow/example_dags/example_python_operator.py
[2024-02-07T08:46:50.000+0000] {processor.py:830} INFO - Processing file /home/airflow/.local/lib/python3.8/site-packages/airflow/example_dags/example_python_operator.py for tasks to queue
[2024-02-07T08:46:50.004+0000] {logging_mixin.py:188} INFO - [2024-02-07T08:46:50.003+0000] {dagbag.py:538} INFO - Filling up the DagBag from /home/airflow/.local/lib/python3.8/site-packages/airflow/example_dags/example_python_operator.py
[2024-02-07T08:46:50.018+0000] {processor.py:840} INFO - DAG(s) 'example_python_operator' retrieved from /home/airflow/.local/lib/python3.8/site-packages/airflow/example_dags/example_python_operator.py
[2024-02-07T08:46:50.051+0000] {logging_mixin.py:188} INFO - [2024-02-07T08:46:50.051+0000] {dag.py:3033} INFO - Sync 1 DAGs
[2024-02-07T08:46:50.072+0000] {logging_mixin.py:188} INFO - [2024-02-07T08:46:50.072+0000] {dag.py:3820} INFO - Setting next_dagrun for example_python_operator to None, run_after=None
[2024-02-07T08:46:50.116+0000] {processor.py:183} INFO - Processing /home/airflow/.local/lib/python3.8/site-packages/airflow/example_dags/example_python_operator.py took 0.121 seconds
[2024-02-07T08:47:20.242+0000] {processor.py:161} INFO - Started process (PID=859) to work on /home/airflow/.local/lib/python3.8/site-packages/airflow/example_dags/example_python_operator.py
[2024-02-07T08:47:20.243+0000] {processor.py:830} INFO - Processing file /home/airflow/.local/lib/python3.8/site-packages/airflow/example_dags/example_python_operator.py for tasks to queue
[2024-02-07T08:47:20.248+0000] {logging_mixin.py:188} INFO - [2024-02-07T08:47:20.247+0000] {dagbag.py:538} INFO - Filling up the DagBag from /home/airflow/.local/lib/python3.8/site-packages/airflow/example_dags/example_python_operator.py
[2024-02-07T08:47:20.265+0000] {processor.py:840} INFO - DAG(s) 'example_python_operator' retrieved from /home/airflow/.local/lib/python3.8/site-packages/airflow/example_dags/example_python_operator.py
[2024-02-07T08:47:20.296+0000] {logging_mixin.py:188} INFO - [2024-02-07T08:47:20.295+0000] {dag.py:3033} INFO - Sync 1 DAGs
[2024-02-07T08:47:20.311+0000] {logging_mixin.py:188} INFO - [2024-02-07T08:47:20.311+0000] {dag.py:3820} INFO - Setting next_dagrun for example_python_operator to None, run_after=None
[2024-02-07T08:47:20.337+0000] {processor.py:183} INFO - Processing /home/airflow/.local/lib/python3.8/site-packages/airflow/example_dags/example_python_operator.py took 0.100 seconds
[2024-02-07T08:47:50.464+0000] {processor.py:161} INFO - Started process (PID=916) to work on /home/airflow/.local/lib/python3.8/site-packages/airflow/example_dags/example_python_operator.py
[2024-02-07T08:47:50.465+0000] {processor.py:830} INFO - Processing file /home/airflow/.local/lib/python3.8/site-packages/airflow/example_dags/example_python_operator.py for tasks to queue
[2024-02-07T08:47:50.468+0000] {logging_mixin.py:188} INFO - [2024-02-07T08:47:50.468+0000] {dagbag.py:538} INFO - Filling up the DagBag from /home/airflow/.local/lib/python3.8/site-packages/airflow/example_dags/example_python_operator.py
[2024-02-07T08:47:50.478+0000] {processor.py:840} INFO - DAG(s) 'example_python_operator' retrieved from /home/airflow/.local/lib/python3.8/site-packages/airflow/example_dags/example_python_operator.py
[2024-02-07T08:47:50.501+0000] {logging_mixin.py:188} INFO - [2024-02-07T08:47:50.500+0000] {dag.py:3033} INFO - Sync 1 DAGs
[2024-02-07T08:47:50.512+0000] {logging_mixin.py:188} INFO - [2024-02-07T08:47:50.512+0000] {dag.py:3820} INFO - Setting next_dagrun for example_python_operator to None, run_after=None
[2024-02-07T08:47:50.535+0000] {processor.py:183} INFO - Processing /home/airflow/.local/lib/python3.8/site-packages/airflow/example_dags/example_python_operator.py took 0.074 seconds
[2024-02-07T08:48:20.893+0000] {processor.py:161} INFO - Started process (PID=973) to work on /home/airflow/.local/lib/python3.8/site-packages/airflow/example_dags/example_python_operator.py
[2024-02-07T08:48:20.895+0000] {processor.py:830} INFO - Processing file /home/airflow/.local/lib/python3.8/site-packages/airflow/example_dags/example_python_operator.py for tasks to queue
[2024-02-07T08:48:20.899+0000] {logging_mixin.py:188} INFO - [2024-02-07T08:48:20.898+0000] {dagbag.py:538} INFO - Filling up the DagBag from /home/airflow/.local/lib/python3.8/site-packages/airflow/example_dags/example_python_operator.py
[2024-02-07T08:48:20.909+0000] {processor.py:840} INFO - DAG(s) 'example_python_operator' retrieved from /home/airflow/.local/lib/python3.8/site-packages/airflow/example_dags/example_python_operator.py
[2024-02-07T08:48:20.934+0000] {logging_mixin.py:188} INFO - [2024-02-07T08:48:20.934+0000] {dag.py:3033} INFO - Sync 1 DAGs
[2024-02-07T08:48:20.949+0000] {logging_mixin.py:188} INFO - [2024-02-07T08:48:20.949+0000] {dag.py:3820} INFO - Setting next_dagrun for example_python_operator to None, run_after=None
[2024-02-07T08:48:20.972+0000] {processor.py:183} INFO - Processing /home/airflow/.local/lib/python3.8/site-packages/airflow/example_dags/example_python_operator.py took 0.082 seconds
[2024-02-07T08:48:51.162+0000] {processor.py:161} INFO - Started process (PID=1031) to work on /home/airflow/.local/lib/python3.8/site-packages/airflow/example_dags/example_python_operator.py
[2024-02-07T08:48:51.164+0000] {processor.py:830} INFO - Processing file /home/airflow/.local/lib/python3.8/site-packages/airflow/example_dags/example_python_operator.py for tasks to queue
[2024-02-07T08:48:51.166+0000] {logging_mixin.py:188} INFO - [2024-02-07T08:48:51.166+0000] {dagbag.py:538} INFO - Filling up the DagBag from /home/airflow/.local/lib/python3.8/site-packages/airflow/example_dags/example_python_operator.py
[2024-02-07T08:48:51.177+0000] {processor.py:840} INFO - DAG(s) 'example_python_operator' retrieved from /home/airflow/.local/lib/python3.8/site-packages/airflow/example_dags/example_python_operator.py
[2024-02-07T08:48:51.202+0000] {logging_mixin.py:188} INFO - [2024-02-07T08:48:51.201+0000] {dag.py:3033} INFO - Sync 1 DAGs
[2024-02-07T08:48:51.215+0000] {logging_mixin.py:188} INFO - [2024-02-07T08:48:51.215+0000] {dag.py:3820} INFO - Setting next_dagrun for example_python_operator to None, run_after=None
[2024-02-07T08:48:51.240+0000] {processor.py:183} INFO - Processing /home/airflow/.local/lib/python3.8/site-packages/airflow/example_dags/example_python_operator.py took 0.082 seconds
[2024-02-07T08:49:21.717+0000] {processor.py:161} INFO - Started process (PID=1088) to work on /home/airflow/.local/lib/python3.8/site-packages/airflow/example_dags/example_python_operator.py
[2024-02-07T08:49:21.718+0000] {processor.py:830} INFO - Processing file /home/airflow/.local/lib/python3.8/site-packages/airflow/example_dags/example_python_operator.py for tasks to queue
[2024-02-07T08:49:21.721+0000] {logging_mixin.py:188} INFO - [2024-02-07T08:49:21.721+0000] {dagbag.py:538} INFO - Filling up the DagBag from /home/airflow/.local/lib/python3.8/site-packages/airflow/example_dags/example_python_operator.py
[2024-02-07T08:49:21.733+0000] {processor.py:840} INFO - DAG(s) 'example_python_operator' retrieved from /home/airflow/.local/lib/python3.8/site-packages/airflow/example_dags/example_python_operator.py
[2024-02-07T08:49:21.761+0000] {logging_mixin.py:188} INFO - [2024-02-07T08:49:21.760+0000] {dag.py:3033} INFO - Sync 1 DAGs
[2024-02-07T08:49:21.774+0000] {logging_mixin.py:188} INFO - [2024-02-07T08:49:21.774+0000] {dag.py:3820} INFO - Setting next_dagrun for example_python_operator to None, run_after=None
[2024-02-07T08:49:21.796+0000] {processor.py:183} INFO - Processing /home/airflow/.local/lib/python3.8/site-packages/airflow/example_dags/example_python_operator.py took 0.082 seconds
[2024-02-07T08:49:52.134+0000] {processor.py:161} INFO - Started process (PID=1145) to work on /home/airflow/.local/lib/python3.8/site-packages/airflow/example_dags/example_python_operator.py
[2024-02-07T08:49:52.135+0000] {processor.py:830} INFO - Processing file /home/airflow/.local/lib/python3.8/site-packages/airflow/example_dags/example_python_operator.py for tasks to queue
[2024-02-07T08:49:52.138+0000] {logging_mixin.py:188} INFO - [2024-02-07T08:49:52.137+0000] {dagbag.py:538} INFO - Filling up the DagBag from /home/airflow/.local/lib/python3.8/site-packages/airflow/example_dags/example_python_operator.py
[2024-02-07T08:49:52.150+0000] {processor.py:840} INFO - DAG(s) 'example_python_operator' retrieved from /home/airflow/.local/lib/python3.8/site-packages/airflow/example_dags/example_python_operator.py
[2024-02-07T08:49:52.174+0000] {logging_mixin.py:188} INFO - [2024-02-07T08:49:52.174+0000] {dag.py:3033} INFO - Sync 1 DAGs
[2024-02-07T08:49:52.186+0000] {logging_mixin.py:188} INFO - [2024-02-07T08:49:52.186+0000] {dag.py:3820} INFO - Setting next_dagrun for example_python_operator to None, run_after=None
[2024-02-07T08:49:52.209+0000] {processor.py:183} INFO - Processing /home/airflow/.local/lib/python3.8/site-packages/airflow/example_dags/example_python_operator.py took 0.079 seconds
[2024-02-07T08:50:22.876+0000] {processor.py:161} INFO - Started process (PID=1202) to work on /home/airflow/.local/lib/python3.8/site-packages/airflow/example_dags/example_python_operator.py
[2024-02-07T08:50:22.877+0000] {processor.py:830} INFO - Processing file /home/airflow/.local/lib/python3.8/site-packages/airflow/example_dags/example_python_operator.py for tasks to queue
[2024-02-07T08:50:22.880+0000] {logging_mixin.py:188} INFO - [2024-02-07T08:50:22.880+0000] {dagbag.py:538} INFO - Filling up the DagBag from /home/airflow/.local/lib/python3.8/site-packages/airflow/example_dags/example_python_operator.py
[2024-02-07T08:50:22.894+0000] {processor.py:840} INFO - DAG(s) 'example_python_operator' retrieved from /home/airflow/.local/lib/python3.8/site-packages/airflow/example_dags/example_python_operator.py
[2024-02-07T08:50:22.924+0000] {logging_mixin.py:188} INFO - [2024-02-07T08:50:22.924+0000] {dag.py:3033} INFO - Sync 1 DAGs
[2024-02-07T08:50:22.940+0000] {logging_mixin.py:188} INFO - [2024-02-07T08:50:22.940+0000] {dag.py:3820} INFO - Setting next_dagrun for example_python_operator to None, run_after=None
[2024-02-07T08:50:22.971+0000] {processor.py:183} INFO - Processing /home/airflow/.local/lib/python3.8/site-packages/airflow/example_dags/example_python_operator.py took 0.100 seconds
[2024-02-07T08:50:53.134+0000] {processor.py:161} INFO - Started process (PID=1259) to work on /home/airflow/.local/lib/python3.8/site-packages/airflow/example_dags/example_python_operator.py
[2024-02-07T08:50:53.135+0000] {processor.py:830} INFO - Processing file /home/airflow/.local/lib/python3.8/site-packages/airflow/example_dags/example_python_operator.py for tasks to queue
[2024-02-07T08:50:53.137+0000] {logging_mixin.py:188} INFO - [2024-02-07T08:50:53.137+0000] {dagbag.py:538} INFO - Filling up the DagBag from /home/airflow/.local/lib/python3.8/site-packages/airflow/example_dags/example_python_operator.py
[2024-02-07T08:50:53.148+0000] {processor.py:840} INFO - DAG(s) 'example_python_operator' retrieved from /home/airflow/.local/lib/python3.8/site-packages/airflow/example_dags/example_python_operator.py
[2024-02-07T08:50:53.171+0000] {logging_mixin.py:188} INFO - [2024-02-07T08:50:53.171+0000] {dag.py:3033} INFO - Sync 1 DAGs
[2024-02-07T08:50:53.183+0000] {logging_mixin.py:188} INFO - [2024-02-07T08:50:53.183+0000] {dag.py:3820} INFO - Setting next_dagrun for example_python_operator to None, run_after=None
[2024-02-07T08:50:53.206+0000] {processor.py:183} INFO - Processing /home/airflow/.local/lib/python3.8/site-packages/airflow/example_dags/example_python_operator.py took 0.075 seconds
[2024-02-07T08:51:23.738+0000] {processor.py:161} INFO - Started process (PID=1317) to work on /home/airflow/.local/lib/python3.8/site-packages/airflow/example_dags/example_python_operator.py
[2024-02-07T08:51:23.739+0000] {processor.py:830} INFO - Processing file /home/airflow/.local/lib/python3.8/site-packages/airflow/example_dags/example_python_operator.py for tasks to queue
[2024-02-07T08:51:23.741+0000] {logging_mixin.py:188} INFO - [2024-02-07T08:51:23.741+0000] {dagbag.py:538} INFO - Filling up the DagBag from /home/airflow/.local/lib/python3.8/site-packages/airflow/example_dags/example_python_operator.py
[2024-02-07T08:51:23.753+0000] {processor.py:840} INFO - DAG(s) 'example_python_operator' retrieved from /home/airflow/.local/lib/python3.8/site-packages/airflow/example_dags/example_python_operator.py
[2024-02-07T08:51:23.777+0000] {logging_mixin.py:188} INFO - [2024-02-07T08:51:23.776+0000] {dag.py:3033} INFO - Sync 1 DAGs
[2024-02-07T08:51:23.790+0000] {logging_mixin.py:188} INFO - [2024-02-07T08:51:23.790+0000] {dag.py:3820} INFO - Setting next_dagrun for example_python_operator to None, run_after=None
[2024-02-07T08:51:23.814+0000] {processor.py:183} INFO - Processing /home/airflow/.local/lib/python3.8/site-packages/airflow/example_dags/example_python_operator.py took 0.079 seconds
[2024-02-07T08:51:54.060+0000] {processor.py:161} INFO - Started process (PID=1374) to work on /home/airflow/.local/lib/python3.8/site-packages/airflow/example_dags/example_python_operator.py
[2024-02-07T08:51:54.062+0000] {processor.py:830} INFO - Processing file /home/airflow/.local/lib/python3.8/site-packages/airflow/example_dags/example_python_operator.py for tasks to queue
[2024-02-07T08:51:54.064+0000] {logging_mixin.py:188} INFO - [2024-02-07T08:51:54.064+0000] {dagbag.py:538} INFO - Filling up the DagBag from /home/airflow/.local/lib/python3.8/site-packages/airflow/example_dags/example_python_operator.py
[2024-02-07T08:51:54.079+0000] {processor.py:840} INFO - DAG(s) 'example_python_operator' retrieved from /home/airflow/.local/lib/python3.8/site-packages/airflow/example_dags/example_python_operator.py
[2024-02-07T08:51:54.109+0000] {logging_mixin.py:188} INFO - [2024-02-07T08:51:54.108+0000] {dag.py:3033} INFO - Sync 1 DAGs
[2024-02-07T08:51:54.123+0000] {logging_mixin.py:188} INFO - [2024-02-07T08:51:54.122+0000] {dag.py:3820} INFO - Setting next_dagrun for example_python_operator to None, run_after=None
[2024-02-07T08:51:54.149+0000] {processor.py:183} INFO - Processing /home/airflow/.local/lib/python3.8/site-packages/airflow/example_dags/example_python_operator.py took 0.093 seconds
[2024-02-07T08:52:24.791+0000] {processor.py:161} INFO - Started process (PID=1431) to work on /home/airflow/.local/lib/python3.8/site-packages/airflow/example_dags/example_python_operator.py
[2024-02-07T08:52:24.793+0000] {processor.py:830} INFO - Processing file /home/airflow/.local/lib/python3.8/site-packages/airflow/example_dags/example_python_operator.py for tasks to queue
[2024-02-07T08:52:24.796+0000] {logging_mixin.py:188} INFO - [2024-02-07T08:52:24.795+0000] {dagbag.py:538} INFO - Filling up the DagBag from /home/airflow/.local/lib/python3.8/site-packages/airflow/example_dags/example_python_operator.py
[2024-02-07T08:52:24.810+0000] {processor.py:840} INFO - DAG(s) 'example_python_operator' retrieved from /home/airflow/.local/lib/python3.8/site-packages/airflow/example_dags/example_python_operator.py
[2024-02-07T08:52:24.836+0000] {logging_mixin.py:188} INFO - [2024-02-07T08:52:24.836+0000] {dag.py:3033} INFO - Sync 1 DAGs
[2024-02-07T08:52:24.849+0000] {logging_mixin.py:188} INFO - [2024-02-07T08:52:24.848+0000] {dag.py:3820} INFO - Setting next_dagrun for example_python_operator to None, run_after=None
[2024-02-07T08:52:24.871+0000] {processor.py:183} INFO - Processing /home/airflow/.local/lib/python3.8/site-packages/airflow/example_dags/example_python_operator.py took 0.085 seconds
[2024-02-07T08:52:55.079+0000] {processor.py:161} INFO - Started process (PID=1488) to work on /home/airflow/.local/lib/python3.8/site-packages/airflow/example_dags/example_python_operator.py
[2024-02-07T08:52:55.080+0000] {processor.py:830} INFO - Processing file /home/airflow/.local/lib/python3.8/site-packages/airflow/example_dags/example_python_operator.py for tasks to queue
[2024-02-07T08:52:55.083+0000] {logging_mixin.py:188} INFO - [2024-02-07T08:52:55.083+0000] {dagbag.py:538} INFO - Filling up the DagBag from /home/airflow/.local/lib/python3.8/site-packages/airflow/example_dags/example_python_operator.py
[2024-02-07T08:52:55.096+0000] {processor.py:840} INFO - DAG(s) 'example_python_operator' retrieved from /home/airflow/.local/lib/python3.8/site-packages/airflow/example_dags/example_python_operator.py
[2024-02-07T08:52:55.120+0000] {logging_mixin.py:188} INFO - [2024-02-07T08:52:55.120+0000] {dag.py:3033} INFO - Sync 1 DAGs
[2024-02-07T08:52:55.135+0000] {logging_mixin.py:188} INFO - [2024-02-07T08:52:55.135+0000] {dag.py:3820} INFO - Setting next_dagrun for example_python_operator to None, run_after=None
[2024-02-07T08:52:55.162+0000] {processor.py:183} INFO - Processing /home/airflow/.local/lib/python3.8/site-packages/airflow/example_dags/example_python_operator.py took 0.088 seconds
[2024-02-07T08:53:25.734+0000] {processor.py:161} INFO - Started process (PID=1545) to work on /home/airflow/.local/lib/python3.8/site-packages/airflow/example_dags/example_python_operator.py
[2024-02-07T08:53:25.736+0000] {processor.py:830} INFO - Processing file /home/airflow/.local/lib/python3.8/site-packages/airflow/example_dags/example_python_operator.py for tasks to queue
[2024-02-07T08:53:25.739+0000] {logging_mixin.py:188} INFO - [2024-02-07T08:53:25.739+0000] {dagbag.py:538} INFO - Filling up the DagBag from /home/airflow/.local/lib/python3.8/site-packages/airflow/example_dags/example_python_operator.py
[2024-02-07T08:53:25.752+0000] {processor.py:840} INFO - DAG(s) 'example_python_operator' retrieved from /home/airflow/.local/lib/python3.8/site-packages/airflow/example_dags/example_python_operator.py
[2024-02-07T08:53:25.783+0000] {logging_mixin.py:188} INFO - [2024-02-07T08:53:25.783+0000] {dag.py:3033} INFO - Sync 1 DAGs
[2024-02-07T08:53:25.803+0000] {logging_mixin.py:188} INFO - [2024-02-07T08:53:25.802+0000] {dag.py:3820} INFO - Setting next_dagrun for example_python_operator to None, run_after=None
[2024-02-07T08:53:25.840+0000] {processor.py:183} INFO - Processing /home/airflow/.local/lib/python3.8/site-packages/airflow/example_dags/example_python_operator.py took 0.111 seconds
[2024-02-07T08:53:56.527+0000] {processor.py:161} INFO - Started process (PID=1602) to work on /home/airflow/.local/lib/python3.8/site-packages/airflow/example_dags/example_python_operator.py
[2024-02-07T08:53:56.528+0000] {processor.py:830} INFO - Processing file /home/airflow/.local/lib/python3.8/site-packages/airflow/example_dags/example_python_operator.py for tasks to queue
[2024-02-07T08:53:56.530+0000] {logging_mixin.py:188} INFO - [2024-02-07T08:53:56.530+0000] {dagbag.py:538} INFO - Filling up the DagBag from /home/airflow/.local/lib/python3.8/site-packages/airflow/example_dags/example_python_operator.py
[2024-02-07T08:53:56.541+0000] {processor.py:840} INFO - DAG(s) 'example_python_operator' retrieved from /home/airflow/.local/lib/python3.8/site-packages/airflow/example_dags/example_python_operator.py
[2024-02-07T08:53:56.563+0000] {logging_mixin.py:188} INFO - [2024-02-07T08:53:56.563+0000] {dag.py:3033} INFO - Sync 1 DAGs
[2024-02-07T08:53:56.575+0000] {logging_mixin.py:188} INFO - [2024-02-07T08:53:56.574+0000] {dag.py:3820} INFO - Setting next_dagrun for example_python_operator to None, run_after=None
[2024-02-07T08:53:56.597+0000] {processor.py:183} INFO - Processing /home/airflow/.local/lib/python3.8/site-packages/airflow/example_dags/example_python_operator.py took 0.074 seconds
[2024-02-07T08:54:26.902+0000] {processor.py:161} INFO - Started process (PID=1658) to work on /home/airflow/.local/lib/python3.8/site-packages/airflow/example_dags/example_python_operator.py
[2024-02-07T08:54:26.903+0000] {processor.py:830} INFO - Processing file /home/airflow/.local/lib/python3.8/site-packages/airflow/example_dags/example_python_operator.py for tasks to queue
[2024-02-07T08:54:26.906+0000] {logging_mixin.py:188} INFO - [2024-02-07T08:54:26.906+0000] {dagbag.py:538} INFO - Filling up the DagBag from /home/airflow/.local/lib/python3.8/site-packages/airflow/example_dags/example_python_operator.py
[2024-02-07T08:54:26.919+0000] {processor.py:840} INFO - DAG(s) 'example_python_operator' retrieved from /home/airflow/.local/lib/python3.8/site-packages/airflow/example_dags/example_python_operator.py
[2024-02-07T08:54:26.944+0000] {logging_mixin.py:188} INFO - [2024-02-07T08:54:26.943+0000] {dag.py:3033} INFO - Sync 1 DAGs
[2024-02-07T08:54:26.959+0000] {logging_mixin.py:188} INFO - [2024-02-07T08:54:26.959+0000] {dag.py:3820} INFO - Setting next_dagrun for example_python_operator to None, run_after=None
[2024-02-07T08:54:26.981+0000] {processor.py:183} INFO - Processing /home/airflow/.local/lib/python3.8/site-packages/airflow/example_dags/example_python_operator.py took 0.084 seconds
[2024-02-07T08:54:57.585+0000] {processor.py:161} INFO - Started process (PID=1715) to work on /home/airflow/.local/lib/python3.8/site-packages/airflow/example_dags/example_python_operator.py
[2024-02-07T08:54:57.589+0000] {processor.py:830} INFO - Processing file /home/airflow/.local/lib/python3.8/site-packages/airflow/example_dags/example_python_operator.py for tasks to queue
[2024-02-07T08:54:57.597+0000] {logging_mixin.py:188} INFO - [2024-02-07T08:54:57.596+0000] {dagbag.py:538} INFO - Filling up the DagBag from /home/airflow/.local/lib/python3.8/site-packages/airflow/example_dags/example_python_operator.py
[2024-02-07T08:54:57.631+0000] {processor.py:840} INFO - DAG(s) 'example_python_operator' retrieved from /home/airflow/.local/lib/python3.8/site-packages/airflow/example_dags/example_python_operator.py
[2024-02-07T08:54:57.700+0000] {logging_mixin.py:188} INFO - [2024-02-07T08:54:57.700+0000] {dag.py:3033} INFO - Sync 1 DAGs
[2024-02-07T08:54:57.762+0000] {logging_mixin.py:188} INFO - [2024-02-07T08:54:57.761+0000] {dag.py:3820} INFO - Setting next_dagrun for example_python_operator to None, run_after=None
[2024-02-07T08:54:57.984+0000] {processor.py:183} INFO - Processing /home/airflow/.local/lib/python3.8/site-packages/airflow/example_dags/example_python_operator.py took 0.409 seconds
[2024-02-07T08:55:28.145+0000] {processor.py:161} INFO - Started process (PID=1772) to work on /home/airflow/.local/lib/python3.8/site-packages/airflow/example_dags/example_python_operator.py
[2024-02-07T08:55:28.147+0000] {processor.py:830} INFO - Processing file /home/airflow/.local/lib/python3.8/site-packages/airflow/example_dags/example_python_operator.py for tasks to queue
[2024-02-07T08:55:28.155+0000] {logging_mixin.py:188} INFO - [2024-02-07T08:55:28.154+0000] {dagbag.py:538} INFO - Filling up the DagBag from /home/airflow/.local/lib/python3.8/site-packages/airflow/example_dags/example_python_operator.py
[2024-02-07T08:55:28.186+0000] {processor.py:840} INFO - DAG(s) 'example_python_operator' retrieved from /home/airflow/.local/lib/python3.8/site-packages/airflow/example_dags/example_python_operator.py
[2024-02-07T08:55:28.251+0000] {logging_mixin.py:188} INFO - [2024-02-07T08:55:28.251+0000] {dag.py:3033} INFO - Sync 1 DAGs
[2024-02-07T08:55:28.296+0000] {logging_mixin.py:188} INFO - [2024-02-07T08:55:28.295+0000] {dag.py:3820} INFO - Setting next_dagrun for example_python_operator to None, run_after=None
[2024-02-07T08:55:28.342+0000] {processor.py:183} INFO - Processing /home/airflow/.local/lib/python3.8/site-packages/airflow/example_dags/example_python_operator.py took 0.212 seconds
[2024-02-07T08:56:05.946+0000] {processor.py:161} INFO - Started process (PID=1837) to work on /home/airflow/.local/lib/python3.8/site-packages/airflow/example_dags/example_python_operator.py
[2024-02-07T08:56:05.960+0000] {processor.py:830} INFO - Processing file /home/airflow/.local/lib/python3.8/site-packages/airflow/example_dags/example_python_operator.py for tasks to queue
[2024-02-07T08:56:05.969+0000] {logging_mixin.py:188} INFO - [2024-02-07T08:56:05.968+0000] {dagbag.py:538} INFO - Filling up the DagBag from /home/airflow/.local/lib/python3.8/site-packages/airflow/example_dags/example_python_operator.py
[2024-02-07T08:56:06.070+0000] {processor.py:840} INFO - DAG(s) 'example_python_operator' retrieved from /home/airflow/.local/lib/python3.8/site-packages/airflow/example_dags/example_python_operator.py
[2024-02-07T08:56:06.238+0000] {logging_mixin.py:188} INFO - [2024-02-07T08:56:06.237+0000] {dag.py:3033} INFO - Sync 1 DAGs
[2024-02-07T08:56:06.364+0000] {logging_mixin.py:188} INFO - [2024-02-07T08:56:06.364+0000] {dag.py:3820} INFO - Setting next_dagrun for example_python_operator to None, run_after=None
[2024-02-07T08:56:06.529+0000] {processor.py:183} INFO - Processing /home/airflow/.local/lib/python3.8/site-packages/airflow/example_dags/example_python_operator.py took 0.619 seconds
[2024-02-07T08:56:36.949+0000] {processor.py:161} INFO - Started process (PID=1894) to work on /home/airflow/.local/lib/python3.8/site-packages/airflow/example_dags/example_python_operator.py
[2024-02-07T08:56:37.018+0000] {processor.py:830} INFO - Processing file /home/airflow/.local/lib/python3.8/site-packages/airflow/example_dags/example_python_operator.py for tasks to queue
[2024-02-07T08:56:37.025+0000] {logging_mixin.py:188} INFO - [2024-02-07T08:56:37.024+0000] {dagbag.py:538} INFO - Filling up the DagBag from /home/airflow/.local/lib/python3.8/site-packages/airflow/example_dags/example_python_operator.py
[2024-02-07T08:56:37.070+0000] {processor.py:840} INFO - DAG(s) 'example_python_operator' retrieved from /home/airflow/.local/lib/python3.8/site-packages/airflow/example_dags/example_python_operator.py
[2024-02-07T08:56:37.138+0000] {logging_mixin.py:188} INFO - [2024-02-07T08:56:37.137+0000] {dag.py:3033} INFO - Sync 1 DAGs
[2024-02-07T08:56:37.371+0000] {logging_mixin.py:188} INFO - [2024-02-07T08:56:37.371+0000] {dag.py:3820} INFO - Setting next_dagrun for example_python_operator to None, run_after=None
[2024-02-07T08:56:37.420+0000] {processor.py:183} INFO - Processing /home/airflow/.local/lib/python3.8/site-packages/airflow/example_dags/example_python_operator.py took 0.491 seconds
[2024-02-07T08:57:07.760+0000] {processor.py:161} INFO - Started process (PID=1951) to work on /home/airflow/.local/lib/python3.8/site-packages/airflow/example_dags/example_python_operator.py
[2024-02-07T08:57:07.762+0000] {processor.py:830} INFO - Processing file /home/airflow/.local/lib/python3.8/site-packages/airflow/example_dags/example_python_operator.py for tasks to queue
[2024-02-07T08:57:07.766+0000] {logging_mixin.py:188} INFO - [2024-02-07T08:57:07.766+0000] {dagbag.py:538} INFO - Filling up the DagBag from /home/airflow/.local/lib/python3.8/site-packages/airflow/example_dags/example_python_operator.py
[2024-02-07T08:57:07.796+0000] {processor.py:840} INFO - DAG(s) 'example_python_operator' retrieved from /home/airflow/.local/lib/python3.8/site-packages/airflow/example_dags/example_python_operator.py
[2024-02-07T08:57:07.855+0000] {logging_mixin.py:188} INFO - [2024-02-07T08:57:07.854+0000] {dag.py:3033} INFO - Sync 1 DAGs
[2024-02-07T08:57:08.161+0000] {logging_mixin.py:188} INFO - [2024-02-07T08:57:08.161+0000] {dag.py:3820} INFO - Setting next_dagrun for example_python_operator to None, run_after=None
[2024-02-07T08:57:08.215+0000] {processor.py:183} INFO - Processing /home/airflow/.local/lib/python3.8/site-packages/airflow/example_dags/example_python_operator.py took 0.461 seconds
[2024-02-07T08:57:38.474+0000] {processor.py:161} INFO - Started process (PID=2009) to work on /home/airflow/.local/lib/python3.8/site-packages/airflow/example_dags/example_python_operator.py
[2024-02-07T08:57:38.476+0000] {processor.py:830} INFO - Processing file /home/airflow/.local/lib/python3.8/site-packages/airflow/example_dags/example_python_operator.py for tasks to queue
[2024-02-07T08:57:38.482+0000] {logging_mixin.py:188} INFO - [2024-02-07T08:57:38.481+0000] {dagbag.py:538} INFO - Filling up the DagBag from /home/airflow/.local/lib/python3.8/site-packages/airflow/example_dags/example_python_operator.py
[2024-02-07T08:57:38.507+0000] {processor.py:840} INFO - DAG(s) 'example_python_operator' retrieved from /home/airflow/.local/lib/python3.8/site-packages/airflow/example_dags/example_python_operator.py
[2024-02-07T08:57:38.858+0000] {logging_mixin.py:188} INFO - [2024-02-07T08:57:38.857+0000] {dag.py:3033} INFO - Sync 1 DAGs
[2024-02-07T08:57:38.886+0000] {logging_mixin.py:188} INFO - [2024-02-07T08:57:38.885+0000] {dag.py:3820} INFO - Setting next_dagrun for example_python_operator to None, run_after=None
[2024-02-07T08:57:38.939+0000] {processor.py:183} INFO - Processing /home/airflow/.local/lib/python3.8/site-packages/airflow/example_dags/example_python_operator.py took 0.475 seconds
[2024-02-07T08:58:09.243+0000] {processor.py:161} INFO - Started process (PID=2066) to work on /home/airflow/.local/lib/python3.8/site-packages/airflow/example_dags/example_python_operator.py
[2024-02-07T08:58:09.246+0000] {processor.py:830} INFO - Processing file /home/airflow/.local/lib/python3.8/site-packages/airflow/example_dags/example_python_operator.py for tasks to queue
[2024-02-07T08:58:09.253+0000] {logging_mixin.py:188} INFO - [2024-02-07T08:58:09.252+0000] {dagbag.py:538} INFO - Filling up the DagBag from /home/airflow/.local/lib/python3.8/site-packages/airflow/example_dags/example_python_operator.py
[2024-02-07T08:58:09.287+0000] {processor.py:840} INFO - DAG(s) 'example_python_operator' retrieved from /home/airflow/.local/lib/python3.8/site-packages/airflow/example_dags/example_python_operator.py
[2024-02-07T08:58:09.532+0000] {logging_mixin.py:188} INFO - [2024-02-07T08:58:09.532+0000] {dag.py:3033} INFO - Sync 1 DAGs
[2024-02-07T08:58:09.557+0000] {logging_mixin.py:188} INFO - [2024-02-07T08:58:09.557+0000] {dag.py:3820} INFO - Setting next_dagrun for example_python_operator to None, run_after=None
[2024-02-07T08:58:09.618+0000] {processor.py:183} INFO - Processing /home/airflow/.local/lib/python3.8/site-packages/airflow/example_dags/example_python_operator.py took 0.385 seconds
[2024-02-07T08:58:40.018+0000] {processor.py:161} INFO - Started process (PID=2123) to work on /home/airflow/.local/lib/python3.8/site-packages/airflow/example_dags/example_python_operator.py
[2024-02-07T08:58:40.020+0000] {processor.py:830} INFO - Processing file /home/airflow/.local/lib/python3.8/site-packages/airflow/example_dags/example_python_operator.py for tasks to queue
[2024-02-07T08:58:40.026+0000] {logging_mixin.py:188} INFO - [2024-02-07T08:58:40.025+0000] {dagbag.py:538} INFO - Filling up the DagBag from /home/airflow/.local/lib/python3.8/site-packages/airflow/example_dags/example_python_operator.py
[2024-02-07T08:58:40.048+0000] {processor.py:840} INFO - DAG(s) 'example_python_operator' retrieved from /home/airflow/.local/lib/python3.8/site-packages/airflow/example_dags/example_python_operator.py
[2024-02-07T08:58:40.289+0000] {logging_mixin.py:188} INFO - [2024-02-07T08:58:40.288+0000] {dag.py:3033} INFO - Sync 1 DAGs
[2024-02-07T08:58:40.308+0000] {logging_mixin.py:188} INFO - [2024-02-07T08:58:40.307+0000] {dag.py:3820} INFO - Setting next_dagrun for example_python_operator to None, run_after=None
[2024-02-07T08:58:40.353+0000] {processor.py:183} INFO - Processing /home/airflow/.local/lib/python3.8/site-packages/airflow/example_dags/example_python_operator.py took 0.342 seconds
[2024-02-07T08:59:10.848+0000] {processor.py:161} INFO - Started process (PID=2180) to work on /home/airflow/.local/lib/python3.8/site-packages/airflow/example_dags/example_python_operator.py
[2024-02-07T08:59:10.850+0000] {processor.py:830} INFO - Processing file /home/airflow/.local/lib/python3.8/site-packages/airflow/example_dags/example_python_operator.py for tasks to queue
[2024-02-07T08:59:10.855+0000] {logging_mixin.py:188} INFO - [2024-02-07T08:59:10.854+0000] {dagbag.py:538} INFO - Filling up the DagBag from /home/airflow/.local/lib/python3.8/site-packages/airflow/example_dags/example_python_operator.py
[2024-02-07T08:59:10.875+0000] {processor.py:840} INFO - DAG(s) 'example_python_operator' retrieved from /home/airflow/.local/lib/python3.8/site-packages/airflow/example_dags/example_python_operator.py
[2024-02-07T08:59:10.928+0000] {logging_mixin.py:188} INFO - [2024-02-07T08:59:10.928+0000] {dag.py:3033} INFO - Sync 1 DAGs
[2024-02-07T08:59:10.951+0000] {logging_mixin.py:188} INFO - [2024-02-07T08:59:10.951+0000] {dag.py:3820} INFO - Setting next_dagrun for example_python_operator to None, run_after=None
[2024-02-07T08:59:11.003+0000] {processor.py:183} INFO - Processing /home/airflow/.local/lib/python3.8/site-packages/airflow/example_dags/example_python_operator.py took 0.162 seconds
[2024-02-07T08:59:41.126+0000] {processor.py:161} INFO - Started process (PID=2237) to work on /home/airflow/.local/lib/python3.8/site-packages/airflow/example_dags/example_python_operator.py
[2024-02-07T08:59:41.127+0000] {processor.py:830} INFO - Processing file /home/airflow/.local/lib/python3.8/site-packages/airflow/example_dags/example_python_operator.py for tasks to queue
[2024-02-07T08:59:41.129+0000] {logging_mixin.py:188} INFO - [2024-02-07T08:59:41.129+0000] {dagbag.py:538} INFO - Filling up the DagBag from /home/airflow/.local/lib/python3.8/site-packages/airflow/example_dags/example_python_operator.py
[2024-02-07T08:59:41.139+0000] {processor.py:840} INFO - DAG(s) 'example_python_operator' retrieved from /home/airflow/.local/lib/python3.8/site-packages/airflow/example_dags/example_python_operator.py
[2024-02-07T08:59:41.162+0000] {logging_mixin.py:188} INFO - [2024-02-07T08:59:41.162+0000] {dag.py:3033} INFO - Sync 1 DAGs
[2024-02-07T08:59:41.174+0000] {logging_mixin.py:188} INFO - [2024-02-07T08:59:41.174+0000] {dag.py:3820} INFO - Setting next_dagrun for example_python_operator to None, run_after=None
[2024-02-07T08:59:41.200+0000] {processor.py:183} INFO - Processing /home/airflow/.local/lib/python3.8/site-packages/airflow/example_dags/example_python_operator.py took 0.077 seconds
[2024-02-07T09:00:11.458+0000] {processor.py:161} INFO - Started process (PID=2294) to work on /home/airflow/.local/lib/python3.8/site-packages/airflow/example_dags/example_python_operator.py
[2024-02-07T09:00:11.459+0000] {processor.py:830} INFO - Processing file /home/airflow/.local/lib/python3.8/site-packages/airflow/example_dags/example_python_operator.py for tasks to queue
[2024-02-07T09:00:11.462+0000] {logging_mixin.py:188} INFO - [2024-02-07T09:00:11.462+0000] {dagbag.py:538} INFO - Filling up the DagBag from /home/airflow/.local/lib/python3.8/site-packages/airflow/example_dags/example_python_operator.py
[2024-02-07T09:00:11.476+0000] {processor.py:840} INFO - DAG(s) 'example_python_operator' retrieved from /home/airflow/.local/lib/python3.8/site-packages/airflow/example_dags/example_python_operator.py
[2024-02-07T09:00:11.503+0000] {logging_mixin.py:188} INFO - [2024-02-07T09:00:11.502+0000] {dag.py:3033} INFO - Sync 1 DAGs
[2024-02-07T09:00:11.516+0000] {logging_mixin.py:188} INFO - [2024-02-07T09:00:11.515+0000] {dag.py:3820} INFO - Setting next_dagrun for example_python_operator to None, run_after=None
[2024-02-07T09:00:11.540+0000] {processor.py:183} INFO - Processing /home/airflow/.local/lib/python3.8/site-packages/airflow/example_dags/example_python_operator.py took 0.087 seconds
[2024-02-07T09:00:41.604+0000] {processor.py:161} INFO - Started process (PID=2351) to work on /home/airflow/.local/lib/python3.8/site-packages/airflow/example_dags/example_python_operator.py
[2024-02-07T09:00:41.605+0000] {processor.py:830} INFO - Processing file /home/airflow/.local/lib/python3.8/site-packages/airflow/example_dags/example_python_operator.py for tasks to queue
[2024-02-07T09:00:41.607+0000] {logging_mixin.py:188} INFO - [2024-02-07T09:00:41.607+0000] {dagbag.py:538} INFO - Filling up the DagBag from /home/airflow/.local/lib/python3.8/site-packages/airflow/example_dags/example_python_operator.py
[2024-02-07T09:00:41.617+0000] {processor.py:840} INFO - DAG(s) 'example_python_operator' retrieved from /home/airflow/.local/lib/python3.8/site-packages/airflow/example_dags/example_python_operator.py
[2024-02-07T09:00:41.642+0000] {logging_mixin.py:188} INFO - [2024-02-07T09:00:41.642+0000] {dag.py:3033} INFO - Sync 1 DAGs
[2024-02-07T09:00:41.654+0000] {logging_mixin.py:188} INFO - [2024-02-07T09:00:41.654+0000] {dag.py:3820} INFO - Setting next_dagrun for example_python_operator to None, run_after=None
[2024-02-07T09:00:41.677+0000] {processor.py:183} INFO - Processing /home/airflow/.local/lib/python3.8/site-packages/airflow/example_dags/example_python_operator.py took 0.076 seconds
[2024-02-07T09:01:12.121+0000] {processor.py:161} INFO - Started process (PID=2408) to work on /home/airflow/.local/lib/python3.8/site-packages/airflow/example_dags/example_python_operator.py
[2024-02-07T09:01:12.122+0000] {processor.py:830} INFO - Processing file /home/airflow/.local/lib/python3.8/site-packages/airflow/example_dags/example_python_operator.py for tasks to queue
[2024-02-07T09:01:12.125+0000] {logging_mixin.py:188} INFO - [2024-02-07T09:01:12.125+0000] {dagbag.py:538} INFO - Filling up the DagBag from /home/airflow/.local/lib/python3.8/site-packages/airflow/example_dags/example_python_operator.py
[2024-02-07T09:01:12.135+0000] {processor.py:840} INFO - DAG(s) 'example_python_operator' retrieved from /home/airflow/.local/lib/python3.8/site-packages/airflow/example_dags/example_python_operator.py
[2024-02-07T09:01:12.159+0000] {logging_mixin.py:188} INFO - [2024-02-07T09:01:12.159+0000] {dag.py:3033} INFO - Sync 1 DAGs
[2024-02-07T09:01:12.171+0000] {logging_mixin.py:188} INFO - [2024-02-07T09:01:12.171+0000] {dag.py:3820} INFO - Setting next_dagrun for example_python_operator to None, run_after=None
[2024-02-07T09:01:12.194+0000] {processor.py:183} INFO - Processing /home/airflow/.local/lib/python3.8/site-packages/airflow/example_dags/example_python_operator.py took 0.078 seconds
[2024-02-07T09:01:42.761+0000] {processor.py:161} INFO - Started process (PID=2465) to work on /home/airflow/.local/lib/python3.8/site-packages/airflow/example_dags/example_python_operator.py
[2024-02-07T09:01:42.762+0000] {processor.py:830} INFO - Processing file /home/airflow/.local/lib/python3.8/site-packages/airflow/example_dags/example_python_operator.py for tasks to queue
[2024-02-07T09:01:42.765+0000] {logging_mixin.py:188} INFO - [2024-02-07T09:01:42.765+0000] {dagbag.py:538} INFO - Filling up the DagBag from /home/airflow/.local/lib/python3.8/site-packages/airflow/example_dags/example_python_operator.py
[2024-02-07T09:01:42.780+0000] {processor.py:840} INFO - DAG(s) 'example_python_operator' retrieved from /home/airflow/.local/lib/python3.8/site-packages/airflow/example_dags/example_python_operator.py
[2024-02-07T09:01:42.820+0000] {logging_mixin.py:188} INFO - [2024-02-07T09:01:42.820+0000] {dag.py:3033} INFO - Sync 1 DAGs
[2024-02-07T09:01:42.845+0000] {logging_mixin.py:188} INFO - [2024-02-07T09:01:42.844+0000] {dag.py:3820} INFO - Setting next_dagrun for example_python_operator to None, run_after=None
[2024-02-07T09:01:42.885+0000] {processor.py:183} INFO - Processing /home/airflow/.local/lib/python3.8/site-packages/airflow/example_dags/example_python_operator.py took 0.128 seconds
[2024-02-07T09:02:13.234+0000] {processor.py:161} INFO - Started process (PID=2523) to work on /home/airflow/.local/lib/python3.8/site-packages/airflow/example_dags/example_python_operator.py
[2024-02-07T09:02:13.236+0000] {processor.py:830} INFO - Processing file /home/airflow/.local/lib/python3.8/site-packages/airflow/example_dags/example_python_operator.py for tasks to queue
[2024-02-07T09:02:13.238+0000] {logging_mixin.py:188} INFO - [2024-02-07T09:02:13.238+0000] {dagbag.py:538} INFO - Filling up the DagBag from /home/airflow/.local/lib/python3.8/site-packages/airflow/example_dags/example_python_operator.py
[2024-02-07T09:02:13.248+0000] {processor.py:840} INFO - DAG(s) 'example_python_operator' retrieved from /home/airflow/.local/lib/python3.8/site-packages/airflow/example_dags/example_python_operator.py
[2024-02-07T09:02:13.272+0000] {logging_mixin.py:188} INFO - [2024-02-07T09:02:13.272+0000] {dag.py:3033} INFO - Sync 1 DAGs
[2024-02-07T09:02:13.285+0000] {logging_mixin.py:188} INFO - [2024-02-07T09:02:13.284+0000] {dag.py:3820} INFO - Setting next_dagrun for example_python_operator to None, run_after=None
[2024-02-07T09:02:13.307+0000] {processor.py:183} INFO - Processing /home/airflow/.local/lib/python3.8/site-packages/airflow/example_dags/example_python_operator.py took 0.076 seconds
[2024-02-07T09:02:43.874+0000] {processor.py:161} INFO - Started process (PID=2580) to work on /home/airflow/.local/lib/python3.8/site-packages/airflow/example_dags/example_python_operator.py
[2024-02-07T09:02:43.876+0000] {processor.py:830} INFO - Processing file /home/airflow/.local/lib/python3.8/site-packages/airflow/example_dags/example_python_operator.py for tasks to queue
[2024-02-07T09:02:43.878+0000] {logging_mixin.py:188} INFO - [2024-02-07T09:02:43.878+0000] {dagbag.py:538} INFO - Filling up the DagBag from /home/airflow/.local/lib/python3.8/site-packages/airflow/example_dags/example_python_operator.py
[2024-02-07T09:02:43.889+0000] {processor.py:840} INFO - DAG(s) 'example_python_operator' retrieved from /home/airflow/.local/lib/python3.8/site-packages/airflow/example_dags/example_python_operator.py
[2024-02-07T09:02:43.915+0000] {logging_mixin.py:188} INFO - [2024-02-07T09:02:43.914+0000] {dag.py:3033} INFO - Sync 1 DAGs
[2024-02-07T09:02:43.927+0000] {logging_mixin.py:188} INFO - [2024-02-07T09:02:43.927+0000] {dag.py:3820} INFO - Setting next_dagrun for example_python_operator to None, run_after=None
[2024-02-07T09:02:43.963+0000] {processor.py:183} INFO - Processing /home/airflow/.local/lib/python3.8/site-packages/airflow/example_dags/example_python_operator.py took 0.092 seconds
[2024-02-07T09:03:14.047+0000] {processor.py:161} INFO - Started process (PID=2637) to work on /home/airflow/.local/lib/python3.8/site-packages/airflow/example_dags/example_python_operator.py
[2024-02-07T09:03:14.048+0000] {processor.py:830} INFO - Processing file /home/airflow/.local/lib/python3.8/site-packages/airflow/example_dags/example_python_operator.py for tasks to queue
[2024-02-07T09:03:14.051+0000] {logging_mixin.py:188} INFO - [2024-02-07T09:03:14.050+0000] {dagbag.py:538} INFO - Filling up the DagBag from /home/airflow/.local/lib/python3.8/site-packages/airflow/example_dags/example_python_operator.py
[2024-02-07T09:03:14.061+0000] {processor.py:840} INFO - DAG(s) 'example_python_operator' retrieved from /home/airflow/.local/lib/python3.8/site-packages/airflow/example_dags/example_python_operator.py
[2024-02-07T09:03:14.085+0000] {logging_mixin.py:188} INFO - [2024-02-07T09:03:14.085+0000] {dag.py:3033} INFO - Sync 1 DAGs
[2024-02-07T09:03:14.097+0000] {logging_mixin.py:188} INFO - [2024-02-07T09:03:14.097+0000] {dag.py:3820} INFO - Setting next_dagrun for example_python_operator to None, run_after=None
[2024-02-07T09:03:14.128+0000] {processor.py:183} INFO - Processing /home/airflow/.local/lib/python3.8/site-packages/airflow/example_dags/example_python_operator.py took 0.084 seconds
[2024-02-07T09:03:44.741+0000] {processor.py:161} INFO - Started process (PID=2694) to work on /home/airflow/.local/lib/python3.8/site-packages/airflow/example_dags/example_python_operator.py
[2024-02-07T09:03:44.742+0000] {processor.py:830} INFO - Processing file /home/airflow/.local/lib/python3.8/site-packages/airflow/example_dags/example_python_operator.py for tasks to queue
[2024-02-07T09:03:44.745+0000] {logging_mixin.py:188} INFO - [2024-02-07T09:03:44.745+0000] {dagbag.py:538} INFO - Filling up the DagBag from /home/airflow/.local/lib/python3.8/site-packages/airflow/example_dags/example_python_operator.py
[2024-02-07T09:03:44.756+0000] {processor.py:840} INFO - DAG(s) 'example_python_operator' retrieved from /home/airflow/.local/lib/python3.8/site-packages/airflow/example_dags/example_python_operator.py
[2024-02-07T09:03:44.780+0000] {logging_mixin.py:188} INFO - [2024-02-07T09:03:44.779+0000] {dag.py:3033} INFO - Sync 1 DAGs
[2024-02-07T09:03:44.791+0000] {logging_mixin.py:188} INFO - [2024-02-07T09:03:44.791+0000] {dag.py:3820} INFO - Setting next_dagrun for example_python_operator to None, run_after=None
[2024-02-07T09:03:44.827+0000] {processor.py:183} INFO - Processing /home/airflow/.local/lib/python3.8/site-packages/airflow/example_dags/example_python_operator.py took 0.090 seconds
[2024-02-07T09:04:15.372+0000] {processor.py:161} INFO - Started process (PID=2751) to work on /home/airflow/.local/lib/python3.8/site-packages/airflow/example_dags/example_python_operator.py
[2024-02-07T09:04:15.373+0000] {processor.py:830} INFO - Processing file /home/airflow/.local/lib/python3.8/site-packages/airflow/example_dags/example_python_operator.py for tasks to queue
[2024-02-07T09:04:15.376+0000] {logging_mixin.py:188} INFO - [2024-02-07T09:04:15.376+0000] {dagbag.py:538} INFO - Filling up the DagBag from /home/airflow/.local/lib/python3.8/site-packages/airflow/example_dags/example_python_operator.py
[2024-02-07T09:04:15.385+0000] {processor.py:840} INFO - DAG(s) 'example_python_operator' retrieved from /home/airflow/.local/lib/python3.8/site-packages/airflow/example_dags/example_python_operator.py
[2024-02-07T09:04:15.410+0000] {logging_mixin.py:188} INFO - [2024-02-07T09:04:15.410+0000] {dag.py:3033} INFO - Sync 1 DAGs
[2024-02-07T09:04:15.422+0000] {logging_mixin.py:188} INFO - [2024-02-07T09:04:15.422+0000] {dag.py:3820} INFO - Setting next_dagrun for example_python_operator to None, run_after=None
[2024-02-07T09:04:15.448+0000] {processor.py:183} INFO - Processing /home/airflow/.local/lib/python3.8/site-packages/airflow/example_dags/example_python_operator.py took 0.080 seconds
[2024-02-07T09:04:45.683+0000] {processor.py:161} INFO - Started process (PID=2808) to work on /home/airflow/.local/lib/python3.8/site-packages/airflow/example_dags/example_python_operator.py
[2024-02-07T09:04:45.684+0000] {processor.py:830} INFO - Processing file /home/airflow/.local/lib/python3.8/site-packages/airflow/example_dags/example_python_operator.py for tasks to queue
[2024-02-07T09:04:45.686+0000] {logging_mixin.py:188} INFO - [2024-02-07T09:04:45.685+0000] {dagbag.py:538} INFO - Filling up the DagBag from /home/airflow/.local/lib/python3.8/site-packages/airflow/example_dags/example_python_operator.py
[2024-02-07T09:04:45.696+0000] {processor.py:840} INFO - DAG(s) 'example_python_operator' retrieved from /home/airflow/.local/lib/python3.8/site-packages/airflow/example_dags/example_python_operator.py
[2024-02-07T09:04:45.723+0000] {logging_mixin.py:188} INFO - [2024-02-07T09:04:45.722+0000] {dag.py:3033} INFO - Sync 1 DAGs
[2024-02-07T09:04:45.735+0000] {logging_mixin.py:188} INFO - [2024-02-07T09:04:45.735+0000] {dag.py:3820} INFO - Setting next_dagrun for example_python_operator to None, run_after=None
[2024-02-07T09:04:45.766+0000] {processor.py:183} INFO - Processing /home/airflow/.local/lib/python3.8/site-packages/airflow/example_dags/example_python_operator.py took 0.087 seconds
[2024-02-07T09:05:15.963+0000] {processor.py:161} INFO - Started process (PID=2865) to work on /home/airflow/.local/lib/python3.8/site-packages/airflow/example_dags/example_python_operator.py
[2024-02-07T09:05:15.964+0000] {processor.py:830} INFO - Processing file /home/airflow/.local/lib/python3.8/site-packages/airflow/example_dags/example_python_operator.py for tasks to queue
[2024-02-07T09:05:15.966+0000] {logging_mixin.py:188} INFO - [2024-02-07T09:05:15.966+0000] {dagbag.py:538} INFO - Filling up the DagBag from /home/airflow/.local/lib/python3.8/site-packages/airflow/example_dags/example_python_operator.py
[2024-02-07T09:05:15.977+0000] {processor.py:840} INFO - DAG(s) 'example_python_operator' retrieved from /home/airflow/.local/lib/python3.8/site-packages/airflow/example_dags/example_python_operator.py
[2024-02-07T09:05:16.000+0000] {logging_mixin.py:188} INFO - [2024-02-07T09:05:16.000+0000] {dag.py:3033} INFO - Sync 1 DAGs
[2024-02-07T09:05:16.013+0000] {logging_mixin.py:188} INFO - [2024-02-07T09:05:16.013+0000] {dag.py:3820} INFO - Setting next_dagrun for example_python_operator to None, run_after=None
[2024-02-07T09:05:16.037+0000] {processor.py:183} INFO - Processing /home/airflow/.local/lib/python3.8/site-packages/airflow/example_dags/example_python_operator.py took 0.077 seconds
[2024-02-07T09:05:46.354+0000] {processor.py:161} INFO - Started process (PID=2922) to work on /home/airflow/.local/lib/python3.8/site-packages/airflow/example_dags/example_python_operator.py
[2024-02-07T09:05:46.356+0000] {processor.py:830} INFO - Processing file /home/airflow/.local/lib/python3.8/site-packages/airflow/example_dags/example_python_operator.py for tasks to queue
[2024-02-07T09:05:46.358+0000] {logging_mixin.py:188} INFO - [2024-02-07T09:05:46.358+0000] {dagbag.py:538} INFO - Filling up the DagBag from /home/airflow/.local/lib/python3.8/site-packages/airflow/example_dags/example_python_operator.py
[2024-02-07T09:05:46.373+0000] {processor.py:840} INFO - DAG(s) 'example_python_operator' retrieved from /home/airflow/.local/lib/python3.8/site-packages/airflow/example_dags/example_python_operator.py
[2024-02-07T09:05:46.397+0000] {logging_mixin.py:188} INFO - [2024-02-07T09:05:46.397+0000] {dag.py:3033} INFO - Sync 1 DAGs
[2024-02-07T09:05:46.411+0000] {logging_mixin.py:188} INFO - [2024-02-07T09:05:46.411+0000] {dag.py:3820} INFO - Setting next_dagrun for example_python_operator to None, run_after=None
[2024-02-07T09:05:46.434+0000] {processor.py:183} INFO - Processing /home/airflow/.local/lib/python3.8/site-packages/airflow/example_dags/example_python_operator.py took 0.083 seconds
[2024-02-07T09:06:16.591+0000] {processor.py:161} INFO - Started process (PID=2979) to work on /home/airflow/.local/lib/python3.8/site-packages/airflow/example_dags/example_python_operator.py
[2024-02-07T09:06:16.592+0000] {processor.py:830} INFO - Processing file /home/airflow/.local/lib/python3.8/site-packages/airflow/example_dags/example_python_operator.py for tasks to queue
[2024-02-07T09:06:16.595+0000] {logging_mixin.py:188} INFO - [2024-02-07T09:06:16.595+0000] {dagbag.py:538} INFO - Filling up the DagBag from /home/airflow/.local/lib/python3.8/site-packages/airflow/example_dags/example_python_operator.py
[2024-02-07T09:06:16.608+0000] {processor.py:840} INFO - DAG(s) 'example_python_operator' retrieved from /home/airflow/.local/lib/python3.8/site-packages/airflow/example_dags/example_python_operator.py
[2024-02-07T09:06:16.632+0000] {logging_mixin.py:188} INFO - [2024-02-07T09:06:16.632+0000] {dag.py:3033} INFO - Sync 1 DAGs
[2024-02-07T09:06:16.645+0000] {logging_mixin.py:188} INFO - [2024-02-07T09:06:16.645+0000] {dag.py:3820} INFO - Setting next_dagrun for example_python_operator to None, run_after=None
[2024-02-07T09:06:16.668+0000] {processor.py:183} INFO - Processing /home/airflow/.local/lib/python3.8/site-packages/airflow/example_dags/example_python_operator.py took 0.080 seconds
[2024-02-07T09:06:47.248+0000] {processor.py:161} INFO - Started process (PID=3036) to work on /home/airflow/.local/lib/python3.8/site-packages/airflow/example_dags/example_python_operator.py
[2024-02-07T09:06:47.249+0000] {processor.py:830} INFO - Processing file /home/airflow/.local/lib/python3.8/site-packages/airflow/example_dags/example_python_operator.py for tasks to queue
[2024-02-07T09:06:47.251+0000] {logging_mixin.py:188} INFO - [2024-02-07T09:06:47.251+0000] {dagbag.py:538} INFO - Filling up the DagBag from /home/airflow/.local/lib/python3.8/site-packages/airflow/example_dags/example_python_operator.py
[2024-02-07T09:06:47.261+0000] {processor.py:840} INFO - DAG(s) 'example_python_operator' retrieved from /home/airflow/.local/lib/python3.8/site-packages/airflow/example_dags/example_python_operator.py
[2024-02-07T09:06:47.291+0000] {logging_mixin.py:188} INFO - [2024-02-07T09:06:47.290+0000] {dag.py:3033} INFO - Sync 1 DAGs
[2024-02-07T09:06:47.305+0000] {logging_mixin.py:188} INFO - [2024-02-07T09:06:47.305+0000] {dag.py:3820} INFO - Setting next_dagrun for example_python_operator to None, run_after=None
[2024-02-07T09:06:47.331+0000] {processor.py:183} INFO - Processing /home/airflow/.local/lib/python3.8/site-packages/airflow/example_dags/example_python_operator.py took 0.087 seconds
[2024-02-07T09:07:17.694+0000] {processor.py:161} INFO - Started process (PID=3093) to work on /home/airflow/.local/lib/python3.8/site-packages/airflow/example_dags/example_python_operator.py
[2024-02-07T09:07:17.696+0000] {processor.py:830} INFO - Processing file /home/airflow/.local/lib/python3.8/site-packages/airflow/example_dags/example_python_operator.py for tasks to queue
[2024-02-07T09:07:17.698+0000] {logging_mixin.py:188} INFO - [2024-02-07T09:07:17.698+0000] {dagbag.py:538} INFO - Filling up the DagBag from /home/airflow/.local/lib/python3.8/site-packages/airflow/example_dags/example_python_operator.py
[2024-02-07T09:07:17.711+0000] {processor.py:840} INFO - DAG(s) 'example_python_operator' retrieved from /home/airflow/.local/lib/python3.8/site-packages/airflow/example_dags/example_python_operator.py
[2024-02-07T09:07:17.735+0000] {logging_mixin.py:188} INFO - [2024-02-07T09:07:17.734+0000] {dag.py:3033} INFO - Sync 1 DAGs
[2024-02-07T09:07:17.745+0000] {logging_mixin.py:188} INFO - [2024-02-07T09:07:17.745+0000] {dag.py:3820} INFO - Setting next_dagrun for example_python_operator to None, run_after=None
[2024-02-07T09:07:17.768+0000] {processor.py:183} INFO - Processing /home/airflow/.local/lib/python3.8/site-packages/airflow/example_dags/example_python_operator.py took 0.076 seconds
[2024-02-07T09:07:48.271+0000] {processor.py:161} INFO - Started process (PID=3150) to work on /home/airflow/.local/lib/python3.8/site-packages/airflow/example_dags/example_python_operator.py
[2024-02-07T09:07:48.272+0000] {processor.py:830} INFO - Processing file /home/airflow/.local/lib/python3.8/site-packages/airflow/example_dags/example_python_operator.py for tasks to queue
[2024-02-07T09:07:48.274+0000] {logging_mixin.py:188} INFO - [2024-02-07T09:07:48.274+0000] {dagbag.py:538} INFO - Filling up the DagBag from /home/airflow/.local/lib/python3.8/site-packages/airflow/example_dags/example_python_operator.py
[2024-02-07T09:07:48.284+0000] {processor.py:840} INFO - DAG(s) 'example_python_operator' retrieved from /home/airflow/.local/lib/python3.8/site-packages/airflow/example_dags/example_python_operator.py
[2024-02-07T09:07:48.308+0000] {logging_mixin.py:188} INFO - [2024-02-07T09:07:48.308+0000] {dag.py:3033} INFO - Sync 1 DAGs
[2024-02-07T09:07:48.319+0000] {logging_mixin.py:188} INFO - [2024-02-07T09:07:48.319+0000] {dag.py:3820} INFO - Setting next_dagrun for example_python_operator to None, run_after=None
[2024-02-07T09:07:48.347+0000] {processor.py:183} INFO - Processing /home/airflow/.local/lib/python3.8/site-packages/airflow/example_dags/example_python_operator.py took 0.080 seconds
[2024-02-07T09:08:18.534+0000] {processor.py:161} INFO - Started process (PID=3207) to work on /home/airflow/.local/lib/python3.8/site-packages/airflow/example_dags/example_python_operator.py
[2024-02-07T09:08:18.535+0000] {processor.py:830} INFO - Processing file /home/airflow/.local/lib/python3.8/site-packages/airflow/example_dags/example_python_operator.py for tasks to queue
[2024-02-07T09:08:18.537+0000] {logging_mixin.py:188} INFO - [2024-02-07T09:08:18.537+0000] {dagbag.py:538} INFO - Filling up the DagBag from /home/airflow/.local/lib/python3.8/site-packages/airflow/example_dags/example_python_operator.py
[2024-02-07T09:08:18.548+0000] {processor.py:840} INFO - DAG(s) 'example_python_operator' retrieved from /home/airflow/.local/lib/python3.8/site-packages/airflow/example_dags/example_python_operator.py
[2024-02-07T09:08:18.569+0000] {logging_mixin.py:188} INFO - [2024-02-07T09:08:18.569+0000] {dag.py:3033} INFO - Sync 1 DAGs
[2024-02-07T09:08:18.582+0000] {logging_mixin.py:188} INFO - [2024-02-07T09:08:18.582+0000] {dag.py:3820} INFO - Setting next_dagrun for example_python_operator to None, run_after=None
[2024-02-07T09:08:18.600+0000] {processor.py:183} INFO - Processing /home/airflow/.local/lib/python3.8/site-packages/airflow/example_dags/example_python_operator.py took 0.070 seconds
[2024-02-07T09:08:48.953+0000] {processor.py:161} INFO - Started process (PID=3264) to work on /home/airflow/.local/lib/python3.8/site-packages/airflow/example_dags/example_python_operator.py
[2024-02-07T09:08:48.955+0000] {processor.py:830} INFO - Processing file /home/airflow/.local/lib/python3.8/site-packages/airflow/example_dags/example_python_operator.py for tasks to queue
[2024-02-07T09:08:48.958+0000] {logging_mixin.py:188} INFO - [2024-02-07T09:08:48.958+0000] {dagbag.py:538} INFO - Filling up the DagBag from /home/airflow/.local/lib/python3.8/site-packages/airflow/example_dags/example_python_operator.py
[2024-02-07T09:08:48.973+0000] {processor.py:840} INFO - DAG(s) 'example_python_operator' retrieved from /home/airflow/.local/lib/python3.8/site-packages/airflow/example_dags/example_python_operator.py
[2024-02-07T09:08:49.000+0000] {logging_mixin.py:188} INFO - [2024-02-07T09:08:49.000+0000] {dag.py:3033} INFO - Sync 1 DAGs
[2024-02-07T09:08:49.018+0000] {logging_mixin.py:188} INFO - [2024-02-07T09:08:49.018+0000] {dag.py:3820} INFO - Setting next_dagrun for example_python_operator to None, run_after=None
[2024-02-07T09:08:49.043+0000] {processor.py:183} INFO - Processing /home/airflow/.local/lib/python3.8/site-packages/airflow/example_dags/example_python_operator.py took 0.094 seconds
[2024-02-07T09:09:19.174+0000] {processor.py:161} INFO - Started process (PID=3321) to work on /home/airflow/.local/lib/python3.8/site-packages/airflow/example_dags/example_python_operator.py
[2024-02-07T09:09:19.175+0000] {processor.py:830} INFO - Processing file /home/airflow/.local/lib/python3.8/site-packages/airflow/example_dags/example_python_operator.py for tasks to queue
[2024-02-07T09:09:19.178+0000] {logging_mixin.py:188} INFO - [2024-02-07T09:09:19.178+0000] {dagbag.py:538} INFO - Filling up the DagBag from /home/airflow/.local/lib/python3.8/site-packages/airflow/example_dags/example_python_operator.py
[2024-02-07T09:09:19.188+0000] {processor.py:840} INFO - DAG(s) 'example_python_operator' retrieved from /home/airflow/.local/lib/python3.8/site-packages/airflow/example_dags/example_python_operator.py
[2024-02-07T09:09:19.212+0000] {logging_mixin.py:188} INFO - [2024-02-07T09:09:19.212+0000] {dag.py:3033} INFO - Sync 1 DAGs
[2024-02-07T09:09:19.224+0000] {logging_mixin.py:188} INFO - [2024-02-07T09:09:19.224+0000] {dag.py:3820} INFO - Setting next_dagrun for example_python_operator to None, run_after=None
[2024-02-07T09:09:19.253+0000] {processor.py:183} INFO - Processing /home/airflow/.local/lib/python3.8/site-packages/airflow/example_dags/example_python_operator.py took 0.083 seconds
[2024-02-07T09:09:49.965+0000] {processor.py:161} INFO - Started process (PID=3378) to work on /home/airflow/.local/lib/python3.8/site-packages/airflow/example_dags/example_python_operator.py
[2024-02-07T09:09:49.966+0000] {processor.py:830} INFO - Processing file /home/airflow/.local/lib/python3.8/site-packages/airflow/example_dags/example_python_operator.py for tasks to queue
[2024-02-07T09:09:49.969+0000] {logging_mixin.py:188} INFO - [2024-02-07T09:09:49.968+0000] {dagbag.py:538} INFO - Filling up the DagBag from /home/airflow/.local/lib/python3.8/site-packages/airflow/example_dags/example_python_operator.py
[2024-02-07T09:09:49.978+0000] {processor.py:840} INFO - DAG(s) 'example_python_operator' retrieved from /home/airflow/.local/lib/python3.8/site-packages/airflow/example_dags/example_python_operator.py
[2024-02-07T09:09:50.002+0000] {logging_mixin.py:188} INFO - [2024-02-07T09:09:50.002+0000] {dag.py:3033} INFO - Sync 1 DAGs
[2024-02-07T09:09:50.017+0000] {logging_mixin.py:188} INFO - [2024-02-07T09:09:50.017+0000] {dag.py:3820} INFO - Setting next_dagrun for example_python_operator to None, run_after=None
[2024-02-07T09:09:50.044+0000] {processor.py:183} INFO - Processing /home/airflow/.local/lib/python3.8/site-packages/airflow/example_dags/example_python_operator.py took 0.081 seconds
[2024-02-07T09:10:20.233+0000] {processor.py:161} INFO - Started process (PID=3435) to work on /home/airflow/.local/lib/python3.8/site-packages/airflow/example_dags/example_python_operator.py
[2024-02-07T09:10:20.234+0000] {processor.py:830} INFO - Processing file /home/airflow/.local/lib/python3.8/site-packages/airflow/example_dags/example_python_operator.py for tasks to queue
[2024-02-07T09:10:20.237+0000] {logging_mixin.py:188} INFO - [2024-02-07T09:10:20.237+0000] {dagbag.py:538} INFO - Filling up the DagBag from /home/airflow/.local/lib/python3.8/site-packages/airflow/example_dags/example_python_operator.py
[2024-02-07T09:10:20.247+0000] {processor.py:840} INFO - DAG(s) 'example_python_operator' retrieved from /home/airflow/.local/lib/python3.8/site-packages/airflow/example_dags/example_python_operator.py
[2024-02-07T09:10:20.270+0000] {logging_mixin.py:188} INFO - [2024-02-07T09:10:20.270+0000] {dag.py:3033} INFO - Sync 1 DAGs
[2024-02-07T09:10:20.281+0000] {logging_mixin.py:188} INFO - [2024-02-07T09:10:20.281+0000] {dag.py:3820} INFO - Setting next_dagrun for example_python_operator to None, run_after=None
[2024-02-07T09:10:20.308+0000] {processor.py:183} INFO - Processing /home/airflow/.local/lib/python3.8/site-packages/airflow/example_dags/example_python_operator.py took 0.078 seconds
[2024-02-07T09:10:50.462+0000] {processor.py:161} INFO - Started process (PID=3492) to work on /home/airflow/.local/lib/python3.8/site-packages/airflow/example_dags/example_python_operator.py
[2024-02-07T09:10:50.463+0000] {processor.py:830} INFO - Processing file /home/airflow/.local/lib/python3.8/site-packages/airflow/example_dags/example_python_operator.py for tasks to queue
[2024-02-07T09:10:50.466+0000] {logging_mixin.py:188} INFO - [2024-02-07T09:10:50.466+0000] {dagbag.py:538} INFO - Filling up the DagBag from /home/airflow/.local/lib/python3.8/site-packages/airflow/example_dags/example_python_operator.py
[2024-02-07T09:10:50.478+0000] {processor.py:840} INFO - DAG(s) 'example_python_operator' retrieved from /home/airflow/.local/lib/python3.8/site-packages/airflow/example_dags/example_python_operator.py
[2024-02-07T09:10:50.504+0000] {logging_mixin.py:188} INFO - [2024-02-07T09:10:50.503+0000] {dag.py:3033} INFO - Sync 1 DAGs
[2024-02-07T09:10:50.518+0000] {logging_mixin.py:188} INFO - [2024-02-07T09:10:50.518+0000] {dag.py:3820} INFO - Setting next_dagrun for example_python_operator to None, run_after=None
[2024-02-07T09:10:50.548+0000] {processor.py:183} INFO - Processing /home/airflow/.local/lib/python3.8/site-packages/airflow/example_dags/example_python_operator.py took 0.089 seconds
[2024-02-07T09:11:20.741+0000] {processor.py:161} INFO - Started process (PID=3549) to work on /home/airflow/.local/lib/python3.8/site-packages/airflow/example_dags/example_python_operator.py
[2024-02-07T09:11:20.742+0000] {processor.py:830} INFO - Processing file /home/airflow/.local/lib/python3.8/site-packages/airflow/example_dags/example_python_operator.py for tasks to queue
[2024-02-07T09:11:20.744+0000] {logging_mixin.py:188} INFO - [2024-02-07T09:11:20.744+0000] {dagbag.py:538} INFO - Filling up the DagBag from /home/airflow/.local/lib/python3.8/site-packages/airflow/example_dags/example_python_operator.py
[2024-02-07T09:11:20.754+0000] {processor.py:840} INFO - DAG(s) 'example_python_operator' retrieved from /home/airflow/.local/lib/python3.8/site-packages/airflow/example_dags/example_python_operator.py
[2024-02-07T09:11:20.777+0000] {logging_mixin.py:188} INFO - [2024-02-07T09:11:20.776+0000] {dag.py:3033} INFO - Sync 1 DAGs
[2024-02-07T09:11:20.789+0000] {logging_mixin.py:188} INFO - [2024-02-07T09:11:20.789+0000] {dag.py:3820} INFO - Setting next_dagrun for example_python_operator to None, run_after=None
[2024-02-07T09:11:20.818+0000] {processor.py:183} INFO - Processing /home/airflow/.local/lib/python3.8/site-packages/airflow/example_dags/example_python_operator.py took 0.080 seconds
