[2024-02-07T08:40:10.311+0000] {processor.py:161} INFO - Started process (PID=50) to work on /home/airflow/.local/lib/python3.8/site-packages/airflow/example_dags/example_skip_dag.py
[2024-02-07T08:40:10.312+0000] {processor.py:830} INFO - Processing file /home/airflow/.local/lib/python3.8/site-packages/airflow/example_dags/example_skip_dag.py for tasks to queue
[2024-02-07T08:40:10.315+0000] {logging_mixin.py:188} INFO - [2024-02-07T08:40:10.315+0000] {dagbag.py:538} INFO - Filling up the DagBag from /home/airflow/.local/lib/python3.8/site-packages/airflow/example_dags/example_skip_dag.py
[2024-02-07T08:40:10.328+0000] {processor.py:840} INFO - DAG(s) 'example_skip_dag' retrieved from /home/airflow/.local/lib/python3.8/site-packages/airflow/example_dags/example_skip_dag.py
[2024-02-07T08:40:10.365+0000] {logging_mixin.py:188} INFO - [2024-02-07T08:40:10.365+0000] {dag.py:3033} INFO - Sync 1 DAGs
[2024-02-07T08:40:10.394+0000] {logging_mixin.py:188} INFO - [2024-02-07T08:40:10.394+0000] {dag.py:3820} INFO - Setting next_dagrun for example_skip_dag to 2024-02-06T00:00:00+00:00, run_after=2024-02-07T00:00:00+00:00
[2024-02-07T08:40:10.420+0000] {processor.py:183} INFO - Processing /home/airflow/.local/lib/python3.8/site-packages/airflow/example_dags/example_skip_dag.py took 0.113 seconds
[2024-02-07T08:40:41.152+0000] {processor.py:161} INFO - Started process (PID=107) to work on /home/airflow/.local/lib/python3.8/site-packages/airflow/example_dags/example_skip_dag.py
[2024-02-07T08:40:41.153+0000] {processor.py:830} INFO - Processing file /home/airflow/.local/lib/python3.8/site-packages/airflow/example_dags/example_skip_dag.py for tasks to queue
[2024-02-07T08:40:41.155+0000] {logging_mixin.py:188} INFO - [2024-02-07T08:40:41.155+0000] {dagbag.py:538} INFO - Filling up the DagBag from /home/airflow/.local/lib/python3.8/site-packages/airflow/example_dags/example_skip_dag.py
[2024-02-07T08:40:41.162+0000] {processor.py:840} INFO - DAG(s) 'example_skip_dag' retrieved from /home/airflow/.local/lib/python3.8/site-packages/airflow/example_dags/example_skip_dag.py
[2024-02-07T08:40:41.183+0000] {logging_mixin.py:188} INFO - [2024-02-07T08:40:41.183+0000] {dag.py:3033} INFO - Sync 1 DAGs
[2024-02-07T08:40:41.206+0000] {logging_mixin.py:188} INFO - [2024-02-07T08:40:41.206+0000] {dag.py:3820} INFO - Setting next_dagrun for example_skip_dag to 2024-02-06T00:00:00+00:00, run_after=2024-02-07T00:00:00+00:00
[2024-02-07T08:40:41.228+0000] {processor.py:183} INFO - Processing /home/airflow/.local/lib/python3.8/site-packages/airflow/example_dags/example_skip_dag.py took 0.079 seconds
[2024-02-07T08:41:11.783+0000] {processor.py:161} INFO - Started process (PID=164) to work on /home/airflow/.local/lib/python3.8/site-packages/airflow/example_dags/example_skip_dag.py
[2024-02-07T08:41:11.784+0000] {processor.py:830} INFO - Processing file /home/airflow/.local/lib/python3.8/site-packages/airflow/example_dags/example_skip_dag.py for tasks to queue
[2024-02-07T08:41:11.786+0000] {logging_mixin.py:188} INFO - [2024-02-07T08:41:11.786+0000] {dagbag.py:538} INFO - Filling up the DagBag from /home/airflow/.local/lib/python3.8/site-packages/airflow/example_dags/example_skip_dag.py
[2024-02-07T08:41:11.792+0000] {processor.py:840} INFO - DAG(s) 'example_skip_dag' retrieved from /home/airflow/.local/lib/python3.8/site-packages/airflow/example_dags/example_skip_dag.py
[2024-02-07T08:41:11.815+0000] {logging_mixin.py:188} INFO - [2024-02-07T08:41:11.815+0000] {dag.py:3033} INFO - Sync 1 DAGs
[2024-02-07T08:41:11.839+0000] {logging_mixin.py:188} INFO - [2024-02-07T08:41:11.838+0000] {dag.py:3820} INFO - Setting next_dagrun for example_skip_dag to 2024-02-06T00:00:00+00:00, run_after=2024-02-07T00:00:00+00:00
[2024-02-07T08:41:11.860+0000] {processor.py:183} INFO - Processing /home/airflow/.local/lib/python3.8/site-packages/airflow/example_dags/example_skip_dag.py took 0.079 seconds
[2024-02-07T08:41:42.473+0000] {processor.py:161} INFO - Started process (PID=221) to work on /home/airflow/.local/lib/python3.8/site-packages/airflow/example_dags/example_skip_dag.py
[2024-02-07T08:41:42.474+0000] {processor.py:830} INFO - Processing file /home/airflow/.local/lib/python3.8/site-packages/airflow/example_dags/example_skip_dag.py for tasks to queue
[2024-02-07T08:41:42.477+0000] {logging_mixin.py:188} INFO - [2024-02-07T08:41:42.477+0000] {dagbag.py:538} INFO - Filling up the DagBag from /home/airflow/.local/lib/python3.8/site-packages/airflow/example_dags/example_skip_dag.py
[2024-02-07T08:41:42.484+0000] {processor.py:840} INFO - DAG(s) 'example_skip_dag' retrieved from /home/airflow/.local/lib/python3.8/site-packages/airflow/example_dags/example_skip_dag.py
[2024-02-07T08:41:42.510+0000] {logging_mixin.py:188} INFO - [2024-02-07T08:41:42.510+0000] {dag.py:3033} INFO - Sync 1 DAGs
[2024-02-07T08:41:42.535+0000] {logging_mixin.py:188} INFO - [2024-02-07T08:41:42.535+0000] {dag.py:3820} INFO - Setting next_dagrun for example_skip_dag to 2024-02-06T00:00:00+00:00, run_after=2024-02-07T00:00:00+00:00
[2024-02-07T08:41:42.561+0000] {processor.py:183} INFO - Processing /home/airflow/.local/lib/python3.8/site-packages/airflow/example_dags/example_skip_dag.py took 0.092 seconds
[2024-02-07T08:42:13.010+0000] {processor.py:161} INFO - Started process (PID=279) to work on /home/airflow/.local/lib/python3.8/site-packages/airflow/example_dags/example_skip_dag.py
[2024-02-07T08:42:13.011+0000] {processor.py:830} INFO - Processing file /home/airflow/.local/lib/python3.8/site-packages/airflow/example_dags/example_skip_dag.py for tasks to queue
[2024-02-07T08:42:13.014+0000] {logging_mixin.py:188} INFO - [2024-02-07T08:42:13.013+0000] {dagbag.py:538} INFO - Filling up the DagBag from /home/airflow/.local/lib/python3.8/site-packages/airflow/example_dags/example_skip_dag.py
[2024-02-07T08:42:13.021+0000] {processor.py:840} INFO - DAG(s) 'example_skip_dag' retrieved from /home/airflow/.local/lib/python3.8/site-packages/airflow/example_dags/example_skip_dag.py
[2024-02-07T08:42:13.048+0000] {logging_mixin.py:188} INFO - [2024-02-07T08:42:13.048+0000] {dag.py:3033} INFO - Sync 1 DAGs
[2024-02-07T08:42:13.075+0000] {logging_mixin.py:188} INFO - [2024-02-07T08:42:13.075+0000] {dag.py:3820} INFO - Setting next_dagrun for example_skip_dag to 2024-02-06T00:00:00+00:00, run_after=2024-02-07T00:00:00+00:00
[2024-02-07T08:42:13.100+0000] {processor.py:183} INFO - Processing /home/airflow/.local/lib/python3.8/site-packages/airflow/example_dags/example_skip_dag.py took 0.094 seconds
[2024-02-07T08:42:43.851+0000] {processor.py:161} INFO - Started process (PID=336) to work on /home/airflow/.local/lib/python3.8/site-packages/airflow/example_dags/example_skip_dag.py
[2024-02-07T08:42:43.852+0000] {processor.py:830} INFO - Processing file /home/airflow/.local/lib/python3.8/site-packages/airflow/example_dags/example_skip_dag.py for tasks to queue
[2024-02-07T08:42:43.855+0000] {logging_mixin.py:188} INFO - [2024-02-07T08:42:43.854+0000] {dagbag.py:538} INFO - Filling up the DagBag from /home/airflow/.local/lib/python3.8/site-packages/airflow/example_dags/example_skip_dag.py
[2024-02-07T08:42:43.864+0000] {processor.py:840} INFO - DAG(s) 'example_skip_dag' retrieved from /home/airflow/.local/lib/python3.8/site-packages/airflow/example_dags/example_skip_dag.py
[2024-02-07T08:42:43.890+0000] {logging_mixin.py:188} INFO - [2024-02-07T08:42:43.890+0000] {dag.py:3033} INFO - Sync 1 DAGs
[2024-02-07T08:42:43.915+0000] {logging_mixin.py:188} INFO - [2024-02-07T08:42:43.914+0000] {dag.py:3820} INFO - Setting next_dagrun for example_skip_dag to 2024-02-06T00:00:00+00:00, run_after=2024-02-07T00:00:00+00:00
[2024-02-07T08:42:43.940+0000] {processor.py:183} INFO - Processing /home/airflow/.local/lib/python3.8/site-packages/airflow/example_dags/example_skip_dag.py took 0.093 seconds
[2024-02-07T08:43:14.694+0000] {processor.py:161} INFO - Started process (PID=393) to work on /home/airflow/.local/lib/python3.8/site-packages/airflow/example_dags/example_skip_dag.py
[2024-02-07T08:43:14.696+0000] {processor.py:830} INFO - Processing file /home/airflow/.local/lib/python3.8/site-packages/airflow/example_dags/example_skip_dag.py for tasks to queue
[2024-02-07T08:43:14.698+0000] {logging_mixin.py:188} INFO - [2024-02-07T08:43:14.698+0000] {dagbag.py:538} INFO - Filling up the DagBag from /home/airflow/.local/lib/python3.8/site-packages/airflow/example_dags/example_skip_dag.py
[2024-02-07T08:43:14.705+0000] {processor.py:840} INFO - DAG(s) 'example_skip_dag' retrieved from /home/airflow/.local/lib/python3.8/site-packages/airflow/example_dags/example_skip_dag.py
[2024-02-07T08:43:14.731+0000] {logging_mixin.py:188} INFO - [2024-02-07T08:43:14.731+0000] {dag.py:3033} INFO - Sync 1 DAGs
[2024-02-07T08:43:14.760+0000] {logging_mixin.py:188} INFO - [2024-02-07T08:43:14.759+0000] {dag.py:3820} INFO - Setting next_dagrun for example_skip_dag to 2024-02-06T00:00:00+00:00, run_after=2024-02-07T00:00:00+00:00
[2024-02-07T08:43:14.787+0000] {processor.py:183} INFO - Processing /home/airflow/.local/lib/python3.8/site-packages/airflow/example_dags/example_skip_dag.py took 0.097 seconds
[2024-02-07T08:43:45.180+0000] {processor.py:161} INFO - Started process (PID=450) to work on /home/airflow/.local/lib/python3.8/site-packages/airflow/example_dags/example_skip_dag.py
[2024-02-07T08:43:45.181+0000] {processor.py:830} INFO - Processing file /home/airflow/.local/lib/python3.8/site-packages/airflow/example_dags/example_skip_dag.py for tasks to queue
[2024-02-07T08:43:45.183+0000] {logging_mixin.py:188} INFO - [2024-02-07T08:43:45.183+0000] {dagbag.py:538} INFO - Filling up the DagBag from /home/airflow/.local/lib/python3.8/site-packages/airflow/example_dags/example_skip_dag.py
[2024-02-07T08:43:45.189+0000] {processor.py:840} INFO - DAG(s) 'example_skip_dag' retrieved from /home/airflow/.local/lib/python3.8/site-packages/airflow/example_dags/example_skip_dag.py
[2024-02-07T08:43:45.213+0000] {logging_mixin.py:188} INFO - [2024-02-07T08:43:45.213+0000] {dag.py:3033} INFO - Sync 1 DAGs
[2024-02-07T08:43:45.236+0000] {logging_mixin.py:188} INFO - [2024-02-07T08:43:45.236+0000] {dag.py:3820} INFO - Setting next_dagrun for example_skip_dag to 2024-02-06T00:00:00+00:00, run_after=2024-02-07T00:00:00+00:00
[2024-02-07T08:43:45.255+0000] {processor.py:183} INFO - Processing /home/airflow/.local/lib/python3.8/site-packages/airflow/example_dags/example_skip_dag.py took 0.079 seconds
[2024-02-07T08:44:15.582+0000] {processor.py:161} INFO - Started process (PID=505) to work on /home/airflow/.local/lib/python3.8/site-packages/airflow/example_dags/example_skip_dag.py
[2024-02-07T08:44:15.583+0000] {processor.py:830} INFO - Processing file /home/airflow/.local/lib/python3.8/site-packages/airflow/example_dags/example_skip_dag.py for tasks to queue
[2024-02-07T08:44:15.586+0000] {logging_mixin.py:188} INFO - [2024-02-07T08:44:15.585+0000] {dagbag.py:538} INFO - Filling up the DagBag from /home/airflow/.local/lib/python3.8/site-packages/airflow/example_dags/example_skip_dag.py
[2024-02-07T08:44:15.592+0000] {processor.py:840} INFO - DAG(s) 'example_skip_dag' retrieved from /home/airflow/.local/lib/python3.8/site-packages/airflow/example_dags/example_skip_dag.py
[2024-02-07T08:44:15.617+0000] {logging_mixin.py:188} INFO - [2024-02-07T08:44:15.617+0000] {dag.py:3033} INFO - Sync 1 DAGs
[2024-02-07T08:44:15.644+0000] {logging_mixin.py:188} INFO - [2024-02-07T08:44:15.644+0000] {dag.py:3820} INFO - Setting next_dagrun for example_skip_dag to 2024-02-06T00:00:00+00:00, run_after=2024-02-07T00:00:00+00:00
[2024-02-07T08:44:15.681+0000] {processor.py:183} INFO - Processing /home/airflow/.local/lib/python3.8/site-packages/airflow/example_dags/example_skip_dag.py took 0.102 seconds
[2024-02-07T08:44:45.939+0000] {processor.py:161} INFO - Started process (PID=562) to work on /home/airflow/.local/lib/python3.8/site-packages/airflow/example_dags/example_skip_dag.py
[2024-02-07T08:44:45.940+0000] {processor.py:830} INFO - Processing file /home/airflow/.local/lib/python3.8/site-packages/airflow/example_dags/example_skip_dag.py for tasks to queue
[2024-02-07T08:44:45.943+0000] {logging_mixin.py:188} INFO - [2024-02-07T08:44:45.942+0000] {dagbag.py:538} INFO - Filling up the DagBag from /home/airflow/.local/lib/python3.8/site-packages/airflow/example_dags/example_skip_dag.py
[2024-02-07T08:44:45.950+0000] {processor.py:840} INFO - DAG(s) 'example_skip_dag' retrieved from /home/airflow/.local/lib/python3.8/site-packages/airflow/example_dags/example_skip_dag.py
[2024-02-07T08:44:45.974+0000] {logging_mixin.py:188} INFO - [2024-02-07T08:44:45.974+0000] {dag.py:3033} INFO - Sync 1 DAGs
[2024-02-07T08:44:45.999+0000] {logging_mixin.py:188} INFO - [2024-02-07T08:44:45.999+0000] {dag.py:3820} INFO - Setting next_dagrun for example_skip_dag to 2024-02-06T00:00:00+00:00, run_after=2024-02-07T00:00:00+00:00
[2024-02-07T08:44:46.021+0000] {processor.py:183} INFO - Processing /home/airflow/.local/lib/python3.8/site-packages/airflow/example_dags/example_skip_dag.py took 0.087 seconds
[2024-02-07T08:45:16.184+0000] {processor.py:161} INFO - Started process (PID=619) to work on /home/airflow/.local/lib/python3.8/site-packages/airflow/example_dags/example_skip_dag.py
[2024-02-07T08:45:16.185+0000] {processor.py:830} INFO - Processing file /home/airflow/.local/lib/python3.8/site-packages/airflow/example_dags/example_skip_dag.py for tasks to queue
[2024-02-07T08:45:16.188+0000] {logging_mixin.py:188} INFO - [2024-02-07T08:45:16.188+0000] {dagbag.py:538} INFO - Filling up the DagBag from /home/airflow/.local/lib/python3.8/site-packages/airflow/example_dags/example_skip_dag.py
[2024-02-07T08:45:16.199+0000] {processor.py:840} INFO - DAG(s) 'example_skip_dag' retrieved from /home/airflow/.local/lib/python3.8/site-packages/airflow/example_dags/example_skip_dag.py
[2024-02-07T08:45:16.235+0000] {logging_mixin.py:188} INFO - [2024-02-07T08:45:16.235+0000] {dag.py:3033} INFO - Sync 1 DAGs
[2024-02-07T08:45:16.259+0000] {logging_mixin.py:188} INFO - [2024-02-07T08:45:16.259+0000] {dag.py:3820} INFO - Setting next_dagrun for example_skip_dag to 2024-02-06T00:00:00+00:00, run_after=2024-02-07T00:00:00+00:00
[2024-02-07T08:45:16.280+0000] {processor.py:183} INFO - Processing /home/airflow/.local/lib/python3.8/site-packages/airflow/example_dags/example_skip_dag.py took 0.102 seconds
[2024-02-07T08:45:46.602+0000] {processor.py:161} INFO - Started process (PID=676) to work on /home/airflow/.local/lib/python3.8/site-packages/airflow/example_dags/example_skip_dag.py
[2024-02-07T08:45:46.603+0000] {processor.py:830} INFO - Processing file /home/airflow/.local/lib/python3.8/site-packages/airflow/example_dags/example_skip_dag.py for tasks to queue
[2024-02-07T08:45:46.607+0000] {logging_mixin.py:188} INFO - [2024-02-07T08:45:46.606+0000] {dagbag.py:538} INFO - Filling up the DagBag from /home/airflow/.local/lib/python3.8/site-packages/airflow/example_dags/example_skip_dag.py
[2024-02-07T08:45:46.613+0000] {processor.py:840} INFO - DAG(s) 'example_skip_dag' retrieved from /home/airflow/.local/lib/python3.8/site-packages/airflow/example_dags/example_skip_dag.py
[2024-02-07T08:45:46.636+0000] {logging_mixin.py:188} INFO - [2024-02-07T08:45:46.636+0000] {dag.py:3033} INFO - Sync 1 DAGs
[2024-02-07T08:45:46.659+0000] {logging_mixin.py:188} INFO - [2024-02-07T08:45:46.659+0000] {dag.py:3820} INFO - Setting next_dagrun for example_skip_dag to 2024-02-06T00:00:00+00:00, run_after=2024-02-07T00:00:00+00:00
[2024-02-07T08:45:46.680+0000] {processor.py:183} INFO - Processing /home/airflow/.local/lib/python3.8/site-packages/airflow/example_dags/example_skip_dag.py took 0.081 seconds
[2024-02-07T08:46:17.390+0000] {processor.py:161} INFO - Started process (PID=733) to work on /home/airflow/.local/lib/python3.8/site-packages/airflow/example_dags/example_skip_dag.py
[2024-02-07T08:46:17.391+0000] {processor.py:830} INFO - Processing file /home/airflow/.local/lib/python3.8/site-packages/airflow/example_dags/example_skip_dag.py for tasks to queue
[2024-02-07T08:46:17.395+0000] {logging_mixin.py:188} INFO - [2024-02-07T08:46:17.394+0000] {dagbag.py:538} INFO - Filling up the DagBag from /home/airflow/.local/lib/python3.8/site-packages/airflow/example_dags/example_skip_dag.py
[2024-02-07T08:46:17.405+0000] {processor.py:840} INFO - DAG(s) 'example_skip_dag' retrieved from /home/airflow/.local/lib/python3.8/site-packages/airflow/example_dags/example_skip_dag.py
[2024-02-07T08:46:17.434+0000] {logging_mixin.py:188} INFO - [2024-02-07T08:46:17.433+0000] {dag.py:3033} INFO - Sync 1 DAGs
[2024-02-07T08:46:17.467+0000] {logging_mixin.py:188} INFO - [2024-02-07T08:46:17.466+0000] {dag.py:3820} INFO - Setting next_dagrun for example_skip_dag to 2024-02-06T00:00:00+00:00, run_after=2024-02-07T00:00:00+00:00
[2024-02-07T08:46:17.493+0000] {processor.py:183} INFO - Processing /home/airflow/.local/lib/python3.8/site-packages/airflow/example_dags/example_skip_dag.py took 0.109 seconds
[2024-02-07T08:46:47.692+0000] {processor.py:161} INFO - Started process (PID=790) to work on /home/airflow/.local/lib/python3.8/site-packages/airflow/example_dags/example_skip_dag.py
[2024-02-07T08:46:47.703+0000] {processor.py:830} INFO - Processing file /home/airflow/.local/lib/python3.8/site-packages/airflow/example_dags/example_skip_dag.py for tasks to queue
[2024-02-07T08:46:47.709+0000] {logging_mixin.py:188} INFO - [2024-02-07T08:46:47.709+0000] {dagbag.py:538} INFO - Filling up the DagBag from /home/airflow/.local/lib/python3.8/site-packages/airflow/example_dags/example_skip_dag.py
[2024-02-07T08:46:47.718+0000] {processor.py:840} INFO - DAG(s) 'example_skip_dag' retrieved from /home/airflow/.local/lib/python3.8/site-packages/airflow/example_dags/example_skip_dag.py
[2024-02-07T08:46:47.743+0000] {logging_mixin.py:188} INFO - [2024-02-07T08:46:47.742+0000] {dag.py:3033} INFO - Sync 1 DAGs
[2024-02-07T08:46:47.772+0000] {logging_mixin.py:188} INFO - [2024-02-07T08:46:47.771+0000] {dag.py:3820} INFO - Setting next_dagrun for example_skip_dag to 2024-02-06T00:00:00+00:00, run_after=2024-02-07T00:00:00+00:00
[2024-02-07T08:46:47.800+0000] {processor.py:183} INFO - Processing /home/airflow/.local/lib/python3.8/site-packages/airflow/example_dags/example_skip_dag.py took 0.115 seconds
[2024-02-07T08:47:17.962+0000] {processor.py:161} INFO - Started process (PID=846) to work on /home/airflow/.local/lib/python3.8/site-packages/airflow/example_dags/example_skip_dag.py
[2024-02-07T08:47:17.963+0000] {processor.py:830} INFO - Processing file /home/airflow/.local/lib/python3.8/site-packages/airflow/example_dags/example_skip_dag.py for tasks to queue
[2024-02-07T08:47:17.966+0000] {logging_mixin.py:188} INFO - [2024-02-07T08:47:17.966+0000] {dagbag.py:538} INFO - Filling up the DagBag from /home/airflow/.local/lib/python3.8/site-packages/airflow/example_dags/example_skip_dag.py
[2024-02-07T08:47:17.974+0000] {processor.py:840} INFO - DAG(s) 'example_skip_dag' retrieved from /home/airflow/.local/lib/python3.8/site-packages/airflow/example_dags/example_skip_dag.py
[2024-02-07T08:47:17.996+0000] {logging_mixin.py:188} INFO - [2024-02-07T08:47:17.996+0000] {dag.py:3033} INFO - Sync 1 DAGs
[2024-02-07T08:47:18.018+0000] {logging_mixin.py:188} INFO - [2024-02-07T08:47:18.017+0000] {dag.py:3820} INFO - Setting next_dagrun for example_skip_dag to 2024-02-06T00:00:00+00:00, run_after=2024-02-07T00:00:00+00:00
[2024-02-07T08:47:18.035+0000] {processor.py:183} INFO - Processing /home/airflow/.local/lib/python3.8/site-packages/airflow/example_dags/example_skip_dag.py took 0.077 seconds
[2024-02-07T08:47:48.493+0000] {processor.py:161} INFO - Started process (PID=903) to work on /home/airflow/.local/lib/python3.8/site-packages/airflow/example_dags/example_skip_dag.py
[2024-02-07T08:47:48.495+0000] {processor.py:830} INFO - Processing file /home/airflow/.local/lib/python3.8/site-packages/airflow/example_dags/example_skip_dag.py for tasks to queue
[2024-02-07T08:47:48.497+0000] {logging_mixin.py:188} INFO - [2024-02-07T08:47:48.497+0000] {dagbag.py:538} INFO - Filling up the DagBag from /home/airflow/.local/lib/python3.8/site-packages/airflow/example_dags/example_skip_dag.py
[2024-02-07T08:47:48.503+0000] {processor.py:840} INFO - DAG(s) 'example_skip_dag' retrieved from /home/airflow/.local/lib/python3.8/site-packages/airflow/example_dags/example_skip_dag.py
[2024-02-07T08:47:48.527+0000] {logging_mixin.py:188} INFO - [2024-02-07T08:47:48.527+0000] {dag.py:3033} INFO - Sync 1 DAGs
[2024-02-07T08:47:48.550+0000] {logging_mixin.py:188} INFO - [2024-02-07T08:47:48.549+0000] {dag.py:3820} INFO - Setting next_dagrun for example_skip_dag to 2024-02-06T00:00:00+00:00, run_after=2024-02-07T00:00:00+00:00
[2024-02-07T08:47:48.570+0000] {processor.py:183} INFO - Processing /home/airflow/.local/lib/python3.8/site-packages/airflow/example_dags/example_skip_dag.py took 0.079 seconds
[2024-02-07T08:48:18.779+0000] {processor.py:161} INFO - Started process (PID=960) to work on /home/airflow/.local/lib/python3.8/site-packages/airflow/example_dags/example_skip_dag.py
[2024-02-07T08:48:18.780+0000] {processor.py:830} INFO - Processing file /home/airflow/.local/lib/python3.8/site-packages/airflow/example_dags/example_skip_dag.py for tasks to queue
[2024-02-07T08:48:18.783+0000] {logging_mixin.py:188} INFO - [2024-02-07T08:48:18.782+0000] {dagbag.py:538} INFO - Filling up the DagBag from /home/airflow/.local/lib/python3.8/site-packages/airflow/example_dags/example_skip_dag.py
[2024-02-07T08:48:18.792+0000] {processor.py:840} INFO - DAG(s) 'example_skip_dag' retrieved from /home/airflow/.local/lib/python3.8/site-packages/airflow/example_dags/example_skip_dag.py
[2024-02-07T08:48:18.819+0000] {logging_mixin.py:188} INFO - [2024-02-07T08:48:18.819+0000] {dag.py:3033} INFO - Sync 1 DAGs
[2024-02-07T08:48:18.846+0000] {logging_mixin.py:188} INFO - [2024-02-07T08:48:18.846+0000] {dag.py:3820} INFO - Setting next_dagrun for example_skip_dag to 2024-02-06T00:00:00+00:00, run_after=2024-02-07T00:00:00+00:00
[2024-02-07T08:48:18.870+0000] {processor.py:183} INFO - Processing /home/airflow/.local/lib/python3.8/site-packages/airflow/example_dags/example_skip_dag.py took 0.094 seconds
[2024-02-07T08:48:49.264+0000] {processor.py:161} INFO - Started process (PID=1018) to work on /home/airflow/.local/lib/python3.8/site-packages/airflow/example_dags/example_skip_dag.py
[2024-02-07T08:48:49.265+0000] {processor.py:830} INFO - Processing file /home/airflow/.local/lib/python3.8/site-packages/airflow/example_dags/example_skip_dag.py for tasks to queue
[2024-02-07T08:48:49.268+0000] {logging_mixin.py:188} INFO - [2024-02-07T08:48:49.267+0000] {dagbag.py:538} INFO - Filling up the DagBag from /home/airflow/.local/lib/python3.8/site-packages/airflow/example_dags/example_skip_dag.py
[2024-02-07T08:48:49.274+0000] {processor.py:840} INFO - DAG(s) 'example_skip_dag' retrieved from /home/airflow/.local/lib/python3.8/site-packages/airflow/example_dags/example_skip_dag.py
[2024-02-07T08:48:49.299+0000] {logging_mixin.py:188} INFO - [2024-02-07T08:48:49.299+0000] {dag.py:3033} INFO - Sync 1 DAGs
[2024-02-07T08:48:49.325+0000] {logging_mixin.py:188} INFO - [2024-02-07T08:48:49.325+0000] {dag.py:3820} INFO - Setting next_dagrun for example_skip_dag to 2024-02-06T00:00:00+00:00, run_after=2024-02-07T00:00:00+00:00
[2024-02-07T08:48:49.366+0000] {processor.py:183} INFO - Processing /home/airflow/.local/lib/python3.8/site-packages/airflow/example_dags/example_skip_dag.py took 0.105 seconds
[2024-02-07T08:49:19.769+0000] {processor.py:161} INFO - Started process (PID=1075) to work on /home/airflow/.local/lib/python3.8/site-packages/airflow/example_dags/example_skip_dag.py
[2024-02-07T08:49:19.770+0000] {processor.py:830} INFO - Processing file /home/airflow/.local/lib/python3.8/site-packages/airflow/example_dags/example_skip_dag.py for tasks to queue
[2024-02-07T08:49:19.775+0000] {logging_mixin.py:188} INFO - [2024-02-07T08:49:19.774+0000] {dagbag.py:538} INFO - Filling up the DagBag from /home/airflow/.local/lib/python3.8/site-packages/airflow/example_dags/example_skip_dag.py
[2024-02-07T08:49:19.783+0000] {processor.py:840} INFO - DAG(s) 'example_skip_dag' retrieved from /home/airflow/.local/lib/python3.8/site-packages/airflow/example_dags/example_skip_dag.py
[2024-02-07T08:49:19.816+0000] {logging_mixin.py:188} INFO - [2024-02-07T08:49:19.816+0000] {dag.py:3033} INFO - Sync 1 DAGs
[2024-02-07T08:49:19.847+0000] {logging_mixin.py:188} INFO - [2024-02-07T08:49:19.847+0000] {dag.py:3820} INFO - Setting next_dagrun for example_skip_dag to 2024-02-06T00:00:00+00:00, run_after=2024-02-07T00:00:00+00:00
[2024-02-07T08:49:19.870+0000] {processor.py:183} INFO - Processing /home/airflow/.local/lib/python3.8/site-packages/airflow/example_dags/example_skip_dag.py took 0.105 seconds
[2024-02-07T08:49:50.304+0000] {processor.py:161} INFO - Started process (PID=1132) to work on /home/airflow/.local/lib/python3.8/site-packages/airflow/example_dags/example_skip_dag.py
[2024-02-07T08:49:50.305+0000] {processor.py:830} INFO - Processing file /home/airflow/.local/lib/python3.8/site-packages/airflow/example_dags/example_skip_dag.py for tasks to queue
[2024-02-07T08:49:50.308+0000] {logging_mixin.py:188} INFO - [2024-02-07T08:49:50.308+0000] {dagbag.py:538} INFO - Filling up the DagBag from /home/airflow/.local/lib/python3.8/site-packages/airflow/example_dags/example_skip_dag.py
[2024-02-07T08:49:50.316+0000] {processor.py:840} INFO - DAG(s) 'example_skip_dag' retrieved from /home/airflow/.local/lib/python3.8/site-packages/airflow/example_dags/example_skip_dag.py
[2024-02-07T08:49:50.339+0000] {logging_mixin.py:188} INFO - [2024-02-07T08:49:50.338+0000] {dag.py:3033} INFO - Sync 1 DAGs
[2024-02-07T08:49:50.363+0000] {logging_mixin.py:188} INFO - [2024-02-07T08:49:50.363+0000] {dag.py:3820} INFO - Setting next_dagrun for example_skip_dag to 2024-02-06T00:00:00+00:00, run_after=2024-02-07T00:00:00+00:00
[2024-02-07T08:49:50.386+0000] {processor.py:183} INFO - Processing /home/airflow/.local/lib/python3.8/site-packages/airflow/example_dags/example_skip_dag.py took 0.086 seconds
[2024-02-07T08:50:20.818+0000] {processor.py:161} INFO - Started process (PID=1189) to work on /home/airflow/.local/lib/python3.8/site-packages/airflow/example_dags/example_skip_dag.py
[2024-02-07T08:50:20.819+0000] {processor.py:830} INFO - Processing file /home/airflow/.local/lib/python3.8/site-packages/airflow/example_dags/example_skip_dag.py for tasks to queue
[2024-02-07T08:50:20.823+0000] {logging_mixin.py:188} INFO - [2024-02-07T08:50:20.822+0000] {dagbag.py:538} INFO - Filling up the DagBag from /home/airflow/.local/lib/python3.8/site-packages/airflow/example_dags/example_skip_dag.py
[2024-02-07T08:50:20.831+0000] {processor.py:840} INFO - DAG(s) 'example_skip_dag' retrieved from /home/airflow/.local/lib/python3.8/site-packages/airflow/example_dags/example_skip_dag.py
[2024-02-07T08:50:20.858+0000] {logging_mixin.py:188} INFO - [2024-02-07T08:50:20.857+0000] {dag.py:3033} INFO - Sync 1 DAGs
[2024-02-07T08:50:20.884+0000] {logging_mixin.py:188} INFO - [2024-02-07T08:50:20.884+0000] {dag.py:3820} INFO - Setting next_dagrun for example_skip_dag to 2024-02-06T00:00:00+00:00, run_after=2024-02-07T00:00:00+00:00
[2024-02-07T08:50:20.909+0000] {processor.py:183} INFO - Processing /home/airflow/.local/lib/python3.8/site-packages/airflow/example_dags/example_skip_dag.py took 0.094 seconds
[2024-02-07T08:50:51.335+0000] {processor.py:161} INFO - Started process (PID=1246) to work on /home/airflow/.local/lib/python3.8/site-packages/airflow/example_dags/example_skip_dag.py
[2024-02-07T08:50:51.337+0000] {processor.py:830} INFO - Processing file /home/airflow/.local/lib/python3.8/site-packages/airflow/example_dags/example_skip_dag.py for tasks to queue
[2024-02-07T08:50:51.340+0000] {logging_mixin.py:188} INFO - [2024-02-07T08:50:51.339+0000] {dagbag.py:538} INFO - Filling up the DagBag from /home/airflow/.local/lib/python3.8/site-packages/airflow/example_dags/example_skip_dag.py
[2024-02-07T08:50:51.347+0000] {processor.py:840} INFO - DAG(s) 'example_skip_dag' retrieved from /home/airflow/.local/lib/python3.8/site-packages/airflow/example_dags/example_skip_dag.py
[2024-02-07T08:50:51.372+0000] {logging_mixin.py:188} INFO - [2024-02-07T08:50:51.372+0000] {dag.py:3033} INFO - Sync 1 DAGs
[2024-02-07T08:50:51.393+0000] {logging_mixin.py:188} INFO - [2024-02-07T08:50:51.393+0000] {dag.py:3820} INFO - Setting next_dagrun for example_skip_dag to 2024-02-06T00:00:00+00:00, run_after=2024-02-07T00:00:00+00:00
[2024-02-07T08:50:51.412+0000] {processor.py:183} INFO - Processing /home/airflow/.local/lib/python3.8/site-packages/airflow/example_dags/example_skip_dag.py took 0.080 seconds
[2024-02-07T08:51:21.793+0000] {processor.py:161} INFO - Started process (PID=1304) to work on /home/airflow/.local/lib/python3.8/site-packages/airflow/example_dags/example_skip_dag.py
[2024-02-07T08:51:21.794+0000] {processor.py:830} INFO - Processing file /home/airflow/.local/lib/python3.8/site-packages/airflow/example_dags/example_skip_dag.py for tasks to queue
[2024-02-07T08:51:21.796+0000] {logging_mixin.py:188} INFO - [2024-02-07T08:51:21.796+0000] {dagbag.py:538} INFO - Filling up the DagBag from /home/airflow/.local/lib/python3.8/site-packages/airflow/example_dags/example_skip_dag.py
[2024-02-07T08:51:21.805+0000] {processor.py:840} INFO - DAG(s) 'example_skip_dag' retrieved from /home/airflow/.local/lib/python3.8/site-packages/airflow/example_dags/example_skip_dag.py
[2024-02-07T08:51:21.833+0000] {logging_mixin.py:188} INFO - [2024-02-07T08:51:21.833+0000] {dag.py:3033} INFO - Sync 1 DAGs
[2024-02-07T08:51:21.856+0000] {logging_mixin.py:188} INFO - [2024-02-07T08:51:21.856+0000] {dag.py:3820} INFO - Setting next_dagrun for example_skip_dag to 2024-02-06T00:00:00+00:00, run_after=2024-02-07T00:00:00+00:00
[2024-02-07T08:51:21.876+0000] {processor.py:183} INFO - Processing /home/airflow/.local/lib/python3.8/site-packages/airflow/example_dags/example_skip_dag.py took 0.087 seconds
[2024-02-07T08:51:52.626+0000] {processor.py:161} INFO - Started process (PID=1361) to work on /home/airflow/.local/lib/python3.8/site-packages/airflow/example_dags/example_skip_dag.py
[2024-02-07T08:51:52.627+0000] {processor.py:830} INFO - Processing file /home/airflow/.local/lib/python3.8/site-packages/airflow/example_dags/example_skip_dag.py for tasks to queue
[2024-02-07T08:51:52.630+0000] {logging_mixin.py:188} INFO - [2024-02-07T08:51:52.630+0000] {dagbag.py:538} INFO - Filling up the DagBag from /home/airflow/.local/lib/python3.8/site-packages/airflow/example_dags/example_skip_dag.py
[2024-02-07T08:51:52.637+0000] {processor.py:840} INFO - DAG(s) 'example_skip_dag' retrieved from /home/airflow/.local/lib/python3.8/site-packages/airflow/example_dags/example_skip_dag.py
[2024-02-07T08:51:52.664+0000] {logging_mixin.py:188} INFO - [2024-02-07T08:51:52.664+0000] {dag.py:3033} INFO - Sync 1 DAGs
[2024-02-07T08:51:52.689+0000] {logging_mixin.py:188} INFO - [2024-02-07T08:51:52.689+0000] {dag.py:3820} INFO - Setting next_dagrun for example_skip_dag to 2024-02-06T00:00:00+00:00, run_after=2024-02-07T00:00:00+00:00
[2024-02-07T08:51:52.710+0000] {processor.py:183} INFO - Processing /home/airflow/.local/lib/python3.8/site-packages/airflow/example_dags/example_skip_dag.py took 0.088 seconds
[2024-02-07T08:52:22.900+0000] {processor.py:161} INFO - Started process (PID=1418) to work on /home/airflow/.local/lib/python3.8/site-packages/airflow/example_dags/example_skip_dag.py
[2024-02-07T08:52:22.902+0000] {processor.py:830} INFO - Processing file /home/airflow/.local/lib/python3.8/site-packages/airflow/example_dags/example_skip_dag.py for tasks to queue
[2024-02-07T08:52:22.907+0000] {logging_mixin.py:188} INFO - [2024-02-07T08:52:22.906+0000] {dagbag.py:538} INFO - Filling up the DagBag from /home/airflow/.local/lib/python3.8/site-packages/airflow/example_dags/example_skip_dag.py
[2024-02-07T08:52:22.917+0000] {processor.py:840} INFO - DAG(s) 'example_skip_dag' retrieved from /home/airflow/.local/lib/python3.8/site-packages/airflow/example_dags/example_skip_dag.py
[2024-02-07T08:52:22.948+0000] {logging_mixin.py:188} INFO - [2024-02-07T08:52:22.947+0000] {dag.py:3033} INFO - Sync 1 DAGs
[2024-02-07T08:52:22.971+0000] {logging_mixin.py:188} INFO - [2024-02-07T08:52:22.971+0000] {dag.py:3820} INFO - Setting next_dagrun for example_skip_dag to 2024-02-06T00:00:00+00:00, run_after=2024-02-07T00:00:00+00:00
[2024-02-07T08:52:22.990+0000] {processor.py:183} INFO - Processing /home/airflow/.local/lib/python3.8/site-packages/airflow/example_dags/example_skip_dag.py took 0.094 seconds
[2024-02-07T08:52:53.115+0000] {processor.py:161} INFO - Started process (PID=1475) to work on /home/airflow/.local/lib/python3.8/site-packages/airflow/example_dags/example_skip_dag.py
[2024-02-07T08:52:53.116+0000] {processor.py:830} INFO - Processing file /home/airflow/.local/lib/python3.8/site-packages/airflow/example_dags/example_skip_dag.py for tasks to queue
[2024-02-07T08:52:53.118+0000] {logging_mixin.py:188} INFO - [2024-02-07T08:52:53.118+0000] {dagbag.py:538} INFO - Filling up the DagBag from /home/airflow/.local/lib/python3.8/site-packages/airflow/example_dags/example_skip_dag.py
[2024-02-07T08:52:53.126+0000] {processor.py:840} INFO - DAG(s) 'example_skip_dag' retrieved from /home/airflow/.local/lib/python3.8/site-packages/airflow/example_dags/example_skip_dag.py
[2024-02-07T08:52:53.154+0000] {logging_mixin.py:188} INFO - [2024-02-07T08:52:53.154+0000] {dag.py:3033} INFO - Sync 1 DAGs
[2024-02-07T08:52:53.189+0000] {logging_mixin.py:188} INFO - [2024-02-07T08:52:53.189+0000] {dag.py:3820} INFO - Setting next_dagrun for example_skip_dag to 2024-02-06T00:00:00+00:00, run_after=2024-02-07T00:00:00+00:00
[2024-02-07T08:52:53.216+0000] {processor.py:183} INFO - Processing /home/airflow/.local/lib/python3.8/site-packages/airflow/example_dags/example_skip_dag.py took 0.105 seconds
[2024-02-07T08:53:23.328+0000] {processor.py:161} INFO - Started process (PID=1532) to work on /home/airflow/.local/lib/python3.8/site-packages/airflow/example_dags/example_skip_dag.py
[2024-02-07T08:53:23.329+0000] {processor.py:830} INFO - Processing file /home/airflow/.local/lib/python3.8/site-packages/airflow/example_dags/example_skip_dag.py for tasks to queue
[2024-02-07T08:53:23.332+0000] {logging_mixin.py:188} INFO - [2024-02-07T08:53:23.331+0000] {dagbag.py:538} INFO - Filling up the DagBag from /home/airflow/.local/lib/python3.8/site-packages/airflow/example_dags/example_skip_dag.py
[2024-02-07T08:53:23.339+0000] {processor.py:840} INFO - DAG(s) 'example_skip_dag' retrieved from /home/airflow/.local/lib/python3.8/site-packages/airflow/example_dags/example_skip_dag.py
[2024-02-07T08:53:23.363+0000] {logging_mixin.py:188} INFO - [2024-02-07T08:53:23.363+0000] {dag.py:3033} INFO - Sync 1 DAGs
[2024-02-07T08:53:23.386+0000] {logging_mixin.py:188} INFO - [2024-02-07T08:53:23.386+0000] {dag.py:3820} INFO - Setting next_dagrun for example_skip_dag to 2024-02-06T00:00:00+00:00, run_after=2024-02-07T00:00:00+00:00
[2024-02-07T08:53:23.414+0000] {processor.py:183} INFO - Processing /home/airflow/.local/lib/python3.8/site-packages/airflow/example_dags/example_skip_dag.py took 0.089 seconds
[2024-02-07T08:53:53.654+0000] {processor.py:161} INFO - Started process (PID=1589) to work on /home/airflow/.local/lib/python3.8/site-packages/airflow/example_dags/example_skip_dag.py
[2024-02-07T08:53:53.656+0000] {processor.py:830} INFO - Processing file /home/airflow/.local/lib/python3.8/site-packages/airflow/example_dags/example_skip_dag.py for tasks to queue
[2024-02-07T08:53:53.658+0000] {logging_mixin.py:188} INFO - [2024-02-07T08:53:53.658+0000] {dagbag.py:538} INFO - Filling up the DagBag from /home/airflow/.local/lib/python3.8/site-packages/airflow/example_dags/example_skip_dag.py
[2024-02-07T08:53:53.665+0000] {processor.py:840} INFO - DAG(s) 'example_skip_dag' retrieved from /home/airflow/.local/lib/python3.8/site-packages/airflow/example_dags/example_skip_dag.py
[2024-02-07T08:53:53.691+0000] {logging_mixin.py:188} INFO - [2024-02-07T08:53:53.691+0000] {dag.py:3033} INFO - Sync 1 DAGs
[2024-02-07T08:53:53.720+0000] {logging_mixin.py:188} INFO - [2024-02-07T08:53:53.720+0000] {dag.py:3820} INFO - Setting next_dagrun for example_skip_dag to 2024-02-06T00:00:00+00:00, run_after=2024-02-07T00:00:00+00:00
[2024-02-07T08:53:53.741+0000] {processor.py:183} INFO - Processing /home/airflow/.local/lib/python3.8/site-packages/airflow/example_dags/example_skip_dag.py took 0.091 seconds
[2024-02-07T08:54:24.179+0000] {processor.py:161} INFO - Started process (PID=1646) to work on /home/airflow/.local/lib/python3.8/site-packages/airflow/example_dags/example_skip_dag.py
[2024-02-07T08:54:24.180+0000] {processor.py:830} INFO - Processing file /home/airflow/.local/lib/python3.8/site-packages/airflow/example_dags/example_skip_dag.py for tasks to queue
[2024-02-07T08:54:24.183+0000] {logging_mixin.py:188} INFO - [2024-02-07T08:54:24.183+0000] {dagbag.py:538} INFO - Filling up the DagBag from /home/airflow/.local/lib/python3.8/site-packages/airflow/example_dags/example_skip_dag.py
[2024-02-07T08:54:24.194+0000] {processor.py:840} INFO - DAG(s) 'example_skip_dag' retrieved from /home/airflow/.local/lib/python3.8/site-packages/airflow/example_dags/example_skip_dag.py
[2024-02-07T08:54:24.219+0000] {logging_mixin.py:188} INFO - [2024-02-07T08:54:24.219+0000] {dag.py:3033} INFO - Sync 1 DAGs
[2024-02-07T08:54:24.246+0000] {logging_mixin.py:188} INFO - [2024-02-07T08:54:24.246+0000] {dag.py:3820} INFO - Setting next_dagrun for example_skip_dag to 2024-02-06T00:00:00+00:00, run_after=2024-02-07T00:00:00+00:00
[2024-02-07T08:54:24.267+0000] {processor.py:183} INFO - Processing /home/airflow/.local/lib/python3.8/site-packages/airflow/example_dags/example_skip_dag.py took 0.092 seconds
[2024-02-07T08:54:54.845+0000] {processor.py:161} INFO - Started process (PID=1703) to work on /home/airflow/.local/lib/python3.8/site-packages/airflow/example_dags/example_skip_dag.py
[2024-02-07T08:54:54.847+0000] {processor.py:830} INFO - Processing file /home/airflow/.local/lib/python3.8/site-packages/airflow/example_dags/example_skip_dag.py for tasks to queue
[2024-02-07T08:54:54.853+0000] {logging_mixin.py:188} INFO - [2024-02-07T08:54:54.853+0000] {dagbag.py:538} INFO - Filling up the DagBag from /home/airflow/.local/lib/python3.8/site-packages/airflow/example_dags/example_skip_dag.py
[2024-02-07T08:54:54.874+0000] {processor.py:840} INFO - DAG(s) 'example_skip_dag' retrieved from /home/airflow/.local/lib/python3.8/site-packages/airflow/example_dags/example_skip_dag.py
[2024-02-07T08:54:54.939+0000] {logging_mixin.py:188} INFO - [2024-02-07T08:54:54.939+0000] {dag.py:3033} INFO - Sync 1 DAGs
[2024-02-07T08:54:54.991+0000] {logging_mixin.py:188} INFO - [2024-02-07T08:54:54.991+0000] {dag.py:3820} INFO - Setting next_dagrun for example_skip_dag to 2024-02-06T00:00:00+00:00, run_after=2024-02-07T00:00:00+00:00
[2024-02-07T08:54:55.030+0000] {processor.py:183} INFO - Processing /home/airflow/.local/lib/python3.8/site-packages/airflow/example_dags/example_skip_dag.py took 0.194 seconds
[2024-02-07T08:55:26.110+0000] {processor.py:161} INFO - Started process (PID=1760) to work on /home/airflow/.local/lib/python3.8/site-packages/airflow/example_dags/example_skip_dag.py
[2024-02-07T08:55:26.123+0000] {processor.py:830} INFO - Processing file /home/airflow/.local/lib/python3.8/site-packages/airflow/example_dags/example_skip_dag.py for tasks to queue
[2024-02-07T08:55:26.146+0000] {logging_mixin.py:188} INFO - [2024-02-07T08:55:26.145+0000] {dagbag.py:538} INFO - Filling up the DagBag from /home/airflow/.local/lib/python3.8/site-packages/airflow/example_dags/example_skip_dag.py
[2024-02-07T08:55:26.234+0000] {processor.py:840} INFO - DAG(s) 'example_skip_dag' retrieved from /home/airflow/.local/lib/python3.8/site-packages/airflow/example_dags/example_skip_dag.py
[2024-02-07T08:55:26.318+0000] {logging_mixin.py:188} INFO - [2024-02-07T08:55:26.317+0000] {dag.py:3033} INFO - Sync 1 DAGs
[2024-02-07T08:55:26.579+0000] {logging_mixin.py:188} INFO - [2024-02-07T08:55:26.579+0000] {dag.py:3820} INFO - Setting next_dagrun for example_skip_dag to 2024-02-06T00:00:00+00:00, run_after=2024-02-07T00:00:00+00:00
[2024-02-07T08:55:26.626+0000] {processor.py:183} INFO - Processing /home/airflow/.local/lib/python3.8/site-packages/airflow/example_dags/example_skip_dag.py took 0.526 seconds
[2024-02-07T08:55:58.723+0000] {processor.py:161} INFO - Started process (PID=1822) to work on /home/airflow/.local/lib/python3.8/site-packages/airflow/example_dags/example_skip_dag.py
[2024-02-07T08:55:58.748+0000] {processor.py:830} INFO - Processing file /home/airflow/.local/lib/python3.8/site-packages/airflow/example_dags/example_skip_dag.py for tasks to queue
[2024-02-07T08:55:58.770+0000] {logging_mixin.py:188} INFO - [2024-02-07T08:55:58.768+0000] {dagbag.py:538} INFO - Filling up the DagBag from /home/airflow/.local/lib/python3.8/site-packages/airflow/example_dags/example_skip_dag.py
[2024-02-07T08:55:58.834+0000] {processor.py:840} INFO - DAG(s) 'example_skip_dag' retrieved from /home/airflow/.local/lib/python3.8/site-packages/airflow/example_dags/example_skip_dag.py
[2024-02-07T08:55:59.121+0000] {logging_mixin.py:188} INFO - [2024-02-07T08:55:59.119+0000] {dag.py:3033} INFO - Sync 1 DAGs
[2024-02-07T08:56:00.330+0000] {logging_mixin.py:188} INFO - [2024-02-07T08:56:00.329+0000] {dag.py:3820} INFO - Setting next_dagrun for example_skip_dag to 2024-02-06T00:00:00+00:00, run_after=2024-02-07T00:00:00+00:00
[2024-02-07T08:56:00.466+0000] {processor.py:183} INFO - Processing /home/airflow/.local/lib/python3.8/site-packages/airflow/example_dags/example_skip_dag.py took 1.780 seconds
[2024-02-07T08:56:31.545+0000] {processor.py:161} INFO - Started process (PID=1881) to work on /home/airflow/.local/lib/python3.8/site-packages/airflow/example_dags/example_skip_dag.py
[2024-02-07T08:56:31.549+0000] {processor.py:830} INFO - Processing file /home/airflow/.local/lib/python3.8/site-packages/airflow/example_dags/example_skip_dag.py for tasks to queue
[2024-02-07T08:56:31.562+0000] {logging_mixin.py:188} INFO - [2024-02-07T08:56:31.558+0000] {dagbag.py:538} INFO - Filling up the DagBag from /home/airflow/.local/lib/python3.8/site-packages/airflow/example_dags/example_skip_dag.py
[2024-02-07T08:56:31.587+0000] {processor.py:840} INFO - DAG(s) 'example_skip_dag' retrieved from /home/airflow/.local/lib/python3.8/site-packages/airflow/example_dags/example_skip_dag.py
[2024-02-07T08:56:31.657+0000] {logging_mixin.py:188} INFO - [2024-02-07T08:56:31.656+0000] {dag.py:3033} INFO - Sync 1 DAGs
[2024-02-07T08:56:31.769+0000] {logging_mixin.py:188} INFO - [2024-02-07T08:56:31.768+0000] {dag.py:3820} INFO - Setting next_dagrun for example_skip_dag to 2024-02-06T00:00:00+00:00, run_after=2024-02-07T00:00:00+00:00
[2024-02-07T08:56:31.848+0000] {processor.py:183} INFO - Processing /home/airflow/.local/lib/python3.8/site-packages/airflow/example_dags/example_skip_dag.py took 0.319 seconds
[2024-02-07T08:57:02.387+0000] {processor.py:161} INFO - Started process (PID=1938) to work on /home/airflow/.local/lib/python3.8/site-packages/airflow/example_dags/example_skip_dag.py
[2024-02-07T08:57:02.389+0000] {processor.py:830} INFO - Processing file /home/airflow/.local/lib/python3.8/site-packages/airflow/example_dags/example_skip_dag.py for tasks to queue
[2024-02-07T08:57:02.395+0000] {logging_mixin.py:188} INFO - [2024-02-07T08:57:02.395+0000] {dagbag.py:538} INFO - Filling up the DagBag from /home/airflow/.local/lib/python3.8/site-packages/airflow/example_dags/example_skip_dag.py
[2024-02-07T08:57:02.411+0000] {processor.py:840} INFO - DAG(s) 'example_skip_dag' retrieved from /home/airflow/.local/lib/python3.8/site-packages/airflow/example_dags/example_skip_dag.py
[2024-02-07T08:57:02.461+0000] {logging_mixin.py:188} INFO - [2024-02-07T08:57:02.461+0000] {dag.py:3033} INFO - Sync 1 DAGs
[2024-02-07T08:57:02.522+0000] {logging_mixin.py:188} INFO - [2024-02-07T08:57:02.521+0000] {dag.py:3820} INFO - Setting next_dagrun for example_skip_dag to 2024-02-06T00:00:00+00:00, run_after=2024-02-07T00:00:00+00:00
[2024-02-07T08:57:02.875+0000] {processor.py:183} INFO - Processing /home/airflow/.local/lib/python3.8/site-packages/airflow/example_dags/example_skip_dag.py took 0.496 seconds
[2024-02-07T08:57:33.003+0000] {processor.py:161} INFO - Started process (PID=1996) to work on /home/airflow/.local/lib/python3.8/site-packages/airflow/example_dags/example_skip_dag.py
[2024-02-07T08:57:33.006+0000] {processor.py:830} INFO - Processing file /home/airflow/.local/lib/python3.8/site-packages/airflow/example_dags/example_skip_dag.py for tasks to queue
[2024-02-07T08:57:33.014+0000] {logging_mixin.py:188} INFO - [2024-02-07T08:57:33.013+0000] {dagbag.py:538} INFO - Filling up the DagBag from /home/airflow/.local/lib/python3.8/site-packages/airflow/example_dags/example_skip_dag.py
[2024-02-07T08:57:33.029+0000] {processor.py:840} INFO - DAG(s) 'example_skip_dag' retrieved from /home/airflow/.local/lib/python3.8/site-packages/airflow/example_dags/example_skip_dag.py
[2024-02-07T08:57:33.090+0000] {logging_mixin.py:188} INFO - [2024-02-07T08:57:33.090+0000] {dag.py:3033} INFO - Sync 1 DAGs
[2024-02-07T08:57:33.452+0000] {logging_mixin.py:188} INFO - [2024-02-07T08:57:33.451+0000] {dag.py:3820} INFO - Setting next_dagrun for example_skip_dag to 2024-02-06T00:00:00+00:00, run_after=2024-02-07T00:00:00+00:00
[2024-02-07T08:57:33.526+0000] {processor.py:183} INFO - Processing /home/airflow/.local/lib/python3.8/site-packages/airflow/example_dags/example_skip_dag.py took 0.534 seconds
[2024-02-07T08:58:04.352+0000] {processor.py:161} INFO - Started process (PID=2054) to work on /home/airflow/.local/lib/python3.8/site-packages/airflow/example_dags/example_skip_dag.py
[2024-02-07T08:58:04.358+0000] {processor.py:830} INFO - Processing file /home/airflow/.local/lib/python3.8/site-packages/airflow/example_dags/example_skip_dag.py for tasks to queue
[2024-02-07T08:58:04.368+0000] {logging_mixin.py:188} INFO - [2024-02-07T08:58:04.366+0000] {dagbag.py:538} INFO - Filling up the DagBag from /home/airflow/.local/lib/python3.8/site-packages/airflow/example_dags/example_skip_dag.py
[2024-02-07T08:58:04.392+0000] {processor.py:840} INFO - DAG(s) 'example_skip_dag' retrieved from /home/airflow/.local/lib/python3.8/site-packages/airflow/example_dags/example_skip_dag.py
[2024-02-07T08:58:04.455+0000] {logging_mixin.py:188} INFO - [2024-02-07T08:58:04.454+0000] {dag.py:3033} INFO - Sync 1 DAGs
[2024-02-07T08:58:04.822+0000] {logging_mixin.py:188} INFO - [2024-02-07T08:58:04.821+0000] {dag.py:3820} INFO - Setting next_dagrun for example_skip_dag to 2024-02-06T00:00:00+00:00, run_after=2024-02-07T00:00:00+00:00
[2024-02-07T08:58:04.946+0000] {processor.py:183} INFO - Processing /home/airflow/.local/lib/python3.8/site-packages/airflow/example_dags/example_skip_dag.py took 0.609 seconds
[2024-02-07T08:58:35.133+0000] {processor.py:161} INFO - Started process (PID=2111) to work on /home/airflow/.local/lib/python3.8/site-packages/airflow/example_dags/example_skip_dag.py
[2024-02-07T08:58:35.143+0000] {processor.py:830} INFO - Processing file /home/airflow/.local/lib/python3.8/site-packages/airflow/example_dags/example_skip_dag.py for tasks to queue
[2024-02-07T08:58:35.151+0000] {logging_mixin.py:188} INFO - [2024-02-07T08:58:35.150+0000] {dagbag.py:538} INFO - Filling up the DagBag from /home/airflow/.local/lib/python3.8/site-packages/airflow/example_dags/example_skip_dag.py
[2024-02-07T08:58:35.202+0000] {processor.py:840} INFO - DAG(s) 'example_skip_dag' retrieved from /home/airflow/.local/lib/python3.8/site-packages/airflow/example_dags/example_skip_dag.py
[2024-02-07T08:58:35.324+0000] {logging_mixin.py:188} INFO - [2024-02-07T08:58:35.323+0000] {dag.py:3033} INFO - Sync 1 DAGs
[2024-02-07T08:58:35.718+0000] {logging_mixin.py:188} INFO - [2024-02-07T08:58:35.718+0000] {dag.py:3820} INFO - Setting next_dagrun for example_skip_dag to 2024-02-06T00:00:00+00:00, run_after=2024-02-07T00:00:00+00:00
[2024-02-07T08:58:35.772+0000] {processor.py:183} INFO - Processing /home/airflow/.local/lib/python3.8/site-packages/airflow/example_dags/example_skip_dag.py took 0.654 seconds
[2024-02-07T08:59:05.921+0000] {processor.py:161} INFO - Started process (PID=2168) to work on /home/airflow/.local/lib/python3.8/site-packages/airflow/example_dags/example_skip_dag.py
[2024-02-07T08:59:05.925+0000] {processor.py:830} INFO - Processing file /home/airflow/.local/lib/python3.8/site-packages/airflow/example_dags/example_skip_dag.py for tasks to queue
[2024-02-07T08:59:05.933+0000] {logging_mixin.py:188} INFO - [2024-02-07T08:59:05.932+0000] {dagbag.py:538} INFO - Filling up the DagBag from /home/airflow/.local/lib/python3.8/site-packages/airflow/example_dags/example_skip_dag.py
[2024-02-07T08:59:05.951+0000] {processor.py:840} INFO - DAG(s) 'example_skip_dag' retrieved from /home/airflow/.local/lib/python3.8/site-packages/airflow/example_dags/example_skip_dag.py
[2024-02-07T08:59:06.011+0000] {logging_mixin.py:188} INFO - [2024-02-07T08:59:06.011+0000] {dag.py:3033} INFO - Sync 1 DAGs
[2024-02-07T08:59:06.075+0000] {logging_mixin.py:188} INFO - [2024-02-07T08:59:06.075+0000] {dag.py:3820} INFO - Setting next_dagrun for example_skip_dag to 2024-02-06T00:00:00+00:00, run_after=2024-02-07T00:00:00+00:00
[2024-02-07T08:59:06.182+0000] {processor.py:183} INFO - Processing /home/airflow/.local/lib/python3.8/site-packages/airflow/example_dags/example_skip_dag.py took 0.271 seconds
[2024-02-07T08:59:36.417+0000] {processor.py:161} INFO - Started process (PID=2225) to work on /home/airflow/.local/lib/python3.8/site-packages/airflow/example_dags/example_skip_dag.py
[2024-02-07T08:59:36.419+0000] {processor.py:830} INFO - Processing file /home/airflow/.local/lib/python3.8/site-packages/airflow/example_dags/example_skip_dag.py for tasks to queue
[2024-02-07T08:59:36.421+0000] {logging_mixin.py:188} INFO - [2024-02-07T08:59:36.421+0000] {dagbag.py:538} INFO - Filling up the DagBag from /home/airflow/.local/lib/python3.8/site-packages/airflow/example_dags/example_skip_dag.py
[2024-02-07T08:59:36.428+0000] {processor.py:840} INFO - DAG(s) 'example_skip_dag' retrieved from /home/airflow/.local/lib/python3.8/site-packages/airflow/example_dags/example_skip_dag.py
[2024-02-07T08:59:36.453+0000] {logging_mixin.py:188} INFO - [2024-02-07T08:59:36.453+0000] {dag.py:3033} INFO - Sync 1 DAGs
[2024-02-07T08:59:36.479+0000] {logging_mixin.py:188} INFO - [2024-02-07T08:59:36.479+0000] {dag.py:3820} INFO - Setting next_dagrun for example_skip_dag to 2024-02-06T00:00:00+00:00, run_after=2024-02-07T00:00:00+00:00
[2024-02-07T08:59:36.503+0000] {processor.py:183} INFO - Processing /home/airflow/.local/lib/python3.8/site-packages/airflow/example_dags/example_skip_dag.py took 0.089 seconds
[2024-02-07T09:00:06.644+0000] {processor.py:161} INFO - Started process (PID=2282) to work on /home/airflow/.local/lib/python3.8/site-packages/airflow/example_dags/example_skip_dag.py
[2024-02-07T09:00:06.645+0000] {processor.py:830} INFO - Processing file /home/airflow/.local/lib/python3.8/site-packages/airflow/example_dags/example_skip_dag.py for tasks to queue
[2024-02-07T09:00:06.649+0000] {logging_mixin.py:188} INFO - [2024-02-07T09:00:06.649+0000] {dagbag.py:538} INFO - Filling up the DagBag from /home/airflow/.local/lib/python3.8/site-packages/airflow/example_dags/example_skip_dag.py
[2024-02-07T09:00:06.659+0000] {processor.py:840} INFO - DAG(s) 'example_skip_dag' retrieved from /home/airflow/.local/lib/python3.8/site-packages/airflow/example_dags/example_skip_dag.py
[2024-02-07T09:00:06.686+0000] {logging_mixin.py:188} INFO - [2024-02-07T09:00:06.686+0000] {dag.py:3033} INFO - Sync 1 DAGs
[2024-02-07T09:00:06.714+0000] {logging_mixin.py:188} INFO - [2024-02-07T09:00:06.714+0000] {dag.py:3820} INFO - Setting next_dagrun for example_skip_dag to 2024-02-06T00:00:00+00:00, run_after=2024-02-07T00:00:00+00:00
[2024-02-07T09:00:06.736+0000] {processor.py:183} INFO - Processing /home/airflow/.local/lib/python3.8/site-packages/airflow/example_dags/example_skip_dag.py took 0.097 seconds
[2024-02-07T09:00:36.885+0000] {processor.py:161} INFO - Started process (PID=2339) to work on /home/airflow/.local/lib/python3.8/site-packages/airflow/example_dags/example_skip_dag.py
[2024-02-07T09:00:36.886+0000] {processor.py:830} INFO - Processing file /home/airflow/.local/lib/python3.8/site-packages/airflow/example_dags/example_skip_dag.py for tasks to queue
[2024-02-07T09:00:36.889+0000] {logging_mixin.py:188} INFO - [2024-02-07T09:00:36.889+0000] {dagbag.py:538} INFO - Filling up the DagBag from /home/airflow/.local/lib/python3.8/site-packages/airflow/example_dags/example_skip_dag.py
[2024-02-07T09:00:36.895+0000] {processor.py:840} INFO - DAG(s) 'example_skip_dag' retrieved from /home/airflow/.local/lib/python3.8/site-packages/airflow/example_dags/example_skip_dag.py
[2024-02-07T09:00:36.918+0000] {logging_mixin.py:188} INFO - [2024-02-07T09:00:36.918+0000] {dag.py:3033} INFO - Sync 1 DAGs
[2024-02-07T09:00:36.939+0000] {logging_mixin.py:188} INFO - [2024-02-07T09:00:36.939+0000] {dag.py:3820} INFO - Setting next_dagrun for example_skip_dag to 2024-02-06T00:00:00+00:00, run_after=2024-02-07T00:00:00+00:00
[2024-02-07T09:00:36.967+0000] {processor.py:183} INFO - Processing /home/airflow/.local/lib/python3.8/site-packages/airflow/example_dags/example_skip_dag.py took 0.085 seconds
[2024-02-07T09:01:07.563+0000] {processor.py:161} INFO - Started process (PID=2396) to work on /home/airflow/.local/lib/python3.8/site-packages/airflow/example_dags/example_skip_dag.py
[2024-02-07T09:01:07.564+0000] {processor.py:830} INFO - Processing file /home/airflow/.local/lib/python3.8/site-packages/airflow/example_dags/example_skip_dag.py for tasks to queue
[2024-02-07T09:01:07.567+0000] {logging_mixin.py:188} INFO - [2024-02-07T09:01:07.567+0000] {dagbag.py:538} INFO - Filling up the DagBag from /home/airflow/.local/lib/python3.8/site-packages/airflow/example_dags/example_skip_dag.py
[2024-02-07T09:01:07.573+0000] {processor.py:840} INFO - DAG(s) 'example_skip_dag' retrieved from /home/airflow/.local/lib/python3.8/site-packages/airflow/example_dags/example_skip_dag.py
[2024-02-07T09:01:07.597+0000] {logging_mixin.py:188} INFO - [2024-02-07T09:01:07.597+0000] {dag.py:3033} INFO - Sync 1 DAGs
[2024-02-07T09:01:07.618+0000] {logging_mixin.py:188} INFO - [2024-02-07T09:01:07.618+0000] {dag.py:3820} INFO - Setting next_dagrun for example_skip_dag to 2024-02-06T00:00:00+00:00, run_after=2024-02-07T00:00:00+00:00
[2024-02-07T09:01:07.647+0000] {processor.py:183} INFO - Processing /home/airflow/.local/lib/python3.8/site-packages/airflow/example_dags/example_skip_dag.py took 0.087 seconds
[2024-02-07T09:01:38.051+0000] {processor.py:161} INFO - Started process (PID=2453) to work on /home/airflow/.local/lib/python3.8/site-packages/airflow/example_dags/example_skip_dag.py
[2024-02-07T09:01:38.052+0000] {processor.py:830} INFO - Processing file /home/airflow/.local/lib/python3.8/site-packages/airflow/example_dags/example_skip_dag.py for tasks to queue
[2024-02-07T09:01:38.055+0000] {logging_mixin.py:188} INFO - [2024-02-07T09:01:38.055+0000] {dagbag.py:538} INFO - Filling up the DagBag from /home/airflow/.local/lib/python3.8/site-packages/airflow/example_dags/example_skip_dag.py
[2024-02-07T09:01:38.061+0000] {processor.py:840} INFO - DAG(s) 'example_skip_dag' retrieved from /home/airflow/.local/lib/python3.8/site-packages/airflow/example_dags/example_skip_dag.py
[2024-02-07T09:01:38.087+0000] {logging_mixin.py:188} INFO - [2024-02-07T09:01:38.087+0000] {dag.py:3033} INFO - Sync 1 DAGs
[2024-02-07T09:01:38.109+0000] {logging_mixin.py:188} INFO - [2024-02-07T09:01:38.109+0000] {dag.py:3820} INFO - Setting next_dagrun for example_skip_dag to 2024-02-06T00:00:00+00:00, run_after=2024-02-07T00:00:00+00:00
[2024-02-07T09:01:38.135+0000] {processor.py:183} INFO - Processing /home/airflow/.local/lib/python3.8/site-packages/airflow/example_dags/example_skip_dag.py took 0.087 seconds
[2024-02-07T09:02:08.498+0000] {processor.py:161} INFO - Started process (PID=2511) to work on /home/airflow/.local/lib/python3.8/site-packages/airflow/example_dags/example_skip_dag.py
[2024-02-07T09:02:08.499+0000] {processor.py:830} INFO - Processing file /home/airflow/.local/lib/python3.8/site-packages/airflow/example_dags/example_skip_dag.py for tasks to queue
[2024-02-07T09:02:08.502+0000] {logging_mixin.py:188} INFO - [2024-02-07T09:02:08.502+0000] {dagbag.py:538} INFO - Filling up the DagBag from /home/airflow/.local/lib/python3.8/site-packages/airflow/example_dags/example_skip_dag.py
[2024-02-07T09:02:08.508+0000] {processor.py:840} INFO - DAG(s) 'example_skip_dag' retrieved from /home/airflow/.local/lib/python3.8/site-packages/airflow/example_dags/example_skip_dag.py
[2024-02-07T09:02:08.532+0000] {logging_mixin.py:188} INFO - [2024-02-07T09:02:08.532+0000] {dag.py:3033} INFO - Sync 1 DAGs
[2024-02-07T09:02:08.553+0000] {logging_mixin.py:188} INFO - [2024-02-07T09:02:08.553+0000] {dag.py:3820} INFO - Setting next_dagrun for example_skip_dag to 2024-02-06T00:00:00+00:00, run_after=2024-02-07T00:00:00+00:00
[2024-02-07T09:02:08.583+0000] {processor.py:183} INFO - Processing /home/airflow/.local/lib/python3.8/site-packages/airflow/example_dags/example_skip_dag.py took 0.088 seconds
[2024-02-07T09:02:39.166+0000] {processor.py:161} INFO - Started process (PID=2568) to work on /home/airflow/.local/lib/python3.8/site-packages/airflow/example_dags/example_skip_dag.py
[2024-02-07T09:02:39.167+0000] {processor.py:830} INFO - Processing file /home/airflow/.local/lib/python3.8/site-packages/airflow/example_dags/example_skip_dag.py for tasks to queue
[2024-02-07T09:02:39.169+0000] {logging_mixin.py:188} INFO - [2024-02-07T09:02:39.169+0000] {dagbag.py:538} INFO - Filling up the DagBag from /home/airflow/.local/lib/python3.8/site-packages/airflow/example_dags/example_skip_dag.py
[2024-02-07T09:02:39.178+0000] {processor.py:840} INFO - DAG(s) 'example_skip_dag' retrieved from /home/airflow/.local/lib/python3.8/site-packages/airflow/example_dags/example_skip_dag.py
[2024-02-07T09:02:39.203+0000] {logging_mixin.py:188} INFO - [2024-02-07T09:02:39.203+0000] {dag.py:3033} INFO - Sync 1 DAGs
[2024-02-07T09:02:39.223+0000] {logging_mixin.py:188} INFO - [2024-02-07T09:02:39.223+0000] {dag.py:3820} INFO - Setting next_dagrun for example_skip_dag to 2024-02-06T00:00:00+00:00, run_after=2024-02-07T00:00:00+00:00
[2024-02-07T09:02:39.244+0000] {processor.py:183} INFO - Processing /home/airflow/.local/lib/python3.8/site-packages/airflow/example_dags/example_skip_dag.py took 0.082 seconds
[2024-02-07T09:03:09.373+0000] {processor.py:161} INFO - Started process (PID=2625) to work on /home/airflow/.local/lib/python3.8/site-packages/airflow/example_dags/example_skip_dag.py
[2024-02-07T09:03:09.374+0000] {processor.py:830} INFO - Processing file /home/airflow/.local/lib/python3.8/site-packages/airflow/example_dags/example_skip_dag.py for tasks to queue
[2024-02-07T09:03:09.377+0000] {logging_mixin.py:188} INFO - [2024-02-07T09:03:09.376+0000] {dagbag.py:538} INFO - Filling up the DagBag from /home/airflow/.local/lib/python3.8/site-packages/airflow/example_dags/example_skip_dag.py
[2024-02-07T09:03:09.383+0000] {processor.py:840} INFO - DAG(s) 'example_skip_dag' retrieved from /home/airflow/.local/lib/python3.8/site-packages/airflow/example_dags/example_skip_dag.py
[2024-02-07T09:03:09.407+0000] {logging_mixin.py:188} INFO - [2024-02-07T09:03:09.407+0000] {dag.py:3033} INFO - Sync 1 DAGs
[2024-02-07T09:03:09.427+0000] {logging_mixin.py:188} INFO - [2024-02-07T09:03:09.427+0000] {dag.py:3820} INFO - Setting next_dagrun for example_skip_dag to 2024-02-06T00:00:00+00:00, run_after=2024-02-07T00:00:00+00:00
[2024-02-07T09:03:09.455+0000] {processor.py:183} INFO - Processing /home/airflow/.local/lib/python3.8/site-packages/airflow/example_dags/example_skip_dag.py took 0.085 seconds
[2024-02-07T09:03:40.193+0000] {processor.py:161} INFO - Started process (PID=2682) to work on /home/airflow/.local/lib/python3.8/site-packages/airflow/example_dags/example_skip_dag.py
[2024-02-07T09:03:40.195+0000] {processor.py:830} INFO - Processing file /home/airflow/.local/lib/python3.8/site-packages/airflow/example_dags/example_skip_dag.py for tasks to queue
[2024-02-07T09:03:40.197+0000] {logging_mixin.py:188} INFO - [2024-02-07T09:03:40.197+0000] {dagbag.py:538} INFO - Filling up the DagBag from /home/airflow/.local/lib/python3.8/site-packages/airflow/example_dags/example_skip_dag.py
[2024-02-07T09:03:40.205+0000] {processor.py:840} INFO - DAG(s) 'example_skip_dag' retrieved from /home/airflow/.local/lib/python3.8/site-packages/airflow/example_dags/example_skip_dag.py
[2024-02-07T09:03:40.230+0000] {logging_mixin.py:188} INFO - [2024-02-07T09:03:40.230+0000] {dag.py:3033} INFO - Sync 1 DAGs
[2024-02-07T09:03:40.251+0000] {logging_mixin.py:188} INFO - [2024-02-07T09:03:40.251+0000] {dag.py:3820} INFO - Setting next_dagrun for example_skip_dag to 2024-02-06T00:00:00+00:00, run_after=2024-02-07T00:00:00+00:00
[2024-02-07T09:03:40.274+0000] {processor.py:183} INFO - Processing /home/airflow/.local/lib/python3.8/site-packages/airflow/example_dags/example_skip_dag.py took 0.084 seconds
[2024-02-07T09:04:10.499+0000] {processor.py:161} INFO - Started process (PID=2739) to work on /home/airflow/.local/lib/python3.8/site-packages/airflow/example_dags/example_skip_dag.py
[2024-02-07T09:04:10.501+0000] {processor.py:830} INFO - Processing file /home/airflow/.local/lib/python3.8/site-packages/airflow/example_dags/example_skip_dag.py for tasks to queue
[2024-02-07T09:04:10.505+0000] {logging_mixin.py:188} INFO - [2024-02-07T09:04:10.505+0000] {dagbag.py:538} INFO - Filling up the DagBag from /home/airflow/.local/lib/python3.8/site-packages/airflow/example_dags/example_skip_dag.py
[2024-02-07T09:04:10.512+0000] {processor.py:840} INFO - DAG(s) 'example_skip_dag' retrieved from /home/airflow/.local/lib/python3.8/site-packages/airflow/example_dags/example_skip_dag.py
[2024-02-07T09:04:10.540+0000] {logging_mixin.py:188} INFO - [2024-02-07T09:04:10.539+0000] {dag.py:3033} INFO - Sync 1 DAGs
[2024-02-07T09:04:10.566+0000] {logging_mixin.py:188} INFO - [2024-02-07T09:04:10.566+0000] {dag.py:3820} INFO - Setting next_dagrun for example_skip_dag to 2024-02-06T00:00:00+00:00, run_after=2024-02-07T00:00:00+00:00
[2024-02-07T09:04:10.592+0000] {processor.py:183} INFO - Processing /home/airflow/.local/lib/python3.8/site-packages/airflow/example_dags/example_skip_dag.py took 0.097 seconds
[2024-02-07T09:04:41.036+0000] {processor.py:161} INFO - Started process (PID=2796) to work on /home/airflow/.local/lib/python3.8/site-packages/airflow/example_dags/example_skip_dag.py
[2024-02-07T09:04:41.037+0000] {processor.py:830} INFO - Processing file /home/airflow/.local/lib/python3.8/site-packages/airflow/example_dags/example_skip_dag.py for tasks to queue
[2024-02-07T09:04:41.040+0000] {logging_mixin.py:188} INFO - [2024-02-07T09:04:41.040+0000] {dagbag.py:538} INFO - Filling up the DagBag from /home/airflow/.local/lib/python3.8/site-packages/airflow/example_dags/example_skip_dag.py
[2024-02-07T09:04:41.046+0000] {processor.py:840} INFO - DAG(s) 'example_skip_dag' retrieved from /home/airflow/.local/lib/python3.8/site-packages/airflow/example_dags/example_skip_dag.py
[2024-02-07T09:04:41.075+0000] {logging_mixin.py:188} INFO - [2024-02-07T09:04:41.075+0000] {dag.py:3033} INFO - Sync 1 DAGs
[2024-02-07T09:04:41.097+0000] {logging_mixin.py:188} INFO - [2024-02-07T09:04:41.097+0000] {dag.py:3820} INFO - Setting next_dagrun for example_skip_dag to 2024-02-06T00:00:00+00:00, run_after=2024-02-07T00:00:00+00:00
[2024-02-07T09:04:41.120+0000] {processor.py:183} INFO - Processing /home/airflow/.local/lib/python3.8/site-packages/airflow/example_dags/example_skip_dag.py took 0.087 seconds
[2024-02-07T09:05:11.298+0000] {processor.py:161} INFO - Started process (PID=2853) to work on /home/airflow/.local/lib/python3.8/site-packages/airflow/example_dags/example_skip_dag.py
[2024-02-07T09:05:11.300+0000] {processor.py:830} INFO - Processing file /home/airflow/.local/lib/python3.8/site-packages/airflow/example_dags/example_skip_dag.py for tasks to queue
[2024-02-07T09:05:11.303+0000] {logging_mixin.py:188} INFO - [2024-02-07T09:05:11.302+0000] {dagbag.py:538} INFO - Filling up the DagBag from /home/airflow/.local/lib/python3.8/site-packages/airflow/example_dags/example_skip_dag.py
[2024-02-07T09:05:11.309+0000] {processor.py:840} INFO - DAG(s) 'example_skip_dag' retrieved from /home/airflow/.local/lib/python3.8/site-packages/airflow/example_dags/example_skip_dag.py
[2024-02-07T09:05:11.333+0000] {logging_mixin.py:188} INFO - [2024-02-07T09:05:11.333+0000] {dag.py:3033} INFO - Sync 1 DAGs
[2024-02-07T09:05:11.355+0000] {logging_mixin.py:188} INFO - [2024-02-07T09:05:11.355+0000] {dag.py:3820} INFO - Setting next_dagrun for example_skip_dag to 2024-02-06T00:00:00+00:00, run_after=2024-02-07T00:00:00+00:00
[2024-02-07T09:05:11.379+0000] {processor.py:183} INFO - Processing /home/airflow/.local/lib/python3.8/site-packages/airflow/example_dags/example_skip_dag.py took 0.084 seconds
[2024-02-07T09:05:41.731+0000] {processor.py:161} INFO - Started process (PID=2910) to work on /home/airflow/.local/lib/python3.8/site-packages/airflow/example_dags/example_skip_dag.py
[2024-02-07T09:05:41.732+0000] {processor.py:830} INFO - Processing file /home/airflow/.local/lib/python3.8/site-packages/airflow/example_dags/example_skip_dag.py for tasks to queue
[2024-02-07T09:05:41.735+0000] {logging_mixin.py:188} INFO - [2024-02-07T09:05:41.735+0000] {dagbag.py:538} INFO - Filling up the DagBag from /home/airflow/.local/lib/python3.8/site-packages/airflow/example_dags/example_skip_dag.py
[2024-02-07T09:05:41.743+0000] {processor.py:840} INFO - DAG(s) 'example_skip_dag' retrieved from /home/airflow/.local/lib/python3.8/site-packages/airflow/example_dags/example_skip_dag.py
[2024-02-07T09:05:41.767+0000] {logging_mixin.py:188} INFO - [2024-02-07T09:05:41.767+0000] {dag.py:3033} INFO - Sync 1 DAGs
[2024-02-07T09:05:41.788+0000] {logging_mixin.py:188} INFO - [2024-02-07T09:05:41.787+0000] {dag.py:3820} INFO - Setting next_dagrun for example_skip_dag to 2024-02-06T00:00:00+00:00, run_after=2024-02-07T00:00:00+00:00
[2024-02-07T09:05:41.810+0000] {processor.py:183} INFO - Processing /home/airflow/.local/lib/python3.8/site-packages/airflow/example_dags/example_skip_dag.py took 0.082 seconds
[2024-02-07T09:06:12.014+0000] {processor.py:161} INFO - Started process (PID=2967) to work on /home/airflow/.local/lib/python3.8/site-packages/airflow/example_dags/example_skip_dag.py
[2024-02-07T09:06:12.015+0000] {processor.py:830} INFO - Processing file /home/airflow/.local/lib/python3.8/site-packages/airflow/example_dags/example_skip_dag.py for tasks to queue
[2024-02-07T09:06:12.018+0000] {logging_mixin.py:188} INFO - [2024-02-07T09:06:12.017+0000] {dagbag.py:538} INFO - Filling up the DagBag from /home/airflow/.local/lib/python3.8/site-packages/airflow/example_dags/example_skip_dag.py
[2024-02-07T09:06:12.024+0000] {processor.py:840} INFO - DAG(s) 'example_skip_dag' retrieved from /home/airflow/.local/lib/python3.8/site-packages/airflow/example_dags/example_skip_dag.py
[2024-02-07T09:06:12.048+0000] {logging_mixin.py:188} INFO - [2024-02-07T09:06:12.048+0000] {dag.py:3033} INFO - Sync 1 DAGs
[2024-02-07T09:06:12.070+0000] {logging_mixin.py:188} INFO - [2024-02-07T09:06:12.070+0000] {dag.py:3820} INFO - Setting next_dagrun for example_skip_dag to 2024-02-06T00:00:00+00:00, run_after=2024-02-07T00:00:00+00:00
[2024-02-07T09:06:12.093+0000] {processor.py:183} INFO - Processing /home/airflow/.local/lib/python3.8/site-packages/airflow/example_dags/example_skip_dag.py took 0.082 seconds
[2024-02-07T09:06:42.492+0000] {processor.py:161} INFO - Started process (PID=3024) to work on /home/airflow/.local/lib/python3.8/site-packages/airflow/example_dags/example_skip_dag.py
[2024-02-07T09:06:42.494+0000] {processor.py:830} INFO - Processing file /home/airflow/.local/lib/python3.8/site-packages/airflow/example_dags/example_skip_dag.py for tasks to queue
[2024-02-07T09:06:42.496+0000] {logging_mixin.py:188} INFO - [2024-02-07T09:06:42.496+0000] {dagbag.py:538} INFO - Filling up the DagBag from /home/airflow/.local/lib/python3.8/site-packages/airflow/example_dags/example_skip_dag.py
[2024-02-07T09:06:42.503+0000] {processor.py:840} INFO - DAG(s) 'example_skip_dag' retrieved from /home/airflow/.local/lib/python3.8/site-packages/airflow/example_dags/example_skip_dag.py
[2024-02-07T09:06:42.526+0000] {logging_mixin.py:188} INFO - [2024-02-07T09:06:42.526+0000] {dag.py:3033} INFO - Sync 1 DAGs
[2024-02-07T09:06:42.546+0000] {logging_mixin.py:188} INFO - [2024-02-07T09:06:42.546+0000] {dag.py:3820} INFO - Setting next_dagrun for example_skip_dag to 2024-02-06T00:00:00+00:00, run_after=2024-02-07T00:00:00+00:00
[2024-02-07T09:06:42.569+0000] {processor.py:183} INFO - Processing /home/airflow/.local/lib/python3.8/site-packages/airflow/example_dags/example_skip_dag.py took 0.080 seconds
[2024-02-07T09:07:12.874+0000] {processor.py:161} INFO - Started process (PID=3081) to work on /home/airflow/.local/lib/python3.8/site-packages/airflow/example_dags/example_skip_dag.py
[2024-02-07T09:07:12.875+0000] {processor.py:830} INFO - Processing file /home/airflow/.local/lib/python3.8/site-packages/airflow/example_dags/example_skip_dag.py for tasks to queue
[2024-02-07T09:07:12.878+0000] {logging_mixin.py:188} INFO - [2024-02-07T09:07:12.878+0000] {dagbag.py:538} INFO - Filling up the DagBag from /home/airflow/.local/lib/python3.8/site-packages/airflow/example_dags/example_skip_dag.py
[2024-02-07T09:07:12.885+0000] {processor.py:840} INFO - DAG(s) 'example_skip_dag' retrieved from /home/airflow/.local/lib/python3.8/site-packages/airflow/example_dags/example_skip_dag.py
[2024-02-07T09:07:12.914+0000] {logging_mixin.py:188} INFO - [2024-02-07T09:07:12.914+0000] {dag.py:3033} INFO - Sync 1 DAGs
[2024-02-07T09:07:12.943+0000] {logging_mixin.py:188} INFO - [2024-02-07T09:07:12.943+0000] {dag.py:3820} INFO - Setting next_dagrun for example_skip_dag to 2024-02-06T00:00:00+00:00, run_after=2024-02-07T00:00:00+00:00
[2024-02-07T09:07:12.963+0000] {processor.py:183} INFO - Processing /home/airflow/.local/lib/python3.8/site-packages/airflow/example_dags/example_skip_dag.py took 0.093 seconds
[2024-02-07T09:07:43.487+0000] {processor.py:161} INFO - Started process (PID=3138) to work on /home/airflow/.local/lib/python3.8/site-packages/airflow/example_dags/example_skip_dag.py
[2024-02-07T09:07:43.488+0000] {processor.py:830} INFO - Processing file /home/airflow/.local/lib/python3.8/site-packages/airflow/example_dags/example_skip_dag.py for tasks to queue
[2024-02-07T09:07:43.490+0000] {logging_mixin.py:188} INFO - [2024-02-07T09:07:43.490+0000] {dagbag.py:538} INFO - Filling up the DagBag from /home/airflow/.local/lib/python3.8/site-packages/airflow/example_dags/example_skip_dag.py
[2024-02-07T09:07:43.497+0000] {processor.py:840} INFO - DAG(s) 'example_skip_dag' retrieved from /home/airflow/.local/lib/python3.8/site-packages/airflow/example_dags/example_skip_dag.py
[2024-02-07T09:07:43.604+0000] {logging_mixin.py:188} INFO - [2024-02-07T09:07:43.604+0000] {dag.py:3033} INFO - Sync 1 DAGs
[2024-02-07T09:07:43.630+0000] {logging_mixin.py:188} INFO - [2024-02-07T09:07:43.630+0000] {dag.py:3820} INFO - Setting next_dagrun for example_skip_dag to 2024-02-06T00:00:00+00:00, run_after=2024-02-07T00:00:00+00:00
[2024-02-07T09:07:43.656+0000] {processor.py:183} INFO - Processing /home/airflow/.local/lib/python3.8/site-packages/airflow/example_dags/example_skip_dag.py took 0.173 seconds
[2024-02-07T09:08:13.876+0000] {processor.py:161} INFO - Started process (PID=3195) to work on /home/airflow/.local/lib/python3.8/site-packages/airflow/example_dags/example_skip_dag.py
[2024-02-07T09:08:13.877+0000] {processor.py:830} INFO - Processing file /home/airflow/.local/lib/python3.8/site-packages/airflow/example_dags/example_skip_dag.py for tasks to queue
[2024-02-07T09:08:13.880+0000] {logging_mixin.py:188} INFO - [2024-02-07T09:08:13.880+0000] {dagbag.py:538} INFO - Filling up the DagBag from /home/airflow/.local/lib/python3.8/site-packages/airflow/example_dags/example_skip_dag.py
[2024-02-07T09:08:13.888+0000] {processor.py:840} INFO - DAG(s) 'example_skip_dag' retrieved from /home/airflow/.local/lib/python3.8/site-packages/airflow/example_dags/example_skip_dag.py
[2024-02-07T09:08:13.918+0000] {logging_mixin.py:188} INFO - [2024-02-07T09:08:13.917+0000] {dag.py:3033} INFO - Sync 1 DAGs
[2024-02-07T09:08:13.946+0000] {logging_mixin.py:188} INFO - [2024-02-07T09:08:13.945+0000] {dag.py:3820} INFO - Setting next_dagrun for example_skip_dag to 2024-02-06T00:00:00+00:00, run_after=2024-02-07T00:00:00+00:00
[2024-02-07T09:08:13.983+0000] {processor.py:183} INFO - Processing /home/airflow/.local/lib/python3.8/site-packages/airflow/example_dags/example_skip_dag.py took 0.109 seconds
[2024-02-07T09:08:44.265+0000] {processor.py:161} INFO - Started process (PID=3252) to work on /home/airflow/.local/lib/python3.8/site-packages/airflow/example_dags/example_skip_dag.py
[2024-02-07T09:08:44.266+0000] {processor.py:830} INFO - Processing file /home/airflow/.local/lib/python3.8/site-packages/airflow/example_dags/example_skip_dag.py for tasks to queue
[2024-02-07T09:08:44.268+0000] {logging_mixin.py:188} INFO - [2024-02-07T09:08:44.268+0000] {dagbag.py:538} INFO - Filling up the DagBag from /home/airflow/.local/lib/python3.8/site-packages/airflow/example_dags/example_skip_dag.py
[2024-02-07T09:08:44.274+0000] {processor.py:840} INFO - DAG(s) 'example_skip_dag' retrieved from /home/airflow/.local/lib/python3.8/site-packages/airflow/example_dags/example_skip_dag.py
[2024-02-07T09:08:44.296+0000] {logging_mixin.py:188} INFO - [2024-02-07T09:08:44.296+0000] {dag.py:3033} INFO - Sync 1 DAGs
[2024-02-07T09:08:44.323+0000] {logging_mixin.py:188} INFO - [2024-02-07T09:08:44.323+0000] {dag.py:3820} INFO - Setting next_dagrun for example_skip_dag to 2024-02-06T00:00:00+00:00, run_after=2024-02-07T00:00:00+00:00
[2024-02-07T09:08:44.348+0000] {processor.py:183} INFO - Processing /home/airflow/.local/lib/python3.8/site-packages/airflow/example_dags/example_skip_dag.py took 0.086 seconds
[2024-02-07T09:09:14.650+0000] {processor.py:161} INFO - Started process (PID=3309) to work on /home/airflow/.local/lib/python3.8/site-packages/airflow/example_dags/example_skip_dag.py
[2024-02-07T09:09:14.651+0000] {processor.py:830} INFO - Processing file /home/airflow/.local/lib/python3.8/site-packages/airflow/example_dags/example_skip_dag.py for tasks to queue
[2024-02-07T09:09:14.654+0000] {logging_mixin.py:188} INFO - [2024-02-07T09:09:14.653+0000] {dagbag.py:538} INFO - Filling up the DagBag from /home/airflow/.local/lib/python3.8/site-packages/airflow/example_dags/example_skip_dag.py
[2024-02-07T09:09:14.660+0000] {processor.py:840} INFO - DAG(s) 'example_skip_dag' retrieved from /home/airflow/.local/lib/python3.8/site-packages/airflow/example_dags/example_skip_dag.py
[2024-02-07T09:09:14.685+0000] {logging_mixin.py:188} INFO - [2024-02-07T09:09:14.685+0000] {dag.py:3033} INFO - Sync 1 DAGs
[2024-02-07T09:09:14.710+0000] {logging_mixin.py:188} INFO - [2024-02-07T09:09:14.710+0000] {dag.py:3820} INFO - Setting next_dagrun for example_skip_dag to 2024-02-06T00:00:00+00:00, run_after=2024-02-07T00:00:00+00:00
[2024-02-07T09:09:14.740+0000] {processor.py:183} INFO - Processing /home/airflow/.local/lib/python3.8/site-packages/airflow/example_dags/example_skip_dag.py took 0.093 seconds
[2024-02-07T09:09:45.164+0000] {processor.py:161} INFO - Started process (PID=3366) to work on /home/airflow/.local/lib/python3.8/site-packages/airflow/example_dags/example_skip_dag.py
[2024-02-07T09:09:45.166+0000] {processor.py:830} INFO - Processing file /home/airflow/.local/lib/python3.8/site-packages/airflow/example_dags/example_skip_dag.py for tasks to queue
[2024-02-07T09:09:45.168+0000] {logging_mixin.py:188} INFO - [2024-02-07T09:09:45.168+0000] {dagbag.py:538} INFO - Filling up the DagBag from /home/airflow/.local/lib/python3.8/site-packages/airflow/example_dags/example_skip_dag.py
[2024-02-07T09:09:45.175+0000] {processor.py:840} INFO - DAG(s) 'example_skip_dag' retrieved from /home/airflow/.local/lib/python3.8/site-packages/airflow/example_dags/example_skip_dag.py
[2024-02-07T09:09:45.198+0000] {logging_mixin.py:188} INFO - [2024-02-07T09:09:45.198+0000] {dag.py:3033} INFO - Sync 1 DAGs
[2024-02-07T09:09:45.219+0000] {logging_mixin.py:188} INFO - [2024-02-07T09:09:45.219+0000] {dag.py:3820} INFO - Setting next_dagrun for example_skip_dag to 2024-02-06T00:00:00+00:00, run_after=2024-02-07T00:00:00+00:00
[2024-02-07T09:09:45.245+0000] {processor.py:183} INFO - Processing /home/airflow/.local/lib/python3.8/site-packages/airflow/example_dags/example_skip_dag.py took 0.085 seconds
[2024-02-07T09:10:15.393+0000] {processor.py:161} INFO - Started process (PID=3423) to work on /home/airflow/.local/lib/python3.8/site-packages/airflow/example_dags/example_skip_dag.py
[2024-02-07T09:10:15.395+0000] {processor.py:830} INFO - Processing file /home/airflow/.local/lib/python3.8/site-packages/airflow/example_dags/example_skip_dag.py for tasks to queue
[2024-02-07T09:10:15.397+0000] {logging_mixin.py:188} INFO - [2024-02-07T09:10:15.397+0000] {dagbag.py:538} INFO - Filling up the DagBag from /home/airflow/.local/lib/python3.8/site-packages/airflow/example_dags/example_skip_dag.py
[2024-02-07T09:10:15.406+0000] {processor.py:840} INFO - DAG(s) 'example_skip_dag' retrieved from /home/airflow/.local/lib/python3.8/site-packages/airflow/example_dags/example_skip_dag.py
[2024-02-07T09:10:15.433+0000] {logging_mixin.py:188} INFO - [2024-02-07T09:10:15.433+0000] {dag.py:3033} INFO - Sync 1 DAGs
[2024-02-07T09:10:15.461+0000] {logging_mixin.py:188} INFO - [2024-02-07T09:10:15.461+0000] {dag.py:3820} INFO - Setting next_dagrun for example_skip_dag to 2024-02-06T00:00:00+00:00, run_after=2024-02-07T00:00:00+00:00
[2024-02-07T09:10:15.483+0000] {processor.py:183} INFO - Processing /home/airflow/.local/lib/python3.8/site-packages/airflow/example_dags/example_skip_dag.py took 0.095 seconds
[2024-02-07T09:10:45.778+0000] {processor.py:161} INFO - Started process (PID=3480) to work on /home/airflow/.local/lib/python3.8/site-packages/airflow/example_dags/example_skip_dag.py
[2024-02-07T09:10:45.779+0000] {processor.py:830} INFO - Processing file /home/airflow/.local/lib/python3.8/site-packages/airflow/example_dags/example_skip_dag.py for tasks to queue
[2024-02-07T09:10:45.782+0000] {logging_mixin.py:188} INFO - [2024-02-07T09:10:45.782+0000] {dagbag.py:538} INFO - Filling up the DagBag from /home/airflow/.local/lib/python3.8/site-packages/airflow/example_dags/example_skip_dag.py
[2024-02-07T09:10:45.790+0000] {processor.py:840} INFO - DAG(s) 'example_skip_dag' retrieved from /home/airflow/.local/lib/python3.8/site-packages/airflow/example_dags/example_skip_dag.py
[2024-02-07T09:10:45.816+0000] {logging_mixin.py:188} INFO - [2024-02-07T09:10:45.815+0000] {dag.py:3033} INFO - Sync 1 DAGs
[2024-02-07T09:10:45.838+0000] {logging_mixin.py:188} INFO - [2024-02-07T09:10:45.838+0000] {dag.py:3820} INFO - Setting next_dagrun for example_skip_dag to 2024-02-06T00:00:00+00:00, run_after=2024-02-07T00:00:00+00:00
[2024-02-07T09:10:45.864+0000] {processor.py:183} INFO - Processing /home/airflow/.local/lib/python3.8/site-packages/airflow/example_dags/example_skip_dag.py took 0.091 seconds
[2024-02-07T09:11:16.100+0000] {processor.py:161} INFO - Started process (PID=3537) to work on /home/airflow/.local/lib/python3.8/site-packages/airflow/example_dags/example_skip_dag.py
[2024-02-07T09:11:16.102+0000] {processor.py:830} INFO - Processing file /home/airflow/.local/lib/python3.8/site-packages/airflow/example_dags/example_skip_dag.py for tasks to queue
[2024-02-07T09:11:16.104+0000] {logging_mixin.py:188} INFO - [2024-02-07T09:11:16.104+0000] {dagbag.py:538} INFO - Filling up the DagBag from /home/airflow/.local/lib/python3.8/site-packages/airflow/example_dags/example_skip_dag.py
[2024-02-07T09:11:16.110+0000] {processor.py:840} INFO - DAG(s) 'example_skip_dag' retrieved from /home/airflow/.local/lib/python3.8/site-packages/airflow/example_dags/example_skip_dag.py
[2024-02-07T09:11:16.135+0000] {logging_mixin.py:188} INFO - [2024-02-07T09:11:16.134+0000] {dag.py:3033} INFO - Sync 1 DAGs
[2024-02-07T09:11:16.158+0000] {logging_mixin.py:188} INFO - [2024-02-07T09:11:16.158+0000] {dag.py:3820} INFO - Setting next_dagrun for example_skip_dag to 2024-02-06T00:00:00+00:00, run_after=2024-02-07T00:00:00+00:00
[2024-02-07T09:11:16.181+0000] {processor.py:183} INFO - Processing /home/airflow/.local/lib/python3.8/site-packages/airflow/example_dags/example_skip_dag.py took 0.084 seconds
