[2024-02-07T08:40:10.432+0000] {processor.py:161} INFO - Started process (PID=51) to work on /home/airflow/.local/lib/python3.8/site-packages/airflow/example_dags/example_sensors.py
[2024-02-07T08:40:10.434+0000] {processor.py:830} INFO - Processing file /home/airflow/.local/lib/python3.8/site-packages/airflow/example_dags/example_sensors.py for tasks to queue
[2024-02-07T08:40:10.436+0000] {logging_mixin.py:188} INFO - [2024-02-07T08:40:10.436+0000] {dagbag.py:538} INFO - Filling up the DagBag from /home/airflow/.local/lib/python3.8/site-packages/airflow/example_dags/example_sensors.py
[2024-02-07T08:40:10.450+0000] {processor.py:840} INFO - DAG(s) 'example_sensors' retrieved from /home/airflow/.local/lib/python3.8/site-packages/airflow/example_dags/example_sensors.py
[2024-02-07T08:40:10.489+0000] {logging_mixin.py:188} INFO - [2024-02-07T08:40:10.489+0000] {dag.py:3033} INFO - Sync 1 DAGs
[2024-02-07T08:40:10.505+0000] {logging_mixin.py:188} INFO - [2024-02-07T08:40:10.505+0000] {dag.py:3820} INFO - Setting next_dagrun for example_sensors to None, run_after=None
[2024-02-07T08:40:10.528+0000] {processor.py:183} INFO - Processing /home/airflow/.local/lib/python3.8/site-packages/airflow/example_dags/example_sensors.py took 0.099 seconds
[2024-02-07T08:40:41.207+0000] {processor.py:161} INFO - Started process (PID=108) to work on /home/airflow/.local/lib/python3.8/site-packages/airflow/example_dags/example_sensors.py
[2024-02-07T08:40:41.208+0000] {processor.py:830} INFO - Processing file /home/airflow/.local/lib/python3.8/site-packages/airflow/example_dags/example_sensors.py for tasks to queue
[2024-02-07T08:40:41.211+0000] {logging_mixin.py:188} INFO - [2024-02-07T08:40:41.211+0000] {dagbag.py:538} INFO - Filling up the DagBag from /home/airflow/.local/lib/python3.8/site-packages/airflow/example_dags/example_sensors.py
[2024-02-07T08:40:41.221+0000] {processor.py:840} INFO - DAG(s) 'example_sensors' retrieved from /home/airflow/.local/lib/python3.8/site-packages/airflow/example_dags/example_sensors.py
[2024-02-07T08:40:41.250+0000] {logging_mixin.py:188} INFO - [2024-02-07T08:40:41.250+0000] {dag.py:3033} INFO - Sync 1 DAGs
[2024-02-07T08:40:41.263+0000] {logging_mixin.py:188} INFO - [2024-02-07T08:40:41.263+0000] {dag.py:3820} INFO - Setting next_dagrun for example_sensors to None, run_after=None
[2024-02-07T08:40:41.287+0000] {processor.py:183} INFO - Processing /home/airflow/.local/lib/python3.8/site-packages/airflow/example_dags/example_sensors.py took 0.083 seconds
[2024-02-07T08:41:11.852+0000] {processor.py:161} INFO - Started process (PID=165) to work on /home/airflow/.local/lib/python3.8/site-packages/airflow/example_dags/example_sensors.py
[2024-02-07T08:41:11.853+0000] {processor.py:830} INFO - Processing file /home/airflow/.local/lib/python3.8/site-packages/airflow/example_dags/example_sensors.py for tasks to queue
[2024-02-07T08:41:11.855+0000] {logging_mixin.py:188} INFO - [2024-02-07T08:41:11.855+0000] {dagbag.py:538} INFO - Filling up the DagBag from /home/airflow/.local/lib/python3.8/site-packages/airflow/example_dags/example_sensors.py
[2024-02-07T08:41:11.865+0000] {processor.py:840} INFO - DAG(s) 'example_sensors' retrieved from /home/airflow/.local/lib/python3.8/site-packages/airflow/example_dags/example_sensors.py
[2024-02-07T08:41:11.894+0000] {logging_mixin.py:188} INFO - [2024-02-07T08:41:11.893+0000] {dag.py:3033} INFO - Sync 1 DAGs
[2024-02-07T08:41:11.906+0000] {logging_mixin.py:188} INFO - [2024-02-07T08:41:11.905+0000] {dag.py:3820} INFO - Setting next_dagrun for example_sensors to None, run_after=None
[2024-02-07T08:41:11.932+0000] {processor.py:183} INFO - Processing /home/airflow/.local/lib/python3.8/site-packages/airflow/example_dags/example_sensors.py took 0.083 seconds
[2024-02-07T08:41:42.576+0000] {processor.py:161} INFO - Started process (PID=222) to work on /home/airflow/.local/lib/python3.8/site-packages/airflow/example_dags/example_sensors.py
[2024-02-07T08:41:42.577+0000] {processor.py:830} INFO - Processing file /home/airflow/.local/lib/python3.8/site-packages/airflow/example_dags/example_sensors.py for tasks to queue
[2024-02-07T08:41:42.579+0000] {logging_mixin.py:188} INFO - [2024-02-07T08:41:42.579+0000] {dagbag.py:538} INFO - Filling up the DagBag from /home/airflow/.local/lib/python3.8/site-packages/airflow/example_dags/example_sensors.py
[2024-02-07T08:41:42.590+0000] {processor.py:840} INFO - DAG(s) 'example_sensors' retrieved from /home/airflow/.local/lib/python3.8/site-packages/airflow/example_dags/example_sensors.py
[2024-02-07T08:41:42.617+0000] {logging_mixin.py:188} INFO - [2024-02-07T08:41:42.616+0000] {dag.py:3033} INFO - Sync 1 DAGs
[2024-02-07T08:41:42.631+0000] {logging_mixin.py:188} INFO - [2024-02-07T08:41:42.631+0000] {dag.py:3820} INFO - Setting next_dagrun for example_sensors to None, run_after=None
[2024-02-07T08:41:42.656+0000] {processor.py:183} INFO - Processing /home/airflow/.local/lib/python3.8/site-packages/airflow/example_dags/example_sensors.py took 0.083 seconds
[2024-02-07T08:42:13.089+0000] {processor.py:161} INFO - Started process (PID=280) to work on /home/airflow/.local/lib/python3.8/site-packages/airflow/example_dags/example_sensors.py
[2024-02-07T08:42:13.090+0000] {processor.py:830} INFO - Processing file /home/airflow/.local/lib/python3.8/site-packages/airflow/example_dags/example_sensors.py for tasks to queue
[2024-02-07T08:42:13.093+0000] {logging_mixin.py:188} INFO - [2024-02-07T08:42:13.093+0000] {dagbag.py:538} INFO - Filling up the DagBag from /home/airflow/.local/lib/python3.8/site-packages/airflow/example_dags/example_sensors.py
[2024-02-07T08:42:13.103+0000] {processor.py:840} INFO - DAG(s) 'example_sensors' retrieved from /home/airflow/.local/lib/python3.8/site-packages/airflow/example_dags/example_sensors.py
[2024-02-07T08:42:13.152+0000] {logging_mixin.py:188} INFO - [2024-02-07T08:42:13.152+0000] {dag.py:3033} INFO - Sync 1 DAGs
[2024-02-07T08:42:13.178+0000] {logging_mixin.py:188} INFO - [2024-02-07T08:42:13.177+0000] {dag.py:3820} INFO - Setting next_dagrun for example_sensors to None, run_after=None
[2024-02-07T08:42:13.201+0000] {processor.py:183} INFO - Processing /home/airflow/.local/lib/python3.8/site-packages/airflow/example_dags/example_sensors.py took 0.117 seconds
[2024-02-07T08:42:43.868+0000] {processor.py:161} INFO - Started process (PID=337) to work on /home/airflow/.local/lib/python3.8/site-packages/airflow/example_dags/example_sensors.py
[2024-02-07T08:42:43.869+0000] {processor.py:830} INFO - Processing file /home/airflow/.local/lib/python3.8/site-packages/airflow/example_dags/example_sensors.py for tasks to queue
[2024-02-07T08:42:43.873+0000] {logging_mixin.py:188} INFO - [2024-02-07T08:42:43.872+0000] {dagbag.py:538} INFO - Filling up the DagBag from /home/airflow/.local/lib/python3.8/site-packages/airflow/example_dags/example_sensors.py
[2024-02-07T08:42:43.882+0000] {processor.py:840} INFO - DAG(s) 'example_sensors' retrieved from /home/airflow/.local/lib/python3.8/site-packages/airflow/example_dags/example_sensors.py
[2024-02-07T08:42:43.911+0000] {logging_mixin.py:188} INFO - [2024-02-07T08:42:43.911+0000] {dag.py:3033} INFO - Sync 1 DAGs
[2024-02-07T08:42:43.928+0000] {logging_mixin.py:188} INFO - [2024-02-07T08:42:43.928+0000] {dag.py:3820} INFO - Setting next_dagrun for example_sensors to None, run_after=None
[2024-02-07T08:42:43.957+0000] {processor.py:183} INFO - Processing /home/airflow/.local/lib/python3.8/site-packages/airflow/example_dags/example_sensors.py took 0.094 seconds
[2024-02-07T08:43:14.762+0000] {processor.py:161} INFO - Started process (PID=394) to work on /home/airflow/.local/lib/python3.8/site-packages/airflow/example_dags/example_sensors.py
[2024-02-07T08:43:14.764+0000] {processor.py:830} INFO - Processing file /home/airflow/.local/lib/python3.8/site-packages/airflow/example_dags/example_sensors.py for tasks to queue
[2024-02-07T08:43:14.767+0000] {logging_mixin.py:188} INFO - [2024-02-07T08:43:14.767+0000] {dagbag.py:538} INFO - Filling up the DagBag from /home/airflow/.local/lib/python3.8/site-packages/airflow/example_dags/example_sensors.py
[2024-02-07T08:43:14.781+0000] {processor.py:840} INFO - DAG(s) 'example_sensors' retrieved from /home/airflow/.local/lib/python3.8/site-packages/airflow/example_dags/example_sensors.py
[2024-02-07T08:43:14.816+0000] {logging_mixin.py:188} INFO - [2024-02-07T08:43:14.816+0000] {dag.py:3033} INFO - Sync 1 DAGs
[2024-02-07T08:43:14.831+0000] {logging_mixin.py:188} INFO - [2024-02-07T08:43:14.831+0000] {dag.py:3820} INFO - Setting next_dagrun for example_sensors to None, run_after=None
[2024-02-07T08:43:14.855+0000] {processor.py:183} INFO - Processing /home/airflow/.local/lib/python3.8/site-packages/airflow/example_dags/example_sensors.py took 0.097 seconds
[2024-02-07T08:43:45.304+0000] {processor.py:161} INFO - Started process (PID=451) to work on /home/airflow/.local/lib/python3.8/site-packages/airflow/example_dags/example_sensors.py
[2024-02-07T08:43:45.306+0000] {processor.py:830} INFO - Processing file /home/airflow/.local/lib/python3.8/site-packages/airflow/example_dags/example_sensors.py for tasks to queue
[2024-02-07T08:43:45.310+0000] {logging_mixin.py:188} INFO - [2024-02-07T08:43:45.309+0000] {dagbag.py:538} INFO - Filling up the DagBag from /home/airflow/.local/lib/python3.8/site-packages/airflow/example_dags/example_sensors.py
[2024-02-07T08:43:45.325+0000] {processor.py:840} INFO - DAG(s) 'example_sensors' retrieved from /home/airflow/.local/lib/python3.8/site-packages/airflow/example_dags/example_sensors.py
[2024-02-07T08:43:45.362+0000] {logging_mixin.py:188} INFO - [2024-02-07T08:43:45.361+0000] {dag.py:3033} INFO - Sync 1 DAGs
[2024-02-07T08:43:45.376+0000] {logging_mixin.py:188} INFO - [2024-02-07T08:43:45.376+0000] {dag.py:3820} INFO - Setting next_dagrun for example_sensors to None, run_after=None
[2024-02-07T08:43:45.399+0000] {processor.py:183} INFO - Processing /home/airflow/.local/lib/python3.8/site-packages/airflow/example_dags/example_sensors.py took 0.103 seconds
[2024-02-07T08:44:15.742+0000] {processor.py:161} INFO - Started process (PID=507) to work on /home/airflow/.local/lib/python3.8/site-packages/airflow/example_dags/example_sensors.py
[2024-02-07T08:44:15.743+0000] {processor.py:830} INFO - Processing file /home/airflow/.local/lib/python3.8/site-packages/airflow/example_dags/example_sensors.py for tasks to queue
[2024-02-07T08:44:15.746+0000] {logging_mixin.py:188} INFO - [2024-02-07T08:44:15.746+0000] {dagbag.py:538} INFO - Filling up the DagBag from /home/airflow/.local/lib/python3.8/site-packages/airflow/example_dags/example_sensors.py
[2024-02-07T08:44:15.764+0000] {processor.py:840} INFO - DAG(s) 'example_sensors' retrieved from /home/airflow/.local/lib/python3.8/site-packages/airflow/example_dags/example_sensors.py
[2024-02-07T08:44:15.803+0000] {logging_mixin.py:188} INFO - [2024-02-07T08:44:15.802+0000] {dag.py:3033} INFO - Sync 1 DAGs
[2024-02-07T08:44:15.823+0000] {logging_mixin.py:188} INFO - [2024-02-07T08:44:15.823+0000] {dag.py:3820} INFO - Setting next_dagrun for example_sensors to None, run_after=None
[2024-02-07T08:44:15.847+0000] {processor.py:183} INFO - Processing /home/airflow/.local/lib/python3.8/site-packages/airflow/example_dags/example_sensors.py took 0.109 seconds
[2024-02-07T08:44:46.058+0000] {processor.py:161} INFO - Started process (PID=563) to work on /home/airflow/.local/lib/python3.8/site-packages/airflow/example_dags/example_sensors.py
[2024-02-07T08:44:46.059+0000] {processor.py:830} INFO - Processing file /home/airflow/.local/lib/python3.8/site-packages/airflow/example_dags/example_sensors.py for tasks to queue
[2024-02-07T08:44:46.061+0000] {logging_mixin.py:188} INFO - [2024-02-07T08:44:46.061+0000] {dagbag.py:538} INFO - Filling up the DagBag from /home/airflow/.local/lib/python3.8/site-packages/airflow/example_dags/example_sensors.py
[2024-02-07T08:44:46.070+0000] {processor.py:840} INFO - DAG(s) 'example_sensors' retrieved from /home/airflow/.local/lib/python3.8/site-packages/airflow/example_dags/example_sensors.py
[2024-02-07T08:44:46.097+0000] {logging_mixin.py:188} INFO - [2024-02-07T08:44:46.097+0000] {dag.py:3033} INFO - Sync 1 DAGs
[2024-02-07T08:44:46.112+0000] {logging_mixin.py:188} INFO - [2024-02-07T08:44:46.112+0000] {dag.py:3820} INFO - Setting next_dagrun for example_sensors to None, run_after=None
[2024-02-07T08:44:46.138+0000] {processor.py:183} INFO - Processing /home/airflow/.local/lib/python3.8/site-packages/airflow/example_dags/example_sensors.py took 0.085 seconds
[2024-02-07T08:45:16.246+0000] {processor.py:161} INFO - Started process (PID=620) to work on /home/airflow/.local/lib/python3.8/site-packages/airflow/example_dags/example_sensors.py
[2024-02-07T08:45:16.248+0000] {processor.py:830} INFO - Processing file /home/airflow/.local/lib/python3.8/site-packages/airflow/example_dags/example_sensors.py for tasks to queue
[2024-02-07T08:45:16.251+0000] {logging_mixin.py:188} INFO - [2024-02-07T08:45:16.250+0000] {dagbag.py:538} INFO - Filling up the DagBag from /home/airflow/.local/lib/python3.8/site-packages/airflow/example_dags/example_sensors.py
[2024-02-07T08:45:16.262+0000] {processor.py:840} INFO - DAG(s) 'example_sensors' retrieved from /home/airflow/.local/lib/python3.8/site-packages/airflow/example_dags/example_sensors.py
[2024-02-07T08:45:16.298+0000] {logging_mixin.py:188} INFO - [2024-02-07T08:45:16.297+0000] {dag.py:3033} INFO - Sync 1 DAGs
[2024-02-07T08:45:16.310+0000] {logging_mixin.py:188} INFO - [2024-02-07T08:45:16.310+0000] {dag.py:3820} INFO - Setting next_dagrun for example_sensors to None, run_after=None
[2024-02-07T08:45:16.329+0000] {processor.py:183} INFO - Processing /home/airflow/.local/lib/python3.8/site-packages/airflow/example_dags/example_sensors.py took 0.088 seconds
[2024-02-07T08:45:46.724+0000] {processor.py:161} INFO - Started process (PID=677) to work on /home/airflow/.local/lib/python3.8/site-packages/airflow/example_dags/example_sensors.py
[2024-02-07T08:45:46.725+0000] {processor.py:830} INFO - Processing file /home/airflow/.local/lib/python3.8/site-packages/airflow/example_dags/example_sensors.py for tasks to queue
[2024-02-07T08:45:46.727+0000] {logging_mixin.py:188} INFO - [2024-02-07T08:45:46.727+0000] {dagbag.py:538} INFO - Filling up the DagBag from /home/airflow/.local/lib/python3.8/site-packages/airflow/example_dags/example_sensors.py
[2024-02-07T08:45:46.736+0000] {processor.py:840} INFO - DAG(s) 'example_sensors' retrieved from /home/airflow/.local/lib/python3.8/site-packages/airflow/example_dags/example_sensors.py
[2024-02-07T08:45:46.765+0000] {logging_mixin.py:188} INFO - [2024-02-07T08:45:46.765+0000] {dag.py:3033} INFO - Sync 1 DAGs
[2024-02-07T08:45:46.775+0000] {logging_mixin.py:188} INFO - [2024-02-07T08:45:46.775+0000] {dag.py:3820} INFO - Setting next_dagrun for example_sensors to None, run_after=None
[2024-02-07T08:45:46.803+0000] {processor.py:183} INFO - Processing /home/airflow/.local/lib/python3.8/site-packages/airflow/example_dags/example_sensors.py took 0.083 seconds
[2024-02-07T08:46:17.527+0000] {processor.py:161} INFO - Started process (PID=734) to work on /home/airflow/.local/lib/python3.8/site-packages/airflow/example_dags/example_sensors.py
[2024-02-07T08:46:17.528+0000] {processor.py:830} INFO - Processing file /home/airflow/.local/lib/python3.8/site-packages/airflow/example_dags/example_sensors.py for tasks to queue
[2024-02-07T08:46:17.533+0000] {logging_mixin.py:188} INFO - [2024-02-07T08:46:17.532+0000] {dagbag.py:538} INFO - Filling up the DagBag from /home/airflow/.local/lib/python3.8/site-packages/airflow/example_dags/example_sensors.py
[2024-02-07T08:46:17.545+0000] {processor.py:840} INFO - DAG(s) 'example_sensors' retrieved from /home/airflow/.local/lib/python3.8/site-packages/airflow/example_dags/example_sensors.py
[2024-02-07T08:46:17.575+0000] {logging_mixin.py:188} INFO - [2024-02-07T08:46:17.574+0000] {dag.py:3033} INFO - Sync 1 DAGs
[2024-02-07T08:46:17.587+0000] {logging_mixin.py:188} INFO - [2024-02-07T08:46:17.587+0000] {dag.py:3820} INFO - Setting next_dagrun for example_sensors to None, run_after=None
[2024-02-07T08:46:17.615+0000] {processor.py:183} INFO - Processing /home/airflow/.local/lib/python3.8/site-packages/airflow/example_dags/example_sensors.py took 0.094 seconds
[2024-02-07T08:46:47.835+0000] {processor.py:161} INFO - Started process (PID=791) to work on /home/airflow/.local/lib/python3.8/site-packages/airflow/example_dags/example_sensors.py
[2024-02-07T08:46:47.837+0000] {processor.py:830} INFO - Processing file /home/airflow/.local/lib/python3.8/site-packages/airflow/example_dags/example_sensors.py for tasks to queue
[2024-02-07T08:46:47.842+0000] {logging_mixin.py:188} INFO - [2024-02-07T08:46:47.841+0000] {dagbag.py:538} INFO - Filling up the DagBag from /home/airflow/.local/lib/python3.8/site-packages/airflow/example_dags/example_sensors.py
[2024-02-07T08:46:47.852+0000] {processor.py:840} INFO - DAG(s) 'example_sensors' retrieved from /home/airflow/.local/lib/python3.8/site-packages/airflow/example_dags/example_sensors.py
[2024-02-07T08:46:47.886+0000] {logging_mixin.py:188} INFO - [2024-02-07T08:46:47.886+0000] {dag.py:3033} INFO - Sync 1 DAGs
[2024-02-07T08:46:47.904+0000] {logging_mixin.py:188} INFO - [2024-02-07T08:46:47.903+0000] {dag.py:3820} INFO - Setting next_dagrun for example_sensors to None, run_after=None
[2024-02-07T08:46:47.931+0000] {processor.py:183} INFO - Processing /home/airflow/.local/lib/python3.8/site-packages/airflow/example_dags/example_sensors.py took 0.100 seconds
[2024-02-07T08:47:18.065+0000] {processor.py:161} INFO - Started process (PID=848) to work on /home/airflow/.local/lib/python3.8/site-packages/airflow/example_dags/example_sensors.py
[2024-02-07T08:47:18.066+0000] {processor.py:830} INFO - Processing file /home/airflow/.local/lib/python3.8/site-packages/airflow/example_dags/example_sensors.py for tasks to queue
[2024-02-07T08:47:18.069+0000] {logging_mixin.py:188} INFO - [2024-02-07T08:47:18.068+0000] {dagbag.py:538} INFO - Filling up the DagBag from /home/airflow/.local/lib/python3.8/site-packages/airflow/example_dags/example_sensors.py
[2024-02-07T08:47:18.078+0000] {processor.py:840} INFO - DAG(s) 'example_sensors' retrieved from /home/airflow/.local/lib/python3.8/site-packages/airflow/example_dags/example_sensors.py
[2024-02-07T08:47:18.104+0000] {logging_mixin.py:188} INFO - [2024-02-07T08:47:18.103+0000] {dag.py:3033} INFO - Sync 1 DAGs
[2024-02-07T08:47:18.120+0000] {logging_mixin.py:188} INFO - [2024-02-07T08:47:18.120+0000] {dag.py:3820} INFO - Setting next_dagrun for example_sensors to None, run_after=None
[2024-02-07T08:47:18.147+0000] {processor.py:183} INFO - Processing /home/airflow/.local/lib/python3.8/site-packages/airflow/example_dags/example_sensors.py took 0.087 seconds
[2024-02-07T08:47:48.530+0000] {processor.py:161} INFO - Started process (PID=904) to work on /home/airflow/.local/lib/python3.8/site-packages/airflow/example_dags/example_sensors.py
[2024-02-07T08:47:48.532+0000] {processor.py:830} INFO - Processing file /home/airflow/.local/lib/python3.8/site-packages/airflow/example_dags/example_sensors.py for tasks to queue
[2024-02-07T08:47:48.534+0000] {logging_mixin.py:188} INFO - [2024-02-07T08:47:48.534+0000] {dagbag.py:538} INFO - Filling up the DagBag from /home/airflow/.local/lib/python3.8/site-packages/airflow/example_dags/example_sensors.py
[2024-02-07T08:47:48.543+0000] {processor.py:840} INFO - DAG(s) 'example_sensors' retrieved from /home/airflow/.local/lib/python3.8/site-packages/airflow/example_dags/example_sensors.py
[2024-02-07T08:47:48.566+0000] {logging_mixin.py:188} INFO - [2024-02-07T08:47:48.566+0000] {dag.py:3033} INFO - Sync 1 DAGs
[2024-02-07T08:47:48.582+0000] {logging_mixin.py:188} INFO - [2024-02-07T08:47:48.581+0000] {dag.py:3820} INFO - Setting next_dagrun for example_sensors to None, run_after=None
[2024-02-07T08:47:48.603+0000] {processor.py:183} INFO - Processing /home/airflow/.local/lib/python3.8/site-packages/airflow/example_dags/example_sensors.py took 0.076 seconds
[2024-02-07T08:48:18.822+0000] {processor.py:161} INFO - Started process (PID=961) to work on /home/airflow/.local/lib/python3.8/site-packages/airflow/example_dags/example_sensors.py
[2024-02-07T08:48:18.824+0000] {processor.py:830} INFO - Processing file /home/airflow/.local/lib/python3.8/site-packages/airflow/example_dags/example_sensors.py for tasks to queue
[2024-02-07T08:48:18.826+0000] {logging_mixin.py:188} INFO - [2024-02-07T08:48:18.826+0000] {dagbag.py:538} INFO - Filling up the DagBag from /home/airflow/.local/lib/python3.8/site-packages/airflow/example_dags/example_sensors.py
[2024-02-07T08:48:18.835+0000] {processor.py:840} INFO - DAG(s) 'example_sensors' retrieved from /home/airflow/.local/lib/python3.8/site-packages/airflow/example_dags/example_sensors.py
[2024-02-07T08:48:18.866+0000] {logging_mixin.py:188} INFO - [2024-02-07T08:48:18.866+0000] {dag.py:3033} INFO - Sync 1 DAGs
[2024-02-07T08:48:18.880+0000] {logging_mixin.py:188} INFO - [2024-02-07T08:48:18.880+0000] {dag.py:3820} INFO - Setting next_dagrun for example_sensors to None, run_after=None
[2024-02-07T08:48:18.904+0000] {processor.py:183} INFO - Processing /home/airflow/.local/lib/python3.8/site-packages/airflow/example_dags/example_sensors.py took 0.086 seconds
[2024-02-07T08:48:49.315+0000] {processor.py:161} INFO - Started process (PID=1019) to work on /home/airflow/.local/lib/python3.8/site-packages/airflow/example_dags/example_sensors.py
[2024-02-07T08:48:49.316+0000] {processor.py:830} INFO - Processing file /home/airflow/.local/lib/python3.8/site-packages/airflow/example_dags/example_sensors.py for tasks to queue
[2024-02-07T08:48:49.318+0000] {logging_mixin.py:188} INFO - [2024-02-07T08:48:49.318+0000] {dagbag.py:538} INFO - Filling up the DagBag from /home/airflow/.local/lib/python3.8/site-packages/airflow/example_dags/example_sensors.py
[2024-02-07T08:48:49.328+0000] {processor.py:840} INFO - DAG(s) 'example_sensors' retrieved from /home/airflow/.local/lib/python3.8/site-packages/airflow/example_dags/example_sensors.py
[2024-02-07T08:48:49.374+0000] {logging_mixin.py:188} INFO - [2024-02-07T08:48:49.374+0000] {dag.py:3033} INFO - Sync 1 DAGs
[2024-02-07T08:48:49.392+0000] {logging_mixin.py:188} INFO - [2024-02-07T08:48:49.392+0000] {dag.py:3820} INFO - Setting next_dagrun for example_sensors to None, run_after=None
[2024-02-07T08:48:49.419+0000] {processor.py:183} INFO - Processing /home/airflow/.local/lib/python3.8/site-packages/airflow/example_dags/example_sensors.py took 0.107 seconds
[2024-02-07T08:49:19.826+0000] {processor.py:161} INFO - Started process (PID=1076) to work on /home/airflow/.local/lib/python3.8/site-packages/airflow/example_dags/example_sensors.py
[2024-02-07T08:49:19.827+0000] {processor.py:830} INFO - Processing file /home/airflow/.local/lib/python3.8/site-packages/airflow/example_dags/example_sensors.py for tasks to queue
[2024-02-07T08:49:19.830+0000] {logging_mixin.py:188} INFO - [2024-02-07T08:49:19.830+0000] {dagbag.py:538} INFO - Filling up the DagBag from /home/airflow/.local/lib/python3.8/site-packages/airflow/example_dags/example_sensors.py
[2024-02-07T08:49:19.842+0000] {processor.py:840} INFO - DAG(s) 'example_sensors' retrieved from /home/airflow/.local/lib/python3.8/site-packages/airflow/example_dags/example_sensors.py
[2024-02-07T08:49:19.873+0000] {logging_mixin.py:188} INFO - [2024-02-07T08:49:19.872+0000] {dag.py:3033} INFO - Sync 1 DAGs
[2024-02-07T08:49:19.891+0000] {logging_mixin.py:188} INFO - [2024-02-07T08:49:19.891+0000] {dag.py:3820} INFO - Setting next_dagrun for example_sensors to None, run_after=None
[2024-02-07T08:49:19.917+0000] {processor.py:183} INFO - Processing /home/airflow/.local/lib/python3.8/site-packages/airflow/example_dags/example_sensors.py took 0.096 seconds
[2024-02-07T08:49:50.354+0000] {processor.py:161} INFO - Started process (PID=1133) to work on /home/airflow/.local/lib/python3.8/site-packages/airflow/example_dags/example_sensors.py
[2024-02-07T08:49:50.356+0000] {processor.py:830} INFO - Processing file /home/airflow/.local/lib/python3.8/site-packages/airflow/example_dags/example_sensors.py for tasks to queue
[2024-02-07T08:49:50.359+0000] {logging_mixin.py:188} INFO - [2024-02-07T08:49:50.358+0000] {dagbag.py:538} INFO - Filling up the DagBag from /home/airflow/.local/lib/python3.8/site-packages/airflow/example_dags/example_sensors.py
[2024-02-07T08:49:50.369+0000] {processor.py:840} INFO - DAG(s) 'example_sensors' retrieved from /home/airflow/.local/lib/python3.8/site-packages/airflow/example_dags/example_sensors.py
[2024-02-07T08:49:50.399+0000] {logging_mixin.py:188} INFO - [2024-02-07T08:49:50.399+0000] {dag.py:3033} INFO - Sync 1 DAGs
[2024-02-07T08:49:50.412+0000] {logging_mixin.py:188} INFO - [2024-02-07T08:49:50.412+0000] {dag.py:3820} INFO - Setting next_dagrun for example_sensors to None, run_after=None
[2024-02-07T08:49:50.435+0000] {processor.py:183} INFO - Processing /home/airflow/.local/lib/python3.8/site-packages/airflow/example_dags/example_sensors.py took 0.084 seconds
[2024-02-07T08:50:20.878+0000] {processor.py:161} INFO - Started process (PID=1190) to work on /home/airflow/.local/lib/python3.8/site-packages/airflow/example_dags/example_sensors.py
[2024-02-07T08:50:20.879+0000] {processor.py:830} INFO - Processing file /home/airflow/.local/lib/python3.8/site-packages/airflow/example_dags/example_sensors.py for tasks to queue
[2024-02-07T08:50:20.882+0000] {logging_mixin.py:188} INFO - [2024-02-07T08:50:20.882+0000] {dagbag.py:538} INFO - Filling up the DagBag from /home/airflow/.local/lib/python3.8/site-packages/airflow/example_dags/example_sensors.py
[2024-02-07T08:50:20.894+0000] {processor.py:840} INFO - DAG(s) 'example_sensors' retrieved from /home/airflow/.local/lib/python3.8/site-packages/airflow/example_dags/example_sensors.py
[2024-02-07T08:50:20.924+0000] {logging_mixin.py:188} INFO - [2024-02-07T08:50:20.923+0000] {dag.py:3033} INFO - Sync 1 DAGs
[2024-02-07T08:50:20.937+0000] {logging_mixin.py:188} INFO - [2024-02-07T08:50:20.937+0000] {dag.py:3820} INFO - Setting next_dagrun for example_sensors to None, run_after=None
[2024-02-07T08:50:20.964+0000] {processor.py:183} INFO - Processing /home/airflow/.local/lib/python3.8/site-packages/airflow/example_dags/example_sensors.py took 0.089 seconds
[2024-02-07T08:50:51.376+0000] {processor.py:161} INFO - Started process (PID=1247) to work on /home/airflow/.local/lib/python3.8/site-packages/airflow/example_dags/example_sensors.py
[2024-02-07T08:50:51.377+0000] {processor.py:830} INFO - Processing file /home/airflow/.local/lib/python3.8/site-packages/airflow/example_dags/example_sensors.py for tasks to queue
[2024-02-07T08:50:51.379+0000] {logging_mixin.py:188} INFO - [2024-02-07T08:50:51.379+0000] {dagbag.py:538} INFO - Filling up the DagBag from /home/airflow/.local/lib/python3.8/site-packages/airflow/example_dags/example_sensors.py
[2024-02-07T08:50:51.388+0000] {processor.py:840} INFO - DAG(s) 'example_sensors' retrieved from /home/airflow/.local/lib/python3.8/site-packages/airflow/example_dags/example_sensors.py
[2024-02-07T08:50:51.416+0000] {logging_mixin.py:188} INFO - [2024-02-07T08:50:51.415+0000] {dag.py:3033} INFO - Sync 1 DAGs
[2024-02-07T08:50:51.429+0000] {logging_mixin.py:188} INFO - [2024-02-07T08:50:51.429+0000] {dag.py:3820} INFO - Setting next_dagrun for example_sensors to None, run_after=None
[2024-02-07T08:50:51.449+0000] {processor.py:183} INFO - Processing /home/airflow/.local/lib/python3.8/site-packages/airflow/example_dags/example_sensors.py took 0.076 seconds
[2024-02-07T08:51:21.834+0000] {processor.py:161} INFO - Started process (PID=1305) to work on /home/airflow/.local/lib/python3.8/site-packages/airflow/example_dags/example_sensors.py
[2024-02-07T08:51:21.836+0000] {processor.py:830} INFO - Processing file /home/airflow/.local/lib/python3.8/site-packages/airflow/example_dags/example_sensors.py for tasks to queue
[2024-02-07T08:51:21.839+0000] {logging_mixin.py:188} INFO - [2024-02-07T08:51:21.838+0000] {dagbag.py:538} INFO - Filling up the DagBag from /home/airflow/.local/lib/python3.8/site-packages/airflow/example_dags/example_sensors.py
[2024-02-07T08:51:21.848+0000] {processor.py:840} INFO - DAG(s) 'example_sensors' retrieved from /home/airflow/.local/lib/python3.8/site-packages/airflow/example_dags/example_sensors.py
[2024-02-07T08:51:21.874+0000] {logging_mixin.py:188} INFO - [2024-02-07T08:51:21.874+0000] {dag.py:3033} INFO - Sync 1 DAGs
[2024-02-07T08:51:21.887+0000] {logging_mixin.py:188} INFO - [2024-02-07T08:51:21.887+0000] {dag.py:3820} INFO - Setting next_dagrun for example_sensors to None, run_after=None
[2024-02-07T08:51:21.911+0000] {processor.py:183} INFO - Processing /home/airflow/.local/lib/python3.8/site-packages/airflow/example_dags/example_sensors.py took 0.080 seconds
[2024-02-07T08:51:52.685+0000] {processor.py:161} INFO - Started process (PID=1362) to work on /home/airflow/.local/lib/python3.8/site-packages/airflow/example_dags/example_sensors.py
[2024-02-07T08:51:52.686+0000] {processor.py:830} INFO - Processing file /home/airflow/.local/lib/python3.8/site-packages/airflow/example_dags/example_sensors.py for tasks to queue
[2024-02-07T08:51:52.690+0000] {logging_mixin.py:188} INFO - [2024-02-07T08:51:52.689+0000] {dagbag.py:538} INFO - Filling up the DagBag from /home/airflow/.local/lib/python3.8/site-packages/airflow/example_dags/example_sensors.py
[2024-02-07T08:51:52.700+0000] {processor.py:840} INFO - DAG(s) 'example_sensors' retrieved from /home/airflow/.local/lib/python3.8/site-packages/airflow/example_dags/example_sensors.py
[2024-02-07T08:51:52.727+0000] {logging_mixin.py:188} INFO - [2024-02-07T08:51:52.727+0000] {dag.py:3033} INFO - Sync 1 DAGs
[2024-02-07T08:51:52.742+0000] {logging_mixin.py:188} INFO - [2024-02-07T08:51:52.741+0000] {dag.py:3820} INFO - Setting next_dagrun for example_sensors to None, run_after=None
[2024-02-07T08:51:52.763+0000] {processor.py:183} INFO - Processing /home/airflow/.local/lib/python3.8/site-packages/airflow/example_dags/example_sensors.py took 0.082 seconds
[2024-02-07T08:52:22.956+0000] {processor.py:161} INFO - Started process (PID=1419) to work on /home/airflow/.local/lib/python3.8/site-packages/airflow/example_dags/example_sensors.py
[2024-02-07T08:52:22.957+0000] {processor.py:830} INFO - Processing file /home/airflow/.local/lib/python3.8/site-packages/airflow/example_dags/example_sensors.py for tasks to queue
[2024-02-07T08:52:22.959+0000] {logging_mixin.py:188} INFO - [2024-02-07T08:52:22.959+0000] {dagbag.py:538} INFO - Filling up the DagBag from /home/airflow/.local/lib/python3.8/site-packages/airflow/example_dags/example_sensors.py
[2024-02-07T08:52:22.968+0000] {processor.py:840} INFO - DAG(s) 'example_sensors' retrieved from /home/airflow/.local/lib/python3.8/site-packages/airflow/example_dags/example_sensors.py
[2024-02-07T08:52:22.997+0000] {logging_mixin.py:188} INFO - [2024-02-07T08:52:22.997+0000] {dag.py:3033} INFO - Sync 1 DAGs
[2024-02-07T08:52:23.013+0000] {logging_mixin.py:188} INFO - [2024-02-07T08:52:23.013+0000] {dag.py:3820} INFO - Setting next_dagrun for example_sensors to None, run_after=None
[2024-02-07T08:52:23.034+0000] {processor.py:183} INFO - Processing /home/airflow/.local/lib/python3.8/site-packages/airflow/example_dags/example_sensors.py took 0.082 seconds
[2024-02-07T08:52:53.185+0000] {processor.py:161} INFO - Started process (PID=1476) to work on /home/airflow/.local/lib/python3.8/site-packages/airflow/example_dags/example_sensors.py
[2024-02-07T08:52:53.186+0000] {processor.py:830} INFO - Processing file /home/airflow/.local/lib/python3.8/site-packages/airflow/example_dags/example_sensors.py for tasks to queue
[2024-02-07T08:52:53.189+0000] {logging_mixin.py:188} INFO - [2024-02-07T08:52:53.188+0000] {dagbag.py:538} INFO - Filling up the DagBag from /home/airflow/.local/lib/python3.8/site-packages/airflow/example_dags/example_sensors.py
[2024-02-07T08:52:53.201+0000] {processor.py:840} INFO - DAG(s) 'example_sensors' retrieved from /home/airflow/.local/lib/python3.8/site-packages/airflow/example_dags/example_sensors.py
[2024-02-07T08:52:53.232+0000] {logging_mixin.py:188} INFO - [2024-02-07T08:52:53.232+0000] {dag.py:3033} INFO - Sync 1 DAGs
[2024-02-07T08:52:53.247+0000] {logging_mixin.py:188} INFO - [2024-02-07T08:52:53.247+0000] {dag.py:3820} INFO - Setting next_dagrun for example_sensors to None, run_after=None
[2024-02-07T08:52:53.269+0000] {processor.py:183} INFO - Processing /home/airflow/.local/lib/python3.8/site-packages/airflow/example_dags/example_sensors.py took 0.089 seconds
[2024-02-07T08:53:23.366+0000] {processor.py:161} INFO - Started process (PID=1533) to work on /home/airflow/.local/lib/python3.8/site-packages/airflow/example_dags/example_sensors.py
[2024-02-07T08:53:23.367+0000] {processor.py:830} INFO - Processing file /home/airflow/.local/lib/python3.8/site-packages/airflow/example_dags/example_sensors.py for tasks to queue
[2024-02-07T08:53:23.370+0000] {logging_mixin.py:188} INFO - [2024-02-07T08:53:23.370+0000] {dagbag.py:538} INFO - Filling up the DagBag from /home/airflow/.local/lib/python3.8/site-packages/airflow/example_dags/example_sensors.py
[2024-02-07T08:53:23.378+0000] {processor.py:840} INFO - DAG(s) 'example_sensors' retrieved from /home/airflow/.local/lib/python3.8/site-packages/airflow/example_dags/example_sensors.py
[2024-02-07T08:53:23.409+0000] {logging_mixin.py:188} INFO - [2024-02-07T08:53:23.408+0000] {dag.py:3033} INFO - Sync 1 DAGs
[2024-02-07T08:53:23.432+0000] {logging_mixin.py:188} INFO - [2024-02-07T08:53:23.432+0000] {dag.py:3820} INFO - Setting next_dagrun for example_sensors to None, run_after=None
[2024-02-07T08:53:23.465+0000] {processor.py:183} INFO - Processing /home/airflow/.local/lib/python3.8/site-packages/airflow/example_dags/example_sensors.py took 0.103 seconds
[2024-02-07T08:53:53.700+0000] {processor.py:161} INFO - Started process (PID=1590) to work on /home/airflow/.local/lib/python3.8/site-packages/airflow/example_dags/example_sensors.py
[2024-02-07T08:53:53.701+0000] {processor.py:830} INFO - Processing file /home/airflow/.local/lib/python3.8/site-packages/airflow/example_dags/example_sensors.py for tasks to queue
[2024-02-07T08:53:53.704+0000] {logging_mixin.py:188} INFO - [2024-02-07T08:53:53.704+0000] {dagbag.py:538} INFO - Filling up the DagBag from /home/airflow/.local/lib/python3.8/site-packages/airflow/example_dags/example_sensors.py
[2024-02-07T08:53:53.712+0000] {processor.py:840} INFO - DAG(s) 'example_sensors' retrieved from /home/airflow/.local/lib/python3.8/site-packages/airflow/example_dags/example_sensors.py
[2024-02-07T08:53:53.741+0000] {logging_mixin.py:188} INFO - [2024-02-07T08:53:53.741+0000] {dag.py:3033} INFO - Sync 1 DAGs
[2024-02-07T08:53:53.755+0000] {logging_mixin.py:188} INFO - [2024-02-07T08:53:53.755+0000] {dag.py:3820} INFO - Setting next_dagrun for example_sensors to None, run_after=None
[2024-02-07T08:53:53.781+0000] {processor.py:183} INFO - Processing /home/airflow/.local/lib/python3.8/site-packages/airflow/example_dags/example_sensors.py took 0.085 seconds
[2024-02-07T08:54:24.230+0000] {processor.py:161} INFO - Started process (PID=1647) to work on /home/airflow/.local/lib/python3.8/site-packages/airflow/example_dags/example_sensors.py
[2024-02-07T08:54:24.232+0000] {processor.py:830} INFO - Processing file /home/airflow/.local/lib/python3.8/site-packages/airflow/example_dags/example_sensors.py for tasks to queue
[2024-02-07T08:54:24.235+0000] {logging_mixin.py:188} INFO - [2024-02-07T08:54:24.235+0000] {dagbag.py:538} INFO - Filling up the DagBag from /home/airflow/.local/lib/python3.8/site-packages/airflow/example_dags/example_sensors.py
[2024-02-07T08:54:24.246+0000] {processor.py:840} INFO - DAG(s) 'example_sensors' retrieved from /home/airflow/.local/lib/python3.8/site-packages/airflow/example_dags/example_sensors.py
[2024-02-07T08:54:24.271+0000] {logging_mixin.py:188} INFO - [2024-02-07T08:54:24.271+0000] {dag.py:3033} INFO - Sync 1 DAGs
[2024-02-07T08:54:24.288+0000] {logging_mixin.py:188} INFO - [2024-02-07T08:54:24.288+0000] {dag.py:3820} INFO - Setting next_dagrun for example_sensors to None, run_after=None
[2024-02-07T08:54:24.308+0000] {processor.py:183} INFO - Processing /home/airflow/.local/lib/python3.8/site-packages/airflow/example_dags/example_sensors.py took 0.081 seconds
[2024-02-07T08:54:54.952+0000] {processor.py:161} INFO - Started process (PID=1704) to work on /home/airflow/.local/lib/python3.8/site-packages/airflow/example_dags/example_sensors.py
[2024-02-07T08:54:54.954+0000] {processor.py:830} INFO - Processing file /home/airflow/.local/lib/python3.8/site-packages/airflow/example_dags/example_sensors.py for tasks to queue
[2024-02-07T08:54:54.959+0000] {logging_mixin.py:188} INFO - [2024-02-07T08:54:54.959+0000] {dagbag.py:538} INFO - Filling up the DagBag from /home/airflow/.local/lib/python3.8/site-packages/airflow/example_dags/example_sensors.py
[2024-02-07T08:54:54.979+0000] {processor.py:840} INFO - DAG(s) 'example_sensors' retrieved from /home/airflow/.local/lib/python3.8/site-packages/airflow/example_dags/example_sensors.py
[2024-02-07T08:54:55.035+0000] {logging_mixin.py:188} INFO - [2024-02-07T08:54:55.034+0000] {dag.py:3033} INFO - Sync 1 DAGs
[2024-02-07T08:54:55.073+0000] {logging_mixin.py:188} INFO - [2024-02-07T08:54:55.073+0000] {dag.py:3820} INFO - Setting next_dagrun for example_sensors to None, run_after=None
[2024-02-07T08:54:55.120+0000] {processor.py:183} INFO - Processing /home/airflow/.local/lib/python3.8/site-packages/airflow/example_dags/example_sensors.py took 0.175 seconds
[2024-02-07T08:55:26.354+0000] {processor.py:161} INFO - Started process (PID=1761) to work on /home/airflow/.local/lib/python3.8/site-packages/airflow/example_dags/example_sensors.py
[2024-02-07T08:55:26.356+0000] {processor.py:830} INFO - Processing file /home/airflow/.local/lib/python3.8/site-packages/airflow/example_dags/example_sensors.py for tasks to queue
[2024-02-07T08:55:26.362+0000] {logging_mixin.py:188} INFO - [2024-02-07T08:55:26.361+0000] {dagbag.py:538} INFO - Filling up the DagBag from /home/airflow/.local/lib/python3.8/site-packages/airflow/example_dags/example_sensors.py
[2024-02-07T08:55:26.382+0000] {processor.py:840} INFO - DAG(s) 'example_sensors' retrieved from /home/airflow/.local/lib/python3.8/site-packages/airflow/example_dags/example_sensors.py
[2024-02-07T08:55:26.444+0000] {logging_mixin.py:188} INFO - [2024-02-07T08:55:26.444+0000] {dag.py:3033} INFO - Sync 1 DAGs
[2024-02-07T08:55:26.475+0000] {logging_mixin.py:188} INFO - [2024-02-07T08:55:26.474+0000] {dag.py:3820} INFO - Setting next_dagrun for example_sensors to None, run_after=None
[2024-02-07T08:55:26.519+0000] {processor.py:183} INFO - Processing /home/airflow/.local/lib/python3.8/site-packages/airflow/example_dags/example_sensors.py took 0.174 seconds
[2024-02-07T08:55:59.157+0000] {processor.py:161} INFO - Started process (PID=1825) to work on /home/airflow/.local/lib/python3.8/site-packages/airflow/example_dags/example_sensors.py
[2024-02-07T08:55:59.160+0000] {processor.py:830} INFO - Processing file /home/airflow/.local/lib/python3.8/site-packages/airflow/example_dags/example_sensors.py for tasks to queue
[2024-02-07T08:55:59.182+0000] {logging_mixin.py:188} INFO - [2024-02-07T08:55:59.180+0000] {dagbag.py:538} INFO - Filling up the DagBag from /home/airflow/.local/lib/python3.8/site-packages/airflow/example_dags/example_sensors.py
[2024-02-07T08:55:59.257+0000] {processor.py:840} INFO - DAG(s) 'example_sensors' retrieved from /home/airflow/.local/lib/python3.8/site-packages/airflow/example_dags/example_sensors.py
[2024-02-07T08:55:59.503+0000] {logging_mixin.py:188} INFO - [2024-02-07T08:55:59.502+0000] {dag.py:3033} INFO - Sync 1 DAGs
[2024-02-07T08:56:00.466+0000] {logging_mixin.py:188} INFO - [2024-02-07T08:56:00.465+0000] {dag.py:3820} INFO - Setting next_dagrun for example_sensors to None, run_after=None
[2024-02-07T08:56:00.597+0000] {processor.py:183} INFO - Processing /home/airflow/.local/lib/python3.8/site-packages/airflow/example_dags/example_sensors.py took 1.475 seconds
[2024-02-07T08:56:31.549+0000] {processor.py:161} INFO - Started process (PID=1882) to work on /home/airflow/.local/lib/python3.8/site-packages/airflow/example_dags/example_sensors.py
[2024-02-07T08:56:31.551+0000] {processor.py:830} INFO - Processing file /home/airflow/.local/lib/python3.8/site-packages/airflow/example_dags/example_sensors.py for tasks to queue
[2024-02-07T08:56:31.565+0000] {logging_mixin.py:188} INFO - [2024-02-07T08:56:31.564+0000] {dagbag.py:538} INFO - Filling up the DagBag from /home/airflow/.local/lib/python3.8/site-packages/airflow/example_dags/example_sensors.py
[2024-02-07T08:56:31.599+0000] {processor.py:840} INFO - DAG(s) 'example_sensors' retrieved from /home/airflow/.local/lib/python3.8/site-packages/airflow/example_dags/example_sensors.py
[2024-02-07T08:56:31.682+0000] {logging_mixin.py:188} INFO - [2024-02-07T08:56:31.681+0000] {dag.py:3033} INFO - Sync 1 DAGs
[2024-02-07T08:56:31.752+0000] {logging_mixin.py:188} INFO - [2024-02-07T08:56:31.751+0000] {dag.py:3820} INFO - Setting next_dagrun for example_sensors to None, run_after=None
[2024-02-07T08:56:32.072+0000] {processor.py:183} INFO - Processing /home/airflow/.local/lib/python3.8/site-packages/airflow/example_dags/example_sensors.py took 0.543 seconds
[2024-02-07T08:57:02.387+0000] {processor.py:161} INFO - Started process (PID=1939) to work on /home/airflow/.local/lib/python3.8/site-packages/airflow/example_dags/example_sensors.py
[2024-02-07T08:57:02.389+0000] {processor.py:830} INFO - Processing file /home/airflow/.local/lib/python3.8/site-packages/airflow/example_dags/example_sensors.py for tasks to queue
[2024-02-07T08:57:02.394+0000] {logging_mixin.py:188} INFO - [2024-02-07T08:57:02.394+0000] {dagbag.py:538} INFO - Filling up the DagBag from /home/airflow/.local/lib/python3.8/site-packages/airflow/example_dags/example_sensors.py
[2024-02-07T08:57:02.416+0000] {processor.py:840} INFO - DAG(s) 'example_sensors' retrieved from /home/airflow/.local/lib/python3.8/site-packages/airflow/example_dags/example_sensors.py
[2024-02-07T08:57:02.470+0000] {logging_mixin.py:188} INFO - [2024-02-07T08:57:02.469+0000] {dag.py:3033} INFO - Sync 1 DAGs
[2024-02-07T08:57:02.793+0000] {logging_mixin.py:188} INFO - [2024-02-07T08:57:02.792+0000] {dag.py:3820} INFO - Setting next_dagrun for example_sensors to None, run_after=None
[2024-02-07T08:57:02.860+0000] {processor.py:183} INFO - Processing /home/airflow/.local/lib/python3.8/site-packages/airflow/example_dags/example_sensors.py took 0.479 seconds
[2024-02-07T08:57:33.004+0000] {processor.py:161} INFO - Started process (PID=1997) to work on /home/airflow/.local/lib/python3.8/site-packages/airflow/example_dags/example_sensors.py
[2024-02-07T08:57:33.006+0000] {processor.py:830} INFO - Processing file /home/airflow/.local/lib/python3.8/site-packages/airflow/example_dags/example_sensors.py for tasks to queue
[2024-02-07T08:57:33.013+0000] {logging_mixin.py:188} INFO - [2024-02-07T08:57:33.012+0000] {dagbag.py:538} INFO - Filling up the DagBag from /home/airflow/.local/lib/python3.8/site-packages/airflow/example_dags/example_sensors.py
[2024-02-07T08:57:33.045+0000] {processor.py:840} INFO - DAG(s) 'example_sensors' retrieved from /home/airflow/.local/lib/python3.8/site-packages/airflow/example_dags/example_sensors.py
[2024-02-07T08:57:33.122+0000] {logging_mixin.py:188} INFO - [2024-02-07T08:57:33.122+0000] {dag.py:3033} INFO - Sync 1 DAGs
[2024-02-07T08:57:33.444+0000] {logging_mixin.py:188} INFO - [2024-02-07T08:57:33.444+0000] {dag.py:3820} INFO - Setting next_dagrun for example_sensors to None, run_after=None
[2024-02-07T08:57:33.519+0000] {processor.py:183} INFO - Processing /home/airflow/.local/lib/python3.8/site-packages/airflow/example_dags/example_sensors.py took 0.522 seconds
[2024-02-07T08:58:04.352+0000] {processor.py:161} INFO - Started process (PID=2055) to work on /home/airflow/.local/lib/python3.8/site-packages/airflow/example_dags/example_sensors.py
[2024-02-07T08:58:04.358+0000] {processor.py:830} INFO - Processing file /home/airflow/.local/lib/python3.8/site-packages/airflow/example_dags/example_sensors.py for tasks to queue
[2024-02-07T08:58:04.368+0000] {logging_mixin.py:188} INFO - [2024-02-07T08:58:04.366+0000] {dagbag.py:538} INFO - Filling up the DagBag from /home/airflow/.local/lib/python3.8/site-packages/airflow/example_dags/example_sensors.py
[2024-02-07T08:58:04.399+0000] {processor.py:840} INFO - DAG(s) 'example_sensors' retrieved from /home/airflow/.local/lib/python3.8/site-packages/airflow/example_dags/example_sensors.py
[2024-02-07T08:58:04.465+0000] {logging_mixin.py:188} INFO - [2024-02-07T08:58:04.464+0000] {dag.py:3033} INFO - Sync 1 DAGs
[2024-02-07T08:58:04.803+0000] {logging_mixin.py:188} INFO - [2024-02-07T08:58:04.803+0000] {dag.py:3820} INFO - Setting next_dagrun for example_sensors to None, run_after=None
[2024-02-07T08:58:04.911+0000] {processor.py:183} INFO - Processing /home/airflow/.local/lib/python3.8/site-packages/airflow/example_dags/example_sensors.py took 0.569 seconds
[2024-02-07T08:58:35.137+0000] {processor.py:161} INFO - Started process (PID=2112) to work on /home/airflow/.local/lib/python3.8/site-packages/airflow/example_dags/example_sensors.py
[2024-02-07T08:58:35.149+0000] {processor.py:830} INFO - Processing file /home/airflow/.local/lib/python3.8/site-packages/airflow/example_dags/example_sensors.py for tasks to queue
[2024-02-07T08:58:35.158+0000] {logging_mixin.py:188} INFO - [2024-02-07T08:58:35.157+0000] {dagbag.py:538} INFO - Filling up the DagBag from /home/airflow/.local/lib/python3.8/site-packages/airflow/example_dags/example_sensors.py
[2024-02-07T08:58:35.244+0000] {processor.py:840} INFO - DAG(s) 'example_sensors' retrieved from /home/airflow/.local/lib/python3.8/site-packages/airflow/example_dags/example_sensors.py
[2024-02-07T08:58:35.408+0000] {logging_mixin.py:188} INFO - [2024-02-07T08:58:35.407+0000] {dag.py:3033} INFO - Sync 1 DAGs
[2024-02-07T08:58:35.722+0000] {logging_mixin.py:188} INFO - [2024-02-07T08:58:35.722+0000] {dag.py:3820} INFO - Setting next_dagrun for example_sensors to None, run_after=None
[2024-02-07T08:58:35.772+0000] {processor.py:183} INFO - Processing /home/airflow/.local/lib/python3.8/site-packages/airflow/example_dags/example_sensors.py took 0.652 seconds
[2024-02-07T08:59:05.933+0000] {processor.py:161} INFO - Started process (PID=2169) to work on /home/airflow/.local/lib/python3.8/site-packages/airflow/example_dags/example_sensors.py
[2024-02-07T08:59:05.935+0000] {processor.py:830} INFO - Processing file /home/airflow/.local/lib/python3.8/site-packages/airflow/example_dags/example_sensors.py for tasks to queue
[2024-02-07T08:59:05.943+0000] {logging_mixin.py:188} INFO - [2024-02-07T08:59:05.942+0000] {dagbag.py:538} INFO - Filling up the DagBag from /home/airflow/.local/lib/python3.8/site-packages/airflow/example_dags/example_sensors.py
[2024-02-07T08:59:05.970+0000] {processor.py:840} INFO - DAG(s) 'example_sensors' retrieved from /home/airflow/.local/lib/python3.8/site-packages/airflow/example_dags/example_sensors.py
[2024-02-07T08:59:06.038+0000] {logging_mixin.py:188} INFO - [2024-02-07T08:59:06.037+0000] {dag.py:3033} INFO - Sync 1 DAGs
[2024-02-07T08:59:06.077+0000] {logging_mixin.py:188} INFO - [2024-02-07T08:59:06.077+0000] {dag.py:3820} INFO - Setting next_dagrun for example_sensors to None, run_after=None
[2024-02-07T08:59:06.187+0000] {processor.py:183} INFO - Processing /home/airflow/.local/lib/python3.8/site-packages/airflow/example_dags/example_sensors.py took 0.268 seconds
[2024-02-07T08:59:36.418+0000] {processor.py:161} INFO - Started process (PID=2226) to work on /home/airflow/.local/lib/python3.8/site-packages/airflow/example_dags/example_sensors.py
[2024-02-07T08:59:36.419+0000] {processor.py:830} INFO - Processing file /home/airflow/.local/lib/python3.8/site-packages/airflow/example_dags/example_sensors.py for tasks to queue
[2024-02-07T08:59:36.422+0000] {logging_mixin.py:188} INFO - [2024-02-07T08:59:36.422+0000] {dagbag.py:538} INFO - Filling up the DagBag from /home/airflow/.local/lib/python3.8/site-packages/airflow/example_dags/example_sensors.py
[2024-02-07T08:59:36.431+0000] {processor.py:840} INFO - DAG(s) 'example_sensors' retrieved from /home/airflow/.local/lib/python3.8/site-packages/airflow/example_dags/example_sensors.py
[2024-02-07T08:59:36.459+0000] {logging_mixin.py:188} INFO - [2024-02-07T08:59:36.459+0000] {dag.py:3033} INFO - Sync 1 DAGs
[2024-02-07T08:59:36.473+0000] {logging_mixin.py:188} INFO - [2024-02-07T08:59:36.472+0000] {dag.py:3820} INFO - Setting next_dagrun for example_sensors to None, run_after=None
[2024-02-07T08:59:36.499+0000] {processor.py:183} INFO - Processing /home/airflow/.local/lib/python3.8/site-packages/airflow/example_dags/example_sensors.py took 0.085 seconds
[2024-02-07T09:00:06.648+0000] {processor.py:161} INFO - Started process (PID=2283) to work on /home/airflow/.local/lib/python3.8/site-packages/airflow/example_dags/example_sensors.py
[2024-02-07T09:00:06.649+0000] {processor.py:830} INFO - Processing file /home/airflow/.local/lib/python3.8/site-packages/airflow/example_dags/example_sensors.py for tasks to queue
[2024-02-07T09:00:06.653+0000] {logging_mixin.py:188} INFO - [2024-02-07T09:00:06.652+0000] {dagbag.py:538} INFO - Filling up the DagBag from /home/airflow/.local/lib/python3.8/site-packages/airflow/example_dags/example_sensors.py
[2024-02-07T09:00:06.666+0000] {processor.py:840} INFO - DAG(s) 'example_sensors' retrieved from /home/airflow/.local/lib/python3.8/site-packages/airflow/example_dags/example_sensors.py
[2024-02-07T09:00:06.696+0000] {logging_mixin.py:188} INFO - [2024-02-07T09:00:06.695+0000] {dag.py:3033} INFO - Sync 1 DAGs
[2024-02-07T09:00:06.712+0000] {logging_mixin.py:188} INFO - [2024-02-07T09:00:06.712+0000] {dag.py:3820} INFO - Setting next_dagrun for example_sensors to None, run_after=None
[2024-02-07T09:00:06.736+0000] {processor.py:183} INFO - Processing /home/airflow/.local/lib/python3.8/site-packages/airflow/example_dags/example_sensors.py took 0.093 seconds
[2024-02-07T09:00:36.884+0000] {processor.py:161} INFO - Started process (PID=2340) to work on /home/airflow/.local/lib/python3.8/site-packages/airflow/example_dags/example_sensors.py
[2024-02-07T09:00:36.885+0000] {processor.py:830} INFO - Processing file /home/airflow/.local/lib/python3.8/site-packages/airflow/example_dags/example_sensors.py for tasks to queue
[2024-02-07T09:00:36.888+0000] {logging_mixin.py:188} INFO - [2024-02-07T09:00:36.888+0000] {dagbag.py:538} INFO - Filling up the DagBag from /home/airflow/.local/lib/python3.8/site-packages/airflow/example_dags/example_sensors.py
[2024-02-07T09:00:36.897+0000] {processor.py:840} INFO - DAG(s) 'example_sensors' retrieved from /home/airflow/.local/lib/python3.8/site-packages/airflow/example_dags/example_sensors.py
[2024-02-07T09:00:36.923+0000] {logging_mixin.py:188} INFO - [2024-02-07T09:00:36.923+0000] {dag.py:3033} INFO - Sync 1 DAGs
[2024-02-07T09:00:36.935+0000] {logging_mixin.py:188} INFO - [2024-02-07T09:00:36.935+0000] {dag.py:3820} INFO - Setting next_dagrun for example_sensors to None, run_after=None
[2024-02-07T09:00:36.967+0000] {processor.py:183} INFO - Processing /home/airflow/.local/lib/python3.8/site-packages/airflow/example_dags/example_sensors.py took 0.086 seconds
[2024-02-07T09:01:07.564+0000] {processor.py:161} INFO - Started process (PID=2397) to work on /home/airflow/.local/lib/python3.8/site-packages/airflow/example_dags/example_sensors.py
[2024-02-07T09:01:07.565+0000] {processor.py:830} INFO - Processing file /home/airflow/.local/lib/python3.8/site-packages/airflow/example_dags/example_sensors.py for tasks to queue
[2024-02-07T09:01:07.568+0000] {logging_mixin.py:188} INFO - [2024-02-07T09:01:07.568+0000] {dagbag.py:538} INFO - Filling up the DagBag from /home/airflow/.local/lib/python3.8/site-packages/airflow/example_dags/example_sensors.py
[2024-02-07T09:01:07.576+0000] {processor.py:840} INFO - DAG(s) 'example_sensors' retrieved from /home/airflow/.local/lib/python3.8/site-packages/airflow/example_dags/example_sensors.py
[2024-02-07T09:01:07.604+0000] {logging_mixin.py:188} INFO - [2024-02-07T09:01:07.604+0000] {dag.py:3033} INFO - Sync 1 DAGs
[2024-02-07T09:01:07.617+0000] {logging_mixin.py:188} INFO - [2024-02-07T09:01:07.616+0000] {dag.py:3820} INFO - Setting next_dagrun for example_sensors to None, run_after=None
[2024-02-07T09:01:07.645+0000] {processor.py:183} INFO - Processing /home/airflow/.local/lib/python3.8/site-packages/airflow/example_dags/example_sensors.py took 0.085 seconds
[2024-02-07T09:01:38.052+0000] {processor.py:161} INFO - Started process (PID=2454) to work on /home/airflow/.local/lib/python3.8/site-packages/airflow/example_dags/example_sensors.py
[2024-02-07T09:01:38.053+0000] {processor.py:830} INFO - Processing file /home/airflow/.local/lib/python3.8/site-packages/airflow/example_dags/example_sensors.py for tasks to queue
[2024-02-07T09:01:38.056+0000] {logging_mixin.py:188} INFO - [2024-02-07T09:01:38.056+0000] {dagbag.py:538} INFO - Filling up the DagBag from /home/airflow/.local/lib/python3.8/site-packages/airflow/example_dags/example_sensors.py
[2024-02-07T09:01:38.066+0000] {processor.py:840} INFO - DAG(s) 'example_sensors' retrieved from /home/airflow/.local/lib/python3.8/site-packages/airflow/example_dags/example_sensors.py
[2024-02-07T09:01:38.094+0000] {logging_mixin.py:188} INFO - [2024-02-07T09:01:38.094+0000] {dag.py:3033} INFO - Sync 1 DAGs
[2024-02-07T09:01:38.107+0000] {logging_mixin.py:188} INFO - [2024-02-07T09:01:38.107+0000] {dag.py:3820} INFO - Setting next_dagrun for example_sensors to None, run_after=None
[2024-02-07T09:01:38.133+0000] {processor.py:183} INFO - Processing /home/airflow/.local/lib/python3.8/site-packages/airflow/example_dags/example_sensors.py took 0.085 seconds
[2024-02-07T09:02:08.499+0000] {processor.py:161} INFO - Started process (PID=2512) to work on /home/airflow/.local/lib/python3.8/site-packages/airflow/example_dags/example_sensors.py
[2024-02-07T09:02:08.500+0000] {processor.py:830} INFO - Processing file /home/airflow/.local/lib/python3.8/site-packages/airflow/example_dags/example_sensors.py for tasks to queue
[2024-02-07T09:02:08.503+0000] {logging_mixin.py:188} INFO - [2024-02-07T09:02:08.503+0000] {dagbag.py:538} INFO - Filling up the DagBag from /home/airflow/.local/lib/python3.8/site-packages/airflow/example_dags/example_sensors.py
[2024-02-07T09:02:08.511+0000] {processor.py:840} INFO - DAG(s) 'example_sensors' retrieved from /home/airflow/.local/lib/python3.8/site-packages/airflow/example_dags/example_sensors.py
[2024-02-07T09:02:08.538+0000] {logging_mixin.py:188} INFO - [2024-02-07T09:02:08.538+0000] {dag.py:3033} INFO - Sync 1 DAGs
[2024-02-07T09:02:08.551+0000] {logging_mixin.py:188} INFO - [2024-02-07T09:02:08.550+0000] {dag.py:3820} INFO - Setting next_dagrun for example_sensors to None, run_after=None
[2024-02-07T09:02:08.582+0000] {processor.py:183} INFO - Processing /home/airflow/.local/lib/python3.8/site-packages/airflow/example_dags/example_sensors.py took 0.086 seconds
[2024-02-07T09:02:39.166+0000] {processor.py:161} INFO - Started process (PID=2569) to work on /home/airflow/.local/lib/python3.8/site-packages/airflow/example_dags/example_sensors.py
[2024-02-07T09:02:39.167+0000] {processor.py:830} INFO - Processing file /home/airflow/.local/lib/python3.8/site-packages/airflow/example_dags/example_sensors.py for tasks to queue
[2024-02-07T09:02:39.170+0000] {logging_mixin.py:188} INFO - [2024-02-07T09:02:39.169+0000] {dagbag.py:538} INFO - Filling up the DagBag from /home/airflow/.local/lib/python3.8/site-packages/airflow/example_dags/example_sensors.py
[2024-02-07T09:02:39.180+0000] {processor.py:840} INFO - DAG(s) 'example_sensors' retrieved from /home/airflow/.local/lib/python3.8/site-packages/airflow/example_dags/example_sensors.py
[2024-02-07T09:02:39.208+0000] {logging_mixin.py:188} INFO - [2024-02-07T09:02:39.208+0000] {dag.py:3033} INFO - Sync 1 DAGs
[2024-02-07T09:02:39.220+0000] {logging_mixin.py:188} INFO - [2024-02-07T09:02:39.219+0000] {dag.py:3820} INFO - Setting next_dagrun for example_sensors to None, run_after=None
[2024-02-07T09:02:39.243+0000] {processor.py:183} INFO - Processing /home/airflow/.local/lib/python3.8/site-packages/airflow/example_dags/example_sensors.py took 0.080 seconds
[2024-02-07T09:03:09.373+0000] {processor.py:161} INFO - Started process (PID=2626) to work on /home/airflow/.local/lib/python3.8/site-packages/airflow/example_dags/example_sensors.py
[2024-02-07T09:03:09.374+0000] {processor.py:830} INFO - Processing file /home/airflow/.local/lib/python3.8/site-packages/airflow/example_dags/example_sensors.py for tasks to queue
[2024-02-07T09:03:09.377+0000] {logging_mixin.py:188} INFO - [2024-02-07T09:03:09.376+0000] {dagbag.py:538} INFO - Filling up the DagBag from /home/airflow/.local/lib/python3.8/site-packages/airflow/example_dags/example_sensors.py
[2024-02-07T09:03:09.385+0000] {processor.py:840} INFO - DAG(s) 'example_sensors' retrieved from /home/airflow/.local/lib/python3.8/site-packages/airflow/example_dags/example_sensors.py
[2024-02-07T09:03:09.411+0000] {logging_mixin.py:188} INFO - [2024-02-07T09:03:09.411+0000] {dag.py:3033} INFO - Sync 1 DAGs
[2024-02-07T09:03:09.424+0000] {logging_mixin.py:188} INFO - [2024-02-07T09:03:09.424+0000] {dag.py:3820} INFO - Setting next_dagrun for example_sensors to None, run_after=None
[2024-02-07T09:03:09.453+0000] {processor.py:183} INFO - Processing /home/airflow/.local/lib/python3.8/site-packages/airflow/example_dags/example_sensors.py took 0.085 seconds
[2024-02-07T09:03:40.194+0000] {processor.py:161} INFO - Started process (PID=2683) to work on /home/airflow/.local/lib/python3.8/site-packages/airflow/example_dags/example_sensors.py
[2024-02-07T09:03:40.195+0000] {processor.py:830} INFO - Processing file /home/airflow/.local/lib/python3.8/site-packages/airflow/example_dags/example_sensors.py for tasks to queue
[2024-02-07T09:03:40.198+0000] {logging_mixin.py:188} INFO - [2024-02-07T09:03:40.198+0000] {dagbag.py:538} INFO - Filling up the DagBag from /home/airflow/.local/lib/python3.8/site-packages/airflow/example_dags/example_sensors.py
[2024-02-07T09:03:40.208+0000] {processor.py:840} INFO - DAG(s) 'example_sensors' retrieved from /home/airflow/.local/lib/python3.8/site-packages/airflow/example_dags/example_sensors.py
[2024-02-07T09:03:40.234+0000] {logging_mixin.py:188} INFO - [2024-02-07T09:03:40.234+0000] {dag.py:3033} INFO - Sync 1 DAGs
[2024-02-07T09:03:40.247+0000] {logging_mixin.py:188} INFO - [2024-02-07T09:03:40.247+0000] {dag.py:3820} INFO - Setting next_dagrun for example_sensors to None, run_after=None
[2024-02-07T09:03:40.272+0000] {processor.py:183} INFO - Processing /home/airflow/.local/lib/python3.8/site-packages/airflow/example_dags/example_sensors.py took 0.082 seconds
[2024-02-07T09:04:10.504+0000] {processor.py:161} INFO - Started process (PID=2740) to work on /home/airflow/.local/lib/python3.8/site-packages/airflow/example_dags/example_sensors.py
[2024-02-07T09:04:10.505+0000] {processor.py:830} INFO - Processing file /home/airflow/.local/lib/python3.8/site-packages/airflow/example_dags/example_sensors.py for tasks to queue
[2024-02-07T09:04:10.508+0000] {logging_mixin.py:188} INFO - [2024-02-07T09:04:10.508+0000] {dagbag.py:538} INFO - Filling up the DagBag from /home/airflow/.local/lib/python3.8/site-packages/airflow/example_dags/example_sensors.py
[2024-02-07T09:04:10.521+0000] {processor.py:840} INFO - DAG(s) 'example_sensors' retrieved from /home/airflow/.local/lib/python3.8/site-packages/airflow/example_dags/example_sensors.py
[2024-02-07T09:04:10.558+0000] {logging_mixin.py:188} INFO - [2024-02-07T09:04:10.558+0000] {dag.py:3033} INFO - Sync 1 DAGs
[2024-02-07T09:04:10.575+0000] {logging_mixin.py:188} INFO - [2024-02-07T09:04:10.575+0000] {dag.py:3820} INFO - Setting next_dagrun for example_sensors to None, run_after=None
[2024-02-07T09:04:10.605+0000] {processor.py:183} INFO - Processing /home/airflow/.local/lib/python3.8/site-packages/airflow/example_dags/example_sensors.py took 0.107 seconds
[2024-02-07T09:04:41.036+0000] {processor.py:161} INFO - Started process (PID=2797) to work on /home/airflow/.local/lib/python3.8/site-packages/airflow/example_dags/example_sensors.py
[2024-02-07T09:04:41.037+0000] {processor.py:830} INFO - Processing file /home/airflow/.local/lib/python3.8/site-packages/airflow/example_dags/example_sensors.py for tasks to queue
[2024-02-07T09:04:41.040+0000] {logging_mixin.py:188} INFO - [2024-02-07T09:04:41.039+0000] {dagbag.py:538} INFO - Filling up the DagBag from /home/airflow/.local/lib/python3.8/site-packages/airflow/example_dags/example_sensors.py
[2024-02-07T09:04:41.049+0000] {processor.py:840} INFO - DAG(s) 'example_sensors' retrieved from /home/airflow/.local/lib/python3.8/site-packages/airflow/example_dags/example_sensors.py
[2024-02-07T09:04:41.079+0000] {logging_mixin.py:188} INFO - [2024-02-07T09:04:41.079+0000] {dag.py:3033} INFO - Sync 1 DAGs
[2024-02-07T09:04:41.092+0000] {logging_mixin.py:188} INFO - [2024-02-07T09:04:41.092+0000] {dag.py:3820} INFO - Setting next_dagrun for example_sensors to None, run_after=None
[2024-02-07T09:04:41.115+0000] {processor.py:183} INFO - Processing /home/airflow/.local/lib/python3.8/site-packages/airflow/example_dags/example_sensors.py took 0.082 seconds
[2024-02-07T09:05:11.298+0000] {processor.py:161} INFO - Started process (PID=2854) to work on /home/airflow/.local/lib/python3.8/site-packages/airflow/example_dags/example_sensors.py
[2024-02-07T09:05:11.300+0000] {processor.py:830} INFO - Processing file /home/airflow/.local/lib/python3.8/site-packages/airflow/example_dags/example_sensors.py for tasks to queue
[2024-02-07T09:05:11.303+0000] {logging_mixin.py:188} INFO - [2024-02-07T09:05:11.302+0000] {dagbag.py:538} INFO - Filling up the DagBag from /home/airflow/.local/lib/python3.8/site-packages/airflow/example_dags/example_sensors.py
[2024-02-07T09:05:11.314+0000] {processor.py:840} INFO - DAG(s) 'example_sensors' retrieved from /home/airflow/.local/lib/python3.8/site-packages/airflow/example_dags/example_sensors.py
[2024-02-07T09:05:11.345+0000] {logging_mixin.py:188} INFO - [2024-02-07T09:05:11.344+0000] {dag.py:3033} INFO - Sync 1 DAGs
[2024-02-07T09:05:11.358+0000] {logging_mixin.py:188} INFO - [2024-02-07T09:05:11.358+0000] {dag.py:3820} INFO - Setting next_dagrun for example_sensors to None, run_after=None
[2024-02-07T09:05:11.381+0000] {processor.py:183} INFO - Processing /home/airflow/.local/lib/python3.8/site-packages/airflow/example_dags/example_sensors.py took 0.087 seconds
[2024-02-07T09:05:41.732+0000] {processor.py:161} INFO - Started process (PID=2911) to work on /home/airflow/.local/lib/python3.8/site-packages/airflow/example_dags/example_sensors.py
[2024-02-07T09:05:41.733+0000] {processor.py:830} INFO - Processing file /home/airflow/.local/lib/python3.8/site-packages/airflow/example_dags/example_sensors.py for tasks to queue
[2024-02-07T09:05:41.735+0000] {logging_mixin.py:188} INFO - [2024-02-07T09:05:41.735+0000] {dagbag.py:538} INFO - Filling up the DagBag from /home/airflow/.local/lib/python3.8/site-packages/airflow/example_dags/example_sensors.py
[2024-02-07T09:05:41.746+0000] {processor.py:840} INFO - DAG(s) 'example_sensors' retrieved from /home/airflow/.local/lib/python3.8/site-packages/airflow/example_dags/example_sensors.py
[2024-02-07T09:05:41.773+0000] {logging_mixin.py:188} INFO - [2024-02-07T09:05:41.773+0000] {dag.py:3033} INFO - Sync 1 DAGs
[2024-02-07T09:05:41.785+0000] {logging_mixin.py:188} INFO - [2024-02-07T09:05:41.784+0000] {dag.py:3820} INFO - Setting next_dagrun for example_sensors to None, run_after=None
[2024-02-07T09:05:41.807+0000] {processor.py:183} INFO - Processing /home/airflow/.local/lib/python3.8/site-packages/airflow/example_dags/example_sensors.py took 0.079 seconds
[2024-02-07T09:06:12.014+0000] {processor.py:161} INFO - Started process (PID=2968) to work on /home/airflow/.local/lib/python3.8/site-packages/airflow/example_dags/example_sensors.py
[2024-02-07T09:06:12.015+0000] {processor.py:830} INFO - Processing file /home/airflow/.local/lib/python3.8/site-packages/airflow/example_dags/example_sensors.py for tasks to queue
[2024-02-07T09:06:12.018+0000] {logging_mixin.py:188} INFO - [2024-02-07T09:06:12.017+0000] {dagbag.py:538} INFO - Filling up the DagBag from /home/airflow/.local/lib/python3.8/site-packages/airflow/example_dags/example_sensors.py
[2024-02-07T09:06:12.027+0000] {processor.py:840} INFO - DAG(s) 'example_sensors' retrieved from /home/airflow/.local/lib/python3.8/site-packages/airflow/example_dags/example_sensors.py
[2024-02-07T09:06:12.055+0000] {logging_mixin.py:188} INFO - [2024-02-07T09:06:12.055+0000] {dag.py:3033} INFO - Sync 1 DAGs
[2024-02-07T09:06:12.066+0000] {logging_mixin.py:188} INFO - [2024-02-07T09:06:12.066+0000] {dag.py:3820} INFO - Setting next_dagrun for example_sensors to None, run_after=None
[2024-02-07T09:06:12.088+0000] {processor.py:183} INFO - Processing /home/airflow/.local/lib/python3.8/site-packages/airflow/example_dags/example_sensors.py took 0.078 seconds
[2024-02-07T09:06:42.496+0000] {processor.py:161} INFO - Started process (PID=3025) to work on /home/airflow/.local/lib/python3.8/site-packages/airflow/example_dags/example_sensors.py
[2024-02-07T09:06:42.498+0000] {processor.py:830} INFO - Processing file /home/airflow/.local/lib/python3.8/site-packages/airflow/example_dags/example_sensors.py for tasks to queue
[2024-02-07T09:06:42.501+0000] {logging_mixin.py:188} INFO - [2024-02-07T09:06:42.501+0000] {dagbag.py:538} INFO - Filling up the DagBag from /home/airflow/.local/lib/python3.8/site-packages/airflow/example_dags/example_sensors.py
[2024-02-07T09:06:42.511+0000] {processor.py:840} INFO - DAG(s) 'example_sensors' retrieved from /home/airflow/.local/lib/python3.8/site-packages/airflow/example_dags/example_sensors.py
[2024-02-07T09:06:42.537+0000] {logging_mixin.py:188} INFO - [2024-02-07T09:06:42.536+0000] {dag.py:3033} INFO - Sync 1 DAGs
[2024-02-07T09:06:42.549+0000] {logging_mixin.py:188} INFO - [2024-02-07T09:06:42.549+0000] {dag.py:3820} INFO - Setting next_dagrun for example_sensors to None, run_after=None
[2024-02-07T09:06:42.572+0000] {processor.py:183} INFO - Processing /home/airflow/.local/lib/python3.8/site-packages/airflow/example_dags/example_sensors.py took 0.082 seconds
[2024-02-07T09:07:12.879+0000] {processor.py:161} INFO - Started process (PID=3082) to work on /home/airflow/.local/lib/python3.8/site-packages/airflow/example_dags/example_sensors.py
[2024-02-07T09:07:12.880+0000] {processor.py:830} INFO - Processing file /home/airflow/.local/lib/python3.8/site-packages/airflow/example_dags/example_sensors.py for tasks to queue
[2024-02-07T09:07:12.883+0000] {logging_mixin.py:188} INFO - [2024-02-07T09:07:12.883+0000] {dagbag.py:538} INFO - Filling up the DagBag from /home/airflow/.local/lib/python3.8/site-packages/airflow/example_dags/example_sensors.py
[2024-02-07T09:07:12.896+0000] {processor.py:840} INFO - DAG(s) 'example_sensors' retrieved from /home/airflow/.local/lib/python3.8/site-packages/airflow/example_dags/example_sensors.py
[2024-02-07T09:07:12.929+0000] {logging_mixin.py:188} INFO - [2024-02-07T09:07:12.929+0000] {dag.py:3033} INFO - Sync 1 DAGs
[2024-02-07T09:07:12.945+0000] {logging_mixin.py:188} INFO - [2024-02-07T09:07:12.944+0000] {dag.py:3820} INFO - Setting next_dagrun for example_sensors to None, run_after=None
[2024-02-07T09:07:12.966+0000] {processor.py:183} INFO - Processing /home/airflow/.local/lib/python3.8/site-packages/airflow/example_dags/example_sensors.py took 0.091 seconds
[2024-02-07T09:07:43.482+0000] {processor.py:161} INFO - Started process (PID=3139) to work on /home/airflow/.local/lib/python3.8/site-packages/airflow/example_dags/example_sensors.py
[2024-02-07T09:07:43.483+0000] {processor.py:830} INFO - Processing file /home/airflow/.local/lib/python3.8/site-packages/airflow/example_dags/example_sensors.py for tasks to queue
[2024-02-07T09:07:43.485+0000] {logging_mixin.py:188} INFO - [2024-02-07T09:07:43.485+0000] {dagbag.py:538} INFO - Filling up the DagBag from /home/airflow/.local/lib/python3.8/site-packages/airflow/example_dags/example_sensors.py
[2024-02-07T09:07:43.495+0000] {processor.py:840} INFO - DAG(s) 'example_sensors' retrieved from /home/airflow/.local/lib/python3.8/site-packages/airflow/example_dags/example_sensors.py
[2024-02-07T09:07:43.609+0000] {logging_mixin.py:188} INFO - [2024-02-07T09:07:43.609+0000] {dag.py:3033} INFO - Sync 1 DAGs
[2024-02-07T09:07:43.623+0000] {logging_mixin.py:188} INFO - [2024-02-07T09:07:43.623+0000] {dag.py:3820} INFO - Setting next_dagrun for example_sensors to None, run_after=None
[2024-02-07T09:07:43.654+0000] {processor.py:183} INFO - Processing /home/airflow/.local/lib/python3.8/site-packages/airflow/example_dags/example_sensors.py took 0.177 seconds
[2024-02-07T09:08:13.876+0000] {processor.py:161} INFO - Started process (PID=3196) to work on /home/airflow/.local/lib/python3.8/site-packages/airflow/example_dags/example_sensors.py
[2024-02-07T09:08:13.877+0000] {processor.py:830} INFO - Processing file /home/airflow/.local/lib/python3.8/site-packages/airflow/example_dags/example_sensors.py for tasks to queue
[2024-02-07T09:08:13.880+0000] {logging_mixin.py:188} INFO - [2024-02-07T09:08:13.880+0000] {dagbag.py:538} INFO - Filling up the DagBag from /home/airflow/.local/lib/python3.8/site-packages/airflow/example_dags/example_sensors.py
[2024-02-07T09:08:13.891+0000] {processor.py:840} INFO - DAG(s) 'example_sensors' retrieved from /home/airflow/.local/lib/python3.8/site-packages/airflow/example_dags/example_sensors.py
[2024-02-07T09:08:13.922+0000] {logging_mixin.py:188} INFO - [2024-02-07T09:08:13.921+0000] {dag.py:3033} INFO - Sync 1 DAGs
[2024-02-07T09:08:13.936+0000] {logging_mixin.py:188} INFO - [2024-02-07T09:08:13.936+0000] {dag.py:3820} INFO - Setting next_dagrun for example_sensors to None, run_after=None
[2024-02-07T09:08:13.966+0000] {processor.py:183} INFO - Processing /home/airflow/.local/lib/python3.8/site-packages/airflow/example_dags/example_sensors.py took 0.093 seconds
[2024-02-07T09:08:44.266+0000] {processor.py:161} INFO - Started process (PID=3253) to work on /home/airflow/.local/lib/python3.8/site-packages/airflow/example_dags/example_sensors.py
[2024-02-07T09:08:44.267+0000] {processor.py:830} INFO - Processing file /home/airflow/.local/lib/python3.8/site-packages/airflow/example_dags/example_sensors.py for tasks to queue
[2024-02-07T09:08:44.269+0000] {logging_mixin.py:188} INFO - [2024-02-07T09:08:44.269+0000] {dagbag.py:538} INFO - Filling up the DagBag from /home/airflow/.local/lib/python3.8/site-packages/airflow/example_dags/example_sensors.py
[2024-02-07T09:08:44.277+0000] {processor.py:840} INFO - DAG(s) 'example_sensors' retrieved from /home/airflow/.local/lib/python3.8/site-packages/airflow/example_dags/example_sensors.py
[2024-02-07T09:08:44.302+0000] {logging_mixin.py:188} INFO - [2024-02-07T09:08:44.302+0000] {dag.py:3033} INFO - Sync 1 DAGs
[2024-02-07T09:08:44.314+0000] {logging_mixin.py:188} INFO - [2024-02-07T09:08:44.314+0000] {dag.py:3820} INFO - Setting next_dagrun for example_sensors to None, run_after=None
[2024-02-07T09:08:44.337+0000] {processor.py:183} INFO - Processing /home/airflow/.local/lib/python3.8/site-packages/airflow/example_dags/example_sensors.py took 0.075 seconds
[2024-02-07T09:09:14.651+0000] {processor.py:161} INFO - Started process (PID=3310) to work on /home/airflow/.local/lib/python3.8/site-packages/airflow/example_dags/example_sensors.py
[2024-02-07T09:09:14.653+0000] {processor.py:830} INFO - Processing file /home/airflow/.local/lib/python3.8/site-packages/airflow/example_dags/example_sensors.py for tasks to queue
[2024-02-07T09:09:14.655+0000] {logging_mixin.py:188} INFO - [2024-02-07T09:09:14.655+0000] {dagbag.py:538} INFO - Filling up the DagBag from /home/airflow/.local/lib/python3.8/site-packages/airflow/example_dags/example_sensors.py
[2024-02-07T09:09:14.664+0000] {processor.py:840} INFO - DAG(s) 'example_sensors' retrieved from /home/airflow/.local/lib/python3.8/site-packages/airflow/example_dags/example_sensors.py
[2024-02-07T09:09:14.694+0000] {logging_mixin.py:188} INFO - [2024-02-07T09:09:14.694+0000] {dag.py:3033} INFO - Sync 1 DAGs
[2024-02-07T09:09:14.709+0000] {logging_mixin.py:188} INFO - [2024-02-07T09:09:14.708+0000] {dag.py:3820} INFO - Setting next_dagrun for example_sensors to None, run_after=None
[2024-02-07T09:09:14.738+0000] {processor.py:183} INFO - Processing /home/airflow/.local/lib/python3.8/site-packages/airflow/example_dags/example_sensors.py took 0.090 seconds
[2024-02-07T09:09:45.164+0000] {processor.py:161} INFO - Started process (PID=3367) to work on /home/airflow/.local/lib/python3.8/site-packages/airflow/example_dags/example_sensors.py
[2024-02-07T09:09:45.166+0000] {processor.py:830} INFO - Processing file /home/airflow/.local/lib/python3.8/site-packages/airflow/example_dags/example_sensors.py for tasks to queue
[2024-02-07T09:09:45.168+0000] {logging_mixin.py:188} INFO - [2024-02-07T09:09:45.168+0000] {dagbag.py:538} INFO - Filling up the DagBag from /home/airflow/.local/lib/python3.8/site-packages/airflow/example_dags/example_sensors.py
[2024-02-07T09:09:45.177+0000] {processor.py:840} INFO - DAG(s) 'example_sensors' retrieved from /home/airflow/.local/lib/python3.8/site-packages/airflow/example_dags/example_sensors.py
[2024-02-07T09:09:45.203+0000] {logging_mixin.py:188} INFO - [2024-02-07T09:09:45.202+0000] {dag.py:3033} INFO - Sync 1 DAGs
[2024-02-07T09:09:45.215+0000] {logging_mixin.py:188} INFO - [2024-02-07T09:09:45.215+0000] {dag.py:3820} INFO - Setting next_dagrun for example_sensors to None, run_after=None
[2024-02-07T09:09:45.244+0000] {processor.py:183} INFO - Processing /home/airflow/.local/lib/python3.8/site-packages/airflow/example_dags/example_sensors.py took 0.083 seconds
[2024-02-07T09:10:15.396+0000] {processor.py:161} INFO - Started process (PID=3424) to work on /home/airflow/.local/lib/python3.8/site-packages/airflow/example_dags/example_sensors.py
[2024-02-07T09:10:15.397+0000] {processor.py:830} INFO - Processing file /home/airflow/.local/lib/python3.8/site-packages/airflow/example_dags/example_sensors.py for tasks to queue
[2024-02-07T09:10:15.402+0000] {logging_mixin.py:188} INFO - [2024-02-07T09:10:15.401+0000] {dagbag.py:538} INFO - Filling up the DagBag from /home/airflow/.local/lib/python3.8/site-packages/airflow/example_dags/example_sensors.py
[2024-02-07T09:10:15.411+0000] {processor.py:840} INFO - DAG(s) 'example_sensors' retrieved from /home/airflow/.local/lib/python3.8/site-packages/airflow/example_dags/example_sensors.py
[2024-02-07T09:10:15.444+0000] {logging_mixin.py:188} INFO - [2024-02-07T09:10:15.444+0000] {dag.py:3033} INFO - Sync 1 DAGs
[2024-02-07T09:10:15.458+0000] {logging_mixin.py:188} INFO - [2024-02-07T09:10:15.458+0000] {dag.py:3820} INFO - Setting next_dagrun for example_sensors to None, run_after=None
[2024-02-07T09:10:15.482+0000] {processor.py:183} INFO - Processing /home/airflow/.local/lib/python3.8/site-packages/airflow/example_dags/example_sensors.py took 0.091 seconds
[2024-02-07T09:10:45.777+0000] {processor.py:161} INFO - Started process (PID=3481) to work on /home/airflow/.local/lib/python3.8/site-packages/airflow/example_dags/example_sensors.py
[2024-02-07T09:10:45.779+0000] {processor.py:830} INFO - Processing file /home/airflow/.local/lib/python3.8/site-packages/airflow/example_dags/example_sensors.py for tasks to queue
[2024-02-07T09:10:45.782+0000] {logging_mixin.py:188} INFO - [2024-02-07T09:10:45.781+0000] {dagbag.py:538} INFO - Filling up the DagBag from /home/airflow/.local/lib/python3.8/site-packages/airflow/example_dags/example_sensors.py
[2024-02-07T09:10:45.792+0000] {processor.py:840} INFO - DAG(s) 'example_sensors' retrieved from /home/airflow/.local/lib/python3.8/site-packages/airflow/example_dags/example_sensors.py
[2024-02-07T09:10:45.820+0000] {logging_mixin.py:188} INFO - [2024-02-07T09:10:45.820+0000] {dag.py:3033} INFO - Sync 1 DAGs
[2024-02-07T09:10:45.833+0000] {logging_mixin.py:188} INFO - [2024-02-07T09:10:45.833+0000] {dag.py:3820} INFO - Setting next_dagrun for example_sensors to None, run_after=None
[2024-02-07T09:10:45.859+0000] {processor.py:183} INFO - Processing /home/airflow/.local/lib/python3.8/site-packages/airflow/example_dags/example_sensors.py took 0.085 seconds
[2024-02-07T09:11:16.102+0000] {processor.py:161} INFO - Started process (PID=3538) to work on /home/airflow/.local/lib/python3.8/site-packages/airflow/example_dags/example_sensors.py
[2024-02-07T09:11:16.103+0000] {processor.py:830} INFO - Processing file /home/airflow/.local/lib/python3.8/site-packages/airflow/example_dags/example_sensors.py for tasks to queue
[2024-02-07T09:11:16.105+0000] {logging_mixin.py:188} INFO - [2024-02-07T09:11:16.105+0000] {dagbag.py:538} INFO - Filling up the DagBag from /home/airflow/.local/lib/python3.8/site-packages/airflow/example_dags/example_sensors.py
[2024-02-07T09:11:16.114+0000] {processor.py:840} INFO - DAG(s) 'example_sensors' retrieved from /home/airflow/.local/lib/python3.8/site-packages/airflow/example_dags/example_sensors.py
[2024-02-07T09:11:16.141+0000] {logging_mixin.py:188} INFO - [2024-02-07T09:11:16.141+0000] {dag.py:3033} INFO - Sync 1 DAGs
[2024-02-07T09:11:16.154+0000] {logging_mixin.py:188} INFO - [2024-02-07T09:11:16.154+0000] {dag.py:3820} INFO - Setting next_dagrun for example_sensors to None, run_after=None
[2024-02-07T09:11:16.179+0000] {processor.py:183} INFO - Processing /home/airflow/.local/lib/python3.8/site-packages/airflow/example_dags/example_sensors.py took 0.080 seconds
