[2024-02-07T08:40:09.333+0000] {processor.py:161} INFO - Started process (PID=40) to work on /home/airflow/.local/lib/python3.8/site-packages/airflow/example_dags/example_kubernetes_executor.py
[2024-02-07T08:40:09.335+0000] {processor.py:830} INFO - Processing file /home/airflow/.local/lib/python3.8/site-packages/airflow/example_dags/example_kubernetes_executor.py for tasks to queue
[2024-02-07T08:40:09.337+0000] {logging_mixin.py:188} INFO - [2024-02-07T08:40:09.337+0000] {dagbag.py:538} INFO - Filling up the DagBag from /home/airflow/.local/lib/python3.8/site-packages/airflow/example_dags/example_kubernetes_executor.py
[2024-02-07T08:40:09.357+0000] {processor.py:840} INFO - DAG(s) 'example_kubernetes_executor' retrieved from /home/airflow/.local/lib/python3.8/site-packages/airflow/example_dags/example_kubernetes_executor.py
[2024-02-07T08:40:09.426+0000] {logging_mixin.py:188} INFO - [2024-02-07T08:40:09.425+0000] {dag.py:3033} INFO - Sync 1 DAGs
[2024-02-07T08:40:09.444+0000] {logging_mixin.py:188} INFO - [2024-02-07T08:40:09.443+0000] {dag.py:3820} INFO - Setting next_dagrun for example_kubernetes_executor to None, run_after=None
[2024-02-07T08:40:09.467+0000] {processor.py:183} INFO - Processing /home/airflow/.local/lib/python3.8/site-packages/airflow/example_dags/example_kubernetes_executor.py took 0.139 seconds
[2024-02-07T08:40:40.369+0000] {processor.py:161} INFO - Started process (PID=97) to work on /home/airflow/.local/lib/python3.8/site-packages/airflow/example_dags/example_kubernetes_executor.py
[2024-02-07T08:40:40.370+0000] {processor.py:830} INFO - Processing file /home/airflow/.local/lib/python3.8/site-packages/airflow/example_dags/example_kubernetes_executor.py for tasks to queue
[2024-02-07T08:40:40.372+0000] {logging_mixin.py:188} INFO - [2024-02-07T08:40:40.372+0000] {dagbag.py:538} INFO - Filling up the DagBag from /home/airflow/.local/lib/python3.8/site-packages/airflow/example_dags/example_kubernetes_executor.py
[2024-02-07T08:40:40.387+0000] {processor.py:840} INFO - DAG(s) 'example_kubernetes_executor' retrieved from /home/airflow/.local/lib/python3.8/site-packages/airflow/example_dags/example_kubernetes_executor.py
[2024-02-07T08:40:40.421+0000] {logging_mixin.py:188} INFO - [2024-02-07T08:40:40.421+0000] {dag.py:3033} INFO - Sync 1 DAGs
[2024-02-07T08:40:40.432+0000] {logging_mixin.py:188} INFO - [2024-02-07T08:40:40.432+0000] {dag.py:3820} INFO - Setting next_dagrun for example_kubernetes_executor to None, run_after=None
[2024-02-07T08:40:40.457+0000] {processor.py:183} INFO - Processing /home/airflow/.local/lib/python3.8/site-packages/airflow/example_dags/example_kubernetes_executor.py took 0.092 seconds
[2024-02-07T08:41:10.929+0000] {processor.py:161} INFO - Started process (PID=154) to work on /home/airflow/.local/lib/python3.8/site-packages/airflow/example_dags/example_kubernetes_executor.py
[2024-02-07T08:41:10.931+0000] {processor.py:830} INFO - Processing file /home/airflow/.local/lib/python3.8/site-packages/airflow/example_dags/example_kubernetes_executor.py for tasks to queue
[2024-02-07T08:41:10.935+0000] {logging_mixin.py:188} INFO - [2024-02-07T08:41:10.934+0000] {dagbag.py:538} INFO - Filling up the DagBag from /home/airflow/.local/lib/python3.8/site-packages/airflow/example_dags/example_kubernetes_executor.py
[2024-02-07T08:41:10.952+0000] {processor.py:840} INFO - DAG(s) 'example_kubernetes_executor' retrieved from /home/airflow/.local/lib/python3.8/site-packages/airflow/example_dags/example_kubernetes_executor.py
[2024-02-07T08:41:10.991+0000] {logging_mixin.py:188} INFO - [2024-02-07T08:41:10.991+0000] {dag.py:3033} INFO - Sync 1 DAGs
[2024-02-07T08:41:11.005+0000] {logging_mixin.py:188} INFO - [2024-02-07T08:41:11.005+0000] {dag.py:3820} INFO - Setting next_dagrun for example_kubernetes_executor to None, run_after=None
[2024-02-07T08:41:11.031+0000] {processor.py:183} INFO - Processing /home/airflow/.local/lib/python3.8/site-packages/airflow/example_dags/example_kubernetes_executor.py took 0.106 seconds
[2024-02-07T08:41:41.527+0000] {processor.py:161} INFO - Started process (PID=211) to work on /home/airflow/.local/lib/python3.8/site-packages/airflow/example_dags/example_kubernetes_executor.py
[2024-02-07T08:41:41.529+0000] {processor.py:830} INFO - Processing file /home/airflow/.local/lib/python3.8/site-packages/airflow/example_dags/example_kubernetes_executor.py for tasks to queue
[2024-02-07T08:41:41.533+0000] {logging_mixin.py:188} INFO - [2024-02-07T08:41:41.532+0000] {dagbag.py:538} INFO - Filling up the DagBag from /home/airflow/.local/lib/python3.8/site-packages/airflow/example_dags/example_kubernetes_executor.py
[2024-02-07T08:41:41.549+0000] {processor.py:840} INFO - DAG(s) 'example_kubernetes_executor' retrieved from /home/airflow/.local/lib/python3.8/site-packages/airflow/example_dags/example_kubernetes_executor.py
[2024-02-07T08:41:41.600+0000] {logging_mixin.py:188} INFO - [2024-02-07T08:41:41.600+0000] {dag.py:3033} INFO - Sync 1 DAGs
[2024-02-07T08:41:41.617+0000] {logging_mixin.py:188} INFO - [2024-02-07T08:41:41.617+0000] {dag.py:3820} INFO - Setting next_dagrun for example_kubernetes_executor to None, run_after=None
[2024-02-07T08:41:41.648+0000] {processor.py:183} INFO - Processing /home/airflow/.local/lib/python3.8/site-packages/airflow/example_dags/example_kubernetes_executor.py took 0.126 seconds
[2024-02-07T08:42:11.899+0000] {processor.py:161} INFO - Started process (PID=267) to work on /home/airflow/.local/lib/python3.8/site-packages/airflow/example_dags/example_kubernetes_executor.py
[2024-02-07T08:42:11.900+0000] {processor.py:830} INFO - Processing file /home/airflow/.local/lib/python3.8/site-packages/airflow/example_dags/example_kubernetes_executor.py for tasks to queue
[2024-02-07T08:42:11.904+0000] {logging_mixin.py:188} INFO - [2024-02-07T08:42:11.903+0000] {dagbag.py:538} INFO - Filling up the DagBag from /home/airflow/.local/lib/python3.8/site-packages/airflow/example_dags/example_kubernetes_executor.py
[2024-02-07T08:42:11.932+0000] {processor.py:840} INFO - DAG(s) 'example_kubernetes_executor' retrieved from /home/airflow/.local/lib/python3.8/site-packages/airflow/example_dags/example_kubernetes_executor.py
[2024-02-07T08:42:11.980+0000] {logging_mixin.py:188} INFO - [2024-02-07T08:42:11.980+0000] {dag.py:3033} INFO - Sync 1 DAGs
[2024-02-07T08:42:11.996+0000] {logging_mixin.py:188} INFO - [2024-02-07T08:42:11.995+0000] {dag.py:3820} INFO - Setting next_dagrun for example_kubernetes_executor to None, run_after=None
[2024-02-07T08:42:12.034+0000] {processor.py:183} INFO - Processing /home/airflow/.local/lib/python3.8/site-packages/airflow/example_dags/example_kubernetes_executor.py took 0.143 seconds
[2024-02-07T08:42:42.222+0000] {processor.py:161} INFO - Started process (PID=324) to work on /home/airflow/.local/lib/python3.8/site-packages/airflow/example_dags/example_kubernetes_executor.py
[2024-02-07T08:42:42.223+0000] {processor.py:830} INFO - Processing file /home/airflow/.local/lib/python3.8/site-packages/airflow/example_dags/example_kubernetes_executor.py for tasks to queue
[2024-02-07T08:42:42.227+0000] {logging_mixin.py:188} INFO - [2024-02-07T08:42:42.226+0000] {dagbag.py:538} INFO - Filling up the DagBag from /home/airflow/.local/lib/python3.8/site-packages/airflow/example_dags/example_kubernetes_executor.py
[2024-02-07T08:42:42.251+0000] {processor.py:840} INFO - DAG(s) 'example_kubernetes_executor' retrieved from /home/airflow/.local/lib/python3.8/site-packages/airflow/example_dags/example_kubernetes_executor.py
[2024-02-07T08:42:42.293+0000] {logging_mixin.py:188} INFO - [2024-02-07T08:42:42.293+0000] {dag.py:3033} INFO - Sync 1 DAGs
[2024-02-07T08:42:42.307+0000] {logging_mixin.py:188} INFO - [2024-02-07T08:42:42.307+0000] {dag.py:3820} INFO - Setting next_dagrun for example_kubernetes_executor to None, run_after=None
[2024-02-07T08:42:42.330+0000] {processor.py:183} INFO - Processing /home/airflow/.local/lib/python3.8/site-packages/airflow/example_dags/example_kubernetes_executor.py took 0.114 seconds
[2024-02-07T08:43:12.653+0000] {processor.py:161} INFO - Started process (PID=381) to work on /home/airflow/.local/lib/python3.8/site-packages/airflow/example_dags/example_kubernetes_executor.py
[2024-02-07T08:43:12.661+0000] {processor.py:830} INFO - Processing file /home/airflow/.local/lib/python3.8/site-packages/airflow/example_dags/example_kubernetes_executor.py for tasks to queue
[2024-02-07T08:43:12.664+0000] {logging_mixin.py:188} INFO - [2024-02-07T08:43:12.664+0000] {dagbag.py:538} INFO - Filling up the DagBag from /home/airflow/.local/lib/python3.8/site-packages/airflow/example_dags/example_kubernetes_executor.py
[2024-02-07T08:43:12.681+0000] {processor.py:840} INFO - DAG(s) 'example_kubernetes_executor' retrieved from /home/airflow/.local/lib/python3.8/site-packages/airflow/example_dags/example_kubernetes_executor.py
[2024-02-07T08:43:12.732+0000] {logging_mixin.py:188} INFO - [2024-02-07T08:43:12.732+0000] {dag.py:3033} INFO - Sync 1 DAGs
[2024-02-07T08:43:12.751+0000] {logging_mixin.py:188} INFO - [2024-02-07T08:43:12.751+0000] {dag.py:3820} INFO - Setting next_dagrun for example_kubernetes_executor to None, run_after=None
[2024-02-07T08:43:12.779+0000] {processor.py:183} INFO - Processing /home/airflow/.local/lib/python3.8/site-packages/airflow/example_dags/example_kubernetes_executor.py took 0.130 seconds
[2024-02-07T08:43:43.061+0000] {processor.py:161} INFO - Started process (PID=438) to work on /home/airflow/.local/lib/python3.8/site-packages/airflow/example_dags/example_kubernetes_executor.py
[2024-02-07T08:43:43.062+0000] {processor.py:830} INFO - Processing file /home/airflow/.local/lib/python3.8/site-packages/airflow/example_dags/example_kubernetes_executor.py for tasks to queue
[2024-02-07T08:43:43.065+0000] {logging_mixin.py:188} INFO - [2024-02-07T08:43:43.065+0000] {dagbag.py:538} INFO - Filling up the DagBag from /home/airflow/.local/lib/python3.8/site-packages/airflow/example_dags/example_kubernetes_executor.py
[2024-02-07T08:43:43.083+0000] {processor.py:840} INFO - DAG(s) 'example_kubernetes_executor' retrieved from /home/airflow/.local/lib/python3.8/site-packages/airflow/example_dags/example_kubernetes_executor.py
[2024-02-07T08:43:43.136+0000] {logging_mixin.py:188} INFO - [2024-02-07T08:43:43.136+0000] {dag.py:3033} INFO - Sync 1 DAGs
[2024-02-07T08:43:43.150+0000] {logging_mixin.py:188} INFO - [2024-02-07T08:43:43.150+0000] {dag.py:3820} INFO - Setting next_dagrun for example_kubernetes_executor to None, run_after=None
[2024-02-07T08:43:43.176+0000] {processor.py:183} INFO - Processing /home/airflow/.local/lib/python3.8/site-packages/airflow/example_dags/example_kubernetes_executor.py took 0.119 seconds
[2024-02-07T08:44:13.643+0000] {processor.py:161} INFO - Started process (PID=495) to work on /home/airflow/.local/lib/python3.8/site-packages/airflow/example_dags/example_kubernetes_executor.py
[2024-02-07T08:44:13.645+0000] {processor.py:830} INFO - Processing file /home/airflow/.local/lib/python3.8/site-packages/airflow/example_dags/example_kubernetes_executor.py for tasks to queue
[2024-02-07T08:44:13.649+0000] {logging_mixin.py:188} INFO - [2024-02-07T08:44:13.649+0000] {dagbag.py:538} INFO - Filling up the DagBag from /home/airflow/.local/lib/python3.8/site-packages/airflow/example_dags/example_kubernetes_executor.py
[2024-02-07T08:44:13.672+0000] {processor.py:840} INFO - DAG(s) 'example_kubernetes_executor' retrieved from /home/airflow/.local/lib/python3.8/site-packages/airflow/example_dags/example_kubernetes_executor.py
[2024-02-07T08:44:13.733+0000] {logging_mixin.py:188} INFO - [2024-02-07T08:44:13.733+0000] {dag.py:3033} INFO - Sync 1 DAGs
[2024-02-07T08:44:13.748+0000] {logging_mixin.py:188} INFO - [2024-02-07T08:44:13.748+0000] {dag.py:3820} INFO - Setting next_dagrun for example_kubernetes_executor to None, run_after=None
[2024-02-07T08:44:13.780+0000] {processor.py:183} INFO - Processing /home/airflow/.local/lib/python3.8/site-packages/airflow/example_dags/example_kubernetes_executor.py took 0.144 seconds
[2024-02-07T08:44:44.118+0000] {processor.py:161} INFO - Started process (PID=552) to work on /home/airflow/.local/lib/python3.8/site-packages/airflow/example_dags/example_kubernetes_executor.py
[2024-02-07T08:44:44.119+0000] {processor.py:830} INFO - Processing file /home/airflow/.local/lib/python3.8/site-packages/airflow/example_dags/example_kubernetes_executor.py for tasks to queue
[2024-02-07T08:44:44.122+0000] {logging_mixin.py:188} INFO - [2024-02-07T08:44:44.122+0000] {dagbag.py:538} INFO - Filling up the DagBag from /home/airflow/.local/lib/python3.8/site-packages/airflow/example_dags/example_kubernetes_executor.py
[2024-02-07T08:44:44.139+0000] {processor.py:840} INFO - DAG(s) 'example_kubernetes_executor' retrieved from /home/airflow/.local/lib/python3.8/site-packages/airflow/example_dags/example_kubernetes_executor.py
[2024-02-07T08:44:44.183+0000] {logging_mixin.py:188} INFO - [2024-02-07T08:44:44.183+0000] {dag.py:3033} INFO - Sync 1 DAGs
[2024-02-07T08:44:44.199+0000] {logging_mixin.py:188} INFO - [2024-02-07T08:44:44.199+0000] {dag.py:3820} INFO - Setting next_dagrun for example_kubernetes_executor to None, run_after=None
[2024-02-07T08:44:44.236+0000] {processor.py:183} INFO - Processing /home/airflow/.local/lib/python3.8/site-packages/airflow/example_dags/example_kubernetes_executor.py took 0.121 seconds
[2024-02-07T08:45:14.391+0000] {processor.py:161} INFO - Started process (PID=609) to work on /home/airflow/.local/lib/python3.8/site-packages/airflow/example_dags/example_kubernetes_executor.py
[2024-02-07T08:45:14.394+0000] {processor.py:830} INFO - Processing file /home/airflow/.local/lib/python3.8/site-packages/airflow/example_dags/example_kubernetes_executor.py for tasks to queue
[2024-02-07T08:45:14.397+0000] {logging_mixin.py:188} INFO - [2024-02-07T08:45:14.396+0000] {dagbag.py:538} INFO - Filling up the DagBag from /home/airflow/.local/lib/python3.8/site-packages/airflow/example_dags/example_kubernetes_executor.py
[2024-02-07T08:45:14.424+0000] {processor.py:840} INFO - DAG(s) 'example_kubernetes_executor' retrieved from /home/airflow/.local/lib/python3.8/site-packages/airflow/example_dags/example_kubernetes_executor.py
[2024-02-07T08:45:14.471+0000] {logging_mixin.py:188} INFO - [2024-02-07T08:45:14.470+0000] {dag.py:3033} INFO - Sync 1 DAGs
[2024-02-07T08:45:14.487+0000] {logging_mixin.py:188} INFO - [2024-02-07T08:45:14.487+0000] {dag.py:3820} INFO - Setting next_dagrun for example_kubernetes_executor to None, run_after=None
[2024-02-07T08:45:14.514+0000] {processor.py:183} INFO - Processing /home/airflow/.local/lib/python3.8/site-packages/airflow/example_dags/example_kubernetes_executor.py took 0.130 seconds
[2024-02-07T08:45:44.910+0000] {processor.py:161} INFO - Started process (PID=666) to work on /home/airflow/.local/lib/python3.8/site-packages/airflow/example_dags/example_kubernetes_executor.py
[2024-02-07T08:45:44.911+0000] {processor.py:830} INFO - Processing file /home/airflow/.local/lib/python3.8/site-packages/airflow/example_dags/example_kubernetes_executor.py for tasks to queue
[2024-02-07T08:45:44.913+0000] {logging_mixin.py:188} INFO - [2024-02-07T08:45:44.913+0000] {dagbag.py:538} INFO - Filling up the DagBag from /home/airflow/.local/lib/python3.8/site-packages/airflow/example_dags/example_kubernetes_executor.py
[2024-02-07T08:45:44.929+0000] {processor.py:840} INFO - DAG(s) 'example_kubernetes_executor' retrieved from /home/airflow/.local/lib/python3.8/site-packages/airflow/example_dags/example_kubernetes_executor.py
[2024-02-07T08:45:44.967+0000] {logging_mixin.py:188} INFO - [2024-02-07T08:45:44.967+0000] {dag.py:3033} INFO - Sync 1 DAGs
[2024-02-07T08:45:44.979+0000] {logging_mixin.py:188} INFO - [2024-02-07T08:45:44.979+0000] {dag.py:3820} INFO - Setting next_dagrun for example_kubernetes_executor to None, run_after=None
[2024-02-07T08:45:45.002+0000] {processor.py:183} INFO - Processing /home/airflow/.local/lib/python3.8/site-packages/airflow/example_dags/example_kubernetes_executor.py took 0.095 seconds
[2024-02-07T08:46:15.451+0000] {processor.py:161} INFO - Started process (PID=723) to work on /home/airflow/.local/lib/python3.8/site-packages/airflow/example_dags/example_kubernetes_executor.py
[2024-02-07T08:46:15.452+0000] {processor.py:830} INFO - Processing file /home/airflow/.local/lib/python3.8/site-packages/airflow/example_dags/example_kubernetes_executor.py for tasks to queue
[2024-02-07T08:46:15.455+0000] {logging_mixin.py:188} INFO - [2024-02-07T08:46:15.455+0000] {dagbag.py:538} INFO - Filling up the DagBag from /home/airflow/.local/lib/python3.8/site-packages/airflow/example_dags/example_kubernetes_executor.py
[2024-02-07T08:46:15.470+0000] {processor.py:840} INFO - DAG(s) 'example_kubernetes_executor' retrieved from /home/airflow/.local/lib/python3.8/site-packages/airflow/example_dags/example_kubernetes_executor.py
[2024-02-07T08:46:15.516+0000] {logging_mixin.py:188} INFO - [2024-02-07T08:46:15.515+0000] {dag.py:3033} INFO - Sync 1 DAGs
[2024-02-07T08:46:15.530+0000] {logging_mixin.py:188} INFO - [2024-02-07T08:46:15.530+0000] {dag.py:3820} INFO - Setting next_dagrun for example_kubernetes_executor to None, run_after=None
[2024-02-07T08:46:15.558+0000] {processor.py:183} INFO - Processing /home/airflow/.local/lib/python3.8/site-packages/airflow/example_dags/example_kubernetes_executor.py took 0.110 seconds
[2024-02-07T08:46:45.914+0000] {processor.py:161} INFO - Started process (PID=780) to work on /home/airflow/.local/lib/python3.8/site-packages/airflow/example_dags/example_kubernetes_executor.py
[2024-02-07T08:46:45.916+0000] {processor.py:830} INFO - Processing file /home/airflow/.local/lib/python3.8/site-packages/airflow/example_dags/example_kubernetes_executor.py for tasks to queue
[2024-02-07T08:46:45.918+0000] {logging_mixin.py:188} INFO - [2024-02-07T08:46:45.918+0000] {dagbag.py:538} INFO - Filling up the DagBag from /home/airflow/.local/lib/python3.8/site-packages/airflow/example_dags/example_kubernetes_executor.py
[2024-02-07T08:46:45.936+0000] {processor.py:840} INFO - DAG(s) 'example_kubernetes_executor' retrieved from /home/airflow/.local/lib/python3.8/site-packages/airflow/example_dags/example_kubernetes_executor.py
[2024-02-07T08:46:45.987+0000] {logging_mixin.py:188} INFO - [2024-02-07T08:46:45.986+0000] {dag.py:3033} INFO - Sync 1 DAGs
[2024-02-07T08:46:46.002+0000] {logging_mixin.py:188} INFO - [2024-02-07T08:46:46.002+0000] {dag.py:3820} INFO - Setting next_dagrun for example_kubernetes_executor to None, run_after=None
[2024-02-07T08:46:46.035+0000] {processor.py:183} INFO - Processing /home/airflow/.local/lib/python3.8/site-packages/airflow/example_dags/example_kubernetes_executor.py took 0.124 seconds
[2024-02-07T08:47:16.385+0000] {processor.py:161} INFO - Started process (PID=837) to work on /home/airflow/.local/lib/python3.8/site-packages/airflow/example_dags/example_kubernetes_executor.py
[2024-02-07T08:47:16.387+0000] {processor.py:830} INFO - Processing file /home/airflow/.local/lib/python3.8/site-packages/airflow/example_dags/example_kubernetes_executor.py for tasks to queue
[2024-02-07T08:47:16.389+0000] {logging_mixin.py:188} INFO - [2024-02-07T08:47:16.389+0000] {dagbag.py:538} INFO - Filling up the DagBag from /home/airflow/.local/lib/python3.8/site-packages/airflow/example_dags/example_kubernetes_executor.py
[2024-02-07T08:47:16.401+0000] {processor.py:840} INFO - DAG(s) 'example_kubernetes_executor' retrieved from /home/airflow/.local/lib/python3.8/site-packages/airflow/example_dags/example_kubernetes_executor.py
[2024-02-07T08:47:16.448+0000] {logging_mixin.py:188} INFO - [2024-02-07T08:47:16.448+0000] {dag.py:3033} INFO - Sync 1 DAGs
[2024-02-07T08:47:16.463+0000] {logging_mixin.py:188} INFO - [2024-02-07T08:47:16.463+0000] {dag.py:3820} INFO - Setting next_dagrun for example_kubernetes_executor to None, run_after=None
[2024-02-07T08:47:16.487+0000] {processor.py:183} INFO - Processing /home/airflow/.local/lib/python3.8/site-packages/airflow/example_dags/example_kubernetes_executor.py took 0.105 seconds
[2024-02-07T08:47:46.942+0000] {processor.py:161} INFO - Started process (PID=894) to work on /home/airflow/.local/lib/python3.8/site-packages/airflow/example_dags/example_kubernetes_executor.py
[2024-02-07T08:47:46.943+0000] {processor.py:830} INFO - Processing file /home/airflow/.local/lib/python3.8/site-packages/airflow/example_dags/example_kubernetes_executor.py for tasks to queue
[2024-02-07T08:47:46.945+0000] {logging_mixin.py:188} INFO - [2024-02-07T08:47:46.945+0000] {dagbag.py:538} INFO - Filling up the DagBag from /home/airflow/.local/lib/python3.8/site-packages/airflow/example_dags/example_kubernetes_executor.py
[2024-02-07T08:47:46.958+0000] {processor.py:840} INFO - DAG(s) 'example_kubernetes_executor' retrieved from /home/airflow/.local/lib/python3.8/site-packages/airflow/example_dags/example_kubernetes_executor.py
[2024-02-07T08:47:46.991+0000] {logging_mixin.py:188} INFO - [2024-02-07T08:47:46.991+0000] {dag.py:3033} INFO - Sync 1 DAGs
[2024-02-07T08:47:47.003+0000] {logging_mixin.py:188} INFO - [2024-02-07T08:47:47.003+0000] {dag.py:3820} INFO - Setting next_dagrun for example_kubernetes_executor to None, run_after=None
[2024-02-07T08:47:47.022+0000] {processor.py:183} INFO - Processing /home/airflow/.local/lib/python3.8/site-packages/airflow/example_dags/example_kubernetes_executor.py took 0.084 seconds
[2024-02-07T08:48:17.117+0000] {processor.py:161} INFO - Started process (PID=951) to work on /home/airflow/.local/lib/python3.8/site-packages/airflow/example_dags/example_kubernetes_executor.py
[2024-02-07T08:48:17.119+0000] {processor.py:830} INFO - Processing file /home/airflow/.local/lib/python3.8/site-packages/airflow/example_dags/example_kubernetes_executor.py for tasks to queue
[2024-02-07T08:48:17.122+0000] {logging_mixin.py:188} INFO - [2024-02-07T08:48:17.122+0000] {dagbag.py:538} INFO - Filling up the DagBag from /home/airflow/.local/lib/python3.8/site-packages/airflow/example_dags/example_kubernetes_executor.py
[2024-02-07T08:48:17.138+0000] {processor.py:840} INFO - DAG(s) 'example_kubernetes_executor' retrieved from /home/airflow/.local/lib/python3.8/site-packages/airflow/example_dags/example_kubernetes_executor.py
[2024-02-07T08:48:17.176+0000] {logging_mixin.py:188} INFO - [2024-02-07T08:48:17.176+0000] {dag.py:3033} INFO - Sync 1 DAGs
[2024-02-07T08:48:17.190+0000] {logging_mixin.py:188} INFO - [2024-02-07T08:48:17.190+0000] {dag.py:3820} INFO - Setting next_dagrun for example_kubernetes_executor to None, run_after=None
[2024-02-07T08:48:17.215+0000] {processor.py:183} INFO - Processing /home/airflow/.local/lib/python3.8/site-packages/airflow/example_dags/example_kubernetes_executor.py took 0.103 seconds
[2024-02-07T08:48:47.676+0000] {processor.py:161} INFO - Started process (PID=1009) to work on /home/airflow/.local/lib/python3.8/site-packages/airflow/example_dags/example_kubernetes_executor.py
[2024-02-07T08:48:47.677+0000] {processor.py:830} INFO - Processing file /home/airflow/.local/lib/python3.8/site-packages/airflow/example_dags/example_kubernetes_executor.py for tasks to queue
[2024-02-07T08:48:47.680+0000] {logging_mixin.py:188} INFO - [2024-02-07T08:48:47.679+0000] {dagbag.py:538} INFO - Filling up the DagBag from /home/airflow/.local/lib/python3.8/site-packages/airflow/example_dags/example_kubernetes_executor.py
[2024-02-07T08:48:47.695+0000] {processor.py:840} INFO - DAG(s) 'example_kubernetes_executor' retrieved from /home/airflow/.local/lib/python3.8/site-packages/airflow/example_dags/example_kubernetes_executor.py
[2024-02-07T08:48:47.732+0000] {logging_mixin.py:188} INFO - [2024-02-07T08:48:47.732+0000] {dag.py:3033} INFO - Sync 1 DAGs
[2024-02-07T08:48:47.743+0000] {logging_mixin.py:188} INFO - [2024-02-07T08:48:47.743+0000] {dag.py:3820} INFO - Setting next_dagrun for example_kubernetes_executor to None, run_after=None
[2024-02-07T08:48:47.768+0000] {processor.py:183} INFO - Processing /home/airflow/.local/lib/python3.8/site-packages/airflow/example_dags/example_kubernetes_executor.py took 0.095 seconds
[2024-02-07T08:49:18.106+0000] {processor.py:161} INFO - Started process (PID=1066) to work on /home/airflow/.local/lib/python3.8/site-packages/airflow/example_dags/example_kubernetes_executor.py
[2024-02-07T08:49:18.108+0000] {processor.py:830} INFO - Processing file /home/airflow/.local/lib/python3.8/site-packages/airflow/example_dags/example_kubernetes_executor.py for tasks to queue
[2024-02-07T08:49:18.112+0000] {logging_mixin.py:188} INFO - [2024-02-07T08:49:18.112+0000] {dagbag.py:538} INFO - Filling up the DagBag from /home/airflow/.local/lib/python3.8/site-packages/airflow/example_dags/example_kubernetes_executor.py
[2024-02-07T08:49:18.139+0000] {processor.py:840} INFO - DAG(s) 'example_kubernetes_executor' retrieved from /home/airflow/.local/lib/python3.8/site-packages/airflow/example_dags/example_kubernetes_executor.py
[2024-02-07T08:49:18.215+0000] {logging_mixin.py:188} INFO - [2024-02-07T08:49:18.215+0000] {dag.py:3033} INFO - Sync 1 DAGs
[2024-02-07T08:49:18.235+0000] {logging_mixin.py:188} INFO - [2024-02-07T08:49:18.234+0000] {dag.py:3820} INFO - Setting next_dagrun for example_kubernetes_executor to None, run_after=None
[2024-02-07T08:49:18.270+0000] {processor.py:183} INFO - Processing /home/airflow/.local/lib/python3.8/site-packages/airflow/example_dags/example_kubernetes_executor.py took 0.171 seconds
[2024-02-07T08:49:48.628+0000] {processor.py:161} INFO - Started process (PID=1123) to work on /home/airflow/.local/lib/python3.8/site-packages/airflow/example_dags/example_kubernetes_executor.py
[2024-02-07T08:49:48.629+0000] {processor.py:830} INFO - Processing file /home/airflow/.local/lib/python3.8/site-packages/airflow/example_dags/example_kubernetes_executor.py for tasks to queue
[2024-02-07T08:49:48.632+0000] {logging_mixin.py:188} INFO - [2024-02-07T08:49:48.632+0000] {dagbag.py:538} INFO - Filling up the DagBag from /home/airflow/.local/lib/python3.8/site-packages/airflow/example_dags/example_kubernetes_executor.py
[2024-02-07T08:49:48.654+0000] {processor.py:840} INFO - DAG(s) 'example_kubernetes_executor' retrieved from /home/airflow/.local/lib/python3.8/site-packages/airflow/example_dags/example_kubernetes_executor.py
[2024-02-07T08:49:48.695+0000] {logging_mixin.py:188} INFO - [2024-02-07T08:49:48.695+0000] {dag.py:3033} INFO - Sync 1 DAGs
[2024-02-07T08:49:48.708+0000] {logging_mixin.py:188} INFO - [2024-02-07T08:49:48.708+0000] {dag.py:3820} INFO - Setting next_dagrun for example_kubernetes_executor to None, run_after=None
[2024-02-07T08:49:48.736+0000] {processor.py:183} INFO - Processing /home/airflow/.local/lib/python3.8/site-packages/airflow/example_dags/example_kubernetes_executor.py took 0.113 seconds
[2024-02-07T08:50:19.145+0000] {processor.py:161} INFO - Started process (PID=1180) to work on /home/airflow/.local/lib/python3.8/site-packages/airflow/example_dags/example_kubernetes_executor.py
[2024-02-07T08:50:19.146+0000] {processor.py:830} INFO - Processing file /home/airflow/.local/lib/python3.8/site-packages/airflow/example_dags/example_kubernetes_executor.py for tasks to queue
[2024-02-07T08:50:19.149+0000] {logging_mixin.py:188} INFO - [2024-02-07T08:50:19.149+0000] {dagbag.py:538} INFO - Filling up the DagBag from /home/airflow/.local/lib/python3.8/site-packages/airflow/example_dags/example_kubernetes_executor.py
[2024-02-07T08:50:19.171+0000] {processor.py:840} INFO - DAG(s) 'example_kubernetes_executor' retrieved from /home/airflow/.local/lib/python3.8/site-packages/airflow/example_dags/example_kubernetes_executor.py
[2024-02-07T08:50:19.245+0000] {logging_mixin.py:188} INFO - [2024-02-07T08:50:19.245+0000] {dag.py:3033} INFO - Sync 1 DAGs
[2024-02-07T08:50:19.263+0000] {logging_mixin.py:188} INFO - [2024-02-07T08:50:19.263+0000] {dag.py:3820} INFO - Setting next_dagrun for example_kubernetes_executor to None, run_after=None
[2024-02-07T08:50:19.291+0000] {processor.py:183} INFO - Processing /home/airflow/.local/lib/python3.8/site-packages/airflow/example_dags/example_kubernetes_executor.py took 0.150 seconds
[2024-02-07T08:50:49.749+0000] {processor.py:161} INFO - Started process (PID=1237) to work on /home/airflow/.local/lib/python3.8/site-packages/airflow/example_dags/example_kubernetes_executor.py
[2024-02-07T08:50:49.750+0000] {processor.py:830} INFO - Processing file /home/airflow/.local/lib/python3.8/site-packages/airflow/example_dags/example_kubernetes_executor.py for tasks to queue
[2024-02-07T08:50:49.752+0000] {logging_mixin.py:188} INFO - [2024-02-07T08:50:49.752+0000] {dagbag.py:538} INFO - Filling up the DagBag from /home/airflow/.local/lib/python3.8/site-packages/airflow/example_dags/example_kubernetes_executor.py
[2024-02-07T08:50:49.769+0000] {processor.py:840} INFO - DAG(s) 'example_kubernetes_executor' retrieved from /home/airflow/.local/lib/python3.8/site-packages/airflow/example_dags/example_kubernetes_executor.py
[2024-02-07T08:50:49.817+0000] {logging_mixin.py:188} INFO - [2024-02-07T08:50:49.817+0000] {dag.py:3033} INFO - Sync 1 DAGs
[2024-02-07T08:50:49.834+0000] {logging_mixin.py:188} INFO - [2024-02-07T08:50:49.833+0000] {dag.py:3820} INFO - Setting next_dagrun for example_kubernetes_executor to None, run_after=None
[2024-02-07T08:50:49.858+0000] {processor.py:183} INFO - Processing /home/airflow/.local/lib/python3.8/site-packages/airflow/example_dags/example_kubernetes_executor.py took 0.112 seconds
[2024-02-07T08:51:20.195+0000] {processor.py:161} INFO - Started process (PID=1295) to work on /home/airflow/.local/lib/python3.8/site-packages/airflow/example_dags/example_kubernetes_executor.py
[2024-02-07T08:51:20.197+0000] {processor.py:830} INFO - Processing file /home/airflow/.local/lib/python3.8/site-packages/airflow/example_dags/example_kubernetes_executor.py for tasks to queue
[2024-02-07T08:51:20.201+0000] {logging_mixin.py:188} INFO - [2024-02-07T08:51:20.200+0000] {dagbag.py:538} INFO - Filling up the DagBag from /home/airflow/.local/lib/python3.8/site-packages/airflow/example_dags/example_kubernetes_executor.py
[2024-02-07T08:51:20.227+0000] {processor.py:840} INFO - DAG(s) 'example_kubernetes_executor' retrieved from /home/airflow/.local/lib/python3.8/site-packages/airflow/example_dags/example_kubernetes_executor.py
[2024-02-07T08:51:20.278+0000] {logging_mixin.py:188} INFO - [2024-02-07T08:51:20.278+0000] {dag.py:3033} INFO - Sync 1 DAGs
[2024-02-07T08:51:20.294+0000] {logging_mixin.py:188} INFO - [2024-02-07T08:51:20.294+0000] {dag.py:3820} INFO - Setting next_dagrun for example_kubernetes_executor to None, run_after=None
[2024-02-07T08:51:20.319+0000] {processor.py:183} INFO - Processing /home/airflow/.local/lib/python3.8/site-packages/airflow/example_dags/example_kubernetes_executor.py took 0.131 seconds
[2024-02-07T08:51:50.787+0000] {processor.py:161} INFO - Started process (PID=1352) to work on /home/airflow/.local/lib/python3.8/site-packages/airflow/example_dags/example_kubernetes_executor.py
[2024-02-07T08:51:50.788+0000] {processor.py:830} INFO - Processing file /home/airflow/.local/lib/python3.8/site-packages/airflow/example_dags/example_kubernetes_executor.py for tasks to queue
[2024-02-07T08:51:50.790+0000] {logging_mixin.py:188} INFO - [2024-02-07T08:51:50.790+0000] {dagbag.py:538} INFO - Filling up the DagBag from /home/airflow/.local/lib/python3.8/site-packages/airflow/example_dags/example_kubernetes_executor.py
[2024-02-07T08:51:50.808+0000] {processor.py:840} INFO - DAG(s) 'example_kubernetes_executor' retrieved from /home/airflow/.local/lib/python3.8/site-packages/airflow/example_dags/example_kubernetes_executor.py
[2024-02-07T08:51:50.867+0000] {logging_mixin.py:188} INFO - [2024-02-07T08:51:50.867+0000] {dag.py:3033} INFO - Sync 1 DAGs
[2024-02-07T08:51:50.885+0000] {logging_mixin.py:188} INFO - [2024-02-07T08:51:50.885+0000] {dag.py:3820} INFO - Setting next_dagrun for example_kubernetes_executor to None, run_after=None
[2024-02-07T08:51:50.919+0000] {processor.py:183} INFO - Processing /home/airflow/.local/lib/python3.8/site-packages/airflow/example_dags/example_kubernetes_executor.py took 0.135 seconds
[2024-02-07T08:52:21.025+0000] {processor.py:161} INFO - Started process (PID=1409) to work on /home/airflow/.local/lib/python3.8/site-packages/airflow/example_dags/example_kubernetes_executor.py
[2024-02-07T08:52:21.026+0000] {processor.py:830} INFO - Processing file /home/airflow/.local/lib/python3.8/site-packages/airflow/example_dags/example_kubernetes_executor.py for tasks to queue
[2024-02-07T08:52:21.029+0000] {logging_mixin.py:188} INFO - [2024-02-07T08:52:21.029+0000] {dagbag.py:538} INFO - Filling up the DagBag from /home/airflow/.local/lib/python3.8/site-packages/airflow/example_dags/example_kubernetes_executor.py
[2024-02-07T08:52:21.045+0000] {processor.py:840} INFO - DAG(s) 'example_kubernetes_executor' retrieved from /home/airflow/.local/lib/python3.8/site-packages/airflow/example_dags/example_kubernetes_executor.py
[2024-02-07T08:52:21.095+0000] {logging_mixin.py:188} INFO - [2024-02-07T08:52:21.095+0000] {dag.py:3033} INFO - Sync 1 DAGs
[2024-02-07T08:52:21.108+0000] {logging_mixin.py:188} INFO - [2024-02-07T08:52:21.108+0000] {dag.py:3820} INFO - Setting next_dagrun for example_kubernetes_executor to None, run_after=None
[2024-02-07T08:52:21.166+0000] {processor.py:183} INFO - Processing /home/airflow/.local/lib/python3.8/site-packages/airflow/example_dags/example_kubernetes_executor.py took 0.145 seconds
[2024-02-07T08:52:51.483+0000] {processor.py:161} INFO - Started process (PID=1466) to work on /home/airflow/.local/lib/python3.8/site-packages/airflow/example_dags/example_kubernetes_executor.py
[2024-02-07T08:52:51.484+0000] {processor.py:830} INFO - Processing file /home/airflow/.local/lib/python3.8/site-packages/airflow/example_dags/example_kubernetes_executor.py for tasks to queue
[2024-02-07T08:52:51.487+0000] {logging_mixin.py:188} INFO - [2024-02-07T08:52:51.486+0000] {dagbag.py:538} INFO - Filling up the DagBag from /home/airflow/.local/lib/python3.8/site-packages/airflow/example_dags/example_kubernetes_executor.py
[2024-02-07T08:52:51.502+0000] {processor.py:840} INFO - DAG(s) 'example_kubernetes_executor' retrieved from /home/airflow/.local/lib/python3.8/site-packages/airflow/example_dags/example_kubernetes_executor.py
[2024-02-07T08:52:51.544+0000] {logging_mixin.py:188} INFO - [2024-02-07T08:52:51.543+0000] {dag.py:3033} INFO - Sync 1 DAGs
[2024-02-07T08:52:51.557+0000] {logging_mixin.py:188} INFO - [2024-02-07T08:52:51.557+0000] {dag.py:3820} INFO - Setting next_dagrun for example_kubernetes_executor to None, run_after=None
[2024-02-07T08:52:51.580+0000] {processor.py:183} INFO - Processing /home/airflow/.local/lib/python3.8/site-packages/airflow/example_dags/example_kubernetes_executor.py took 0.101 seconds
[2024-02-07T08:53:21.748+0000] {processor.py:161} INFO - Started process (PID=1523) to work on /home/airflow/.local/lib/python3.8/site-packages/airflow/example_dags/example_kubernetes_executor.py
[2024-02-07T08:53:21.750+0000] {processor.py:830} INFO - Processing file /home/airflow/.local/lib/python3.8/site-packages/airflow/example_dags/example_kubernetes_executor.py for tasks to queue
[2024-02-07T08:53:21.754+0000] {logging_mixin.py:188} INFO - [2024-02-07T08:53:21.753+0000] {dagbag.py:538} INFO - Filling up the DagBag from /home/airflow/.local/lib/python3.8/site-packages/airflow/example_dags/example_kubernetes_executor.py
[2024-02-07T08:53:21.770+0000] {processor.py:840} INFO - DAG(s) 'example_kubernetes_executor' retrieved from /home/airflow/.local/lib/python3.8/site-packages/airflow/example_dags/example_kubernetes_executor.py
[2024-02-07T08:53:21.809+0000] {logging_mixin.py:188} INFO - [2024-02-07T08:53:21.809+0000] {dag.py:3033} INFO - Sync 1 DAGs
[2024-02-07T08:53:21.823+0000] {logging_mixin.py:188} INFO - [2024-02-07T08:53:21.823+0000] {dag.py:3820} INFO - Setting next_dagrun for example_kubernetes_executor to None, run_after=None
[2024-02-07T08:53:21.846+0000] {processor.py:183} INFO - Processing /home/airflow/.local/lib/python3.8/site-packages/airflow/example_dags/example_kubernetes_executor.py took 0.102 seconds
[2024-02-07T08:53:52.074+0000] {processor.py:161} INFO - Started process (PID=1580) to work on /home/airflow/.local/lib/python3.8/site-packages/airflow/example_dags/example_kubernetes_executor.py
[2024-02-07T08:53:52.075+0000] {processor.py:830} INFO - Processing file /home/airflow/.local/lib/python3.8/site-packages/airflow/example_dags/example_kubernetes_executor.py for tasks to queue
[2024-02-07T08:53:52.078+0000] {logging_mixin.py:188} INFO - [2024-02-07T08:53:52.078+0000] {dagbag.py:538} INFO - Filling up the DagBag from /home/airflow/.local/lib/python3.8/site-packages/airflow/example_dags/example_kubernetes_executor.py
[2024-02-07T08:53:52.093+0000] {processor.py:840} INFO - DAG(s) 'example_kubernetes_executor' retrieved from /home/airflow/.local/lib/python3.8/site-packages/airflow/example_dags/example_kubernetes_executor.py
[2024-02-07T08:53:52.137+0000] {logging_mixin.py:188} INFO - [2024-02-07T08:53:52.137+0000] {dag.py:3033} INFO - Sync 1 DAGs
[2024-02-07T08:53:52.151+0000] {logging_mixin.py:188} INFO - [2024-02-07T08:53:52.151+0000] {dag.py:3820} INFO - Setting next_dagrun for example_kubernetes_executor to None, run_after=None
[2024-02-07T08:53:52.176+0000] {processor.py:183} INFO - Processing /home/airflow/.local/lib/python3.8/site-packages/airflow/example_dags/example_kubernetes_executor.py took 0.107 seconds
[2024-02-07T08:54:22.468+0000] {processor.py:161} INFO - Started process (PID=1637) to work on /home/airflow/.local/lib/python3.8/site-packages/airflow/example_dags/example_kubernetes_executor.py
[2024-02-07T08:54:22.469+0000] {processor.py:830} INFO - Processing file /home/airflow/.local/lib/python3.8/site-packages/airflow/example_dags/example_kubernetes_executor.py for tasks to queue
[2024-02-07T08:54:22.473+0000] {logging_mixin.py:188} INFO - [2024-02-07T08:54:22.473+0000] {dagbag.py:538} INFO - Filling up the DagBag from /home/airflow/.local/lib/python3.8/site-packages/airflow/example_dags/example_kubernetes_executor.py
[2024-02-07T08:54:22.496+0000] {processor.py:840} INFO - DAG(s) 'example_kubernetes_executor' retrieved from /home/airflow/.local/lib/python3.8/site-packages/airflow/example_dags/example_kubernetes_executor.py
[2024-02-07T08:54:22.543+0000] {logging_mixin.py:188} INFO - [2024-02-07T08:54:22.542+0000] {dag.py:3033} INFO - Sync 1 DAGs
[2024-02-07T08:54:22.559+0000] {logging_mixin.py:188} INFO - [2024-02-07T08:54:22.559+0000] {dag.py:3820} INFO - Setting next_dagrun for example_kubernetes_executor to None, run_after=None
[2024-02-07T08:54:22.591+0000] {processor.py:183} INFO - Processing /home/airflow/.local/lib/python3.8/site-packages/airflow/example_dags/example_kubernetes_executor.py took 0.127 seconds
[2024-02-07T08:54:53.172+0000] {processor.py:161} INFO - Started process (PID=1694) to work on /home/airflow/.local/lib/python3.8/site-packages/airflow/example_dags/example_kubernetes_executor.py
[2024-02-07T08:54:53.174+0000] {processor.py:830} INFO - Processing file /home/airflow/.local/lib/python3.8/site-packages/airflow/example_dags/example_kubernetes_executor.py for tasks to queue
[2024-02-07T08:54:53.179+0000] {logging_mixin.py:188} INFO - [2024-02-07T08:54:53.178+0000] {dagbag.py:538} INFO - Filling up the DagBag from /home/airflow/.local/lib/python3.8/site-packages/airflow/example_dags/example_kubernetes_executor.py
[2024-02-07T08:54:53.208+0000] {processor.py:840} INFO - DAG(s) 'example_kubernetes_executor' retrieved from /home/airflow/.local/lib/python3.8/site-packages/airflow/example_dags/example_kubernetes_executor.py
[2024-02-07T08:54:53.286+0000] {logging_mixin.py:188} INFO - [2024-02-07T08:54:53.285+0000] {dag.py:3033} INFO - Sync 1 DAGs
[2024-02-07T08:54:53.315+0000] {logging_mixin.py:188} INFO - [2024-02-07T08:54:53.314+0000] {dag.py:3820} INFO - Setting next_dagrun for example_kubernetes_executor to None, run_after=None
[2024-02-07T08:54:53.357+0000] {processor.py:183} INFO - Processing /home/airflow/.local/lib/python3.8/site-packages/airflow/example_dags/example_kubernetes_executor.py took 0.195 seconds
[2024-02-07T08:55:24.025+0000] {processor.py:161} INFO - Started process (PID=1751) to work on /home/airflow/.local/lib/python3.8/site-packages/airflow/example_dags/example_kubernetes_executor.py
[2024-02-07T08:55:24.028+0000] {processor.py:830} INFO - Processing file /home/airflow/.local/lib/python3.8/site-packages/airflow/example_dags/example_kubernetes_executor.py for tasks to queue
[2024-02-07T08:55:24.035+0000] {logging_mixin.py:188} INFO - [2024-02-07T08:55:24.034+0000] {dagbag.py:538} INFO - Filling up the DagBag from /home/airflow/.local/lib/python3.8/site-packages/airflow/example_dags/example_kubernetes_executor.py
[2024-02-07T08:55:24.071+0000] {processor.py:840} INFO - DAG(s) 'example_kubernetes_executor' retrieved from /home/airflow/.local/lib/python3.8/site-packages/airflow/example_dags/example_kubernetes_executor.py
[2024-02-07T08:55:24.158+0000] {logging_mixin.py:188} INFO - [2024-02-07T08:55:24.157+0000] {dag.py:3033} INFO - Sync 1 DAGs
[2024-02-07T08:55:24.189+0000] {logging_mixin.py:188} INFO - [2024-02-07T08:55:24.188+0000] {dag.py:3820} INFO - Setting next_dagrun for example_kubernetes_executor to None, run_after=None
[2024-02-07T08:55:24.513+0000] {processor.py:183} INFO - Processing /home/airflow/.local/lib/python3.8/site-packages/airflow/example_dags/example_kubernetes_executor.py took 0.497 seconds
[2024-02-07T08:55:54.658+0000] {processor.py:161} INFO - Started process (PID=1809) to work on /home/airflow/.local/lib/python3.8/site-packages/airflow/example_dags/example_kubernetes_executor.py
[2024-02-07T08:55:54.661+0000] {processor.py:830} INFO - Processing file /home/airflow/.local/lib/python3.8/site-packages/airflow/example_dags/example_kubernetes_executor.py for tasks to queue
[2024-02-07T08:55:54.667+0000] {logging_mixin.py:188} INFO - [2024-02-07T08:55:54.667+0000] {dagbag.py:538} INFO - Filling up the DagBag from /home/airflow/.local/lib/python3.8/site-packages/airflow/example_dags/example_kubernetes_executor.py
[2024-02-07T08:55:54.720+0000] {processor.py:840} INFO - DAG(s) 'example_kubernetes_executor' retrieved from /home/airflow/.local/lib/python3.8/site-packages/airflow/example_dags/example_kubernetes_executor.py
[2024-02-07T08:55:54.805+0000] {logging_mixin.py:188} INFO - [2024-02-07T08:55:54.805+0000] {dag.py:3033} INFO - Sync 1 DAGs
[2024-02-07T08:55:54.837+0000] {logging_mixin.py:188} INFO - [2024-02-07T08:55:54.836+0000] {dag.py:3820} INFO - Setting next_dagrun for example_kubernetes_executor to None, run_after=None
[2024-02-07T08:55:55.076+0000] {processor.py:183} INFO - Processing /home/airflow/.local/lib/python3.8/site-packages/airflow/example_dags/example_kubernetes_executor.py took 0.427 seconds
[2024-02-07T08:56:25.231+0000] {processor.py:161} INFO - Started process (PID=1867) to work on /home/airflow/.local/lib/python3.8/site-packages/airflow/example_dags/example_kubernetes_executor.py
[2024-02-07T08:56:25.236+0000] {processor.py:830} INFO - Processing file /home/airflow/.local/lib/python3.8/site-packages/airflow/example_dags/example_kubernetes_executor.py for tasks to queue
[2024-02-07T08:56:25.249+0000] {logging_mixin.py:188} INFO - [2024-02-07T08:56:25.248+0000] {dagbag.py:538} INFO - Filling up the DagBag from /home/airflow/.local/lib/python3.8/site-packages/airflow/example_dags/example_kubernetes_executor.py
[2024-02-07T08:56:25.338+0000] {processor.py:840} INFO - DAG(s) 'example_kubernetes_executor' retrieved from /home/airflow/.local/lib/python3.8/site-packages/airflow/example_dags/example_kubernetes_executor.py
[2024-02-07T08:56:25.549+0000] {logging_mixin.py:188} INFO - [2024-02-07T08:56:25.548+0000] {dag.py:3033} INFO - Sync 1 DAGs
[2024-02-07T08:56:25.634+0000] {logging_mixin.py:188} INFO - [2024-02-07T08:56:25.633+0000] {dag.py:3820} INFO - Setting next_dagrun for example_kubernetes_executor to None, run_after=None
[2024-02-07T08:56:25.698+0000] {processor.py:183} INFO - Processing /home/airflow/.local/lib/python3.8/site-packages/airflow/example_dags/example_kubernetes_executor.py took 0.487 seconds
[2024-02-07T08:56:55.794+0000] {processor.py:161} INFO - Started process (PID=1924) to work on /home/airflow/.local/lib/python3.8/site-packages/airflow/example_dags/example_kubernetes_executor.py
[2024-02-07T08:56:55.796+0000] {processor.py:830} INFO - Processing file /home/airflow/.local/lib/python3.8/site-packages/airflow/example_dags/example_kubernetes_executor.py for tasks to queue
[2024-02-07T08:56:55.804+0000] {logging_mixin.py:188} INFO - [2024-02-07T08:56:55.802+0000] {dagbag.py:538} INFO - Filling up the DagBag from /home/airflow/.local/lib/python3.8/site-packages/airflow/example_dags/example_kubernetes_executor.py
[2024-02-07T08:56:55.850+0000] {processor.py:840} INFO - DAG(s) 'example_kubernetes_executor' retrieved from /home/airflow/.local/lib/python3.8/site-packages/airflow/example_dags/example_kubernetes_executor.py
[2024-02-07T08:56:55.955+0000] {logging_mixin.py:188} INFO - [2024-02-07T08:56:55.954+0000] {dag.py:3033} INFO - Sync 1 DAGs
[2024-02-07T08:56:55.980+0000] {logging_mixin.py:188} INFO - [2024-02-07T08:56:55.980+0000] {dag.py:3820} INFO - Setting next_dagrun for example_kubernetes_executor to None, run_after=None
[2024-02-07T08:56:56.029+0000] {processor.py:183} INFO - Processing /home/airflow/.local/lib/python3.8/site-packages/airflow/example_dags/example_kubernetes_executor.py took 0.245 seconds
[2024-02-07T08:57:26.330+0000] {processor.py:161} INFO - Started process (PID=1980) to work on /home/airflow/.local/lib/python3.8/site-packages/airflow/example_dags/example_kubernetes_executor.py
[2024-02-07T08:57:26.332+0000] {processor.py:830} INFO - Processing file /home/airflow/.local/lib/python3.8/site-packages/airflow/example_dags/example_kubernetes_executor.py for tasks to queue
[2024-02-07T08:57:26.338+0000] {logging_mixin.py:188} INFO - [2024-02-07T08:57:26.338+0000] {dagbag.py:538} INFO - Filling up the DagBag from /home/airflow/.local/lib/python3.8/site-packages/airflow/example_dags/example_kubernetes_executor.py
[2024-02-07T08:57:26.381+0000] {processor.py:840} INFO - DAG(s) 'example_kubernetes_executor' retrieved from /home/airflow/.local/lib/python3.8/site-packages/airflow/example_dags/example_kubernetes_executor.py
[2024-02-07T08:57:26.476+0000] {logging_mixin.py:188} INFO - [2024-02-07T08:57:26.476+0000] {dag.py:3033} INFO - Sync 1 DAGs
[2024-02-07T08:57:26.506+0000] {logging_mixin.py:188} INFO - [2024-02-07T08:57:26.505+0000] {dag.py:3820} INFO - Setting next_dagrun for example_kubernetes_executor to None, run_after=None
[2024-02-07T08:57:26.727+0000] {processor.py:183} INFO - Processing /home/airflow/.local/lib/python3.8/site-packages/airflow/example_dags/example_kubernetes_executor.py took 0.404 seconds
[2024-02-07T08:57:56.887+0000] {processor.py:161} INFO - Started process (PID=2038) to work on /home/airflow/.local/lib/python3.8/site-packages/airflow/example_dags/example_kubernetes_executor.py
[2024-02-07T08:57:56.889+0000] {processor.py:830} INFO - Processing file /home/airflow/.local/lib/python3.8/site-packages/airflow/example_dags/example_kubernetes_executor.py for tasks to queue
[2024-02-07T08:57:56.895+0000] {logging_mixin.py:188} INFO - [2024-02-07T08:57:56.894+0000] {dagbag.py:538} INFO - Filling up the DagBag from /home/airflow/.local/lib/python3.8/site-packages/airflow/example_dags/example_kubernetes_executor.py
[2024-02-07T08:57:56.924+0000] {processor.py:840} INFO - DAG(s) 'example_kubernetes_executor' retrieved from /home/airflow/.local/lib/python3.8/site-packages/airflow/example_dags/example_kubernetes_executor.py
[2024-02-07T08:57:57.015+0000] {logging_mixin.py:188} INFO - [2024-02-07T08:57:57.015+0000] {dag.py:3033} INFO - Sync 1 DAGs
[2024-02-07T08:57:57.047+0000] {logging_mixin.py:188} INFO - [2024-02-07T08:57:57.047+0000] {dag.py:3820} INFO - Setting next_dagrun for example_kubernetes_executor to None, run_after=None
[2024-02-07T08:57:57.304+0000] {processor.py:183} INFO - Processing /home/airflow/.local/lib/python3.8/site-packages/airflow/example_dags/example_kubernetes_executor.py took 0.425 seconds
[2024-02-07T08:58:27.881+0000] {processor.py:161} INFO - Started process (PID=2096) to work on /home/airflow/.local/lib/python3.8/site-packages/airflow/example_dags/example_kubernetes_executor.py
[2024-02-07T08:58:27.884+0000] {processor.py:830} INFO - Processing file /home/airflow/.local/lib/python3.8/site-packages/airflow/example_dags/example_kubernetes_executor.py for tasks to queue
[2024-02-07T08:58:27.892+0000] {logging_mixin.py:188} INFO - [2024-02-07T08:58:27.891+0000] {dagbag.py:538} INFO - Filling up the DagBag from /home/airflow/.local/lib/python3.8/site-packages/airflow/example_dags/example_kubernetes_executor.py
[2024-02-07T08:58:27.940+0000] {processor.py:840} INFO - DAG(s) 'example_kubernetes_executor' retrieved from /home/airflow/.local/lib/python3.8/site-packages/airflow/example_dags/example_kubernetes_executor.py
[2024-02-07T08:58:28.039+0000] {logging_mixin.py:188} INFO - [2024-02-07T08:58:28.038+0000] {dag.py:3033} INFO - Sync 1 DAGs
[2024-02-07T08:58:28.076+0000] {logging_mixin.py:188} INFO - [2024-02-07T08:58:28.076+0000] {dag.py:3820} INFO - Setting next_dagrun for example_kubernetes_executor to None, run_after=None
[2024-02-07T08:58:28.356+0000] {processor.py:183} INFO - Processing /home/airflow/.local/lib/python3.8/site-packages/airflow/example_dags/example_kubernetes_executor.py took 0.485 seconds
[2024-02-07T08:58:58.446+0000] {processor.py:161} INFO - Started process (PID=2154) to work on /home/airflow/.local/lib/python3.8/site-packages/airflow/example_dags/example_kubernetes_executor.py
[2024-02-07T08:58:58.449+0000] {processor.py:830} INFO - Processing file /home/airflow/.local/lib/python3.8/site-packages/airflow/example_dags/example_kubernetes_executor.py for tasks to queue
[2024-02-07T08:58:58.457+0000] {logging_mixin.py:188} INFO - [2024-02-07T08:58:58.456+0000] {dagbag.py:538} INFO - Filling up the DagBag from /home/airflow/.local/lib/python3.8/site-packages/airflow/example_dags/example_kubernetes_executor.py
[2024-02-07T08:58:58.489+0000] {processor.py:840} INFO - DAG(s) 'example_kubernetes_executor' retrieved from /home/airflow/.local/lib/python3.8/site-packages/airflow/example_dags/example_kubernetes_executor.py
[2024-02-07T08:58:58.580+0000] {logging_mixin.py:188} INFO - [2024-02-07T08:58:58.580+0000] {dag.py:3033} INFO - Sync 1 DAGs
[2024-02-07T08:58:58.613+0000] {logging_mixin.py:188} INFO - [2024-02-07T08:58:58.612+0000] {dag.py:3820} INFO - Setting next_dagrun for example_kubernetes_executor to None, run_after=None
[2024-02-07T08:58:58.664+0000] {processor.py:183} INFO - Processing /home/airflow/.local/lib/python3.8/site-packages/airflow/example_dags/example_kubernetes_executor.py took 0.230 seconds
[2024-02-07T08:59:28.716+0000] {processor.py:161} INFO - Started process (PID=2211) to work on /home/airflow/.local/lib/python3.8/site-packages/airflow/example_dags/example_kubernetes_executor.py
[2024-02-07T08:59:28.717+0000] {processor.py:830} INFO - Processing file /home/airflow/.local/lib/python3.8/site-packages/airflow/example_dags/example_kubernetes_executor.py for tasks to queue
[2024-02-07T08:59:28.720+0000] {logging_mixin.py:188} INFO - [2024-02-07T08:59:28.720+0000] {dagbag.py:538} INFO - Filling up the DagBag from /home/airflow/.local/lib/python3.8/site-packages/airflow/example_dags/example_kubernetes_executor.py
[2024-02-07T08:59:28.735+0000] {processor.py:840} INFO - DAG(s) 'example_kubernetes_executor' retrieved from /home/airflow/.local/lib/python3.8/site-packages/airflow/example_dags/example_kubernetes_executor.py
[2024-02-07T08:59:28.787+0000] {logging_mixin.py:188} INFO - [2024-02-07T08:59:28.787+0000] {dag.py:3033} INFO - Sync 1 DAGs
[2024-02-07T08:59:28.809+0000] {logging_mixin.py:188} INFO - [2024-02-07T08:59:28.809+0000] {dag.py:3820} INFO - Setting next_dagrun for example_kubernetes_executor to None, run_after=None
[2024-02-07T08:59:28.837+0000] {processor.py:183} INFO - Processing /home/airflow/.local/lib/python3.8/site-packages/airflow/example_dags/example_kubernetes_executor.py took 0.126 seconds
[2024-02-07T08:59:58.958+0000] {processor.py:161} INFO - Started process (PID=2268) to work on /home/airflow/.local/lib/python3.8/site-packages/airflow/example_dags/example_kubernetes_executor.py
[2024-02-07T08:59:58.960+0000] {processor.py:830} INFO - Processing file /home/airflow/.local/lib/python3.8/site-packages/airflow/example_dags/example_kubernetes_executor.py for tasks to queue
[2024-02-07T08:59:58.963+0000] {logging_mixin.py:188} INFO - [2024-02-07T08:59:58.962+0000] {dagbag.py:538} INFO - Filling up the DagBag from /home/airflow/.local/lib/python3.8/site-packages/airflow/example_dags/example_kubernetes_executor.py
[2024-02-07T08:59:58.981+0000] {processor.py:840} INFO - DAG(s) 'example_kubernetes_executor' retrieved from /home/airflow/.local/lib/python3.8/site-packages/airflow/example_dags/example_kubernetes_executor.py
[2024-02-07T08:59:59.029+0000] {logging_mixin.py:188} INFO - [2024-02-07T08:59:59.029+0000] {dag.py:3033} INFO - Sync 1 DAGs
[2024-02-07T08:59:59.046+0000] {logging_mixin.py:188} INFO - [2024-02-07T08:59:59.046+0000] {dag.py:3820} INFO - Setting next_dagrun for example_kubernetes_executor to None, run_after=None
[2024-02-07T08:59:59.072+0000] {processor.py:183} INFO - Processing /home/airflow/.local/lib/python3.8/site-packages/airflow/example_dags/example_kubernetes_executor.py took 0.118 seconds
[2024-02-07T09:00:29.363+0000] {processor.py:161} INFO - Started process (PID=2325) to work on /home/airflow/.local/lib/python3.8/site-packages/airflow/example_dags/example_kubernetes_executor.py
[2024-02-07T09:00:29.364+0000] {processor.py:830} INFO - Processing file /home/airflow/.local/lib/python3.8/site-packages/airflow/example_dags/example_kubernetes_executor.py for tasks to queue
[2024-02-07T09:00:29.366+0000] {logging_mixin.py:188} INFO - [2024-02-07T09:00:29.365+0000] {dagbag.py:538} INFO - Filling up the DagBag from /home/airflow/.local/lib/python3.8/site-packages/airflow/example_dags/example_kubernetes_executor.py
[2024-02-07T09:00:29.378+0000] {processor.py:840} INFO - DAG(s) 'example_kubernetes_executor' retrieved from /home/airflow/.local/lib/python3.8/site-packages/airflow/example_dags/example_kubernetes_executor.py
[2024-02-07T09:00:29.425+0000] {logging_mixin.py:188} INFO - [2024-02-07T09:00:29.424+0000] {dag.py:3033} INFO - Sync 1 DAGs
[2024-02-07T09:00:29.440+0000] {logging_mixin.py:188} INFO - [2024-02-07T09:00:29.440+0000] {dag.py:3820} INFO - Setting next_dagrun for example_kubernetes_executor to None, run_after=None
[2024-02-07T09:00:29.470+0000] {processor.py:183} INFO - Processing /home/airflow/.local/lib/python3.8/site-packages/airflow/example_dags/example_kubernetes_executor.py took 0.111 seconds
[2024-02-07T09:00:59.904+0000] {processor.py:161} INFO - Started process (PID=2381) to work on /home/airflow/.local/lib/python3.8/site-packages/airflow/example_dags/example_kubernetes_executor.py
[2024-02-07T09:00:59.906+0000] {processor.py:830} INFO - Processing file /home/airflow/.local/lib/python3.8/site-packages/airflow/example_dags/example_kubernetes_executor.py for tasks to queue
[2024-02-07T09:00:59.909+0000] {logging_mixin.py:188} INFO - [2024-02-07T09:00:59.908+0000] {dagbag.py:538} INFO - Filling up the DagBag from /home/airflow/.local/lib/python3.8/site-packages/airflow/example_dags/example_kubernetes_executor.py
[2024-02-07T09:00:59.923+0000] {processor.py:840} INFO - DAG(s) 'example_kubernetes_executor' retrieved from /home/airflow/.local/lib/python3.8/site-packages/airflow/example_dags/example_kubernetes_executor.py
[2024-02-07T09:00:59.962+0000] {logging_mixin.py:188} INFO - [2024-02-07T09:00:59.961+0000] {dag.py:3033} INFO - Sync 1 DAGs
[2024-02-07T09:00:59.973+0000] {logging_mixin.py:188} INFO - [2024-02-07T09:00:59.973+0000] {dag.py:3820} INFO - Setting next_dagrun for example_kubernetes_executor to None, run_after=None
[2024-02-07T09:00:59.997+0000] {processor.py:183} INFO - Processing /home/airflow/.local/lib/python3.8/site-packages/airflow/example_dags/example_kubernetes_executor.py took 0.097 seconds
[2024-02-07T09:01:30.424+0000] {processor.py:161} INFO - Started process (PID=2438) to work on /home/airflow/.local/lib/python3.8/site-packages/airflow/example_dags/example_kubernetes_executor.py
[2024-02-07T09:01:30.425+0000] {processor.py:830} INFO - Processing file /home/airflow/.local/lib/python3.8/site-packages/airflow/example_dags/example_kubernetes_executor.py for tasks to queue
[2024-02-07T09:01:30.428+0000] {logging_mixin.py:188} INFO - [2024-02-07T09:01:30.427+0000] {dagbag.py:538} INFO - Filling up the DagBag from /home/airflow/.local/lib/python3.8/site-packages/airflow/example_dags/example_kubernetes_executor.py
[2024-02-07T09:01:30.447+0000] {processor.py:840} INFO - DAG(s) 'example_kubernetes_executor' retrieved from /home/airflow/.local/lib/python3.8/site-packages/airflow/example_dags/example_kubernetes_executor.py
[2024-02-07T09:01:30.484+0000] {logging_mixin.py:188} INFO - [2024-02-07T09:01:30.484+0000] {dag.py:3033} INFO - Sync 1 DAGs
[2024-02-07T09:01:30.497+0000] {logging_mixin.py:188} INFO - [2024-02-07T09:01:30.497+0000] {dag.py:3820} INFO - Setting next_dagrun for example_kubernetes_executor to None, run_after=None
[2024-02-07T09:01:30.519+0000] {processor.py:183} INFO - Processing /home/airflow/.local/lib/python3.8/site-packages/airflow/example_dags/example_kubernetes_executor.py took 0.100 seconds
[2024-02-07T09:02:00.882+0000] {processor.py:161} INFO - Started process (PID=2495) to work on /home/airflow/.local/lib/python3.8/site-packages/airflow/example_dags/example_kubernetes_executor.py
[2024-02-07T09:02:00.884+0000] {processor.py:830} INFO - Processing file /home/airflow/.local/lib/python3.8/site-packages/airflow/example_dags/example_kubernetes_executor.py for tasks to queue
[2024-02-07T09:02:00.887+0000] {logging_mixin.py:188} INFO - [2024-02-07T09:02:00.886+0000] {dagbag.py:538} INFO - Filling up the DagBag from /home/airflow/.local/lib/python3.8/site-packages/airflow/example_dags/example_kubernetes_executor.py
[2024-02-07T09:02:00.901+0000] {processor.py:840} INFO - DAG(s) 'example_kubernetes_executor' retrieved from /home/airflow/.local/lib/python3.8/site-packages/airflow/example_dags/example_kubernetes_executor.py
[2024-02-07T09:02:00.936+0000] {logging_mixin.py:188} INFO - [2024-02-07T09:02:00.936+0000] {dag.py:3033} INFO - Sync 1 DAGs
[2024-02-07T09:02:00.950+0000] {logging_mixin.py:188} INFO - [2024-02-07T09:02:00.949+0000] {dag.py:3820} INFO - Setting next_dagrun for example_kubernetes_executor to None, run_after=None
[2024-02-07T09:02:00.969+0000] {processor.py:183} INFO - Processing /home/airflow/.local/lib/python3.8/site-packages/airflow/example_dags/example_kubernetes_executor.py took 0.090 seconds
[2024-02-07T09:02:31.546+0000] {processor.py:161} INFO - Started process (PID=2559) to work on /home/airflow/.local/lib/python3.8/site-packages/airflow/example_dags/example_kubernetes_executor.py
[2024-02-07T09:02:31.548+0000] {processor.py:830} INFO - Processing file /home/airflow/.local/lib/python3.8/site-packages/airflow/example_dags/example_kubernetes_executor.py for tasks to queue
[2024-02-07T09:02:31.550+0000] {logging_mixin.py:188} INFO - [2024-02-07T09:02:31.550+0000] {dagbag.py:538} INFO - Filling up the DagBag from /home/airflow/.local/lib/python3.8/site-packages/airflow/example_dags/example_kubernetes_executor.py
[2024-02-07T09:02:31.566+0000] {processor.py:840} INFO - DAG(s) 'example_kubernetes_executor' retrieved from /home/airflow/.local/lib/python3.8/site-packages/airflow/example_dags/example_kubernetes_executor.py
[2024-02-07T09:02:31.610+0000] {logging_mixin.py:188} INFO - [2024-02-07T09:02:31.609+0000] {dag.py:3033} INFO - Sync 1 DAGs
[2024-02-07T09:02:31.625+0000] {logging_mixin.py:188} INFO - [2024-02-07T09:02:31.625+0000] {dag.py:3820} INFO - Setting next_dagrun for example_kubernetes_executor to None, run_after=None
[2024-02-07T09:02:31.649+0000] {processor.py:183} INFO - Processing /home/airflow/.local/lib/python3.8/site-packages/airflow/example_dags/example_kubernetes_executor.py took 0.107 seconds
[2024-02-07T09:03:01.749+0000] {processor.py:161} INFO - Started process (PID=2616) to work on /home/airflow/.local/lib/python3.8/site-packages/airflow/example_dags/example_kubernetes_executor.py
[2024-02-07T09:03:01.750+0000] {processor.py:830} INFO - Processing file /home/airflow/.local/lib/python3.8/site-packages/airflow/example_dags/example_kubernetes_executor.py for tasks to queue
[2024-02-07T09:03:01.753+0000] {logging_mixin.py:188} INFO - [2024-02-07T09:03:01.753+0000] {dagbag.py:538} INFO - Filling up the DagBag from /home/airflow/.local/lib/python3.8/site-packages/airflow/example_dags/example_kubernetes_executor.py
[2024-02-07T09:03:01.768+0000] {processor.py:840} INFO - DAG(s) 'example_kubernetes_executor' retrieved from /home/airflow/.local/lib/python3.8/site-packages/airflow/example_dags/example_kubernetes_executor.py
[2024-02-07T09:03:01.806+0000] {logging_mixin.py:188} INFO - [2024-02-07T09:03:01.805+0000] {dag.py:3033} INFO - Sync 1 DAGs
[2024-02-07T09:03:01.818+0000] {logging_mixin.py:188} INFO - [2024-02-07T09:03:01.817+0000] {dag.py:3820} INFO - Setting next_dagrun for example_kubernetes_executor to None, run_after=None
[2024-02-07T09:03:01.840+0000] {processor.py:183} INFO - Processing /home/airflow/.local/lib/python3.8/site-packages/airflow/example_dags/example_kubernetes_executor.py took 0.094 seconds
[2024-02-07T09:03:32.574+0000] {processor.py:161} INFO - Started process (PID=2673) to work on /home/airflow/.local/lib/python3.8/site-packages/airflow/example_dags/example_kubernetes_executor.py
[2024-02-07T09:03:32.576+0000] {processor.py:830} INFO - Processing file /home/airflow/.local/lib/python3.8/site-packages/airflow/example_dags/example_kubernetes_executor.py for tasks to queue
[2024-02-07T09:03:32.579+0000] {logging_mixin.py:188} INFO - [2024-02-07T09:03:32.578+0000] {dagbag.py:538} INFO - Filling up the DagBag from /home/airflow/.local/lib/python3.8/site-packages/airflow/example_dags/example_kubernetes_executor.py
[2024-02-07T09:03:32.594+0000] {processor.py:840} INFO - DAG(s) 'example_kubernetes_executor' retrieved from /home/airflow/.local/lib/python3.8/site-packages/airflow/example_dags/example_kubernetes_executor.py
[2024-02-07T09:03:32.632+0000] {logging_mixin.py:188} INFO - [2024-02-07T09:03:32.632+0000] {dag.py:3033} INFO - Sync 1 DAGs
[2024-02-07T09:03:32.644+0000] {logging_mixin.py:188} INFO - [2024-02-07T09:03:32.644+0000] {dag.py:3820} INFO - Setting next_dagrun for example_kubernetes_executor to None, run_after=None
[2024-02-07T09:03:32.668+0000] {processor.py:183} INFO - Processing /home/airflow/.local/lib/python3.8/site-packages/airflow/example_dags/example_kubernetes_executor.py took 0.098 seconds
[2024-02-07T09:04:02.822+0000] {processor.py:161} INFO - Started process (PID=2730) to work on /home/airflow/.local/lib/python3.8/site-packages/airflow/example_dags/example_kubernetes_executor.py
[2024-02-07T09:04:02.824+0000] {processor.py:830} INFO - Processing file /home/airflow/.local/lib/python3.8/site-packages/airflow/example_dags/example_kubernetes_executor.py for tasks to queue
[2024-02-07T09:04:02.829+0000] {logging_mixin.py:188} INFO - [2024-02-07T09:04:02.828+0000] {dagbag.py:538} INFO - Filling up the DagBag from /home/airflow/.local/lib/python3.8/site-packages/airflow/example_dags/example_kubernetes_executor.py
[2024-02-07T09:04:02.859+0000] {processor.py:840} INFO - DAG(s) 'example_kubernetes_executor' retrieved from /home/airflow/.local/lib/python3.8/site-packages/airflow/example_dags/example_kubernetes_executor.py
[2024-02-07T09:04:02.917+0000] {logging_mixin.py:188} INFO - [2024-02-07T09:04:02.917+0000] {dag.py:3033} INFO - Sync 1 DAGs
[2024-02-07T09:04:02.940+0000] {logging_mixin.py:188} INFO - [2024-02-07T09:04:02.939+0000] {dag.py:3820} INFO - Setting next_dagrun for example_kubernetes_executor to None, run_after=None
[2024-02-07T09:04:02.966+0000] {processor.py:183} INFO - Processing /home/airflow/.local/lib/python3.8/site-packages/airflow/example_dags/example_kubernetes_executor.py took 0.149 seconds
[2024-02-07T09:04:33.372+0000] {processor.py:161} INFO - Started process (PID=2787) to work on /home/airflow/.local/lib/python3.8/site-packages/airflow/example_dags/example_kubernetes_executor.py
[2024-02-07T09:04:33.373+0000] {processor.py:830} INFO - Processing file /home/airflow/.local/lib/python3.8/site-packages/airflow/example_dags/example_kubernetes_executor.py for tasks to queue
[2024-02-07T09:04:33.376+0000] {logging_mixin.py:188} INFO - [2024-02-07T09:04:33.375+0000] {dagbag.py:538} INFO - Filling up the DagBag from /home/airflow/.local/lib/python3.8/site-packages/airflow/example_dags/example_kubernetes_executor.py
[2024-02-07T09:04:33.392+0000] {processor.py:840} INFO - DAG(s) 'example_kubernetes_executor' retrieved from /home/airflow/.local/lib/python3.8/site-packages/airflow/example_dags/example_kubernetes_executor.py
[2024-02-07T09:04:33.505+0000] {logging_mixin.py:188} INFO - [2024-02-07T09:04:33.504+0000] {dag.py:3033} INFO - Sync 1 DAGs
[2024-02-07T09:04:33.518+0000] {logging_mixin.py:188} INFO - [2024-02-07T09:04:33.518+0000] {dag.py:3820} INFO - Setting next_dagrun for example_kubernetes_executor to None, run_after=None
[2024-02-07T09:04:33.540+0000] {processor.py:183} INFO - Processing /home/airflow/.local/lib/python3.8/site-packages/airflow/example_dags/example_kubernetes_executor.py took 0.172 seconds
[2024-02-07T09:05:03.622+0000] {processor.py:161} INFO - Started process (PID=2844) to work on /home/airflow/.local/lib/python3.8/site-packages/airflow/example_dags/example_kubernetes_executor.py
[2024-02-07T09:05:03.623+0000] {processor.py:830} INFO - Processing file /home/airflow/.local/lib/python3.8/site-packages/airflow/example_dags/example_kubernetes_executor.py for tasks to queue
[2024-02-07T09:05:03.625+0000] {logging_mixin.py:188} INFO - [2024-02-07T09:05:03.625+0000] {dagbag.py:538} INFO - Filling up the DagBag from /home/airflow/.local/lib/python3.8/site-packages/airflow/example_dags/example_kubernetes_executor.py
[2024-02-07T09:05:03.641+0000] {processor.py:840} INFO - DAG(s) 'example_kubernetes_executor' retrieved from /home/airflow/.local/lib/python3.8/site-packages/airflow/example_dags/example_kubernetes_executor.py
[2024-02-07T09:05:03.676+0000] {logging_mixin.py:188} INFO - [2024-02-07T09:05:03.676+0000] {dag.py:3033} INFO - Sync 1 DAGs
[2024-02-07T09:05:03.688+0000] {logging_mixin.py:188} INFO - [2024-02-07T09:05:03.687+0000] {dag.py:3820} INFO - Setting next_dagrun for example_kubernetes_executor to None, run_after=None
[2024-02-07T09:05:03.709+0000] {processor.py:183} INFO - Processing /home/airflow/.local/lib/python3.8/site-packages/airflow/example_dags/example_kubernetes_executor.py took 0.092 seconds
[2024-02-07T09:05:34.092+0000] {processor.py:161} INFO - Started process (PID=2901) to work on /home/airflow/.local/lib/python3.8/site-packages/airflow/example_dags/example_kubernetes_executor.py
[2024-02-07T09:05:34.093+0000] {processor.py:830} INFO - Processing file /home/airflow/.local/lib/python3.8/site-packages/airflow/example_dags/example_kubernetes_executor.py for tasks to queue
[2024-02-07T09:05:34.095+0000] {logging_mixin.py:188} INFO - [2024-02-07T09:05:34.095+0000] {dagbag.py:538} INFO - Filling up the DagBag from /home/airflow/.local/lib/python3.8/site-packages/airflow/example_dags/example_kubernetes_executor.py
[2024-02-07T09:05:34.122+0000] {processor.py:840} INFO - DAG(s) 'example_kubernetes_executor' retrieved from /home/airflow/.local/lib/python3.8/site-packages/airflow/example_dags/example_kubernetes_executor.py
[2024-02-07T09:05:34.165+0000] {logging_mixin.py:188} INFO - [2024-02-07T09:05:34.165+0000] {dag.py:3033} INFO - Sync 1 DAGs
[2024-02-07T09:05:34.179+0000] {logging_mixin.py:188} INFO - [2024-02-07T09:05:34.179+0000] {dag.py:3820} INFO - Setting next_dagrun for example_kubernetes_executor to None, run_after=None
[2024-02-07T09:05:34.217+0000] {processor.py:183} INFO - Processing /home/airflow/.local/lib/python3.8/site-packages/airflow/example_dags/example_kubernetes_executor.py took 0.129 seconds
[2024-02-07T09:06:04.534+0000] {processor.py:161} INFO - Started process (PID=2958) to work on /home/airflow/.local/lib/python3.8/site-packages/airflow/example_dags/example_kubernetes_executor.py
[2024-02-07T09:06:04.536+0000] {processor.py:830} INFO - Processing file /home/airflow/.local/lib/python3.8/site-packages/airflow/example_dags/example_kubernetes_executor.py for tasks to queue
[2024-02-07T09:06:04.539+0000] {logging_mixin.py:188} INFO - [2024-02-07T09:06:04.538+0000] {dagbag.py:538} INFO - Filling up the DagBag from /home/airflow/.local/lib/python3.8/site-packages/airflow/example_dags/example_kubernetes_executor.py
[2024-02-07T09:06:04.553+0000] {processor.py:840} INFO - DAG(s) 'example_kubernetes_executor' retrieved from /home/airflow/.local/lib/python3.8/site-packages/airflow/example_dags/example_kubernetes_executor.py
[2024-02-07T09:06:04.589+0000] {logging_mixin.py:188} INFO - [2024-02-07T09:06:04.589+0000] {dag.py:3033} INFO - Sync 1 DAGs
[2024-02-07T09:06:04.600+0000] {logging_mixin.py:188} INFO - [2024-02-07T09:06:04.600+0000] {dag.py:3820} INFO - Setting next_dagrun for example_kubernetes_executor to None, run_after=None
[2024-02-07T09:06:04.621+0000] {processor.py:183} INFO - Processing /home/airflow/.local/lib/python3.8/site-packages/airflow/example_dags/example_kubernetes_executor.py took 0.094 seconds
[2024-02-07T09:06:34.876+0000] {processor.py:161} INFO - Started process (PID=3015) to work on /home/airflow/.local/lib/python3.8/site-packages/airflow/example_dags/example_kubernetes_executor.py
[2024-02-07T09:06:34.877+0000] {processor.py:830} INFO - Processing file /home/airflow/.local/lib/python3.8/site-packages/airflow/example_dags/example_kubernetes_executor.py for tasks to queue
[2024-02-07T09:06:34.879+0000] {logging_mixin.py:188} INFO - [2024-02-07T09:06:34.879+0000] {dagbag.py:538} INFO - Filling up the DagBag from /home/airflow/.local/lib/python3.8/site-packages/airflow/example_dags/example_kubernetes_executor.py
[2024-02-07T09:06:34.894+0000] {processor.py:840} INFO - DAG(s) 'example_kubernetes_executor' retrieved from /home/airflow/.local/lib/python3.8/site-packages/airflow/example_dags/example_kubernetes_executor.py
[2024-02-07T09:06:34.936+0000] {logging_mixin.py:188} INFO - [2024-02-07T09:06:34.935+0000] {dag.py:3033} INFO - Sync 1 DAGs
[2024-02-07T09:06:34.950+0000] {logging_mixin.py:188} INFO - [2024-02-07T09:06:34.950+0000] {dag.py:3820} INFO - Setting next_dagrun for example_kubernetes_executor to None, run_after=None
[2024-02-07T09:06:34.972+0000] {processor.py:183} INFO - Processing /home/airflow/.local/lib/python3.8/site-packages/airflow/example_dags/example_kubernetes_executor.py took 0.099 seconds
[2024-02-07T09:07:05.279+0000] {processor.py:161} INFO - Started process (PID=3072) to work on /home/airflow/.local/lib/python3.8/site-packages/airflow/example_dags/example_kubernetes_executor.py
[2024-02-07T09:07:05.280+0000] {processor.py:830} INFO - Processing file /home/airflow/.local/lib/python3.8/site-packages/airflow/example_dags/example_kubernetes_executor.py for tasks to queue
[2024-02-07T09:07:05.283+0000] {logging_mixin.py:188} INFO - [2024-02-07T09:07:05.283+0000] {dagbag.py:538} INFO - Filling up the DagBag from /home/airflow/.local/lib/python3.8/site-packages/airflow/example_dags/example_kubernetes_executor.py
[2024-02-07T09:07:05.298+0000] {processor.py:840} INFO - DAG(s) 'example_kubernetes_executor' retrieved from /home/airflow/.local/lib/python3.8/site-packages/airflow/example_dags/example_kubernetes_executor.py
[2024-02-07T09:07:05.339+0000] {logging_mixin.py:188} INFO - [2024-02-07T09:07:05.339+0000] {dag.py:3033} INFO - Sync 1 DAGs
[2024-02-07T09:07:05.354+0000] {logging_mixin.py:188} INFO - [2024-02-07T09:07:05.354+0000] {dag.py:3820} INFO - Setting next_dagrun for example_kubernetes_executor to None, run_after=None
[2024-02-07T09:07:05.381+0000] {processor.py:183} INFO - Processing /home/airflow/.local/lib/python3.8/site-packages/airflow/example_dags/example_kubernetes_executor.py took 0.105 seconds
[2024-02-07T09:07:35.832+0000] {processor.py:161} INFO - Started process (PID=3129) to work on /home/airflow/.local/lib/python3.8/site-packages/airflow/example_dags/example_kubernetes_executor.py
[2024-02-07T09:07:35.833+0000] {processor.py:830} INFO - Processing file /home/airflow/.local/lib/python3.8/site-packages/airflow/example_dags/example_kubernetes_executor.py for tasks to queue
[2024-02-07T09:07:35.835+0000] {logging_mixin.py:188} INFO - [2024-02-07T09:07:35.835+0000] {dagbag.py:538} INFO - Filling up the DagBag from /home/airflow/.local/lib/python3.8/site-packages/airflow/example_dags/example_kubernetes_executor.py
[2024-02-07T09:07:35.850+0000] {processor.py:840} INFO - DAG(s) 'example_kubernetes_executor' retrieved from /home/airflow/.local/lib/python3.8/site-packages/airflow/example_dags/example_kubernetes_executor.py
[2024-02-07T09:07:35.891+0000] {logging_mixin.py:188} INFO - [2024-02-07T09:07:35.891+0000] {dag.py:3033} INFO - Sync 1 DAGs
[2024-02-07T09:07:35.905+0000] {logging_mixin.py:188} INFO - [2024-02-07T09:07:35.905+0000] {dag.py:3820} INFO - Setting next_dagrun for example_kubernetes_executor to None, run_after=None
[2024-02-07T09:07:35.927+0000] {processor.py:183} INFO - Processing /home/airflow/.local/lib/python3.8/site-packages/airflow/example_dags/example_kubernetes_executor.py took 0.098 seconds
[2024-02-07T09:08:06.250+0000] {processor.py:161} INFO - Started process (PID=3186) to work on /home/airflow/.local/lib/python3.8/site-packages/airflow/example_dags/example_kubernetes_executor.py
[2024-02-07T09:08:06.251+0000] {processor.py:830} INFO - Processing file /home/airflow/.local/lib/python3.8/site-packages/airflow/example_dags/example_kubernetes_executor.py for tasks to queue
[2024-02-07T09:08:06.254+0000] {logging_mixin.py:188} INFO - [2024-02-07T09:08:06.253+0000] {dagbag.py:538} INFO - Filling up the DagBag from /home/airflow/.local/lib/python3.8/site-packages/airflow/example_dags/example_kubernetes_executor.py
[2024-02-07T09:08:06.269+0000] {processor.py:840} INFO - DAG(s) 'example_kubernetes_executor' retrieved from /home/airflow/.local/lib/python3.8/site-packages/airflow/example_dags/example_kubernetes_executor.py
[2024-02-07T09:08:06.310+0000] {logging_mixin.py:188} INFO - [2024-02-07T09:08:06.310+0000] {dag.py:3033} INFO - Sync 1 DAGs
[2024-02-07T09:08:06.325+0000] {logging_mixin.py:188} INFO - [2024-02-07T09:08:06.324+0000] {dag.py:3820} INFO - Setting next_dagrun for example_kubernetes_executor to None, run_after=None
[2024-02-07T09:08:06.352+0000] {processor.py:183} INFO - Processing /home/airflow/.local/lib/python3.8/site-packages/airflow/example_dags/example_kubernetes_executor.py took 0.106 seconds
[2024-02-07T09:08:36.651+0000] {processor.py:161} INFO - Started process (PID=3243) to work on /home/airflow/.local/lib/python3.8/site-packages/airflow/example_dags/example_kubernetes_executor.py
[2024-02-07T09:08:36.652+0000] {processor.py:830} INFO - Processing file /home/airflow/.local/lib/python3.8/site-packages/airflow/example_dags/example_kubernetes_executor.py for tasks to queue
[2024-02-07T09:08:36.657+0000] {logging_mixin.py:188} INFO - [2024-02-07T09:08:36.656+0000] {dagbag.py:538} INFO - Filling up the DagBag from /home/airflow/.local/lib/python3.8/site-packages/airflow/example_dags/example_kubernetes_executor.py
[2024-02-07T09:08:36.673+0000] {processor.py:840} INFO - DAG(s) 'example_kubernetes_executor' retrieved from /home/airflow/.local/lib/python3.8/site-packages/airflow/example_dags/example_kubernetes_executor.py
[2024-02-07T09:08:36.717+0000] {logging_mixin.py:188} INFO - [2024-02-07T09:08:36.716+0000] {dag.py:3033} INFO - Sync 1 DAGs
[2024-02-07T09:08:36.732+0000] {logging_mixin.py:188} INFO - [2024-02-07T09:08:36.732+0000] {dag.py:3820} INFO - Setting next_dagrun for example_kubernetes_executor to None, run_after=None
[2024-02-07T09:08:36.761+0000] {processor.py:183} INFO - Processing /home/airflow/.local/lib/python3.8/site-packages/airflow/example_dags/example_kubernetes_executor.py took 0.114 seconds
[2024-02-07T09:09:07.022+0000] {processor.py:161} INFO - Started process (PID=3300) to work on /home/airflow/.local/lib/python3.8/site-packages/airflow/example_dags/example_kubernetes_executor.py
[2024-02-07T09:09:07.023+0000] {processor.py:830} INFO - Processing file /home/airflow/.local/lib/python3.8/site-packages/airflow/example_dags/example_kubernetes_executor.py for tasks to queue
[2024-02-07T09:09:07.026+0000] {logging_mixin.py:188} INFO - [2024-02-07T09:09:07.025+0000] {dagbag.py:538} INFO - Filling up the DagBag from /home/airflow/.local/lib/python3.8/site-packages/airflow/example_dags/example_kubernetes_executor.py
[2024-02-07T09:09:07.043+0000] {processor.py:840} INFO - DAG(s) 'example_kubernetes_executor' retrieved from /home/airflow/.local/lib/python3.8/site-packages/airflow/example_dags/example_kubernetes_executor.py
[2024-02-07T09:09:07.085+0000] {logging_mixin.py:188} INFO - [2024-02-07T09:09:07.084+0000] {dag.py:3033} INFO - Sync 1 DAGs
[2024-02-07T09:09:07.096+0000] {logging_mixin.py:188} INFO - [2024-02-07T09:09:07.096+0000] {dag.py:3820} INFO - Setting next_dagrun for example_kubernetes_executor to None, run_after=None
[2024-02-07T09:09:07.120+0000] {processor.py:183} INFO - Processing /home/airflow/.local/lib/python3.8/site-packages/airflow/example_dags/example_kubernetes_executor.py took 0.102 seconds
[2024-02-07T09:09:37.480+0000] {processor.py:161} INFO - Started process (PID=3357) to work on /home/airflow/.local/lib/python3.8/site-packages/airflow/example_dags/example_kubernetes_executor.py
[2024-02-07T09:09:37.482+0000] {processor.py:830} INFO - Processing file /home/airflow/.local/lib/python3.8/site-packages/airflow/example_dags/example_kubernetes_executor.py for tasks to queue
[2024-02-07T09:09:37.485+0000] {logging_mixin.py:188} INFO - [2024-02-07T09:09:37.485+0000] {dagbag.py:538} INFO - Filling up the DagBag from /home/airflow/.local/lib/python3.8/site-packages/airflow/example_dags/example_kubernetes_executor.py
[2024-02-07T09:09:37.501+0000] {processor.py:840} INFO - DAG(s) 'example_kubernetes_executor' retrieved from /home/airflow/.local/lib/python3.8/site-packages/airflow/example_dags/example_kubernetes_executor.py
[2024-02-07T09:09:37.546+0000] {logging_mixin.py:188} INFO - [2024-02-07T09:09:37.546+0000] {dag.py:3033} INFO - Sync 1 DAGs
[2024-02-07T09:09:37.561+0000] {logging_mixin.py:188} INFO - [2024-02-07T09:09:37.561+0000] {dag.py:3820} INFO - Setting next_dagrun for example_kubernetes_executor to None, run_after=None
[2024-02-07T09:09:37.588+0000] {processor.py:183} INFO - Processing /home/airflow/.local/lib/python3.8/site-packages/airflow/example_dags/example_kubernetes_executor.py took 0.112 seconds
[2024-02-07T09:10:08.358+0000] {processor.py:161} INFO - Started process (PID=3414) to work on /home/airflow/.local/lib/python3.8/site-packages/airflow/example_dags/example_kubernetes_executor.py
[2024-02-07T09:10:08.360+0000] {processor.py:830} INFO - Processing file /home/airflow/.local/lib/python3.8/site-packages/airflow/example_dags/example_kubernetes_executor.py for tasks to queue
[2024-02-07T09:10:08.365+0000] {logging_mixin.py:188} INFO - [2024-02-07T09:10:08.365+0000] {dagbag.py:538} INFO - Filling up the DagBag from /home/airflow/.local/lib/python3.8/site-packages/airflow/example_dags/example_kubernetes_executor.py
[2024-02-07T09:10:08.396+0000] {processor.py:840} INFO - DAG(s) 'example_kubernetes_executor' retrieved from /home/airflow/.local/lib/python3.8/site-packages/airflow/example_dags/example_kubernetes_executor.py
[2024-02-07T09:10:08.478+0000] {logging_mixin.py:188} INFO - [2024-02-07T09:10:08.478+0000] {dag.py:3033} INFO - Sync 1 DAGs
[2024-02-07T09:10:08.506+0000] {logging_mixin.py:188} INFO - [2024-02-07T09:10:08.505+0000] {dag.py:3820} INFO - Setting next_dagrun for example_kubernetes_executor to None, run_after=None
[2024-02-07T09:10:08.552+0000] {processor.py:183} INFO - Processing /home/airflow/.local/lib/python3.8/site-packages/airflow/example_dags/example_kubernetes_executor.py took 0.201 seconds
[2024-02-07T09:10:39.216+0000] {processor.py:161} INFO - Started process (PID=3471) to work on /home/airflow/.local/lib/python3.8/site-packages/airflow/example_dags/example_kubernetes_executor.py
[2024-02-07T09:10:39.217+0000] {processor.py:830} INFO - Processing file /home/airflow/.local/lib/python3.8/site-packages/airflow/example_dags/example_kubernetes_executor.py for tasks to queue
[2024-02-07T09:10:39.220+0000] {logging_mixin.py:188} INFO - [2024-02-07T09:10:39.220+0000] {dagbag.py:538} INFO - Filling up the DagBag from /home/airflow/.local/lib/python3.8/site-packages/airflow/example_dags/example_kubernetes_executor.py
[2024-02-07T09:10:39.241+0000] {processor.py:840} INFO - DAG(s) 'example_kubernetes_executor' retrieved from /home/airflow/.local/lib/python3.8/site-packages/airflow/example_dags/example_kubernetes_executor.py
[2024-02-07T09:10:39.275+0000] {logging_mixin.py:188} INFO - [2024-02-07T09:10:39.274+0000] {dag.py:3033} INFO - Sync 1 DAGs
[2024-02-07T09:10:39.286+0000] {logging_mixin.py:188} INFO - [2024-02-07T09:10:39.286+0000] {dag.py:3820} INFO - Setting next_dagrun for example_kubernetes_executor to None, run_after=None
[2024-02-07T09:10:39.306+0000] {processor.py:183} INFO - Processing /home/airflow/.local/lib/python3.8/site-packages/airflow/example_dags/example_kubernetes_executor.py took 0.098 seconds
[2024-02-07T09:11:09.426+0000] {processor.py:161} INFO - Started process (PID=3528) to work on /home/airflow/.local/lib/python3.8/site-packages/airflow/example_dags/example_kubernetes_executor.py
[2024-02-07T09:11:09.427+0000] {processor.py:830} INFO - Processing file /home/airflow/.local/lib/python3.8/site-packages/airflow/example_dags/example_kubernetes_executor.py for tasks to queue
[2024-02-07T09:11:09.430+0000] {logging_mixin.py:188} INFO - [2024-02-07T09:11:09.429+0000] {dagbag.py:538} INFO - Filling up the DagBag from /home/airflow/.local/lib/python3.8/site-packages/airflow/example_dags/example_kubernetes_executor.py
[2024-02-07T09:11:09.444+0000] {processor.py:840} INFO - DAG(s) 'example_kubernetes_executor' retrieved from /home/airflow/.local/lib/python3.8/site-packages/airflow/example_dags/example_kubernetes_executor.py
[2024-02-07T09:11:09.481+0000] {logging_mixin.py:188} INFO - [2024-02-07T09:11:09.480+0000] {dag.py:3033} INFO - Sync 1 DAGs
[2024-02-07T09:11:09.492+0000] {logging_mixin.py:188} INFO - [2024-02-07T09:11:09.492+0000] {dag.py:3820} INFO - Setting next_dagrun for example_kubernetes_executor to None, run_after=None
[2024-02-07T09:11:09.514+0000] {processor.py:183} INFO - Processing /home/airflow/.local/lib/python3.8/site-packages/airflow/example_dags/example_kubernetes_executor.py took 0.091 seconds
