[2024-02-07T08:40:09.954+0000] {processor.py:161} INFO - Started process (PID=46) to work on /home/airflow/.local/lib/python3.8/site-packages/airflow/example_dags/example_dag_decorator.py
[2024-02-07T08:40:09.956+0000] {processor.py:830} INFO - Processing file /home/airflow/.local/lib/python3.8/site-packages/airflow/example_dags/example_dag_decorator.py for tasks to queue
[2024-02-07T08:40:09.959+0000] {logging_mixin.py:188} INFO - [2024-02-07T08:40:09.958+0000] {dagbag.py:538} INFO - Filling up the DagBag from /home/airflow/.local/lib/python3.8/site-packages/airflow/example_dags/example_dag_decorator.py
[2024-02-07T08:40:10.107+0000] {processor.py:840} INFO - DAG(s) 'example_dag_decorator' retrieved from /home/airflow/.local/lib/python3.8/site-packages/airflow/example_dags/example_dag_decorator.py
[2024-02-07T08:40:10.243+0000] {logging_mixin.py:188} INFO - [2024-02-07T08:40:10.243+0000] {dag.py:3033} INFO - Sync 1 DAGs
[2024-02-07T08:40:10.254+0000] {logging_mixin.py:188} INFO - [2024-02-07T08:40:10.254+0000] {dag.py:3820} INFO - Setting next_dagrun for example_dag_decorator to None, run_after=None
[2024-02-07T08:40:10.276+0000] {processor.py:183} INFO - Processing /home/airflow/.local/lib/python3.8/site-packages/airflow/example_dags/example_dag_decorator.py took 0.325 seconds
[2024-02-07T08:40:40.899+0000] {processor.py:161} INFO - Started process (PID=104) to work on /home/airflow/.local/lib/python3.8/site-packages/airflow/example_dags/example_dag_decorator.py
[2024-02-07T08:40:40.900+0000] {processor.py:830} INFO - Processing file /home/airflow/.local/lib/python3.8/site-packages/airflow/example_dags/example_dag_decorator.py for tasks to queue
[2024-02-07T08:40:40.903+0000] {logging_mixin.py:188} INFO - [2024-02-07T08:40:40.903+0000] {dagbag.py:538} INFO - Filling up the DagBag from /home/airflow/.local/lib/python3.8/site-packages/airflow/example_dags/example_dag_decorator.py
[2024-02-07T08:40:40.992+0000] {processor.py:840} INFO - DAG(s) 'example_dag_decorator' retrieved from /home/airflow/.local/lib/python3.8/site-packages/airflow/example_dags/example_dag_decorator.py
[2024-02-07T08:40:41.095+0000] {logging_mixin.py:188} INFO - [2024-02-07T08:40:41.095+0000] {dag.py:3033} INFO - Sync 1 DAGs
[2024-02-07T08:40:41.106+0000] {logging_mixin.py:188} INFO - [2024-02-07T08:40:41.106+0000] {dag.py:3820} INFO - Setting next_dagrun for example_dag_decorator to None, run_after=None
[2024-02-07T08:40:41.125+0000] {processor.py:183} INFO - Processing /home/airflow/.local/lib/python3.8/site-packages/airflow/example_dags/example_dag_decorator.py took 0.229 seconds
[2024-02-07T08:41:11.446+0000] {processor.py:161} INFO - Started process (PID=160) to work on /home/airflow/.local/lib/python3.8/site-packages/airflow/example_dags/example_dag_decorator.py
[2024-02-07T08:41:11.447+0000] {processor.py:830} INFO - Processing file /home/airflow/.local/lib/python3.8/site-packages/airflow/example_dags/example_dag_decorator.py for tasks to queue
[2024-02-07T08:41:11.450+0000] {logging_mixin.py:188} INFO - [2024-02-07T08:41:11.449+0000] {dagbag.py:538} INFO - Filling up the DagBag from /home/airflow/.local/lib/python3.8/site-packages/airflow/example_dags/example_dag_decorator.py
[2024-02-07T08:41:11.564+0000] {processor.py:840} INFO - DAG(s) 'example_dag_decorator' retrieved from /home/airflow/.local/lib/python3.8/site-packages/airflow/example_dags/example_dag_decorator.py
[2024-02-07T08:41:11.680+0000] {logging_mixin.py:188} INFO - [2024-02-07T08:41:11.680+0000] {dag.py:3033} INFO - Sync 1 DAGs
[2024-02-07T08:41:11.694+0000] {logging_mixin.py:188} INFO - [2024-02-07T08:41:11.694+0000] {dag.py:3820} INFO - Setting next_dagrun for example_dag_decorator to None, run_after=None
[2024-02-07T08:41:11.718+0000] {processor.py:183} INFO - Processing /home/airflow/.local/lib/python3.8/site-packages/airflow/example_dags/example_dag_decorator.py took 0.276 seconds
[2024-02-07T08:41:42.145+0000] {processor.py:161} INFO - Started process (PID=217) to work on /home/airflow/.local/lib/python3.8/site-packages/airflow/example_dags/example_dag_decorator.py
[2024-02-07T08:41:42.146+0000] {processor.py:830} INFO - Processing file /home/airflow/.local/lib/python3.8/site-packages/airflow/example_dags/example_dag_decorator.py for tasks to queue
[2024-02-07T08:41:42.149+0000] {logging_mixin.py:188} INFO - [2024-02-07T08:41:42.149+0000] {dagbag.py:538} INFO - Filling up the DagBag from /home/airflow/.local/lib/python3.8/site-packages/airflow/example_dags/example_dag_decorator.py
[2024-02-07T08:41:42.259+0000] {processor.py:840} INFO - DAG(s) 'example_dag_decorator' retrieved from /home/airflow/.local/lib/python3.8/site-packages/airflow/example_dags/example_dag_decorator.py
[2024-02-07T08:41:42.394+0000] {logging_mixin.py:188} INFO - [2024-02-07T08:41:42.394+0000] {dag.py:3033} INFO - Sync 1 DAGs
[2024-02-07T08:41:42.406+0000] {logging_mixin.py:188} INFO - [2024-02-07T08:41:42.406+0000] {dag.py:3820} INFO - Setting next_dagrun for example_dag_decorator to None, run_after=None
[2024-02-07T08:41:42.430+0000] {processor.py:183} INFO - Processing /home/airflow/.local/lib/python3.8/site-packages/airflow/example_dags/example_dag_decorator.py took 0.290 seconds
[2024-02-07T08:42:12.635+0000] {processor.py:161} INFO - Started process (PID=276) to work on /home/airflow/.local/lib/python3.8/site-packages/airflow/example_dags/example_dag_decorator.py
[2024-02-07T08:42:12.636+0000] {processor.py:830} INFO - Processing file /home/airflow/.local/lib/python3.8/site-packages/airflow/example_dags/example_dag_decorator.py for tasks to queue
[2024-02-07T08:42:12.638+0000] {logging_mixin.py:188} INFO - [2024-02-07T08:42:12.638+0000] {dagbag.py:538} INFO - Filling up the DagBag from /home/airflow/.local/lib/python3.8/site-packages/airflow/example_dags/example_dag_decorator.py
[2024-02-07T08:42:12.750+0000] {processor.py:840} INFO - DAG(s) 'example_dag_decorator' retrieved from /home/airflow/.local/lib/python3.8/site-packages/airflow/example_dags/example_dag_decorator.py
[2024-02-07T08:42:12.926+0000] {logging_mixin.py:188} INFO - [2024-02-07T08:42:12.925+0000] {dag.py:3033} INFO - Sync 1 DAGs
[2024-02-07T08:42:12.947+0000] {logging_mixin.py:188} INFO - [2024-02-07T08:42:12.947+0000] {dag.py:3820} INFO - Setting next_dagrun for example_dag_decorator to None, run_after=None
[2024-02-07T08:42:12.979+0000] {processor.py:183} INFO - Processing /home/airflow/.local/lib/python3.8/site-packages/airflow/example_dags/example_dag_decorator.py took 0.348 seconds
[2024-02-07T08:42:43.083+0000] {processor.py:161} INFO - Started process (PID=333) to work on /home/airflow/.local/lib/python3.8/site-packages/airflow/example_dags/example_dag_decorator.py
[2024-02-07T08:42:43.085+0000] {processor.py:830} INFO - Processing file /home/airflow/.local/lib/python3.8/site-packages/airflow/example_dags/example_dag_decorator.py for tasks to queue
[2024-02-07T08:42:43.092+0000] {logging_mixin.py:188} INFO - [2024-02-07T08:42:43.091+0000] {dagbag.py:538} INFO - Filling up the DagBag from /home/airflow/.local/lib/python3.8/site-packages/airflow/example_dags/example_dag_decorator.py
[2024-02-07T08:42:43.352+0000] {processor.py:840} INFO - DAG(s) 'example_dag_decorator' retrieved from /home/airflow/.local/lib/python3.8/site-packages/airflow/example_dags/example_dag_decorator.py
[2024-02-07T08:42:43.605+0000] {logging_mixin.py:188} INFO - [2024-02-07T08:42:43.605+0000] {dag.py:3033} INFO - Sync 1 DAGs
[2024-02-07T08:42:43.621+0000] {logging_mixin.py:188} INFO - [2024-02-07T08:42:43.621+0000] {dag.py:3820} INFO - Setting next_dagrun for example_dag_decorator to None, run_after=None
[2024-02-07T08:42:43.653+0000] {processor.py:183} INFO - Processing /home/airflow/.local/lib/python3.8/site-packages/airflow/example_dags/example_dag_decorator.py took 0.575 seconds
[2024-02-07T08:43:14.187+0000] {processor.py:161} INFO - Started process (PID=389) to work on /home/airflow/.local/lib/python3.8/site-packages/airflow/example_dags/example_dag_decorator.py
[2024-02-07T08:43:14.188+0000] {processor.py:830} INFO - Processing file /home/airflow/.local/lib/python3.8/site-packages/airflow/example_dags/example_dag_decorator.py for tasks to queue
[2024-02-07T08:43:14.191+0000] {logging_mixin.py:188} INFO - [2024-02-07T08:43:14.191+0000] {dagbag.py:538} INFO - Filling up the DagBag from /home/airflow/.local/lib/python3.8/site-packages/airflow/example_dags/example_dag_decorator.py
[2024-02-07T08:43:14.307+0000] {processor.py:840} INFO - DAG(s) 'example_dag_decorator' retrieved from /home/airflow/.local/lib/python3.8/site-packages/airflow/example_dags/example_dag_decorator.py
[2024-02-07T08:43:14.427+0000] {logging_mixin.py:188} INFO - [2024-02-07T08:43:14.427+0000] {dag.py:3033} INFO - Sync 1 DAGs
[2024-02-07T08:43:14.438+0000] {logging_mixin.py:188} INFO - [2024-02-07T08:43:14.438+0000] {dag.py:3820} INFO - Setting next_dagrun for example_dag_decorator to None, run_after=None
[2024-02-07T08:43:14.462+0000] {processor.py:183} INFO - Processing /home/airflow/.local/lib/python3.8/site-packages/airflow/example_dags/example_dag_decorator.py took 0.287 seconds
[2024-02-07T08:43:44.513+0000] {processor.py:161} INFO - Started process (PID=445) to work on /home/airflow/.local/lib/python3.8/site-packages/airflow/example_dags/example_dag_decorator.py
[2024-02-07T08:43:44.515+0000] {processor.py:830} INFO - Processing file /home/airflow/.local/lib/python3.8/site-packages/airflow/example_dags/example_dag_decorator.py for tasks to queue
[2024-02-07T08:43:44.517+0000] {logging_mixin.py:188} INFO - [2024-02-07T08:43:44.517+0000] {dagbag.py:538} INFO - Filling up the DagBag from /home/airflow/.local/lib/python3.8/site-packages/airflow/example_dags/example_dag_decorator.py
[2024-02-07T08:43:44.622+0000] {processor.py:840} INFO - DAG(s) 'example_dag_decorator' retrieved from /home/airflow/.local/lib/python3.8/site-packages/airflow/example_dags/example_dag_decorator.py
[2024-02-07T08:43:44.751+0000] {logging_mixin.py:188} INFO - [2024-02-07T08:43:44.751+0000] {dag.py:3033} INFO - Sync 1 DAGs
[2024-02-07T08:43:44.768+0000] {logging_mixin.py:188} INFO - [2024-02-07T08:43:44.767+0000] {dag.py:3820} INFO - Setting next_dagrun for example_dag_decorator to None, run_after=None
[2024-02-07T08:43:44.794+0000] {processor.py:183} INFO - Processing /home/airflow/.local/lib/python3.8/site-packages/airflow/example_dags/example_dag_decorator.py took 0.284 seconds
[2024-02-07T08:44:15.298+0000] {processor.py:161} INFO - Started process (PID=502) to work on /home/airflow/.local/lib/python3.8/site-packages/airflow/example_dags/example_dag_decorator.py
[2024-02-07T08:44:15.299+0000] {processor.py:830} INFO - Processing file /home/airflow/.local/lib/python3.8/site-packages/airflow/example_dags/example_dag_decorator.py for tasks to queue
[2024-02-07T08:44:15.302+0000] {logging_mixin.py:188} INFO - [2024-02-07T08:44:15.301+0000] {dagbag.py:538} INFO - Filling up the DagBag from /home/airflow/.local/lib/python3.8/site-packages/airflow/example_dags/example_dag_decorator.py
[2024-02-07T08:44:15.413+0000] {processor.py:840} INFO - DAG(s) 'example_dag_decorator' retrieved from /home/airflow/.local/lib/python3.8/site-packages/airflow/example_dags/example_dag_decorator.py
[2024-02-07T08:44:15.523+0000] {logging_mixin.py:188} INFO - [2024-02-07T08:44:15.523+0000] {dag.py:3033} INFO - Sync 1 DAGs
[2024-02-07T08:44:15.533+0000] {logging_mixin.py:188} INFO - [2024-02-07T08:44:15.533+0000] {dag.py:3820} INFO - Setting next_dagrun for example_dag_decorator to None, run_after=None
[2024-02-07T08:44:15.557+0000] {processor.py:183} INFO - Processing /home/airflow/.local/lib/python3.8/site-packages/airflow/example_dags/example_dag_decorator.py took 0.263 seconds
[2024-02-07T08:44:45.623+0000] {processor.py:161} INFO - Started process (PID=559) to work on /home/airflow/.local/lib/python3.8/site-packages/airflow/example_dags/example_dag_decorator.py
[2024-02-07T08:44:45.624+0000] {processor.py:830} INFO - Processing file /home/airflow/.local/lib/python3.8/site-packages/airflow/example_dags/example_dag_decorator.py for tasks to queue
[2024-02-07T08:44:45.627+0000] {logging_mixin.py:188} INFO - [2024-02-07T08:44:45.626+0000] {dagbag.py:538} INFO - Filling up the DagBag from /home/airflow/.local/lib/python3.8/site-packages/airflow/example_dags/example_dag_decorator.py
[2024-02-07T08:44:45.735+0000] {processor.py:840} INFO - DAG(s) 'example_dag_decorator' retrieved from /home/airflow/.local/lib/python3.8/site-packages/airflow/example_dags/example_dag_decorator.py
[2024-02-07T08:44:45.863+0000] {logging_mixin.py:188} INFO - [2024-02-07T08:44:45.863+0000] {dag.py:3033} INFO - Sync 1 DAGs
[2024-02-07T08:44:45.877+0000] {logging_mixin.py:188} INFO - [2024-02-07T08:44:45.877+0000] {dag.py:3820} INFO - Setting next_dagrun for example_dag_decorator to None, run_after=None
[2024-02-07T08:44:45.905+0000] {processor.py:183} INFO - Processing /home/airflow/.local/lib/python3.8/site-packages/airflow/example_dags/example_dag_decorator.py took 0.287 seconds
[2024-02-07T08:45:15.942+0000] {processor.py:161} INFO - Started process (PID=617) to work on /home/airflow/.local/lib/python3.8/site-packages/airflow/example_dags/example_dag_decorator.py
[2024-02-07T08:45:15.943+0000] {processor.py:830} INFO - Processing file /home/airflow/.local/lib/python3.8/site-packages/airflow/example_dags/example_dag_decorator.py for tasks to queue
[2024-02-07T08:45:15.946+0000] {logging_mixin.py:188} INFO - [2024-02-07T08:45:15.946+0000] {dagbag.py:538} INFO - Filling up the DagBag from /home/airflow/.local/lib/python3.8/site-packages/airflow/example_dags/example_dag_decorator.py
[2024-02-07T08:45:16.058+0000] {processor.py:840} INFO - DAG(s) 'example_dag_decorator' retrieved from /home/airflow/.local/lib/python3.8/site-packages/airflow/example_dags/example_dag_decorator.py
[2024-02-07T08:45:16.166+0000] {logging_mixin.py:188} INFO - [2024-02-07T08:45:16.166+0000] {dag.py:3033} INFO - Sync 1 DAGs
[2024-02-07T08:45:16.182+0000] {logging_mixin.py:188} INFO - [2024-02-07T08:45:16.182+0000] {dag.py:3820} INFO - Setting next_dagrun for example_dag_decorator to None, run_after=None
[2024-02-07T08:45:16.212+0000] {processor.py:183} INFO - Processing /home/airflow/.local/lib/python3.8/site-packages/airflow/example_dags/example_dag_decorator.py took 0.274 seconds
[2024-02-07T08:45:46.325+0000] {processor.py:161} INFO - Started process (PID=673) to work on /home/airflow/.local/lib/python3.8/site-packages/airflow/example_dags/example_dag_decorator.py
[2024-02-07T08:45:46.326+0000] {processor.py:830} INFO - Processing file /home/airflow/.local/lib/python3.8/site-packages/airflow/example_dags/example_dag_decorator.py for tasks to queue
[2024-02-07T08:45:46.329+0000] {logging_mixin.py:188} INFO - [2024-02-07T08:45:46.329+0000] {dagbag.py:538} INFO - Filling up the DagBag from /home/airflow/.local/lib/python3.8/site-packages/airflow/example_dags/example_dag_decorator.py
[2024-02-07T08:45:46.418+0000] {processor.py:840} INFO - DAG(s) 'example_dag_decorator' retrieved from /home/airflow/.local/lib/python3.8/site-packages/airflow/example_dags/example_dag_decorator.py
[2024-02-07T08:45:46.519+0000] {logging_mixin.py:188} INFO - [2024-02-07T08:45:46.518+0000] {dag.py:3033} INFO - Sync 1 DAGs
[2024-02-07T08:45:46.530+0000] {logging_mixin.py:188} INFO - [2024-02-07T08:45:46.529+0000] {dag.py:3820} INFO - Setting next_dagrun for example_dag_decorator to None, run_after=None
[2024-02-07T08:45:46.553+0000] {processor.py:183} INFO - Processing /home/airflow/.local/lib/python3.8/site-packages/airflow/example_dags/example_dag_decorator.py took 0.232 seconds
[2024-02-07T08:46:17.044+0000] {processor.py:161} INFO - Started process (PID=730) to work on /home/airflow/.local/lib/python3.8/site-packages/airflow/example_dags/example_dag_decorator.py
[2024-02-07T08:46:17.045+0000] {processor.py:830} INFO - Processing file /home/airflow/.local/lib/python3.8/site-packages/airflow/example_dags/example_dag_decorator.py for tasks to queue
[2024-02-07T08:46:17.048+0000] {logging_mixin.py:188} INFO - [2024-02-07T08:46:17.048+0000] {dagbag.py:538} INFO - Filling up the DagBag from /home/airflow/.local/lib/python3.8/site-packages/airflow/example_dags/example_dag_decorator.py
[2024-02-07T08:46:17.164+0000] {processor.py:840} INFO - DAG(s) 'example_dag_decorator' retrieved from /home/airflow/.local/lib/python3.8/site-packages/airflow/example_dags/example_dag_decorator.py
[2024-02-07T08:46:17.476+0000] {logging_mixin.py:188} INFO - [2024-02-07T08:46:17.475+0000] {dag.py:3033} INFO - Sync 1 DAGs
[2024-02-07T08:46:17.488+0000] {logging_mixin.py:188} INFO - [2024-02-07T08:46:17.488+0000] {dag.py:3820} INFO - Setting next_dagrun for example_dag_decorator to None, run_after=None
[2024-02-07T08:46:17.518+0000] {processor.py:183} INFO - Processing /home/airflow/.local/lib/python3.8/site-packages/airflow/example_dags/example_dag_decorator.py took 0.479 seconds
[2024-02-07T08:46:47.621+0000] {processor.py:161} INFO - Started process (PID=789) to work on /home/airflow/.local/lib/python3.8/site-packages/airflow/example_dags/example_dag_decorator.py
[2024-02-07T08:46:47.623+0000] {processor.py:830} INFO - Processing file /home/airflow/.local/lib/python3.8/site-packages/airflow/example_dags/example_dag_decorator.py for tasks to queue
[2024-02-07T08:46:47.626+0000] {logging_mixin.py:188} INFO - [2024-02-07T08:46:47.626+0000] {dagbag.py:538} INFO - Filling up the DagBag from /home/airflow/.local/lib/python3.8/site-packages/airflow/example_dags/example_dag_decorator.py
[2024-02-07T08:46:47.757+0000] {processor.py:840} INFO - DAG(s) 'example_dag_decorator' retrieved from /home/airflow/.local/lib/python3.8/site-packages/airflow/example_dags/example_dag_decorator.py
[2024-02-07T08:46:47.908+0000] {logging_mixin.py:188} INFO - [2024-02-07T08:46:47.907+0000] {dag.py:3033} INFO - Sync 1 DAGs
[2024-02-07T08:46:47.924+0000] {logging_mixin.py:188} INFO - [2024-02-07T08:46:47.924+0000] {dag.py:3820} INFO - Setting next_dagrun for example_dag_decorator to None, run_after=None
[2024-02-07T08:46:47.955+0000] {processor.py:183} INFO - Processing /home/airflow/.local/lib/python3.8/site-packages/airflow/example_dags/example_dag_decorator.py took 0.339 seconds
[2024-02-07T08:47:18.017+0000] {processor.py:161} INFO - Started process (PID=847) to work on /home/airflow/.local/lib/python3.8/site-packages/airflow/example_dags/example_dag_decorator.py
[2024-02-07T08:47:18.019+0000] {processor.py:830} INFO - Processing file /home/airflow/.local/lib/python3.8/site-packages/airflow/example_dags/example_dag_decorator.py for tasks to queue
[2024-02-07T08:47:18.021+0000] {logging_mixin.py:188} INFO - [2024-02-07T08:47:18.021+0000] {dagbag.py:538} INFO - Filling up the DagBag from /home/airflow/.local/lib/python3.8/site-packages/airflow/example_dags/example_dag_decorator.py
[2024-02-07T08:47:18.126+0000] {processor.py:840} INFO - DAG(s) 'example_dag_decorator' retrieved from /home/airflow/.local/lib/python3.8/site-packages/airflow/example_dags/example_dag_decorator.py
[2024-02-07T08:47:18.369+0000] {logging_mixin.py:188} INFO - [2024-02-07T08:47:18.369+0000] {dag.py:3033} INFO - Sync 1 DAGs
[2024-02-07T08:47:18.379+0000] {logging_mixin.py:188} INFO - [2024-02-07T08:47:18.378+0000] {dag.py:3820} INFO - Setting next_dagrun for example_dag_decorator to None, run_after=None
[2024-02-07T08:47:18.408+0000] {processor.py:183} INFO - Processing /home/airflow/.local/lib/python3.8/site-packages/airflow/example_dags/example_dag_decorator.py took 0.396 seconds
[2024-02-07T08:47:48.638+0000] {processor.py:161} INFO - Started process (PID=906) to work on /home/airflow/.local/lib/python3.8/site-packages/airflow/example_dags/example_dag_decorator.py
[2024-02-07T08:47:48.639+0000] {processor.py:830} INFO - Processing file /home/airflow/.local/lib/python3.8/site-packages/airflow/example_dags/example_dag_decorator.py for tasks to queue
[2024-02-07T08:47:48.642+0000] {logging_mixin.py:188} INFO - [2024-02-07T08:47:48.642+0000] {dagbag.py:538} INFO - Filling up the DagBag from /home/airflow/.local/lib/python3.8/site-packages/airflow/example_dags/example_dag_decorator.py
[2024-02-07T08:47:48.760+0000] {processor.py:840} INFO - DAG(s) 'example_dag_decorator' retrieved from /home/airflow/.local/lib/python3.8/site-packages/airflow/example_dags/example_dag_decorator.py
[2024-02-07T08:47:48.997+0000] {logging_mixin.py:188} INFO - [2024-02-07T08:47:48.996+0000] {dag.py:3033} INFO - Sync 1 DAGs
[2024-02-07T08:47:49.012+0000] {logging_mixin.py:188} INFO - [2024-02-07T08:47:49.012+0000] {dag.py:3820} INFO - Setting next_dagrun for example_dag_decorator to None, run_after=None
[2024-02-07T08:47:49.041+0000] {processor.py:183} INFO - Processing /home/airflow/.local/lib/python3.8/site-packages/airflow/example_dags/example_dag_decorator.py took 0.408 seconds
[2024-02-07T08:48:19.178+0000] {processor.py:161} INFO - Started process (PID=965) to work on /home/airflow/.local/lib/python3.8/site-packages/airflow/example_dags/example_dag_decorator.py
[2024-02-07T08:48:19.179+0000] {processor.py:830} INFO - Processing file /home/airflow/.local/lib/python3.8/site-packages/airflow/example_dags/example_dag_decorator.py for tasks to queue
[2024-02-07T08:48:19.182+0000] {logging_mixin.py:188} INFO - [2024-02-07T08:48:19.182+0000] {dagbag.py:538} INFO - Filling up the DagBag from /home/airflow/.local/lib/python3.8/site-packages/airflow/example_dags/example_dag_decorator.py
[2024-02-07T08:48:19.311+0000] {processor.py:840} INFO - DAG(s) 'example_dag_decorator' retrieved from /home/airflow/.local/lib/python3.8/site-packages/airflow/example_dags/example_dag_decorator.py
[2024-02-07T08:48:19.411+0000] {logging_mixin.py:188} INFO - [2024-02-07T08:48:19.411+0000] {dag.py:3033} INFO - Sync 1 DAGs
[2024-02-07T08:48:19.582+0000] {logging_mixin.py:188} INFO - [2024-02-07T08:48:19.582+0000] {dag.py:3820} INFO - Setting next_dagrun for example_dag_decorator to None, run_after=None
[2024-02-07T08:48:19.602+0000] {processor.py:183} INFO - Processing /home/airflow/.local/lib/python3.8/site-packages/airflow/example_dags/example_dag_decorator.py took 0.428 seconds
[2024-02-07T08:48:49.675+0000] {processor.py:161} INFO - Started process (PID=1025) to work on /home/airflow/.local/lib/python3.8/site-packages/airflow/example_dags/example_dag_decorator.py
[2024-02-07T08:48:49.676+0000] {processor.py:830} INFO - Processing file /home/airflow/.local/lib/python3.8/site-packages/airflow/example_dags/example_dag_decorator.py for tasks to queue
[2024-02-07T08:48:49.678+0000] {logging_mixin.py:188} INFO - [2024-02-07T08:48:49.678+0000] {dagbag.py:538} INFO - Filling up the DagBag from /home/airflow/.local/lib/python3.8/site-packages/airflow/example_dags/example_dag_decorator.py
[2024-02-07T08:48:49.778+0000] {processor.py:840} INFO - DAG(s) 'example_dag_decorator' retrieved from /home/airflow/.local/lib/python3.8/site-packages/airflow/example_dags/example_dag_decorator.py
[2024-02-07T08:48:49.891+0000] {logging_mixin.py:188} INFO - [2024-02-07T08:48:49.891+0000] {dag.py:3033} INFO - Sync 1 DAGs
[2024-02-07T08:48:50.011+0000] {logging_mixin.py:188} INFO - [2024-02-07T08:48:50.011+0000] {dag.py:3820} INFO - Setting next_dagrun for example_dag_decorator to None, run_after=None
[2024-02-07T08:48:50.043+0000] {processor.py:183} INFO - Processing /home/airflow/.local/lib/python3.8/site-packages/airflow/example_dags/example_dag_decorator.py took 0.372 seconds
[2024-02-07T08:49:20.294+0000] {processor.py:161} INFO - Started process (PID=1082) to work on /home/airflow/.local/lib/python3.8/site-packages/airflow/example_dags/example_dag_decorator.py
[2024-02-07T08:49:20.295+0000] {processor.py:830} INFO - Processing file /home/airflow/.local/lib/python3.8/site-packages/airflow/example_dags/example_dag_decorator.py for tasks to queue
[2024-02-07T08:49:20.298+0000] {logging_mixin.py:188} INFO - [2024-02-07T08:49:20.298+0000] {dagbag.py:538} INFO - Filling up the DagBag from /home/airflow/.local/lib/python3.8/site-packages/airflow/example_dags/example_dag_decorator.py
[2024-02-07T08:49:20.425+0000] {processor.py:840} INFO - DAG(s) 'example_dag_decorator' retrieved from /home/airflow/.local/lib/python3.8/site-packages/airflow/example_dags/example_dag_decorator.py
[2024-02-07T08:49:20.534+0000] {logging_mixin.py:188} INFO - [2024-02-07T08:49:20.534+0000] {dag.py:3033} INFO - Sync 1 DAGs
[2024-02-07T08:49:20.547+0000] {logging_mixin.py:188} INFO - [2024-02-07T08:49:20.547+0000] {dag.py:3820} INFO - Setting next_dagrun for example_dag_decorator to None, run_after=None
[2024-02-07T08:49:20.724+0000] {processor.py:183} INFO - Processing /home/airflow/.local/lib/python3.8/site-packages/airflow/example_dags/example_dag_decorator.py took 0.434 seconds
[2024-02-07T08:49:50.765+0000] {processor.py:161} INFO - Started process (PID=1139) to work on /home/airflow/.local/lib/python3.8/site-packages/airflow/example_dags/example_dag_decorator.py
[2024-02-07T08:49:50.766+0000] {processor.py:830} INFO - Processing file /home/airflow/.local/lib/python3.8/site-packages/airflow/example_dags/example_dag_decorator.py for tasks to queue
[2024-02-07T08:49:50.769+0000] {logging_mixin.py:188} INFO - [2024-02-07T08:49:50.769+0000] {dagbag.py:538} INFO - Filling up the DagBag from /home/airflow/.local/lib/python3.8/site-packages/airflow/example_dags/example_dag_decorator.py
[2024-02-07T08:49:50.871+0000] {processor.py:840} INFO - DAG(s) 'example_dag_decorator' retrieved from /home/airflow/.local/lib/python3.8/site-packages/airflow/example_dags/example_dag_decorator.py
[2024-02-07T08:49:50.972+0000] {logging_mixin.py:188} INFO - [2024-02-07T08:49:50.971+0000] {dag.py:3033} INFO - Sync 1 DAGs
[2024-02-07T08:49:50.985+0000] {logging_mixin.py:188} INFO - [2024-02-07T08:49:50.985+0000] {dag.py:3820} INFO - Setting next_dagrun for example_dag_decorator to None, run_after=None
[2024-02-07T08:49:51.006+0000] {processor.py:183} INFO - Processing /home/airflow/.local/lib/python3.8/site-packages/airflow/example_dags/example_dag_decorator.py took 0.245 seconds
[2024-02-07T08:50:21.117+0000] {processor.py:161} INFO - Started process (PID=1194) to work on /home/airflow/.local/lib/python3.8/site-packages/airflow/example_dags/example_dag_decorator.py
[2024-02-07T08:50:21.118+0000] {processor.py:830} INFO - Processing file /home/airflow/.local/lib/python3.8/site-packages/airflow/example_dags/example_dag_decorator.py for tasks to queue
[2024-02-07T08:50:21.121+0000] {logging_mixin.py:188} INFO - [2024-02-07T08:50:21.120+0000] {dagbag.py:538} INFO - Filling up the DagBag from /home/airflow/.local/lib/python3.8/site-packages/airflow/example_dags/example_dag_decorator.py
[2024-02-07T08:50:21.241+0000] {processor.py:840} INFO - DAG(s) 'example_dag_decorator' retrieved from /home/airflow/.local/lib/python3.8/site-packages/airflow/example_dags/example_dag_decorator.py
[2024-02-07T08:50:21.530+0000] {logging_mixin.py:188} INFO - [2024-02-07T08:50:21.530+0000] {dag.py:3033} INFO - Sync 1 DAGs
[2024-02-07T08:50:21.545+0000] {logging_mixin.py:188} INFO - [2024-02-07T08:50:21.545+0000] {dag.py:3820} INFO - Setting next_dagrun for example_dag_decorator to None, run_after=None
[2024-02-07T08:50:21.565+0000] {processor.py:183} INFO - Processing /home/airflow/.local/lib/python3.8/site-packages/airflow/example_dags/example_dag_decorator.py took 0.451 seconds
[2024-02-07T08:50:51.689+0000] {processor.py:161} INFO - Started process (PID=1253) to work on /home/airflow/.local/lib/python3.8/site-packages/airflow/example_dags/example_dag_decorator.py
[2024-02-07T08:50:51.691+0000] {processor.py:830} INFO - Processing file /home/airflow/.local/lib/python3.8/site-packages/airflow/example_dags/example_dag_decorator.py for tasks to queue
[2024-02-07T08:50:51.693+0000] {logging_mixin.py:188} INFO - [2024-02-07T08:50:51.693+0000] {dagbag.py:538} INFO - Filling up the DagBag from /home/airflow/.local/lib/python3.8/site-packages/airflow/example_dags/example_dag_decorator.py
[2024-02-07T08:50:51.777+0000] {processor.py:840} INFO - DAG(s) 'example_dag_decorator' retrieved from /home/airflow/.local/lib/python3.8/site-packages/airflow/example_dags/example_dag_decorator.py
[2024-02-07T08:50:51.969+0000] {logging_mixin.py:188} INFO - [2024-02-07T08:50:51.969+0000] {dag.py:3033} INFO - Sync 1 DAGs
[2024-02-07T08:50:51.984+0000] {logging_mixin.py:188} INFO - [2024-02-07T08:50:51.984+0000] {dag.py:3820} INFO - Setting next_dagrun for example_dag_decorator to None, run_after=None
[2024-02-07T08:50:52.023+0000] {processor.py:183} INFO - Processing /home/airflow/.local/lib/python3.8/site-packages/airflow/example_dags/example_dag_decorator.py took 0.337 seconds
[2024-02-07T08:51:22.154+0000] {processor.py:161} INFO - Started process (PID=1309) to work on /home/airflow/.local/lib/python3.8/site-packages/airflow/example_dags/example_dag_decorator.py
[2024-02-07T08:51:22.155+0000] {processor.py:830} INFO - Processing file /home/airflow/.local/lib/python3.8/site-packages/airflow/example_dags/example_dag_decorator.py for tasks to queue
[2024-02-07T08:51:22.158+0000] {logging_mixin.py:188} INFO - [2024-02-07T08:51:22.157+0000] {dagbag.py:538} INFO - Filling up the DagBag from /home/airflow/.local/lib/python3.8/site-packages/airflow/example_dags/example_dag_decorator.py
[2024-02-07T08:51:22.256+0000] {processor.py:840} INFO - DAG(s) 'example_dag_decorator' retrieved from /home/airflow/.local/lib/python3.8/site-packages/airflow/example_dags/example_dag_decorator.py
[2024-02-07T08:51:22.489+0000] {logging_mixin.py:188} INFO - [2024-02-07T08:51:22.489+0000] {dag.py:3033} INFO - Sync 1 DAGs
[2024-02-07T08:51:22.501+0000] {logging_mixin.py:188} INFO - [2024-02-07T08:51:22.500+0000] {dag.py:3820} INFO - Setting next_dagrun for example_dag_decorator to None, run_after=None
[2024-02-07T08:51:22.525+0000] {processor.py:183} INFO - Processing /home/airflow/.local/lib/python3.8/site-packages/airflow/example_dags/example_dag_decorator.py took 0.375 seconds
[2024-02-07T08:51:53.212+0000] {processor.py:161} INFO - Started process (PID=1368) to work on /home/airflow/.local/lib/python3.8/site-packages/airflow/example_dags/example_dag_decorator.py
[2024-02-07T08:51:53.213+0000] {processor.py:830} INFO - Processing file /home/airflow/.local/lib/python3.8/site-packages/airflow/example_dags/example_dag_decorator.py for tasks to queue
[2024-02-07T08:51:53.217+0000] {logging_mixin.py:188} INFO - [2024-02-07T08:51:53.217+0000] {dagbag.py:538} INFO - Filling up the DagBag from /home/airflow/.local/lib/python3.8/site-packages/airflow/example_dags/example_dag_decorator.py
[2024-02-07T08:51:53.332+0000] {processor.py:840} INFO - DAG(s) 'example_dag_decorator' retrieved from /home/airflow/.local/lib/python3.8/site-packages/airflow/example_dags/example_dag_decorator.py
[2024-02-07T08:51:53.628+0000] {logging_mixin.py:188} INFO - [2024-02-07T08:51:53.628+0000] {dag.py:3033} INFO - Sync 1 DAGs
[2024-02-07T08:51:53.641+0000] {logging_mixin.py:188} INFO - [2024-02-07T08:51:53.641+0000] {dag.py:3820} INFO - Setting next_dagrun for example_dag_decorator to None, run_after=None
[2024-02-07T08:51:53.665+0000] {processor.py:183} INFO - Processing /home/airflow/.local/lib/python3.8/site-packages/airflow/example_dags/example_dag_decorator.py took 0.456 seconds
[2024-02-07T08:52:24.329+0000] {processor.py:161} INFO - Started process (PID=1425) to work on /home/airflow/.local/lib/python3.8/site-packages/airflow/example_dags/example_dag_decorator.py
[2024-02-07T08:52:24.331+0000] {processor.py:830} INFO - Processing file /home/airflow/.local/lib/python3.8/site-packages/airflow/example_dags/example_dag_decorator.py for tasks to queue
[2024-02-07T08:52:24.334+0000] {logging_mixin.py:188} INFO - [2024-02-07T08:52:24.334+0000] {dagbag.py:538} INFO - Filling up the DagBag from /home/airflow/.local/lib/python3.8/site-packages/airflow/example_dags/example_dag_decorator.py
[2024-02-07T08:52:24.430+0000] {processor.py:840} INFO - DAG(s) 'example_dag_decorator' retrieved from /home/airflow/.local/lib/python3.8/site-packages/airflow/example_dags/example_dag_decorator.py
[2024-02-07T08:52:24.662+0000] {logging_mixin.py:188} INFO - [2024-02-07T08:52:24.662+0000] {dag.py:3033} INFO - Sync 1 DAGs
[2024-02-07T08:52:24.676+0000] {logging_mixin.py:188} INFO - [2024-02-07T08:52:24.675+0000] {dag.py:3820} INFO - Setting next_dagrun for example_dag_decorator to None, run_after=None
[2024-02-07T08:52:24.700+0000] {processor.py:183} INFO - Processing /home/airflow/.local/lib/python3.8/site-packages/airflow/example_dags/example_dag_decorator.py took 0.375 seconds
[2024-02-07T08:52:54.795+0000] {processor.py:161} INFO - Started process (PID=1485) to work on /home/airflow/.local/lib/python3.8/site-packages/airflow/example_dags/example_dag_decorator.py
[2024-02-07T08:52:54.796+0000] {processor.py:830} INFO - Processing file /home/airflow/.local/lib/python3.8/site-packages/airflow/example_dags/example_dag_decorator.py for tasks to queue
[2024-02-07T08:52:54.799+0000] {logging_mixin.py:188} INFO - [2024-02-07T08:52:54.799+0000] {dagbag.py:538} INFO - Filling up the DagBag from /home/airflow/.local/lib/python3.8/site-packages/airflow/example_dags/example_dag_decorator.py
[2024-02-07T08:52:54.913+0000] {processor.py:840} INFO - DAG(s) 'example_dag_decorator' retrieved from /home/airflow/.local/lib/python3.8/site-packages/airflow/example_dags/example_dag_decorator.py
[2024-02-07T08:52:55.172+0000] {logging_mixin.py:188} INFO - [2024-02-07T08:52:55.172+0000] {dag.py:3033} INFO - Sync 1 DAGs
[2024-02-07T08:52:55.184+0000] {logging_mixin.py:188} INFO - [2024-02-07T08:52:55.183+0000] {dag.py:3820} INFO - Setting next_dagrun for example_dag_decorator to None, run_after=None
[2024-02-07T08:52:55.201+0000] {processor.py:183} INFO - Processing /home/airflow/.local/lib/python3.8/site-packages/airflow/example_dags/example_dag_decorator.py took 0.409 seconds
[2024-02-07T08:53:25.269+0000] {processor.py:161} INFO - Started process (PID=1544) to work on /home/airflow/.local/lib/python3.8/site-packages/airflow/example_dags/example_dag_decorator.py
[2024-02-07T08:53:25.271+0000] {processor.py:830} INFO - Processing file /home/airflow/.local/lib/python3.8/site-packages/airflow/example_dags/example_dag_decorator.py for tasks to queue
[2024-02-07T08:53:25.276+0000] {logging_mixin.py:188} INFO - [2024-02-07T08:53:25.276+0000] {dagbag.py:538} INFO - Filling up the DagBag from /home/airflow/.local/lib/python3.8/site-packages/airflow/example_dags/example_dag_decorator.py
[2024-02-07T08:53:25.396+0000] {processor.py:840} INFO - DAG(s) 'example_dag_decorator' retrieved from /home/airflow/.local/lib/python3.8/site-packages/airflow/example_dags/example_dag_decorator.py
[2024-02-07T08:53:25.640+0000] {logging_mixin.py:188} INFO - [2024-02-07T08:53:25.639+0000] {dag.py:3033} INFO - Sync 1 DAGs
[2024-02-07T08:53:25.650+0000] {logging_mixin.py:188} INFO - [2024-02-07T08:53:25.650+0000] {dag.py:3820} INFO - Setting next_dagrun for example_dag_decorator to None, run_after=None
[2024-02-07T08:53:25.678+0000] {processor.py:183} INFO - Processing /home/airflow/.local/lib/python3.8/site-packages/airflow/example_dags/example_dag_decorator.py took 0.413 seconds
[2024-02-07T08:53:56.525+0000] {processor.py:161} INFO - Started process (PID=1601) to work on /home/airflow/.local/lib/python3.8/site-packages/airflow/example_dags/example_dag_decorator.py
[2024-02-07T08:53:56.527+0000] {processor.py:830} INFO - Processing file /home/airflow/.local/lib/python3.8/site-packages/airflow/example_dags/example_dag_decorator.py for tasks to queue
[2024-02-07T08:53:56.529+0000] {logging_mixin.py:188} INFO - [2024-02-07T08:53:56.529+0000] {dagbag.py:538} INFO - Filling up the DagBag from /home/airflow/.local/lib/python3.8/site-packages/airflow/example_dags/example_dag_decorator.py
[2024-02-07T08:53:56.629+0000] {processor.py:840} INFO - DAG(s) 'example_dag_decorator' retrieved from /home/airflow/.local/lib/python3.8/site-packages/airflow/example_dags/example_dag_decorator.py
[2024-02-07T08:53:56.967+0000] {logging_mixin.py:188} INFO - [2024-02-07T08:53:56.966+0000] {dag.py:3033} INFO - Sync 1 DAGs
[2024-02-07T08:53:56.979+0000] {logging_mixin.py:188} INFO - [2024-02-07T08:53:56.979+0000] {dag.py:3820} INFO - Setting next_dagrun for example_dag_decorator to None, run_after=None
[2024-02-07T08:53:57.009+0000] {processor.py:183} INFO - Processing /home/airflow/.local/lib/python3.8/site-packages/airflow/example_dags/example_dag_decorator.py took 0.486 seconds
[2024-02-07T08:54:27.156+0000] {processor.py:161} INFO - Started process (PID=1661) to work on /home/airflow/.local/lib/python3.8/site-packages/airflow/example_dags/example_dag_decorator.py
[2024-02-07T08:54:27.157+0000] {processor.py:830} INFO - Processing file /home/airflow/.local/lib/python3.8/site-packages/airflow/example_dags/example_dag_decorator.py for tasks to queue
[2024-02-07T08:54:27.161+0000] {logging_mixin.py:188} INFO - [2024-02-07T08:54:27.160+0000] {dagbag.py:538} INFO - Filling up the DagBag from /home/airflow/.local/lib/python3.8/site-packages/airflow/example_dags/example_dag_decorator.py
[2024-02-07T08:54:27.271+0000] {processor.py:840} INFO - DAG(s) 'example_dag_decorator' retrieved from /home/airflow/.local/lib/python3.8/site-packages/airflow/example_dags/example_dag_decorator.py
[2024-02-07T08:54:27.556+0000] {logging_mixin.py:188} INFO - [2024-02-07T08:54:27.556+0000] {dag.py:3033} INFO - Sync 1 DAGs
[2024-02-07T08:54:27.567+0000] {logging_mixin.py:188} INFO - [2024-02-07T08:54:27.566+0000] {dag.py:3820} INFO - Setting next_dagrun for example_dag_decorator to None, run_after=None
[2024-02-07T08:54:27.595+0000] {processor.py:183} INFO - Processing /home/airflow/.local/lib/python3.8/site-packages/airflow/example_dags/example_dag_decorator.py took 0.445 seconds
[2024-02-07T08:54:58.995+0000] {processor.py:161} INFO - Started process (PID=1725) to work on /home/airflow/.local/lib/python3.8/site-packages/airflow/example_dags/example_dag_decorator.py
[2024-02-07T08:54:59.000+0000] {processor.py:830} INFO - Processing file /home/airflow/.local/lib/python3.8/site-packages/airflow/example_dags/example_dag_decorator.py for tasks to queue
[2024-02-07T08:54:59.011+0000] {logging_mixin.py:188} INFO - [2024-02-07T08:54:59.010+0000] {dagbag.py:538} INFO - Filling up the DagBag from /home/airflow/.local/lib/python3.8/site-packages/airflow/example_dags/example_dag_decorator.py
[2024-02-07T08:54:59.319+0000] {processor.py:840} INFO - DAG(s) 'example_dag_decorator' retrieved from /home/airflow/.local/lib/python3.8/site-packages/airflow/example_dags/example_dag_decorator.py
[2024-02-07T08:54:59.932+0000] {logging_mixin.py:188} INFO - [2024-02-07T08:54:59.931+0000] {dag.py:3033} INFO - Sync 1 DAGs
[2024-02-07T08:54:59.964+0000] {logging_mixin.py:188} INFO - [2024-02-07T08:54:59.963+0000] {dag.py:3820} INFO - Setting next_dagrun for example_dag_decorator to None, run_after=None
[2024-02-07T08:55:00.009+0000] {processor.py:183} INFO - Processing /home/airflow/.local/lib/python3.8/site-packages/airflow/example_dags/example_dag_decorator.py took 1.024 seconds
[2024-02-07T08:55:30.210+0000] {processor.py:161} INFO - Started process (PID=1784) to work on /home/airflow/.local/lib/python3.8/site-packages/airflow/example_dags/example_dag_decorator.py
[2024-02-07T08:55:30.212+0000] {processor.py:830} INFO - Processing file /home/airflow/.local/lib/python3.8/site-packages/airflow/example_dags/example_dag_decorator.py for tasks to queue
[2024-02-07T08:55:30.218+0000] {logging_mixin.py:188} INFO - [2024-02-07T08:55:30.217+0000] {dagbag.py:538} INFO - Filling up the DagBag from /home/airflow/.local/lib/python3.8/site-packages/airflow/example_dags/example_dag_decorator.py
[2024-02-07T08:55:30.536+0000] {processor.py:840} INFO - DAG(s) 'example_dag_decorator' retrieved from /home/airflow/.local/lib/python3.8/site-packages/airflow/example_dags/example_dag_decorator.py
[2024-02-07T08:55:31.067+0000] {logging_mixin.py:188} INFO - [2024-02-07T08:55:31.067+0000] {dag.py:3033} INFO - Sync 1 DAGs
[2024-02-07T08:55:31.090+0000] {logging_mixin.py:188} INFO - [2024-02-07T08:55:31.090+0000] {dag.py:3820} INFO - Setting next_dagrun for example_dag_decorator to None, run_after=None
[2024-02-07T08:55:31.137+0000] {processor.py:183} INFO - Processing /home/airflow/.local/lib/python3.8/site-packages/airflow/example_dags/example_dag_decorator.py took 0.939 seconds
[2024-02-07T08:56:03.216+0000] {processor.py:161} INFO - Started process (PID=1833) to work on /home/airflow/.local/lib/python3.8/site-packages/airflow/example_dags/example_dag_decorator.py
[2024-02-07T08:56:03.219+0000] {processor.py:830} INFO - Processing file /home/airflow/.local/lib/python3.8/site-packages/airflow/example_dags/example_dag_decorator.py for tasks to queue
[2024-02-07T08:56:03.236+0000] {logging_mixin.py:188} INFO - [2024-02-07T08:56:03.235+0000] {dagbag.py:538} INFO - Filling up the DagBag from /home/airflow/.local/lib/python3.8/site-packages/airflow/example_dags/example_dag_decorator.py
[2024-02-07T08:56:03.943+0000] {processor.py:840} INFO - DAG(s) 'example_dag_decorator' retrieved from /home/airflow/.local/lib/python3.8/site-packages/airflow/example_dags/example_dag_decorator.py
[2024-02-07T08:56:05.705+0000] {logging_mixin.py:188} INFO - [2024-02-07T08:56:05.704+0000] {dag.py:3033} INFO - Sync 1 DAGs
[2024-02-07T08:56:05.982+0000] {logging_mixin.py:188} INFO - [2024-02-07T08:56:05.981+0000] {dag.py:3820} INFO - Setting next_dagrun for example_dag_decorator to None, run_after=None
[2024-02-07T08:56:06.124+0000] {processor.py:183} INFO - Processing /home/airflow/.local/lib/python3.8/site-packages/airflow/example_dags/example_dag_decorator.py took 2.937 seconds
[2024-02-07T08:56:36.367+0000] {processor.py:161} INFO - Started process (PID=1893) to work on /home/airflow/.local/lib/python3.8/site-packages/airflow/example_dags/example_dag_decorator.py
[2024-02-07T08:56:36.369+0000] {processor.py:830} INFO - Processing file /home/airflow/.local/lib/python3.8/site-packages/airflow/example_dags/example_dag_decorator.py for tasks to queue
[2024-02-07T08:56:36.376+0000] {logging_mixin.py:188} INFO - [2024-02-07T08:56:36.375+0000] {dagbag.py:538} INFO - Filling up the DagBag from /home/airflow/.local/lib/python3.8/site-packages/airflow/example_dags/example_dag_decorator.py
[2024-02-07T08:56:36.588+0000] {processor.py:840} INFO - DAG(s) 'example_dag_decorator' retrieved from /home/airflow/.local/lib/python3.8/site-packages/airflow/example_dags/example_dag_decorator.py
[2024-02-07T08:56:37.121+0000] {logging_mixin.py:188} INFO - [2024-02-07T08:56:37.120+0000] {dag.py:3033} INFO - Sync 1 DAGs
[2024-02-07T08:56:37.149+0000] {logging_mixin.py:188} INFO - [2024-02-07T08:56:37.148+0000] {dag.py:3820} INFO - Setting next_dagrun for example_dag_decorator to None, run_after=None
[2024-02-07T08:56:37.196+0000] {processor.py:183} INFO - Processing /home/airflow/.local/lib/python3.8/site-packages/airflow/example_dags/example_dag_decorator.py took 0.837 seconds
[2024-02-07T08:57:07.416+0000] {processor.py:161} INFO - Started process (PID=1950) to work on /home/airflow/.local/lib/python3.8/site-packages/airflow/example_dags/example_dag_decorator.py
[2024-02-07T08:57:07.419+0000] {processor.py:830} INFO - Processing file /home/airflow/.local/lib/python3.8/site-packages/airflow/example_dags/example_dag_decorator.py for tasks to queue
[2024-02-07T08:57:07.424+0000] {logging_mixin.py:188} INFO - [2024-02-07T08:57:07.424+0000] {dagbag.py:538} INFO - Filling up the DagBag from /home/airflow/.local/lib/python3.8/site-packages/airflow/example_dags/example_dag_decorator.py
[2024-02-07T08:57:07.770+0000] {processor.py:840} INFO - DAG(s) 'example_dag_decorator' retrieved from /home/airflow/.local/lib/python3.8/site-packages/airflow/example_dags/example_dag_decorator.py
[2024-02-07T08:57:08.063+0000] {logging_mixin.py:188} INFO - [2024-02-07T08:57:08.062+0000] {dag.py:3033} INFO - Sync 1 DAGs
[2024-02-07T08:57:08.114+0000] {logging_mixin.py:188} INFO - [2024-02-07T08:57:08.113+0000] {dag.py:3820} INFO - Setting next_dagrun for example_dag_decorator to None, run_after=None
[2024-02-07T08:57:08.174+0000] {processor.py:183} INFO - Processing /home/airflow/.local/lib/python3.8/site-packages/airflow/example_dags/example_dag_decorator.py took 0.768 seconds
[2024-02-07T08:57:38.471+0000] {processor.py:161} INFO - Started process (PID=2008) to work on /home/airflow/.local/lib/python3.8/site-packages/airflow/example_dags/example_dag_decorator.py
[2024-02-07T08:57:38.473+0000] {processor.py:830} INFO - Processing file /home/airflow/.local/lib/python3.8/site-packages/airflow/example_dags/example_dag_decorator.py for tasks to queue
[2024-02-07T08:57:38.480+0000] {logging_mixin.py:188} INFO - [2024-02-07T08:57:38.479+0000] {dagbag.py:538} INFO - Filling up the DagBag from /home/airflow/.local/lib/python3.8/site-packages/airflow/example_dags/example_dag_decorator.py
[2024-02-07T08:57:38.948+0000] {processor.py:840} INFO - DAG(s) 'example_dag_decorator' retrieved from /home/airflow/.local/lib/python3.8/site-packages/airflow/example_dags/example_dag_decorator.py
[2024-02-07T08:57:39.173+0000] {logging_mixin.py:188} INFO - [2024-02-07T08:57:39.172+0000] {dag.py:3033} INFO - Sync 1 DAGs
[2024-02-07T08:57:39.202+0000] {logging_mixin.py:188} INFO - [2024-02-07T08:57:39.202+0000] {dag.py:3820} INFO - Setting next_dagrun for example_dag_decorator to None, run_after=None
[2024-02-07T08:57:39.263+0000] {processor.py:183} INFO - Processing /home/airflow/.local/lib/python3.8/site-packages/airflow/example_dags/example_dag_decorator.py took 0.800 seconds
[2024-02-07T08:58:09.697+0000] {processor.py:161} INFO - Started process (PID=2067) to work on /home/airflow/.local/lib/python3.8/site-packages/airflow/example_dags/example_dag_decorator.py
[2024-02-07T08:58:09.700+0000] {processor.py:830} INFO - Processing file /home/airflow/.local/lib/python3.8/site-packages/airflow/example_dags/example_dag_decorator.py for tasks to queue
[2024-02-07T08:58:09.704+0000] {logging_mixin.py:188} INFO - [2024-02-07T08:58:09.704+0000] {dagbag.py:538} INFO - Filling up the DagBag from /home/airflow/.local/lib/python3.8/site-packages/airflow/example_dags/example_dag_decorator.py
[2024-02-07T08:58:10.107+0000] {processor.py:840} INFO - DAG(s) 'example_dag_decorator' retrieved from /home/airflow/.local/lib/python3.8/site-packages/airflow/example_dags/example_dag_decorator.py
[2024-02-07T08:58:10.292+0000] {logging_mixin.py:188} INFO - [2024-02-07T08:58:10.292+0000] {dag.py:3033} INFO - Sync 1 DAGs
[2024-02-07T08:58:10.310+0000] {logging_mixin.py:188} INFO - [2024-02-07T08:58:10.310+0000] {dag.py:3820} INFO - Setting next_dagrun for example_dag_decorator to None, run_after=None
[2024-02-07T08:58:10.353+0000] {processor.py:183} INFO - Processing /home/airflow/.local/lib/python3.8/site-packages/airflow/example_dags/example_dag_decorator.py took 0.663 seconds
[2024-02-07T08:58:40.445+0000] {processor.py:161} INFO - Started process (PID=2125) to work on /home/airflow/.local/lib/python3.8/site-packages/airflow/example_dags/example_dag_decorator.py
[2024-02-07T08:58:40.447+0000] {processor.py:830} INFO - Processing file /home/airflow/.local/lib/python3.8/site-packages/airflow/example_dags/example_dag_decorator.py for tasks to queue
[2024-02-07T08:58:40.453+0000] {logging_mixin.py:188} INFO - [2024-02-07T08:58:40.452+0000] {dagbag.py:538} INFO - Filling up the DagBag from /home/airflow/.local/lib/python3.8/site-packages/airflow/example_dags/example_dag_decorator.py
[2024-02-07T08:58:41.043+0000] {processor.py:840} INFO - DAG(s) 'example_dag_decorator' retrieved from /home/airflow/.local/lib/python3.8/site-packages/airflow/example_dags/example_dag_decorator.py
[2024-02-07T08:58:41.107+0000] {logging_mixin.py:188} INFO - [2024-02-07T08:58:41.107+0000] {dag.py:3033} INFO - Sync 1 DAGs
[2024-02-07T08:58:41.134+0000] {logging_mixin.py:188} INFO - [2024-02-07T08:58:41.134+0000] {dag.py:3820} INFO - Setting next_dagrun for example_dag_decorator to None, run_after=None
[2024-02-07T08:58:41.181+0000] {processor.py:183} INFO - Processing /home/airflow/.local/lib/python3.8/site-packages/airflow/example_dags/example_dag_decorator.py took 0.749 seconds
[2024-02-07T08:59:11.279+0000] {processor.py:161} INFO - Started process (PID=2182) to work on /home/airflow/.local/lib/python3.8/site-packages/airflow/example_dags/example_dag_decorator.py
[2024-02-07T08:59:11.281+0000] {processor.py:830} INFO - Processing file /home/airflow/.local/lib/python3.8/site-packages/airflow/example_dags/example_dag_decorator.py for tasks to queue
[2024-02-07T08:59:11.287+0000] {logging_mixin.py:188} INFO - [2024-02-07T08:59:11.286+0000] {dagbag.py:538} INFO - Filling up the DagBag from /home/airflow/.local/lib/python3.8/site-packages/airflow/example_dags/example_dag_decorator.py
[2024-02-07T08:59:11.480+0000] {processor.py:840} INFO - DAG(s) 'example_dag_decorator' retrieved from /home/airflow/.local/lib/python3.8/site-packages/airflow/example_dags/example_dag_decorator.py
[2024-02-07T08:59:11.700+0000] {logging_mixin.py:188} INFO - [2024-02-07T08:59:11.699+0000] {dag.py:3033} INFO - Sync 1 DAGs
[2024-02-07T08:59:11.735+0000] {logging_mixin.py:188} INFO - [2024-02-07T08:59:11.734+0000] {dag.py:3820} INFO - Setting next_dagrun for example_dag_decorator to None, run_after=None
[2024-02-07T08:59:11.805+0000] {processor.py:183} INFO - Processing /home/airflow/.local/lib/python3.8/site-packages/airflow/example_dags/example_dag_decorator.py took 0.532 seconds
[2024-02-07T08:59:42.129+0000] {processor.py:161} INFO - Started process (PID=2238) to work on /home/airflow/.local/lib/python3.8/site-packages/airflow/example_dags/example_dag_decorator.py
[2024-02-07T08:59:42.130+0000] {processor.py:830} INFO - Processing file /home/airflow/.local/lib/python3.8/site-packages/airflow/example_dags/example_dag_decorator.py for tasks to queue
[2024-02-07T08:59:42.132+0000] {logging_mixin.py:188} INFO - [2024-02-07T08:59:42.132+0000] {dagbag.py:538} INFO - Filling up the DagBag from /home/airflow/.local/lib/python3.8/site-packages/airflow/example_dags/example_dag_decorator.py
[2024-02-07T08:59:42.229+0000] {processor.py:840} INFO - DAG(s) 'example_dag_decorator' retrieved from /home/airflow/.local/lib/python3.8/site-packages/airflow/example_dags/example_dag_decorator.py
[2024-02-07T08:59:42.321+0000] {logging_mixin.py:188} INFO - [2024-02-07T08:59:42.321+0000] {dag.py:3033} INFO - Sync 1 DAGs
[2024-02-07T08:59:42.332+0000] {logging_mixin.py:188} INFO - [2024-02-07T08:59:42.332+0000] {dag.py:3820} INFO - Setting next_dagrun for example_dag_decorator to None, run_after=None
[2024-02-07T08:59:42.354+0000] {processor.py:183} INFO - Processing /home/airflow/.local/lib/python3.8/site-packages/airflow/example_dags/example_dag_decorator.py took 0.229 seconds
[2024-02-07T09:00:12.473+0000] {processor.py:161} INFO - Started process (PID=2295) to work on /home/airflow/.local/lib/python3.8/site-packages/airflow/example_dags/example_dag_decorator.py
[2024-02-07T09:00:12.475+0000] {processor.py:830} INFO - Processing file /home/airflow/.local/lib/python3.8/site-packages/airflow/example_dags/example_dag_decorator.py for tasks to queue
[2024-02-07T09:00:12.478+0000] {logging_mixin.py:188} INFO - [2024-02-07T09:00:12.477+0000] {dagbag.py:538} INFO - Filling up the DagBag from /home/airflow/.local/lib/python3.8/site-packages/airflow/example_dags/example_dag_decorator.py
[2024-02-07T09:00:12.608+0000] {processor.py:840} INFO - DAG(s) 'example_dag_decorator' retrieved from /home/airflow/.local/lib/python3.8/site-packages/airflow/example_dags/example_dag_decorator.py
[2024-02-07T09:00:12.658+0000] {logging_mixin.py:188} INFO - [2024-02-07T09:00:12.658+0000] {dag.py:3033} INFO - Sync 1 DAGs
[2024-02-07T09:00:12.676+0000] {logging_mixin.py:188} INFO - [2024-02-07T09:00:12.676+0000] {dag.py:3820} INFO - Setting next_dagrun for example_dag_decorator to None, run_after=None
[2024-02-07T09:00:12.705+0000] {processor.py:183} INFO - Processing /home/airflow/.local/lib/python3.8/site-packages/airflow/example_dags/example_dag_decorator.py took 0.236 seconds
[2024-02-07T09:00:42.842+0000] {processor.py:161} INFO - Started process (PID=2353) to work on /home/airflow/.local/lib/python3.8/site-packages/airflow/example_dags/example_dag_decorator.py
[2024-02-07T09:00:42.843+0000] {processor.py:830} INFO - Processing file /home/airflow/.local/lib/python3.8/site-packages/airflow/example_dags/example_dag_decorator.py for tasks to queue
[2024-02-07T09:00:42.846+0000] {logging_mixin.py:188} INFO - [2024-02-07T09:00:42.845+0000] {dagbag.py:538} INFO - Filling up the DagBag from /home/airflow/.local/lib/python3.8/site-packages/airflow/example_dags/example_dag_decorator.py
[2024-02-07T09:00:42.947+0000] {processor.py:840} INFO - DAG(s) 'example_dag_decorator' retrieved from /home/airflow/.local/lib/python3.8/site-packages/airflow/example_dags/example_dag_decorator.py
[2024-02-07T09:00:42.973+0000] {logging_mixin.py:188} INFO - [2024-02-07T09:00:42.973+0000] {dag.py:3033} INFO - Sync 1 DAGs
[2024-02-07T09:00:42.986+0000] {logging_mixin.py:188} INFO - [2024-02-07T09:00:42.986+0000] {dag.py:3820} INFO - Setting next_dagrun for example_dag_decorator to None, run_after=None
[2024-02-07T09:00:43.011+0000] {processor.py:183} INFO - Processing /home/airflow/.local/lib/python3.8/site-packages/airflow/example_dags/example_dag_decorator.py took 0.172 seconds
[2024-02-07T09:01:13.131+0000] {processor.py:161} INFO - Started process (PID=2409) to work on /home/airflow/.local/lib/python3.8/site-packages/airflow/example_dags/example_dag_decorator.py
[2024-02-07T09:01:13.132+0000] {processor.py:830} INFO - Processing file /home/airflow/.local/lib/python3.8/site-packages/airflow/example_dags/example_dag_decorator.py for tasks to queue
[2024-02-07T09:01:13.134+0000] {logging_mixin.py:188} INFO - [2024-02-07T09:01:13.134+0000] {dagbag.py:538} INFO - Filling up the DagBag from /home/airflow/.local/lib/python3.8/site-packages/airflow/example_dags/example_dag_decorator.py
[2024-02-07T09:01:13.225+0000] {processor.py:840} INFO - DAG(s) 'example_dag_decorator' retrieved from /home/airflow/.local/lib/python3.8/site-packages/airflow/example_dags/example_dag_decorator.py
[2024-02-07T09:01:13.253+0000] {logging_mixin.py:188} INFO - [2024-02-07T09:01:13.253+0000] {dag.py:3033} INFO - Sync 1 DAGs
[2024-02-07T09:01:13.265+0000] {logging_mixin.py:188} INFO - [2024-02-07T09:01:13.265+0000] {dag.py:3820} INFO - Setting next_dagrun for example_dag_decorator to None, run_after=None
[2024-02-07T09:01:13.289+0000] {processor.py:183} INFO - Processing /home/airflow/.local/lib/python3.8/site-packages/airflow/example_dags/example_dag_decorator.py took 0.161 seconds
[2024-02-07T09:01:43.863+0000] {processor.py:161} INFO - Started process (PID=2466) to work on /home/airflow/.local/lib/python3.8/site-packages/airflow/example_dags/example_dag_decorator.py
[2024-02-07T09:01:43.865+0000] {processor.py:830} INFO - Processing file /home/airflow/.local/lib/python3.8/site-packages/airflow/example_dags/example_dag_decorator.py for tasks to queue
[2024-02-07T09:01:43.867+0000] {logging_mixin.py:188} INFO - [2024-02-07T09:01:43.867+0000] {dagbag.py:538} INFO - Filling up the DagBag from /home/airflow/.local/lib/python3.8/site-packages/airflow/example_dags/example_dag_decorator.py
[2024-02-07T09:01:43.993+0000] {processor.py:840} INFO - DAG(s) 'example_dag_decorator' retrieved from /home/airflow/.local/lib/python3.8/site-packages/airflow/example_dags/example_dag_decorator.py
[2024-02-07T09:01:44.034+0000] {logging_mixin.py:188} INFO - [2024-02-07T09:01:44.033+0000] {dag.py:3033} INFO - Sync 1 DAGs
[2024-02-07T09:01:44.049+0000] {logging_mixin.py:188} INFO - [2024-02-07T09:01:44.049+0000] {dag.py:3820} INFO - Setting next_dagrun for example_dag_decorator to None, run_after=None
[2024-02-07T09:01:44.071+0000] {processor.py:183} INFO - Processing /home/airflow/.local/lib/python3.8/site-packages/airflow/example_dags/example_dag_decorator.py took 0.214 seconds
[2024-02-07T09:02:14.340+0000] {processor.py:161} INFO - Started process (PID=2524) to work on /home/airflow/.local/lib/python3.8/site-packages/airflow/example_dags/example_dag_decorator.py
[2024-02-07T09:02:14.341+0000] {processor.py:830} INFO - Processing file /home/airflow/.local/lib/python3.8/site-packages/airflow/example_dags/example_dag_decorator.py for tasks to queue
[2024-02-07T09:02:14.343+0000] {logging_mixin.py:188} INFO - [2024-02-07T09:02:14.343+0000] {dagbag.py:538} INFO - Filling up the DagBag from /home/airflow/.local/lib/python3.8/site-packages/airflow/example_dags/example_dag_decorator.py
[2024-02-07T09:02:14.434+0000] {processor.py:840} INFO - DAG(s) 'example_dag_decorator' retrieved from /home/airflow/.local/lib/python3.8/site-packages/airflow/example_dags/example_dag_decorator.py
[2024-02-07T09:02:14.462+0000] {logging_mixin.py:188} INFO - [2024-02-07T09:02:14.462+0000] {dag.py:3033} INFO - Sync 1 DAGs
[2024-02-07T09:02:14.475+0000] {logging_mixin.py:188} INFO - [2024-02-07T09:02:14.475+0000] {dag.py:3820} INFO - Setting next_dagrun for example_dag_decorator to None, run_after=None
[2024-02-07T09:02:14.497+0000] {processor.py:183} INFO - Processing /home/airflow/.local/lib/python3.8/site-packages/airflow/example_dags/example_dag_decorator.py took 0.161 seconds
[2024-02-07T09:02:44.877+0000] {processor.py:161} INFO - Started process (PID=2581) to work on /home/airflow/.local/lib/python3.8/site-packages/airflow/example_dags/example_dag_decorator.py
[2024-02-07T09:02:44.878+0000] {processor.py:830} INFO - Processing file /home/airflow/.local/lib/python3.8/site-packages/airflow/example_dags/example_dag_decorator.py for tasks to queue
[2024-02-07T09:02:44.881+0000] {logging_mixin.py:188} INFO - [2024-02-07T09:02:44.880+0000] {dagbag.py:538} INFO - Filling up the DagBag from /home/airflow/.local/lib/python3.8/site-packages/airflow/example_dags/example_dag_decorator.py
[2024-02-07T09:02:44.981+0000] {processor.py:840} INFO - DAG(s) 'example_dag_decorator' retrieved from /home/airflow/.local/lib/python3.8/site-packages/airflow/example_dags/example_dag_decorator.py
[2024-02-07T09:02:45.010+0000] {logging_mixin.py:188} INFO - [2024-02-07T09:02:45.009+0000] {dag.py:3033} INFO - Sync 1 DAGs
[2024-02-07T09:02:45.026+0000] {logging_mixin.py:188} INFO - [2024-02-07T09:02:45.026+0000] {dag.py:3820} INFO - Setting next_dagrun for example_dag_decorator to None, run_after=None
[2024-02-07T09:02:45.049+0000] {processor.py:183} INFO - Processing /home/airflow/.local/lib/python3.8/site-packages/airflow/example_dags/example_dag_decorator.py took 0.176 seconds
[2024-02-07T09:03:15.187+0000] {processor.py:161} INFO - Started process (PID=2639) to work on /home/airflow/.local/lib/python3.8/site-packages/airflow/example_dags/example_dag_decorator.py
[2024-02-07T09:03:15.189+0000] {processor.py:830} INFO - Processing file /home/airflow/.local/lib/python3.8/site-packages/airflow/example_dags/example_dag_decorator.py for tasks to queue
[2024-02-07T09:03:15.195+0000] {logging_mixin.py:188} INFO - [2024-02-07T09:03:15.194+0000] {dagbag.py:538} INFO - Filling up the DagBag from /home/airflow/.local/lib/python3.8/site-packages/airflow/example_dags/example_dag_decorator.py
[2024-02-07T09:03:15.419+0000] {processor.py:840} INFO - DAG(s) 'example_dag_decorator' retrieved from /home/airflow/.local/lib/python3.8/site-packages/airflow/example_dags/example_dag_decorator.py
[2024-02-07T09:03:15.709+0000] {logging_mixin.py:188} INFO - [2024-02-07T09:03:15.708+0000] {dag.py:3033} INFO - Sync 1 DAGs
[2024-02-07T09:03:15.740+0000] {logging_mixin.py:188} INFO - [2024-02-07T09:03:15.740+0000] {dag.py:3820} INFO - Setting next_dagrun for example_dag_decorator to None, run_after=None
[2024-02-07T09:03:15.792+0000] {processor.py:183} INFO - Processing /home/airflow/.local/lib/python3.8/site-packages/airflow/example_dags/example_dag_decorator.py took 0.613 seconds
[2024-02-07T09:03:45.864+0000] {processor.py:161} INFO - Started process (PID=2695) to work on /home/airflow/.local/lib/python3.8/site-packages/airflow/example_dags/example_dag_decorator.py
[2024-02-07T09:03:45.865+0000] {processor.py:830} INFO - Processing file /home/airflow/.local/lib/python3.8/site-packages/airflow/example_dags/example_dag_decorator.py for tasks to queue
[2024-02-07T09:03:45.868+0000] {logging_mixin.py:188} INFO - [2024-02-07T09:03:45.868+0000] {dagbag.py:538} INFO - Filling up the DagBag from /home/airflow/.local/lib/python3.8/site-packages/airflow/example_dags/example_dag_decorator.py
[2024-02-07T09:03:45.960+0000] {processor.py:840} INFO - DAG(s) 'example_dag_decorator' retrieved from /home/airflow/.local/lib/python3.8/site-packages/airflow/example_dags/example_dag_decorator.py
[2024-02-07T09:03:46.053+0000] {logging_mixin.py:188} INFO - [2024-02-07T09:03:46.053+0000] {dag.py:3033} INFO - Sync 1 DAGs
[2024-02-07T09:03:46.063+0000] {logging_mixin.py:188} INFO - [2024-02-07T09:03:46.063+0000] {dag.py:3820} INFO - Setting next_dagrun for example_dag_decorator to None, run_after=None
[2024-02-07T09:03:46.087+0000] {processor.py:183} INFO - Processing /home/airflow/.local/lib/python3.8/site-packages/airflow/example_dags/example_dag_decorator.py took 0.227 seconds
[2024-02-07T09:04:16.385+0000] {processor.py:161} INFO - Started process (PID=2752) to work on /home/airflow/.local/lib/python3.8/site-packages/airflow/example_dags/example_dag_decorator.py
[2024-02-07T09:04:16.387+0000] {processor.py:830} INFO - Processing file /home/airflow/.local/lib/python3.8/site-packages/airflow/example_dags/example_dag_decorator.py for tasks to queue
[2024-02-07T09:04:16.390+0000] {logging_mixin.py:188} INFO - [2024-02-07T09:04:16.390+0000] {dagbag.py:538} INFO - Filling up the DagBag from /home/airflow/.local/lib/python3.8/site-packages/airflow/example_dags/example_dag_decorator.py
[2024-02-07T09:04:16.493+0000] {processor.py:840} INFO - DAG(s) 'example_dag_decorator' retrieved from /home/airflow/.local/lib/python3.8/site-packages/airflow/example_dags/example_dag_decorator.py
[2024-02-07T09:04:16.600+0000] {logging_mixin.py:188} INFO - [2024-02-07T09:04:16.600+0000] {dag.py:3033} INFO - Sync 1 DAGs
[2024-02-07T09:04:16.611+0000] {logging_mixin.py:188} INFO - [2024-02-07T09:04:16.611+0000] {dag.py:3820} INFO - Setting next_dagrun for example_dag_decorator to None, run_after=None
[2024-02-07T09:04:16.640+0000] {processor.py:183} INFO - Processing /home/airflow/.local/lib/python3.8/site-packages/airflow/example_dags/example_dag_decorator.py took 0.258 seconds
[2024-02-07T09:04:46.727+0000] {processor.py:161} INFO - Started process (PID=2809) to work on /home/airflow/.local/lib/python3.8/site-packages/airflow/example_dags/example_dag_decorator.py
[2024-02-07T09:04:46.728+0000] {processor.py:830} INFO - Processing file /home/airflow/.local/lib/python3.8/site-packages/airflow/example_dags/example_dag_decorator.py for tasks to queue
[2024-02-07T09:04:46.731+0000] {logging_mixin.py:188} INFO - [2024-02-07T09:04:46.731+0000] {dagbag.py:538} INFO - Filling up the DagBag from /home/airflow/.local/lib/python3.8/site-packages/airflow/example_dags/example_dag_decorator.py
[2024-02-07T09:04:46.828+0000] {processor.py:840} INFO - DAG(s) 'example_dag_decorator' retrieved from /home/airflow/.local/lib/python3.8/site-packages/airflow/example_dags/example_dag_decorator.py
[2024-02-07T09:04:46.938+0000] {logging_mixin.py:188} INFO - [2024-02-07T09:04:46.938+0000] {dag.py:3033} INFO - Sync 1 DAGs
[2024-02-07T09:04:46.950+0000] {logging_mixin.py:188} INFO - [2024-02-07T09:04:46.950+0000] {dag.py:3820} INFO - Setting next_dagrun for example_dag_decorator to None, run_after=None
[2024-02-07T09:04:46.977+0000] {processor.py:183} INFO - Processing /home/airflow/.local/lib/python3.8/site-packages/airflow/example_dags/example_dag_decorator.py took 0.256 seconds
[2024-02-07T09:05:17.122+0000] {processor.py:161} INFO - Started process (PID=2868) to work on /home/airflow/.local/lib/python3.8/site-packages/airflow/example_dags/example_dag_decorator.py
[2024-02-07T09:05:17.123+0000] {processor.py:830} INFO - Processing file /home/airflow/.local/lib/python3.8/site-packages/airflow/example_dags/example_dag_decorator.py for tasks to queue
[2024-02-07T09:05:17.126+0000] {logging_mixin.py:188} INFO - [2024-02-07T09:05:17.125+0000] {dagbag.py:538} INFO - Filling up the DagBag from /home/airflow/.local/lib/python3.8/site-packages/airflow/example_dags/example_dag_decorator.py
[2024-02-07T09:05:17.214+0000] {processor.py:840} INFO - DAG(s) 'example_dag_decorator' retrieved from /home/airflow/.local/lib/python3.8/site-packages/airflow/example_dags/example_dag_decorator.py
[2024-02-07T09:05:17.305+0000] {logging_mixin.py:188} INFO - [2024-02-07T09:05:17.305+0000] {dag.py:3033} INFO - Sync 1 DAGs
[2024-02-07T09:05:17.315+0000] {logging_mixin.py:188} INFO - [2024-02-07T09:05:17.315+0000] {dag.py:3820} INFO - Setting next_dagrun for example_dag_decorator to None, run_after=None
[2024-02-07T09:05:17.339+0000] {processor.py:183} INFO - Processing /home/airflow/.local/lib/python3.8/site-packages/airflow/example_dags/example_dag_decorator.py took 0.221 seconds
[2024-02-07T09:05:47.457+0000] {processor.py:161} INFO - Started process (PID=2923) to work on /home/airflow/.local/lib/python3.8/site-packages/airflow/example_dags/example_dag_decorator.py
[2024-02-07T09:05:47.458+0000] {processor.py:830} INFO - Processing file /home/airflow/.local/lib/python3.8/site-packages/airflow/example_dags/example_dag_decorator.py for tasks to queue
[2024-02-07T09:05:47.461+0000] {logging_mixin.py:188} INFO - [2024-02-07T09:05:47.461+0000] {dagbag.py:538} INFO - Filling up the DagBag from /home/airflow/.local/lib/python3.8/site-packages/airflow/example_dags/example_dag_decorator.py
[2024-02-07T09:05:47.573+0000] {processor.py:840} INFO - DAG(s) 'example_dag_decorator' retrieved from /home/airflow/.local/lib/python3.8/site-packages/airflow/example_dags/example_dag_decorator.py
[2024-02-07T09:05:47.677+0000] {logging_mixin.py:188} INFO - [2024-02-07T09:05:47.677+0000] {dag.py:3033} INFO - Sync 1 DAGs
[2024-02-07T09:05:47.688+0000] {logging_mixin.py:188} INFO - [2024-02-07T09:05:47.688+0000] {dag.py:3820} INFO - Setting next_dagrun for example_dag_decorator to None, run_after=None
[2024-02-07T09:05:47.709+0000] {processor.py:183} INFO - Processing /home/airflow/.local/lib/python3.8/site-packages/airflow/example_dags/example_dag_decorator.py took 0.254 seconds
[2024-02-07T09:06:17.816+0000] {processor.py:161} INFO - Started process (PID=2982) to work on /home/airflow/.local/lib/python3.8/site-packages/airflow/example_dags/example_dag_decorator.py
[2024-02-07T09:06:17.817+0000] {processor.py:830} INFO - Processing file /home/airflow/.local/lib/python3.8/site-packages/airflow/example_dags/example_dag_decorator.py for tasks to queue
[2024-02-07T09:06:17.821+0000] {logging_mixin.py:188} INFO - [2024-02-07T09:06:17.820+0000] {dagbag.py:538} INFO - Filling up the DagBag from /home/airflow/.local/lib/python3.8/site-packages/airflow/example_dags/example_dag_decorator.py
[2024-02-07T09:06:17.933+0000] {processor.py:840} INFO - DAG(s) 'example_dag_decorator' retrieved from /home/airflow/.local/lib/python3.8/site-packages/airflow/example_dags/example_dag_decorator.py
[2024-02-07T09:06:18.032+0000] {logging_mixin.py:188} INFO - [2024-02-07T09:06:18.032+0000] {dag.py:3033} INFO - Sync 1 DAGs
[2024-02-07T09:06:18.043+0000] {logging_mixin.py:188} INFO - [2024-02-07T09:06:18.043+0000] {dag.py:3820} INFO - Setting next_dagrun for example_dag_decorator to None, run_after=None
[2024-02-07T09:06:18.066+0000] {processor.py:183} INFO - Processing /home/airflow/.local/lib/python3.8/site-packages/airflow/example_dags/example_dag_decorator.py took 0.255 seconds
[2024-02-07T09:06:48.362+0000] {processor.py:161} INFO - Started process (PID=3037) to work on /home/airflow/.local/lib/python3.8/site-packages/airflow/example_dags/example_dag_decorator.py
[2024-02-07T09:06:48.364+0000] {processor.py:830} INFO - Processing file /home/airflow/.local/lib/python3.8/site-packages/airflow/example_dags/example_dag_decorator.py for tasks to queue
[2024-02-07T09:06:48.366+0000] {logging_mixin.py:188} INFO - [2024-02-07T09:06:48.366+0000] {dagbag.py:538} INFO - Filling up the DagBag from /home/airflow/.local/lib/python3.8/site-packages/airflow/example_dags/example_dag_decorator.py
[2024-02-07T09:06:48.458+0000] {processor.py:840} INFO - DAG(s) 'example_dag_decorator' retrieved from /home/airflow/.local/lib/python3.8/site-packages/airflow/example_dags/example_dag_decorator.py
[2024-02-07T09:06:48.555+0000] {logging_mixin.py:188} INFO - [2024-02-07T09:06:48.555+0000] {dag.py:3033} INFO - Sync 1 DAGs
[2024-02-07T09:06:48.566+0000] {logging_mixin.py:188} INFO - [2024-02-07T09:06:48.566+0000] {dag.py:3820} INFO - Setting next_dagrun for example_dag_decorator to None, run_after=None
[2024-02-07T09:06:48.590+0000] {processor.py:183} INFO - Processing /home/airflow/.local/lib/python3.8/site-packages/airflow/example_dags/example_dag_decorator.py took 0.231 seconds
[2024-02-07T09:07:18.711+0000] {processor.py:161} INFO - Started process (PID=3094) to work on /home/airflow/.local/lib/python3.8/site-packages/airflow/example_dags/example_dag_decorator.py
[2024-02-07T09:07:18.712+0000] {processor.py:830} INFO - Processing file /home/airflow/.local/lib/python3.8/site-packages/airflow/example_dags/example_dag_decorator.py for tasks to queue
[2024-02-07T09:07:18.716+0000] {logging_mixin.py:188} INFO - [2024-02-07T09:07:18.716+0000] {dagbag.py:538} INFO - Filling up the DagBag from /home/airflow/.local/lib/python3.8/site-packages/airflow/example_dags/example_dag_decorator.py
[2024-02-07T09:07:18.813+0000] {processor.py:840} INFO - DAG(s) 'example_dag_decorator' retrieved from /home/airflow/.local/lib/python3.8/site-packages/airflow/example_dags/example_dag_decorator.py
[2024-02-07T09:07:18.909+0000] {logging_mixin.py:188} INFO - [2024-02-07T09:07:18.909+0000] {dag.py:3033} INFO - Sync 1 DAGs
[2024-02-07T09:07:18.922+0000] {logging_mixin.py:188} INFO - [2024-02-07T09:07:18.922+0000] {dag.py:3820} INFO - Setting next_dagrun for example_dag_decorator to None, run_after=None
[2024-02-07T09:07:18.948+0000] {processor.py:183} INFO - Processing /home/airflow/.local/lib/python3.8/site-packages/airflow/example_dags/example_dag_decorator.py took 0.241 seconds
[2024-02-07T09:07:49.281+0000] {processor.py:161} INFO - Started process (PID=3151) to work on /home/airflow/.local/lib/python3.8/site-packages/airflow/example_dags/example_dag_decorator.py
[2024-02-07T09:07:49.282+0000] {processor.py:830} INFO - Processing file /home/airflow/.local/lib/python3.8/site-packages/airflow/example_dags/example_dag_decorator.py for tasks to queue
[2024-02-07T09:07:49.284+0000] {logging_mixin.py:188} INFO - [2024-02-07T09:07:49.284+0000] {dagbag.py:538} INFO - Filling up the DagBag from /home/airflow/.local/lib/python3.8/site-packages/airflow/example_dags/example_dag_decorator.py
[2024-02-07T09:07:49.388+0000] {processor.py:840} INFO - DAG(s) 'example_dag_decorator' retrieved from /home/airflow/.local/lib/python3.8/site-packages/airflow/example_dags/example_dag_decorator.py
[2024-02-07T09:07:49.493+0000] {logging_mixin.py:188} INFO - [2024-02-07T09:07:49.492+0000] {dag.py:3033} INFO - Sync 1 DAGs
[2024-02-07T09:07:49.502+0000] {logging_mixin.py:188} INFO - [2024-02-07T09:07:49.502+0000] {dag.py:3820} INFO - Setting next_dagrun for example_dag_decorator to None, run_after=None
[2024-02-07T09:07:49.521+0000] {processor.py:183} INFO - Processing /home/airflow/.local/lib/python3.8/site-packages/airflow/example_dags/example_dag_decorator.py took 0.244 seconds
[2024-02-07T09:08:19.557+0000] {processor.py:161} INFO - Started process (PID=3208) to work on /home/airflow/.local/lib/python3.8/site-packages/airflow/example_dags/example_dag_decorator.py
[2024-02-07T09:08:19.558+0000] {processor.py:830} INFO - Processing file /home/airflow/.local/lib/python3.8/site-packages/airflow/example_dags/example_dag_decorator.py for tasks to queue
[2024-02-07T09:08:19.561+0000] {logging_mixin.py:188} INFO - [2024-02-07T09:08:19.560+0000] {dagbag.py:538} INFO - Filling up the DagBag from /home/airflow/.local/lib/python3.8/site-packages/airflow/example_dags/example_dag_decorator.py
[2024-02-07T09:08:19.668+0000] {processor.py:840} INFO - DAG(s) 'example_dag_decorator' retrieved from /home/airflow/.local/lib/python3.8/site-packages/airflow/example_dags/example_dag_decorator.py
[2024-02-07T09:08:19.761+0000] {logging_mixin.py:188} INFO - [2024-02-07T09:08:19.761+0000] {dag.py:3033} INFO - Sync 1 DAGs
[2024-02-07T09:08:19.773+0000] {logging_mixin.py:188} INFO - [2024-02-07T09:08:19.773+0000] {dag.py:3820} INFO - Setting next_dagrun for example_dag_decorator to None, run_after=None
[2024-02-07T09:08:19.801+0000] {processor.py:183} INFO - Processing /home/airflow/.local/lib/python3.8/site-packages/airflow/example_dags/example_dag_decorator.py took 0.248 seconds
[2024-02-07T09:08:50.035+0000] {processor.py:161} INFO - Started process (PID=3265) to work on /home/airflow/.local/lib/python3.8/site-packages/airflow/example_dags/example_dag_decorator.py
[2024-02-07T09:08:50.036+0000] {processor.py:830} INFO - Processing file /home/airflow/.local/lib/python3.8/site-packages/airflow/example_dags/example_dag_decorator.py for tasks to queue
[2024-02-07T09:08:50.038+0000] {logging_mixin.py:188} INFO - [2024-02-07T09:08:50.038+0000] {dagbag.py:538} INFO - Filling up the DagBag from /home/airflow/.local/lib/python3.8/site-packages/airflow/example_dags/example_dag_decorator.py
[2024-02-07T09:08:50.141+0000] {processor.py:840} INFO - DAG(s) 'example_dag_decorator' retrieved from /home/airflow/.local/lib/python3.8/site-packages/airflow/example_dags/example_dag_decorator.py
[2024-02-07T09:08:50.252+0000] {logging_mixin.py:188} INFO - [2024-02-07T09:08:50.252+0000] {dag.py:3033} INFO - Sync 1 DAGs
[2024-02-07T09:08:50.264+0000] {logging_mixin.py:188} INFO - [2024-02-07T09:08:50.264+0000] {dag.py:3820} INFO - Setting next_dagrun for example_dag_decorator to None, run_after=None
[2024-02-07T09:08:50.288+0000] {processor.py:183} INFO - Processing /home/airflow/.local/lib/python3.8/site-packages/airflow/example_dags/example_dag_decorator.py took 0.257 seconds
[2024-02-07T09:09:20.372+0000] {processor.py:161} INFO - Started process (PID=3324) to work on /home/airflow/.local/lib/python3.8/site-packages/airflow/example_dags/example_dag_decorator.py
[2024-02-07T09:09:20.374+0000] {processor.py:830} INFO - Processing file /home/airflow/.local/lib/python3.8/site-packages/airflow/example_dags/example_dag_decorator.py for tasks to queue
[2024-02-07T09:09:20.376+0000] {logging_mixin.py:188} INFO - [2024-02-07T09:09:20.376+0000] {dagbag.py:538} INFO - Filling up the DagBag from /home/airflow/.local/lib/python3.8/site-packages/airflow/example_dags/example_dag_decorator.py
[2024-02-07T09:09:20.515+0000] {processor.py:840} INFO - DAG(s) 'example_dag_decorator' retrieved from /home/airflow/.local/lib/python3.8/site-packages/airflow/example_dags/example_dag_decorator.py
[2024-02-07T09:09:20.632+0000] {logging_mixin.py:188} INFO - [2024-02-07T09:09:20.632+0000] {dag.py:3033} INFO - Sync 1 DAGs
[2024-02-07T09:09:20.642+0000] {logging_mixin.py:188} INFO - [2024-02-07T09:09:20.642+0000] {dag.py:3820} INFO - Setting next_dagrun for example_dag_decorator to None, run_after=None
[2024-02-07T09:09:20.664+0000] {processor.py:183} INFO - Processing /home/airflow/.local/lib/python3.8/site-packages/airflow/example_dags/example_dag_decorator.py took 0.295 seconds
[2024-02-07T09:09:50.977+0000] {processor.py:161} INFO - Started process (PID=3379) to work on /home/airflow/.local/lib/python3.8/site-packages/airflow/example_dags/example_dag_decorator.py
[2024-02-07T09:09:50.978+0000] {processor.py:830} INFO - Processing file /home/airflow/.local/lib/python3.8/site-packages/airflow/example_dags/example_dag_decorator.py for tasks to queue
[2024-02-07T09:09:50.981+0000] {logging_mixin.py:188} INFO - [2024-02-07T09:09:50.980+0000] {dagbag.py:538} INFO - Filling up the DagBag from /home/airflow/.local/lib/python3.8/site-packages/airflow/example_dags/example_dag_decorator.py
[2024-02-07T09:09:51.072+0000] {processor.py:840} INFO - DAG(s) 'example_dag_decorator' retrieved from /home/airflow/.local/lib/python3.8/site-packages/airflow/example_dags/example_dag_decorator.py
[2024-02-07T09:09:51.171+0000] {logging_mixin.py:188} INFO - [2024-02-07T09:09:51.171+0000] {dag.py:3033} INFO - Sync 1 DAGs
[2024-02-07T09:09:51.182+0000] {logging_mixin.py:188} INFO - [2024-02-07T09:09:51.182+0000] {dag.py:3820} INFO - Setting next_dagrun for example_dag_decorator to None, run_after=None
[2024-02-07T09:09:51.207+0000] {processor.py:183} INFO - Processing /home/airflow/.local/lib/python3.8/site-packages/airflow/example_dags/example_dag_decorator.py took 0.233 seconds
[2024-02-07T09:10:21.251+0000] {processor.py:161} INFO - Started process (PID=3436) to work on /home/airflow/.local/lib/python3.8/site-packages/airflow/example_dags/example_dag_decorator.py
[2024-02-07T09:10:21.252+0000] {processor.py:830} INFO - Processing file /home/airflow/.local/lib/python3.8/site-packages/airflow/example_dags/example_dag_decorator.py for tasks to queue
[2024-02-07T09:10:21.255+0000] {logging_mixin.py:188} INFO - [2024-02-07T09:10:21.255+0000] {dagbag.py:538} INFO - Filling up the DagBag from /home/airflow/.local/lib/python3.8/site-packages/airflow/example_dags/example_dag_decorator.py
[2024-02-07T09:10:21.367+0000] {processor.py:840} INFO - DAG(s) 'example_dag_decorator' retrieved from /home/airflow/.local/lib/python3.8/site-packages/airflow/example_dags/example_dag_decorator.py
[2024-02-07T09:10:21.394+0000] {logging_mixin.py:188} INFO - [2024-02-07T09:10:21.394+0000] {dag.py:3033} INFO - Sync 1 DAGs
[2024-02-07T09:10:21.406+0000] {logging_mixin.py:188} INFO - [2024-02-07T09:10:21.405+0000] {dag.py:3820} INFO - Setting next_dagrun for example_dag_decorator to None, run_after=None
[2024-02-07T09:10:21.428+0000] {processor.py:183} INFO - Processing /home/airflow/.local/lib/python3.8/site-packages/airflow/example_dags/example_dag_decorator.py took 0.180 seconds
[2024-02-07T09:10:51.484+0000] {processor.py:161} INFO - Started process (PID=3493) to work on /home/airflow/.local/lib/python3.8/site-packages/airflow/example_dags/example_dag_decorator.py
[2024-02-07T09:10:51.485+0000] {processor.py:830} INFO - Processing file /home/airflow/.local/lib/python3.8/site-packages/airflow/example_dags/example_dag_decorator.py for tasks to queue
[2024-02-07T09:10:51.489+0000] {logging_mixin.py:188} INFO - [2024-02-07T09:10:51.488+0000] {dagbag.py:538} INFO - Filling up the DagBag from /home/airflow/.local/lib/python3.8/site-packages/airflow/example_dags/example_dag_decorator.py
[2024-02-07T09:10:51.591+0000] {processor.py:840} INFO - DAG(s) 'example_dag_decorator' retrieved from /home/airflow/.local/lib/python3.8/site-packages/airflow/example_dags/example_dag_decorator.py
[2024-02-07T09:10:51.617+0000] {logging_mixin.py:188} INFO - [2024-02-07T09:10:51.617+0000] {dag.py:3033} INFO - Sync 1 DAGs
[2024-02-07T09:10:51.633+0000] {logging_mixin.py:188} INFO - [2024-02-07T09:10:51.632+0000] {dag.py:3820} INFO - Setting next_dagrun for example_dag_decorator to None, run_after=None
[2024-02-07T09:10:51.655+0000] {processor.py:183} INFO - Processing /home/airflow/.local/lib/python3.8/site-packages/airflow/example_dags/example_dag_decorator.py took 0.176 seconds
[2024-02-07T09:11:21.769+0000] {processor.py:161} INFO - Started process (PID=3550) to work on /home/airflow/.local/lib/python3.8/site-packages/airflow/example_dags/example_dag_decorator.py
[2024-02-07T09:11:21.770+0000] {processor.py:830} INFO - Processing file /home/airflow/.local/lib/python3.8/site-packages/airflow/example_dags/example_dag_decorator.py for tasks to queue
[2024-02-07T09:11:21.773+0000] {logging_mixin.py:188} INFO - [2024-02-07T09:11:21.772+0000] {dagbag.py:538} INFO - Filling up the DagBag from /home/airflow/.local/lib/python3.8/site-packages/airflow/example_dags/example_dag_decorator.py
[2024-02-07T09:11:21.883+0000] {processor.py:840} INFO - DAG(s) 'example_dag_decorator' retrieved from /home/airflow/.local/lib/python3.8/site-packages/airflow/example_dags/example_dag_decorator.py
[2024-02-07T09:11:21.912+0000] {logging_mixin.py:188} INFO - [2024-02-07T09:11:21.912+0000] {dag.py:3033} INFO - Sync 1 DAGs
[2024-02-07T09:11:21.927+0000] {logging_mixin.py:188} INFO - [2024-02-07T09:11:21.927+0000] {dag.py:3820} INFO - Setting next_dagrun for example_dag_decorator to None, run_after=None
[2024-02-07T09:11:21.948+0000] {processor.py:183} INFO - Processing /home/airflow/.local/lib/python3.8/site-packages/airflow/example_dags/example_dag_decorator.py took 0.182 seconds
