[2024-02-07T08:40:09.526+0000] {processor.py:161} INFO - Started process (PID=42) to work on /home/airflow/.local/lib/python3.8/site-packages/airflow/example_dags/example_branch_labels.py
[2024-02-07T08:40:09.528+0000] {processor.py:830} INFO - Processing file /home/airflow/.local/lib/python3.8/site-packages/airflow/example_dags/example_branch_labels.py for tasks to queue
[2024-02-07T08:40:09.531+0000] {logging_mixin.py:188} INFO - [2024-02-07T08:40:09.531+0000] {dagbag.py:538} INFO - Filling up the DagBag from /home/airflow/.local/lib/python3.8/site-packages/airflow/example_dags/example_branch_labels.py
[2024-02-07T08:40:09.547+0000] {processor.py:840} INFO - DAG(s) 'example_branch_labels' retrieved from /home/airflow/.local/lib/python3.8/site-packages/airflow/example_dags/example_branch_labels.py
[2024-02-07T08:40:09.580+0000] {logging_mixin.py:188} INFO - [2024-02-07T08:40:09.579+0000] {dag.py:3033} INFO - Sync 1 DAGs
[2024-02-07T08:40:09.611+0000] {logging_mixin.py:188} INFO - [2024-02-07T08:40:09.611+0000] {dag.py:3820} INFO - Setting next_dagrun for example_branch_labels to 2024-02-06T00:00:00+00:00, run_after=2024-02-07T00:00:00+00:00
[2024-02-07T08:40:09.635+0000] {processor.py:183} INFO - Processing /home/airflow/.local/lib/python3.8/site-packages/airflow/example_dags/example_branch_labels.py took 0.113 seconds
[2024-02-07T08:40:40.587+0000] {processor.py:161} INFO - Started process (PID=99) to work on /home/airflow/.local/lib/python3.8/site-packages/airflow/example_dags/example_branch_labels.py
[2024-02-07T08:40:40.589+0000] {processor.py:830} INFO - Processing file /home/airflow/.local/lib/python3.8/site-packages/airflow/example_dags/example_branch_labels.py for tasks to queue
[2024-02-07T08:40:40.592+0000] {logging_mixin.py:188} INFO - [2024-02-07T08:40:40.592+0000] {dagbag.py:538} INFO - Filling up the DagBag from /home/airflow/.local/lib/python3.8/site-packages/airflow/example_dags/example_branch_labels.py
[2024-02-07T08:40:40.600+0000] {processor.py:840} INFO - DAG(s) 'example_branch_labels' retrieved from /home/airflow/.local/lib/python3.8/site-packages/airflow/example_dags/example_branch_labels.py
[2024-02-07T08:40:40.623+0000] {logging_mixin.py:188} INFO - [2024-02-07T08:40:40.623+0000] {dag.py:3033} INFO - Sync 1 DAGs
[2024-02-07T08:40:40.644+0000] {logging_mixin.py:188} INFO - [2024-02-07T08:40:40.644+0000] {dag.py:3820} INFO - Setting next_dagrun for example_branch_labels to 2024-02-06T00:00:00+00:00, run_after=2024-02-07T00:00:00+00:00
[2024-02-07T08:40:40.666+0000] {processor.py:183} INFO - Processing /home/airflow/.local/lib/python3.8/site-packages/airflow/example_dags/example_branch_labels.py took 0.081 seconds
[2024-02-07T08:41:11.176+0000] {processor.py:161} INFO - Started process (PID=156) to work on /home/airflow/.local/lib/python3.8/site-packages/airflow/example_dags/example_branch_labels.py
[2024-02-07T08:41:11.177+0000] {processor.py:830} INFO - Processing file /home/airflow/.local/lib/python3.8/site-packages/airflow/example_dags/example_branch_labels.py for tasks to queue
[2024-02-07T08:41:11.181+0000] {logging_mixin.py:188} INFO - [2024-02-07T08:41:11.181+0000] {dagbag.py:538} INFO - Filling up the DagBag from /home/airflow/.local/lib/python3.8/site-packages/airflow/example_dags/example_branch_labels.py
[2024-02-07T08:41:11.189+0000] {processor.py:840} INFO - DAG(s) 'example_branch_labels' retrieved from /home/airflow/.local/lib/python3.8/site-packages/airflow/example_dags/example_branch_labels.py
[2024-02-07T08:41:11.216+0000] {logging_mixin.py:188} INFO - [2024-02-07T08:41:11.216+0000] {dag.py:3033} INFO - Sync 1 DAGs
[2024-02-07T08:41:11.248+0000] {logging_mixin.py:188} INFO - [2024-02-07T08:41:11.248+0000] {dag.py:3820} INFO - Setting next_dagrun for example_branch_labels to 2024-02-06T00:00:00+00:00, run_after=2024-02-07T00:00:00+00:00
[2024-02-07T08:41:11.272+0000] {processor.py:183} INFO - Processing /home/airflow/.local/lib/python3.8/site-packages/airflow/example_dags/example_branch_labels.py took 0.101 seconds
[2024-02-07T08:41:41.783+0000] {processor.py:161} INFO - Started process (PID=213) to work on /home/airflow/.local/lib/python3.8/site-packages/airflow/example_dags/example_branch_labels.py
[2024-02-07T08:41:41.785+0000] {processor.py:830} INFO - Processing file /home/airflow/.local/lib/python3.8/site-packages/airflow/example_dags/example_branch_labels.py for tasks to queue
[2024-02-07T08:41:41.789+0000] {logging_mixin.py:188} INFO - [2024-02-07T08:41:41.788+0000] {dagbag.py:538} INFO - Filling up the DagBag from /home/airflow/.local/lib/python3.8/site-packages/airflow/example_dags/example_branch_labels.py
[2024-02-07T08:41:41.798+0000] {processor.py:840} INFO - DAG(s) 'example_branch_labels' retrieved from /home/airflow/.local/lib/python3.8/site-packages/airflow/example_dags/example_branch_labels.py
[2024-02-07T08:41:41.824+0000] {logging_mixin.py:188} INFO - [2024-02-07T08:41:41.824+0000] {dag.py:3033} INFO - Sync 1 DAGs
[2024-02-07T08:41:41.849+0000] {logging_mixin.py:188} INFO - [2024-02-07T08:41:41.848+0000] {dag.py:3820} INFO - Setting next_dagrun for example_branch_labels to 2024-02-06T00:00:00+00:00, run_after=2024-02-07T00:00:00+00:00
[2024-02-07T08:41:41.879+0000] {processor.py:183} INFO - Processing /home/airflow/.local/lib/python3.8/site-packages/airflow/example_dags/example_branch_labels.py took 0.100 seconds
[2024-02-07T08:42:12.146+0000] {processor.py:161} INFO - Started process (PID=270) to work on /home/airflow/.local/lib/python3.8/site-packages/airflow/example_dags/example_branch_labels.py
[2024-02-07T08:42:12.147+0000] {processor.py:830} INFO - Processing file /home/airflow/.local/lib/python3.8/site-packages/airflow/example_dags/example_branch_labels.py for tasks to queue
[2024-02-07T08:42:12.149+0000] {logging_mixin.py:188} INFO - [2024-02-07T08:42:12.149+0000] {dagbag.py:538} INFO - Filling up the DagBag from /home/airflow/.local/lib/python3.8/site-packages/airflow/example_dags/example_branch_labels.py
[2024-02-07T08:42:12.157+0000] {processor.py:840} INFO - DAG(s) 'example_branch_labels' retrieved from /home/airflow/.local/lib/python3.8/site-packages/airflow/example_dags/example_branch_labels.py
[2024-02-07T08:42:12.180+0000] {logging_mixin.py:188} INFO - [2024-02-07T08:42:12.180+0000] {dag.py:3033} INFO - Sync 1 DAGs
[2024-02-07T08:42:12.206+0000] {logging_mixin.py:188} INFO - [2024-02-07T08:42:12.205+0000] {dag.py:3820} INFO - Setting next_dagrun for example_branch_labels to 2024-02-06T00:00:00+00:00, run_after=2024-02-07T00:00:00+00:00
[2024-02-07T08:42:12.230+0000] {processor.py:183} INFO - Processing /home/airflow/.local/lib/python3.8/site-packages/airflow/example_dags/example_branch_labels.py took 0.088 seconds
[2024-02-07T08:42:42.363+0000] {processor.py:161} INFO - Started process (PID=326) to work on /home/airflow/.local/lib/python3.8/site-packages/airflow/example_dags/example_branch_labels.py
[2024-02-07T08:42:42.365+0000] {processor.py:830} INFO - Processing file /home/airflow/.local/lib/python3.8/site-packages/airflow/example_dags/example_branch_labels.py for tasks to queue
[2024-02-07T08:42:42.367+0000] {logging_mixin.py:188} INFO - [2024-02-07T08:42:42.367+0000] {dagbag.py:538} INFO - Filling up the DagBag from /home/airflow/.local/lib/python3.8/site-packages/airflow/example_dags/example_branch_labels.py
[2024-02-07T08:42:42.379+0000] {processor.py:840} INFO - DAG(s) 'example_branch_labels' retrieved from /home/airflow/.local/lib/python3.8/site-packages/airflow/example_dags/example_branch_labels.py
[2024-02-07T08:42:42.408+0000] {logging_mixin.py:188} INFO - [2024-02-07T08:42:42.408+0000] {dag.py:3033} INFO - Sync 1 DAGs
[2024-02-07T08:42:42.446+0000] {logging_mixin.py:188} INFO - [2024-02-07T08:42:42.446+0000] {dag.py:3820} INFO - Setting next_dagrun for example_branch_labels to 2024-02-06T00:00:00+00:00, run_after=2024-02-07T00:00:00+00:00
[2024-02-07T08:42:42.476+0000] {processor.py:183} INFO - Processing /home/airflow/.local/lib/python3.8/site-packages/airflow/example_dags/example_branch_labels.py took 0.116 seconds
[2024-02-07T08:43:12.820+0000] {processor.py:161} INFO - Started process (PID=383) to work on /home/airflow/.local/lib/python3.8/site-packages/airflow/example_dags/example_branch_labels.py
[2024-02-07T08:43:12.822+0000] {processor.py:830} INFO - Processing file /home/airflow/.local/lib/python3.8/site-packages/airflow/example_dags/example_branch_labels.py for tasks to queue
[2024-02-07T08:43:12.826+0000] {logging_mixin.py:188} INFO - [2024-02-07T08:43:12.825+0000] {dagbag.py:538} INFO - Filling up the DagBag from /home/airflow/.local/lib/python3.8/site-packages/airflow/example_dags/example_branch_labels.py
[2024-02-07T08:43:12.836+0000] {processor.py:840} INFO - DAG(s) 'example_branch_labels' retrieved from /home/airflow/.local/lib/python3.8/site-packages/airflow/example_dags/example_branch_labels.py
[2024-02-07T08:43:12.863+0000] {logging_mixin.py:188} INFO - [2024-02-07T08:43:12.863+0000] {dag.py:3033} INFO - Sync 1 DAGs
[2024-02-07T08:43:12.897+0000] {logging_mixin.py:188} INFO - [2024-02-07T08:43:12.896+0000] {dag.py:3820} INFO - Setting next_dagrun for example_branch_labels to 2024-02-06T00:00:00+00:00, run_after=2024-02-07T00:00:00+00:00
[2024-02-07T08:43:12.923+0000] {processor.py:183} INFO - Processing /home/airflow/.local/lib/python3.8/site-packages/airflow/example_dags/example_branch_labels.py took 0.111 seconds
[2024-02-07T08:43:43.204+0000] {processor.py:161} INFO - Started process (PID=440) to work on /home/airflow/.local/lib/python3.8/site-packages/airflow/example_dags/example_branch_labels.py
[2024-02-07T08:43:43.205+0000] {processor.py:830} INFO - Processing file /home/airflow/.local/lib/python3.8/site-packages/airflow/example_dags/example_branch_labels.py for tasks to queue
[2024-02-07T08:43:43.208+0000] {logging_mixin.py:188} INFO - [2024-02-07T08:43:43.207+0000] {dagbag.py:538} INFO - Filling up the DagBag from /home/airflow/.local/lib/python3.8/site-packages/airflow/example_dags/example_branch_labels.py
[2024-02-07T08:43:43.216+0000] {processor.py:840} INFO - DAG(s) 'example_branch_labels' retrieved from /home/airflow/.local/lib/python3.8/site-packages/airflow/example_dags/example_branch_labels.py
[2024-02-07T08:43:43.240+0000] {logging_mixin.py:188} INFO - [2024-02-07T08:43:43.240+0000] {dag.py:3033} INFO - Sync 1 DAGs
[2024-02-07T08:43:43.265+0000] {logging_mixin.py:188} INFO - [2024-02-07T08:43:43.265+0000] {dag.py:3820} INFO - Setting next_dagrun for example_branch_labels to 2024-02-06T00:00:00+00:00, run_after=2024-02-07T00:00:00+00:00
[2024-02-07T08:43:43.283+0000] {processor.py:183} INFO - Processing /home/airflow/.local/lib/python3.8/site-packages/airflow/example_dags/example_branch_labels.py took 0.083 seconds
[2024-02-07T08:44:13.874+0000] {processor.py:161} INFO - Started process (PID=497) to work on /home/airflow/.local/lib/python3.8/site-packages/airflow/example_dags/example_branch_labels.py
[2024-02-07T08:44:13.876+0000] {processor.py:830} INFO - Processing file /home/airflow/.local/lib/python3.8/site-packages/airflow/example_dags/example_branch_labels.py for tasks to queue
[2024-02-07T08:44:13.879+0000] {logging_mixin.py:188} INFO - [2024-02-07T08:44:13.878+0000] {dagbag.py:538} INFO - Filling up the DagBag from /home/airflow/.local/lib/python3.8/site-packages/airflow/example_dags/example_branch_labels.py
[2024-02-07T08:44:13.912+0000] {processor.py:840} INFO - DAG(s) 'example_branch_labels' retrieved from /home/airflow/.local/lib/python3.8/site-packages/airflow/example_dags/example_branch_labels.py
[2024-02-07T08:44:13.959+0000] {logging_mixin.py:188} INFO - [2024-02-07T08:44:13.958+0000] {dag.py:3033} INFO - Sync 1 DAGs
[2024-02-07T08:44:13.997+0000] {logging_mixin.py:188} INFO - [2024-02-07T08:44:13.996+0000] {dag.py:3820} INFO - Setting next_dagrun for example_branch_labels to 2024-02-06T00:00:00+00:00, run_after=2024-02-07T00:00:00+00:00
[2024-02-07T08:44:14.024+0000] {processor.py:183} INFO - Processing /home/airflow/.local/lib/python3.8/site-packages/airflow/example_dags/example_branch_labels.py took 0.158 seconds
[2024-02-07T08:44:44.295+0000] {processor.py:161} INFO - Started process (PID=554) to work on /home/airflow/.local/lib/python3.8/site-packages/airflow/example_dags/example_branch_labels.py
[2024-02-07T08:44:44.296+0000] {processor.py:830} INFO - Processing file /home/airflow/.local/lib/python3.8/site-packages/airflow/example_dags/example_branch_labels.py for tasks to queue
[2024-02-07T08:44:44.299+0000] {logging_mixin.py:188} INFO - [2024-02-07T08:44:44.299+0000] {dagbag.py:538} INFO - Filling up the DagBag from /home/airflow/.local/lib/python3.8/site-packages/airflow/example_dags/example_branch_labels.py
[2024-02-07T08:44:44.309+0000] {processor.py:840} INFO - DAG(s) 'example_branch_labels' retrieved from /home/airflow/.local/lib/python3.8/site-packages/airflow/example_dags/example_branch_labels.py
[2024-02-07T08:44:44.335+0000] {logging_mixin.py:188} INFO - [2024-02-07T08:44:44.335+0000] {dag.py:3033} INFO - Sync 1 DAGs
[2024-02-07T08:44:44.361+0000] {logging_mixin.py:188} INFO - [2024-02-07T08:44:44.361+0000] {dag.py:3820} INFO - Setting next_dagrun for example_branch_labels to 2024-02-06T00:00:00+00:00, run_after=2024-02-07T00:00:00+00:00
[2024-02-07T08:44:44.384+0000] {processor.py:183} INFO - Processing /home/airflow/.local/lib/python3.8/site-packages/airflow/example_dags/example_branch_labels.py took 0.093 seconds
[2024-02-07T08:45:14.545+0000] {processor.py:161} INFO - Started process (PID=611) to work on /home/airflow/.local/lib/python3.8/site-packages/airflow/example_dags/example_branch_labels.py
[2024-02-07T08:45:14.547+0000] {processor.py:830} INFO - Processing file /home/airflow/.local/lib/python3.8/site-packages/airflow/example_dags/example_branch_labels.py for tasks to queue
[2024-02-07T08:45:14.549+0000] {logging_mixin.py:188} INFO - [2024-02-07T08:45:14.549+0000] {dagbag.py:538} INFO - Filling up the DagBag from /home/airflow/.local/lib/python3.8/site-packages/airflow/example_dags/example_branch_labels.py
[2024-02-07T08:45:14.557+0000] {processor.py:840} INFO - DAG(s) 'example_branch_labels' retrieved from /home/airflow/.local/lib/python3.8/site-packages/airflow/example_dags/example_branch_labels.py
[2024-02-07T08:45:14.583+0000] {logging_mixin.py:188} INFO - [2024-02-07T08:45:14.582+0000] {dag.py:3033} INFO - Sync 1 DAGs
[2024-02-07T08:45:14.610+0000] {logging_mixin.py:188} INFO - [2024-02-07T08:45:14.609+0000] {dag.py:3820} INFO - Setting next_dagrun for example_branch_labels to 2024-02-06T00:00:00+00:00, run_after=2024-02-07T00:00:00+00:00
[2024-02-07T08:45:14.631+0000] {processor.py:183} INFO - Processing /home/airflow/.local/lib/python3.8/site-packages/airflow/example_dags/example_branch_labels.py took 0.089 seconds
[2024-02-07T08:45:45.034+0000] {processor.py:161} INFO - Started process (PID=668) to work on /home/airflow/.local/lib/python3.8/site-packages/airflow/example_dags/example_branch_labels.py
[2024-02-07T08:45:45.036+0000] {processor.py:830} INFO - Processing file /home/airflow/.local/lib/python3.8/site-packages/airflow/example_dags/example_branch_labels.py for tasks to queue
[2024-02-07T08:45:45.038+0000] {logging_mixin.py:188} INFO - [2024-02-07T08:45:45.038+0000] {dagbag.py:538} INFO - Filling up the DagBag from /home/airflow/.local/lib/python3.8/site-packages/airflow/example_dags/example_branch_labels.py
[2024-02-07T08:45:45.046+0000] {processor.py:840} INFO - DAG(s) 'example_branch_labels' retrieved from /home/airflow/.local/lib/python3.8/site-packages/airflow/example_dags/example_branch_labels.py
[2024-02-07T08:45:45.068+0000] {logging_mixin.py:188} INFO - [2024-02-07T08:45:45.068+0000] {dag.py:3033} INFO - Sync 1 DAGs
[2024-02-07T08:45:45.093+0000] {logging_mixin.py:188} INFO - [2024-02-07T08:45:45.093+0000] {dag.py:3820} INFO - Setting next_dagrun for example_branch_labels to 2024-02-06T00:00:00+00:00, run_after=2024-02-07T00:00:00+00:00
[2024-02-07T08:45:45.114+0000] {processor.py:183} INFO - Processing /home/airflow/.local/lib/python3.8/site-packages/airflow/example_dags/example_branch_labels.py took 0.084 seconds
[2024-02-07T08:46:15.744+0000] {processor.py:161} INFO - Started process (PID=725) to work on /home/airflow/.local/lib/python3.8/site-packages/airflow/example_dags/example_branch_labels.py
[2024-02-07T08:46:15.745+0000] {processor.py:830} INFO - Processing file /home/airflow/.local/lib/python3.8/site-packages/airflow/example_dags/example_branch_labels.py for tasks to queue
[2024-02-07T08:46:15.748+0000] {logging_mixin.py:188} INFO - [2024-02-07T08:46:15.748+0000] {dagbag.py:538} INFO - Filling up the DagBag from /home/airflow/.local/lib/python3.8/site-packages/airflow/example_dags/example_branch_labels.py
[2024-02-07T08:46:15.759+0000] {processor.py:840} INFO - DAG(s) 'example_branch_labels' retrieved from /home/airflow/.local/lib/python3.8/site-packages/airflow/example_dags/example_branch_labels.py
[2024-02-07T08:46:15.790+0000] {logging_mixin.py:188} INFO - [2024-02-07T08:46:15.789+0000] {dag.py:3033} INFO - Sync 1 DAGs
[2024-02-07T08:46:15.820+0000] {logging_mixin.py:188} INFO - [2024-02-07T08:46:15.819+0000] {dag.py:3820} INFO - Setting next_dagrun for example_branch_labels to 2024-02-06T00:00:00+00:00, run_after=2024-02-07T00:00:00+00:00
[2024-02-07T08:46:15.847+0000] {processor.py:183} INFO - Processing /home/airflow/.local/lib/python3.8/site-packages/airflow/example_dags/example_branch_labels.py took 0.107 seconds
[2024-02-07T08:46:46.075+0000] {processor.py:161} INFO - Started process (PID=782) to work on /home/airflow/.local/lib/python3.8/site-packages/airflow/example_dags/example_branch_labels.py
[2024-02-07T08:46:46.076+0000] {processor.py:830} INFO - Processing file /home/airflow/.local/lib/python3.8/site-packages/airflow/example_dags/example_branch_labels.py for tasks to queue
[2024-02-07T08:46:46.079+0000] {logging_mixin.py:188} INFO - [2024-02-07T08:46:46.078+0000] {dagbag.py:538} INFO - Filling up the DagBag from /home/airflow/.local/lib/python3.8/site-packages/airflow/example_dags/example_branch_labels.py
[2024-02-07T08:46:46.088+0000] {processor.py:840} INFO - DAG(s) 'example_branch_labels' retrieved from /home/airflow/.local/lib/python3.8/site-packages/airflow/example_dags/example_branch_labels.py
[2024-02-07T08:46:46.115+0000] {logging_mixin.py:188} INFO - [2024-02-07T08:46:46.115+0000] {dag.py:3033} INFO - Sync 1 DAGs
[2024-02-07T08:46:46.147+0000] {logging_mixin.py:188} INFO - [2024-02-07T08:46:46.147+0000] {dag.py:3820} INFO - Setting next_dagrun for example_branch_labels to 2024-02-06T00:00:00+00:00, run_after=2024-02-07T00:00:00+00:00
[2024-02-07T08:46:46.177+0000] {processor.py:183} INFO - Processing /home/airflow/.local/lib/python3.8/site-packages/airflow/example_dags/example_branch_labels.py took 0.108 seconds
[2024-02-07T08:47:16.522+0000] {processor.py:161} INFO - Started process (PID=839) to work on /home/airflow/.local/lib/python3.8/site-packages/airflow/example_dags/example_branch_labels.py
[2024-02-07T08:47:16.524+0000] {processor.py:830} INFO - Processing file /home/airflow/.local/lib/python3.8/site-packages/airflow/example_dags/example_branch_labels.py for tasks to queue
[2024-02-07T08:47:16.526+0000] {logging_mixin.py:188} INFO - [2024-02-07T08:47:16.526+0000] {dagbag.py:538} INFO - Filling up the DagBag from /home/airflow/.local/lib/python3.8/site-packages/airflow/example_dags/example_branch_labels.py
[2024-02-07T08:47:16.534+0000] {processor.py:840} INFO - DAG(s) 'example_branch_labels' retrieved from /home/airflow/.local/lib/python3.8/site-packages/airflow/example_dags/example_branch_labels.py
[2024-02-07T08:47:16.557+0000] {logging_mixin.py:188} INFO - [2024-02-07T08:47:16.556+0000] {dag.py:3033} INFO - Sync 1 DAGs
[2024-02-07T08:47:16.582+0000] {logging_mixin.py:188} INFO - [2024-02-07T08:47:16.582+0000] {dag.py:3820} INFO - Setting next_dagrun for example_branch_labels to 2024-02-06T00:00:00+00:00, run_after=2024-02-07T00:00:00+00:00
[2024-02-07T08:47:16.603+0000] {processor.py:183} INFO - Processing /home/airflow/.local/lib/python3.8/site-packages/airflow/example_dags/example_branch_labels.py took 0.085 seconds
[2024-02-07T08:47:47.055+0000] {processor.py:161} INFO - Started process (PID=896) to work on /home/airflow/.local/lib/python3.8/site-packages/airflow/example_dags/example_branch_labels.py
[2024-02-07T08:47:47.056+0000] {processor.py:830} INFO - Processing file /home/airflow/.local/lib/python3.8/site-packages/airflow/example_dags/example_branch_labels.py for tasks to queue
[2024-02-07T08:47:47.059+0000] {logging_mixin.py:188} INFO - [2024-02-07T08:47:47.059+0000] {dagbag.py:538} INFO - Filling up the DagBag from /home/airflow/.local/lib/python3.8/site-packages/airflow/example_dags/example_branch_labels.py
[2024-02-07T08:47:47.068+0000] {processor.py:840} INFO - DAG(s) 'example_branch_labels' retrieved from /home/airflow/.local/lib/python3.8/site-packages/airflow/example_dags/example_branch_labels.py
[2024-02-07T08:47:47.091+0000] {logging_mixin.py:188} INFO - [2024-02-07T08:47:47.090+0000] {dag.py:3033} INFO - Sync 1 DAGs
[2024-02-07T08:47:47.116+0000] {logging_mixin.py:188} INFO - [2024-02-07T08:47:47.116+0000] {dag.py:3820} INFO - Setting next_dagrun for example_branch_labels to 2024-02-06T00:00:00+00:00, run_after=2024-02-07T00:00:00+00:00
[2024-02-07T08:47:47.140+0000] {processor.py:183} INFO - Processing /home/airflow/.local/lib/python3.8/site-packages/airflow/example_dags/example_branch_labels.py took 0.088 seconds
[2024-02-07T08:48:17.254+0000] {processor.py:161} INFO - Started process (PID=953) to work on /home/airflow/.local/lib/python3.8/site-packages/airflow/example_dags/example_branch_labels.py
[2024-02-07T08:48:17.255+0000] {processor.py:830} INFO - Processing file /home/airflow/.local/lib/python3.8/site-packages/airflow/example_dags/example_branch_labels.py for tasks to queue
[2024-02-07T08:48:17.258+0000] {logging_mixin.py:188} INFO - [2024-02-07T08:48:17.258+0000] {dagbag.py:538} INFO - Filling up the DagBag from /home/airflow/.local/lib/python3.8/site-packages/airflow/example_dags/example_branch_labels.py
[2024-02-07T08:48:17.265+0000] {processor.py:840} INFO - DAG(s) 'example_branch_labels' retrieved from /home/airflow/.local/lib/python3.8/site-packages/airflow/example_dags/example_branch_labels.py
[2024-02-07T08:48:17.288+0000] {logging_mixin.py:188} INFO - [2024-02-07T08:48:17.288+0000] {dag.py:3033} INFO - Sync 1 DAGs
[2024-02-07T08:48:17.315+0000] {logging_mixin.py:188} INFO - [2024-02-07T08:48:17.315+0000] {dag.py:3820} INFO - Setting next_dagrun for example_branch_labels to 2024-02-06T00:00:00+00:00, run_after=2024-02-07T00:00:00+00:00
[2024-02-07T08:48:17.343+0000] {processor.py:183} INFO - Processing /home/airflow/.local/lib/python3.8/site-packages/airflow/example_dags/example_branch_labels.py took 0.093 seconds
[2024-02-07T08:48:47.803+0000] {processor.py:161} INFO - Started process (PID=1011) to work on /home/airflow/.local/lib/python3.8/site-packages/airflow/example_dags/example_branch_labels.py
[2024-02-07T08:48:47.804+0000] {processor.py:830} INFO - Processing file /home/airflow/.local/lib/python3.8/site-packages/airflow/example_dags/example_branch_labels.py for tasks to queue
[2024-02-07T08:48:47.807+0000] {logging_mixin.py:188} INFO - [2024-02-07T08:48:47.807+0000] {dagbag.py:538} INFO - Filling up the DagBag from /home/airflow/.local/lib/python3.8/site-packages/airflow/example_dags/example_branch_labels.py
[2024-02-07T08:48:47.816+0000] {processor.py:840} INFO - DAG(s) 'example_branch_labels' retrieved from /home/airflow/.local/lib/python3.8/site-packages/airflow/example_dags/example_branch_labels.py
[2024-02-07T08:48:47.844+0000] {logging_mixin.py:188} INFO - [2024-02-07T08:48:47.844+0000] {dag.py:3033} INFO - Sync 1 DAGs
[2024-02-07T08:48:47.877+0000] {logging_mixin.py:188} INFO - [2024-02-07T08:48:47.877+0000] {dag.py:3820} INFO - Setting next_dagrun for example_branch_labels to 2024-02-06T00:00:00+00:00, run_after=2024-02-07T00:00:00+00:00
[2024-02-07T08:48:47.905+0000] {processor.py:183} INFO - Processing /home/airflow/.local/lib/python3.8/site-packages/airflow/example_dags/example_branch_labels.py took 0.107 seconds
[2024-02-07T08:49:18.312+0000] {processor.py:161} INFO - Started process (PID=1068) to work on /home/airflow/.local/lib/python3.8/site-packages/airflow/example_dags/example_branch_labels.py
[2024-02-07T08:49:18.314+0000] {processor.py:830} INFO - Processing file /home/airflow/.local/lib/python3.8/site-packages/airflow/example_dags/example_branch_labels.py for tasks to queue
[2024-02-07T08:49:18.317+0000] {logging_mixin.py:188} INFO - [2024-02-07T08:49:18.317+0000] {dagbag.py:538} INFO - Filling up the DagBag from /home/airflow/.local/lib/python3.8/site-packages/airflow/example_dags/example_branch_labels.py
[2024-02-07T08:49:18.329+0000] {processor.py:840} INFO - DAG(s) 'example_branch_labels' retrieved from /home/airflow/.local/lib/python3.8/site-packages/airflow/example_dags/example_branch_labels.py
[2024-02-07T08:49:18.352+0000] {logging_mixin.py:188} INFO - [2024-02-07T08:49:18.352+0000] {dag.py:3033} INFO - Sync 1 DAGs
[2024-02-07T08:49:18.380+0000] {logging_mixin.py:188} INFO - [2024-02-07T08:49:18.380+0000] {dag.py:3820} INFO - Setting next_dagrun for example_branch_labels to 2024-02-06T00:00:00+00:00, run_after=2024-02-07T00:00:00+00:00
[2024-02-07T08:49:18.402+0000] {processor.py:183} INFO - Processing /home/airflow/.local/lib/python3.8/site-packages/airflow/example_dags/example_branch_labels.py took 0.096 seconds
[2024-02-07T08:49:48.776+0000] {processor.py:161} INFO - Started process (PID=1125) to work on /home/airflow/.local/lib/python3.8/site-packages/airflow/example_dags/example_branch_labels.py
[2024-02-07T08:49:48.778+0000] {processor.py:830} INFO - Processing file /home/airflow/.local/lib/python3.8/site-packages/airflow/example_dags/example_branch_labels.py for tasks to queue
[2024-02-07T08:49:48.782+0000] {logging_mixin.py:188} INFO - [2024-02-07T08:49:48.782+0000] {dagbag.py:538} INFO - Filling up the DagBag from /home/airflow/.local/lib/python3.8/site-packages/airflow/example_dags/example_branch_labels.py
[2024-02-07T08:49:48.799+0000] {processor.py:840} INFO - DAG(s) 'example_branch_labels' retrieved from /home/airflow/.local/lib/python3.8/site-packages/airflow/example_dags/example_branch_labels.py
[2024-02-07T08:49:48.831+0000] {logging_mixin.py:188} INFO - [2024-02-07T08:49:48.831+0000] {dag.py:3033} INFO - Sync 1 DAGs
[2024-02-07T08:49:48.868+0000] {logging_mixin.py:188} INFO - [2024-02-07T08:49:48.867+0000] {dag.py:3820} INFO - Setting next_dagrun for example_branch_labels to 2024-02-06T00:00:00+00:00, run_after=2024-02-07T00:00:00+00:00
[2024-02-07T08:49:48.894+0000] {processor.py:183} INFO - Processing /home/airflow/.local/lib/python3.8/site-packages/airflow/example_dags/example_branch_labels.py took 0.126 seconds
[2024-02-07T08:50:19.327+0000] {processor.py:161} INFO - Started process (PID=1182) to work on /home/airflow/.local/lib/python3.8/site-packages/airflow/example_dags/example_branch_labels.py
[2024-02-07T08:50:19.328+0000] {processor.py:830} INFO - Processing file /home/airflow/.local/lib/python3.8/site-packages/airflow/example_dags/example_branch_labels.py for tasks to queue
[2024-02-07T08:50:19.332+0000] {logging_mixin.py:188} INFO - [2024-02-07T08:50:19.331+0000] {dagbag.py:538} INFO - Filling up the DagBag from /home/airflow/.local/lib/python3.8/site-packages/airflow/example_dags/example_branch_labels.py
[2024-02-07T08:50:19.341+0000] {processor.py:840} INFO - DAG(s) 'example_branch_labels' retrieved from /home/airflow/.local/lib/python3.8/site-packages/airflow/example_dags/example_branch_labels.py
[2024-02-07T08:50:19.374+0000] {logging_mixin.py:188} INFO - [2024-02-07T08:50:19.374+0000] {dag.py:3033} INFO - Sync 1 DAGs
[2024-02-07T08:50:19.419+0000] {logging_mixin.py:188} INFO - [2024-02-07T08:50:19.419+0000] {dag.py:3820} INFO - Setting next_dagrun for example_branch_labels to 2024-02-06T00:00:00+00:00, run_after=2024-02-07T00:00:00+00:00
[2024-02-07T08:50:19.450+0000] {processor.py:183} INFO - Processing /home/airflow/.local/lib/python3.8/site-packages/airflow/example_dags/example_branch_labels.py took 0.127 seconds
[2024-02-07T08:50:49.891+0000] {processor.py:161} INFO - Started process (PID=1239) to work on /home/airflow/.local/lib/python3.8/site-packages/airflow/example_dags/example_branch_labels.py
[2024-02-07T08:50:49.892+0000] {processor.py:830} INFO - Processing file /home/airflow/.local/lib/python3.8/site-packages/airflow/example_dags/example_branch_labels.py for tasks to queue
[2024-02-07T08:50:49.896+0000] {logging_mixin.py:188} INFO - [2024-02-07T08:50:49.895+0000] {dagbag.py:538} INFO - Filling up the DagBag from /home/airflow/.local/lib/python3.8/site-packages/airflow/example_dags/example_branch_labels.py
[2024-02-07T08:50:49.907+0000] {processor.py:840} INFO - DAG(s) 'example_branch_labels' retrieved from /home/airflow/.local/lib/python3.8/site-packages/airflow/example_dags/example_branch_labels.py
[2024-02-07T08:50:49.931+0000] {logging_mixin.py:188} INFO - [2024-02-07T08:50:49.930+0000] {dag.py:3033} INFO - Sync 1 DAGs
[2024-02-07T08:50:49.974+0000] {logging_mixin.py:188} INFO - [2024-02-07T08:50:49.973+0000] {dag.py:3820} INFO - Setting next_dagrun for example_branch_labels to 2024-02-06T00:00:00+00:00, run_after=2024-02-07T00:00:00+00:00
[2024-02-07T08:50:50.003+0000] {processor.py:183} INFO - Processing /home/airflow/.local/lib/python3.8/site-packages/airflow/example_dags/example_branch_labels.py took 0.117 seconds
[2024-02-07T08:51:20.347+0000] {processor.py:161} INFO - Started process (PID=1297) to work on /home/airflow/.local/lib/python3.8/site-packages/airflow/example_dags/example_branch_labels.py
[2024-02-07T08:51:20.348+0000] {processor.py:830} INFO - Processing file /home/airflow/.local/lib/python3.8/site-packages/airflow/example_dags/example_branch_labels.py for tasks to queue
[2024-02-07T08:51:20.350+0000] {logging_mixin.py:188} INFO - [2024-02-07T08:51:20.350+0000] {dagbag.py:538} INFO - Filling up the DagBag from /home/airflow/.local/lib/python3.8/site-packages/airflow/example_dags/example_branch_labels.py
[2024-02-07T08:51:20.358+0000] {processor.py:840} INFO - DAG(s) 'example_branch_labels' retrieved from /home/airflow/.local/lib/python3.8/site-packages/airflow/example_dags/example_branch_labels.py
[2024-02-07T08:51:20.382+0000] {logging_mixin.py:188} INFO - [2024-02-07T08:51:20.381+0000] {dag.py:3033} INFO - Sync 1 DAGs
[2024-02-07T08:51:20.428+0000] {logging_mixin.py:188} INFO - [2024-02-07T08:51:20.428+0000] {dag.py:3820} INFO - Setting next_dagrun for example_branch_labels to 2024-02-06T00:00:00+00:00, run_after=2024-02-07T00:00:00+00:00
[2024-02-07T08:51:20.455+0000] {processor.py:183} INFO - Processing /home/airflow/.local/lib/python3.8/site-packages/airflow/example_dags/example_branch_labels.py took 0.112 seconds
[2024-02-07T08:51:51.023+0000] {processor.py:161} INFO - Started process (PID=1354) to work on /home/airflow/.local/lib/python3.8/site-packages/airflow/example_dags/example_branch_labels.py
[2024-02-07T08:51:51.024+0000] {processor.py:830} INFO - Processing file /home/airflow/.local/lib/python3.8/site-packages/airflow/example_dags/example_branch_labels.py for tasks to queue
[2024-02-07T08:51:51.040+0000] {logging_mixin.py:188} INFO - [2024-02-07T08:51:51.039+0000] {dagbag.py:538} INFO - Filling up the DagBag from /home/airflow/.local/lib/python3.8/site-packages/airflow/example_dags/example_branch_labels.py
[2024-02-07T08:51:51.057+0000] {processor.py:840} INFO - DAG(s) 'example_branch_labels' retrieved from /home/airflow/.local/lib/python3.8/site-packages/airflow/example_dags/example_branch_labels.py
[2024-02-07T08:51:51.122+0000] {logging_mixin.py:188} INFO - [2024-02-07T08:51:51.121+0000] {dag.py:3033} INFO - Sync 1 DAGs
[2024-02-07T08:51:51.166+0000] {logging_mixin.py:188} INFO - [2024-02-07T08:51:51.165+0000] {dag.py:3820} INFO - Setting next_dagrun for example_branch_labels to 2024-02-06T00:00:00+00:00, run_after=2024-02-07T00:00:00+00:00
[2024-02-07T08:51:51.193+0000] {processor.py:183} INFO - Processing /home/airflow/.local/lib/python3.8/site-packages/airflow/example_dags/example_branch_labels.py took 0.175 seconds
[2024-02-07T08:52:21.312+0000] {processor.py:161} INFO - Started process (PID=1411) to work on /home/airflow/.local/lib/python3.8/site-packages/airflow/example_dags/example_branch_labels.py
[2024-02-07T08:52:21.313+0000] {processor.py:830} INFO - Processing file /home/airflow/.local/lib/python3.8/site-packages/airflow/example_dags/example_branch_labels.py for tasks to queue
[2024-02-07T08:52:21.318+0000] {logging_mixin.py:188} INFO - [2024-02-07T08:52:21.318+0000] {dagbag.py:538} INFO - Filling up the DagBag from /home/airflow/.local/lib/python3.8/site-packages/airflow/example_dags/example_branch_labels.py
[2024-02-07T08:52:21.333+0000] {processor.py:840} INFO - DAG(s) 'example_branch_labels' retrieved from /home/airflow/.local/lib/python3.8/site-packages/airflow/example_dags/example_branch_labels.py
[2024-02-07T08:52:21.357+0000] {logging_mixin.py:188} INFO - [2024-02-07T08:52:21.357+0000] {dag.py:3033} INFO - Sync 1 DAGs
[2024-02-07T08:52:21.389+0000] {logging_mixin.py:188} INFO - [2024-02-07T08:52:21.389+0000] {dag.py:3820} INFO - Setting next_dagrun for example_branch_labels to 2024-02-06T00:00:00+00:00, run_after=2024-02-07T00:00:00+00:00
[2024-02-07T08:52:21.414+0000] {processor.py:183} INFO - Processing /home/airflow/.local/lib/python3.8/site-packages/airflow/example_dags/example_branch_labels.py took 0.107 seconds
[2024-02-07T08:52:51.612+0000] {processor.py:161} INFO - Started process (PID=1468) to work on /home/airflow/.local/lib/python3.8/site-packages/airflow/example_dags/example_branch_labels.py
[2024-02-07T08:52:51.614+0000] {processor.py:830} INFO - Processing file /home/airflow/.local/lib/python3.8/site-packages/airflow/example_dags/example_branch_labels.py for tasks to queue
[2024-02-07T08:52:51.616+0000] {logging_mixin.py:188} INFO - [2024-02-07T08:52:51.616+0000] {dagbag.py:538} INFO - Filling up the DagBag from /home/airflow/.local/lib/python3.8/site-packages/airflow/example_dags/example_branch_labels.py
[2024-02-07T08:52:51.624+0000] {processor.py:840} INFO - DAG(s) 'example_branch_labels' retrieved from /home/airflow/.local/lib/python3.8/site-packages/airflow/example_dags/example_branch_labels.py
[2024-02-07T08:52:51.644+0000] {logging_mixin.py:188} INFO - [2024-02-07T08:52:51.644+0000] {dag.py:3033} INFO - Sync 1 DAGs
[2024-02-07T08:52:51.679+0000] {logging_mixin.py:188} INFO - [2024-02-07T08:52:51.679+0000] {dag.py:3820} INFO - Setting next_dagrun for example_branch_labels to 2024-02-06T00:00:00+00:00, run_after=2024-02-07T00:00:00+00:00
[2024-02-07T08:52:51.719+0000] {processor.py:183} INFO - Processing /home/airflow/.local/lib/python3.8/site-packages/airflow/example_dags/example_branch_labels.py took 0.110 seconds
[2024-02-07T08:53:21.880+0000] {processor.py:161} INFO - Started process (PID=1525) to work on /home/airflow/.local/lib/python3.8/site-packages/airflow/example_dags/example_branch_labels.py
[2024-02-07T08:53:21.881+0000] {processor.py:830} INFO - Processing file /home/airflow/.local/lib/python3.8/site-packages/airflow/example_dags/example_branch_labels.py for tasks to queue
[2024-02-07T08:53:21.884+0000] {logging_mixin.py:188} INFO - [2024-02-07T08:53:21.884+0000] {dagbag.py:538} INFO - Filling up the DagBag from /home/airflow/.local/lib/python3.8/site-packages/airflow/example_dags/example_branch_labels.py
[2024-02-07T08:53:21.896+0000] {processor.py:840} INFO - DAG(s) 'example_branch_labels' retrieved from /home/airflow/.local/lib/python3.8/site-packages/airflow/example_dags/example_branch_labels.py
[2024-02-07T08:53:21.924+0000] {logging_mixin.py:188} INFO - [2024-02-07T08:53:21.924+0000] {dag.py:3033} INFO - Sync 1 DAGs
[2024-02-07T08:53:21.952+0000] {logging_mixin.py:188} INFO - [2024-02-07T08:53:21.951+0000] {dag.py:3820} INFO - Setting next_dagrun for example_branch_labels to 2024-02-06T00:00:00+00:00, run_after=2024-02-07T00:00:00+00:00
[2024-02-07T08:53:21.977+0000] {processor.py:183} INFO - Processing /home/airflow/.local/lib/python3.8/site-packages/airflow/example_dags/example_branch_labels.py took 0.102 seconds
[2024-02-07T08:53:52.207+0000] {processor.py:161} INFO - Started process (PID=1582) to work on /home/airflow/.local/lib/python3.8/site-packages/airflow/example_dags/example_branch_labels.py
[2024-02-07T08:53:52.208+0000] {processor.py:830} INFO - Processing file /home/airflow/.local/lib/python3.8/site-packages/airflow/example_dags/example_branch_labels.py for tasks to queue
[2024-02-07T08:53:52.211+0000] {logging_mixin.py:188} INFO - [2024-02-07T08:53:52.211+0000] {dagbag.py:538} INFO - Filling up the DagBag from /home/airflow/.local/lib/python3.8/site-packages/airflow/example_dags/example_branch_labels.py
[2024-02-07T08:53:52.220+0000] {processor.py:840} INFO - DAG(s) 'example_branch_labels' retrieved from /home/airflow/.local/lib/python3.8/site-packages/airflow/example_dags/example_branch_labels.py
[2024-02-07T08:53:52.243+0000] {logging_mixin.py:188} INFO - [2024-02-07T08:53:52.243+0000] {dag.py:3033} INFO - Sync 1 DAGs
[2024-02-07T08:53:52.283+0000] {logging_mixin.py:188} INFO - [2024-02-07T08:53:52.282+0000] {dag.py:3820} INFO - Setting next_dagrun for example_branch_labels to 2024-02-06T00:00:00+00:00, run_after=2024-02-07T00:00:00+00:00
[2024-02-07T08:53:52.309+0000] {processor.py:183} INFO - Processing /home/airflow/.local/lib/python3.8/site-packages/airflow/example_dags/example_branch_labels.py took 0.106 seconds
[2024-02-07T08:54:22.629+0000] {processor.py:161} INFO - Started process (PID=1639) to work on /home/airflow/.local/lib/python3.8/site-packages/airflow/example_dags/example_branch_labels.py
[2024-02-07T08:54:22.630+0000] {processor.py:830} INFO - Processing file /home/airflow/.local/lib/python3.8/site-packages/airflow/example_dags/example_branch_labels.py for tasks to queue
[2024-02-07T08:54:22.633+0000] {logging_mixin.py:188} INFO - [2024-02-07T08:54:22.633+0000] {dagbag.py:538} INFO - Filling up the DagBag from /home/airflow/.local/lib/python3.8/site-packages/airflow/example_dags/example_branch_labels.py
[2024-02-07T08:54:22.645+0000] {processor.py:840} INFO - DAG(s) 'example_branch_labels' retrieved from /home/airflow/.local/lib/python3.8/site-packages/airflow/example_dags/example_branch_labels.py
[2024-02-07T08:54:22.687+0000] {logging_mixin.py:188} INFO - [2024-02-07T08:54:22.687+0000] {dag.py:3033} INFO - Sync 1 DAGs
[2024-02-07T08:54:22.726+0000] {logging_mixin.py:188} INFO - [2024-02-07T08:54:22.726+0000] {dag.py:3820} INFO - Setting next_dagrun for example_branch_labels to 2024-02-06T00:00:00+00:00, run_after=2024-02-07T00:00:00+00:00
[2024-02-07T08:54:22.758+0000] {processor.py:183} INFO - Processing /home/airflow/.local/lib/python3.8/site-packages/airflow/example_dags/example_branch_labels.py took 0.134 seconds
[2024-02-07T08:54:53.410+0000] {processor.py:161} INFO - Started process (PID=1696) to work on /home/airflow/.local/lib/python3.8/site-packages/airflow/example_dags/example_branch_labels.py
[2024-02-07T08:54:53.412+0000] {processor.py:830} INFO - Processing file /home/airflow/.local/lib/python3.8/site-packages/airflow/example_dags/example_branch_labels.py for tasks to queue
[2024-02-07T08:54:53.418+0000] {logging_mixin.py:188} INFO - [2024-02-07T08:54:53.417+0000] {dagbag.py:538} INFO - Filling up the DagBag from /home/airflow/.local/lib/python3.8/site-packages/airflow/example_dags/example_branch_labels.py
[2024-02-07T08:54:53.435+0000] {processor.py:840} INFO - DAG(s) 'example_branch_labels' retrieved from /home/airflow/.local/lib/python3.8/site-packages/airflow/example_dags/example_branch_labels.py
[2024-02-07T08:54:53.495+0000] {logging_mixin.py:188} INFO - [2024-02-07T08:54:53.495+0000] {dag.py:3033} INFO - Sync 1 DAGs
[2024-02-07T08:54:53.585+0000] {logging_mixin.py:188} INFO - [2024-02-07T08:54:53.584+0000] {dag.py:3820} INFO - Setting next_dagrun for example_branch_labels to 2024-02-06T00:00:00+00:00, run_after=2024-02-07T00:00:00+00:00
[2024-02-07T08:54:53.642+0000] {processor.py:183} INFO - Processing /home/airflow/.local/lib/python3.8/site-packages/airflow/example_dags/example_branch_labels.py took 0.240 seconds
[2024-02-07T08:55:24.501+0000] {processor.py:161} INFO - Started process (PID=1753) to work on /home/airflow/.local/lib/python3.8/site-packages/airflow/example_dags/example_branch_labels.py
[2024-02-07T08:55:24.503+0000] {processor.py:830} INFO - Processing file /home/airflow/.local/lib/python3.8/site-packages/airflow/example_dags/example_branch_labels.py for tasks to queue
[2024-02-07T08:55:24.509+0000] {logging_mixin.py:188} INFO - [2024-02-07T08:55:24.508+0000] {dagbag.py:538} INFO - Filling up the DagBag from /home/airflow/.local/lib/python3.8/site-packages/airflow/example_dags/example_branch_labels.py
[2024-02-07T08:55:24.533+0000] {processor.py:840} INFO - DAG(s) 'example_branch_labels' retrieved from /home/airflow/.local/lib/python3.8/site-packages/airflow/example_dags/example_branch_labels.py
[2024-02-07T08:55:24.590+0000] {logging_mixin.py:188} INFO - [2024-02-07T08:55:24.589+0000] {dag.py:3033} INFO - Sync 1 DAGs
[2024-02-07T08:55:24.664+0000] {logging_mixin.py:188} INFO - [2024-02-07T08:55:24.663+0000] {dag.py:3820} INFO - Setting next_dagrun for example_branch_labels to 2024-02-06T00:00:00+00:00, run_after=2024-02-07T00:00:00+00:00
[2024-02-07T08:55:24.734+0000] {processor.py:183} INFO - Processing /home/airflow/.local/lib/python3.8/site-packages/airflow/example_dags/example_branch_labels.py took 0.242 seconds
[2024-02-07T08:55:55.149+0000] {processor.py:161} INFO - Started process (PID=1810) to work on /home/airflow/.local/lib/python3.8/site-packages/airflow/example_dags/example_branch_labels.py
[2024-02-07T08:55:55.151+0000] {processor.py:830} INFO - Processing file /home/airflow/.local/lib/python3.8/site-packages/airflow/example_dags/example_branch_labels.py for tasks to queue
[2024-02-07T08:55:55.156+0000] {logging_mixin.py:188} INFO - [2024-02-07T08:55:55.155+0000] {dagbag.py:538} INFO - Filling up the DagBag from /home/airflow/.local/lib/python3.8/site-packages/airflow/example_dags/example_branch_labels.py
[2024-02-07T08:55:55.174+0000] {processor.py:840} INFO - DAG(s) 'example_branch_labels' retrieved from /home/airflow/.local/lib/python3.8/site-packages/airflow/example_dags/example_branch_labels.py
[2024-02-07T08:55:55.220+0000] {logging_mixin.py:188} INFO - [2024-02-07T08:55:55.220+0000] {dag.py:3033} INFO - Sync 1 DAGs
[2024-02-07T08:55:55.274+0000] {logging_mixin.py:188} INFO - [2024-02-07T08:55:55.273+0000] {dag.py:3820} INFO - Setting next_dagrun for example_branch_labels to 2024-02-06T00:00:00+00:00, run_after=2024-02-07T00:00:00+00:00
[2024-02-07T08:55:55.334+0000] {processor.py:183} INFO - Processing /home/airflow/.local/lib/python3.8/site-packages/airflow/example_dags/example_branch_labels.py took 0.193 seconds
[2024-02-07T08:56:25.813+0000] {processor.py:161} INFO - Started process (PID=1869) to work on /home/airflow/.local/lib/python3.8/site-packages/airflow/example_dags/example_branch_labels.py
[2024-02-07T08:56:25.816+0000] {processor.py:830} INFO - Processing file /home/airflow/.local/lib/python3.8/site-packages/airflow/example_dags/example_branch_labels.py for tasks to queue
[2024-02-07T08:56:25.824+0000] {logging_mixin.py:188} INFO - [2024-02-07T08:56:25.823+0000] {dagbag.py:538} INFO - Filling up the DagBag from /home/airflow/.local/lib/python3.8/site-packages/airflow/example_dags/example_branch_labels.py
[2024-02-07T08:56:25.854+0000] {processor.py:840} INFO - DAG(s) 'example_branch_labels' retrieved from /home/airflow/.local/lib/python3.8/site-packages/airflow/example_dags/example_branch_labels.py
[2024-02-07T08:56:25.938+0000] {logging_mixin.py:188} INFO - [2024-02-07T08:56:25.936+0000] {dag.py:3033} INFO - Sync 1 DAGs
[2024-02-07T08:56:26.026+0000] {logging_mixin.py:188} INFO - [2024-02-07T08:56:26.026+0000] {dag.py:3820} INFO - Setting next_dagrun for example_branch_labels to 2024-02-06T00:00:00+00:00, run_after=2024-02-07T00:00:00+00:00
[2024-02-07T08:56:26.103+0000] {processor.py:183} INFO - Processing /home/airflow/.local/lib/python3.8/site-packages/airflow/example_dags/example_branch_labels.py took 0.300 seconds
[2024-02-07T08:56:56.410+0000] {processor.py:161} INFO - Started process (PID=1926) to work on /home/airflow/.local/lib/python3.8/site-packages/airflow/example_dags/example_branch_labels.py
[2024-02-07T08:56:56.412+0000] {processor.py:830} INFO - Processing file /home/airflow/.local/lib/python3.8/site-packages/airflow/example_dags/example_branch_labels.py for tasks to queue
[2024-02-07T08:56:56.418+0000] {logging_mixin.py:188} INFO - [2024-02-07T08:56:56.418+0000] {dagbag.py:538} INFO - Filling up the DagBag from /home/airflow/.local/lib/python3.8/site-packages/airflow/example_dags/example_branch_labels.py
[2024-02-07T08:56:56.444+0000] {processor.py:840} INFO - DAG(s) 'example_branch_labels' retrieved from /home/airflow/.local/lib/python3.8/site-packages/airflow/example_dags/example_branch_labels.py
[2024-02-07T08:56:56.507+0000] {logging_mixin.py:188} INFO - [2024-02-07T08:56:56.507+0000] {dag.py:3033} INFO - Sync 1 DAGs
[2024-02-07T08:56:56.559+0000] {logging_mixin.py:188} INFO - [2024-02-07T08:56:56.559+0000] {dag.py:3820} INFO - Setting next_dagrun for example_branch_labels to 2024-02-06T00:00:00+00:00, run_after=2024-02-07T00:00:00+00:00
[2024-02-07T08:56:56.610+0000] {processor.py:183} INFO - Processing /home/airflow/.local/lib/python3.8/site-packages/airflow/example_dags/example_branch_labels.py took 0.212 seconds
[2024-02-07T08:57:26.751+0000] {processor.py:161} INFO - Started process (PID=1983) to work on /home/airflow/.local/lib/python3.8/site-packages/airflow/example_dags/example_branch_labels.py
[2024-02-07T08:57:26.754+0000] {processor.py:830} INFO - Processing file /home/airflow/.local/lib/python3.8/site-packages/airflow/example_dags/example_branch_labels.py for tasks to queue
[2024-02-07T08:57:26.759+0000] {logging_mixin.py:188} INFO - [2024-02-07T08:57:26.758+0000] {dagbag.py:538} INFO - Filling up the DagBag from /home/airflow/.local/lib/python3.8/site-packages/airflow/example_dags/example_branch_labels.py
[2024-02-07T08:57:26.772+0000] {processor.py:840} INFO - DAG(s) 'example_branch_labels' retrieved from /home/airflow/.local/lib/python3.8/site-packages/airflow/example_dags/example_branch_labels.py
[2024-02-07T08:57:26.813+0000] {logging_mixin.py:188} INFO - [2024-02-07T08:57:26.812+0000] {dag.py:3033} INFO - Sync 1 DAGs
[2024-02-07T08:57:26.863+0000] {logging_mixin.py:188} INFO - [2024-02-07T08:57:26.862+0000] {dag.py:3820} INFO - Setting next_dagrun for example_branch_labels to 2024-02-06T00:00:00+00:00, run_after=2024-02-07T00:00:00+00:00
[2024-02-07T08:57:26.920+0000] {processor.py:183} INFO - Processing /home/airflow/.local/lib/python3.8/site-packages/airflow/example_dags/example_branch_labels.py took 0.177 seconds
[2024-02-07T08:57:57.590+0000] {processor.py:161} INFO - Started process (PID=2041) to work on /home/airflow/.local/lib/python3.8/site-packages/airflow/example_dags/example_branch_labels.py
[2024-02-07T08:57:57.592+0000] {processor.py:830} INFO - Processing file /home/airflow/.local/lib/python3.8/site-packages/airflow/example_dags/example_branch_labels.py for tasks to queue
[2024-02-07T08:57:57.597+0000] {logging_mixin.py:188} INFO - [2024-02-07T08:57:57.596+0000] {dagbag.py:538} INFO - Filling up the DagBag from /home/airflow/.local/lib/python3.8/site-packages/airflow/example_dags/example_branch_labels.py
[2024-02-07T08:57:57.613+0000] {processor.py:840} INFO - DAG(s) 'example_branch_labels' retrieved from /home/airflow/.local/lib/python3.8/site-packages/airflow/example_dags/example_branch_labels.py
[2024-02-07T08:57:57.655+0000] {logging_mixin.py:188} INFO - [2024-02-07T08:57:57.655+0000] {dag.py:3033} INFO - Sync 1 DAGs
[2024-02-07T08:57:57.702+0000] {logging_mixin.py:188} INFO - [2024-02-07T08:57:57.701+0000] {dag.py:3820} INFO - Setting next_dagrun for example_branch_labels to 2024-02-06T00:00:00+00:00, run_after=2024-02-07T00:00:00+00:00
[2024-02-07T08:57:57.741+0000] {processor.py:183} INFO - Processing /home/airflow/.local/lib/python3.8/site-packages/airflow/example_dags/example_branch_labels.py took 0.159 seconds
[2024-02-07T08:58:28.207+0000] {processor.py:161} INFO - Started process (PID=2098) to work on /home/airflow/.local/lib/python3.8/site-packages/airflow/example_dags/example_branch_labels.py
[2024-02-07T08:58:28.210+0000] {processor.py:830} INFO - Processing file /home/airflow/.local/lib/python3.8/site-packages/airflow/example_dags/example_branch_labels.py for tasks to queue
[2024-02-07T08:58:28.214+0000] {logging_mixin.py:188} INFO - [2024-02-07T08:58:28.214+0000] {dagbag.py:538} INFO - Filling up the DagBag from /home/airflow/.local/lib/python3.8/site-packages/airflow/example_dags/example_branch_labels.py
[2024-02-07T08:58:28.236+0000] {processor.py:840} INFO - DAG(s) 'example_branch_labels' retrieved from /home/airflow/.local/lib/python3.8/site-packages/airflow/example_dags/example_branch_labels.py
[2024-02-07T08:58:28.287+0000] {logging_mixin.py:188} INFO - [2024-02-07T08:58:28.286+0000] {dag.py:3033} INFO - Sync 1 DAGs
[2024-02-07T08:58:28.330+0000] {logging_mixin.py:188} INFO - [2024-02-07T08:58:28.329+0000] {dag.py:3820} INFO - Setting next_dagrun for example_branch_labels to 2024-02-06T00:00:00+00:00, run_after=2024-02-07T00:00:00+00:00
[2024-02-07T08:58:28.383+0000] {processor.py:183} INFO - Processing /home/airflow/.local/lib/python3.8/site-packages/airflow/example_dags/example_branch_labels.py took 0.185 seconds
[2024-02-07T08:58:58.594+0000] {processor.py:161} INFO - Started process (PID=2155) to work on /home/airflow/.local/lib/python3.8/site-packages/airflow/example_dags/example_branch_labels.py
[2024-02-07T08:58:58.596+0000] {processor.py:830} INFO - Processing file /home/airflow/.local/lib/python3.8/site-packages/airflow/example_dags/example_branch_labels.py for tasks to queue
[2024-02-07T08:58:58.600+0000] {logging_mixin.py:188} INFO - [2024-02-07T08:58:58.600+0000] {dagbag.py:538} INFO - Filling up the DagBag from /home/airflow/.local/lib/python3.8/site-packages/airflow/example_dags/example_branch_labels.py
[2024-02-07T08:58:58.620+0000] {processor.py:840} INFO - DAG(s) 'example_branch_labels' retrieved from /home/airflow/.local/lib/python3.8/site-packages/airflow/example_dags/example_branch_labels.py
[2024-02-07T08:58:58.675+0000] {logging_mixin.py:188} INFO - [2024-02-07T08:58:58.674+0000] {dag.py:3033} INFO - Sync 1 DAGs
[2024-02-07T08:58:58.754+0000] {logging_mixin.py:188} INFO - [2024-02-07T08:58:58.753+0000] {dag.py:3820} INFO - Setting next_dagrun for example_branch_labels to 2024-02-06T00:00:00+00:00, run_after=2024-02-07T00:00:00+00:00
[2024-02-07T08:58:58.805+0000] {processor.py:183} INFO - Processing /home/airflow/.local/lib/python3.8/site-packages/airflow/example_dags/example_branch_labels.py took 0.219 seconds
[2024-02-07T08:59:28.886+0000] {processor.py:161} INFO - Started process (PID=2212) to work on /home/airflow/.local/lib/python3.8/site-packages/airflow/example_dags/example_branch_labels.py
[2024-02-07T08:59:28.887+0000] {processor.py:830} INFO - Processing file /home/airflow/.local/lib/python3.8/site-packages/airflow/example_dags/example_branch_labels.py for tasks to queue
[2024-02-07T08:59:28.890+0000] {logging_mixin.py:188} INFO - [2024-02-07T08:59:28.890+0000] {dagbag.py:538} INFO - Filling up the DagBag from /home/airflow/.local/lib/python3.8/site-packages/airflow/example_dags/example_branch_labels.py
[2024-02-07T08:59:28.906+0000] {processor.py:840} INFO - DAG(s) 'example_branch_labels' retrieved from /home/airflow/.local/lib/python3.8/site-packages/airflow/example_dags/example_branch_labels.py
[2024-02-07T08:59:28.937+0000] {logging_mixin.py:188} INFO - [2024-02-07T08:59:28.937+0000] {dag.py:3033} INFO - Sync 1 DAGs
[2024-02-07T08:59:28.963+0000] {logging_mixin.py:188} INFO - [2024-02-07T08:59:28.963+0000] {dag.py:3820} INFO - Setting next_dagrun for example_branch_labels to 2024-02-06T00:00:00+00:00, run_after=2024-02-07T00:00:00+00:00
[2024-02-07T08:59:28.985+0000] {processor.py:183} INFO - Processing /home/airflow/.local/lib/python3.8/site-packages/airflow/example_dags/example_branch_labels.py took 0.104 seconds
[2024-02-07T08:59:59.109+0000] {processor.py:161} INFO - Started process (PID=2269) to work on /home/airflow/.local/lib/python3.8/site-packages/airflow/example_dags/example_branch_labels.py
[2024-02-07T08:59:59.111+0000] {processor.py:830} INFO - Processing file /home/airflow/.local/lib/python3.8/site-packages/airflow/example_dags/example_branch_labels.py for tasks to queue
[2024-02-07T08:59:59.114+0000] {logging_mixin.py:188} INFO - [2024-02-07T08:59:59.114+0000] {dagbag.py:538} INFO - Filling up the DagBag from /home/airflow/.local/lib/python3.8/site-packages/airflow/example_dags/example_branch_labels.py
[2024-02-07T08:59:59.123+0000] {processor.py:840} INFO - DAG(s) 'example_branch_labels' retrieved from /home/airflow/.local/lib/python3.8/site-packages/airflow/example_dags/example_branch_labels.py
[2024-02-07T08:59:59.149+0000] {logging_mixin.py:188} INFO - [2024-02-07T08:59:59.149+0000] {dag.py:3033} INFO - Sync 1 DAGs
[2024-02-07T08:59:59.178+0000] {logging_mixin.py:188} INFO - [2024-02-07T08:59:59.178+0000] {dag.py:3820} INFO - Setting next_dagrun for example_branch_labels to 2024-02-06T00:00:00+00:00, run_after=2024-02-07T00:00:00+00:00
[2024-02-07T08:59:59.202+0000] {processor.py:183} INFO - Processing /home/airflow/.local/lib/python3.8/site-packages/airflow/example_dags/example_branch_labels.py took 0.100 seconds
[2024-02-07T09:00:29.426+0000] {processor.py:161} INFO - Started process (PID=2326) to work on /home/airflow/.local/lib/python3.8/site-packages/airflow/example_dags/example_branch_labels.py
[2024-02-07T09:00:29.427+0000] {processor.py:830} INFO - Processing file /home/airflow/.local/lib/python3.8/site-packages/airflow/example_dags/example_branch_labels.py for tasks to queue
[2024-02-07T09:00:29.430+0000] {logging_mixin.py:188} INFO - [2024-02-07T09:00:29.430+0000] {dagbag.py:538} INFO - Filling up the DagBag from /home/airflow/.local/lib/python3.8/site-packages/airflow/example_dags/example_branch_labels.py
[2024-02-07T09:00:29.439+0000] {processor.py:840} INFO - DAG(s) 'example_branch_labels' retrieved from /home/airflow/.local/lib/python3.8/site-packages/airflow/example_dags/example_branch_labels.py
[2024-02-07T09:00:29.462+0000] {logging_mixin.py:188} INFO - [2024-02-07T09:00:29.462+0000] {dag.py:3033} INFO - Sync 1 DAGs
[2024-02-07T09:00:29.488+0000] {logging_mixin.py:188} INFO - [2024-02-07T09:00:29.488+0000] {dag.py:3820} INFO - Setting next_dagrun for example_branch_labels to 2024-02-06T00:00:00+00:00, run_after=2024-02-07T00:00:00+00:00
[2024-02-07T09:00:29.514+0000] {processor.py:183} INFO - Processing /home/airflow/.local/lib/python3.8/site-packages/airflow/example_dags/example_branch_labels.py took 0.092 seconds
[2024-02-07T09:01:00.048+0000] {processor.py:161} INFO - Started process (PID=2383) to work on /home/airflow/.local/lib/python3.8/site-packages/airflow/example_dags/example_branch_labels.py
[2024-02-07T09:01:00.049+0000] {processor.py:830} INFO - Processing file /home/airflow/.local/lib/python3.8/site-packages/airflow/example_dags/example_branch_labels.py for tasks to queue
[2024-02-07T09:01:00.053+0000] {logging_mixin.py:188} INFO - [2024-02-07T09:01:00.053+0000] {dagbag.py:538} INFO - Filling up the DagBag from /home/airflow/.local/lib/python3.8/site-packages/airflow/example_dags/example_branch_labels.py
[2024-02-07T09:01:00.063+0000] {processor.py:840} INFO - DAG(s) 'example_branch_labels' retrieved from /home/airflow/.local/lib/python3.8/site-packages/airflow/example_dags/example_branch_labels.py
[2024-02-07T09:01:00.088+0000] {logging_mixin.py:188} INFO - [2024-02-07T09:01:00.088+0000] {dag.py:3033} INFO - Sync 1 DAGs
[2024-02-07T09:01:00.115+0000] {logging_mixin.py:188} INFO - [2024-02-07T09:01:00.115+0000] {dag.py:3820} INFO - Setting next_dagrun for example_branch_labels to 2024-02-06T00:00:00+00:00, run_after=2024-02-07T00:00:00+00:00
[2024-02-07T09:01:00.142+0000] {processor.py:183} INFO - Processing /home/airflow/.local/lib/python3.8/site-packages/airflow/example_dags/example_branch_labels.py took 0.097 seconds
[2024-02-07T09:01:30.556+0000] {processor.py:161} INFO - Started process (PID=2440) to work on /home/airflow/.local/lib/python3.8/site-packages/airflow/example_dags/example_branch_labels.py
[2024-02-07T09:01:30.557+0000] {processor.py:830} INFO - Processing file /home/airflow/.local/lib/python3.8/site-packages/airflow/example_dags/example_branch_labels.py for tasks to queue
[2024-02-07T09:01:30.559+0000] {logging_mixin.py:188} INFO - [2024-02-07T09:01:30.559+0000] {dagbag.py:538} INFO - Filling up the DagBag from /home/airflow/.local/lib/python3.8/site-packages/airflow/example_dags/example_branch_labels.py
[2024-02-07T09:01:30.567+0000] {processor.py:840} INFO - DAG(s) 'example_branch_labels' retrieved from /home/airflow/.local/lib/python3.8/site-packages/airflow/example_dags/example_branch_labels.py
[2024-02-07T09:01:30.590+0000] {logging_mixin.py:188} INFO - [2024-02-07T09:01:30.589+0000] {dag.py:3033} INFO - Sync 1 DAGs
[2024-02-07T09:01:30.613+0000] {logging_mixin.py:188} INFO - [2024-02-07T09:01:30.613+0000] {dag.py:3820} INFO - Setting next_dagrun for example_branch_labels to 2024-02-06T00:00:00+00:00, run_after=2024-02-07T00:00:00+00:00
[2024-02-07T09:01:30.638+0000] {processor.py:183} INFO - Processing /home/airflow/.local/lib/python3.8/site-packages/airflow/example_dags/example_branch_labels.py took 0.087 seconds
[2024-02-07T09:02:01.003+0000] {processor.py:161} INFO - Started process (PID=2497) to work on /home/airflow/.local/lib/python3.8/site-packages/airflow/example_dags/example_branch_labels.py
[2024-02-07T09:02:01.004+0000] {processor.py:830} INFO - Processing file /home/airflow/.local/lib/python3.8/site-packages/airflow/example_dags/example_branch_labels.py for tasks to queue
[2024-02-07T09:02:01.007+0000] {logging_mixin.py:188} INFO - [2024-02-07T09:02:01.006+0000] {dagbag.py:538} INFO - Filling up the DagBag from /home/airflow/.local/lib/python3.8/site-packages/airflow/example_dags/example_branch_labels.py
[2024-02-07T09:02:01.015+0000] {processor.py:840} INFO - DAG(s) 'example_branch_labels' retrieved from /home/airflow/.local/lib/python3.8/site-packages/airflow/example_dags/example_branch_labels.py
[2024-02-07T09:02:01.042+0000] {logging_mixin.py:188} INFO - [2024-02-07T09:02:01.042+0000] {dag.py:3033} INFO - Sync 1 DAGs
[2024-02-07T09:02:01.064+0000] {logging_mixin.py:188} INFO - [2024-02-07T09:02:01.064+0000] {dag.py:3820} INFO - Setting next_dagrun for example_branch_labels to 2024-02-06T00:00:00+00:00, run_after=2024-02-07T00:00:00+00:00
[2024-02-07T09:02:01.088+0000] {processor.py:183} INFO - Processing /home/airflow/.local/lib/python3.8/site-packages/airflow/example_dags/example_branch_labels.py took 0.088 seconds
[2024-02-07T09:02:31.702+0000] {processor.py:161} INFO - Started process (PID=2561) to work on /home/airflow/.local/lib/python3.8/site-packages/airflow/example_dags/example_branch_labels.py
[2024-02-07T09:02:31.704+0000] {processor.py:830} INFO - Processing file /home/airflow/.local/lib/python3.8/site-packages/airflow/example_dags/example_branch_labels.py for tasks to queue
[2024-02-07T09:02:31.706+0000] {logging_mixin.py:188} INFO - [2024-02-07T09:02:31.706+0000] {dagbag.py:538} INFO - Filling up the DagBag from /home/airflow/.local/lib/python3.8/site-packages/airflow/example_dags/example_branch_labels.py
[2024-02-07T09:02:31.714+0000] {processor.py:840} INFO - DAG(s) 'example_branch_labels' retrieved from /home/airflow/.local/lib/python3.8/site-packages/airflow/example_dags/example_branch_labels.py
[2024-02-07T09:02:31.739+0000] {logging_mixin.py:188} INFO - [2024-02-07T09:02:31.739+0000] {dag.py:3033} INFO - Sync 1 DAGs
[2024-02-07T09:02:31.760+0000] {logging_mixin.py:188} INFO - [2024-02-07T09:02:31.760+0000] {dag.py:3820} INFO - Setting next_dagrun for example_branch_labels to 2024-02-06T00:00:00+00:00, run_after=2024-02-07T00:00:00+00:00
[2024-02-07T09:02:31.781+0000] {processor.py:183} INFO - Processing /home/airflow/.local/lib/python3.8/site-packages/airflow/example_dags/example_branch_labels.py took 0.082 seconds
[2024-02-07T09:03:01.884+0000] {processor.py:161} INFO - Started process (PID=2618) to work on /home/airflow/.local/lib/python3.8/site-packages/airflow/example_dags/example_branch_labels.py
[2024-02-07T09:03:01.886+0000] {processor.py:830} INFO - Processing file /home/airflow/.local/lib/python3.8/site-packages/airflow/example_dags/example_branch_labels.py for tasks to queue
[2024-02-07T09:03:01.888+0000] {logging_mixin.py:188} INFO - [2024-02-07T09:03:01.888+0000] {dagbag.py:538} INFO - Filling up the DagBag from /home/airflow/.local/lib/python3.8/site-packages/airflow/example_dags/example_branch_labels.py
[2024-02-07T09:03:01.896+0000] {processor.py:840} INFO - DAG(s) 'example_branch_labels' retrieved from /home/airflow/.local/lib/python3.8/site-packages/airflow/example_dags/example_branch_labels.py
[2024-02-07T09:03:01.919+0000] {logging_mixin.py:188} INFO - [2024-02-07T09:03:01.918+0000] {dag.py:3033} INFO - Sync 1 DAGs
[2024-02-07T09:03:01.942+0000] {logging_mixin.py:188} INFO - [2024-02-07T09:03:01.941+0000] {dag.py:3820} INFO - Setting next_dagrun for example_branch_labels to 2024-02-06T00:00:00+00:00, run_after=2024-02-07T00:00:00+00:00
[2024-02-07T09:03:01.965+0000] {processor.py:183} INFO - Processing /home/airflow/.local/lib/python3.8/site-packages/airflow/example_dags/example_branch_labels.py took 0.084 seconds
[2024-02-07T09:03:32.706+0000] {processor.py:161} INFO - Started process (PID=2675) to work on /home/airflow/.local/lib/python3.8/site-packages/airflow/example_dags/example_branch_labels.py
[2024-02-07T09:03:32.707+0000] {processor.py:830} INFO - Processing file /home/airflow/.local/lib/python3.8/site-packages/airflow/example_dags/example_branch_labels.py for tasks to queue
[2024-02-07T09:03:32.710+0000] {logging_mixin.py:188} INFO - [2024-02-07T09:03:32.709+0000] {dagbag.py:538} INFO - Filling up the DagBag from /home/airflow/.local/lib/python3.8/site-packages/airflow/example_dags/example_branch_labels.py
[2024-02-07T09:03:32.719+0000] {processor.py:840} INFO - DAG(s) 'example_branch_labels' retrieved from /home/airflow/.local/lib/python3.8/site-packages/airflow/example_dags/example_branch_labels.py
[2024-02-07T09:03:32.747+0000] {logging_mixin.py:188} INFO - [2024-02-07T09:03:32.747+0000] {dag.py:3033} INFO - Sync 1 DAGs
[2024-02-07T09:03:32.777+0000] {logging_mixin.py:188} INFO - [2024-02-07T09:03:32.777+0000] {dag.py:3820} INFO - Setting next_dagrun for example_branch_labels to 2024-02-06T00:00:00+00:00, run_after=2024-02-07T00:00:00+00:00
[2024-02-07T09:03:32.806+0000] {processor.py:183} INFO - Processing /home/airflow/.local/lib/python3.8/site-packages/airflow/example_dags/example_branch_labels.py took 0.104 seconds
[2024-02-07T09:04:02.998+0000] {processor.py:161} INFO - Started process (PID=2732) to work on /home/airflow/.local/lib/python3.8/site-packages/airflow/example_dags/example_branch_labels.py
[2024-02-07T09:04:02.999+0000] {processor.py:830} INFO - Processing file /home/airflow/.local/lib/python3.8/site-packages/airflow/example_dags/example_branch_labels.py for tasks to queue
[2024-02-07T09:04:03.002+0000] {logging_mixin.py:188} INFO - [2024-02-07T09:04:03.001+0000] {dagbag.py:538} INFO - Filling up the DagBag from /home/airflow/.local/lib/python3.8/site-packages/airflow/example_dags/example_branch_labels.py
[2024-02-07T09:04:03.009+0000] {processor.py:840} INFO - DAG(s) 'example_branch_labels' retrieved from /home/airflow/.local/lib/python3.8/site-packages/airflow/example_dags/example_branch_labels.py
[2024-02-07T09:04:03.030+0000] {logging_mixin.py:188} INFO - [2024-02-07T09:04:03.030+0000] {dag.py:3033} INFO - Sync 1 DAGs
[2024-02-07T09:04:03.055+0000] {logging_mixin.py:188} INFO - [2024-02-07T09:04:03.055+0000] {dag.py:3820} INFO - Setting next_dagrun for example_branch_labels to 2024-02-06T00:00:00+00:00, run_after=2024-02-07T00:00:00+00:00
[2024-02-07T09:04:03.072+0000] {processor.py:183} INFO - Processing /home/airflow/.local/lib/python3.8/site-packages/airflow/example_dags/example_branch_labels.py took 0.078 seconds
[2024-02-07T09:04:33.579+0000] {processor.py:161} INFO - Started process (PID=2789) to work on /home/airflow/.local/lib/python3.8/site-packages/airflow/example_dags/example_branch_labels.py
[2024-02-07T09:04:33.580+0000] {processor.py:830} INFO - Processing file /home/airflow/.local/lib/python3.8/site-packages/airflow/example_dags/example_branch_labels.py for tasks to queue
[2024-02-07T09:04:33.582+0000] {logging_mixin.py:188} INFO - [2024-02-07T09:04:33.582+0000] {dagbag.py:538} INFO - Filling up the DagBag from /home/airflow/.local/lib/python3.8/site-packages/airflow/example_dags/example_branch_labels.py
[2024-02-07T09:04:33.590+0000] {processor.py:840} INFO - DAG(s) 'example_branch_labels' retrieved from /home/airflow/.local/lib/python3.8/site-packages/airflow/example_dags/example_branch_labels.py
[2024-02-07T09:04:33.613+0000] {logging_mixin.py:188} INFO - [2024-02-07T09:04:33.613+0000] {dag.py:3033} INFO - Sync 1 DAGs
[2024-02-07T09:04:33.636+0000] {logging_mixin.py:188} INFO - [2024-02-07T09:04:33.635+0000] {dag.py:3820} INFO - Setting next_dagrun for example_branch_labels to 2024-02-06T00:00:00+00:00, run_after=2024-02-07T00:00:00+00:00
[2024-02-07T09:04:33.656+0000] {processor.py:183} INFO - Processing /home/airflow/.local/lib/python3.8/site-packages/airflow/example_dags/example_branch_labels.py took 0.080 seconds
[2024-02-07T09:05:03.791+0000] {processor.py:161} INFO - Started process (PID=2846) to work on /home/airflow/.local/lib/python3.8/site-packages/airflow/example_dags/example_branch_labels.py
[2024-02-07T09:05:03.792+0000] {processor.py:830} INFO - Processing file /home/airflow/.local/lib/python3.8/site-packages/airflow/example_dags/example_branch_labels.py for tasks to queue
[2024-02-07T09:05:03.795+0000] {logging_mixin.py:188} INFO - [2024-02-07T09:05:03.794+0000] {dagbag.py:538} INFO - Filling up the DagBag from /home/airflow/.local/lib/python3.8/site-packages/airflow/example_dags/example_branch_labels.py
[2024-02-07T09:05:03.805+0000] {processor.py:840} INFO - DAG(s) 'example_branch_labels' retrieved from /home/airflow/.local/lib/python3.8/site-packages/airflow/example_dags/example_branch_labels.py
[2024-02-07T09:05:03.831+0000] {logging_mixin.py:188} INFO - [2024-02-07T09:05:03.831+0000] {dag.py:3033} INFO - Sync 1 DAGs
[2024-02-07T09:05:03.856+0000] {logging_mixin.py:188} INFO - [2024-02-07T09:05:03.855+0000] {dag.py:3820} INFO - Setting next_dagrun for example_branch_labels to 2024-02-06T00:00:00+00:00, run_after=2024-02-07T00:00:00+00:00
[2024-02-07T09:05:03.881+0000] {processor.py:183} INFO - Processing /home/airflow/.local/lib/python3.8/site-packages/airflow/example_dags/example_branch_labels.py took 0.094 seconds
[2024-02-07T09:05:34.263+0000] {processor.py:161} INFO - Started process (PID=2903) to work on /home/airflow/.local/lib/python3.8/site-packages/airflow/example_dags/example_branch_labels.py
[2024-02-07T09:05:34.264+0000] {processor.py:830} INFO - Processing file /home/airflow/.local/lib/python3.8/site-packages/airflow/example_dags/example_branch_labels.py for tasks to queue
[2024-02-07T09:05:34.266+0000] {logging_mixin.py:188} INFO - [2024-02-07T09:05:34.266+0000] {dagbag.py:538} INFO - Filling up the DagBag from /home/airflow/.local/lib/python3.8/site-packages/airflow/example_dags/example_branch_labels.py
[2024-02-07T09:05:34.274+0000] {processor.py:840} INFO - DAG(s) 'example_branch_labels' retrieved from /home/airflow/.local/lib/python3.8/site-packages/airflow/example_dags/example_branch_labels.py
[2024-02-07T09:05:34.293+0000] {logging_mixin.py:188} INFO - [2024-02-07T09:05:34.293+0000] {dag.py:3033} INFO - Sync 1 DAGs
[2024-02-07T09:05:34.314+0000] {logging_mixin.py:188} INFO - [2024-02-07T09:05:34.314+0000] {dag.py:3820} INFO - Setting next_dagrun for example_branch_labels to 2024-02-06T00:00:00+00:00, run_after=2024-02-07T00:00:00+00:00
[2024-02-07T09:05:34.336+0000] {processor.py:183} INFO - Processing /home/airflow/.local/lib/python3.8/site-packages/airflow/example_dags/example_branch_labels.py took 0.076 seconds
[2024-02-07T09:06:04.635+0000] {processor.py:161} INFO - Started process (PID=2960) to work on /home/airflow/.local/lib/python3.8/site-packages/airflow/example_dags/example_branch_labels.py
[2024-02-07T09:06:04.636+0000] {processor.py:830} INFO - Processing file /home/airflow/.local/lib/python3.8/site-packages/airflow/example_dags/example_branch_labels.py for tasks to queue
[2024-02-07T09:06:04.639+0000] {logging_mixin.py:188} INFO - [2024-02-07T09:06:04.638+0000] {dagbag.py:538} INFO - Filling up the DagBag from /home/airflow/.local/lib/python3.8/site-packages/airflow/example_dags/example_branch_labels.py
[2024-02-07T09:06:04.648+0000] {processor.py:840} INFO - DAG(s) 'example_branch_labels' retrieved from /home/airflow/.local/lib/python3.8/site-packages/airflow/example_dags/example_branch_labels.py
[2024-02-07T09:06:04.673+0000] {logging_mixin.py:188} INFO - [2024-02-07T09:06:04.672+0000] {dag.py:3033} INFO - Sync 1 DAGs
[2024-02-07T09:06:04.698+0000] {logging_mixin.py:188} INFO - [2024-02-07T09:06:04.698+0000] {dag.py:3820} INFO - Setting next_dagrun for example_branch_labels to 2024-02-06T00:00:00+00:00, run_after=2024-02-07T00:00:00+00:00
[2024-02-07T09:06:04.723+0000] {processor.py:183} INFO - Processing /home/airflow/.local/lib/python3.8/site-packages/airflow/example_dags/example_branch_labels.py took 0.092 seconds
[2024-02-07T09:06:35.012+0000] {processor.py:161} INFO - Started process (PID=3017) to work on /home/airflow/.local/lib/python3.8/site-packages/airflow/example_dags/example_branch_labels.py
[2024-02-07T09:06:35.014+0000] {processor.py:830} INFO - Processing file /home/airflow/.local/lib/python3.8/site-packages/airflow/example_dags/example_branch_labels.py for tasks to queue
[2024-02-07T09:06:35.016+0000] {logging_mixin.py:188} INFO - [2024-02-07T09:06:35.016+0000] {dagbag.py:538} INFO - Filling up the DagBag from /home/airflow/.local/lib/python3.8/site-packages/airflow/example_dags/example_branch_labels.py
[2024-02-07T09:06:35.025+0000] {processor.py:840} INFO - DAG(s) 'example_branch_labels' retrieved from /home/airflow/.local/lib/python3.8/site-packages/airflow/example_dags/example_branch_labels.py
[2024-02-07T09:06:35.047+0000] {logging_mixin.py:188} INFO - [2024-02-07T09:06:35.047+0000] {dag.py:3033} INFO - Sync 1 DAGs
[2024-02-07T09:06:35.070+0000] {logging_mixin.py:188} INFO - [2024-02-07T09:06:35.069+0000] {dag.py:3820} INFO - Setting next_dagrun for example_branch_labels to 2024-02-06T00:00:00+00:00, run_after=2024-02-07T00:00:00+00:00
[2024-02-07T09:06:35.096+0000] {processor.py:183} INFO - Processing /home/airflow/.local/lib/python3.8/site-packages/airflow/example_dags/example_branch_labels.py took 0.087 seconds
[2024-02-07T09:07:05.383+0000] {processor.py:161} INFO - Started process (PID=3074) to work on /home/airflow/.local/lib/python3.8/site-packages/airflow/example_dags/example_branch_labels.py
[2024-02-07T09:07:05.384+0000] {processor.py:830} INFO - Processing file /home/airflow/.local/lib/python3.8/site-packages/airflow/example_dags/example_branch_labels.py for tasks to queue
[2024-02-07T09:07:05.387+0000] {logging_mixin.py:188} INFO - [2024-02-07T09:07:05.387+0000] {dagbag.py:538} INFO - Filling up the DagBag from /home/airflow/.local/lib/python3.8/site-packages/airflow/example_dags/example_branch_labels.py
[2024-02-07T09:07:05.398+0000] {processor.py:840} INFO - DAG(s) 'example_branch_labels' retrieved from /home/airflow/.local/lib/python3.8/site-packages/airflow/example_dags/example_branch_labels.py
[2024-02-07T09:07:05.423+0000] {logging_mixin.py:188} INFO - [2024-02-07T09:07:05.423+0000] {dag.py:3033} INFO - Sync 1 DAGs
[2024-02-07T09:07:05.448+0000] {logging_mixin.py:188} INFO - [2024-02-07T09:07:05.447+0000] {dag.py:3820} INFO - Setting next_dagrun for example_branch_labels to 2024-02-06T00:00:00+00:00, run_after=2024-02-07T00:00:00+00:00
[2024-02-07T09:07:05.478+0000] {processor.py:183} INFO - Processing /home/airflow/.local/lib/python3.8/site-packages/airflow/example_dags/example_branch_labels.py took 0.098 seconds
[2024-02-07T09:07:35.973+0000] {processor.py:161} INFO - Started process (PID=3131) to work on /home/airflow/.local/lib/python3.8/site-packages/airflow/example_dags/example_branch_labels.py
[2024-02-07T09:07:35.974+0000] {processor.py:830} INFO - Processing file /home/airflow/.local/lib/python3.8/site-packages/airflow/example_dags/example_branch_labels.py for tasks to queue
[2024-02-07T09:07:35.977+0000] {logging_mixin.py:188} INFO - [2024-02-07T09:07:35.977+0000] {dagbag.py:538} INFO - Filling up the DagBag from /home/airflow/.local/lib/python3.8/site-packages/airflow/example_dags/example_branch_labels.py
[2024-02-07T09:07:35.985+0000] {processor.py:840} INFO - DAG(s) 'example_branch_labels' retrieved from /home/airflow/.local/lib/python3.8/site-packages/airflow/example_dags/example_branch_labels.py
[2024-02-07T09:07:36.007+0000] {logging_mixin.py:188} INFO - [2024-02-07T09:07:36.007+0000] {dag.py:3033} INFO - Sync 1 DAGs
[2024-02-07T09:07:36.028+0000] {logging_mixin.py:188} INFO - [2024-02-07T09:07:36.027+0000] {dag.py:3820} INFO - Setting next_dagrun for example_branch_labels to 2024-02-06T00:00:00+00:00, run_after=2024-02-07T00:00:00+00:00
[2024-02-07T09:07:36.049+0000] {processor.py:183} INFO - Processing /home/airflow/.local/lib/python3.8/site-packages/airflow/example_dags/example_branch_labels.py took 0.079 seconds
[2024-02-07T09:08:06.394+0000] {processor.py:161} INFO - Started process (PID=3188) to work on /home/airflow/.local/lib/python3.8/site-packages/airflow/example_dags/example_branch_labels.py
[2024-02-07T09:08:06.395+0000] {processor.py:830} INFO - Processing file /home/airflow/.local/lib/python3.8/site-packages/airflow/example_dags/example_branch_labels.py for tasks to queue
[2024-02-07T09:08:06.398+0000] {logging_mixin.py:188} INFO - [2024-02-07T09:08:06.398+0000] {dagbag.py:538} INFO - Filling up the DagBag from /home/airflow/.local/lib/python3.8/site-packages/airflow/example_dags/example_branch_labels.py
[2024-02-07T09:08:06.406+0000] {processor.py:840} INFO - DAG(s) 'example_branch_labels' retrieved from /home/airflow/.local/lib/python3.8/site-packages/airflow/example_dags/example_branch_labels.py
[2024-02-07T09:08:06.434+0000] {logging_mixin.py:188} INFO - [2024-02-07T09:08:06.434+0000] {dag.py:3033} INFO - Sync 1 DAGs
[2024-02-07T09:08:06.456+0000] {logging_mixin.py:188} INFO - [2024-02-07T09:08:06.456+0000] {dag.py:3820} INFO - Setting next_dagrun for example_branch_labels to 2024-02-06T00:00:00+00:00, run_after=2024-02-07T00:00:00+00:00
[2024-02-07T09:08:06.484+0000] {processor.py:183} INFO - Processing /home/airflow/.local/lib/python3.8/site-packages/airflow/example_dags/example_branch_labels.py took 0.094 seconds
[2024-02-07T09:08:36.805+0000] {processor.py:161} INFO - Started process (PID=3245) to work on /home/airflow/.local/lib/python3.8/site-packages/airflow/example_dags/example_branch_labels.py
[2024-02-07T09:08:36.806+0000] {processor.py:830} INFO - Processing file /home/airflow/.local/lib/python3.8/site-packages/airflow/example_dags/example_branch_labels.py for tasks to queue
[2024-02-07T09:08:36.808+0000] {logging_mixin.py:188} INFO - [2024-02-07T09:08:36.808+0000] {dagbag.py:538} INFO - Filling up the DagBag from /home/airflow/.local/lib/python3.8/site-packages/airflow/example_dags/example_branch_labels.py
[2024-02-07T09:08:36.820+0000] {processor.py:840} INFO - DAG(s) 'example_branch_labels' retrieved from /home/airflow/.local/lib/python3.8/site-packages/airflow/example_dags/example_branch_labels.py
[2024-02-07T09:08:36.844+0000] {logging_mixin.py:188} INFO - [2024-02-07T09:08:36.844+0000] {dag.py:3033} INFO - Sync 1 DAGs
[2024-02-07T09:08:36.871+0000] {logging_mixin.py:188} INFO - [2024-02-07T09:08:36.871+0000] {dag.py:3820} INFO - Setting next_dagrun for example_branch_labels to 2024-02-06T00:00:00+00:00, run_after=2024-02-07T00:00:00+00:00
[2024-02-07T09:08:36.896+0000] {processor.py:183} INFO - Processing /home/airflow/.local/lib/python3.8/site-packages/airflow/example_dags/example_branch_labels.py took 0.095 seconds
[2024-02-07T09:09:07.171+0000] {processor.py:161} INFO - Started process (PID=3302) to work on /home/airflow/.local/lib/python3.8/site-packages/airflow/example_dags/example_branch_labels.py
[2024-02-07T09:09:07.172+0000] {processor.py:830} INFO - Processing file /home/airflow/.local/lib/python3.8/site-packages/airflow/example_dags/example_branch_labels.py for tasks to queue
[2024-02-07T09:09:07.174+0000] {logging_mixin.py:188} INFO - [2024-02-07T09:09:07.174+0000] {dagbag.py:538} INFO - Filling up the DagBag from /home/airflow/.local/lib/python3.8/site-packages/airflow/example_dags/example_branch_labels.py
[2024-02-07T09:09:07.182+0000] {processor.py:840} INFO - DAG(s) 'example_branch_labels' retrieved from /home/airflow/.local/lib/python3.8/site-packages/airflow/example_dags/example_branch_labels.py
[2024-02-07T09:09:07.204+0000] {logging_mixin.py:188} INFO - [2024-02-07T09:09:07.204+0000] {dag.py:3033} INFO - Sync 1 DAGs
[2024-02-07T09:09:07.234+0000] {logging_mixin.py:188} INFO - [2024-02-07T09:09:07.234+0000] {dag.py:3820} INFO - Setting next_dagrun for example_branch_labels to 2024-02-06T00:00:00+00:00, run_after=2024-02-07T00:00:00+00:00
[2024-02-07T09:09:07.261+0000] {processor.py:183} INFO - Processing /home/airflow/.local/lib/python3.8/site-packages/airflow/example_dags/example_branch_labels.py took 0.094 seconds
[2024-02-07T09:09:37.631+0000] {processor.py:161} INFO - Started process (PID=3359) to work on /home/airflow/.local/lib/python3.8/site-packages/airflow/example_dags/example_branch_labels.py
[2024-02-07T09:09:37.632+0000] {processor.py:830} INFO - Processing file /home/airflow/.local/lib/python3.8/site-packages/airflow/example_dags/example_branch_labels.py for tasks to queue
[2024-02-07T09:09:37.635+0000] {logging_mixin.py:188} INFO - [2024-02-07T09:09:37.634+0000] {dagbag.py:538} INFO - Filling up the DagBag from /home/airflow/.local/lib/python3.8/site-packages/airflow/example_dags/example_branch_labels.py
[2024-02-07T09:09:37.642+0000] {processor.py:840} INFO - DAG(s) 'example_branch_labels' retrieved from /home/airflow/.local/lib/python3.8/site-packages/airflow/example_dags/example_branch_labels.py
[2024-02-07T09:09:37.666+0000] {logging_mixin.py:188} INFO - [2024-02-07T09:09:37.666+0000] {dag.py:3033} INFO - Sync 1 DAGs
[2024-02-07T09:09:37.689+0000] {logging_mixin.py:188} INFO - [2024-02-07T09:09:37.689+0000] {dag.py:3820} INFO - Setting next_dagrun for example_branch_labels to 2024-02-06T00:00:00+00:00, run_after=2024-02-07T00:00:00+00:00
[2024-02-07T09:09:37.710+0000] {processor.py:183} INFO - Processing /home/airflow/.local/lib/python3.8/site-packages/airflow/example_dags/example_branch_labels.py took 0.082 seconds
[2024-02-07T09:10:08.619+0000] {processor.py:161} INFO - Started process (PID=3416) to work on /home/airflow/.local/lib/python3.8/site-packages/airflow/example_dags/example_branch_labels.py
[2024-02-07T09:10:08.623+0000] {processor.py:830} INFO - Processing file /home/airflow/.local/lib/python3.8/site-packages/airflow/example_dags/example_branch_labels.py for tasks to queue
[2024-02-07T09:10:08.628+0000] {logging_mixin.py:188} INFO - [2024-02-07T09:10:08.627+0000] {dagbag.py:538} INFO - Filling up the DagBag from /home/airflow/.local/lib/python3.8/site-packages/airflow/example_dags/example_branch_labels.py
[2024-02-07T09:10:08.646+0000] {processor.py:840} INFO - DAG(s) 'example_branch_labels' retrieved from /home/airflow/.local/lib/python3.8/site-packages/airflow/example_dags/example_branch_labels.py
[2024-02-07T09:10:08.691+0000] {logging_mixin.py:188} INFO - [2024-02-07T09:10:08.690+0000] {dag.py:3033} INFO - Sync 1 DAGs
[2024-02-07T09:10:08.740+0000] {logging_mixin.py:188} INFO - [2024-02-07T09:10:08.740+0000] {dag.py:3820} INFO - Setting next_dagrun for example_branch_labels to 2024-02-06T00:00:00+00:00, run_after=2024-02-07T00:00:00+00:00
[2024-02-07T09:10:08.785+0000] {processor.py:183} INFO - Processing /home/airflow/.local/lib/python3.8/site-packages/airflow/example_dags/example_branch_labels.py took 0.173 seconds
[2024-02-07T09:10:39.332+0000] {processor.py:161} INFO - Started process (PID=3473) to work on /home/airflow/.local/lib/python3.8/site-packages/airflow/example_dags/example_branch_labels.py
[2024-02-07T09:10:39.333+0000] {processor.py:830} INFO - Processing file /home/airflow/.local/lib/python3.8/site-packages/airflow/example_dags/example_branch_labels.py for tasks to queue
[2024-02-07T09:10:39.335+0000] {logging_mixin.py:188} INFO - [2024-02-07T09:10:39.335+0000] {dagbag.py:538} INFO - Filling up the DagBag from /home/airflow/.local/lib/python3.8/site-packages/airflow/example_dags/example_branch_labels.py
[2024-02-07T09:10:39.342+0000] {processor.py:840} INFO - DAG(s) 'example_branch_labels' retrieved from /home/airflow/.local/lib/python3.8/site-packages/airflow/example_dags/example_branch_labels.py
[2024-02-07T09:10:39.361+0000] {logging_mixin.py:188} INFO - [2024-02-07T09:10:39.361+0000] {dag.py:3033} INFO - Sync 1 DAGs
[2024-02-07T09:10:39.384+0000] {logging_mixin.py:188} INFO - [2024-02-07T09:10:39.383+0000] {dag.py:3820} INFO - Setting next_dagrun for example_branch_labels to 2024-02-06T00:00:00+00:00, run_after=2024-02-07T00:00:00+00:00
[2024-02-07T09:10:39.404+0000] {processor.py:183} INFO - Processing /home/airflow/.local/lib/python3.8/site-packages/airflow/example_dags/example_branch_labels.py took 0.074 seconds
[2024-02-07T09:11:09.653+0000] {processor.py:161} INFO - Started process (PID=3530) to work on /home/airflow/.local/lib/python3.8/site-packages/airflow/example_dags/example_branch_labels.py
[2024-02-07T09:11:09.654+0000] {processor.py:830} INFO - Processing file /home/airflow/.local/lib/python3.8/site-packages/airflow/example_dags/example_branch_labels.py for tasks to queue
[2024-02-07T09:11:09.657+0000] {logging_mixin.py:188} INFO - [2024-02-07T09:11:09.656+0000] {dagbag.py:538} INFO - Filling up the DagBag from /home/airflow/.local/lib/python3.8/site-packages/airflow/example_dags/example_branch_labels.py
[2024-02-07T09:11:09.664+0000] {processor.py:840} INFO - DAG(s) 'example_branch_labels' retrieved from /home/airflow/.local/lib/python3.8/site-packages/airflow/example_dags/example_branch_labels.py
[2024-02-07T09:11:09.703+0000] {logging_mixin.py:188} INFO - [2024-02-07T09:11:09.703+0000] {dag.py:3033} INFO - Sync 1 DAGs
[2024-02-07T09:11:09.729+0000] {logging_mixin.py:188} INFO - [2024-02-07T09:11:09.729+0000] {dag.py:3820} INFO - Setting next_dagrun for example_branch_labels to 2024-02-06T00:00:00+00:00, run_after=2024-02-07T00:00:00+00:00
[2024-02-07T09:11:09.751+0000] {processor.py:183} INFO - Processing /home/airflow/.local/lib/python3.8/site-packages/airflow/example_dags/example_branch_labels.py took 0.101 seconds
