[2024-02-07T08:40:12.311+0000] {processor.py:161} INFO - Started process (PID=75) to work on /home/airflow/.local/lib/python3.8/site-packages/airflow/example_dags/example_trigger_target_dag.py
[2024-02-07T08:40:12.312+0000] {processor.py:830} INFO - Processing file /home/airflow/.local/lib/python3.8/site-packages/airflow/example_dags/example_trigger_target_dag.py for tasks to queue
[2024-02-07T08:40:12.315+0000] {logging_mixin.py:188} INFO - [2024-02-07T08:40:12.315+0000] {dagbag.py:538} INFO - Filling up the DagBag from /home/airflow/.local/lib/python3.8/site-packages/airflow/example_dags/example_trigger_target_dag.py
[2024-02-07T08:40:12.325+0000] {processor.py:840} INFO - DAG(s) 'example_trigger_target_dag' retrieved from /home/airflow/.local/lib/python3.8/site-packages/airflow/example_dags/example_trigger_target_dag.py
[2024-02-07T08:40:12.350+0000] {logging_mixin.py:188} INFO - [2024-02-07T08:40:12.349+0000] {dag.py:3033} INFO - Sync 1 DAGs
[2024-02-07T08:40:12.368+0000] {logging_mixin.py:188} INFO - [2024-02-07T08:40:12.367+0000] {dag.py:3820} INFO - Setting next_dagrun for example_trigger_target_dag to None, run_after=None
[2024-02-07T08:40:12.390+0000] {processor.py:183} INFO - Processing /home/airflow/.local/lib/python3.8/site-packages/airflow/example_dags/example_trigger_target_dag.py took 0.082 seconds
[2024-02-07T08:40:42.567+0000] {processor.py:161} INFO - Started process (PID=132) to work on /home/airflow/.local/lib/python3.8/site-packages/airflow/example_dags/example_trigger_target_dag.py
[2024-02-07T08:40:42.568+0000] {processor.py:830} INFO - Processing file /home/airflow/.local/lib/python3.8/site-packages/airflow/example_dags/example_trigger_target_dag.py for tasks to queue
[2024-02-07T08:40:42.571+0000] {logging_mixin.py:188} INFO - [2024-02-07T08:40:42.570+0000] {dagbag.py:538} INFO - Filling up the DagBag from /home/airflow/.local/lib/python3.8/site-packages/airflow/example_dags/example_trigger_target_dag.py
[2024-02-07T08:40:42.578+0000] {processor.py:840} INFO - DAG(s) 'example_trigger_target_dag' retrieved from /home/airflow/.local/lib/python3.8/site-packages/airflow/example_dags/example_trigger_target_dag.py
[2024-02-07T08:40:42.600+0000] {logging_mixin.py:188} INFO - [2024-02-07T08:40:42.600+0000] {dag.py:3033} INFO - Sync 1 DAGs
[2024-02-07T08:40:42.613+0000] {logging_mixin.py:188} INFO - [2024-02-07T08:40:42.613+0000] {dag.py:3820} INFO - Setting next_dagrun for example_trigger_target_dag to None, run_after=None
[2024-02-07T08:40:42.632+0000] {processor.py:183} INFO - Processing /home/airflow/.local/lib/python3.8/site-packages/airflow/example_dags/example_trigger_target_dag.py took 0.068 seconds
[2024-02-07T08:41:13.424+0000] {processor.py:161} INFO - Started process (PID=189) to work on /home/airflow/.local/lib/python3.8/site-packages/airflow/example_dags/example_trigger_target_dag.py
[2024-02-07T08:41:13.425+0000] {processor.py:830} INFO - Processing file /home/airflow/.local/lib/python3.8/site-packages/airflow/example_dags/example_trigger_target_dag.py for tasks to queue
[2024-02-07T08:41:13.428+0000] {logging_mixin.py:188} INFO - [2024-02-07T08:41:13.428+0000] {dagbag.py:538} INFO - Filling up the DagBag from /home/airflow/.local/lib/python3.8/site-packages/airflow/example_dags/example_trigger_target_dag.py
[2024-02-07T08:41:13.437+0000] {processor.py:840} INFO - DAG(s) 'example_trigger_target_dag' retrieved from /home/airflow/.local/lib/python3.8/site-packages/airflow/example_dags/example_trigger_target_dag.py
[2024-02-07T08:41:13.477+0000] {logging_mixin.py:188} INFO - [2024-02-07T08:41:13.476+0000] {dag.py:3033} INFO - Sync 1 DAGs
[2024-02-07T08:41:13.518+0000] {logging_mixin.py:188} INFO - [2024-02-07T08:41:13.518+0000] {dag.py:3820} INFO - Setting next_dagrun for example_trigger_target_dag to None, run_after=None
[2024-02-07T08:41:13.549+0000] {processor.py:183} INFO - Processing /home/airflow/.local/lib/python3.8/site-packages/airflow/example_dags/example_trigger_target_dag.py took 0.128 seconds
[2024-02-07T08:41:44.529+0000] {processor.py:161} INFO - Started process (PID=246) to work on /home/airflow/.local/lib/python3.8/site-packages/airflow/example_dags/example_trigger_target_dag.py
[2024-02-07T08:41:44.531+0000] {processor.py:830} INFO - Processing file /home/airflow/.local/lib/python3.8/site-packages/airflow/example_dags/example_trigger_target_dag.py for tasks to queue
[2024-02-07T08:41:44.533+0000] {logging_mixin.py:188} INFO - [2024-02-07T08:41:44.533+0000] {dagbag.py:538} INFO - Filling up the DagBag from /home/airflow/.local/lib/python3.8/site-packages/airflow/example_dags/example_trigger_target_dag.py
[2024-02-07T08:41:44.539+0000] {processor.py:840} INFO - DAG(s) 'example_trigger_target_dag' retrieved from /home/airflow/.local/lib/python3.8/site-packages/airflow/example_dags/example_trigger_target_dag.py
[2024-02-07T08:41:44.558+0000] {logging_mixin.py:188} INFO - [2024-02-07T08:41:44.558+0000] {dag.py:3033} INFO - Sync 1 DAGs
[2024-02-07T08:41:44.571+0000] {logging_mixin.py:188} INFO - [2024-02-07T08:41:44.571+0000] {dag.py:3820} INFO - Setting next_dagrun for example_trigger_target_dag to None, run_after=None
[2024-02-07T08:41:44.590+0000] {processor.py:183} INFO - Processing /home/airflow/.local/lib/python3.8/site-packages/airflow/example_dags/example_trigger_target_dag.py took 0.066 seconds
[2024-02-07T08:42:14.796+0000] {processor.py:161} INFO - Started process (PID=304) to work on /home/airflow/.local/lib/python3.8/site-packages/airflow/example_dags/example_trigger_target_dag.py
[2024-02-07T08:42:14.797+0000] {processor.py:830} INFO - Processing file /home/airflow/.local/lib/python3.8/site-packages/airflow/example_dags/example_trigger_target_dag.py for tasks to queue
[2024-02-07T08:42:14.800+0000] {logging_mixin.py:188} INFO - [2024-02-07T08:42:14.800+0000] {dagbag.py:538} INFO - Filling up the DagBag from /home/airflow/.local/lib/python3.8/site-packages/airflow/example_dags/example_trigger_target_dag.py
[2024-02-07T08:42:14.808+0000] {processor.py:840} INFO - DAG(s) 'example_trigger_target_dag' retrieved from /home/airflow/.local/lib/python3.8/site-packages/airflow/example_dags/example_trigger_target_dag.py
[2024-02-07T08:42:14.833+0000] {logging_mixin.py:188} INFO - [2024-02-07T08:42:14.833+0000] {dag.py:3033} INFO - Sync 1 DAGs
[2024-02-07T08:42:14.850+0000] {logging_mixin.py:188} INFO - [2024-02-07T08:42:14.850+0000] {dag.py:3820} INFO - Setting next_dagrun for example_trigger_target_dag to None, run_after=None
[2024-02-07T08:42:14.878+0000] {processor.py:183} INFO - Processing /home/airflow/.local/lib/python3.8/site-packages/airflow/example_dags/example_trigger_target_dag.py took 0.086 seconds
[2024-02-07T08:42:45.590+0000] {processor.py:161} INFO - Started process (PID=361) to work on /home/airflow/.local/lib/python3.8/site-packages/airflow/example_dags/example_trigger_target_dag.py
[2024-02-07T08:42:45.592+0000] {processor.py:830} INFO - Processing file /home/airflow/.local/lib/python3.8/site-packages/airflow/example_dags/example_trigger_target_dag.py for tasks to queue
[2024-02-07T08:42:45.595+0000] {logging_mixin.py:188} INFO - [2024-02-07T08:42:45.595+0000] {dagbag.py:538} INFO - Filling up the DagBag from /home/airflow/.local/lib/python3.8/site-packages/airflow/example_dags/example_trigger_target_dag.py
[2024-02-07T08:42:45.602+0000] {processor.py:840} INFO - DAG(s) 'example_trigger_target_dag' retrieved from /home/airflow/.local/lib/python3.8/site-packages/airflow/example_dags/example_trigger_target_dag.py
[2024-02-07T08:42:45.623+0000] {logging_mixin.py:188} INFO - [2024-02-07T08:42:45.623+0000] {dag.py:3033} INFO - Sync 1 DAGs
[2024-02-07T08:42:45.640+0000] {logging_mixin.py:188} INFO - [2024-02-07T08:42:45.639+0000] {dag.py:3820} INFO - Setting next_dagrun for example_trigger_target_dag to None, run_after=None
[2024-02-07T08:42:45.686+0000] {processor.py:183} INFO - Processing /home/airflow/.local/lib/python3.8/site-packages/airflow/example_dags/example_trigger_target_dag.py took 0.100 seconds
[2024-02-07T08:43:16.223+0000] {processor.py:161} INFO - Started process (PID=418) to work on /home/airflow/.local/lib/python3.8/site-packages/airflow/example_dags/example_trigger_target_dag.py
[2024-02-07T08:43:16.224+0000] {processor.py:830} INFO - Processing file /home/airflow/.local/lib/python3.8/site-packages/airflow/example_dags/example_trigger_target_dag.py for tasks to queue
[2024-02-07T08:43:16.227+0000] {logging_mixin.py:188} INFO - [2024-02-07T08:43:16.227+0000] {dagbag.py:538} INFO - Filling up the DagBag from /home/airflow/.local/lib/python3.8/site-packages/airflow/example_dags/example_trigger_target_dag.py
[2024-02-07T08:43:16.234+0000] {processor.py:840} INFO - DAG(s) 'example_trigger_target_dag' retrieved from /home/airflow/.local/lib/python3.8/site-packages/airflow/example_dags/example_trigger_target_dag.py
[2024-02-07T08:43:16.253+0000] {logging_mixin.py:188} INFO - [2024-02-07T08:43:16.253+0000] {dag.py:3033} INFO - Sync 1 DAGs
[2024-02-07T08:43:16.265+0000] {logging_mixin.py:188} INFO - [2024-02-07T08:43:16.265+0000] {dag.py:3820} INFO - Setting next_dagrun for example_trigger_target_dag to None, run_after=None
[2024-02-07T08:43:16.288+0000] {processor.py:183} INFO - Processing /home/airflow/.local/lib/python3.8/site-packages/airflow/example_dags/example_trigger_target_dag.py took 0.070 seconds
[2024-02-07T08:43:46.743+0000] {processor.py:161} INFO - Started process (PID=475) to work on /home/airflow/.local/lib/python3.8/site-packages/airflow/example_dags/example_trigger_target_dag.py
[2024-02-07T08:43:46.745+0000] {processor.py:830} INFO - Processing file /home/airflow/.local/lib/python3.8/site-packages/airflow/example_dags/example_trigger_target_dag.py for tasks to queue
[2024-02-07T08:43:46.747+0000] {logging_mixin.py:188} INFO - [2024-02-07T08:43:46.747+0000] {dagbag.py:538} INFO - Filling up the DagBag from /home/airflow/.local/lib/python3.8/site-packages/airflow/example_dags/example_trigger_target_dag.py
[2024-02-07T08:43:46.753+0000] {processor.py:840} INFO - DAG(s) 'example_trigger_target_dag' retrieved from /home/airflow/.local/lib/python3.8/site-packages/airflow/example_dags/example_trigger_target_dag.py
[2024-02-07T08:43:46.780+0000] {logging_mixin.py:188} INFO - [2024-02-07T08:43:46.780+0000] {dag.py:3033} INFO - Sync 1 DAGs
[2024-02-07T08:43:46.804+0000] {logging_mixin.py:188} INFO - [2024-02-07T08:43:46.803+0000] {dag.py:3820} INFO - Setting next_dagrun for example_trigger_target_dag to None, run_after=None
[2024-02-07T08:43:46.830+0000] {processor.py:183} INFO - Processing /home/airflow/.local/lib/python3.8/site-packages/airflow/example_dags/example_trigger_target_dag.py took 0.091 seconds
[2024-02-07T08:44:18.058+0000] {processor.py:161} INFO - Started process (PID=532) to work on /home/airflow/.local/lib/python3.8/site-packages/airflow/example_dags/example_trigger_target_dag.py
[2024-02-07T08:44:18.059+0000] {processor.py:830} INFO - Processing file /home/airflow/.local/lib/python3.8/site-packages/airflow/example_dags/example_trigger_target_dag.py for tasks to queue
[2024-02-07T08:44:18.065+0000] {logging_mixin.py:188} INFO - [2024-02-07T08:44:18.064+0000] {dagbag.py:538} INFO - Filling up the DagBag from /home/airflow/.local/lib/python3.8/site-packages/airflow/example_dags/example_trigger_target_dag.py
[2024-02-07T08:44:18.074+0000] {processor.py:840} INFO - DAG(s) 'example_trigger_target_dag' retrieved from /home/airflow/.local/lib/python3.8/site-packages/airflow/example_dags/example_trigger_target_dag.py
[2024-02-07T08:44:18.104+0000] {logging_mixin.py:188} INFO - [2024-02-07T08:44:18.103+0000] {dag.py:3033} INFO - Sync 1 DAGs
[2024-02-07T08:44:18.127+0000] {logging_mixin.py:188} INFO - [2024-02-07T08:44:18.127+0000] {dag.py:3820} INFO - Setting next_dagrun for example_trigger_target_dag to None, run_after=None
[2024-02-07T08:44:18.170+0000] {processor.py:183} INFO - Processing /home/airflow/.local/lib/python3.8/site-packages/airflow/example_dags/example_trigger_target_dag.py took 0.117 seconds
[2024-02-07T08:44:48.395+0000] {processor.py:161} INFO - Started process (PID=589) to work on /home/airflow/.local/lib/python3.8/site-packages/airflow/example_dags/example_trigger_target_dag.py
[2024-02-07T08:44:48.397+0000] {processor.py:830} INFO - Processing file /home/airflow/.local/lib/python3.8/site-packages/airflow/example_dags/example_trigger_target_dag.py for tasks to queue
[2024-02-07T08:44:48.400+0000] {logging_mixin.py:188} INFO - [2024-02-07T08:44:48.400+0000] {dagbag.py:538} INFO - Filling up the DagBag from /home/airflow/.local/lib/python3.8/site-packages/airflow/example_dags/example_trigger_target_dag.py
[2024-02-07T08:44:48.406+0000] {processor.py:840} INFO - DAG(s) 'example_trigger_target_dag' retrieved from /home/airflow/.local/lib/python3.8/site-packages/airflow/example_dags/example_trigger_target_dag.py
[2024-02-07T08:44:48.429+0000] {logging_mixin.py:188} INFO - [2024-02-07T08:44:48.429+0000] {dag.py:3033} INFO - Sync 1 DAGs
[2024-02-07T08:44:48.445+0000] {logging_mixin.py:188} INFO - [2024-02-07T08:44:48.445+0000] {dag.py:3820} INFO - Setting next_dagrun for example_trigger_target_dag to None, run_after=None
[2024-02-07T08:44:48.472+0000] {processor.py:183} INFO - Processing /home/airflow/.local/lib/python3.8/site-packages/airflow/example_dags/example_trigger_target_dag.py took 0.081 seconds
[2024-02-07T08:45:18.596+0000] {processor.py:161} INFO - Started process (PID=646) to work on /home/airflow/.local/lib/python3.8/site-packages/airflow/example_dags/example_trigger_target_dag.py
[2024-02-07T08:45:18.597+0000] {processor.py:830} INFO - Processing file /home/airflow/.local/lib/python3.8/site-packages/airflow/example_dags/example_trigger_target_dag.py for tasks to queue
[2024-02-07T08:45:18.600+0000] {logging_mixin.py:188} INFO - [2024-02-07T08:45:18.599+0000] {dagbag.py:538} INFO - Filling up the DagBag from /home/airflow/.local/lib/python3.8/site-packages/airflow/example_dags/example_trigger_target_dag.py
[2024-02-07T08:45:18.605+0000] {processor.py:840} INFO - DAG(s) 'example_trigger_target_dag' retrieved from /home/airflow/.local/lib/python3.8/site-packages/airflow/example_dags/example_trigger_target_dag.py
[2024-02-07T08:45:18.626+0000] {logging_mixin.py:188} INFO - [2024-02-07T08:45:18.625+0000] {dag.py:3033} INFO - Sync 1 DAGs
[2024-02-07T08:45:18.639+0000] {logging_mixin.py:188} INFO - [2024-02-07T08:45:18.639+0000] {dag.py:3820} INFO - Setting next_dagrun for example_trigger_target_dag to None, run_after=None
[2024-02-07T08:45:18.658+0000] {processor.py:183} INFO - Processing /home/airflow/.local/lib/python3.8/site-packages/airflow/example_dags/example_trigger_target_dag.py took 0.066 seconds
[2024-02-07T08:45:49.641+0000] {processor.py:161} INFO - Started process (PID=703) to work on /home/airflow/.local/lib/python3.8/site-packages/airflow/example_dags/example_trigger_target_dag.py
[2024-02-07T08:45:49.642+0000] {processor.py:830} INFO - Processing file /home/airflow/.local/lib/python3.8/site-packages/airflow/example_dags/example_trigger_target_dag.py for tasks to queue
[2024-02-07T08:45:49.645+0000] {logging_mixin.py:188} INFO - [2024-02-07T08:45:49.645+0000] {dagbag.py:538} INFO - Filling up the DagBag from /home/airflow/.local/lib/python3.8/site-packages/airflow/example_dags/example_trigger_target_dag.py
[2024-02-07T08:45:49.651+0000] {processor.py:840} INFO - DAG(s) 'example_trigger_target_dag' retrieved from /home/airflow/.local/lib/python3.8/site-packages/airflow/example_dags/example_trigger_target_dag.py
[2024-02-07T08:45:49.669+0000] {logging_mixin.py:188} INFO - [2024-02-07T08:45:49.669+0000] {dag.py:3033} INFO - Sync 1 DAGs
[2024-02-07T08:45:49.681+0000] {logging_mixin.py:188} INFO - [2024-02-07T08:45:49.680+0000] {dag.py:3820} INFO - Setting next_dagrun for example_trigger_target_dag to None, run_after=None
[2024-02-07T08:45:49.703+0000] {processor.py:183} INFO - Processing /home/airflow/.local/lib/python3.8/site-packages/airflow/example_dags/example_trigger_target_dag.py took 0.065 seconds
[2024-02-07T08:46:20.556+0000] {processor.py:161} INFO - Started process (PID=760) to work on /home/airflow/.local/lib/python3.8/site-packages/airflow/example_dags/example_trigger_target_dag.py
[2024-02-07T08:46:20.558+0000] {processor.py:830} INFO - Processing file /home/airflow/.local/lib/python3.8/site-packages/airflow/example_dags/example_trigger_target_dag.py for tasks to queue
[2024-02-07T08:46:20.563+0000] {logging_mixin.py:188} INFO - [2024-02-07T08:46:20.563+0000] {dagbag.py:538} INFO - Filling up the DagBag from /home/airflow/.local/lib/python3.8/site-packages/airflow/example_dags/example_trigger_target_dag.py
[2024-02-07T08:46:20.572+0000] {processor.py:840} INFO - DAG(s) 'example_trigger_target_dag' retrieved from /home/airflow/.local/lib/python3.8/site-packages/airflow/example_dags/example_trigger_target_dag.py
[2024-02-07T08:46:20.600+0000] {logging_mixin.py:188} INFO - [2024-02-07T08:46:20.599+0000] {dag.py:3033} INFO - Sync 1 DAGs
[2024-02-07T08:46:20.611+0000] {logging_mixin.py:188} INFO - [2024-02-07T08:46:20.611+0000] {dag.py:3820} INFO - Setting next_dagrun for example_trigger_target_dag to None, run_after=None
[2024-02-07T08:46:20.630+0000] {processor.py:183} INFO - Processing /home/airflow/.local/lib/python3.8/site-packages/airflow/example_dags/example_trigger_target_dag.py took 0.079 seconds
[2024-02-07T08:46:51.443+0000] {processor.py:161} INFO - Started process (PID=817) to work on /home/airflow/.local/lib/python3.8/site-packages/airflow/example_dags/example_trigger_target_dag.py
[2024-02-07T08:46:51.445+0000] {processor.py:830} INFO - Processing file /home/airflow/.local/lib/python3.8/site-packages/airflow/example_dags/example_trigger_target_dag.py for tasks to queue
[2024-02-07T08:46:51.448+0000] {logging_mixin.py:188} INFO - [2024-02-07T08:46:51.448+0000] {dagbag.py:538} INFO - Filling up the DagBag from /home/airflow/.local/lib/python3.8/site-packages/airflow/example_dags/example_trigger_target_dag.py
[2024-02-07T08:46:51.455+0000] {processor.py:840} INFO - DAG(s) 'example_trigger_target_dag' retrieved from /home/airflow/.local/lib/python3.8/site-packages/airflow/example_dags/example_trigger_target_dag.py
[2024-02-07T08:46:51.482+0000] {logging_mixin.py:188} INFO - [2024-02-07T08:46:51.482+0000] {dag.py:3033} INFO - Sync 1 DAGs
[2024-02-07T08:46:51.497+0000] {logging_mixin.py:188} INFO - [2024-02-07T08:46:51.497+0000] {dag.py:3820} INFO - Setting next_dagrun for example_trigger_target_dag to None, run_after=None
[2024-02-07T08:46:51.525+0000] {processor.py:183} INFO - Processing /home/airflow/.local/lib/python3.8/site-packages/airflow/example_dags/example_trigger_target_dag.py took 0.086 seconds
[2024-02-07T08:47:21.573+0000] {processor.py:161} INFO - Started process (PID=874) to work on /home/airflow/.local/lib/python3.8/site-packages/airflow/example_dags/example_trigger_target_dag.py
[2024-02-07T08:47:21.574+0000] {processor.py:830} INFO - Processing file /home/airflow/.local/lib/python3.8/site-packages/airflow/example_dags/example_trigger_target_dag.py for tasks to queue
[2024-02-07T08:47:21.577+0000] {logging_mixin.py:188} INFO - [2024-02-07T08:47:21.577+0000] {dagbag.py:538} INFO - Filling up the DagBag from /home/airflow/.local/lib/python3.8/site-packages/airflow/example_dags/example_trigger_target_dag.py
[2024-02-07T08:47:21.583+0000] {processor.py:840} INFO - DAG(s) 'example_trigger_target_dag' retrieved from /home/airflow/.local/lib/python3.8/site-packages/airflow/example_dags/example_trigger_target_dag.py
[2024-02-07T08:47:21.607+0000] {logging_mixin.py:188} INFO - [2024-02-07T08:47:21.606+0000] {dag.py:3033} INFO - Sync 1 DAGs
[2024-02-07T08:47:21.620+0000] {logging_mixin.py:188} INFO - [2024-02-07T08:47:21.620+0000] {dag.py:3820} INFO - Setting next_dagrun for example_trigger_target_dag to None, run_after=None
[2024-02-07T08:47:21.646+0000] {processor.py:183} INFO - Processing /home/airflow/.local/lib/python3.8/site-packages/airflow/example_dags/example_trigger_target_dag.py took 0.077 seconds
[2024-02-07T08:47:51.915+0000] {processor.py:161} INFO - Started process (PID=931) to work on /home/airflow/.local/lib/python3.8/site-packages/airflow/example_dags/example_trigger_target_dag.py
[2024-02-07T08:47:51.917+0000] {processor.py:830} INFO - Processing file /home/airflow/.local/lib/python3.8/site-packages/airflow/example_dags/example_trigger_target_dag.py for tasks to queue
[2024-02-07T08:47:51.919+0000] {logging_mixin.py:188} INFO - [2024-02-07T08:47:51.919+0000] {dagbag.py:538} INFO - Filling up the DagBag from /home/airflow/.local/lib/python3.8/site-packages/airflow/example_dags/example_trigger_target_dag.py
[2024-02-07T08:47:51.924+0000] {processor.py:840} INFO - DAG(s) 'example_trigger_target_dag' retrieved from /home/airflow/.local/lib/python3.8/site-packages/airflow/example_dags/example_trigger_target_dag.py
[2024-02-07T08:47:51.946+0000] {logging_mixin.py:188} INFO - [2024-02-07T08:47:51.945+0000] {dag.py:3033} INFO - Sync 1 DAGs
[2024-02-07T08:47:51.957+0000] {logging_mixin.py:188} INFO - [2024-02-07T08:47:51.957+0000] {dag.py:3820} INFO - Setting next_dagrun for example_trigger_target_dag to None, run_after=None
[2024-02-07T08:47:51.977+0000] {processor.py:183} INFO - Processing /home/airflow/.local/lib/python3.8/site-packages/airflow/example_dags/example_trigger_target_dag.py took 0.065 seconds
[2024-02-07T08:48:22.832+0000] {processor.py:161} INFO - Started process (PID=988) to work on /home/airflow/.local/lib/python3.8/site-packages/airflow/example_dags/example_trigger_target_dag.py
[2024-02-07T08:48:22.833+0000] {processor.py:830} INFO - Processing file /home/airflow/.local/lib/python3.8/site-packages/airflow/example_dags/example_trigger_target_dag.py for tasks to queue
[2024-02-07T08:48:22.838+0000] {logging_mixin.py:188} INFO - [2024-02-07T08:48:22.837+0000] {dagbag.py:538} INFO - Filling up the DagBag from /home/airflow/.local/lib/python3.8/site-packages/airflow/example_dags/example_trigger_target_dag.py
[2024-02-07T08:48:22.845+0000] {processor.py:840} INFO - DAG(s) 'example_trigger_target_dag' retrieved from /home/airflow/.local/lib/python3.8/site-packages/airflow/example_dags/example_trigger_target_dag.py
[2024-02-07T08:48:22.874+0000] {logging_mixin.py:188} INFO - [2024-02-07T08:48:22.873+0000] {dag.py:3033} INFO - Sync 1 DAGs
[2024-02-07T08:48:22.893+0000] {logging_mixin.py:188} INFO - [2024-02-07T08:48:22.892+0000] {dag.py:3820} INFO - Setting next_dagrun for example_trigger_target_dag to None, run_after=None
[2024-02-07T08:48:22.922+0000] {processor.py:183} INFO - Processing /home/airflow/.local/lib/python3.8/site-packages/airflow/example_dags/example_trigger_target_dag.py took 0.095 seconds
[2024-02-07T08:48:53.181+0000] {processor.py:161} INFO - Started process (PID=1046) to work on /home/airflow/.local/lib/python3.8/site-packages/airflow/example_dags/example_trigger_target_dag.py
[2024-02-07T08:48:53.183+0000] {processor.py:830} INFO - Processing file /home/airflow/.local/lib/python3.8/site-packages/airflow/example_dags/example_trigger_target_dag.py for tasks to queue
[2024-02-07T08:48:53.185+0000] {logging_mixin.py:188} INFO - [2024-02-07T08:48:53.185+0000] {dagbag.py:538} INFO - Filling up the DagBag from /home/airflow/.local/lib/python3.8/site-packages/airflow/example_dags/example_trigger_target_dag.py
[2024-02-07T08:48:53.193+0000] {processor.py:840} INFO - DAG(s) 'example_trigger_target_dag' retrieved from /home/airflow/.local/lib/python3.8/site-packages/airflow/example_dags/example_trigger_target_dag.py
[2024-02-07T08:48:53.217+0000] {logging_mixin.py:188} INFO - [2024-02-07T08:48:53.216+0000] {dag.py:3033} INFO - Sync 1 DAGs
[2024-02-07T08:48:53.234+0000] {logging_mixin.py:188} INFO - [2024-02-07T08:48:53.234+0000] {dag.py:3820} INFO - Setting next_dagrun for example_trigger_target_dag to None, run_after=None
[2024-02-07T08:48:53.260+0000] {processor.py:183} INFO - Processing /home/airflow/.local/lib/python3.8/site-packages/airflow/example_dags/example_trigger_target_dag.py took 0.084 seconds
[2024-02-07T08:49:23.843+0000] {processor.py:161} INFO - Started process (PID=1103) to work on /home/airflow/.local/lib/python3.8/site-packages/airflow/example_dags/example_trigger_target_dag.py
[2024-02-07T08:49:23.844+0000] {processor.py:830} INFO - Processing file /home/airflow/.local/lib/python3.8/site-packages/airflow/example_dags/example_trigger_target_dag.py for tasks to queue
[2024-02-07T08:49:23.847+0000] {logging_mixin.py:188} INFO - [2024-02-07T08:49:23.847+0000] {dagbag.py:538} INFO - Filling up the DagBag from /home/airflow/.local/lib/python3.8/site-packages/airflow/example_dags/example_trigger_target_dag.py
[2024-02-07T08:49:23.853+0000] {processor.py:840} INFO - DAG(s) 'example_trigger_target_dag' retrieved from /home/airflow/.local/lib/python3.8/site-packages/airflow/example_dags/example_trigger_target_dag.py
[2024-02-07T08:49:23.877+0000] {logging_mixin.py:188} INFO - [2024-02-07T08:49:23.877+0000] {dag.py:3033} INFO - Sync 1 DAGs
[2024-02-07T08:49:23.893+0000] {logging_mixin.py:188} INFO - [2024-02-07T08:49:23.893+0000] {dag.py:3820} INFO - Setting next_dagrun for example_trigger_target_dag to None, run_after=None
[2024-02-07T08:49:23.916+0000] {processor.py:183} INFO - Processing /home/airflow/.local/lib/python3.8/site-packages/airflow/example_dags/example_trigger_target_dag.py took 0.078 seconds
[2024-02-07T08:49:54.029+0000] {processor.py:161} INFO - Started process (PID=1160) to work on /home/airflow/.local/lib/python3.8/site-packages/airflow/example_dags/example_trigger_target_dag.py
[2024-02-07T08:49:54.030+0000] {processor.py:830} INFO - Processing file /home/airflow/.local/lib/python3.8/site-packages/airflow/example_dags/example_trigger_target_dag.py for tasks to queue
[2024-02-07T08:49:54.034+0000] {logging_mixin.py:188} INFO - [2024-02-07T08:49:54.033+0000] {dagbag.py:538} INFO - Filling up the DagBag from /home/airflow/.local/lib/python3.8/site-packages/airflow/example_dags/example_trigger_target_dag.py
[2024-02-07T08:49:54.041+0000] {processor.py:840} INFO - DAG(s) 'example_trigger_target_dag' retrieved from /home/airflow/.local/lib/python3.8/site-packages/airflow/example_dags/example_trigger_target_dag.py
[2024-02-07T08:49:54.067+0000] {logging_mixin.py:188} INFO - [2024-02-07T08:49:54.066+0000] {dag.py:3033} INFO - Sync 1 DAGs
[2024-02-07T08:49:54.080+0000] {logging_mixin.py:188} INFO - [2024-02-07T08:49:54.080+0000] {dag.py:3820} INFO - Setting next_dagrun for example_trigger_target_dag to None, run_after=None
[2024-02-07T08:49:54.116+0000] {processor.py:183} INFO - Processing /home/airflow/.local/lib/python3.8/site-packages/airflow/example_dags/example_trigger_target_dag.py took 0.091 seconds
[2024-02-07T08:50:24.726+0000] {processor.py:161} INFO - Started process (PID=1215) to work on /home/airflow/.local/lib/python3.8/site-packages/airflow/example_dags/example_trigger_target_dag.py
[2024-02-07T08:50:24.728+0000] {processor.py:830} INFO - Processing file /home/airflow/.local/lib/python3.8/site-packages/airflow/example_dags/example_trigger_target_dag.py for tasks to queue
[2024-02-07T08:50:24.731+0000] {logging_mixin.py:188} INFO - [2024-02-07T08:50:24.730+0000] {dagbag.py:538} INFO - Filling up the DagBag from /home/airflow/.local/lib/python3.8/site-packages/airflow/example_dags/example_trigger_target_dag.py
[2024-02-07T08:50:24.737+0000] {processor.py:840} INFO - DAG(s) 'example_trigger_target_dag' retrieved from /home/airflow/.local/lib/python3.8/site-packages/airflow/example_dags/example_trigger_target_dag.py
[2024-02-07T08:50:24.757+0000] {logging_mixin.py:188} INFO - [2024-02-07T08:50:24.757+0000] {dag.py:3033} INFO - Sync 1 DAGs
[2024-02-07T08:50:24.770+0000] {logging_mixin.py:188} INFO - [2024-02-07T08:50:24.770+0000] {dag.py:3820} INFO - Setting next_dagrun for example_trigger_target_dag to None, run_after=None
[2024-02-07T08:50:24.793+0000] {processor.py:183} INFO - Processing /home/airflow/.local/lib/python3.8/site-packages/airflow/example_dags/example_trigger_target_dag.py took 0.071 seconds
[2024-02-07T08:50:54.864+0000] {processor.py:161} INFO - Started process (PID=1272) to work on /home/airflow/.local/lib/python3.8/site-packages/airflow/example_dags/example_trigger_target_dag.py
[2024-02-07T08:50:54.865+0000] {processor.py:830} INFO - Processing file /home/airflow/.local/lib/python3.8/site-packages/airflow/example_dags/example_trigger_target_dag.py for tasks to queue
[2024-02-07T08:50:54.868+0000] {logging_mixin.py:188} INFO - [2024-02-07T08:50:54.868+0000] {dagbag.py:538} INFO - Filling up the DagBag from /home/airflow/.local/lib/python3.8/site-packages/airflow/example_dags/example_trigger_target_dag.py
[2024-02-07T08:50:54.876+0000] {processor.py:840} INFO - DAG(s) 'example_trigger_target_dag' retrieved from /home/airflow/.local/lib/python3.8/site-packages/airflow/example_dags/example_trigger_target_dag.py
[2024-02-07T08:50:54.901+0000] {logging_mixin.py:188} INFO - [2024-02-07T08:50:54.900+0000] {dag.py:3033} INFO - Sync 1 DAGs
[2024-02-07T08:50:54.916+0000] {logging_mixin.py:188} INFO - [2024-02-07T08:50:54.916+0000] {dag.py:3820} INFO - Setting next_dagrun for example_trigger_target_dag to None, run_after=None
[2024-02-07T08:50:54.943+0000] {processor.py:183} INFO - Processing /home/airflow/.local/lib/python3.8/site-packages/airflow/example_dags/example_trigger_target_dag.py took 0.084 seconds
[2024-02-07T08:51:25.460+0000] {processor.py:161} INFO - Started process (PID=1330) to work on /home/airflow/.local/lib/python3.8/site-packages/airflow/example_dags/example_trigger_target_dag.py
[2024-02-07T08:51:25.461+0000] {processor.py:830} INFO - Processing file /home/airflow/.local/lib/python3.8/site-packages/airflow/example_dags/example_trigger_target_dag.py for tasks to queue
[2024-02-07T08:51:25.464+0000] {logging_mixin.py:188} INFO - [2024-02-07T08:51:25.464+0000] {dagbag.py:538} INFO - Filling up the DagBag from /home/airflow/.local/lib/python3.8/site-packages/airflow/example_dags/example_trigger_target_dag.py
[2024-02-07T08:51:25.471+0000] {processor.py:840} INFO - DAG(s) 'example_trigger_target_dag' retrieved from /home/airflow/.local/lib/python3.8/site-packages/airflow/example_dags/example_trigger_target_dag.py
[2024-02-07T08:51:25.496+0000] {logging_mixin.py:188} INFO - [2024-02-07T08:51:25.496+0000] {dag.py:3033} INFO - Sync 1 DAGs
[2024-02-07T08:51:25.510+0000] {logging_mixin.py:188} INFO - [2024-02-07T08:51:25.510+0000] {dag.py:3820} INFO - Setting next_dagrun for example_trigger_target_dag to None, run_after=None
[2024-02-07T08:51:25.535+0000] {processor.py:183} INFO - Processing /home/airflow/.local/lib/python3.8/site-packages/airflow/example_dags/example_trigger_target_dag.py took 0.079 seconds
[2024-02-07T08:51:55.889+0000] {processor.py:161} INFO - Started process (PID=1387) to work on /home/airflow/.local/lib/python3.8/site-packages/airflow/example_dags/example_trigger_target_dag.py
[2024-02-07T08:51:55.891+0000] {processor.py:830} INFO - Processing file /home/airflow/.local/lib/python3.8/site-packages/airflow/example_dags/example_trigger_target_dag.py for tasks to queue
[2024-02-07T08:51:55.893+0000] {logging_mixin.py:188} INFO - [2024-02-07T08:51:55.893+0000] {dagbag.py:538} INFO - Filling up the DagBag from /home/airflow/.local/lib/python3.8/site-packages/airflow/example_dags/example_trigger_target_dag.py
[2024-02-07T08:51:55.898+0000] {processor.py:840} INFO - DAG(s) 'example_trigger_target_dag' retrieved from /home/airflow/.local/lib/python3.8/site-packages/airflow/example_dags/example_trigger_target_dag.py
[2024-02-07T08:51:55.918+0000] {logging_mixin.py:188} INFO - [2024-02-07T08:51:55.917+0000] {dag.py:3033} INFO - Sync 1 DAGs
[2024-02-07T08:51:55.931+0000] {logging_mixin.py:188} INFO - [2024-02-07T08:51:55.931+0000] {dag.py:3820} INFO - Setting next_dagrun for example_trigger_target_dag to None, run_after=None
[2024-02-07T08:51:55.955+0000] {processor.py:183} INFO - Processing /home/airflow/.local/lib/python3.8/site-packages/airflow/example_dags/example_trigger_target_dag.py took 0.070 seconds
[2024-02-07T08:52:26.654+0000] {processor.py:161} INFO - Started process (PID=1444) to work on /home/airflow/.local/lib/python3.8/site-packages/airflow/example_dags/example_trigger_target_dag.py
[2024-02-07T08:52:26.655+0000] {processor.py:830} INFO - Processing file /home/airflow/.local/lib/python3.8/site-packages/airflow/example_dags/example_trigger_target_dag.py for tasks to queue
[2024-02-07T08:52:26.658+0000] {logging_mixin.py:188} INFO - [2024-02-07T08:52:26.658+0000] {dagbag.py:538} INFO - Filling up the DagBag from /home/airflow/.local/lib/python3.8/site-packages/airflow/example_dags/example_trigger_target_dag.py
[2024-02-07T08:52:26.663+0000] {processor.py:840} INFO - DAG(s) 'example_trigger_target_dag' retrieved from /home/airflow/.local/lib/python3.8/site-packages/airflow/example_dags/example_trigger_target_dag.py
[2024-02-07T08:52:26.686+0000] {logging_mixin.py:188} INFO - [2024-02-07T08:52:26.686+0000] {dag.py:3033} INFO - Sync 1 DAGs
[2024-02-07T08:52:26.704+0000] {logging_mixin.py:188} INFO - [2024-02-07T08:52:26.704+0000] {dag.py:3820} INFO - Setting next_dagrun for example_trigger_target_dag to None, run_after=None
[2024-02-07T08:52:26.731+0000] {processor.py:183} INFO - Processing /home/airflow/.local/lib/python3.8/site-packages/airflow/example_dags/example_trigger_target_dag.py took 0.080 seconds
[2024-02-07T08:52:56.973+0000] {processor.py:161} INFO - Started process (PID=1501) to work on /home/airflow/.local/lib/python3.8/site-packages/airflow/example_dags/example_trigger_target_dag.py
[2024-02-07T08:52:56.974+0000] {processor.py:830} INFO - Processing file /home/airflow/.local/lib/python3.8/site-packages/airflow/example_dags/example_trigger_target_dag.py for tasks to queue
[2024-02-07T08:52:56.977+0000] {logging_mixin.py:188} INFO - [2024-02-07T08:52:56.977+0000] {dagbag.py:538} INFO - Filling up the DagBag from /home/airflow/.local/lib/python3.8/site-packages/airflow/example_dags/example_trigger_target_dag.py
[2024-02-07T08:52:56.982+0000] {processor.py:840} INFO - DAG(s) 'example_trigger_target_dag' retrieved from /home/airflow/.local/lib/python3.8/site-packages/airflow/example_dags/example_trigger_target_dag.py
[2024-02-07T08:52:57.045+0000] {logging_mixin.py:188} INFO - [2024-02-07T08:52:57.044+0000] {dag.py:3033} INFO - Sync 1 DAGs
[2024-02-07T08:52:57.065+0000] {logging_mixin.py:188} INFO - [2024-02-07T08:52:57.064+0000] {dag.py:3820} INFO - Setting next_dagrun for example_trigger_target_dag to None, run_after=None
[2024-02-07T08:52:57.098+0000] {processor.py:183} INFO - Processing /home/airflow/.local/lib/python3.8/site-packages/airflow/example_dags/example_trigger_target_dag.py took 0.129 seconds
[2024-02-07T08:53:27.735+0000] {processor.py:161} INFO - Started process (PID=1564) to work on /home/airflow/.local/lib/python3.8/site-packages/airflow/example_dags/example_trigger_target_dag.py
[2024-02-07T08:53:27.736+0000] {processor.py:830} INFO - Processing file /home/airflow/.local/lib/python3.8/site-packages/airflow/example_dags/example_trigger_target_dag.py for tasks to queue
[2024-02-07T08:53:27.739+0000] {logging_mixin.py:188} INFO - [2024-02-07T08:53:27.739+0000] {dagbag.py:538} INFO - Filling up the DagBag from /home/airflow/.local/lib/python3.8/site-packages/airflow/example_dags/example_trigger_target_dag.py
[2024-02-07T08:53:27.746+0000] {processor.py:840} INFO - DAG(s) 'example_trigger_target_dag' retrieved from /home/airflow/.local/lib/python3.8/site-packages/airflow/example_dags/example_trigger_target_dag.py
[2024-02-07T08:53:27.769+0000] {logging_mixin.py:188} INFO - [2024-02-07T08:53:27.768+0000] {dag.py:3033} INFO - Sync 1 DAGs
[2024-02-07T08:53:27.784+0000] {logging_mixin.py:188} INFO - [2024-02-07T08:53:27.784+0000] {dag.py:3820} INFO - Setting next_dagrun for example_trigger_target_dag to None, run_after=None
[2024-02-07T08:53:27.812+0000] {processor.py:183} INFO - Processing /home/airflow/.local/lib/python3.8/site-packages/airflow/example_dags/example_trigger_target_dag.py took 0.080 seconds
[2024-02-07T08:53:58.554+0000] {processor.py:161} INFO - Started process (PID=1621) to work on /home/airflow/.local/lib/python3.8/site-packages/airflow/example_dags/example_trigger_target_dag.py
[2024-02-07T08:53:58.555+0000] {processor.py:830} INFO - Processing file /home/airflow/.local/lib/python3.8/site-packages/airflow/example_dags/example_trigger_target_dag.py for tasks to queue
[2024-02-07T08:53:58.559+0000] {logging_mixin.py:188} INFO - [2024-02-07T08:53:58.558+0000] {dagbag.py:538} INFO - Filling up the DagBag from /home/airflow/.local/lib/python3.8/site-packages/airflow/example_dags/example_trigger_target_dag.py
[2024-02-07T08:53:58.565+0000] {processor.py:840} INFO - DAG(s) 'example_trigger_target_dag' retrieved from /home/airflow/.local/lib/python3.8/site-packages/airflow/example_dags/example_trigger_target_dag.py
[2024-02-07T08:53:58.588+0000] {logging_mixin.py:188} INFO - [2024-02-07T08:53:58.587+0000] {dag.py:3033} INFO - Sync 1 DAGs
[2024-02-07T08:53:58.601+0000] {logging_mixin.py:188} INFO - [2024-02-07T08:53:58.600+0000] {dag.py:3820} INFO - Setting next_dagrun for example_trigger_target_dag to None, run_after=None
[2024-02-07T08:53:58.627+0000] {processor.py:183} INFO - Processing /home/airflow/.local/lib/python3.8/site-packages/airflow/example_dags/example_trigger_target_dag.py took 0.077 seconds
[2024-02-07T08:54:28.995+0000] {processor.py:161} INFO - Started process (PID=1678) to work on /home/airflow/.local/lib/python3.8/site-packages/airflow/example_dags/example_trigger_target_dag.py
[2024-02-07T08:54:28.997+0000] {processor.py:830} INFO - Processing file /home/airflow/.local/lib/python3.8/site-packages/airflow/example_dags/example_trigger_target_dag.py for tasks to queue
[2024-02-07T08:54:29.001+0000] {logging_mixin.py:188} INFO - [2024-02-07T08:54:29.001+0000] {dagbag.py:538} INFO - Filling up the DagBag from /home/airflow/.local/lib/python3.8/site-packages/airflow/example_dags/example_trigger_target_dag.py
[2024-02-07T08:54:29.008+0000] {processor.py:840} INFO - DAG(s) 'example_trigger_target_dag' retrieved from /home/airflow/.local/lib/python3.8/site-packages/airflow/example_dags/example_trigger_target_dag.py
[2024-02-07T08:54:29.041+0000] {logging_mixin.py:188} INFO - [2024-02-07T08:54:29.040+0000] {dag.py:3033} INFO - Sync 1 DAGs
[2024-02-07T08:54:29.059+0000] {logging_mixin.py:188} INFO - [2024-02-07T08:54:29.059+0000] {dag.py:3820} INFO - Setting next_dagrun for example_trigger_target_dag to None, run_after=None
[2024-02-07T08:54:29.088+0000] {processor.py:183} INFO - Processing /home/airflow/.local/lib/python3.8/site-packages/airflow/example_dags/example_trigger_target_dag.py took 0.098 seconds
[2024-02-07T08:55:00.909+0000] {processor.py:161} INFO - Started process (PID=1735) to work on /home/airflow/.local/lib/python3.8/site-packages/airflow/example_dags/example_trigger_target_dag.py
[2024-02-07T08:55:00.911+0000] {processor.py:830} INFO - Processing file /home/airflow/.local/lib/python3.8/site-packages/airflow/example_dags/example_trigger_target_dag.py for tasks to queue
[2024-02-07T08:55:00.917+0000] {logging_mixin.py:188} INFO - [2024-02-07T08:55:00.917+0000] {dagbag.py:538} INFO - Filling up the DagBag from /home/airflow/.local/lib/python3.8/site-packages/airflow/example_dags/example_trigger_target_dag.py
[2024-02-07T08:55:00.934+0000] {processor.py:840} INFO - DAG(s) 'example_trigger_target_dag' retrieved from /home/airflow/.local/lib/python3.8/site-packages/airflow/example_dags/example_trigger_target_dag.py
[2024-02-07T08:55:00.991+0000] {logging_mixin.py:188} INFO - [2024-02-07T08:55:00.990+0000] {dag.py:3033} INFO - Sync 1 DAGs
[2024-02-07T08:55:01.029+0000] {logging_mixin.py:188} INFO - [2024-02-07T08:55:01.029+0000] {dag.py:3820} INFO - Setting next_dagrun for example_trigger_target_dag to None, run_after=None
[2024-02-07T08:55:01.081+0000] {processor.py:183} INFO - Processing /home/airflow/.local/lib/python3.8/site-packages/airflow/example_dags/example_trigger_target_dag.py took 0.182 seconds
[2024-02-07T08:55:31.694+0000] {processor.py:161} INFO - Started process (PID=1792) to work on /home/airflow/.local/lib/python3.8/site-packages/airflow/example_dags/example_trigger_target_dag.py
[2024-02-07T08:55:31.696+0000] {processor.py:830} INFO - Processing file /home/airflow/.local/lib/python3.8/site-packages/airflow/example_dags/example_trigger_target_dag.py for tasks to queue
[2024-02-07T08:55:31.704+0000] {logging_mixin.py:188} INFO - [2024-02-07T08:55:31.703+0000] {dagbag.py:538} INFO - Filling up the DagBag from /home/airflow/.local/lib/python3.8/site-packages/airflow/example_dags/example_trigger_target_dag.py
[2024-02-07T08:55:31.715+0000] {processor.py:840} INFO - DAG(s) 'example_trigger_target_dag' retrieved from /home/airflow/.local/lib/python3.8/site-packages/airflow/example_dags/example_trigger_target_dag.py
[2024-02-07T08:55:31.767+0000] {logging_mixin.py:188} INFO - [2024-02-07T08:55:31.766+0000] {dag.py:3033} INFO - Sync 1 DAGs
[2024-02-07T08:55:31.818+0000] {logging_mixin.py:188} INFO - [2024-02-07T08:55:31.817+0000] {dag.py:3820} INFO - Setting next_dagrun for example_trigger_target_dag to None, run_after=None
[2024-02-07T08:55:31.893+0000] {processor.py:183} INFO - Processing /home/airflow/.local/lib/python3.8/site-packages/airflow/example_dags/example_trigger_target_dag.py took 0.209 seconds
[2024-02-07T08:56:10.012+0000] {processor.py:161} INFO - Started process (PID=1850) to work on /home/airflow/.local/lib/python3.8/site-packages/airflow/example_dags/example_trigger_target_dag.py
[2024-02-07T08:56:10.015+0000] {processor.py:830} INFO - Processing file /home/airflow/.local/lib/python3.8/site-packages/airflow/example_dags/example_trigger_target_dag.py for tasks to queue
[2024-02-07T08:56:10.021+0000] {logging_mixin.py:188} INFO - [2024-02-07T08:56:10.020+0000] {dagbag.py:538} INFO - Filling up the DagBag from /home/airflow/.local/lib/python3.8/site-packages/airflow/example_dags/example_trigger_target_dag.py
[2024-02-07T08:56:10.032+0000] {processor.py:840} INFO - DAG(s) 'example_trigger_target_dag' retrieved from /home/airflow/.local/lib/python3.8/site-packages/airflow/example_dags/example_trigger_target_dag.py
[2024-02-07T08:56:10.069+0000] {logging_mixin.py:188} INFO - [2024-02-07T08:56:10.068+0000] {dag.py:3033} INFO - Sync 1 DAGs
[2024-02-07T08:56:10.092+0000] {logging_mixin.py:188} INFO - [2024-02-07T08:56:10.092+0000] {dag.py:3820} INFO - Setting next_dagrun for example_trigger_target_dag to None, run_after=None
[2024-02-07T08:56:10.171+0000] {processor.py:183} INFO - Processing /home/airflow/.local/lib/python3.8/site-packages/airflow/example_dags/example_trigger_target_dag.py took 0.169 seconds
[2024-02-07T08:56:41.447+0000] {processor.py:161} INFO - Started process (PID=1907) to work on /home/airflow/.local/lib/python3.8/site-packages/airflow/example_dags/example_trigger_target_dag.py
[2024-02-07T08:56:41.449+0000] {processor.py:830} INFO - Processing file /home/airflow/.local/lib/python3.8/site-packages/airflow/example_dags/example_trigger_target_dag.py for tasks to queue
[2024-02-07T08:56:41.458+0000] {logging_mixin.py:188} INFO - [2024-02-07T08:56:41.457+0000] {dagbag.py:538} INFO - Filling up the DagBag from /home/airflow/.local/lib/python3.8/site-packages/airflow/example_dags/example_trigger_target_dag.py
[2024-02-07T08:56:41.468+0000] {processor.py:840} INFO - DAG(s) 'example_trigger_target_dag' retrieved from /home/airflow/.local/lib/python3.8/site-packages/airflow/example_dags/example_trigger_target_dag.py
[2024-02-07T08:56:41.534+0000] {logging_mixin.py:188} INFO - [2024-02-07T08:56:41.532+0000] {dag.py:3033} INFO - Sync 1 DAGs
[2024-02-07T08:56:41.584+0000] {logging_mixin.py:188} INFO - [2024-02-07T08:56:41.583+0000] {dag.py:3820} INFO - Setting next_dagrun for example_trigger_target_dag to None, run_after=None
[2024-02-07T08:56:41.640+0000] {processor.py:183} INFO - Processing /home/airflow/.local/lib/python3.8/site-packages/airflow/example_dags/example_trigger_target_dag.py took 0.203 seconds
[2024-02-07T08:57:12.381+0000] {processor.py:161} INFO - Started process (PID=1964) to work on /home/airflow/.local/lib/python3.8/site-packages/airflow/example_dags/example_trigger_target_dag.py
[2024-02-07T08:57:12.384+0000] {processor.py:830} INFO - Processing file /home/airflow/.local/lib/python3.8/site-packages/airflow/example_dags/example_trigger_target_dag.py for tasks to queue
[2024-02-07T08:57:12.389+0000] {logging_mixin.py:188} INFO - [2024-02-07T08:57:12.389+0000] {dagbag.py:538} INFO - Filling up the DagBag from /home/airflow/.local/lib/python3.8/site-packages/airflow/example_dags/example_trigger_target_dag.py
[2024-02-07T08:57:12.400+0000] {processor.py:840} INFO - DAG(s) 'example_trigger_target_dag' retrieved from /home/airflow/.local/lib/python3.8/site-packages/airflow/example_dags/example_trigger_target_dag.py
[2024-02-07T08:57:12.444+0000] {logging_mixin.py:188} INFO - [2024-02-07T08:57:12.443+0000] {dag.py:3033} INFO - Sync 1 DAGs
[2024-02-07T08:57:12.472+0000] {logging_mixin.py:188} INFO - [2024-02-07T08:57:12.471+0000] {dag.py:3820} INFO - Setting next_dagrun for example_trigger_target_dag to None, run_after=None
[2024-02-07T08:57:12.526+0000] {processor.py:183} INFO - Processing /home/airflow/.local/lib/python3.8/site-packages/airflow/example_dags/example_trigger_target_dag.py took 0.157 seconds
[2024-02-07T08:57:43.119+0000] {processor.py:161} INFO - Started process (PID=2022) to work on /home/airflow/.local/lib/python3.8/site-packages/airflow/example_dags/example_trigger_target_dag.py
[2024-02-07T08:57:43.123+0000] {processor.py:830} INFO - Processing file /home/airflow/.local/lib/python3.8/site-packages/airflow/example_dags/example_trigger_target_dag.py for tasks to queue
[2024-02-07T08:57:43.135+0000] {logging_mixin.py:188} INFO - [2024-02-07T08:57:43.134+0000] {dagbag.py:538} INFO - Filling up the DagBag from /home/airflow/.local/lib/python3.8/site-packages/airflow/example_dags/example_trigger_target_dag.py
[2024-02-07T08:57:43.163+0000] {processor.py:840} INFO - DAG(s) 'example_trigger_target_dag' retrieved from /home/airflow/.local/lib/python3.8/site-packages/airflow/example_dags/example_trigger_target_dag.py
[2024-02-07T08:57:43.242+0000] {logging_mixin.py:188} INFO - [2024-02-07T08:57:43.241+0000] {dag.py:3033} INFO - Sync 1 DAGs
[2024-02-07T08:57:43.298+0000] {logging_mixin.py:188} INFO - [2024-02-07T08:57:43.297+0000] {dag.py:3820} INFO - Setting next_dagrun for example_trigger_target_dag to None, run_after=None
[2024-02-07T08:57:43.367+0000] {processor.py:183} INFO - Processing /home/airflow/.local/lib/python3.8/site-packages/airflow/example_dags/example_trigger_target_dag.py took 0.258 seconds
[2024-02-07T08:58:14.090+0000] {processor.py:161} INFO - Started process (PID=2080) to work on /home/airflow/.local/lib/python3.8/site-packages/airflow/example_dags/example_trigger_target_dag.py
[2024-02-07T08:58:14.092+0000] {processor.py:830} INFO - Processing file /home/airflow/.local/lib/python3.8/site-packages/airflow/example_dags/example_trigger_target_dag.py for tasks to queue
[2024-02-07T08:58:14.098+0000] {logging_mixin.py:188} INFO - [2024-02-07T08:58:14.097+0000] {dagbag.py:538} INFO - Filling up the DagBag from /home/airflow/.local/lib/python3.8/site-packages/airflow/example_dags/example_trigger_target_dag.py
[2024-02-07T08:58:14.108+0000] {processor.py:840} INFO - DAG(s) 'example_trigger_target_dag' retrieved from /home/airflow/.local/lib/python3.8/site-packages/airflow/example_dags/example_trigger_target_dag.py
[2024-02-07T08:58:14.370+0000] {logging_mixin.py:188} INFO - [2024-02-07T08:58:14.369+0000] {dag.py:3033} INFO - Sync 1 DAGs
[2024-02-07T08:58:14.401+0000] {logging_mixin.py:188} INFO - [2024-02-07T08:58:14.400+0000] {dag.py:3820} INFO - Setting next_dagrun for example_trigger_target_dag to None, run_after=None
[2024-02-07T08:58:14.456+0000] {processor.py:183} INFO - Processing /home/airflow/.local/lib/python3.8/site-packages/airflow/example_dags/example_trigger_target_dag.py took 0.371 seconds
[2024-02-07T08:58:44.845+0000] {processor.py:161} INFO - Started process (PID=2137) to work on /home/airflow/.local/lib/python3.8/site-packages/airflow/example_dags/example_trigger_target_dag.py
[2024-02-07T08:58:44.847+0000] {processor.py:830} INFO - Processing file /home/airflow/.local/lib/python3.8/site-packages/airflow/example_dags/example_trigger_target_dag.py for tasks to queue
[2024-02-07T08:58:44.854+0000] {logging_mixin.py:188} INFO - [2024-02-07T08:58:44.853+0000] {dagbag.py:538} INFO - Filling up the DagBag from /home/airflow/.local/lib/python3.8/site-packages/airflow/example_dags/example_trigger_target_dag.py
[2024-02-07T08:58:44.863+0000] {processor.py:840} INFO - DAG(s) 'example_trigger_target_dag' retrieved from /home/airflow/.local/lib/python3.8/site-packages/airflow/example_dags/example_trigger_target_dag.py
[2024-02-07T08:58:45.159+0000] {logging_mixin.py:188} INFO - [2024-02-07T08:58:45.159+0000] {dag.py:3033} INFO - Sync 1 DAGs
[2024-02-07T08:58:45.186+0000] {logging_mixin.py:188} INFO - [2024-02-07T08:58:45.186+0000] {dag.py:3820} INFO - Setting next_dagrun for example_trigger_target_dag to None, run_after=None
[2024-02-07T08:58:45.231+0000] {processor.py:183} INFO - Processing /home/airflow/.local/lib/python3.8/site-packages/airflow/example_dags/example_trigger_target_dag.py took 0.394 seconds
[2024-02-07T08:59:15.879+0000] {processor.py:161} INFO - Started process (PID=2194) to work on /home/airflow/.local/lib/python3.8/site-packages/airflow/example_dags/example_trigger_target_dag.py
[2024-02-07T08:59:15.881+0000] {processor.py:830} INFO - Processing file /home/airflow/.local/lib/python3.8/site-packages/airflow/example_dags/example_trigger_target_dag.py for tasks to queue
[2024-02-07T08:59:15.890+0000] {logging_mixin.py:188} INFO - [2024-02-07T08:59:15.889+0000] {dagbag.py:538} INFO - Filling up the DagBag from /home/airflow/.local/lib/python3.8/site-packages/airflow/example_dags/example_trigger_target_dag.py
[2024-02-07T08:59:15.906+0000] {processor.py:840} INFO - DAG(s) 'example_trigger_target_dag' retrieved from /home/airflow/.local/lib/python3.8/site-packages/airflow/example_dags/example_trigger_target_dag.py
[2024-02-07T08:59:15.957+0000] {logging_mixin.py:188} INFO - [2024-02-07T08:59:15.956+0000] {dag.py:3033} INFO - Sync 1 DAGs
[2024-02-07T08:59:15.985+0000] {logging_mixin.py:188} INFO - [2024-02-07T08:59:15.985+0000] {dag.py:3820} INFO - Setting next_dagrun for example_trigger_target_dag to None, run_after=None
[2024-02-07T08:59:16.027+0000] {processor.py:183} INFO - Processing /home/airflow/.local/lib/python3.8/site-packages/airflow/example_dags/example_trigger_target_dag.py took 0.157 seconds
[2024-02-07T08:59:47.037+0000] {processor.py:161} INFO - Started process (PID=2251) to work on /home/airflow/.local/lib/python3.8/site-packages/airflow/example_dags/example_trigger_target_dag.py
[2024-02-07T08:59:47.039+0000] {processor.py:830} INFO - Processing file /home/airflow/.local/lib/python3.8/site-packages/airflow/example_dags/example_trigger_target_dag.py for tasks to queue
[2024-02-07T08:59:47.042+0000] {logging_mixin.py:188} INFO - [2024-02-07T08:59:47.041+0000] {dagbag.py:538} INFO - Filling up the DagBag from /home/airflow/.local/lib/python3.8/site-packages/airflow/example_dags/example_trigger_target_dag.py
[2024-02-07T08:59:47.047+0000] {processor.py:840} INFO - DAG(s) 'example_trigger_target_dag' retrieved from /home/airflow/.local/lib/python3.8/site-packages/airflow/example_dags/example_trigger_target_dag.py
[2024-02-07T08:59:47.069+0000] {logging_mixin.py:188} INFO - [2024-02-07T08:59:47.069+0000] {dag.py:3033} INFO - Sync 1 DAGs
[2024-02-07T08:59:47.082+0000] {logging_mixin.py:188} INFO - [2024-02-07T08:59:47.082+0000] {dag.py:3820} INFO - Setting next_dagrun for example_trigger_target_dag to None, run_after=None
[2024-02-07T08:59:47.105+0000] {processor.py:183} INFO - Processing /home/airflow/.local/lib/python3.8/site-packages/airflow/example_dags/example_trigger_target_dag.py took 0.071 seconds
[2024-02-07T09:00:17.471+0000] {processor.py:161} INFO - Started process (PID=2308) to work on /home/airflow/.local/lib/python3.8/site-packages/airflow/example_dags/example_trigger_target_dag.py
[2024-02-07T09:00:17.472+0000] {processor.py:830} INFO - Processing file /home/airflow/.local/lib/python3.8/site-packages/airflow/example_dags/example_trigger_target_dag.py for tasks to queue
[2024-02-07T09:00:17.475+0000] {logging_mixin.py:188} INFO - [2024-02-07T09:00:17.475+0000] {dagbag.py:538} INFO - Filling up the DagBag from /home/airflow/.local/lib/python3.8/site-packages/airflow/example_dags/example_trigger_target_dag.py
[2024-02-07T09:00:17.481+0000] {processor.py:840} INFO - DAG(s) 'example_trigger_target_dag' retrieved from /home/airflow/.local/lib/python3.8/site-packages/airflow/example_dags/example_trigger_target_dag.py
[2024-02-07T09:00:17.507+0000] {logging_mixin.py:188} INFO - [2024-02-07T09:00:17.506+0000] {dag.py:3033} INFO - Sync 1 DAGs
[2024-02-07T09:00:17.522+0000] {logging_mixin.py:188} INFO - [2024-02-07T09:00:17.522+0000] {dag.py:3820} INFO - Setting next_dagrun for example_trigger_target_dag to None, run_after=None
[2024-02-07T09:00:17.554+0000] {processor.py:183} INFO - Processing /home/airflow/.local/lib/python3.8/site-packages/airflow/example_dags/example_trigger_target_dag.py took 0.087 seconds
[2024-02-07T09:00:47.694+0000] {processor.py:161} INFO - Started process (PID=2365) to work on /home/airflow/.local/lib/python3.8/site-packages/airflow/example_dags/example_trigger_target_dag.py
[2024-02-07T09:00:47.695+0000] {processor.py:830} INFO - Processing file /home/airflow/.local/lib/python3.8/site-packages/airflow/example_dags/example_trigger_target_dag.py for tasks to queue
[2024-02-07T09:00:47.698+0000] {logging_mixin.py:188} INFO - [2024-02-07T09:00:47.698+0000] {dagbag.py:538} INFO - Filling up the DagBag from /home/airflow/.local/lib/python3.8/site-packages/airflow/example_dags/example_trigger_target_dag.py
[2024-02-07T09:00:47.704+0000] {processor.py:840} INFO - DAG(s) 'example_trigger_target_dag' retrieved from /home/airflow/.local/lib/python3.8/site-packages/airflow/example_dags/example_trigger_target_dag.py
[2024-02-07T09:00:47.727+0000] {logging_mixin.py:188} INFO - [2024-02-07T09:00:47.727+0000] {dag.py:3033} INFO - Sync 1 DAGs
[2024-02-07T09:00:47.739+0000] {logging_mixin.py:188} INFO - [2024-02-07T09:00:47.739+0000] {dag.py:3820} INFO - Setting next_dagrun for example_trigger_target_dag to None, run_after=None
[2024-02-07T09:00:47.763+0000] {processor.py:183} INFO - Processing /home/airflow/.local/lib/python3.8/site-packages/airflow/example_dags/example_trigger_target_dag.py took 0.073 seconds
[2024-02-07T09:01:17.915+0000] {processor.py:161} INFO - Started process (PID=2422) to work on /home/airflow/.local/lib/python3.8/site-packages/airflow/example_dags/example_trigger_target_dag.py
[2024-02-07T09:01:17.916+0000] {processor.py:830} INFO - Processing file /home/airflow/.local/lib/python3.8/site-packages/airflow/example_dags/example_trigger_target_dag.py for tasks to queue
[2024-02-07T09:01:17.920+0000] {logging_mixin.py:188} INFO - [2024-02-07T09:01:17.919+0000] {dagbag.py:538} INFO - Filling up the DagBag from /home/airflow/.local/lib/python3.8/site-packages/airflow/example_dags/example_trigger_target_dag.py
[2024-02-07T09:01:17.928+0000] {processor.py:840} INFO - DAG(s) 'example_trigger_target_dag' retrieved from /home/airflow/.local/lib/python3.8/site-packages/airflow/example_dags/example_trigger_target_dag.py
[2024-02-07T09:01:17.979+0000] {logging_mixin.py:188} INFO - [2024-02-07T09:01:17.979+0000] {dag.py:3033} INFO - Sync 1 DAGs
[2024-02-07T09:01:18.012+0000] {logging_mixin.py:188} INFO - [2024-02-07T09:01:18.011+0000] {dag.py:3820} INFO - Setting next_dagrun for example_trigger_target_dag to None, run_after=None
[2024-02-07T09:01:18.060+0000] {processor.py:183} INFO - Processing /home/airflow/.local/lib/python3.8/site-packages/airflow/example_dags/example_trigger_target_dag.py took 0.149 seconds
[2024-02-07T09:01:48.704+0000] {processor.py:161} INFO - Started process (PID=2479) to work on /home/airflow/.local/lib/python3.8/site-packages/airflow/example_dags/example_trigger_target_dag.py
[2024-02-07T09:01:48.705+0000] {processor.py:830} INFO - Processing file /home/airflow/.local/lib/python3.8/site-packages/airflow/example_dags/example_trigger_target_dag.py for tasks to queue
[2024-02-07T09:01:48.708+0000] {logging_mixin.py:188} INFO - [2024-02-07T09:01:48.708+0000] {dagbag.py:538} INFO - Filling up the DagBag from /home/airflow/.local/lib/python3.8/site-packages/airflow/example_dags/example_trigger_target_dag.py
[2024-02-07T09:01:48.714+0000] {processor.py:840} INFO - DAG(s) 'example_trigger_target_dag' retrieved from /home/airflow/.local/lib/python3.8/site-packages/airflow/example_dags/example_trigger_target_dag.py
[2024-02-07T09:01:48.735+0000] {logging_mixin.py:188} INFO - [2024-02-07T09:01:48.735+0000] {dag.py:3033} INFO - Sync 1 DAGs
[2024-02-07T09:01:48.749+0000] {logging_mixin.py:188} INFO - [2024-02-07T09:01:48.748+0000] {dag.py:3820} INFO - Setting next_dagrun for example_trigger_target_dag to None, run_after=None
[2024-02-07T09:01:48.774+0000] {processor.py:183} INFO - Processing /home/airflow/.local/lib/python3.8/site-packages/airflow/example_dags/example_trigger_target_dag.py took 0.074 seconds
[2024-02-07T09:02:19.240+0000] {processor.py:161} INFO - Started process (PID=2537) to work on /home/airflow/.local/lib/python3.8/site-packages/airflow/example_dags/example_trigger_target_dag.py
[2024-02-07T09:02:19.242+0000] {processor.py:830} INFO - Processing file /home/airflow/.local/lib/python3.8/site-packages/airflow/example_dags/example_trigger_target_dag.py for tasks to queue
[2024-02-07T09:02:19.246+0000] {logging_mixin.py:188} INFO - [2024-02-07T09:02:19.245+0000] {dagbag.py:538} INFO - Filling up the DagBag from /home/airflow/.local/lib/python3.8/site-packages/airflow/example_dags/example_trigger_target_dag.py
[2024-02-07T09:02:19.251+0000] {processor.py:840} INFO - DAG(s) 'example_trigger_target_dag' retrieved from /home/airflow/.local/lib/python3.8/site-packages/airflow/example_dags/example_trigger_target_dag.py
[2024-02-07T09:02:19.273+0000] {logging_mixin.py:188} INFO - [2024-02-07T09:02:19.273+0000] {dag.py:3033} INFO - Sync 1 DAGs
[2024-02-07T09:02:19.285+0000] {logging_mixin.py:188} INFO - [2024-02-07T09:02:19.285+0000] {dag.py:3820} INFO - Setting next_dagrun for example_trigger_target_dag to None, run_after=None
[2024-02-07T09:02:19.308+0000] {processor.py:183} INFO - Processing /home/airflow/.local/lib/python3.8/site-packages/airflow/example_dags/example_trigger_target_dag.py took 0.072 seconds
[2024-02-07T09:02:49.731+0000] {processor.py:161} INFO - Started process (PID=2594) to work on /home/airflow/.local/lib/python3.8/site-packages/airflow/example_dags/example_trigger_target_dag.py
[2024-02-07T09:02:49.732+0000] {processor.py:830} INFO - Processing file /home/airflow/.local/lib/python3.8/site-packages/airflow/example_dags/example_trigger_target_dag.py for tasks to queue
[2024-02-07T09:02:49.736+0000] {logging_mixin.py:188} INFO - [2024-02-07T09:02:49.736+0000] {dagbag.py:538} INFO - Filling up the DagBag from /home/airflow/.local/lib/python3.8/site-packages/airflow/example_dags/example_trigger_target_dag.py
[2024-02-07T09:02:49.746+0000] {processor.py:840} INFO - DAG(s) 'example_trigger_target_dag' retrieved from /home/airflow/.local/lib/python3.8/site-packages/airflow/example_dags/example_trigger_target_dag.py
[2024-02-07T09:02:49.771+0000] {logging_mixin.py:188} INFO - [2024-02-07T09:02:49.771+0000] {dag.py:3033} INFO - Sync 1 DAGs
[2024-02-07T09:02:49.787+0000] {logging_mixin.py:188} INFO - [2024-02-07T09:02:49.786+0000] {dag.py:3820} INFO - Setting next_dagrun for example_trigger_target_dag to None, run_after=None
[2024-02-07T09:02:49.812+0000] {processor.py:183} INFO - Processing /home/airflow/.local/lib/python3.8/site-packages/airflow/example_dags/example_trigger_target_dag.py took 0.085 seconds
[2024-02-07T09:03:20.507+0000] {processor.py:161} INFO - Started process (PID=2651) to work on /home/airflow/.local/lib/python3.8/site-packages/airflow/example_dags/example_trigger_target_dag.py
[2024-02-07T09:03:20.509+0000] {processor.py:830} INFO - Processing file /home/airflow/.local/lib/python3.8/site-packages/airflow/example_dags/example_trigger_target_dag.py for tasks to queue
[2024-02-07T09:03:20.512+0000] {logging_mixin.py:188} INFO - [2024-02-07T09:03:20.511+0000] {dagbag.py:538} INFO - Filling up the DagBag from /home/airflow/.local/lib/python3.8/site-packages/airflow/example_dags/example_trigger_target_dag.py
[2024-02-07T09:03:20.518+0000] {processor.py:840} INFO - DAG(s) 'example_trigger_target_dag' retrieved from /home/airflow/.local/lib/python3.8/site-packages/airflow/example_dags/example_trigger_target_dag.py
[2024-02-07T09:03:20.542+0000] {logging_mixin.py:188} INFO - [2024-02-07T09:03:20.542+0000] {dag.py:3033} INFO - Sync 1 DAGs
[2024-02-07T09:03:20.555+0000] {logging_mixin.py:188} INFO - [2024-02-07T09:03:20.555+0000] {dag.py:3820} INFO - Setting next_dagrun for example_trigger_target_dag to None, run_after=None
[2024-02-07T09:03:20.581+0000] {processor.py:183} INFO - Processing /home/airflow/.local/lib/python3.8/site-packages/airflow/example_dags/example_trigger_target_dag.py took 0.078 seconds
[2024-02-07T09:03:50.679+0000] {processor.py:161} INFO - Started process (PID=2708) to work on /home/airflow/.local/lib/python3.8/site-packages/airflow/example_dags/example_trigger_target_dag.py
[2024-02-07T09:03:50.680+0000] {processor.py:830} INFO - Processing file /home/airflow/.local/lib/python3.8/site-packages/airflow/example_dags/example_trigger_target_dag.py for tasks to queue
[2024-02-07T09:03:50.682+0000] {logging_mixin.py:188} INFO - [2024-02-07T09:03:50.682+0000] {dagbag.py:538} INFO - Filling up the DagBag from /home/airflow/.local/lib/python3.8/site-packages/airflow/example_dags/example_trigger_target_dag.py
[2024-02-07T09:03:50.688+0000] {processor.py:840} INFO - DAG(s) 'example_trigger_target_dag' retrieved from /home/airflow/.local/lib/python3.8/site-packages/airflow/example_dags/example_trigger_target_dag.py
[2024-02-07T09:03:50.713+0000] {logging_mixin.py:188} INFO - [2024-02-07T09:03:50.712+0000] {dag.py:3033} INFO - Sync 1 DAGs
[2024-02-07T09:03:50.726+0000] {logging_mixin.py:188} INFO - [2024-02-07T09:03:50.726+0000] {dag.py:3820} INFO - Setting next_dagrun for example_trigger_target_dag to None, run_after=None
[2024-02-07T09:03:50.749+0000] {processor.py:183} INFO - Processing /home/airflow/.local/lib/python3.8/site-packages/airflow/example_dags/example_trigger_target_dag.py took 0.073 seconds
[2024-02-07T09:04:21.226+0000] {processor.py:161} INFO - Started process (PID=2765) to work on /home/airflow/.local/lib/python3.8/site-packages/airflow/example_dags/example_trigger_target_dag.py
[2024-02-07T09:04:21.227+0000] {processor.py:830} INFO - Processing file /home/airflow/.local/lib/python3.8/site-packages/airflow/example_dags/example_trigger_target_dag.py for tasks to queue
[2024-02-07T09:04:21.230+0000] {logging_mixin.py:188} INFO - [2024-02-07T09:04:21.230+0000] {dagbag.py:538} INFO - Filling up the DagBag from /home/airflow/.local/lib/python3.8/site-packages/airflow/example_dags/example_trigger_target_dag.py
[2024-02-07T09:04:21.236+0000] {processor.py:840} INFO - DAG(s) 'example_trigger_target_dag' retrieved from /home/airflow/.local/lib/python3.8/site-packages/airflow/example_dags/example_trigger_target_dag.py
[2024-02-07T09:04:21.259+0000] {logging_mixin.py:188} INFO - [2024-02-07T09:04:21.259+0000] {dag.py:3033} INFO - Sync 1 DAGs
[2024-02-07T09:04:21.272+0000] {logging_mixin.py:188} INFO - [2024-02-07T09:04:21.271+0000] {dag.py:3820} INFO - Setting next_dagrun for example_trigger_target_dag to None, run_after=None
[2024-02-07T09:04:21.294+0000] {processor.py:183} INFO - Processing /home/airflow/.local/lib/python3.8/site-packages/airflow/example_dags/example_trigger_target_dag.py took 0.071 seconds
[2024-02-07T09:04:51.562+0000] {processor.py:161} INFO - Started process (PID=2822) to work on /home/airflow/.local/lib/python3.8/site-packages/airflow/example_dags/example_trigger_target_dag.py
[2024-02-07T09:04:51.563+0000] {processor.py:830} INFO - Processing file /home/airflow/.local/lib/python3.8/site-packages/airflow/example_dags/example_trigger_target_dag.py for tasks to queue
[2024-02-07T09:04:51.565+0000] {logging_mixin.py:188} INFO - [2024-02-07T09:04:51.565+0000] {dagbag.py:538} INFO - Filling up the DagBag from /home/airflow/.local/lib/python3.8/site-packages/airflow/example_dags/example_trigger_target_dag.py
[2024-02-07T09:04:51.570+0000] {processor.py:840} INFO - DAG(s) 'example_trigger_target_dag' retrieved from /home/airflow/.local/lib/python3.8/site-packages/airflow/example_dags/example_trigger_target_dag.py
[2024-02-07T09:04:51.592+0000] {logging_mixin.py:188} INFO - [2024-02-07T09:04:51.592+0000] {dag.py:3033} INFO - Sync 1 DAGs
[2024-02-07T09:04:51.605+0000] {logging_mixin.py:188} INFO - [2024-02-07T09:04:51.604+0000] {dag.py:3820} INFO - Setting next_dagrun for example_trigger_target_dag to None, run_after=None
[2024-02-07T09:04:51.627+0000] {processor.py:183} INFO - Processing /home/airflow/.local/lib/python3.8/site-packages/airflow/example_dags/example_trigger_target_dag.py took 0.068 seconds
[2024-02-07T09:05:21.823+0000] {processor.py:161} INFO - Started process (PID=2879) to work on /home/airflow/.local/lib/python3.8/site-packages/airflow/example_dags/example_trigger_target_dag.py
[2024-02-07T09:05:21.824+0000] {processor.py:830} INFO - Processing file /home/airflow/.local/lib/python3.8/site-packages/airflow/example_dags/example_trigger_target_dag.py for tasks to queue
[2024-02-07T09:05:21.828+0000] {logging_mixin.py:188} INFO - [2024-02-07T09:05:21.827+0000] {dagbag.py:538} INFO - Filling up the DagBag from /home/airflow/.local/lib/python3.8/site-packages/airflow/example_dags/example_trigger_target_dag.py
[2024-02-07T09:05:21.833+0000] {processor.py:840} INFO - DAG(s) 'example_trigger_target_dag' retrieved from /home/airflow/.local/lib/python3.8/site-packages/airflow/example_dags/example_trigger_target_dag.py
[2024-02-07T09:05:21.855+0000] {logging_mixin.py:188} INFO - [2024-02-07T09:05:21.855+0000] {dag.py:3033} INFO - Sync 1 DAGs
[2024-02-07T09:05:21.868+0000] {logging_mixin.py:188} INFO - [2024-02-07T09:05:21.868+0000] {dag.py:3820} INFO - Setting next_dagrun for example_trigger_target_dag to None, run_after=None
[2024-02-07T09:05:21.898+0000] {processor.py:183} INFO - Processing /home/airflow/.local/lib/python3.8/site-packages/airflow/example_dags/example_trigger_target_dag.py took 0.078 seconds
[2024-02-07T09:05:52.399+0000] {processor.py:161} INFO - Started process (PID=2936) to work on /home/airflow/.local/lib/python3.8/site-packages/airflow/example_dags/example_trigger_target_dag.py
[2024-02-07T09:05:52.400+0000] {processor.py:830} INFO - Processing file /home/airflow/.local/lib/python3.8/site-packages/airflow/example_dags/example_trigger_target_dag.py for tasks to queue
[2024-02-07T09:05:52.403+0000] {logging_mixin.py:188} INFO - [2024-02-07T09:05:52.403+0000] {dagbag.py:538} INFO - Filling up the DagBag from /home/airflow/.local/lib/python3.8/site-packages/airflow/example_dags/example_trigger_target_dag.py
[2024-02-07T09:05:52.408+0000] {processor.py:840} INFO - DAG(s) 'example_trigger_target_dag' retrieved from /home/airflow/.local/lib/python3.8/site-packages/airflow/example_dags/example_trigger_target_dag.py
[2024-02-07T09:05:52.431+0000] {logging_mixin.py:188} INFO - [2024-02-07T09:05:52.431+0000] {dag.py:3033} INFO - Sync 1 DAGs
[2024-02-07T09:05:52.444+0000] {logging_mixin.py:188} INFO - [2024-02-07T09:05:52.444+0000] {dag.py:3820} INFO - Setting next_dagrun for example_trigger_target_dag to None, run_after=None
[2024-02-07T09:05:52.472+0000] {processor.py:183} INFO - Processing /home/airflow/.local/lib/python3.8/site-packages/airflow/example_dags/example_trigger_target_dag.py took 0.076 seconds
[2024-02-07T09:06:22.581+0000] {processor.py:161} INFO - Started process (PID=2993) to work on /home/airflow/.local/lib/python3.8/site-packages/airflow/example_dags/example_trigger_target_dag.py
[2024-02-07T09:06:22.583+0000] {processor.py:830} INFO - Processing file /home/airflow/.local/lib/python3.8/site-packages/airflow/example_dags/example_trigger_target_dag.py for tasks to queue
[2024-02-07T09:06:22.586+0000] {logging_mixin.py:188} INFO - [2024-02-07T09:06:22.585+0000] {dagbag.py:538} INFO - Filling up the DagBag from /home/airflow/.local/lib/python3.8/site-packages/airflow/example_dags/example_trigger_target_dag.py
[2024-02-07T09:06:22.592+0000] {processor.py:840} INFO - DAG(s) 'example_trigger_target_dag' retrieved from /home/airflow/.local/lib/python3.8/site-packages/airflow/example_dags/example_trigger_target_dag.py
[2024-02-07T09:06:22.614+0000] {logging_mixin.py:188} INFO - [2024-02-07T09:06:22.614+0000] {dag.py:3033} INFO - Sync 1 DAGs
[2024-02-07T09:06:22.626+0000] {logging_mixin.py:188} INFO - [2024-02-07T09:06:22.626+0000] {dag.py:3820} INFO - Setting next_dagrun for example_trigger_target_dag to None, run_after=None
[2024-02-07T09:06:22.648+0000] {processor.py:183} INFO - Processing /home/airflow/.local/lib/python3.8/site-packages/airflow/example_dags/example_trigger_target_dag.py took 0.070 seconds
[2024-02-07T09:06:53.154+0000] {processor.py:161} INFO - Started process (PID=3050) to work on /home/airflow/.local/lib/python3.8/site-packages/airflow/example_dags/example_trigger_target_dag.py
[2024-02-07T09:06:53.156+0000] {processor.py:830} INFO - Processing file /home/airflow/.local/lib/python3.8/site-packages/airflow/example_dags/example_trigger_target_dag.py for tasks to queue
[2024-02-07T09:06:53.158+0000] {logging_mixin.py:188} INFO - [2024-02-07T09:06:53.158+0000] {dagbag.py:538} INFO - Filling up the DagBag from /home/airflow/.local/lib/python3.8/site-packages/airflow/example_dags/example_trigger_target_dag.py
[2024-02-07T09:06:53.164+0000] {processor.py:840} INFO - DAG(s) 'example_trigger_target_dag' retrieved from /home/airflow/.local/lib/python3.8/site-packages/airflow/example_dags/example_trigger_target_dag.py
[2024-02-07T09:06:53.185+0000] {logging_mixin.py:188} INFO - [2024-02-07T09:06:53.185+0000] {dag.py:3033} INFO - Sync 1 DAGs
[2024-02-07T09:06:53.198+0000] {logging_mixin.py:188} INFO - [2024-02-07T09:06:53.198+0000] {dag.py:3820} INFO - Setting next_dagrun for example_trigger_target_dag to None, run_after=None
[2024-02-07T09:06:53.227+0000] {processor.py:183} INFO - Processing /home/airflow/.local/lib/python3.8/site-packages/airflow/example_dags/example_trigger_target_dag.py took 0.076 seconds
[2024-02-07T09:07:23.640+0000] {processor.py:161} INFO - Started process (PID=3107) to work on /home/airflow/.local/lib/python3.8/site-packages/airflow/example_dags/example_trigger_target_dag.py
[2024-02-07T09:07:23.641+0000] {processor.py:830} INFO - Processing file /home/airflow/.local/lib/python3.8/site-packages/airflow/example_dags/example_trigger_target_dag.py for tasks to queue
[2024-02-07T09:07:23.644+0000] {logging_mixin.py:188} INFO - [2024-02-07T09:07:23.644+0000] {dagbag.py:538} INFO - Filling up the DagBag from /home/airflow/.local/lib/python3.8/site-packages/airflow/example_dags/example_trigger_target_dag.py
[2024-02-07T09:07:23.652+0000] {processor.py:840} INFO - DAG(s) 'example_trigger_target_dag' retrieved from /home/airflow/.local/lib/python3.8/site-packages/airflow/example_dags/example_trigger_target_dag.py
[2024-02-07T09:07:23.760+0000] {logging_mixin.py:188} INFO - [2024-02-07T09:07:23.760+0000] {dag.py:3033} INFO - Sync 1 DAGs
[2024-02-07T09:07:23.778+0000] {logging_mixin.py:188} INFO - [2024-02-07T09:07:23.777+0000] {dag.py:3820} INFO - Setting next_dagrun for example_trigger_target_dag to None, run_after=None
[2024-02-07T09:07:23.800+0000] {processor.py:183} INFO - Processing /home/airflow/.local/lib/python3.8/site-packages/airflow/example_dags/example_trigger_target_dag.py took 0.167 seconds
[2024-02-07T09:07:54.187+0000] {processor.py:161} INFO - Started process (PID=3164) to work on /home/airflow/.local/lib/python3.8/site-packages/airflow/example_dags/example_trigger_target_dag.py
[2024-02-07T09:07:54.188+0000] {processor.py:830} INFO - Processing file /home/airflow/.local/lib/python3.8/site-packages/airflow/example_dags/example_trigger_target_dag.py for tasks to queue
[2024-02-07T09:07:54.191+0000] {logging_mixin.py:188} INFO - [2024-02-07T09:07:54.191+0000] {dagbag.py:538} INFO - Filling up the DagBag from /home/airflow/.local/lib/python3.8/site-packages/airflow/example_dags/example_trigger_target_dag.py
[2024-02-07T09:07:54.196+0000] {processor.py:840} INFO - DAG(s) 'example_trigger_target_dag' retrieved from /home/airflow/.local/lib/python3.8/site-packages/airflow/example_dags/example_trigger_target_dag.py
[2024-02-07T09:07:54.218+0000] {logging_mixin.py:188} INFO - [2024-02-07T09:07:54.218+0000] {dag.py:3033} INFO - Sync 1 DAGs
[2024-02-07T09:07:54.229+0000] {logging_mixin.py:188} INFO - [2024-02-07T09:07:54.229+0000] {dag.py:3820} INFO - Setting next_dagrun for example_trigger_target_dag to None, run_after=None
[2024-02-07T09:07:54.251+0000] {processor.py:183} INFO - Processing /home/airflow/.local/lib/python3.8/site-packages/airflow/example_dags/example_trigger_target_dag.py took 0.067 seconds
[2024-02-07T09:08:24.382+0000] {processor.py:161} INFO - Started process (PID=3221) to work on /home/airflow/.local/lib/python3.8/site-packages/airflow/example_dags/example_trigger_target_dag.py
[2024-02-07T09:08:24.384+0000] {processor.py:830} INFO - Processing file /home/airflow/.local/lib/python3.8/site-packages/airflow/example_dags/example_trigger_target_dag.py for tasks to queue
[2024-02-07T09:08:24.386+0000] {logging_mixin.py:188} INFO - [2024-02-07T09:08:24.386+0000] {dagbag.py:538} INFO - Filling up the DagBag from /home/airflow/.local/lib/python3.8/site-packages/airflow/example_dags/example_trigger_target_dag.py
[2024-02-07T09:08:24.391+0000] {processor.py:840} INFO - DAG(s) 'example_trigger_target_dag' retrieved from /home/airflow/.local/lib/python3.8/site-packages/airflow/example_dags/example_trigger_target_dag.py
[2024-02-07T09:08:24.414+0000] {logging_mixin.py:188} INFO - [2024-02-07T09:08:24.414+0000] {dag.py:3033} INFO - Sync 1 DAGs
[2024-02-07T09:08:24.427+0000] {logging_mixin.py:188} INFO - [2024-02-07T09:08:24.427+0000] {dag.py:3820} INFO - Setting next_dagrun for example_trigger_target_dag to None, run_after=None
[2024-02-07T09:08:24.451+0000] {processor.py:183} INFO - Processing /home/airflow/.local/lib/python3.8/site-packages/airflow/example_dags/example_trigger_target_dag.py took 0.071 seconds
[2024-02-07T09:08:54.860+0000] {processor.py:161} INFO - Started process (PID=3278) to work on /home/airflow/.local/lib/python3.8/site-packages/airflow/example_dags/example_trigger_target_dag.py
[2024-02-07T09:08:54.861+0000] {processor.py:830} INFO - Processing file /home/airflow/.local/lib/python3.8/site-packages/airflow/example_dags/example_trigger_target_dag.py for tasks to queue
[2024-02-07T09:08:54.864+0000] {logging_mixin.py:188} INFO - [2024-02-07T09:08:54.863+0000] {dagbag.py:538} INFO - Filling up the DagBag from /home/airflow/.local/lib/python3.8/site-packages/airflow/example_dags/example_trigger_target_dag.py
[2024-02-07T09:08:54.870+0000] {processor.py:840} INFO - DAG(s) 'example_trigger_target_dag' retrieved from /home/airflow/.local/lib/python3.8/site-packages/airflow/example_dags/example_trigger_target_dag.py
[2024-02-07T09:08:54.895+0000] {logging_mixin.py:188} INFO - [2024-02-07T09:08:54.895+0000] {dag.py:3033} INFO - Sync 1 DAGs
[2024-02-07T09:08:54.912+0000] {logging_mixin.py:188} INFO - [2024-02-07T09:08:54.912+0000] {dag.py:3820} INFO - Setting next_dagrun for example_trigger_target_dag to None, run_after=None
[2024-02-07T09:08:54.944+0000] {processor.py:183} INFO - Processing /home/airflow/.local/lib/python3.8/site-packages/airflow/example_dags/example_trigger_target_dag.py took 0.088 seconds
[2024-02-07T09:09:25.315+0000] {processor.py:161} INFO - Started process (PID=3335) to work on /home/airflow/.local/lib/python3.8/site-packages/airflow/example_dags/example_trigger_target_dag.py
[2024-02-07T09:09:25.316+0000] {processor.py:830} INFO - Processing file /home/airflow/.local/lib/python3.8/site-packages/airflow/example_dags/example_trigger_target_dag.py for tasks to queue
[2024-02-07T09:09:25.318+0000] {logging_mixin.py:188} INFO - [2024-02-07T09:09:25.318+0000] {dagbag.py:538} INFO - Filling up the DagBag from /home/airflow/.local/lib/python3.8/site-packages/airflow/example_dags/example_trigger_target_dag.py
[2024-02-07T09:09:25.324+0000] {processor.py:840} INFO - DAG(s) 'example_trigger_target_dag' retrieved from /home/airflow/.local/lib/python3.8/site-packages/airflow/example_dags/example_trigger_target_dag.py
[2024-02-07T09:09:25.347+0000] {logging_mixin.py:188} INFO - [2024-02-07T09:09:25.346+0000] {dag.py:3033} INFO - Sync 1 DAGs
[2024-02-07T09:09:25.359+0000] {logging_mixin.py:188} INFO - [2024-02-07T09:09:25.359+0000] {dag.py:3820} INFO - Setting next_dagrun for example_trigger_target_dag to None, run_after=None
[2024-02-07T09:09:25.382+0000] {processor.py:183} INFO - Processing /home/airflow/.local/lib/python3.8/site-packages/airflow/example_dags/example_trigger_target_dag.py took 0.071 seconds
[2024-02-07T09:09:55.879+0000] {processor.py:161} INFO - Started process (PID=3392) to work on /home/airflow/.local/lib/python3.8/site-packages/airflow/example_dags/example_trigger_target_dag.py
[2024-02-07T09:09:55.880+0000] {processor.py:830} INFO - Processing file /home/airflow/.local/lib/python3.8/site-packages/airflow/example_dags/example_trigger_target_dag.py for tasks to queue
[2024-02-07T09:09:55.883+0000] {logging_mixin.py:188} INFO - [2024-02-07T09:09:55.883+0000] {dagbag.py:538} INFO - Filling up the DagBag from /home/airflow/.local/lib/python3.8/site-packages/airflow/example_dags/example_trigger_target_dag.py
[2024-02-07T09:09:55.888+0000] {processor.py:840} INFO - DAG(s) 'example_trigger_target_dag' retrieved from /home/airflow/.local/lib/python3.8/site-packages/airflow/example_dags/example_trigger_target_dag.py
[2024-02-07T09:09:55.917+0000] {logging_mixin.py:188} INFO - [2024-02-07T09:09:55.917+0000] {dag.py:3033} INFO - Sync 1 DAGs
[2024-02-07T09:09:55.929+0000] {logging_mixin.py:188} INFO - [2024-02-07T09:09:55.929+0000] {dag.py:3820} INFO - Setting next_dagrun for example_trigger_target_dag to None, run_after=None
[2024-02-07T09:09:55.952+0000] {processor.py:183} INFO - Processing /home/airflow/.local/lib/python3.8/site-packages/airflow/example_dags/example_trigger_target_dag.py took 0.076 seconds
[2024-02-07T09:10:26.067+0000] {processor.py:161} INFO - Started process (PID=3449) to work on /home/airflow/.local/lib/python3.8/site-packages/airflow/example_dags/example_trigger_target_dag.py
[2024-02-07T09:10:26.068+0000] {processor.py:830} INFO - Processing file /home/airflow/.local/lib/python3.8/site-packages/airflow/example_dags/example_trigger_target_dag.py for tasks to queue
[2024-02-07T09:10:26.072+0000] {logging_mixin.py:188} INFO - [2024-02-07T09:10:26.071+0000] {dagbag.py:538} INFO - Filling up the DagBag from /home/airflow/.local/lib/python3.8/site-packages/airflow/example_dags/example_trigger_target_dag.py
[2024-02-07T09:10:26.079+0000] {processor.py:840} INFO - DAG(s) 'example_trigger_target_dag' retrieved from /home/airflow/.local/lib/python3.8/site-packages/airflow/example_dags/example_trigger_target_dag.py
[2024-02-07T09:10:26.112+0000] {logging_mixin.py:188} INFO - [2024-02-07T09:10:26.112+0000] {dag.py:3033} INFO - Sync 1 DAGs
[2024-02-07T09:10:26.130+0000] {logging_mixin.py:188} INFO - [2024-02-07T09:10:26.130+0000] {dag.py:3820} INFO - Setting next_dagrun for example_trigger_target_dag to None, run_after=None
[2024-02-07T09:10:26.162+0000] {processor.py:183} INFO - Processing /home/airflow/.local/lib/python3.8/site-packages/airflow/example_dags/example_trigger_target_dag.py took 0.098 seconds
[2024-02-07T09:10:56.343+0000] {processor.py:161} INFO - Started process (PID=3506) to work on /home/airflow/.local/lib/python3.8/site-packages/airflow/example_dags/example_trigger_target_dag.py
[2024-02-07T09:10:56.344+0000] {processor.py:830} INFO - Processing file /home/airflow/.local/lib/python3.8/site-packages/airflow/example_dags/example_trigger_target_dag.py for tasks to queue
[2024-02-07T09:10:56.347+0000] {logging_mixin.py:188} INFO - [2024-02-07T09:10:56.347+0000] {dagbag.py:538} INFO - Filling up the DagBag from /home/airflow/.local/lib/python3.8/site-packages/airflow/example_dags/example_trigger_target_dag.py
[2024-02-07T09:10:56.352+0000] {processor.py:840} INFO - DAG(s) 'example_trigger_target_dag' retrieved from /home/airflow/.local/lib/python3.8/site-packages/airflow/example_dags/example_trigger_target_dag.py
[2024-02-07T09:10:56.379+0000] {logging_mixin.py:188} INFO - [2024-02-07T09:10:56.379+0000] {dag.py:3033} INFO - Sync 1 DAGs
[2024-02-07T09:10:56.394+0000] {logging_mixin.py:188} INFO - [2024-02-07T09:10:56.393+0000] {dag.py:3820} INFO - Setting next_dagrun for example_trigger_target_dag to None, run_after=None
[2024-02-07T09:10:56.418+0000] {processor.py:183} INFO - Processing /home/airflow/.local/lib/python3.8/site-packages/airflow/example_dags/example_trigger_target_dag.py took 0.078 seconds
[2024-02-07T09:11:26.567+0000] {processor.py:161} INFO - Started process (PID=3563) to work on /home/airflow/.local/lib/python3.8/site-packages/airflow/example_dags/example_trigger_target_dag.py
[2024-02-07T09:11:26.569+0000] {processor.py:830} INFO - Processing file /home/airflow/.local/lib/python3.8/site-packages/airflow/example_dags/example_trigger_target_dag.py for tasks to queue
[2024-02-07T09:11:26.572+0000] {logging_mixin.py:188} INFO - [2024-02-07T09:11:26.571+0000] {dagbag.py:538} INFO - Filling up the DagBag from /home/airflow/.local/lib/python3.8/site-packages/airflow/example_dags/example_trigger_target_dag.py
[2024-02-07T09:11:26.577+0000] {processor.py:840} INFO - DAG(s) 'example_trigger_target_dag' retrieved from /home/airflow/.local/lib/python3.8/site-packages/airflow/example_dags/example_trigger_target_dag.py
[2024-02-07T09:11:26.600+0000] {logging_mixin.py:188} INFO - [2024-02-07T09:11:26.600+0000] {dag.py:3033} INFO - Sync 1 DAGs
[2024-02-07T09:11:26.612+0000] {logging_mixin.py:188} INFO - [2024-02-07T09:11:26.612+0000] {dag.py:3820} INFO - Setting next_dagrun for example_trigger_target_dag to None, run_after=None
[2024-02-07T09:11:26.636+0000] {processor.py:183} INFO - Processing /home/airflow/.local/lib/python3.8/site-packages/airflow/example_dags/example_trigger_target_dag.py took 0.073 seconds
