[2024-02-07T08:40:10.962+0000] {processor.py:161} INFO - Started process (PID=59) to work on /home/airflow/.local/lib/python3.8/site-packages/airflow/example_dags/example_branch_day_of_week_operator.py
[2024-02-07T08:40:10.964+0000] {processor.py:830} INFO - Processing file /home/airflow/.local/lib/python3.8/site-packages/airflow/example_dags/example_branch_day_of_week_operator.py for tasks to queue
[2024-02-07T08:40:10.966+0000] {logging_mixin.py:188} INFO - [2024-02-07T08:40:10.966+0000] {dagbag.py:538} INFO - Filling up the DagBag from /home/airflow/.local/lib/python3.8/site-packages/airflow/example_dags/example_branch_day_of_week_operator.py
[2024-02-07T08:40:10.977+0000] {processor.py:840} INFO - DAG(s) 'example_weekday_branch_operator' retrieved from /home/airflow/.local/lib/python3.8/site-packages/airflow/example_dags/example_branch_day_of_week_operator.py
[2024-02-07T08:40:11.011+0000] {logging_mixin.py:188} INFO - [2024-02-07T08:40:11.011+0000] {dag.py:3033} INFO - Sync 1 DAGs
[2024-02-07T08:40:11.038+0000] {logging_mixin.py:188} INFO - [2024-02-07T08:40:11.038+0000] {dag.py:3820} INFO - Setting next_dagrun for example_weekday_branch_operator to 2024-02-06T00:00:00+00:00, run_after=2024-02-07T00:00:00+00:00
[2024-02-07T08:40:11.063+0000] {processor.py:183} INFO - Processing /home/airflow/.local/lib/python3.8/site-packages/airflow/example_dags/example_branch_day_of_week_operator.py took 0.104 seconds
[2024-02-07T08:40:41.642+0000] {processor.py:161} INFO - Started process (PID=116) to work on /home/airflow/.local/lib/python3.8/site-packages/airflow/example_dags/example_branch_day_of_week_operator.py
[2024-02-07T08:40:41.644+0000] {processor.py:830} INFO - Processing file /home/airflow/.local/lib/python3.8/site-packages/airflow/example_dags/example_branch_day_of_week_operator.py for tasks to queue
[2024-02-07T08:40:41.646+0000] {logging_mixin.py:188} INFO - [2024-02-07T08:40:41.646+0000] {dagbag.py:538} INFO - Filling up the DagBag from /home/airflow/.local/lib/python3.8/site-packages/airflow/example_dags/example_branch_day_of_week_operator.py
[2024-02-07T08:40:41.655+0000] {processor.py:840} INFO - DAG(s) 'example_weekday_branch_operator' retrieved from /home/airflow/.local/lib/python3.8/site-packages/airflow/example_dags/example_branch_day_of_week_operator.py
[2024-02-07T08:40:41.676+0000] {logging_mixin.py:188} INFO - [2024-02-07T08:40:41.676+0000] {dag.py:3033} INFO - Sync 1 DAGs
[2024-02-07T08:40:41.702+0000] {logging_mixin.py:188} INFO - [2024-02-07T08:40:41.701+0000] {dag.py:3820} INFO - Setting next_dagrun for example_weekday_branch_operator to 2024-02-06T00:00:00+00:00, run_after=2024-02-07T00:00:00+00:00
[2024-02-07T08:40:41.724+0000] {processor.py:183} INFO - Processing /home/airflow/.local/lib/python3.8/site-packages/airflow/example_dags/example_branch_day_of_week_operator.py took 0.085 seconds
[2024-02-07T08:41:12.311+0000] {processor.py:161} INFO - Started process (PID=173) to work on /home/airflow/.local/lib/python3.8/site-packages/airflow/example_dags/example_branch_day_of_week_operator.py
[2024-02-07T08:41:12.313+0000] {processor.py:830} INFO - Processing file /home/airflow/.local/lib/python3.8/site-packages/airflow/example_dags/example_branch_day_of_week_operator.py for tasks to queue
[2024-02-07T08:41:12.316+0000] {logging_mixin.py:188} INFO - [2024-02-07T08:41:12.315+0000] {dagbag.py:538} INFO - Filling up the DagBag from /home/airflow/.local/lib/python3.8/site-packages/airflow/example_dags/example_branch_day_of_week_operator.py
[2024-02-07T08:41:12.326+0000] {processor.py:840} INFO - DAG(s) 'example_weekday_branch_operator' retrieved from /home/airflow/.local/lib/python3.8/site-packages/airflow/example_dags/example_branch_day_of_week_operator.py
[2024-02-07T08:41:12.354+0000] {logging_mixin.py:188} INFO - [2024-02-07T08:41:12.354+0000] {dag.py:3033} INFO - Sync 1 DAGs
[2024-02-07T08:41:12.381+0000] {logging_mixin.py:188} INFO - [2024-02-07T08:41:12.381+0000] {dag.py:3820} INFO - Setting next_dagrun for example_weekday_branch_operator to 2024-02-06T00:00:00+00:00, run_after=2024-02-07T00:00:00+00:00
[2024-02-07T08:41:12.401+0000] {processor.py:183} INFO - Processing /home/airflow/.local/lib/python3.8/site-packages/airflow/example_dags/example_branch_day_of_week_operator.py took 0.094 seconds
[2024-02-07T08:41:43.131+0000] {processor.py:161} INFO - Started process (PID=230) to work on /home/airflow/.local/lib/python3.8/site-packages/airflow/example_dags/example_branch_day_of_week_operator.py
[2024-02-07T08:41:43.132+0000] {processor.py:830} INFO - Processing file /home/airflow/.local/lib/python3.8/site-packages/airflow/example_dags/example_branch_day_of_week_operator.py for tasks to queue
[2024-02-07T08:41:43.136+0000] {logging_mixin.py:188} INFO - [2024-02-07T08:41:43.135+0000] {dagbag.py:538} INFO - Filling up the DagBag from /home/airflow/.local/lib/python3.8/site-packages/airflow/example_dags/example_branch_day_of_week_operator.py
[2024-02-07T08:41:43.151+0000] {processor.py:840} INFO - DAG(s) 'example_weekday_branch_operator' retrieved from /home/airflow/.local/lib/python3.8/site-packages/airflow/example_dags/example_branch_day_of_week_operator.py
[2024-02-07T08:41:43.178+0000] {logging_mixin.py:188} INFO - [2024-02-07T08:41:43.178+0000] {dag.py:3033} INFO - Sync 1 DAGs
[2024-02-07T08:41:43.204+0000] {logging_mixin.py:188} INFO - [2024-02-07T08:41:43.204+0000] {dag.py:3820} INFO - Setting next_dagrun for example_weekday_branch_operator to 2024-02-06T00:00:00+00:00, run_after=2024-02-07T00:00:00+00:00
[2024-02-07T08:41:43.225+0000] {processor.py:183} INFO - Processing /home/airflow/.local/lib/python3.8/site-packages/airflow/example_dags/example_branch_day_of_week_operator.py took 0.098 seconds
[2024-02-07T08:42:13.568+0000] {processor.py:161} INFO - Started process (PID=288) to work on /home/airflow/.local/lib/python3.8/site-packages/airflow/example_dags/example_branch_day_of_week_operator.py
[2024-02-07T08:42:13.569+0000] {processor.py:830} INFO - Processing file /home/airflow/.local/lib/python3.8/site-packages/airflow/example_dags/example_branch_day_of_week_operator.py for tasks to queue
[2024-02-07T08:42:13.571+0000] {logging_mixin.py:188} INFO - [2024-02-07T08:42:13.571+0000] {dagbag.py:538} INFO - Filling up the DagBag from /home/airflow/.local/lib/python3.8/site-packages/airflow/example_dags/example_branch_day_of_week_operator.py
[2024-02-07T08:42:13.579+0000] {processor.py:840} INFO - DAG(s) 'example_weekday_branch_operator' retrieved from /home/airflow/.local/lib/python3.8/site-packages/airflow/example_dags/example_branch_day_of_week_operator.py
[2024-02-07T08:42:13.602+0000] {logging_mixin.py:188} INFO - [2024-02-07T08:42:13.601+0000] {dag.py:3033} INFO - Sync 1 DAGs
[2024-02-07T08:42:13.629+0000] {logging_mixin.py:188} INFO - [2024-02-07T08:42:13.629+0000] {dag.py:3820} INFO - Setting next_dagrun for example_weekday_branch_operator to 2024-02-06T00:00:00+00:00, run_after=2024-02-07T00:00:00+00:00
[2024-02-07T08:42:13.652+0000] {processor.py:183} INFO - Processing /home/airflow/.local/lib/python3.8/site-packages/airflow/example_dags/example_branch_day_of_week_operator.py took 0.089 seconds
[2024-02-07T08:42:44.462+0000] {processor.py:161} INFO - Started process (PID=345) to work on /home/airflow/.local/lib/python3.8/site-packages/airflow/example_dags/example_branch_day_of_week_operator.py
[2024-02-07T08:42:44.463+0000] {processor.py:830} INFO - Processing file /home/airflow/.local/lib/python3.8/site-packages/airflow/example_dags/example_branch_day_of_week_operator.py for tasks to queue
[2024-02-07T08:42:44.467+0000] {logging_mixin.py:188} INFO - [2024-02-07T08:42:44.467+0000] {dagbag.py:538} INFO - Filling up the DagBag from /home/airflow/.local/lib/python3.8/site-packages/airflow/example_dags/example_branch_day_of_week_operator.py
[2024-02-07T08:42:44.479+0000] {processor.py:840} INFO - DAG(s) 'example_weekday_branch_operator' retrieved from /home/airflow/.local/lib/python3.8/site-packages/airflow/example_dags/example_branch_day_of_week_operator.py
[2024-02-07T08:42:44.508+0000] {logging_mixin.py:188} INFO - [2024-02-07T08:42:44.508+0000] {dag.py:3033} INFO - Sync 1 DAGs
[2024-02-07T08:42:44.545+0000] {logging_mixin.py:188} INFO - [2024-02-07T08:42:44.545+0000] {dag.py:3820} INFO - Setting next_dagrun for example_weekday_branch_operator to 2024-02-06T00:00:00+00:00, run_after=2024-02-07T00:00:00+00:00
[2024-02-07T08:42:44.569+0000] {processor.py:183} INFO - Processing /home/airflow/.local/lib/python3.8/site-packages/airflow/example_dags/example_branch_day_of_week_operator.py took 0.111 seconds
[2024-02-07T08:43:15.280+0000] {processor.py:161} INFO - Started process (PID=402) to work on /home/airflow/.local/lib/python3.8/site-packages/airflow/example_dags/example_branch_day_of_week_operator.py
[2024-02-07T08:43:15.281+0000] {processor.py:830} INFO - Processing file /home/airflow/.local/lib/python3.8/site-packages/airflow/example_dags/example_branch_day_of_week_operator.py for tasks to queue
[2024-02-07T08:43:15.283+0000] {logging_mixin.py:188} INFO - [2024-02-07T08:43:15.283+0000] {dagbag.py:538} INFO - Filling up the DagBag from /home/airflow/.local/lib/python3.8/site-packages/airflow/example_dags/example_branch_day_of_week_operator.py
[2024-02-07T08:43:15.291+0000] {processor.py:840} INFO - DAG(s) 'example_weekday_branch_operator' retrieved from /home/airflow/.local/lib/python3.8/site-packages/airflow/example_dags/example_branch_day_of_week_operator.py
[2024-02-07T08:43:15.311+0000] {logging_mixin.py:188} INFO - [2024-02-07T08:43:15.311+0000] {dag.py:3033} INFO - Sync 1 DAGs
[2024-02-07T08:43:15.334+0000] {logging_mixin.py:188} INFO - [2024-02-07T08:43:15.333+0000] {dag.py:3820} INFO - Setting next_dagrun for example_weekday_branch_operator to 2024-02-06T00:00:00+00:00, run_after=2024-02-07T00:00:00+00:00
[2024-02-07T08:43:15.355+0000] {processor.py:183} INFO - Processing /home/airflow/.local/lib/python3.8/site-packages/airflow/example_dags/example_branch_day_of_week_operator.py took 0.078 seconds
[2024-02-07T08:43:45.788+0000] {processor.py:161} INFO - Started process (PID=459) to work on /home/airflow/.local/lib/python3.8/site-packages/airflow/example_dags/example_branch_day_of_week_operator.py
[2024-02-07T08:43:45.789+0000] {processor.py:830} INFO - Processing file /home/airflow/.local/lib/python3.8/site-packages/airflow/example_dags/example_branch_day_of_week_operator.py for tasks to queue
[2024-02-07T08:43:45.792+0000] {logging_mixin.py:188} INFO - [2024-02-07T08:43:45.792+0000] {dagbag.py:538} INFO - Filling up the DagBag from /home/airflow/.local/lib/python3.8/site-packages/airflow/example_dags/example_branch_day_of_week_operator.py
[2024-02-07T08:43:45.802+0000] {processor.py:840} INFO - DAG(s) 'example_weekday_branch_operator' retrieved from /home/airflow/.local/lib/python3.8/site-packages/airflow/example_dags/example_branch_day_of_week_operator.py
[2024-02-07T08:43:45.833+0000] {logging_mixin.py:188} INFO - [2024-02-07T08:43:45.832+0000] {dag.py:3033} INFO - Sync 1 DAGs
[2024-02-07T08:43:45.858+0000] {logging_mixin.py:188} INFO - [2024-02-07T08:43:45.857+0000] {dag.py:3820} INFO - Setting next_dagrun for example_weekday_branch_operator to 2024-02-06T00:00:00+00:00, run_after=2024-02-07T00:00:00+00:00
[2024-02-07T08:43:45.881+0000] {processor.py:183} INFO - Processing /home/airflow/.local/lib/python3.8/site-packages/airflow/example_dags/example_branch_day_of_week_operator.py took 0.098 seconds
[2024-02-07T08:44:16.632+0000] {processor.py:161} INFO - Started process (PID=516) to work on /home/airflow/.local/lib/python3.8/site-packages/airflow/example_dags/example_branch_day_of_week_operator.py
[2024-02-07T08:44:16.633+0000] {processor.py:830} INFO - Processing file /home/airflow/.local/lib/python3.8/site-packages/airflow/example_dags/example_branch_day_of_week_operator.py for tasks to queue
[2024-02-07T08:44:16.635+0000] {logging_mixin.py:188} INFO - [2024-02-07T08:44:16.635+0000] {dagbag.py:538} INFO - Filling up the DagBag from /home/airflow/.local/lib/python3.8/site-packages/airflow/example_dags/example_branch_day_of_week_operator.py
[2024-02-07T08:44:16.643+0000] {processor.py:840} INFO - DAG(s) 'example_weekday_branch_operator' retrieved from /home/airflow/.local/lib/python3.8/site-packages/airflow/example_dags/example_branch_day_of_week_operator.py
[2024-02-07T08:44:16.668+0000] {logging_mixin.py:188} INFO - [2024-02-07T08:44:16.667+0000] {dag.py:3033} INFO - Sync 1 DAGs
[2024-02-07T08:44:16.702+0000] {logging_mixin.py:188} INFO - [2024-02-07T08:44:16.702+0000] {dag.py:3820} INFO - Setting next_dagrun for example_weekday_branch_operator to 2024-02-06T00:00:00+00:00, run_after=2024-02-07T00:00:00+00:00
[2024-02-07T08:44:16.729+0000] {processor.py:183} INFO - Processing /home/airflow/.local/lib/python3.8/site-packages/airflow/example_dags/example_branch_day_of_week_operator.py took 0.101 seconds
[2024-02-07T08:44:47.028+0000] {processor.py:161} INFO - Started process (PID=573) to work on /home/airflow/.local/lib/python3.8/site-packages/airflow/example_dags/example_branch_day_of_week_operator.py
[2024-02-07T08:44:47.029+0000] {processor.py:830} INFO - Processing file /home/airflow/.local/lib/python3.8/site-packages/airflow/example_dags/example_branch_day_of_week_operator.py for tasks to queue
[2024-02-07T08:44:47.033+0000] {logging_mixin.py:188} INFO - [2024-02-07T08:44:47.032+0000] {dagbag.py:538} INFO - Filling up the DagBag from /home/airflow/.local/lib/python3.8/site-packages/airflow/example_dags/example_branch_day_of_week_operator.py
[2024-02-07T08:44:47.041+0000] {processor.py:840} INFO - DAG(s) 'example_weekday_branch_operator' retrieved from /home/airflow/.local/lib/python3.8/site-packages/airflow/example_dags/example_branch_day_of_week_operator.py
[2024-02-07T08:44:47.068+0000] {logging_mixin.py:188} INFO - [2024-02-07T08:44:47.068+0000] {dag.py:3033} INFO - Sync 1 DAGs
[2024-02-07T08:44:47.099+0000] {logging_mixin.py:188} INFO - [2024-02-07T08:44:47.098+0000] {dag.py:3820} INFO - Setting next_dagrun for example_weekday_branch_operator to 2024-02-06T00:00:00+00:00, run_after=2024-02-07T00:00:00+00:00
[2024-02-07T08:44:47.123+0000] {processor.py:183} INFO - Processing /home/airflow/.local/lib/python3.8/site-packages/airflow/example_dags/example_branch_day_of_week_operator.py took 0.099 seconds
[2024-02-07T08:45:17.253+0000] {processor.py:161} INFO - Started process (PID=630) to work on /home/airflow/.local/lib/python3.8/site-packages/airflow/example_dags/example_branch_day_of_week_operator.py
[2024-02-07T08:45:17.254+0000] {processor.py:830} INFO - Processing file /home/airflow/.local/lib/python3.8/site-packages/airflow/example_dags/example_branch_day_of_week_operator.py for tasks to queue
[2024-02-07T08:45:17.257+0000] {logging_mixin.py:188} INFO - [2024-02-07T08:45:17.256+0000] {dagbag.py:538} INFO - Filling up the DagBag from /home/airflow/.local/lib/python3.8/site-packages/airflow/example_dags/example_branch_day_of_week_operator.py
[2024-02-07T08:45:17.266+0000] {processor.py:840} INFO - DAG(s) 'example_weekday_branch_operator' retrieved from /home/airflow/.local/lib/python3.8/site-packages/airflow/example_dags/example_branch_day_of_week_operator.py
[2024-02-07T08:45:17.292+0000] {logging_mixin.py:188} INFO - [2024-02-07T08:45:17.291+0000] {dag.py:3033} INFO - Sync 1 DAGs
[2024-02-07T08:45:17.321+0000] {logging_mixin.py:188} INFO - [2024-02-07T08:45:17.320+0000] {dag.py:3820} INFO - Setting next_dagrun for example_weekday_branch_operator to 2024-02-06T00:00:00+00:00, run_after=2024-02-07T00:00:00+00:00
[2024-02-07T08:45:17.352+0000] {processor.py:183} INFO - Processing /home/airflow/.local/lib/python3.8/site-packages/airflow/example_dags/example_branch_day_of_week_operator.py took 0.104 seconds
[2024-02-07T08:45:48.301+0000] {processor.py:161} INFO - Started process (PID=687) to work on /home/airflow/.local/lib/python3.8/site-packages/airflow/example_dags/example_branch_day_of_week_operator.py
[2024-02-07T08:45:48.303+0000] {processor.py:830} INFO - Processing file /home/airflow/.local/lib/python3.8/site-packages/airflow/example_dags/example_branch_day_of_week_operator.py for tasks to queue
[2024-02-07T08:45:48.306+0000] {logging_mixin.py:188} INFO - [2024-02-07T08:45:48.306+0000] {dagbag.py:538} INFO - Filling up the DagBag from /home/airflow/.local/lib/python3.8/site-packages/airflow/example_dags/example_branch_day_of_week_operator.py
[2024-02-07T08:45:48.314+0000] {processor.py:840} INFO - DAG(s) 'example_weekday_branch_operator' retrieved from /home/airflow/.local/lib/python3.8/site-packages/airflow/example_dags/example_branch_day_of_week_operator.py
[2024-02-07T08:45:48.391+0000] {logging_mixin.py:188} INFO - [2024-02-07T08:45:48.391+0000] {dag.py:3033} INFO - Sync 1 DAGs
[2024-02-07T08:45:48.424+0000] {logging_mixin.py:188} INFO - [2024-02-07T08:45:48.424+0000] {dag.py:3820} INFO - Setting next_dagrun for example_weekday_branch_operator to 2024-02-06T00:00:00+00:00, run_after=2024-02-07T00:00:00+00:00
[2024-02-07T08:45:48.452+0000] {processor.py:183} INFO - Processing /home/airflow/.local/lib/python3.8/site-packages/airflow/example_dags/example_branch_day_of_week_operator.py took 0.154 seconds
[2024-02-07T08:46:19.383+0000] {processor.py:161} INFO - Started process (PID=744) to work on /home/airflow/.local/lib/python3.8/site-packages/airflow/example_dags/example_branch_day_of_week_operator.py
[2024-02-07T08:46:19.385+0000] {processor.py:830} INFO - Processing file /home/airflow/.local/lib/python3.8/site-packages/airflow/example_dags/example_branch_day_of_week_operator.py for tasks to queue
[2024-02-07T08:46:19.387+0000] {logging_mixin.py:188} INFO - [2024-02-07T08:46:19.387+0000] {dagbag.py:538} INFO - Filling up the DagBag from /home/airflow/.local/lib/python3.8/site-packages/airflow/example_dags/example_branch_day_of_week_operator.py
[2024-02-07T08:46:19.398+0000] {processor.py:840} INFO - DAG(s) 'example_weekday_branch_operator' retrieved from /home/airflow/.local/lib/python3.8/site-packages/airflow/example_dags/example_branch_day_of_week_operator.py
[2024-02-07T08:46:19.428+0000] {logging_mixin.py:188} INFO - [2024-02-07T08:46:19.428+0000] {dag.py:3033} INFO - Sync 1 DAGs
[2024-02-07T08:46:19.465+0000] {logging_mixin.py:188} INFO - [2024-02-07T08:46:19.464+0000] {dag.py:3820} INFO - Setting next_dagrun for example_weekday_branch_operator to 2024-02-06T00:00:00+00:00, run_after=2024-02-07T00:00:00+00:00
[2024-02-07T08:46:19.503+0000] {processor.py:183} INFO - Processing /home/airflow/.local/lib/python3.8/site-packages/airflow/example_dags/example_branch_day_of_week_operator.py took 0.123 seconds
[2024-02-07T08:46:49.559+0000] {processor.py:161} INFO - Started process (PID=799) to work on /home/airflow/.local/lib/python3.8/site-packages/airflow/example_dags/example_branch_day_of_week_operator.py
[2024-02-07T08:46:49.560+0000] {processor.py:830} INFO - Processing file /home/airflow/.local/lib/python3.8/site-packages/airflow/example_dags/example_branch_day_of_week_operator.py for tasks to queue
[2024-02-07T08:46:49.563+0000] {logging_mixin.py:188} INFO - [2024-02-07T08:46:49.563+0000] {dagbag.py:538} INFO - Filling up the DagBag from /home/airflow/.local/lib/python3.8/site-packages/airflow/example_dags/example_branch_day_of_week_operator.py
[2024-02-07T08:46:49.575+0000] {processor.py:840} INFO - DAG(s) 'example_weekday_branch_operator' retrieved from /home/airflow/.local/lib/python3.8/site-packages/airflow/example_dags/example_branch_day_of_week_operator.py
[2024-02-07T08:46:49.606+0000] {logging_mixin.py:188} INFO - [2024-02-07T08:46:49.606+0000] {dag.py:3033} INFO - Sync 1 DAGs
[2024-02-07T08:46:49.642+0000] {logging_mixin.py:188} INFO - [2024-02-07T08:46:49.642+0000] {dag.py:3820} INFO - Setting next_dagrun for example_weekday_branch_operator to 2024-02-06T00:00:00+00:00, run_after=2024-02-07T00:00:00+00:00
[2024-02-07T08:46:49.670+0000] {processor.py:183} INFO - Processing /home/airflow/.local/lib/python3.8/site-packages/airflow/example_dags/example_branch_day_of_week_operator.py took 0.115 seconds
[2024-02-07T08:47:19.885+0000] {processor.py:161} INFO - Started process (PID=856) to work on /home/airflow/.local/lib/python3.8/site-packages/airflow/example_dags/example_branch_day_of_week_operator.py
[2024-02-07T08:47:19.886+0000] {processor.py:830} INFO - Processing file /home/airflow/.local/lib/python3.8/site-packages/airflow/example_dags/example_branch_day_of_week_operator.py for tasks to queue
[2024-02-07T08:47:19.889+0000] {logging_mixin.py:188} INFO - [2024-02-07T08:47:19.888+0000] {dagbag.py:538} INFO - Filling up the DagBag from /home/airflow/.local/lib/python3.8/site-packages/airflow/example_dags/example_branch_day_of_week_operator.py
[2024-02-07T08:47:19.902+0000] {processor.py:840} INFO - DAG(s) 'example_weekday_branch_operator' retrieved from /home/airflow/.local/lib/python3.8/site-packages/airflow/example_dags/example_branch_day_of_week_operator.py
[2024-02-07T08:47:19.924+0000] {logging_mixin.py:188} INFO - [2024-02-07T08:47:19.924+0000] {dag.py:3033} INFO - Sync 1 DAGs
[2024-02-07T08:47:19.950+0000] {logging_mixin.py:188} INFO - [2024-02-07T08:47:19.950+0000] {dag.py:3820} INFO - Setting next_dagrun for example_weekday_branch_operator to 2024-02-06T00:00:00+00:00, run_after=2024-02-07T00:00:00+00:00
[2024-02-07T08:47:19.970+0000] {processor.py:183} INFO - Processing /home/airflow/.local/lib/python3.8/site-packages/airflow/example_dags/example_branch_day_of_week_operator.py took 0.088 seconds
[2024-02-07T08:47:50.335+0000] {processor.py:161} INFO - Started process (PID=913) to work on /home/airflow/.local/lib/python3.8/site-packages/airflow/example_dags/example_branch_day_of_week_operator.py
[2024-02-07T08:47:50.336+0000] {processor.py:830} INFO - Processing file /home/airflow/.local/lib/python3.8/site-packages/airflow/example_dags/example_branch_day_of_week_operator.py for tasks to queue
[2024-02-07T08:47:50.340+0000] {logging_mixin.py:188} INFO - [2024-02-07T08:47:50.339+0000] {dagbag.py:538} INFO - Filling up the DagBag from /home/airflow/.local/lib/python3.8/site-packages/airflow/example_dags/example_branch_day_of_week_operator.py
[2024-02-07T08:47:50.349+0000] {processor.py:840} INFO - DAG(s) 'example_weekday_branch_operator' retrieved from /home/airflow/.local/lib/python3.8/site-packages/airflow/example_dags/example_branch_day_of_week_operator.py
[2024-02-07T08:47:50.371+0000] {logging_mixin.py:188} INFO - [2024-02-07T08:47:50.371+0000] {dag.py:3033} INFO - Sync 1 DAGs
[2024-02-07T08:47:50.397+0000] {logging_mixin.py:188} INFO - [2024-02-07T08:47:50.396+0000] {dag.py:3820} INFO - Setting next_dagrun for example_weekday_branch_operator to 2024-02-06T00:00:00+00:00, run_after=2024-02-07T00:00:00+00:00
[2024-02-07T08:47:50.418+0000] {processor.py:183} INFO - Processing /home/airflow/.local/lib/python3.8/site-packages/airflow/example_dags/example_branch_day_of_week_operator.py took 0.088 seconds
[2024-02-07T08:48:20.651+0000] {processor.py:161} INFO - Started process (PID=970) to work on /home/airflow/.local/lib/python3.8/site-packages/airflow/example_dags/example_branch_day_of_week_operator.py
[2024-02-07T08:48:20.652+0000] {processor.py:830} INFO - Processing file /home/airflow/.local/lib/python3.8/site-packages/airflow/example_dags/example_branch_day_of_week_operator.py for tasks to queue
[2024-02-07T08:48:20.654+0000] {logging_mixin.py:188} INFO - [2024-02-07T08:48:20.654+0000] {dagbag.py:538} INFO - Filling up the DagBag from /home/airflow/.local/lib/python3.8/site-packages/airflow/example_dags/example_branch_day_of_week_operator.py
[2024-02-07T08:48:20.665+0000] {processor.py:840} INFO - DAG(s) 'example_weekday_branch_operator' retrieved from /home/airflow/.local/lib/python3.8/site-packages/airflow/example_dags/example_branch_day_of_week_operator.py
[2024-02-07T08:48:20.704+0000] {logging_mixin.py:188} INFO - [2024-02-07T08:48:20.703+0000] {dag.py:3033} INFO - Sync 1 DAGs
[2024-02-07T08:48:20.736+0000] {logging_mixin.py:188} INFO - [2024-02-07T08:48:20.736+0000] {dag.py:3820} INFO - Setting next_dagrun for example_weekday_branch_operator to 2024-02-06T00:00:00+00:00, run_after=2024-02-07T00:00:00+00:00
[2024-02-07T08:48:20.758+0000] {processor.py:183} INFO - Processing /home/airflow/.local/lib/python3.8/site-packages/airflow/example_dags/example_branch_day_of_week_operator.py took 0.111 seconds
[2024-02-07T08:48:50.913+0000] {processor.py:161} INFO - Started process (PID=1028) to work on /home/airflow/.local/lib/python3.8/site-packages/airflow/example_dags/example_branch_day_of_week_operator.py
[2024-02-07T08:48:50.914+0000] {processor.py:830} INFO - Processing file /home/airflow/.local/lib/python3.8/site-packages/airflow/example_dags/example_branch_day_of_week_operator.py for tasks to queue
[2024-02-07T08:48:50.917+0000] {logging_mixin.py:188} INFO - [2024-02-07T08:48:50.916+0000] {dagbag.py:538} INFO - Filling up the DagBag from /home/airflow/.local/lib/python3.8/site-packages/airflow/example_dags/example_branch_day_of_week_operator.py
[2024-02-07T08:48:50.929+0000] {processor.py:840} INFO - DAG(s) 'example_weekday_branch_operator' retrieved from /home/airflow/.local/lib/python3.8/site-packages/airflow/example_dags/example_branch_day_of_week_operator.py
[2024-02-07T08:48:50.953+0000] {logging_mixin.py:188} INFO - [2024-02-07T08:48:50.953+0000] {dag.py:3033} INFO - Sync 1 DAGs
[2024-02-07T08:48:50.975+0000] {logging_mixin.py:188} INFO - [2024-02-07T08:48:50.975+0000] {dag.py:3820} INFO - Setting next_dagrun for example_weekday_branch_operator to 2024-02-06T00:00:00+00:00, run_after=2024-02-07T00:00:00+00:00
[2024-02-07T08:48:50.998+0000] {processor.py:183} INFO - Processing /home/airflow/.local/lib/python3.8/site-packages/airflow/example_dags/example_branch_day_of_week_operator.py took 0.089 seconds
[2024-02-07T08:49:21.464+0000] {processor.py:161} INFO - Started process (PID=1085) to work on /home/airflow/.local/lib/python3.8/site-packages/airflow/example_dags/example_branch_day_of_week_operator.py
[2024-02-07T08:49:21.466+0000] {processor.py:830} INFO - Processing file /home/airflow/.local/lib/python3.8/site-packages/airflow/example_dags/example_branch_day_of_week_operator.py for tasks to queue
[2024-02-07T08:49:21.468+0000] {logging_mixin.py:188} INFO - [2024-02-07T08:49:21.468+0000] {dagbag.py:538} INFO - Filling up the DagBag from /home/airflow/.local/lib/python3.8/site-packages/airflow/example_dags/example_branch_day_of_week_operator.py
[2024-02-07T08:49:21.477+0000] {processor.py:840} INFO - DAG(s) 'example_weekday_branch_operator' retrieved from /home/airflow/.local/lib/python3.8/site-packages/airflow/example_dags/example_branch_day_of_week_operator.py
[2024-02-07T08:49:21.500+0000] {logging_mixin.py:188} INFO - [2024-02-07T08:49:21.500+0000] {dag.py:3033} INFO - Sync 1 DAGs
[2024-02-07T08:49:21.527+0000] {logging_mixin.py:188} INFO - [2024-02-07T08:49:21.527+0000] {dag.py:3820} INFO - Setting next_dagrun for example_weekday_branch_operator to 2024-02-06T00:00:00+00:00, run_after=2024-02-07T00:00:00+00:00
[2024-02-07T08:49:21.550+0000] {processor.py:183} INFO - Processing /home/airflow/.local/lib/python3.8/site-packages/airflow/example_dags/example_branch_day_of_week_operator.py took 0.091 seconds
[2024-02-07T08:49:51.909+0000] {processor.py:161} INFO - Started process (PID=1142) to work on /home/airflow/.local/lib/python3.8/site-packages/airflow/example_dags/example_branch_day_of_week_operator.py
[2024-02-07T08:49:51.911+0000] {processor.py:830} INFO - Processing file /home/airflow/.local/lib/python3.8/site-packages/airflow/example_dags/example_branch_day_of_week_operator.py for tasks to queue
[2024-02-07T08:49:51.913+0000] {logging_mixin.py:188} INFO - [2024-02-07T08:49:51.913+0000] {dagbag.py:538} INFO - Filling up the DagBag from /home/airflow/.local/lib/python3.8/site-packages/airflow/example_dags/example_branch_day_of_week_operator.py
[2024-02-07T08:49:51.921+0000] {processor.py:840} INFO - DAG(s) 'example_weekday_branch_operator' retrieved from /home/airflow/.local/lib/python3.8/site-packages/airflow/example_dags/example_branch_day_of_week_operator.py
[2024-02-07T08:49:51.951+0000] {logging_mixin.py:188} INFO - [2024-02-07T08:49:51.951+0000] {dag.py:3033} INFO - Sync 1 DAGs
[2024-02-07T08:49:51.976+0000] {logging_mixin.py:188} INFO - [2024-02-07T08:49:51.976+0000] {dag.py:3820} INFO - Setting next_dagrun for example_weekday_branch_operator to 2024-02-06T00:00:00+00:00, run_after=2024-02-07T00:00:00+00:00
[2024-02-07T08:49:51.997+0000] {processor.py:183} INFO - Processing /home/airflow/.local/lib/python3.8/site-packages/airflow/example_dags/example_branch_day_of_week_operator.py took 0.091 seconds
[2024-02-07T08:50:22.620+0000] {processor.py:161} INFO - Started process (PID=1199) to work on /home/airflow/.local/lib/python3.8/site-packages/airflow/example_dags/example_branch_day_of_week_operator.py
[2024-02-07T08:50:22.622+0000] {processor.py:830} INFO - Processing file /home/airflow/.local/lib/python3.8/site-packages/airflow/example_dags/example_branch_day_of_week_operator.py for tasks to queue
[2024-02-07T08:50:22.626+0000] {logging_mixin.py:188} INFO - [2024-02-07T08:50:22.625+0000] {dagbag.py:538} INFO - Filling up the DagBag from /home/airflow/.local/lib/python3.8/site-packages/airflow/example_dags/example_branch_day_of_week_operator.py
[2024-02-07T08:50:22.637+0000] {processor.py:840} INFO - DAG(s) 'example_weekday_branch_operator' retrieved from /home/airflow/.local/lib/python3.8/site-packages/airflow/example_dags/example_branch_day_of_week_operator.py
[2024-02-07T08:50:22.662+0000] {logging_mixin.py:188} INFO - [2024-02-07T08:50:22.662+0000] {dag.py:3033} INFO - Sync 1 DAGs
[2024-02-07T08:50:22.684+0000] {logging_mixin.py:188} INFO - [2024-02-07T08:50:22.684+0000] {dag.py:3820} INFO - Setting next_dagrun for example_weekday_branch_operator to 2024-02-06T00:00:00+00:00, run_after=2024-02-07T00:00:00+00:00
[2024-02-07T08:50:22.714+0000] {processor.py:183} INFO - Processing /home/airflow/.local/lib/python3.8/site-packages/airflow/example_dags/example_branch_day_of_week_operator.py took 0.099 seconds
[2024-02-07T08:50:52.929+0000] {processor.py:161} INFO - Started process (PID=1256) to work on /home/airflow/.local/lib/python3.8/site-packages/airflow/example_dags/example_branch_day_of_week_operator.py
[2024-02-07T08:50:52.930+0000] {processor.py:830} INFO - Processing file /home/airflow/.local/lib/python3.8/site-packages/airflow/example_dags/example_branch_day_of_week_operator.py for tasks to queue
[2024-02-07T08:50:52.933+0000] {logging_mixin.py:188} INFO - [2024-02-07T08:50:52.933+0000] {dagbag.py:538} INFO - Filling up the DagBag from /home/airflow/.local/lib/python3.8/site-packages/airflow/example_dags/example_branch_day_of_week_operator.py
[2024-02-07T08:50:52.942+0000] {processor.py:840} INFO - DAG(s) 'example_weekday_branch_operator' retrieved from /home/airflow/.local/lib/python3.8/site-packages/airflow/example_dags/example_branch_day_of_week_operator.py
[2024-02-07T08:50:52.965+0000] {logging_mixin.py:188} INFO - [2024-02-07T08:50:52.965+0000] {dag.py:3033} INFO - Sync 1 DAGs
[2024-02-07T08:50:52.989+0000] {logging_mixin.py:188} INFO - [2024-02-07T08:50:52.989+0000] {dag.py:3820} INFO - Setting next_dagrun for example_weekday_branch_operator to 2024-02-06T00:00:00+00:00, run_after=2024-02-07T00:00:00+00:00
[2024-02-07T08:50:53.012+0000] {processor.py:183} INFO - Processing /home/airflow/.local/lib/python3.8/site-packages/airflow/example_dags/example_branch_day_of_week_operator.py took 0.087 seconds
[2024-02-07T08:51:23.520+0000] {processor.py:161} INFO - Started process (PID=1314) to work on /home/airflow/.local/lib/python3.8/site-packages/airflow/example_dags/example_branch_day_of_week_operator.py
[2024-02-07T08:51:23.522+0000] {processor.py:830} INFO - Processing file /home/airflow/.local/lib/python3.8/site-packages/airflow/example_dags/example_branch_day_of_week_operator.py for tasks to queue
[2024-02-07T08:51:23.525+0000] {logging_mixin.py:188} INFO - [2024-02-07T08:51:23.524+0000] {dagbag.py:538} INFO - Filling up the DagBag from /home/airflow/.local/lib/python3.8/site-packages/airflow/example_dags/example_branch_day_of_week_operator.py
[2024-02-07T08:51:23.532+0000] {processor.py:840} INFO - DAG(s) 'example_weekday_branch_operator' retrieved from /home/airflow/.local/lib/python3.8/site-packages/airflow/example_dags/example_branch_day_of_week_operator.py
[2024-02-07T08:51:23.553+0000] {logging_mixin.py:188} INFO - [2024-02-07T08:51:23.553+0000] {dag.py:3033} INFO - Sync 1 DAGs
[2024-02-07T08:51:23.576+0000] {logging_mixin.py:188} INFO - [2024-02-07T08:51:23.576+0000] {dag.py:3820} INFO - Setting next_dagrun for example_weekday_branch_operator to 2024-02-06T00:00:00+00:00, run_after=2024-02-07T00:00:00+00:00
[2024-02-07T08:51:23.598+0000] {processor.py:183} INFO - Processing /home/airflow/.local/lib/python3.8/site-packages/airflow/example_dags/example_branch_day_of_week_operator.py took 0.082 seconds
[2024-02-07T08:51:53.809+0000] {processor.py:161} INFO - Started process (PID=1371) to work on /home/airflow/.local/lib/python3.8/site-packages/airflow/example_dags/example_branch_day_of_week_operator.py
[2024-02-07T08:51:53.811+0000] {processor.py:830} INFO - Processing file /home/airflow/.local/lib/python3.8/site-packages/airflow/example_dags/example_branch_day_of_week_operator.py for tasks to queue
[2024-02-07T08:51:53.814+0000] {logging_mixin.py:188} INFO - [2024-02-07T08:51:53.814+0000] {dagbag.py:538} INFO - Filling up the DagBag from /home/airflow/.local/lib/python3.8/site-packages/airflow/example_dags/example_branch_day_of_week_operator.py
[2024-02-07T08:51:53.824+0000] {processor.py:840} INFO - DAG(s) 'example_weekday_branch_operator' retrieved from /home/airflow/.local/lib/python3.8/site-packages/airflow/example_dags/example_branch_day_of_week_operator.py
[2024-02-07T08:51:53.853+0000] {logging_mixin.py:188} INFO - [2024-02-07T08:51:53.852+0000] {dag.py:3033} INFO - Sync 1 DAGs
[2024-02-07T08:51:53.878+0000] {logging_mixin.py:188} INFO - [2024-02-07T08:51:53.878+0000] {dag.py:3820} INFO - Setting next_dagrun for example_weekday_branch_operator to 2024-02-06T00:00:00+00:00, run_after=2024-02-07T00:00:00+00:00
[2024-02-07T08:51:53.900+0000] {processor.py:183} INFO - Processing /home/airflow/.local/lib/python3.8/site-packages/airflow/example_dags/example_branch_day_of_week_operator.py took 0.094 seconds
[2024-02-07T08:52:24.575+0000] {processor.py:161} INFO - Started process (PID=1428) to work on /home/airflow/.local/lib/python3.8/site-packages/airflow/example_dags/example_branch_day_of_week_operator.py
[2024-02-07T08:52:24.576+0000] {processor.py:830} INFO - Processing file /home/airflow/.local/lib/python3.8/site-packages/airflow/example_dags/example_branch_day_of_week_operator.py for tasks to queue
[2024-02-07T08:52:24.578+0000] {logging_mixin.py:188} INFO - [2024-02-07T08:52:24.578+0000] {dagbag.py:538} INFO - Filling up the DagBag from /home/airflow/.local/lib/python3.8/site-packages/airflow/example_dags/example_branch_day_of_week_operator.py
[2024-02-07T08:52:24.586+0000] {processor.py:840} INFO - DAG(s) 'example_weekday_branch_operator' retrieved from /home/airflow/.local/lib/python3.8/site-packages/airflow/example_dags/example_branch_day_of_week_operator.py
[2024-02-07T08:52:24.609+0000] {logging_mixin.py:188} INFO - [2024-02-07T08:52:24.609+0000] {dag.py:3033} INFO - Sync 1 DAGs
[2024-02-07T08:52:24.637+0000] {logging_mixin.py:188} INFO - [2024-02-07T08:52:24.636+0000] {dag.py:3820} INFO - Setting next_dagrun for example_weekday_branch_operator to 2024-02-06T00:00:00+00:00, run_after=2024-02-07T00:00:00+00:00
[2024-02-07T08:52:24.661+0000] {processor.py:183} INFO - Processing /home/airflow/.local/lib/python3.8/site-packages/airflow/example_dags/example_branch_day_of_week_operator.py took 0.090 seconds
[2024-02-07T08:52:54.707+0000] {processor.py:161} INFO - Started process (PID=1484) to work on /home/airflow/.local/lib/python3.8/site-packages/airflow/example_dags/example_branch_day_of_week_operator.py
[2024-02-07T08:52:54.708+0000] {processor.py:830} INFO - Processing file /home/airflow/.local/lib/python3.8/site-packages/airflow/example_dags/example_branch_day_of_week_operator.py for tasks to queue
[2024-02-07T08:52:54.711+0000] {logging_mixin.py:188} INFO - [2024-02-07T08:52:54.711+0000] {dagbag.py:538} INFO - Filling up the DagBag from /home/airflow/.local/lib/python3.8/site-packages/airflow/example_dags/example_branch_day_of_week_operator.py
[2024-02-07T08:52:54.723+0000] {processor.py:840} INFO - DAG(s) 'example_weekday_branch_operator' retrieved from /home/airflow/.local/lib/python3.8/site-packages/airflow/example_dags/example_branch_day_of_week_operator.py
[2024-02-07T08:52:54.750+0000] {logging_mixin.py:188} INFO - [2024-02-07T08:52:54.750+0000] {dag.py:3033} INFO - Sync 1 DAGs
[2024-02-07T08:52:54.778+0000] {logging_mixin.py:188} INFO - [2024-02-07T08:52:54.778+0000] {dag.py:3820} INFO - Setting next_dagrun for example_weekday_branch_operator to 2024-02-06T00:00:00+00:00, run_after=2024-02-07T00:00:00+00:00
[2024-02-07T08:52:54.801+0000] {processor.py:183} INFO - Processing /home/airflow/.local/lib/python3.8/site-packages/airflow/example_dags/example_branch_day_of_week_operator.py took 0.099 seconds
[2024-02-07T08:53:25.005+0000] {processor.py:161} INFO - Started process (PID=1541) to work on /home/airflow/.local/lib/python3.8/site-packages/airflow/example_dags/example_branch_day_of_week_operator.py
[2024-02-07T08:53:25.007+0000] {processor.py:830} INFO - Processing file /home/airflow/.local/lib/python3.8/site-packages/airflow/example_dags/example_branch_day_of_week_operator.py for tasks to queue
[2024-02-07T08:53:25.010+0000] {logging_mixin.py:188} INFO - [2024-02-07T08:53:25.010+0000] {dagbag.py:538} INFO - Filling up the DagBag from /home/airflow/.local/lib/python3.8/site-packages/airflow/example_dags/example_branch_day_of_week_operator.py
[2024-02-07T08:53:25.018+0000] {processor.py:840} INFO - DAG(s) 'example_weekday_branch_operator' retrieved from /home/airflow/.local/lib/python3.8/site-packages/airflow/example_dags/example_branch_day_of_week_operator.py
[2024-02-07T08:53:25.045+0000] {logging_mixin.py:188} INFO - [2024-02-07T08:53:25.045+0000] {dag.py:3033} INFO - Sync 1 DAGs
[2024-02-07T08:53:25.072+0000] {logging_mixin.py:188} INFO - [2024-02-07T08:53:25.072+0000] {dag.py:3820} INFO - Setting next_dagrun for example_weekday_branch_operator to 2024-02-06T00:00:00+00:00, run_after=2024-02-07T00:00:00+00:00
[2024-02-07T08:53:25.100+0000] {processor.py:183} INFO - Processing /home/airflow/.local/lib/python3.8/site-packages/airflow/example_dags/example_branch_day_of_week_operator.py took 0.099 seconds
[2024-02-07T08:53:55.230+0000] {processor.py:161} INFO - Started process (PID=1598) to work on /home/airflow/.local/lib/python3.8/site-packages/airflow/example_dags/example_branch_day_of_week_operator.py
[2024-02-07T08:53:55.232+0000] {processor.py:830} INFO - Processing file /home/airflow/.local/lib/python3.8/site-packages/airflow/example_dags/example_branch_day_of_week_operator.py for tasks to queue
[2024-02-07T08:53:55.234+0000] {logging_mixin.py:188} INFO - [2024-02-07T08:53:55.234+0000] {dagbag.py:538} INFO - Filling up the DagBag from /home/airflow/.local/lib/python3.8/site-packages/airflow/example_dags/example_branch_day_of_week_operator.py
[2024-02-07T08:53:55.244+0000] {processor.py:840} INFO - DAG(s) 'example_weekday_branch_operator' retrieved from /home/airflow/.local/lib/python3.8/site-packages/airflow/example_dags/example_branch_day_of_week_operator.py
[2024-02-07T08:53:55.274+0000] {logging_mixin.py:188} INFO - [2024-02-07T08:53:55.274+0000] {dag.py:3033} INFO - Sync 1 DAGs
[2024-02-07T08:53:55.300+0000] {logging_mixin.py:188} INFO - [2024-02-07T08:53:55.299+0000] {dag.py:3820} INFO - Setting next_dagrun for example_weekday_branch_operator to 2024-02-06T00:00:00+00:00, run_after=2024-02-07T00:00:00+00:00
[2024-02-07T08:53:55.332+0000] {processor.py:183} INFO - Processing /home/airflow/.local/lib/python3.8/site-packages/airflow/example_dags/example_branch_day_of_week_operator.py took 0.107 seconds
[2024-02-07T08:54:25.768+0000] {processor.py:161} INFO - Started process (PID=1655) to work on /home/airflow/.local/lib/python3.8/site-packages/airflow/example_dags/example_branch_day_of_week_operator.py
[2024-02-07T08:54:25.769+0000] {processor.py:830} INFO - Processing file /home/airflow/.local/lib/python3.8/site-packages/airflow/example_dags/example_branch_day_of_week_operator.py for tasks to queue
[2024-02-07T08:54:25.772+0000] {logging_mixin.py:188} INFO - [2024-02-07T08:54:25.772+0000] {dagbag.py:538} INFO - Filling up the DagBag from /home/airflow/.local/lib/python3.8/site-packages/airflow/example_dags/example_branch_day_of_week_operator.py
[2024-02-07T08:54:25.780+0000] {processor.py:840} INFO - DAG(s) 'example_weekday_branch_operator' retrieved from /home/airflow/.local/lib/python3.8/site-packages/airflow/example_dags/example_branch_day_of_week_operator.py
[2024-02-07T08:54:25.801+0000] {logging_mixin.py:188} INFO - [2024-02-07T08:54:25.800+0000] {dag.py:3033} INFO - Sync 1 DAGs
[2024-02-07T08:54:25.823+0000] {logging_mixin.py:188} INFO - [2024-02-07T08:54:25.823+0000] {dag.py:3820} INFO - Setting next_dagrun for example_weekday_branch_operator to 2024-02-06T00:00:00+00:00, run_after=2024-02-07T00:00:00+00:00
[2024-02-07T08:54:25.845+0000] {processor.py:183} INFO - Processing /home/airflow/.local/lib/python3.8/site-packages/airflow/example_dags/example_branch_day_of_week_operator.py took 0.081 seconds
[2024-02-07T08:54:56.117+0000] {processor.py:161} INFO - Started process (PID=1712) to work on /home/airflow/.local/lib/python3.8/site-packages/airflow/example_dags/example_branch_day_of_week_operator.py
[2024-02-07T08:54:56.120+0000] {processor.py:830} INFO - Processing file /home/airflow/.local/lib/python3.8/site-packages/airflow/example_dags/example_branch_day_of_week_operator.py for tasks to queue
[2024-02-07T08:54:56.129+0000] {logging_mixin.py:188} INFO - [2024-02-07T08:54:56.128+0000] {dagbag.py:538} INFO - Filling up the DagBag from /home/airflow/.local/lib/python3.8/site-packages/airflow/example_dags/example_branch_day_of_week_operator.py
[2024-02-07T08:54:56.150+0000] {processor.py:840} INFO - DAG(s) 'example_weekday_branch_operator' retrieved from /home/airflow/.local/lib/python3.8/site-packages/airflow/example_dags/example_branch_day_of_week_operator.py
[2024-02-07T08:54:56.195+0000] {logging_mixin.py:188} INFO - [2024-02-07T08:54:56.194+0000] {dag.py:3033} INFO - Sync 1 DAGs
[2024-02-07T08:54:56.242+0000] {logging_mixin.py:188} INFO - [2024-02-07T08:54:56.241+0000] {dag.py:3820} INFO - Setting next_dagrun for example_weekday_branch_operator to 2024-02-06T00:00:00+00:00, run_after=2024-02-07T00:00:00+00:00
[2024-02-07T08:54:56.293+0000] {processor.py:183} INFO - Processing /home/airflow/.local/lib/python3.8/site-packages/airflow/example_dags/example_branch_day_of_week_operator.py took 0.184 seconds
[2024-02-07T08:55:27.684+0000] {processor.py:161} INFO - Started process (PID=1769) to work on /home/airflow/.local/lib/python3.8/site-packages/airflow/example_dags/example_branch_day_of_week_operator.py
[2024-02-07T08:55:27.688+0000] {processor.py:830} INFO - Processing file /home/airflow/.local/lib/python3.8/site-packages/airflow/example_dags/example_branch_day_of_week_operator.py for tasks to queue
[2024-02-07T08:55:27.699+0000] {logging_mixin.py:188} INFO - [2024-02-07T08:55:27.697+0000] {dagbag.py:538} INFO - Filling up the DagBag from /home/airflow/.local/lib/python3.8/site-packages/airflow/example_dags/example_branch_day_of_week_operator.py
[2024-02-07T08:55:27.726+0000] {processor.py:840} INFO - DAG(s) 'example_weekday_branch_operator' retrieved from /home/airflow/.local/lib/python3.8/site-packages/airflow/example_dags/example_branch_day_of_week_operator.py
[2024-02-07T08:55:27.785+0000] {logging_mixin.py:188} INFO - [2024-02-07T08:55:27.785+0000] {dag.py:3033} INFO - Sync 1 DAGs
[2024-02-07T08:55:27.858+0000] {logging_mixin.py:188} INFO - [2024-02-07T08:55:27.858+0000] {dag.py:3820} INFO - Setting next_dagrun for example_weekday_branch_operator to 2024-02-06T00:00:00+00:00, run_after=2024-02-07T00:00:00+00:00
[2024-02-07T08:55:27.916+0000] {processor.py:183} INFO - Processing /home/airflow/.local/lib/python3.8/site-packages/airflow/example_dags/example_branch_day_of_week_operator.py took 0.242 seconds
[2024-02-07T08:56:03.558+0000] {processor.py:161} INFO - Started process (PID=1834) to work on /home/airflow/.local/lib/python3.8/site-packages/airflow/example_dags/example_branch_day_of_week_operator.py
[2024-02-07T08:56:03.561+0000] {processor.py:830} INFO - Processing file /home/airflow/.local/lib/python3.8/site-packages/airflow/example_dags/example_branch_day_of_week_operator.py for tasks to queue
[2024-02-07T08:56:03.579+0000] {logging_mixin.py:188} INFO - [2024-02-07T08:56:03.578+0000] {dagbag.py:538} INFO - Filling up the DagBag from /home/airflow/.local/lib/python3.8/site-packages/airflow/example_dags/example_branch_day_of_week_operator.py
[2024-02-07T08:56:03.672+0000] {processor.py:840} INFO - DAG(s) 'example_weekday_branch_operator' retrieved from /home/airflow/.local/lib/python3.8/site-packages/airflow/example_dags/example_branch_day_of_week_operator.py
[2024-02-07T08:56:03.828+0000] {logging_mixin.py:188} INFO - [2024-02-07T08:56:03.827+0000] {dag.py:3033} INFO - Sync 1 DAGs
[2024-02-07T08:56:04.082+0000] {logging_mixin.py:188} INFO - [2024-02-07T08:56:04.071+0000] {dag.py:3820} INFO - Setting next_dagrun for example_weekday_branch_operator to 2024-02-06T00:00:00+00:00, run_after=2024-02-07T00:00:00+00:00
[2024-02-07T08:56:04.247+0000] {processor.py:183} INFO - Processing /home/airflow/.local/lib/python3.8/site-packages/airflow/example_dags/example_branch_day_of_week_operator.py took 0.737 seconds
[2024-02-07T08:56:34.801+0000] {processor.py:161} INFO - Started process (PID=1890) to work on /home/airflow/.local/lib/python3.8/site-packages/airflow/example_dags/example_branch_day_of_week_operator.py
[2024-02-07T08:56:34.804+0000] {processor.py:830} INFO - Processing file /home/airflow/.local/lib/python3.8/site-packages/airflow/example_dags/example_branch_day_of_week_operator.py for tasks to queue
[2024-02-07T08:56:34.810+0000] {logging_mixin.py:188} INFO - [2024-02-07T08:56:34.810+0000] {dagbag.py:538} INFO - Filling up the DagBag from /home/airflow/.local/lib/python3.8/site-packages/airflow/example_dags/example_branch_day_of_week_operator.py
[2024-02-07T08:56:34.831+0000] {processor.py:840} INFO - DAG(s) 'example_weekday_branch_operator' retrieved from /home/airflow/.local/lib/python3.8/site-packages/airflow/example_dags/example_branch_day_of_week_operator.py
[2024-02-07T08:56:34.894+0000] {logging_mixin.py:188} INFO - [2024-02-07T08:56:34.893+0000] {dag.py:3033} INFO - Sync 1 DAGs
[2024-02-07T08:56:35.209+0000] {logging_mixin.py:188} INFO - [2024-02-07T08:56:35.209+0000] {dag.py:3820} INFO - Setting next_dagrun for example_weekday_branch_operator to 2024-02-06T00:00:00+00:00, run_after=2024-02-07T00:00:00+00:00
[2024-02-07T08:56:35.262+0000] {processor.py:183} INFO - Processing /home/airflow/.local/lib/python3.8/site-packages/airflow/example_dags/example_branch_day_of_week_operator.py took 0.468 seconds
[2024-02-07T08:57:05.960+0000] {processor.py:161} INFO - Started process (PID=1947) to work on /home/airflow/.local/lib/python3.8/site-packages/airflow/example_dags/example_branch_day_of_week_operator.py
[2024-02-07T08:57:05.962+0000] {processor.py:830} INFO - Processing file /home/airflow/.local/lib/python3.8/site-packages/airflow/example_dags/example_branch_day_of_week_operator.py for tasks to queue
[2024-02-07T08:57:05.967+0000] {logging_mixin.py:188} INFO - [2024-02-07T08:57:05.966+0000] {dagbag.py:538} INFO - Filling up the DagBag from /home/airflow/.local/lib/python3.8/site-packages/airflow/example_dags/example_branch_day_of_week_operator.py
[2024-02-07T08:57:05.981+0000] {processor.py:840} INFO - DAG(s) 'example_weekday_branch_operator' retrieved from /home/airflow/.local/lib/python3.8/site-packages/airflow/example_dags/example_branch_day_of_week_operator.py
[2024-02-07T08:57:06.024+0000] {logging_mixin.py:188} INFO - [2024-02-07T08:57:06.024+0000] {dag.py:3033} INFO - Sync 1 DAGs
[2024-02-07T08:57:06.269+0000] {logging_mixin.py:188} INFO - [2024-02-07T08:57:06.269+0000] {dag.py:3820} INFO - Setting next_dagrun for example_weekday_branch_operator to 2024-02-06T00:00:00+00:00, run_after=2024-02-07T00:00:00+00:00
[2024-02-07T08:57:06.312+0000] {processor.py:183} INFO - Processing /home/airflow/.local/lib/python3.8/site-packages/airflow/example_dags/example_branch_day_of_week_operator.py took 0.360 seconds
[2024-02-07T08:57:36.668+0000] {processor.py:161} INFO - Started process (PID=2005) to work on /home/airflow/.local/lib/python3.8/site-packages/airflow/example_dags/example_branch_day_of_week_operator.py
[2024-02-07T08:57:36.671+0000] {processor.py:830} INFO - Processing file /home/airflow/.local/lib/python3.8/site-packages/airflow/example_dags/example_branch_day_of_week_operator.py for tasks to queue
[2024-02-07T08:57:36.678+0000] {logging_mixin.py:188} INFO - [2024-02-07T08:57:36.677+0000] {dagbag.py:538} INFO - Filling up the DagBag from /home/airflow/.local/lib/python3.8/site-packages/airflow/example_dags/example_branch_day_of_week_operator.py
[2024-02-07T08:57:36.695+0000] {processor.py:840} INFO - DAG(s) 'example_weekday_branch_operator' retrieved from /home/airflow/.local/lib/python3.8/site-packages/airflow/example_dags/example_branch_day_of_week_operator.py
[2024-02-07T08:57:36.741+0000] {logging_mixin.py:188} INFO - [2024-02-07T08:57:36.740+0000] {dag.py:3033} INFO - Sync 1 DAGs
[2024-02-07T08:57:36.980+0000] {logging_mixin.py:188} INFO - [2024-02-07T08:57:36.979+0000] {dag.py:3820} INFO - Setting next_dagrun for example_weekday_branch_operator to 2024-02-06T00:00:00+00:00, run_after=2024-02-07T00:00:00+00:00
[2024-02-07T08:57:37.019+0000] {processor.py:183} INFO - Processing /home/airflow/.local/lib/python3.8/site-packages/airflow/example_dags/example_branch_day_of_week_operator.py took 0.361 seconds
[2024-02-07T08:58:07.284+0000] {processor.py:161} INFO - Started process (PID=2063) to work on /home/airflow/.local/lib/python3.8/site-packages/airflow/example_dags/example_branch_day_of_week_operator.py
[2024-02-07T08:58:07.287+0000] {processor.py:830} INFO - Processing file /home/airflow/.local/lib/python3.8/site-packages/airflow/example_dags/example_branch_day_of_week_operator.py for tasks to queue
[2024-02-07T08:58:07.291+0000] {logging_mixin.py:188} INFO - [2024-02-07T08:58:07.290+0000] {dagbag.py:538} INFO - Filling up the DagBag from /home/airflow/.local/lib/python3.8/site-packages/airflow/example_dags/example_branch_day_of_week_operator.py
[2024-02-07T08:58:07.307+0000] {processor.py:840} INFO - DAG(s) 'example_weekday_branch_operator' retrieved from /home/airflow/.local/lib/python3.8/site-packages/airflow/example_dags/example_branch_day_of_week_operator.py
[2024-02-07T08:58:07.345+0000] {logging_mixin.py:188} INFO - [2024-02-07T08:58:07.344+0000] {dag.py:3033} INFO - Sync 1 DAGs
[2024-02-07T08:58:07.579+0000] {logging_mixin.py:188} INFO - [2024-02-07T08:58:07.578+0000] {dag.py:3820} INFO - Setting next_dagrun for example_weekday_branch_operator to 2024-02-06T00:00:00+00:00, run_after=2024-02-07T00:00:00+00:00
[2024-02-07T08:58:07.619+0000] {processor.py:183} INFO - Processing /home/airflow/.local/lib/python3.8/site-packages/airflow/example_dags/example_branch_day_of_week_operator.py took 0.342 seconds
[2024-02-07T08:58:38.512+0000] {processor.py:161} INFO - Started process (PID=2120) to work on /home/airflow/.local/lib/python3.8/site-packages/airflow/example_dags/example_branch_day_of_week_operator.py
[2024-02-07T08:58:38.515+0000] {processor.py:830} INFO - Processing file /home/airflow/.local/lib/python3.8/site-packages/airflow/example_dags/example_branch_day_of_week_operator.py for tasks to queue
[2024-02-07T08:58:38.522+0000] {logging_mixin.py:188} INFO - [2024-02-07T08:58:38.521+0000] {dagbag.py:538} INFO - Filling up the DagBag from /home/airflow/.local/lib/python3.8/site-packages/airflow/example_dags/example_branch_day_of_week_operator.py
[2024-02-07T08:58:38.541+0000] {processor.py:840} INFO - DAG(s) 'example_weekday_branch_operator' retrieved from /home/airflow/.local/lib/python3.8/site-packages/airflow/example_dags/example_branch_day_of_week_operator.py
[2024-02-07T08:58:38.597+0000] {logging_mixin.py:188} INFO - [2024-02-07T08:58:38.597+0000] {dag.py:3033} INFO - Sync 1 DAGs
[2024-02-07T08:58:38.873+0000] {logging_mixin.py:188} INFO - [2024-02-07T08:58:38.873+0000] {dag.py:3820} INFO - Setting next_dagrun for example_weekday_branch_operator to 2024-02-06T00:00:00+00:00, run_after=2024-02-07T00:00:00+00:00
[2024-02-07T08:58:38.923+0000] {processor.py:183} INFO - Processing /home/airflow/.local/lib/python3.8/site-packages/airflow/example_dags/example_branch_day_of_week_operator.py took 0.419 seconds
[2024-02-07T08:59:09.299+0000] {processor.py:161} INFO - Started process (PID=2178) to work on /home/airflow/.local/lib/python3.8/site-packages/airflow/example_dags/example_branch_day_of_week_operator.py
[2024-02-07T08:59:09.307+0000] {processor.py:830} INFO - Processing file /home/airflow/.local/lib/python3.8/site-packages/airflow/example_dags/example_branch_day_of_week_operator.py for tasks to queue
[2024-02-07T08:59:09.320+0000] {logging_mixin.py:188} INFO - [2024-02-07T08:59:09.319+0000] {dagbag.py:538} INFO - Filling up the DagBag from /home/airflow/.local/lib/python3.8/site-packages/airflow/example_dags/example_branch_day_of_week_operator.py
[2024-02-07T08:59:09.377+0000] {processor.py:840} INFO - DAG(s) 'example_weekday_branch_operator' retrieved from /home/airflow/.local/lib/python3.8/site-packages/airflow/example_dags/example_branch_day_of_week_operator.py
[2024-02-07T08:59:09.491+0000] {logging_mixin.py:188} INFO - [2024-02-07T08:59:09.490+0000] {dag.py:3033} INFO - Sync 1 DAGs
[2024-02-07T08:59:09.614+0000] {logging_mixin.py:188} INFO - [2024-02-07T08:59:09.613+0000] {dag.py:3820} INFO - Setting next_dagrun for example_weekday_branch_operator to 2024-02-06T00:00:00+00:00, run_after=2024-02-07T00:00:00+00:00
[2024-02-07T08:59:09.743+0000] {processor.py:183} INFO - Processing /home/airflow/.local/lib/python3.8/site-packages/airflow/example_dags/example_branch_day_of_week_operator.py took 0.459 seconds
[2024-02-07T08:59:39.978+0000] {processor.py:161} INFO - Started process (PID=2235) to work on /home/airflow/.local/lib/python3.8/site-packages/airflow/example_dags/example_branch_day_of_week_operator.py
[2024-02-07T08:59:39.979+0000] {processor.py:830} INFO - Processing file /home/airflow/.local/lib/python3.8/site-packages/airflow/example_dags/example_branch_day_of_week_operator.py for tasks to queue
[2024-02-07T08:59:39.981+0000] {logging_mixin.py:188} INFO - [2024-02-07T08:59:39.981+0000] {dagbag.py:538} INFO - Filling up the DagBag from /home/airflow/.local/lib/python3.8/site-packages/airflow/example_dags/example_branch_day_of_week_operator.py
[2024-02-07T08:59:39.990+0000] {processor.py:840} INFO - DAG(s) 'example_weekday_branch_operator' retrieved from /home/airflow/.local/lib/python3.8/site-packages/airflow/example_dags/example_branch_day_of_week_operator.py
[2024-02-07T08:59:40.016+0000] {logging_mixin.py:188} INFO - [2024-02-07T08:59:40.016+0000] {dag.py:3033} INFO - Sync 1 DAGs
[2024-02-07T08:59:40.043+0000] {logging_mixin.py:188} INFO - [2024-02-07T08:59:40.043+0000] {dag.py:3820} INFO - Setting next_dagrun for example_weekday_branch_operator to 2024-02-06T00:00:00+00:00, run_after=2024-02-07T00:00:00+00:00
[2024-02-07T08:59:40.068+0000] {processor.py:183} INFO - Processing /home/airflow/.local/lib/python3.8/site-packages/airflow/example_dags/example_branch_day_of_week_operator.py took 0.093 seconds
[2024-02-07T09:00:10.298+0000] {processor.py:161} INFO - Started process (PID=2292) to work on /home/airflow/.local/lib/python3.8/site-packages/airflow/example_dags/example_branch_day_of_week_operator.py
[2024-02-07T09:00:10.299+0000] {processor.py:830} INFO - Processing file /home/airflow/.local/lib/python3.8/site-packages/airflow/example_dags/example_branch_day_of_week_operator.py for tasks to queue
[2024-02-07T09:00:10.302+0000] {logging_mixin.py:188} INFO - [2024-02-07T09:00:10.301+0000] {dagbag.py:538} INFO - Filling up the DagBag from /home/airflow/.local/lib/python3.8/site-packages/airflow/example_dags/example_branch_day_of_week_operator.py
[2024-02-07T09:00:10.314+0000] {processor.py:840} INFO - DAG(s) 'example_weekday_branch_operator' retrieved from /home/airflow/.local/lib/python3.8/site-packages/airflow/example_dags/example_branch_day_of_week_operator.py
[2024-02-07T09:00:10.352+0000] {logging_mixin.py:188} INFO - [2024-02-07T09:00:10.351+0000] {dag.py:3033} INFO - Sync 1 DAGs
[2024-02-07T09:00:10.384+0000] {logging_mixin.py:188} INFO - [2024-02-07T09:00:10.384+0000] {dag.py:3820} INFO - Setting next_dagrun for example_weekday_branch_operator to 2024-02-06T00:00:00+00:00, run_after=2024-02-07T00:00:00+00:00
[2024-02-07T09:00:10.412+0000] {processor.py:183} INFO - Processing /home/airflow/.local/lib/python3.8/site-packages/airflow/example_dags/example_branch_day_of_week_operator.py took 0.117 seconds
[2024-02-07T09:00:40.567+0000] {processor.py:161} INFO - Started process (PID=2349) to work on /home/airflow/.local/lib/python3.8/site-packages/airflow/example_dags/example_branch_day_of_week_operator.py
[2024-02-07T09:00:40.568+0000] {processor.py:830} INFO - Processing file /home/airflow/.local/lib/python3.8/site-packages/airflow/example_dags/example_branch_day_of_week_operator.py for tasks to queue
[2024-02-07T09:00:40.571+0000] {logging_mixin.py:188} INFO - [2024-02-07T09:00:40.571+0000] {dagbag.py:538} INFO - Filling up the DagBag from /home/airflow/.local/lib/python3.8/site-packages/airflow/example_dags/example_branch_day_of_week_operator.py
[2024-02-07T09:00:40.578+0000] {processor.py:840} INFO - DAG(s) 'example_weekday_branch_operator' retrieved from /home/airflow/.local/lib/python3.8/site-packages/airflow/example_dags/example_branch_day_of_week_operator.py
[2024-02-07T09:00:40.605+0000] {logging_mixin.py:188} INFO - [2024-02-07T09:00:40.605+0000] {dag.py:3033} INFO - Sync 1 DAGs
[2024-02-07T09:00:40.631+0000] {logging_mixin.py:188} INFO - [2024-02-07T09:00:40.631+0000] {dag.py:3820} INFO - Setting next_dagrun for example_weekday_branch_operator to 2024-02-06T00:00:00+00:00, run_after=2024-02-07T00:00:00+00:00
[2024-02-07T09:00:40.655+0000] {processor.py:183} INFO - Processing /home/airflow/.local/lib/python3.8/site-packages/airflow/example_dags/example_branch_day_of_week_operator.py took 0.093 seconds
[2024-02-07T09:01:10.970+0000] {processor.py:161} INFO - Started process (PID=2405) to work on /home/airflow/.local/lib/python3.8/site-packages/airflow/example_dags/example_branch_day_of_week_operator.py
[2024-02-07T09:01:10.971+0000] {processor.py:830} INFO - Processing file /home/airflow/.local/lib/python3.8/site-packages/airflow/example_dags/example_branch_day_of_week_operator.py for tasks to queue
[2024-02-07T09:01:10.974+0000] {logging_mixin.py:188} INFO - [2024-02-07T09:01:10.973+0000] {dagbag.py:538} INFO - Filling up the DagBag from /home/airflow/.local/lib/python3.8/site-packages/airflow/example_dags/example_branch_day_of_week_operator.py
[2024-02-07T09:01:10.981+0000] {processor.py:840} INFO - DAG(s) 'example_weekday_branch_operator' retrieved from /home/airflow/.local/lib/python3.8/site-packages/airflow/example_dags/example_branch_day_of_week_operator.py
[2024-02-07T09:01:11.005+0000] {logging_mixin.py:188} INFO - [2024-02-07T09:01:11.005+0000] {dag.py:3033} INFO - Sync 1 DAGs
[2024-02-07T09:01:11.030+0000] {logging_mixin.py:188} INFO - [2024-02-07T09:01:11.030+0000] {dag.py:3820} INFO - Setting next_dagrun for example_weekday_branch_operator to 2024-02-06T00:00:00+00:00, run_after=2024-02-07T00:00:00+00:00
[2024-02-07T09:01:11.056+0000] {processor.py:183} INFO - Processing /home/airflow/.local/lib/python3.8/site-packages/airflow/example_dags/example_branch_day_of_week_operator.py took 0.090 seconds
[2024-02-07T09:01:41.616+0000] {processor.py:161} INFO - Started process (PID=2462) to work on /home/airflow/.local/lib/python3.8/site-packages/airflow/example_dags/example_branch_day_of_week_operator.py
[2024-02-07T09:01:41.618+0000] {processor.py:830} INFO - Processing file /home/airflow/.local/lib/python3.8/site-packages/airflow/example_dags/example_branch_day_of_week_operator.py for tasks to queue
[2024-02-07T09:01:41.623+0000] {logging_mixin.py:188} INFO - [2024-02-07T09:01:41.623+0000] {dagbag.py:538} INFO - Filling up the DagBag from /home/airflow/.local/lib/python3.8/site-packages/airflow/example_dags/example_branch_day_of_week_operator.py
[2024-02-07T09:01:41.636+0000] {processor.py:840} INFO - DAG(s) 'example_weekday_branch_operator' retrieved from /home/airflow/.local/lib/python3.8/site-packages/airflow/example_dags/example_branch_day_of_week_operator.py
[2024-02-07T09:01:41.662+0000] {logging_mixin.py:188} INFO - [2024-02-07T09:01:41.662+0000] {dag.py:3033} INFO - Sync 1 DAGs
[2024-02-07T09:01:41.692+0000] {logging_mixin.py:188} INFO - [2024-02-07T09:01:41.691+0000] {dag.py:3820} INFO - Setting next_dagrun for example_weekday_branch_operator to 2024-02-06T00:00:00+00:00, run_after=2024-02-07T00:00:00+00:00
[2024-02-07T09:01:41.714+0000] {processor.py:183} INFO - Processing /home/airflow/.local/lib/python3.8/site-packages/airflow/example_dags/example_branch_day_of_week_operator.py took 0.102 seconds
[2024-02-07T09:02:11.968+0000] {processor.py:161} INFO - Started process (PID=2520) to work on /home/airflow/.local/lib/python3.8/site-packages/airflow/example_dags/example_branch_day_of_week_operator.py
[2024-02-07T09:02:11.969+0000] {processor.py:830} INFO - Processing file /home/airflow/.local/lib/python3.8/site-packages/airflow/example_dags/example_branch_day_of_week_operator.py for tasks to queue
[2024-02-07T09:02:11.972+0000] {logging_mixin.py:188} INFO - [2024-02-07T09:02:11.972+0000] {dagbag.py:538} INFO - Filling up the DagBag from /home/airflow/.local/lib/python3.8/site-packages/airflow/example_dags/example_branch_day_of_week_operator.py
[2024-02-07T09:02:11.981+0000] {processor.py:840} INFO - DAG(s) 'example_weekday_branch_operator' retrieved from /home/airflow/.local/lib/python3.8/site-packages/airflow/example_dags/example_branch_day_of_week_operator.py
[2024-02-07T09:02:12.006+0000] {logging_mixin.py:188} INFO - [2024-02-07T09:02:12.005+0000] {dag.py:3033} INFO - Sync 1 DAGs
[2024-02-07T09:02:12.027+0000] {logging_mixin.py:188} INFO - [2024-02-07T09:02:12.026+0000] {dag.py:3820} INFO - Setting next_dagrun for example_weekday_branch_operator to 2024-02-06T00:00:00+00:00, run_after=2024-02-07T00:00:00+00:00
[2024-02-07T09:02:12.049+0000] {processor.py:183} INFO - Processing /home/airflow/.local/lib/python3.8/site-packages/airflow/example_dags/example_branch_day_of_week_operator.py took 0.084 seconds
[2024-02-07T09:02:42.604+0000] {processor.py:161} INFO - Started process (PID=2577) to work on /home/airflow/.local/lib/python3.8/site-packages/airflow/example_dags/example_branch_day_of_week_operator.py
[2024-02-07T09:02:42.604+0000] {processor.py:830} INFO - Processing file /home/airflow/.local/lib/python3.8/site-packages/airflow/example_dags/example_branch_day_of_week_operator.py for tasks to queue
[2024-02-07T09:02:42.607+0000] {logging_mixin.py:188} INFO - [2024-02-07T09:02:42.607+0000] {dagbag.py:538} INFO - Filling up the DagBag from /home/airflow/.local/lib/python3.8/site-packages/airflow/example_dags/example_branch_day_of_week_operator.py
[2024-02-07T09:02:42.614+0000] {processor.py:840} INFO - DAG(s) 'example_weekday_branch_operator' retrieved from /home/airflow/.local/lib/python3.8/site-packages/airflow/example_dags/example_branch_day_of_week_operator.py
[2024-02-07T09:02:42.637+0000] {logging_mixin.py:188} INFO - [2024-02-07T09:02:42.636+0000] {dag.py:3033} INFO - Sync 1 DAGs
[2024-02-07T09:02:42.657+0000] {logging_mixin.py:188} INFO - [2024-02-07T09:02:42.657+0000] {dag.py:3820} INFO - Setting next_dagrun for example_weekday_branch_operator to 2024-02-06T00:00:00+00:00, run_after=2024-02-07T00:00:00+00:00
[2024-02-07T09:02:42.684+0000] {processor.py:183} INFO - Processing /home/airflow/.local/lib/python3.8/site-packages/airflow/example_dags/example_branch_day_of_week_operator.py took 0.083 seconds
[2024-02-07T09:03:12.806+0000] {processor.py:161} INFO - Started process (PID=2634) to work on /home/airflow/.local/lib/python3.8/site-packages/airflow/example_dags/example_branch_day_of_week_operator.py
[2024-02-07T09:03:12.808+0000] {processor.py:830} INFO - Processing file /home/airflow/.local/lib/python3.8/site-packages/airflow/example_dags/example_branch_day_of_week_operator.py for tasks to queue
[2024-02-07T09:03:12.811+0000] {logging_mixin.py:188} INFO - [2024-02-07T09:03:12.811+0000] {dagbag.py:538} INFO - Filling up the DagBag from /home/airflow/.local/lib/python3.8/site-packages/airflow/example_dags/example_branch_day_of_week_operator.py
[2024-02-07T09:03:12.820+0000] {processor.py:840} INFO - DAG(s) 'example_weekday_branch_operator' retrieved from /home/airflow/.local/lib/python3.8/site-packages/airflow/example_dags/example_branch_day_of_week_operator.py
[2024-02-07T09:03:12.844+0000] {logging_mixin.py:188} INFO - [2024-02-07T09:03:12.844+0000] {dag.py:3033} INFO - Sync 1 DAGs
[2024-02-07T09:03:12.871+0000] {logging_mixin.py:188} INFO - [2024-02-07T09:03:12.871+0000] {dag.py:3820} INFO - Setting next_dagrun for example_weekday_branch_operator to 2024-02-06T00:00:00+00:00, run_after=2024-02-07T00:00:00+00:00
[2024-02-07T09:03:12.898+0000] {processor.py:183} INFO - Processing /home/airflow/.local/lib/python3.8/site-packages/airflow/example_dags/example_branch_day_of_week_operator.py took 0.096 seconds
[2024-02-07T09:03:43.585+0000] {processor.py:161} INFO - Started process (PID=2691) to work on /home/airflow/.local/lib/python3.8/site-packages/airflow/example_dags/example_branch_day_of_week_operator.py
[2024-02-07T09:03:43.587+0000] {processor.py:830} INFO - Processing file /home/airflow/.local/lib/python3.8/site-packages/airflow/example_dags/example_branch_day_of_week_operator.py for tasks to queue
[2024-02-07T09:03:43.590+0000] {logging_mixin.py:188} INFO - [2024-02-07T09:03:43.590+0000] {dagbag.py:538} INFO - Filling up the DagBag from /home/airflow/.local/lib/python3.8/site-packages/airflow/example_dags/example_branch_day_of_week_operator.py
[2024-02-07T09:03:43.599+0000] {processor.py:840} INFO - DAG(s) 'example_weekday_branch_operator' retrieved from /home/airflow/.local/lib/python3.8/site-packages/airflow/example_dags/example_branch_day_of_week_operator.py
[2024-02-07T09:03:43.626+0000] {logging_mixin.py:188} INFO - [2024-02-07T09:03:43.626+0000] {dag.py:3033} INFO - Sync 1 DAGs
[2024-02-07T09:03:43.651+0000] {logging_mixin.py:188} INFO - [2024-02-07T09:03:43.651+0000] {dag.py:3820} INFO - Setting next_dagrun for example_weekday_branch_operator to 2024-02-06T00:00:00+00:00, run_after=2024-02-07T00:00:00+00:00
[2024-02-07T09:03:43.676+0000] {processor.py:183} INFO - Processing /home/airflow/.local/lib/python3.8/site-packages/airflow/example_dags/example_branch_day_of_week_operator.py took 0.095 seconds
[2024-02-07T09:04:14.083+0000] {processor.py:161} INFO - Started process (PID=2748) to work on /home/airflow/.local/lib/python3.8/site-packages/airflow/example_dags/example_branch_day_of_week_operator.py
[2024-02-07T09:04:14.085+0000] {processor.py:830} INFO - Processing file /home/airflow/.local/lib/python3.8/site-packages/airflow/example_dags/example_branch_day_of_week_operator.py for tasks to queue
[2024-02-07T09:04:14.090+0000] {logging_mixin.py:188} INFO - [2024-02-07T09:04:14.089+0000] {dagbag.py:538} INFO - Filling up the DagBag from /home/airflow/.local/lib/python3.8/site-packages/airflow/example_dags/example_branch_day_of_week_operator.py
[2024-02-07T09:04:14.100+0000] {processor.py:840} INFO - DAG(s) 'example_weekday_branch_operator' retrieved from /home/airflow/.local/lib/python3.8/site-packages/airflow/example_dags/example_branch_day_of_week_operator.py
[2024-02-07T09:04:14.134+0000] {logging_mixin.py:188} INFO - [2024-02-07T09:04:14.133+0000] {dag.py:3033} INFO - Sync 1 DAGs
[2024-02-07T09:04:14.161+0000] {logging_mixin.py:188} INFO - [2024-02-07T09:04:14.160+0000] {dag.py:3820} INFO - Setting next_dagrun for example_weekday_branch_operator to 2024-02-06T00:00:00+00:00, run_after=2024-02-07T00:00:00+00:00
[2024-02-07T09:04:14.189+0000] {processor.py:183} INFO - Processing /home/airflow/.local/lib/python3.8/site-packages/airflow/example_dags/example_branch_day_of_week_operator.py took 0.109 seconds
[2024-02-07T09:04:44.445+0000] {processor.py:161} INFO - Started process (PID=2805) to work on /home/airflow/.local/lib/python3.8/site-packages/airflow/example_dags/example_branch_day_of_week_operator.py
[2024-02-07T09:04:44.446+0000] {processor.py:830} INFO - Processing file /home/airflow/.local/lib/python3.8/site-packages/airflow/example_dags/example_branch_day_of_week_operator.py for tasks to queue
[2024-02-07T09:04:44.449+0000] {logging_mixin.py:188} INFO - [2024-02-07T09:04:44.449+0000] {dagbag.py:538} INFO - Filling up the DagBag from /home/airflow/.local/lib/python3.8/site-packages/airflow/example_dags/example_branch_day_of_week_operator.py
[2024-02-07T09:04:44.457+0000] {processor.py:840} INFO - DAG(s) 'example_weekday_branch_operator' retrieved from /home/airflow/.local/lib/python3.8/site-packages/airflow/example_dags/example_branch_day_of_week_operator.py
[2024-02-07T09:04:44.480+0000] {logging_mixin.py:188} INFO - [2024-02-07T09:04:44.480+0000] {dag.py:3033} INFO - Sync 1 DAGs
[2024-02-07T09:04:44.505+0000] {logging_mixin.py:188} INFO - [2024-02-07T09:04:44.505+0000] {dag.py:3820} INFO - Setting next_dagrun for example_weekday_branch_operator to 2024-02-06T00:00:00+00:00, run_after=2024-02-07T00:00:00+00:00
[2024-02-07T09:04:44.528+0000] {processor.py:183} INFO - Processing /home/airflow/.local/lib/python3.8/site-packages/airflow/example_dags/example_branch_day_of_week_operator.py took 0.087 seconds
[2024-02-07T09:05:14.722+0000] {processor.py:161} INFO - Started process (PID=2862) to work on /home/airflow/.local/lib/python3.8/site-packages/airflow/example_dags/example_branch_day_of_week_operator.py
[2024-02-07T09:05:14.723+0000] {processor.py:830} INFO - Processing file /home/airflow/.local/lib/python3.8/site-packages/airflow/example_dags/example_branch_day_of_week_operator.py for tasks to queue
[2024-02-07T09:05:14.726+0000] {logging_mixin.py:188} INFO - [2024-02-07T09:05:14.726+0000] {dagbag.py:538} INFO - Filling up the DagBag from /home/airflow/.local/lib/python3.8/site-packages/airflow/example_dags/example_branch_day_of_week_operator.py
[2024-02-07T09:05:14.734+0000] {processor.py:840} INFO - DAG(s) 'example_weekday_branch_operator' retrieved from /home/airflow/.local/lib/python3.8/site-packages/airflow/example_dags/example_branch_day_of_week_operator.py
[2024-02-07T09:05:14.754+0000] {logging_mixin.py:188} INFO - [2024-02-07T09:05:14.754+0000] {dag.py:3033} INFO - Sync 1 DAGs
[2024-02-07T09:05:14.779+0000] {logging_mixin.py:188} INFO - [2024-02-07T09:05:14.779+0000] {dag.py:3820} INFO - Setting next_dagrun for example_weekday_branch_operator to 2024-02-06T00:00:00+00:00, run_after=2024-02-07T00:00:00+00:00
[2024-02-07T09:05:14.802+0000] {processor.py:183} INFO - Processing /home/airflow/.local/lib/python3.8/site-packages/airflow/example_dags/example_branch_day_of_week_operator.py took 0.083 seconds
[2024-02-07T09:05:45.232+0000] {processor.py:161} INFO - Started process (PID=2919) to work on /home/airflow/.local/lib/python3.8/site-packages/airflow/example_dags/example_branch_day_of_week_operator.py
[2024-02-07T09:05:45.234+0000] {processor.py:830} INFO - Processing file /home/airflow/.local/lib/python3.8/site-packages/airflow/example_dags/example_branch_day_of_week_operator.py for tasks to queue
[2024-02-07T09:05:45.237+0000] {logging_mixin.py:188} INFO - [2024-02-07T09:05:45.236+0000] {dagbag.py:538} INFO - Filling up the DagBag from /home/airflow/.local/lib/python3.8/site-packages/airflow/example_dags/example_branch_day_of_week_operator.py
[2024-02-07T09:05:45.244+0000] {processor.py:840} INFO - DAG(s) 'example_weekday_branch_operator' retrieved from /home/airflow/.local/lib/python3.8/site-packages/airflow/example_dags/example_branch_day_of_week_operator.py
[2024-02-07T09:05:45.266+0000] {logging_mixin.py:188} INFO - [2024-02-07T09:05:45.266+0000] {dag.py:3033} INFO - Sync 1 DAGs
[2024-02-07T09:05:45.288+0000] {logging_mixin.py:188} INFO - [2024-02-07T09:05:45.288+0000] {dag.py:3820} INFO - Setting next_dagrun for example_weekday_branch_operator to 2024-02-06T00:00:00+00:00, run_after=2024-02-07T00:00:00+00:00
[2024-02-07T09:05:45.311+0000] {processor.py:183} INFO - Processing /home/airflow/.local/lib/python3.8/site-packages/airflow/example_dags/example_branch_day_of_week_operator.py took 0.082 seconds
[2024-02-07T09:06:15.552+0000] {processor.py:161} INFO - Started process (PID=2977) to work on /home/airflow/.local/lib/python3.8/site-packages/airflow/example_dags/example_branch_day_of_week_operator.py
[2024-02-07T09:06:15.553+0000] {processor.py:830} INFO - Processing file /home/airflow/.local/lib/python3.8/site-packages/airflow/example_dags/example_branch_day_of_week_operator.py for tasks to queue
[2024-02-07T09:06:15.556+0000] {logging_mixin.py:188} INFO - [2024-02-07T09:06:15.556+0000] {dagbag.py:538} INFO - Filling up the DagBag from /home/airflow/.local/lib/python3.8/site-packages/airflow/example_dags/example_branch_day_of_week_operator.py
[2024-02-07T09:06:15.563+0000] {processor.py:840} INFO - DAG(s) 'example_weekday_branch_operator' retrieved from /home/airflow/.local/lib/python3.8/site-packages/airflow/example_dags/example_branch_day_of_week_operator.py
[2024-02-07T09:06:15.587+0000] {logging_mixin.py:188} INFO - [2024-02-07T09:06:15.587+0000] {dag.py:3033} INFO - Sync 1 DAGs
[2024-02-07T09:06:15.611+0000] {logging_mixin.py:188} INFO - [2024-02-07T09:06:15.611+0000] {dag.py:3820} INFO - Setting next_dagrun for example_weekday_branch_operator to 2024-02-06T00:00:00+00:00, run_after=2024-02-07T00:00:00+00:00
[2024-02-07T09:06:15.635+0000] {processor.py:183} INFO - Processing /home/airflow/.local/lib/python3.8/site-packages/airflow/example_dags/example_branch_day_of_week_operator.py took 0.086 seconds
[2024-02-07T09:06:46.098+0000] {processor.py:161} INFO - Started process (PID=3033) to work on /home/airflow/.local/lib/python3.8/site-packages/airflow/example_dags/example_branch_day_of_week_operator.py
[2024-02-07T09:06:46.099+0000] {processor.py:830} INFO - Processing file /home/airflow/.local/lib/python3.8/site-packages/airflow/example_dags/example_branch_day_of_week_operator.py for tasks to queue
[2024-02-07T09:06:46.102+0000] {logging_mixin.py:188} INFO - [2024-02-07T09:06:46.102+0000] {dagbag.py:538} INFO - Filling up the DagBag from /home/airflow/.local/lib/python3.8/site-packages/airflow/example_dags/example_branch_day_of_week_operator.py
[2024-02-07T09:06:46.111+0000] {processor.py:840} INFO - DAG(s) 'example_weekday_branch_operator' retrieved from /home/airflow/.local/lib/python3.8/site-packages/airflow/example_dags/example_branch_day_of_week_operator.py
[2024-02-07T09:06:46.139+0000] {logging_mixin.py:188} INFO - [2024-02-07T09:06:46.139+0000] {dag.py:3033} INFO - Sync 1 DAGs
[2024-02-07T09:06:46.164+0000] {logging_mixin.py:188} INFO - [2024-02-07T09:06:46.164+0000] {dag.py:3820} INFO - Setting next_dagrun for example_weekday_branch_operator to 2024-02-06T00:00:00+00:00, run_after=2024-02-07T00:00:00+00:00
[2024-02-07T09:06:46.189+0000] {processor.py:183} INFO - Processing /home/airflow/.local/lib/python3.8/site-packages/airflow/example_dags/example_branch_day_of_week_operator.py took 0.094 seconds
[2024-02-07T09:07:16.451+0000] {processor.py:161} INFO - Started process (PID=3090) to work on /home/airflow/.local/lib/python3.8/site-packages/airflow/example_dags/example_branch_day_of_week_operator.py
[2024-02-07T09:07:16.452+0000] {processor.py:830} INFO - Processing file /home/airflow/.local/lib/python3.8/site-packages/airflow/example_dags/example_branch_day_of_week_operator.py for tasks to queue
[2024-02-07T09:07:16.455+0000] {logging_mixin.py:188} INFO - [2024-02-07T09:07:16.455+0000] {dagbag.py:538} INFO - Filling up the DagBag from /home/airflow/.local/lib/python3.8/site-packages/airflow/example_dags/example_branch_day_of_week_operator.py
[2024-02-07T09:07:16.462+0000] {processor.py:840} INFO - DAG(s) 'example_weekday_branch_operator' retrieved from /home/airflow/.local/lib/python3.8/site-packages/airflow/example_dags/example_branch_day_of_week_operator.py
[2024-02-07T09:07:16.485+0000] {logging_mixin.py:188} INFO - [2024-02-07T09:07:16.485+0000] {dag.py:3033} INFO - Sync 1 DAGs
[2024-02-07T09:07:16.507+0000] {logging_mixin.py:188} INFO - [2024-02-07T09:07:16.506+0000] {dag.py:3820} INFO - Setting next_dagrun for example_weekday_branch_operator to 2024-02-06T00:00:00+00:00, run_after=2024-02-07T00:00:00+00:00
[2024-02-07T09:07:16.529+0000] {processor.py:183} INFO - Processing /home/airflow/.local/lib/python3.8/site-packages/airflow/example_dags/example_branch_day_of_week_operator.py took 0.081 seconds
[2024-02-07T09:07:47.026+0000] {processor.py:161} INFO - Started process (PID=3147) to work on /home/airflow/.local/lib/python3.8/site-packages/airflow/example_dags/example_branch_day_of_week_operator.py
[2024-02-07T09:07:47.027+0000] {processor.py:830} INFO - Processing file /home/airflow/.local/lib/python3.8/site-packages/airflow/example_dags/example_branch_day_of_week_operator.py for tasks to queue
[2024-02-07T09:07:47.030+0000] {logging_mixin.py:188} INFO - [2024-02-07T09:07:47.030+0000] {dagbag.py:538} INFO - Filling up the DagBag from /home/airflow/.local/lib/python3.8/site-packages/airflow/example_dags/example_branch_day_of_week_operator.py
[2024-02-07T09:07:47.037+0000] {processor.py:840} INFO - DAG(s) 'example_weekday_branch_operator' retrieved from /home/airflow/.local/lib/python3.8/site-packages/airflow/example_dags/example_branch_day_of_week_operator.py
[2024-02-07T09:07:47.059+0000] {logging_mixin.py:188} INFO - [2024-02-07T09:07:47.059+0000] {dag.py:3033} INFO - Sync 1 DAGs
[2024-02-07T09:07:47.080+0000] {logging_mixin.py:188} INFO - [2024-02-07T09:07:47.080+0000] {dag.py:3820} INFO - Setting next_dagrun for example_weekday_branch_operator to 2024-02-06T00:00:00+00:00, run_after=2024-02-07T00:00:00+00:00
[2024-02-07T09:07:47.101+0000] {processor.py:183} INFO - Processing /home/airflow/.local/lib/python3.8/site-packages/airflow/example_dags/example_branch_day_of_week_operator.py took 0.079 seconds
[2024-02-07T09:08:17.424+0000] {processor.py:161} INFO - Started process (PID=3204) to work on /home/airflow/.local/lib/python3.8/site-packages/airflow/example_dags/example_branch_day_of_week_operator.py
[2024-02-07T09:08:17.425+0000] {processor.py:830} INFO - Processing file /home/airflow/.local/lib/python3.8/site-packages/airflow/example_dags/example_branch_day_of_week_operator.py for tasks to queue
[2024-02-07T09:08:17.428+0000] {logging_mixin.py:188} INFO - [2024-02-07T09:08:17.427+0000] {dagbag.py:538} INFO - Filling up the DagBag from /home/airflow/.local/lib/python3.8/site-packages/airflow/example_dags/example_branch_day_of_week_operator.py
[2024-02-07T09:08:17.434+0000] {processor.py:840} INFO - DAG(s) 'example_weekday_branch_operator' retrieved from /home/airflow/.local/lib/python3.8/site-packages/airflow/example_dags/example_branch_day_of_week_operator.py
[2024-02-07T09:08:17.454+0000] {logging_mixin.py:188} INFO - [2024-02-07T09:08:17.454+0000] {dag.py:3033} INFO - Sync 1 DAGs
[2024-02-07T09:08:17.475+0000] {logging_mixin.py:188} INFO - [2024-02-07T09:08:17.475+0000] {dag.py:3820} INFO - Setting next_dagrun for example_weekday_branch_operator to 2024-02-06T00:00:00+00:00, run_after=2024-02-07T00:00:00+00:00
[2024-02-07T09:08:17.493+0000] {processor.py:183} INFO - Processing /home/airflow/.local/lib/python3.8/site-packages/airflow/example_dags/example_branch_day_of_week_operator.py took 0.072 seconds
[2024-02-07T09:08:47.792+0000] {processor.py:161} INFO - Started process (PID=3261) to work on /home/airflow/.local/lib/python3.8/site-packages/airflow/example_dags/example_branch_day_of_week_operator.py
[2024-02-07T09:08:47.793+0000] {processor.py:830} INFO - Processing file /home/airflow/.local/lib/python3.8/site-packages/airflow/example_dags/example_branch_day_of_week_operator.py for tasks to queue
[2024-02-07T09:08:47.797+0000] {logging_mixin.py:188} INFO - [2024-02-07T09:08:47.796+0000] {dagbag.py:538} INFO - Filling up the DagBag from /home/airflow/.local/lib/python3.8/site-packages/airflow/example_dags/example_branch_day_of_week_operator.py
[2024-02-07T09:08:47.806+0000] {processor.py:840} INFO - DAG(s) 'example_weekday_branch_operator' retrieved from /home/airflow/.local/lib/python3.8/site-packages/airflow/example_dags/example_branch_day_of_week_operator.py
[2024-02-07T09:08:47.834+0000] {logging_mixin.py:188} INFO - [2024-02-07T09:08:47.834+0000] {dag.py:3033} INFO - Sync 1 DAGs
[2024-02-07T09:08:47.864+0000] {logging_mixin.py:188} INFO - [2024-02-07T09:08:47.863+0000] {dag.py:3820} INFO - Setting next_dagrun for example_weekday_branch_operator to 2024-02-06T00:00:00+00:00, run_after=2024-02-07T00:00:00+00:00
[2024-02-07T09:08:47.891+0000] {processor.py:183} INFO - Processing /home/airflow/.local/lib/python3.8/site-packages/airflow/example_dags/example_branch_day_of_week_operator.py took 0.103 seconds
[2024-02-07T09:09:18.149+0000] {processor.py:161} INFO - Started process (PID=3319) to work on /home/airflow/.local/lib/python3.8/site-packages/airflow/example_dags/example_branch_day_of_week_operator.py
[2024-02-07T09:09:18.150+0000] {processor.py:830} INFO - Processing file /home/airflow/.local/lib/python3.8/site-packages/airflow/example_dags/example_branch_day_of_week_operator.py for tasks to queue
[2024-02-07T09:09:18.153+0000] {logging_mixin.py:188} INFO - [2024-02-07T09:09:18.152+0000] {dagbag.py:538} INFO - Filling up the DagBag from /home/airflow/.local/lib/python3.8/site-packages/airflow/example_dags/example_branch_day_of_week_operator.py
[2024-02-07T09:09:18.160+0000] {processor.py:840} INFO - DAG(s) 'example_weekday_branch_operator' retrieved from /home/airflow/.local/lib/python3.8/site-packages/airflow/example_dags/example_branch_day_of_week_operator.py
[2024-02-07T09:09:18.183+0000] {logging_mixin.py:188} INFO - [2024-02-07T09:09:18.182+0000] {dag.py:3033} INFO - Sync 1 DAGs
[2024-02-07T09:09:18.204+0000] {logging_mixin.py:188} INFO - [2024-02-07T09:09:18.204+0000] {dag.py:3820} INFO - Setting next_dagrun for example_weekday_branch_operator to 2024-02-06T00:00:00+00:00, run_after=2024-02-07T00:00:00+00:00
[2024-02-07T09:09:18.226+0000] {processor.py:183} INFO - Processing /home/airflow/.local/lib/python3.8/site-packages/airflow/example_dags/example_branch_day_of_week_operator.py took 0.080 seconds
[2024-02-07T09:09:48.709+0000] {processor.py:161} INFO - Started process (PID=3375) to work on /home/airflow/.local/lib/python3.8/site-packages/airflow/example_dags/example_branch_day_of_week_operator.py
[2024-02-07T09:09:48.710+0000] {processor.py:830} INFO - Processing file /home/airflow/.local/lib/python3.8/site-packages/airflow/example_dags/example_branch_day_of_week_operator.py for tasks to queue
[2024-02-07T09:09:48.713+0000] {logging_mixin.py:188} INFO - [2024-02-07T09:09:48.713+0000] {dagbag.py:538} INFO - Filling up the DagBag from /home/airflow/.local/lib/python3.8/site-packages/airflow/example_dags/example_branch_day_of_week_operator.py
[2024-02-07T09:09:48.721+0000] {processor.py:840} INFO - DAG(s) 'example_weekday_branch_operator' retrieved from /home/airflow/.local/lib/python3.8/site-packages/airflow/example_dags/example_branch_day_of_week_operator.py
[2024-02-07T09:09:48.744+0000] {logging_mixin.py:188} INFO - [2024-02-07T09:09:48.744+0000] {dag.py:3033} INFO - Sync 1 DAGs
[2024-02-07T09:09:48.768+0000] {logging_mixin.py:188} INFO - [2024-02-07T09:09:48.767+0000] {dag.py:3820} INFO - Setting next_dagrun for example_weekday_branch_operator to 2024-02-06T00:00:00+00:00, run_after=2024-02-07T00:00:00+00:00
[2024-02-07T09:09:48.788+0000] {processor.py:183} INFO - Processing /home/airflow/.local/lib/python3.8/site-packages/airflow/example_dags/example_branch_day_of_week_operator.py took 0.083 seconds
[2024-02-07T09:10:18.923+0000] {processor.py:161} INFO - Started process (PID=3432) to work on /home/airflow/.local/lib/python3.8/site-packages/airflow/example_dags/example_branch_day_of_week_operator.py
[2024-02-07T09:10:18.925+0000] {processor.py:830} INFO - Processing file /home/airflow/.local/lib/python3.8/site-packages/airflow/example_dags/example_branch_day_of_week_operator.py for tasks to queue
[2024-02-07T09:10:18.928+0000] {logging_mixin.py:188} INFO - [2024-02-07T09:10:18.928+0000] {dagbag.py:538} INFO - Filling up the DagBag from /home/airflow/.local/lib/python3.8/site-packages/airflow/example_dags/example_branch_day_of_week_operator.py
[2024-02-07T09:10:18.936+0000] {processor.py:840} INFO - DAG(s) 'example_weekday_branch_operator' retrieved from /home/airflow/.local/lib/python3.8/site-packages/airflow/example_dags/example_branch_day_of_week_operator.py
[2024-02-07T09:10:18.967+0000] {logging_mixin.py:188} INFO - [2024-02-07T09:10:18.966+0000] {dag.py:3033} INFO - Sync 1 DAGs
[2024-02-07T09:10:19.000+0000] {logging_mixin.py:188} INFO - [2024-02-07T09:10:19.000+0000] {dag.py:3820} INFO - Setting next_dagrun for example_weekday_branch_operator to 2024-02-06T00:00:00+00:00, run_after=2024-02-07T00:00:00+00:00
[2024-02-07T09:10:19.030+0000] {processor.py:183} INFO - Processing /home/airflow/.local/lib/python3.8/site-packages/airflow/example_dags/example_branch_day_of_week_operator.py took 0.111 seconds
[2024-02-07T09:10:49.204+0000] {processor.py:161} INFO - Started process (PID=3489) to work on /home/airflow/.local/lib/python3.8/site-packages/airflow/example_dags/example_branch_day_of_week_operator.py
[2024-02-07T09:10:49.205+0000] {processor.py:830} INFO - Processing file /home/airflow/.local/lib/python3.8/site-packages/airflow/example_dags/example_branch_day_of_week_operator.py for tasks to queue
[2024-02-07T09:10:49.208+0000] {logging_mixin.py:188} INFO - [2024-02-07T09:10:49.208+0000] {dagbag.py:538} INFO - Filling up the DagBag from /home/airflow/.local/lib/python3.8/site-packages/airflow/example_dags/example_branch_day_of_week_operator.py
[2024-02-07T09:10:49.216+0000] {processor.py:840} INFO - DAG(s) 'example_weekday_branch_operator' retrieved from /home/airflow/.local/lib/python3.8/site-packages/airflow/example_dags/example_branch_day_of_week_operator.py
[2024-02-07T09:10:49.242+0000] {logging_mixin.py:188} INFO - [2024-02-07T09:10:49.242+0000] {dag.py:3033} INFO - Sync 1 DAGs
[2024-02-07T09:10:49.283+0000] {logging_mixin.py:188} INFO - [2024-02-07T09:10:49.283+0000] {dag.py:3820} INFO - Setting next_dagrun for example_weekday_branch_operator to 2024-02-06T00:00:00+00:00, run_after=2024-02-07T00:00:00+00:00
[2024-02-07T09:10:49.302+0000] {processor.py:183} INFO - Processing /home/airflow/.local/lib/python3.8/site-packages/airflow/example_dags/example_branch_day_of_week_operator.py took 0.101 seconds
[2024-02-07T09:11:19.487+0000] {processor.py:161} INFO - Started process (PID=3546) to work on /home/airflow/.local/lib/python3.8/site-packages/airflow/example_dags/example_branch_day_of_week_operator.py
[2024-02-07T09:11:19.488+0000] {processor.py:830} INFO - Processing file /home/airflow/.local/lib/python3.8/site-packages/airflow/example_dags/example_branch_day_of_week_operator.py for tasks to queue
[2024-02-07T09:11:19.493+0000] {logging_mixin.py:188} INFO - [2024-02-07T09:11:19.492+0000] {dagbag.py:538} INFO - Filling up the DagBag from /home/airflow/.local/lib/python3.8/site-packages/airflow/example_dags/example_branch_day_of_week_operator.py
[2024-02-07T09:11:19.501+0000] {processor.py:840} INFO - DAG(s) 'example_weekday_branch_operator' retrieved from /home/airflow/.local/lib/python3.8/site-packages/airflow/example_dags/example_branch_day_of_week_operator.py
[2024-02-07T09:11:19.529+0000] {logging_mixin.py:188} INFO - [2024-02-07T09:11:19.528+0000] {dag.py:3033} INFO - Sync 1 DAGs
[2024-02-07T09:11:19.552+0000] {logging_mixin.py:188} INFO - [2024-02-07T09:11:19.552+0000] {dag.py:3820} INFO - Setting next_dagrun for example_weekday_branch_operator to 2024-02-06T00:00:00+00:00, run_after=2024-02-07T00:00:00+00:00
[2024-02-07T09:11:19.571+0000] {processor.py:183} INFO - Processing /home/airflow/.local/lib/python3.8/site-packages/airflow/example_dags/example_branch_day_of_week_operator.py took 0.087 seconds
