[2024-02-07T08:40:12.420+0000] {processor.py:161} INFO - Started process (PID=76) to work on /home/airflow/.local/lib/python3.8/site-packages/airflow/example_dags/example_python_decorator.py
[2024-02-07T08:40:12.421+0000] {processor.py:830} INFO - Processing file /home/airflow/.local/lib/python3.8/site-packages/airflow/example_dags/example_python_decorator.py for tasks to queue
[2024-02-07T08:40:12.424+0000] {logging_mixin.py:188} INFO - [2024-02-07T08:40:12.424+0000] {dagbag.py:538} INFO - Filling up the DagBag from /home/airflow/.local/lib/python3.8/site-packages/airflow/example_dags/example_python_decorator.py
[2024-02-07T08:40:12.439+0000] {processor.py:840} INFO - DAG(s) 'example_python_decorator' retrieved from /home/airflow/.local/lib/python3.8/site-packages/airflow/example_dags/example_python_decorator.py
[2024-02-07T08:40:12.466+0000] {logging_mixin.py:188} INFO - [2024-02-07T08:40:12.466+0000] {dag.py:3033} INFO - Sync 1 DAGs
[2024-02-07T08:40:12.480+0000] {logging_mixin.py:188} INFO - [2024-02-07T08:40:12.480+0000] {dag.py:3820} INFO - Setting next_dagrun for example_python_decorator to None, run_after=None
[2024-02-07T08:40:12.501+0000] {processor.py:183} INFO - Processing /home/airflow/.local/lib/python3.8/site-packages/airflow/example_dags/example_python_decorator.py took 0.084 seconds
[2024-02-07T08:40:42.600+0000] {processor.py:161} INFO - Started process (PID=133) to work on /home/airflow/.local/lib/python3.8/site-packages/airflow/example_dags/example_python_decorator.py
[2024-02-07T08:40:42.601+0000] {processor.py:830} INFO - Processing file /home/airflow/.local/lib/python3.8/site-packages/airflow/example_dags/example_python_decorator.py for tasks to queue
[2024-02-07T08:40:42.604+0000] {logging_mixin.py:188} INFO - [2024-02-07T08:40:42.603+0000] {dagbag.py:538} INFO - Filling up the DagBag from /home/airflow/.local/lib/python3.8/site-packages/airflow/example_dags/example_python_decorator.py
[2024-02-07T08:40:42.615+0000] {processor.py:840} INFO - DAG(s) 'example_python_decorator' retrieved from /home/airflow/.local/lib/python3.8/site-packages/airflow/example_dags/example_python_decorator.py
[2024-02-07T08:40:42.637+0000] {logging_mixin.py:188} INFO - [2024-02-07T08:40:42.637+0000] {dag.py:3033} INFO - Sync 1 DAGs
[2024-02-07T08:40:42.652+0000] {logging_mixin.py:188} INFO - [2024-02-07T08:40:42.652+0000] {dag.py:3820} INFO - Setting next_dagrun for example_python_decorator to None, run_after=None
[2024-02-07T08:40:42.672+0000] {processor.py:183} INFO - Processing /home/airflow/.local/lib/python3.8/site-packages/airflow/example_dags/example_python_decorator.py took 0.077 seconds
[2024-02-07T08:41:13.487+0000] {processor.py:161} INFO - Started process (PID=190) to work on /home/airflow/.local/lib/python3.8/site-packages/airflow/example_dags/example_python_decorator.py
[2024-02-07T08:41:13.493+0000] {processor.py:830} INFO - Processing file /home/airflow/.local/lib/python3.8/site-packages/airflow/example_dags/example_python_decorator.py for tasks to queue
[2024-02-07T08:41:13.501+0000] {logging_mixin.py:188} INFO - [2024-02-07T08:41:13.501+0000] {dagbag.py:538} INFO - Filling up the DagBag from /home/airflow/.local/lib/python3.8/site-packages/airflow/example_dags/example_python_decorator.py
[2024-02-07T08:41:13.527+0000] {processor.py:840} INFO - DAG(s) 'example_python_decorator' retrieved from /home/airflow/.local/lib/python3.8/site-packages/airflow/example_dags/example_python_decorator.py
[2024-02-07T08:41:13.554+0000] {logging_mixin.py:188} INFO - [2024-02-07T08:41:13.553+0000] {dag.py:3033} INFO - Sync 1 DAGs
[2024-02-07T08:41:13.571+0000] {logging_mixin.py:188} INFO - [2024-02-07T08:41:13.571+0000] {dag.py:3820} INFO - Setting next_dagrun for example_python_decorator to None, run_after=None
[2024-02-07T08:41:13.593+0000] {processor.py:183} INFO - Processing /home/airflow/.local/lib/python3.8/site-packages/airflow/example_dags/example_python_decorator.py took 0.111 seconds
[2024-02-07T08:41:44.530+0000] {processor.py:161} INFO - Started process (PID=247) to work on /home/airflow/.local/lib/python3.8/site-packages/airflow/example_dags/example_python_decorator.py
[2024-02-07T08:41:44.531+0000] {processor.py:830} INFO - Processing file /home/airflow/.local/lib/python3.8/site-packages/airflow/example_dags/example_python_decorator.py for tasks to queue
[2024-02-07T08:41:44.533+0000] {logging_mixin.py:188} INFO - [2024-02-07T08:41:44.533+0000] {dagbag.py:538} INFO - Filling up the DagBag from /home/airflow/.local/lib/python3.8/site-packages/airflow/example_dags/example_python_decorator.py
[2024-02-07T08:41:44.542+0000] {processor.py:840} INFO - DAG(s) 'example_python_decorator' retrieved from /home/airflow/.local/lib/python3.8/site-packages/airflow/example_dags/example_python_decorator.py
[2024-02-07T08:41:44.562+0000] {logging_mixin.py:188} INFO - [2024-02-07T08:41:44.562+0000] {dag.py:3033} INFO - Sync 1 DAGs
[2024-02-07T08:41:44.576+0000] {logging_mixin.py:188} INFO - [2024-02-07T08:41:44.576+0000] {dag.py:3820} INFO - Setting next_dagrun for example_python_decorator to None, run_after=None
[2024-02-07T08:41:44.595+0000] {processor.py:183} INFO - Processing /home/airflow/.local/lib/python3.8/site-packages/airflow/example_dags/example_python_decorator.py took 0.069 seconds
[2024-02-07T08:42:14.863+0000] {processor.py:161} INFO - Started process (PID=305) to work on /home/airflow/.local/lib/python3.8/site-packages/airflow/example_dags/example_python_decorator.py
[2024-02-07T08:42:14.864+0000] {processor.py:830} INFO - Processing file /home/airflow/.local/lib/python3.8/site-packages/airflow/example_dags/example_python_decorator.py for tasks to queue
[2024-02-07T08:42:14.867+0000] {logging_mixin.py:188} INFO - [2024-02-07T08:42:14.866+0000] {dagbag.py:538} INFO - Filling up the DagBag from /home/airflow/.local/lib/python3.8/site-packages/airflow/example_dags/example_python_decorator.py
[2024-02-07T08:42:14.880+0000] {processor.py:840} INFO - DAG(s) 'example_python_decorator' retrieved from /home/airflow/.local/lib/python3.8/site-packages/airflow/example_dags/example_python_decorator.py
[2024-02-07T08:42:14.916+0000] {logging_mixin.py:188} INFO - [2024-02-07T08:42:14.916+0000] {dag.py:3033} INFO - Sync 1 DAGs
[2024-02-07T08:42:14.936+0000] {logging_mixin.py:188} INFO - [2024-02-07T08:42:14.936+0000] {dag.py:3820} INFO - Setting next_dagrun for example_python_decorator to None, run_after=None
[2024-02-07T08:42:14.967+0000] {processor.py:183} INFO - Processing /home/airflow/.local/lib/python3.8/site-packages/airflow/example_dags/example_python_decorator.py took 0.109 seconds
[2024-02-07T08:42:45.614+0000] {processor.py:161} INFO - Started process (PID=362) to work on /home/airflow/.local/lib/python3.8/site-packages/airflow/example_dags/example_python_decorator.py
[2024-02-07T08:42:45.616+0000] {processor.py:830} INFO - Processing file /home/airflow/.local/lib/python3.8/site-packages/airflow/example_dags/example_python_decorator.py for tasks to queue
[2024-02-07T08:42:45.618+0000] {logging_mixin.py:188} INFO - [2024-02-07T08:42:45.618+0000] {dagbag.py:538} INFO - Filling up the DagBag from /home/airflow/.local/lib/python3.8/site-packages/airflow/example_dags/example_python_decorator.py
[2024-02-07T08:42:45.629+0000] {processor.py:840} INFO - DAG(s) 'example_python_decorator' retrieved from /home/airflow/.local/lib/python3.8/site-packages/airflow/example_dags/example_python_decorator.py
[2024-02-07T08:42:45.674+0000] {logging_mixin.py:188} INFO - [2024-02-07T08:42:45.673+0000] {dag.py:3033} INFO - Sync 1 DAGs
[2024-02-07T08:42:45.705+0000] {logging_mixin.py:188} INFO - [2024-02-07T08:42:45.705+0000] {dag.py:3820} INFO - Setting next_dagrun for example_python_decorator to None, run_after=None
[2024-02-07T08:42:45.754+0000] {processor.py:183} INFO - Processing /home/airflow/.local/lib/python3.8/site-packages/airflow/example_dags/example_python_decorator.py took 0.143 seconds
[2024-02-07T08:43:16.287+0000] {processor.py:161} INFO - Started process (PID=419) to work on /home/airflow/.local/lib/python3.8/site-packages/airflow/example_dags/example_python_decorator.py
[2024-02-07T08:43:16.289+0000] {processor.py:830} INFO - Processing file /home/airflow/.local/lib/python3.8/site-packages/airflow/example_dags/example_python_decorator.py for tasks to queue
[2024-02-07T08:43:16.292+0000] {logging_mixin.py:188} INFO - [2024-02-07T08:43:16.291+0000] {dagbag.py:538} INFO - Filling up the DagBag from /home/airflow/.local/lib/python3.8/site-packages/airflow/example_dags/example_python_decorator.py
[2024-02-07T08:43:16.304+0000] {processor.py:840} INFO - DAG(s) 'example_python_decorator' retrieved from /home/airflow/.local/lib/python3.8/site-packages/airflow/example_dags/example_python_decorator.py
[2024-02-07T08:43:16.326+0000] {logging_mixin.py:188} INFO - [2024-02-07T08:43:16.326+0000] {dag.py:3033} INFO - Sync 1 DAGs
[2024-02-07T08:43:16.340+0000] {logging_mixin.py:188} INFO - [2024-02-07T08:43:16.340+0000] {dag.py:3820} INFO - Setting next_dagrun for example_python_decorator to None, run_after=None
[2024-02-07T08:43:16.358+0000] {processor.py:183} INFO - Processing /home/airflow/.local/lib/python3.8/site-packages/airflow/example_dags/example_python_decorator.py took 0.075 seconds
[2024-02-07T08:43:46.800+0000] {processor.py:161} INFO - Started process (PID=476) to work on /home/airflow/.local/lib/python3.8/site-packages/airflow/example_dags/example_python_decorator.py
[2024-02-07T08:43:46.802+0000] {processor.py:830} INFO - Processing file /home/airflow/.local/lib/python3.8/site-packages/airflow/example_dags/example_python_decorator.py for tasks to queue
[2024-02-07T08:43:46.805+0000] {logging_mixin.py:188} INFO - [2024-02-07T08:43:46.805+0000] {dagbag.py:538} INFO - Filling up the DagBag from /home/airflow/.local/lib/python3.8/site-packages/airflow/example_dags/example_python_decorator.py
[2024-02-07T08:43:46.821+0000] {processor.py:840} INFO - DAG(s) 'example_python_decorator' retrieved from /home/airflow/.local/lib/python3.8/site-packages/airflow/example_dags/example_python_decorator.py
[2024-02-07T08:43:46.876+0000] {logging_mixin.py:188} INFO - [2024-02-07T08:43:46.876+0000] {dag.py:3033} INFO - Sync 1 DAGs
[2024-02-07T08:43:46.890+0000] {logging_mixin.py:188} INFO - [2024-02-07T08:43:46.890+0000] {dag.py:3820} INFO - Setting next_dagrun for example_python_decorator to None, run_after=None
[2024-02-07T08:43:46.911+0000] {processor.py:183} INFO - Processing /home/airflow/.local/lib/python3.8/site-packages/airflow/example_dags/example_python_decorator.py took 0.117 seconds
[2024-02-07T08:44:18.213+0000] {processor.py:161} INFO - Started process (PID=533) to work on /home/airflow/.local/lib/python3.8/site-packages/airflow/example_dags/example_python_decorator.py
[2024-02-07T08:44:18.216+0000] {processor.py:830} INFO - Processing file /home/airflow/.local/lib/python3.8/site-packages/airflow/example_dags/example_python_decorator.py for tasks to queue
[2024-02-07T08:44:18.220+0000] {logging_mixin.py:188} INFO - [2024-02-07T08:44:18.219+0000] {dagbag.py:538} INFO - Filling up the DagBag from /home/airflow/.local/lib/python3.8/site-packages/airflow/example_dags/example_python_decorator.py
[2024-02-07T08:44:18.234+0000] {processor.py:840} INFO - DAG(s) 'example_python_decorator' retrieved from /home/airflow/.local/lib/python3.8/site-packages/airflow/example_dags/example_python_decorator.py
[2024-02-07T08:44:18.275+0000] {logging_mixin.py:188} INFO - [2024-02-07T08:44:18.275+0000] {dag.py:3033} INFO - Sync 1 DAGs
[2024-02-07T08:44:18.291+0000] {logging_mixin.py:188} INFO - [2024-02-07T08:44:18.291+0000] {dag.py:3820} INFO - Setting next_dagrun for example_python_decorator to None, run_after=None
[2024-02-07T08:44:18.325+0000] {processor.py:183} INFO - Processing /home/airflow/.local/lib/python3.8/site-packages/airflow/example_dags/example_python_decorator.py took 0.116 seconds
[2024-02-07T08:44:48.459+0000] {processor.py:161} INFO - Started process (PID=590) to work on /home/airflow/.local/lib/python3.8/site-packages/airflow/example_dags/example_python_decorator.py
[2024-02-07T08:44:48.460+0000] {processor.py:830} INFO - Processing file /home/airflow/.local/lib/python3.8/site-packages/airflow/example_dags/example_python_decorator.py for tasks to queue
[2024-02-07T08:44:48.462+0000] {logging_mixin.py:188} INFO - [2024-02-07T08:44:48.462+0000] {dagbag.py:538} INFO - Filling up the DagBag from /home/airflow/.local/lib/python3.8/site-packages/airflow/example_dags/example_python_decorator.py
[2024-02-07T08:44:48.475+0000] {processor.py:840} INFO - DAG(s) 'example_python_decorator' retrieved from /home/airflow/.local/lib/python3.8/site-packages/airflow/example_dags/example_python_decorator.py
[2024-02-07T08:44:48.501+0000] {logging_mixin.py:188} INFO - [2024-02-07T08:44:48.501+0000] {dag.py:3033} INFO - Sync 1 DAGs
[2024-02-07T08:44:48.514+0000] {logging_mixin.py:188} INFO - [2024-02-07T08:44:48.514+0000] {dag.py:3820} INFO - Setting next_dagrun for example_python_decorator to None, run_after=None
[2024-02-07T08:44:48.537+0000] {processor.py:183} INFO - Processing /home/airflow/.local/lib/python3.8/site-packages/airflow/example_dags/example_python_decorator.py took 0.082 seconds
[2024-02-07T08:45:18.614+0000] {processor.py:161} INFO - Started process (PID=647) to work on /home/airflow/.local/lib/python3.8/site-packages/airflow/example_dags/example_python_decorator.py
[2024-02-07T08:45:18.615+0000] {processor.py:830} INFO - Processing file /home/airflow/.local/lib/python3.8/site-packages/airflow/example_dags/example_python_decorator.py for tasks to queue
[2024-02-07T08:45:18.617+0000] {logging_mixin.py:188} INFO - [2024-02-07T08:45:18.617+0000] {dagbag.py:538} INFO - Filling up the DagBag from /home/airflow/.local/lib/python3.8/site-packages/airflow/example_dags/example_python_decorator.py
[2024-02-07T08:45:18.626+0000] {processor.py:840} INFO - DAG(s) 'example_python_decorator' retrieved from /home/airflow/.local/lib/python3.8/site-packages/airflow/example_dags/example_python_decorator.py
[2024-02-07T08:45:18.651+0000] {logging_mixin.py:188} INFO - [2024-02-07T08:45:18.651+0000] {dag.py:3033} INFO - Sync 1 DAGs
[2024-02-07T08:45:18.666+0000] {logging_mixin.py:188} INFO - [2024-02-07T08:45:18.665+0000] {dag.py:3820} INFO - Setting next_dagrun for example_python_decorator to None, run_after=None
[2024-02-07T08:45:18.689+0000] {processor.py:183} INFO - Processing /home/airflow/.local/lib/python3.8/site-packages/airflow/example_dags/example_python_decorator.py took 0.079 seconds
[2024-02-07T08:45:49.658+0000] {processor.py:161} INFO - Started process (PID=704) to work on /home/airflow/.local/lib/python3.8/site-packages/airflow/example_dags/example_python_decorator.py
[2024-02-07T08:45:49.659+0000] {processor.py:830} INFO - Processing file /home/airflow/.local/lib/python3.8/site-packages/airflow/example_dags/example_python_decorator.py for tasks to queue
[2024-02-07T08:45:49.662+0000] {logging_mixin.py:188} INFO - [2024-02-07T08:45:49.661+0000] {dagbag.py:538} INFO - Filling up the DagBag from /home/airflow/.local/lib/python3.8/site-packages/airflow/example_dags/example_python_decorator.py
[2024-02-07T08:45:49.672+0000] {processor.py:840} INFO - DAG(s) 'example_python_decorator' retrieved from /home/airflow/.local/lib/python3.8/site-packages/airflow/example_dags/example_python_decorator.py
[2024-02-07T08:45:49.694+0000] {logging_mixin.py:188} INFO - [2024-02-07T08:45:49.693+0000] {dag.py:3033} INFO - Sync 1 DAGs
[2024-02-07T08:45:49.707+0000] {logging_mixin.py:188} INFO - [2024-02-07T08:45:49.707+0000] {dag.py:3820} INFO - Setting next_dagrun for example_python_decorator to None, run_after=None
[2024-02-07T08:45:49.729+0000] {processor.py:183} INFO - Processing /home/airflow/.local/lib/python3.8/site-packages/airflow/example_dags/example_python_decorator.py took 0.076 seconds
[2024-02-07T08:46:20.590+0000] {processor.py:161} INFO - Started process (PID=761) to work on /home/airflow/.local/lib/python3.8/site-packages/airflow/example_dags/example_python_decorator.py
[2024-02-07T08:46:20.591+0000] {processor.py:830} INFO - Processing file /home/airflow/.local/lib/python3.8/site-packages/airflow/example_dags/example_python_decorator.py for tasks to queue
[2024-02-07T08:46:20.595+0000] {logging_mixin.py:188} INFO - [2024-02-07T08:46:20.594+0000] {dagbag.py:538} INFO - Filling up the DagBag from /home/airflow/.local/lib/python3.8/site-packages/airflow/example_dags/example_python_decorator.py
[2024-02-07T08:46:20.605+0000] {processor.py:840} INFO - DAG(s) 'example_python_decorator' retrieved from /home/airflow/.local/lib/python3.8/site-packages/airflow/example_dags/example_python_decorator.py
[2024-02-07T08:46:20.626+0000] {logging_mixin.py:188} INFO - [2024-02-07T08:46:20.625+0000] {dag.py:3033} INFO - Sync 1 DAGs
[2024-02-07T08:46:20.638+0000] {logging_mixin.py:188} INFO - [2024-02-07T08:46:20.638+0000] {dag.py:3820} INFO - Setting next_dagrun for example_python_decorator to None, run_after=None
[2024-02-07T08:46:20.658+0000] {processor.py:183} INFO - Processing /home/airflow/.local/lib/python3.8/site-packages/airflow/example_dags/example_python_decorator.py took 0.072 seconds
[2024-02-07T08:46:51.568+0000] {processor.py:161} INFO - Started process (PID=818) to work on /home/airflow/.local/lib/python3.8/site-packages/airflow/example_dags/example_python_decorator.py
[2024-02-07T08:46:51.569+0000] {processor.py:830} INFO - Processing file /home/airflow/.local/lib/python3.8/site-packages/airflow/example_dags/example_python_decorator.py for tasks to queue
[2024-02-07T08:46:51.573+0000] {logging_mixin.py:188} INFO - [2024-02-07T08:46:51.573+0000] {dagbag.py:538} INFO - Filling up the DagBag from /home/airflow/.local/lib/python3.8/site-packages/airflow/example_dags/example_python_decorator.py
[2024-02-07T08:46:51.582+0000] {processor.py:840} INFO - DAG(s) 'example_python_decorator' retrieved from /home/airflow/.local/lib/python3.8/site-packages/airflow/example_dags/example_python_decorator.py
[2024-02-07T08:46:51.611+0000] {logging_mixin.py:188} INFO - [2024-02-07T08:46:51.611+0000] {dag.py:3033} INFO - Sync 1 DAGs
[2024-02-07T08:46:51.628+0000] {logging_mixin.py:188} INFO - [2024-02-07T08:46:51.628+0000] {dag.py:3820} INFO - Setting next_dagrun for example_python_decorator to None, run_after=None
[2024-02-07T08:46:51.661+0000] {processor.py:183} INFO - Processing /home/airflow/.local/lib/python3.8/site-packages/airflow/example_dags/example_python_decorator.py took 0.097 seconds
[2024-02-07T08:47:21.772+0000] {processor.py:161} INFO - Started process (PID=876) to work on /home/airflow/.local/lib/python3.8/site-packages/airflow/example_dags/example_python_decorator.py
[2024-02-07T08:47:21.774+0000] {processor.py:830} INFO - Processing file /home/airflow/.local/lib/python3.8/site-packages/airflow/example_dags/example_python_decorator.py for tasks to queue
[2024-02-07T08:47:21.776+0000] {logging_mixin.py:188} INFO - [2024-02-07T08:47:21.775+0000] {dagbag.py:538} INFO - Filling up the DagBag from /home/airflow/.local/lib/python3.8/site-packages/airflow/example_dags/example_python_decorator.py
[2024-02-07T08:47:21.786+0000] {processor.py:840} INFO - DAG(s) 'example_python_decorator' retrieved from /home/airflow/.local/lib/python3.8/site-packages/airflow/example_dags/example_python_decorator.py
[2024-02-07T08:47:21.810+0000] {logging_mixin.py:188} INFO - [2024-02-07T08:47:21.810+0000] {dag.py:3033} INFO - Sync 1 DAGs
[2024-02-07T08:47:21.822+0000] {logging_mixin.py:188} INFO - [2024-02-07T08:47:21.821+0000] {dag.py:3820} INFO - Setting next_dagrun for example_python_decorator to None, run_after=None
[2024-02-07T08:47:21.847+0000] {processor.py:183} INFO - Processing /home/airflow/.local/lib/python3.8/site-packages/airflow/example_dags/example_python_decorator.py took 0.078 seconds
[2024-02-07T08:47:52.006+0000] {processor.py:161} INFO - Started process (PID=933) to work on /home/airflow/.local/lib/python3.8/site-packages/airflow/example_dags/example_python_decorator.py
[2024-02-07T08:47:52.007+0000] {processor.py:830} INFO - Processing file /home/airflow/.local/lib/python3.8/site-packages/airflow/example_dags/example_python_decorator.py for tasks to queue
[2024-02-07T08:47:52.009+0000] {logging_mixin.py:188} INFO - [2024-02-07T08:47:52.009+0000] {dagbag.py:538} INFO - Filling up the DagBag from /home/airflow/.local/lib/python3.8/site-packages/airflow/example_dags/example_python_decorator.py
[2024-02-07T08:47:52.019+0000] {processor.py:840} INFO - DAG(s) 'example_python_decorator' retrieved from /home/airflow/.local/lib/python3.8/site-packages/airflow/example_dags/example_python_decorator.py
[2024-02-07T08:47:52.041+0000] {logging_mixin.py:188} INFO - [2024-02-07T08:47:52.041+0000] {dag.py:3033} INFO - Sync 1 DAGs
[2024-02-07T08:47:52.053+0000] {logging_mixin.py:188} INFO - [2024-02-07T08:47:52.053+0000] {dag.py:3820} INFO - Setting next_dagrun for example_python_decorator to None, run_after=None
[2024-02-07T08:47:52.074+0000] {processor.py:183} INFO - Processing /home/airflow/.local/lib/python3.8/site-packages/airflow/example_dags/example_python_decorator.py took 0.072 seconds
[2024-02-07T08:48:22.959+0000] {processor.py:161} INFO - Started process (PID=990) to work on /home/airflow/.local/lib/python3.8/site-packages/airflow/example_dags/example_python_decorator.py
[2024-02-07T08:48:22.960+0000] {processor.py:830} INFO - Processing file /home/airflow/.local/lib/python3.8/site-packages/airflow/example_dags/example_python_decorator.py for tasks to queue
[2024-02-07T08:48:22.963+0000] {logging_mixin.py:188} INFO - [2024-02-07T08:48:22.962+0000] {dagbag.py:538} INFO - Filling up the DagBag from /home/airflow/.local/lib/python3.8/site-packages/airflow/example_dags/example_python_decorator.py
[2024-02-07T08:48:22.974+0000] {processor.py:840} INFO - DAG(s) 'example_python_decorator' retrieved from /home/airflow/.local/lib/python3.8/site-packages/airflow/example_dags/example_python_decorator.py
[2024-02-07T08:48:22.995+0000] {logging_mixin.py:188} INFO - [2024-02-07T08:48:22.994+0000] {dag.py:3033} INFO - Sync 1 DAGs
[2024-02-07T08:48:23.008+0000] {logging_mixin.py:188} INFO - [2024-02-07T08:48:23.008+0000] {dag.py:3820} INFO - Setting next_dagrun for example_python_decorator to None, run_after=None
[2024-02-07T08:48:23.027+0000] {processor.py:183} INFO - Processing /home/airflow/.local/lib/python3.8/site-packages/airflow/example_dags/example_python_decorator.py took 0.072 seconds
[2024-02-07T08:48:53.296+0000] {processor.py:161} INFO - Started process (PID=1048) to work on /home/airflow/.local/lib/python3.8/site-packages/airflow/example_dags/example_python_decorator.py
[2024-02-07T08:48:53.297+0000] {processor.py:830} INFO - Processing file /home/airflow/.local/lib/python3.8/site-packages/airflow/example_dags/example_python_decorator.py for tasks to queue
[2024-02-07T08:48:53.300+0000] {logging_mixin.py:188} INFO - [2024-02-07T08:48:53.300+0000] {dagbag.py:538} INFO - Filling up the DagBag from /home/airflow/.local/lib/python3.8/site-packages/airflow/example_dags/example_python_decorator.py
[2024-02-07T08:48:53.310+0000] {processor.py:840} INFO - DAG(s) 'example_python_decorator' retrieved from /home/airflow/.local/lib/python3.8/site-packages/airflow/example_dags/example_python_decorator.py
[2024-02-07T08:48:53.337+0000] {logging_mixin.py:188} INFO - [2024-02-07T08:48:53.337+0000] {dag.py:3033} INFO - Sync 1 DAGs
[2024-02-07T08:48:53.351+0000] {logging_mixin.py:188} INFO - [2024-02-07T08:48:53.351+0000] {dag.py:3820} INFO - Setting next_dagrun for example_python_decorator to None, run_after=None
[2024-02-07T08:48:53.379+0000] {processor.py:183} INFO - Processing /home/airflow/.local/lib/python3.8/site-packages/airflow/example_dags/example_python_decorator.py took 0.086 seconds
[2024-02-07T08:49:23.860+0000] {processor.py:161} INFO - Started process (PID=1104) to work on /home/airflow/.local/lib/python3.8/site-packages/airflow/example_dags/example_python_decorator.py
[2024-02-07T08:49:23.861+0000] {processor.py:830} INFO - Processing file /home/airflow/.local/lib/python3.8/site-packages/airflow/example_dags/example_python_decorator.py for tasks to queue
[2024-02-07T08:49:23.864+0000] {logging_mixin.py:188} INFO - [2024-02-07T08:49:23.863+0000] {dagbag.py:538} INFO - Filling up the DagBag from /home/airflow/.local/lib/python3.8/site-packages/airflow/example_dags/example_python_decorator.py
[2024-02-07T08:49:23.877+0000] {processor.py:840} INFO - DAG(s) 'example_python_decorator' retrieved from /home/airflow/.local/lib/python3.8/site-packages/airflow/example_dags/example_python_decorator.py
[2024-02-07T08:49:23.905+0000] {logging_mixin.py:188} INFO - [2024-02-07T08:49:23.905+0000] {dag.py:3033} INFO - Sync 1 DAGs
[2024-02-07T08:49:23.921+0000] {logging_mixin.py:188} INFO - [2024-02-07T08:49:23.920+0000] {dag.py:3820} INFO - Setting next_dagrun for example_python_decorator to None, run_after=None
[2024-02-07T08:49:23.950+0000] {processor.py:183} INFO - Processing /home/airflow/.local/lib/python3.8/site-packages/airflow/example_dags/example_python_decorator.py took 0.094 seconds
[2024-02-07T08:49:54.154+0000] {processor.py:161} INFO - Started process (PID=1161) to work on /home/airflow/.local/lib/python3.8/site-packages/airflow/example_dags/example_python_decorator.py
[2024-02-07T08:49:54.155+0000] {processor.py:830} INFO - Processing file /home/airflow/.local/lib/python3.8/site-packages/airflow/example_dags/example_python_decorator.py for tasks to queue
[2024-02-07T08:49:54.158+0000] {logging_mixin.py:188} INFO - [2024-02-07T08:49:54.157+0000] {dagbag.py:538} INFO - Filling up the DagBag from /home/airflow/.local/lib/python3.8/site-packages/airflow/example_dags/example_python_decorator.py
[2024-02-07T08:49:54.172+0000] {processor.py:840} INFO - DAG(s) 'example_python_decorator' retrieved from /home/airflow/.local/lib/python3.8/site-packages/airflow/example_dags/example_python_decorator.py
[2024-02-07T08:49:54.205+0000] {logging_mixin.py:188} INFO - [2024-02-07T08:49:54.204+0000] {dag.py:3033} INFO - Sync 1 DAGs
[2024-02-07T08:49:54.218+0000] {logging_mixin.py:188} INFO - [2024-02-07T08:49:54.218+0000] {dag.py:3820} INFO - Setting next_dagrun for example_python_decorator to None, run_after=None
[2024-02-07T08:49:54.246+0000] {processor.py:183} INFO - Processing /home/airflow/.local/lib/python3.8/site-packages/airflow/example_dags/example_python_decorator.py took 0.102 seconds
[2024-02-07T08:50:24.826+0000] {processor.py:161} INFO - Started process (PID=1217) to work on /home/airflow/.local/lib/python3.8/site-packages/airflow/example_dags/example_python_decorator.py
[2024-02-07T08:50:24.828+0000] {processor.py:830} INFO - Processing file /home/airflow/.local/lib/python3.8/site-packages/airflow/example_dags/example_python_decorator.py for tasks to queue
[2024-02-07T08:50:24.830+0000] {logging_mixin.py:188} INFO - [2024-02-07T08:50:24.830+0000] {dagbag.py:538} INFO - Filling up the DagBag from /home/airflow/.local/lib/python3.8/site-packages/airflow/example_dags/example_python_decorator.py
[2024-02-07T08:50:24.840+0000] {processor.py:840} INFO - DAG(s) 'example_python_decorator' retrieved from /home/airflow/.local/lib/python3.8/site-packages/airflow/example_dags/example_python_decorator.py
[2024-02-07T08:50:24.867+0000] {logging_mixin.py:188} INFO - [2024-02-07T08:50:24.866+0000] {dag.py:3033} INFO - Sync 1 DAGs
[2024-02-07T08:50:24.883+0000] {logging_mixin.py:188} INFO - [2024-02-07T08:50:24.883+0000] {dag.py:3820} INFO - Setting next_dagrun for example_python_decorator to None, run_after=None
[2024-02-07T08:50:24.911+0000] {processor.py:183} INFO - Processing /home/airflow/.local/lib/python3.8/site-packages/airflow/example_dags/example_python_decorator.py took 0.089 seconds
[2024-02-07T08:50:54.964+0000] {processor.py:161} INFO - Started process (PID=1273) to work on /home/airflow/.local/lib/python3.8/site-packages/airflow/example_dags/example_python_decorator.py
[2024-02-07T08:50:54.965+0000] {processor.py:830} INFO - Processing file /home/airflow/.local/lib/python3.8/site-packages/airflow/example_dags/example_python_decorator.py for tasks to queue
[2024-02-07T08:50:54.967+0000] {logging_mixin.py:188} INFO - [2024-02-07T08:50:54.967+0000] {dagbag.py:538} INFO - Filling up the DagBag from /home/airflow/.local/lib/python3.8/site-packages/airflow/example_dags/example_python_decorator.py
[2024-02-07T08:50:54.977+0000] {processor.py:840} INFO - DAG(s) 'example_python_decorator' retrieved from /home/airflow/.local/lib/python3.8/site-packages/airflow/example_dags/example_python_decorator.py
[2024-02-07T08:50:55.001+0000] {logging_mixin.py:188} INFO - [2024-02-07T08:50:55.001+0000] {dag.py:3033} INFO - Sync 1 DAGs
[2024-02-07T08:50:55.016+0000] {logging_mixin.py:188} INFO - [2024-02-07T08:50:55.016+0000] {dag.py:3820} INFO - Setting next_dagrun for example_python_decorator to None, run_after=None
[2024-02-07T08:50:55.039+0000] {processor.py:183} INFO - Processing /home/airflow/.local/lib/python3.8/site-packages/airflow/example_dags/example_python_decorator.py took 0.079 seconds
[2024-02-07T08:51:25.546+0000] {processor.py:161} INFO - Started process (PID=1331) to work on /home/airflow/.local/lib/python3.8/site-packages/airflow/example_dags/example_python_decorator.py
[2024-02-07T08:51:25.547+0000] {processor.py:830} INFO - Processing file /home/airflow/.local/lib/python3.8/site-packages/airflow/example_dags/example_python_decorator.py for tasks to queue
[2024-02-07T08:51:25.550+0000] {logging_mixin.py:188} INFO - [2024-02-07T08:51:25.550+0000] {dagbag.py:538} INFO - Filling up the DagBag from /home/airflow/.local/lib/python3.8/site-packages/airflow/example_dags/example_python_decorator.py
[2024-02-07T08:51:25.562+0000] {processor.py:840} INFO - DAG(s) 'example_python_decorator' retrieved from /home/airflow/.local/lib/python3.8/site-packages/airflow/example_dags/example_python_decorator.py
[2024-02-07T08:51:25.598+0000] {logging_mixin.py:188} INFO - [2024-02-07T08:51:25.598+0000] {dag.py:3033} INFO - Sync 1 DAGs
[2024-02-07T08:51:25.618+0000] {logging_mixin.py:188} INFO - [2024-02-07T08:51:25.618+0000] {dag.py:3820} INFO - Setting next_dagrun for example_python_decorator to None, run_after=None
[2024-02-07T08:51:25.646+0000] {processor.py:183} INFO - Processing /home/airflow/.local/lib/python3.8/site-packages/airflow/example_dags/example_python_decorator.py took 0.105 seconds
[2024-02-07T08:51:55.988+0000] {processor.py:161} INFO - Started process (PID=1388) to work on /home/airflow/.local/lib/python3.8/site-packages/airflow/example_dags/example_python_decorator.py
[2024-02-07T08:51:55.989+0000] {processor.py:830} INFO - Processing file /home/airflow/.local/lib/python3.8/site-packages/airflow/example_dags/example_python_decorator.py for tasks to queue
[2024-02-07T08:51:55.993+0000] {logging_mixin.py:188} INFO - [2024-02-07T08:51:55.992+0000] {dagbag.py:538} INFO - Filling up the DagBag from /home/airflow/.local/lib/python3.8/site-packages/airflow/example_dags/example_python_decorator.py
[2024-02-07T08:51:56.003+0000] {processor.py:840} INFO - DAG(s) 'example_python_decorator' retrieved from /home/airflow/.local/lib/python3.8/site-packages/airflow/example_dags/example_python_decorator.py
[2024-02-07T08:51:56.028+0000] {logging_mixin.py:188} INFO - [2024-02-07T08:51:56.028+0000] {dag.py:3033} INFO - Sync 1 DAGs
[2024-02-07T08:51:56.042+0000] {logging_mixin.py:188} INFO - [2024-02-07T08:51:56.041+0000] {dag.py:3820} INFO - Setting next_dagrun for example_python_decorator to None, run_after=None
[2024-02-07T08:51:56.062+0000] {processor.py:183} INFO - Processing /home/airflow/.local/lib/python3.8/site-packages/airflow/example_dags/example_python_decorator.py took 0.079 seconds
[2024-02-07T08:52:26.765+0000] {processor.py:161} INFO - Started process (PID=1445) to work on /home/airflow/.local/lib/python3.8/site-packages/airflow/example_dags/example_python_decorator.py
[2024-02-07T08:52:26.766+0000] {processor.py:830} INFO - Processing file /home/airflow/.local/lib/python3.8/site-packages/airflow/example_dags/example_python_decorator.py for tasks to queue
[2024-02-07T08:52:26.768+0000] {logging_mixin.py:188} INFO - [2024-02-07T08:52:26.768+0000] {dagbag.py:538} INFO - Filling up the DagBag from /home/airflow/.local/lib/python3.8/site-packages/airflow/example_dags/example_python_decorator.py
[2024-02-07T08:52:26.782+0000] {processor.py:840} INFO - DAG(s) 'example_python_decorator' retrieved from /home/airflow/.local/lib/python3.8/site-packages/airflow/example_dags/example_python_decorator.py
[2024-02-07T08:52:26.807+0000] {logging_mixin.py:188} INFO - [2024-02-07T08:52:26.807+0000] {dag.py:3033} INFO - Sync 1 DAGs
[2024-02-07T08:52:26.819+0000] {logging_mixin.py:188} INFO - [2024-02-07T08:52:26.819+0000] {dag.py:3820} INFO - Setting next_dagrun for example_python_decorator to None, run_after=None
[2024-02-07T08:52:26.846+0000] {processor.py:183} INFO - Processing /home/airflow/.local/lib/python3.8/site-packages/airflow/example_dags/example_python_decorator.py took 0.085 seconds
[2024-02-07T08:52:57.057+0000] {processor.py:161} INFO - Started process (PID=1502) to work on /home/airflow/.local/lib/python3.8/site-packages/airflow/example_dags/example_python_decorator.py
[2024-02-07T08:52:57.058+0000] {processor.py:830} INFO - Processing file /home/airflow/.local/lib/python3.8/site-packages/airflow/example_dags/example_python_decorator.py for tasks to queue
[2024-02-07T08:52:57.062+0000] {logging_mixin.py:188} INFO - [2024-02-07T08:52:57.061+0000] {dagbag.py:538} INFO - Filling up the DagBag from /home/airflow/.local/lib/python3.8/site-packages/airflow/example_dags/example_python_decorator.py
[2024-02-07T08:52:57.078+0000] {processor.py:840} INFO - DAG(s) 'example_python_decorator' retrieved from /home/airflow/.local/lib/python3.8/site-packages/airflow/example_dags/example_python_decorator.py
[2024-02-07T08:52:57.111+0000] {logging_mixin.py:188} INFO - [2024-02-07T08:52:57.111+0000] {dag.py:3033} INFO - Sync 1 DAGs
[2024-02-07T08:52:57.144+0000] {logging_mixin.py:188} INFO - [2024-02-07T08:52:57.144+0000] {dag.py:3820} INFO - Setting next_dagrun for example_python_decorator to None, run_after=None
[2024-02-07T08:52:57.181+0000] {processor.py:183} INFO - Processing /home/airflow/.local/lib/python3.8/site-packages/airflow/example_dags/example_python_decorator.py took 0.128 seconds
[2024-02-07T08:53:27.851+0000] {processor.py:161} INFO - Started process (PID=1565) to work on /home/airflow/.local/lib/python3.8/site-packages/airflow/example_dags/example_python_decorator.py
[2024-02-07T08:53:27.852+0000] {processor.py:830} INFO - Processing file /home/airflow/.local/lib/python3.8/site-packages/airflow/example_dags/example_python_decorator.py for tasks to queue
[2024-02-07T08:53:27.856+0000] {logging_mixin.py:188} INFO - [2024-02-07T08:53:27.856+0000] {dagbag.py:538} INFO - Filling up the DagBag from /home/airflow/.local/lib/python3.8/site-packages/airflow/example_dags/example_python_decorator.py
[2024-02-07T08:53:27.868+0000] {processor.py:840} INFO - DAG(s) 'example_python_decorator' retrieved from /home/airflow/.local/lib/python3.8/site-packages/airflow/example_dags/example_python_decorator.py
[2024-02-07T08:53:27.899+0000] {logging_mixin.py:188} INFO - [2024-02-07T08:53:27.898+0000] {dag.py:3033} INFO - Sync 1 DAGs
[2024-02-07T08:53:27.915+0000] {logging_mixin.py:188} INFO - [2024-02-07T08:53:27.915+0000] {dag.py:3820} INFO - Setting next_dagrun for example_python_decorator to None, run_after=None
[2024-02-07T08:53:27.945+0000] {processor.py:183} INFO - Processing /home/airflow/.local/lib/python3.8/site-packages/airflow/example_dags/example_python_decorator.py took 0.099 seconds
[2024-02-07T08:53:58.636+0000] {processor.py:161} INFO - Started process (PID=1622) to work on /home/airflow/.local/lib/python3.8/site-packages/airflow/example_dags/example_python_decorator.py
[2024-02-07T08:53:58.637+0000] {processor.py:830} INFO - Processing file /home/airflow/.local/lib/python3.8/site-packages/airflow/example_dags/example_python_decorator.py for tasks to queue
[2024-02-07T08:53:58.640+0000] {logging_mixin.py:188} INFO - [2024-02-07T08:53:58.640+0000] {dagbag.py:538} INFO - Filling up the DagBag from /home/airflow/.local/lib/python3.8/site-packages/airflow/example_dags/example_python_decorator.py
[2024-02-07T08:53:58.650+0000] {processor.py:840} INFO - DAG(s) 'example_python_decorator' retrieved from /home/airflow/.local/lib/python3.8/site-packages/airflow/example_dags/example_python_decorator.py
[2024-02-07T08:53:58.674+0000] {logging_mixin.py:188} INFO - [2024-02-07T08:53:58.673+0000] {dag.py:3033} INFO - Sync 1 DAGs
[2024-02-07T08:53:58.688+0000] {logging_mixin.py:188} INFO - [2024-02-07T08:53:58.688+0000] {dag.py:3820} INFO - Setting next_dagrun for example_python_decorator to None, run_after=None
[2024-02-07T08:53:58.711+0000] {processor.py:183} INFO - Processing /home/airflow/.local/lib/python3.8/site-packages/airflow/example_dags/example_python_decorator.py took 0.079 seconds
[2024-02-07T08:54:29.144+0000] {processor.py:161} INFO - Started process (PID=1679) to work on /home/airflow/.local/lib/python3.8/site-packages/airflow/example_dags/example_python_decorator.py
[2024-02-07T08:54:29.146+0000] {processor.py:830} INFO - Processing file /home/airflow/.local/lib/python3.8/site-packages/airflow/example_dags/example_python_decorator.py for tasks to queue
[2024-02-07T08:54:29.150+0000] {logging_mixin.py:188} INFO - [2024-02-07T08:54:29.150+0000] {dagbag.py:538} INFO - Filling up the DagBag from /home/airflow/.local/lib/python3.8/site-packages/airflow/example_dags/example_python_decorator.py
[2024-02-07T08:54:29.167+0000] {processor.py:840} INFO - DAG(s) 'example_python_decorator' retrieved from /home/airflow/.local/lib/python3.8/site-packages/airflow/example_dags/example_python_decorator.py
[2024-02-07T08:54:29.196+0000] {logging_mixin.py:188} INFO - [2024-02-07T08:54:29.196+0000] {dag.py:3033} INFO - Sync 1 DAGs
[2024-02-07T08:54:29.221+0000] {logging_mixin.py:188} INFO - [2024-02-07T08:54:29.221+0000] {dag.py:3820} INFO - Setting next_dagrun for example_python_decorator to None, run_after=None
[2024-02-07T08:54:29.245+0000] {processor.py:183} INFO - Processing /home/airflow/.local/lib/python3.8/site-packages/airflow/example_dags/example_python_decorator.py took 0.108 seconds
[2024-02-07T08:55:00.930+0000] {processor.py:161} INFO - Started process (PID=1736) to work on /home/airflow/.local/lib/python3.8/site-packages/airflow/example_dags/example_python_decorator.py
[2024-02-07T08:55:00.932+0000] {processor.py:830} INFO - Processing file /home/airflow/.local/lib/python3.8/site-packages/airflow/example_dags/example_python_decorator.py for tasks to queue
[2024-02-07T08:55:00.937+0000] {logging_mixin.py:188} INFO - [2024-02-07T08:55:00.936+0000] {dagbag.py:538} INFO - Filling up the DagBag from /home/airflow/.local/lib/python3.8/site-packages/airflow/example_dags/example_python_decorator.py
[2024-02-07T08:55:00.963+0000] {processor.py:840} INFO - DAG(s) 'example_python_decorator' retrieved from /home/airflow/.local/lib/python3.8/site-packages/airflow/example_dags/example_python_decorator.py
[2024-02-07T08:55:01.025+0000] {logging_mixin.py:188} INFO - [2024-02-07T08:55:01.024+0000] {dag.py:3033} INFO - Sync 1 DAGs
[2024-02-07T08:55:01.063+0000] {logging_mixin.py:188} INFO - [2024-02-07T08:55:01.063+0000] {dag.py:3820} INFO - Setting next_dagrun for example_python_decorator to None, run_after=None
[2024-02-07T08:55:01.119+0000] {processor.py:183} INFO - Processing /home/airflow/.local/lib/python3.8/site-packages/airflow/example_dags/example_python_decorator.py took 0.196 seconds
[2024-02-07T08:55:31.954+0000] {processor.py:161} INFO - Started process (PID=1793) to work on /home/airflow/.local/lib/python3.8/site-packages/airflow/example_dags/example_python_decorator.py
[2024-02-07T08:55:31.956+0000] {processor.py:830} INFO - Processing file /home/airflow/.local/lib/python3.8/site-packages/airflow/example_dags/example_python_decorator.py for tasks to queue
[2024-02-07T08:55:31.963+0000] {logging_mixin.py:188} INFO - [2024-02-07T08:55:31.963+0000] {dagbag.py:538} INFO - Filling up the DagBag from /home/airflow/.local/lib/python3.8/site-packages/airflow/example_dags/example_python_decorator.py
[2024-02-07T08:55:31.986+0000] {processor.py:840} INFO - DAG(s) 'example_python_decorator' retrieved from /home/airflow/.local/lib/python3.8/site-packages/airflow/example_dags/example_python_decorator.py
[2024-02-07T08:55:32.035+0000] {logging_mixin.py:188} INFO - [2024-02-07T08:55:32.035+0000] {dag.py:3033} INFO - Sync 1 DAGs
[2024-02-07T08:55:32.068+0000] {logging_mixin.py:188} INFO - [2024-02-07T08:55:32.067+0000] {dag.py:3820} INFO - Setting next_dagrun for example_python_decorator to None, run_after=None
[2024-02-07T08:55:32.126+0000] {processor.py:183} INFO - Processing /home/airflow/.local/lib/python3.8/site-packages/airflow/example_dags/example_python_decorator.py took 0.178 seconds
[2024-02-07T08:56:10.273+0000] {processor.py:161} INFO - Started process (PID=1851) to work on /home/airflow/.local/lib/python3.8/site-packages/airflow/example_dags/example_python_decorator.py
[2024-02-07T08:56:10.275+0000] {processor.py:830} INFO - Processing file /home/airflow/.local/lib/python3.8/site-packages/airflow/example_dags/example_python_decorator.py for tasks to queue
[2024-02-07T08:56:10.280+0000] {logging_mixin.py:188} INFO - [2024-02-07T08:56:10.279+0000] {dagbag.py:538} INFO - Filling up the DagBag from /home/airflow/.local/lib/python3.8/site-packages/airflow/example_dags/example_python_decorator.py
[2024-02-07T08:56:10.299+0000] {processor.py:840} INFO - DAG(s) 'example_python_decorator' retrieved from /home/airflow/.local/lib/python3.8/site-packages/airflow/example_dags/example_python_decorator.py
[2024-02-07T08:56:10.341+0000] {logging_mixin.py:188} INFO - [2024-02-07T08:56:10.341+0000] {dag.py:3033} INFO - Sync 1 DAGs
[2024-02-07T08:56:10.373+0000] {logging_mixin.py:188} INFO - [2024-02-07T08:56:10.372+0000] {dag.py:3820} INFO - Setting next_dagrun for example_python_decorator to None, run_after=None
[2024-02-07T08:56:10.429+0000] {processor.py:183} INFO - Processing /home/airflow/.local/lib/python3.8/site-packages/airflow/example_dags/example_python_decorator.py took 0.163 seconds
[2024-02-07T08:56:41.457+0000] {processor.py:161} INFO - Started process (PID=1908) to work on /home/airflow/.local/lib/python3.8/site-packages/airflow/example_dags/example_python_decorator.py
[2024-02-07T08:56:41.459+0000] {processor.py:830} INFO - Processing file /home/airflow/.local/lib/python3.8/site-packages/airflow/example_dags/example_python_decorator.py for tasks to queue
[2024-02-07T08:56:41.464+0000] {logging_mixin.py:188} INFO - [2024-02-07T08:56:41.464+0000] {dagbag.py:538} INFO - Filling up the DagBag from /home/airflow/.local/lib/python3.8/site-packages/airflow/example_dags/example_python_decorator.py
[2024-02-07T08:56:41.489+0000] {processor.py:840} INFO - DAG(s) 'example_python_decorator' retrieved from /home/airflow/.local/lib/python3.8/site-packages/airflow/example_dags/example_python_decorator.py
[2024-02-07T08:56:41.571+0000] {logging_mixin.py:188} INFO - [2024-02-07T08:56:41.570+0000] {dag.py:3033} INFO - Sync 1 DAGs
[2024-02-07T08:56:41.608+0000] {logging_mixin.py:188} INFO - [2024-02-07T08:56:41.607+0000] {dag.py:3820} INFO - Setting next_dagrun for example_python_decorator to None, run_after=None
[2024-02-07T08:56:41.665+0000] {processor.py:183} INFO - Processing /home/airflow/.local/lib/python3.8/site-packages/airflow/example_dags/example_python_decorator.py took 0.220 seconds
[2024-02-07T08:57:12.386+0000] {processor.py:161} INFO - Started process (PID=1965) to work on /home/airflow/.local/lib/python3.8/site-packages/airflow/example_dags/example_python_decorator.py
[2024-02-07T08:57:12.388+0000] {processor.py:830} INFO - Processing file /home/airflow/.local/lib/python3.8/site-packages/airflow/example_dags/example_python_decorator.py for tasks to queue
[2024-02-07T08:57:12.393+0000] {logging_mixin.py:188} INFO - [2024-02-07T08:57:12.392+0000] {dagbag.py:538} INFO - Filling up the DagBag from /home/airflow/.local/lib/python3.8/site-packages/airflow/example_dags/example_python_decorator.py
[2024-02-07T08:57:12.416+0000] {processor.py:840} INFO - DAG(s) 'example_python_decorator' retrieved from /home/airflow/.local/lib/python3.8/site-packages/airflow/example_dags/example_python_decorator.py
[2024-02-07T08:57:12.464+0000] {logging_mixin.py:188} INFO - [2024-02-07T08:57:12.464+0000] {dag.py:3033} INFO - Sync 1 DAGs
[2024-02-07T08:57:12.493+0000] {logging_mixin.py:188} INFO - [2024-02-07T08:57:12.492+0000] {dag.py:3820} INFO - Setting next_dagrun for example_python_decorator to None, run_after=None
[2024-02-07T08:57:12.545+0000] {processor.py:183} INFO - Processing /home/airflow/.local/lib/python3.8/site-packages/airflow/example_dags/example_python_decorator.py took 0.172 seconds
[2024-02-07T08:57:43.450+0000] {processor.py:161} INFO - Started process (PID=2023) to work on /home/airflow/.local/lib/python3.8/site-packages/airflow/example_dags/example_python_decorator.py
[2024-02-07T08:57:43.453+0000] {processor.py:830} INFO - Processing file /home/airflow/.local/lib/python3.8/site-packages/airflow/example_dags/example_python_decorator.py for tasks to queue
[2024-02-07T08:57:43.464+0000] {logging_mixin.py:188} INFO - [2024-02-07T08:57:43.463+0000] {dagbag.py:538} INFO - Filling up the DagBag from /home/airflow/.local/lib/python3.8/site-packages/airflow/example_dags/example_python_decorator.py
[2024-02-07T08:57:43.498+0000] {processor.py:840} INFO - DAG(s) 'example_python_decorator' retrieved from /home/airflow/.local/lib/python3.8/site-packages/airflow/example_dags/example_python_decorator.py
[2024-02-07T08:57:43.568+0000] {logging_mixin.py:188} INFO - [2024-02-07T08:57:43.567+0000] {dag.py:3033} INFO - Sync 1 DAGs
[2024-02-07T08:57:43.614+0000] {logging_mixin.py:188} INFO - [2024-02-07T08:57:43.614+0000] {dag.py:3820} INFO - Setting next_dagrun for example_python_decorator to None, run_after=None
[2024-02-07T08:57:43.689+0000] {processor.py:183} INFO - Processing /home/airflow/.local/lib/python3.8/site-packages/airflow/example_dags/example_python_decorator.py took 0.254 seconds
[2024-02-07T08:58:14.538+0000] {processor.py:161} INFO - Started process (PID=2081) to work on /home/airflow/.local/lib/python3.8/site-packages/airflow/example_dags/example_python_decorator.py
[2024-02-07T08:58:14.540+0000] {processor.py:830} INFO - Processing file /home/airflow/.local/lib/python3.8/site-packages/airflow/example_dags/example_python_decorator.py for tasks to queue
[2024-02-07T08:58:14.546+0000] {logging_mixin.py:188} INFO - [2024-02-07T08:58:14.546+0000] {dagbag.py:538} INFO - Filling up the DagBag from /home/airflow/.local/lib/python3.8/site-packages/airflow/example_dags/example_python_decorator.py
[2024-02-07T08:58:14.577+0000] {processor.py:840} INFO - DAG(s) 'example_python_decorator' retrieved from /home/airflow/.local/lib/python3.8/site-packages/airflow/example_dags/example_python_decorator.py
[2024-02-07T08:58:14.656+0000] {logging_mixin.py:188} INFO - [2024-02-07T08:58:14.654+0000] {dag.py:3033} INFO - Sync 1 DAGs
[2024-02-07T08:58:14.692+0000] {logging_mixin.py:188} INFO - [2024-02-07T08:58:14.692+0000] {dag.py:3820} INFO - Setting next_dagrun for example_python_decorator to None, run_after=None
[2024-02-07T08:58:14.745+0000] {processor.py:183} INFO - Processing /home/airflow/.local/lib/python3.8/site-packages/airflow/example_dags/example_python_decorator.py took 0.214 seconds
[2024-02-07T08:58:45.305+0000] {processor.py:161} INFO - Started process (PID=2138) to work on /home/airflow/.local/lib/python3.8/site-packages/airflow/example_dags/example_python_decorator.py
[2024-02-07T08:58:45.308+0000] {processor.py:830} INFO - Processing file /home/airflow/.local/lib/python3.8/site-packages/airflow/example_dags/example_python_decorator.py for tasks to queue
[2024-02-07T08:58:45.312+0000] {logging_mixin.py:188} INFO - [2024-02-07T08:58:45.312+0000] {dagbag.py:538} INFO - Filling up the DagBag from /home/airflow/.local/lib/python3.8/site-packages/airflow/example_dags/example_python_decorator.py
[2024-02-07T08:58:45.330+0000] {processor.py:840} INFO - DAG(s) 'example_python_decorator' retrieved from /home/airflow/.local/lib/python3.8/site-packages/airflow/example_dags/example_python_decorator.py
[2024-02-07T08:58:45.612+0000] {logging_mixin.py:188} INFO - [2024-02-07T08:58:45.611+0000] {dag.py:3033} INFO - Sync 1 DAGs
[2024-02-07T08:58:45.640+0000] {logging_mixin.py:188} INFO - [2024-02-07T08:58:45.640+0000] {dag.py:3820} INFO - Setting next_dagrun for example_python_decorator to None, run_after=None
[2024-02-07T08:58:45.679+0000] {processor.py:183} INFO - Processing /home/airflow/.local/lib/python3.8/site-packages/airflow/example_dags/example_python_decorator.py took 0.382 seconds
[2024-02-07T08:59:16.094+0000] {processor.py:161} INFO - Started process (PID=2195) to work on /home/airflow/.local/lib/python3.8/site-packages/airflow/example_dags/example_python_decorator.py
[2024-02-07T08:59:16.097+0000] {processor.py:830} INFO - Processing file /home/airflow/.local/lib/python3.8/site-packages/airflow/example_dags/example_python_decorator.py for tasks to queue
[2024-02-07T08:59:16.103+0000] {logging_mixin.py:188} INFO - [2024-02-07T08:59:16.102+0000] {dagbag.py:538} INFO - Filling up the DagBag from /home/airflow/.local/lib/python3.8/site-packages/airflow/example_dags/example_python_decorator.py
[2024-02-07T08:59:16.127+0000] {processor.py:840} INFO - DAG(s) 'example_python_decorator' retrieved from /home/airflow/.local/lib/python3.8/site-packages/airflow/example_dags/example_python_decorator.py
[2024-02-07T08:59:16.182+0000] {logging_mixin.py:188} INFO - [2024-02-07T08:59:16.182+0000] {dag.py:3033} INFO - Sync 1 DAGs
[2024-02-07T08:59:16.215+0000] {logging_mixin.py:188} INFO - [2024-02-07T08:59:16.215+0000] {dag.py:3820} INFO - Setting next_dagrun for example_python_decorator to None, run_after=None
[2024-02-07T08:59:16.274+0000] {processor.py:183} INFO - Processing /home/airflow/.local/lib/python3.8/site-packages/airflow/example_dags/example_python_decorator.py took 0.189 seconds
[2024-02-07T08:59:47.037+0000] {processor.py:161} INFO - Started process (PID=2252) to work on /home/airflow/.local/lib/python3.8/site-packages/airflow/example_dags/example_python_decorator.py
[2024-02-07T08:59:47.039+0000] {processor.py:830} INFO - Processing file /home/airflow/.local/lib/python3.8/site-packages/airflow/example_dags/example_python_decorator.py for tasks to queue
[2024-02-07T08:59:47.042+0000] {logging_mixin.py:188} INFO - [2024-02-07T08:59:47.041+0000] {dagbag.py:538} INFO - Filling up the DagBag from /home/airflow/.local/lib/python3.8/site-packages/airflow/example_dags/example_python_decorator.py
[2024-02-07T08:59:47.051+0000] {processor.py:840} INFO - DAG(s) 'example_python_decorator' retrieved from /home/airflow/.local/lib/python3.8/site-packages/airflow/example_dags/example_python_decorator.py
[2024-02-07T08:59:47.076+0000] {logging_mixin.py:188} INFO - [2024-02-07T08:59:47.075+0000] {dag.py:3033} INFO - Sync 1 DAGs
[2024-02-07T08:59:47.088+0000] {logging_mixin.py:188} INFO - [2024-02-07T08:59:47.088+0000] {dag.py:3820} INFO - Setting next_dagrun for example_python_decorator to None, run_after=None
[2024-02-07T08:59:47.112+0000] {processor.py:183} INFO - Processing /home/airflow/.local/lib/python3.8/site-packages/airflow/example_dags/example_python_decorator.py took 0.078 seconds
[2024-02-07T09:00:17.474+0000] {processor.py:161} INFO - Started process (PID=2309) to work on /home/airflow/.local/lib/python3.8/site-packages/airflow/example_dags/example_python_decorator.py
[2024-02-07T09:00:17.475+0000] {processor.py:830} INFO - Processing file /home/airflow/.local/lib/python3.8/site-packages/airflow/example_dags/example_python_decorator.py for tasks to queue
[2024-02-07T09:00:17.478+0000] {logging_mixin.py:188} INFO - [2024-02-07T09:00:17.477+0000] {dagbag.py:538} INFO - Filling up the DagBag from /home/airflow/.local/lib/python3.8/site-packages/airflow/example_dags/example_python_decorator.py
[2024-02-07T09:00:17.489+0000] {processor.py:840} INFO - DAG(s) 'example_python_decorator' retrieved from /home/airflow/.local/lib/python3.8/site-packages/airflow/example_dags/example_python_decorator.py
[2024-02-07T09:00:17.519+0000] {logging_mixin.py:188} INFO - [2024-02-07T09:00:17.518+0000] {dag.py:3033} INFO - Sync 1 DAGs
[2024-02-07T09:00:17.534+0000] {logging_mixin.py:188} INFO - [2024-02-07T09:00:17.534+0000] {dag.py:3820} INFO - Setting next_dagrun for example_python_decorator to None, run_after=None
[2024-02-07T09:00:17.557+0000] {processor.py:183} INFO - Processing /home/airflow/.local/lib/python3.8/site-packages/airflow/example_dags/example_python_decorator.py took 0.088 seconds
[2024-02-07T09:00:47.694+0000] {processor.py:161} INFO - Started process (PID=2366) to work on /home/airflow/.local/lib/python3.8/site-packages/airflow/example_dags/example_python_decorator.py
[2024-02-07T09:00:47.695+0000] {processor.py:830} INFO - Processing file /home/airflow/.local/lib/python3.8/site-packages/airflow/example_dags/example_python_decorator.py for tasks to queue
[2024-02-07T09:00:47.698+0000] {logging_mixin.py:188} INFO - [2024-02-07T09:00:47.698+0000] {dagbag.py:538} INFO - Filling up the DagBag from /home/airflow/.local/lib/python3.8/site-packages/airflow/example_dags/example_python_decorator.py
[2024-02-07T09:00:47.707+0000] {processor.py:840} INFO - DAG(s) 'example_python_decorator' retrieved from /home/airflow/.local/lib/python3.8/site-packages/airflow/example_dags/example_python_decorator.py
[2024-02-07T09:00:47.731+0000] {logging_mixin.py:188} INFO - [2024-02-07T09:00:47.731+0000] {dag.py:3033} INFO - Sync 1 DAGs
[2024-02-07T09:00:47.744+0000] {logging_mixin.py:188} INFO - [2024-02-07T09:00:47.744+0000] {dag.py:3820} INFO - Setting next_dagrun for example_python_decorator to None, run_after=None
[2024-02-07T09:00:47.768+0000] {processor.py:183} INFO - Processing /home/airflow/.local/lib/python3.8/site-packages/airflow/example_dags/example_python_decorator.py took 0.078 seconds
[2024-02-07T09:01:17.921+0000] {processor.py:161} INFO - Started process (PID=2423) to work on /home/airflow/.local/lib/python3.8/site-packages/airflow/example_dags/example_python_decorator.py
[2024-02-07T09:01:17.923+0000] {processor.py:830} INFO - Processing file /home/airflow/.local/lib/python3.8/site-packages/airflow/example_dags/example_python_decorator.py for tasks to queue
[2024-02-07T09:01:17.926+0000] {logging_mixin.py:188} INFO - [2024-02-07T09:01:17.926+0000] {dagbag.py:538} INFO - Filling up the DagBag from /home/airflow/.local/lib/python3.8/site-packages/airflow/example_dags/example_python_decorator.py
[2024-02-07T09:01:17.950+0000] {processor.py:840} INFO - DAG(s) 'example_python_decorator' retrieved from /home/airflow/.local/lib/python3.8/site-packages/airflow/example_dags/example_python_decorator.py
[2024-02-07T09:01:18.003+0000] {logging_mixin.py:188} INFO - [2024-02-07T09:01:18.002+0000] {dag.py:3033} INFO - Sync 1 DAGs
[2024-02-07T09:01:18.033+0000] {logging_mixin.py:188} INFO - [2024-02-07T09:01:18.033+0000] {dag.py:3820} INFO - Setting next_dagrun for example_python_decorator to None, run_after=None
[2024-02-07T09:01:18.086+0000] {processor.py:183} INFO - Processing /home/airflow/.local/lib/python3.8/site-packages/airflow/example_dags/example_python_decorator.py took 0.169 seconds
[2024-02-07T09:01:48.706+0000] {processor.py:161} INFO - Started process (PID=2480) to work on /home/airflow/.local/lib/python3.8/site-packages/airflow/example_dags/example_python_decorator.py
[2024-02-07T09:01:48.708+0000] {processor.py:830} INFO - Processing file /home/airflow/.local/lib/python3.8/site-packages/airflow/example_dags/example_python_decorator.py for tasks to queue
[2024-02-07T09:01:48.710+0000] {logging_mixin.py:188} INFO - [2024-02-07T09:01:48.710+0000] {dagbag.py:538} INFO - Filling up the DagBag from /home/airflow/.local/lib/python3.8/site-packages/airflow/example_dags/example_python_decorator.py
[2024-02-07T09:01:48.719+0000] {processor.py:840} INFO - DAG(s) 'example_python_decorator' retrieved from /home/airflow/.local/lib/python3.8/site-packages/airflow/example_dags/example_python_decorator.py
[2024-02-07T09:01:48.746+0000] {logging_mixin.py:188} INFO - [2024-02-07T09:01:48.746+0000] {dag.py:3033} INFO - Sync 1 DAGs
[2024-02-07T09:01:48.759+0000] {logging_mixin.py:188} INFO - [2024-02-07T09:01:48.759+0000] {dag.py:3820} INFO - Setting next_dagrun for example_python_decorator to None, run_after=None
[2024-02-07T09:01:48.784+0000] {processor.py:183} INFO - Processing /home/airflow/.local/lib/python3.8/site-packages/airflow/example_dags/example_python_decorator.py took 0.082 seconds
[2024-02-07T09:02:19.240+0000] {processor.py:161} INFO - Started process (PID=2538) to work on /home/airflow/.local/lib/python3.8/site-packages/airflow/example_dags/example_python_decorator.py
[2024-02-07T09:02:19.242+0000] {processor.py:830} INFO - Processing file /home/airflow/.local/lib/python3.8/site-packages/airflow/example_dags/example_python_decorator.py for tasks to queue
[2024-02-07T09:02:19.245+0000] {logging_mixin.py:188} INFO - [2024-02-07T09:02:19.244+0000] {dagbag.py:538} INFO - Filling up the DagBag from /home/airflow/.local/lib/python3.8/site-packages/airflow/example_dags/example_python_decorator.py
[2024-02-07T09:02:19.254+0000] {processor.py:840} INFO - DAG(s) 'example_python_decorator' retrieved from /home/airflow/.local/lib/python3.8/site-packages/airflow/example_dags/example_python_decorator.py
[2024-02-07T09:02:19.278+0000] {logging_mixin.py:188} INFO - [2024-02-07T09:02:19.278+0000] {dag.py:3033} INFO - Sync 1 DAGs
[2024-02-07T09:02:19.291+0000] {logging_mixin.py:188} INFO - [2024-02-07T09:02:19.290+0000] {dag.py:3820} INFO - Setting next_dagrun for example_python_decorator to None, run_after=None
[2024-02-07T09:02:19.315+0000] {processor.py:183} INFO - Processing /home/airflow/.local/lib/python3.8/site-packages/airflow/example_dags/example_python_decorator.py took 0.078 seconds
[2024-02-07T09:02:49.741+0000] {processor.py:161} INFO - Started process (PID=2595) to work on /home/airflow/.local/lib/python3.8/site-packages/airflow/example_dags/example_python_decorator.py
[2024-02-07T09:02:49.743+0000] {processor.py:830} INFO - Processing file /home/airflow/.local/lib/python3.8/site-packages/airflow/example_dags/example_python_decorator.py for tasks to queue
[2024-02-07T09:02:49.746+0000] {logging_mixin.py:188} INFO - [2024-02-07T09:02:49.746+0000] {dagbag.py:538} INFO - Filling up the DagBag from /home/airflow/.local/lib/python3.8/site-packages/airflow/example_dags/example_python_decorator.py
[2024-02-07T09:02:49.760+0000] {processor.py:840} INFO - DAG(s) 'example_python_decorator' retrieved from /home/airflow/.local/lib/python3.8/site-packages/airflow/example_dags/example_python_decorator.py
[2024-02-07T09:02:49.787+0000] {logging_mixin.py:188} INFO - [2024-02-07T09:02:49.786+0000] {dag.py:3033} INFO - Sync 1 DAGs
[2024-02-07T09:02:49.803+0000] {logging_mixin.py:188} INFO - [2024-02-07T09:02:49.803+0000] {dag.py:3820} INFO - Setting next_dagrun for example_python_decorator to None, run_after=None
[2024-02-07T09:02:49.827+0000] {processor.py:183} INFO - Processing /home/airflow/.local/lib/python3.8/site-packages/airflow/example_dags/example_python_decorator.py took 0.092 seconds
[2024-02-07T09:03:20.509+0000] {processor.py:161} INFO - Started process (PID=2652) to work on /home/airflow/.local/lib/python3.8/site-packages/airflow/example_dags/example_python_decorator.py
[2024-02-07T09:03:20.510+0000] {processor.py:830} INFO - Processing file /home/airflow/.local/lib/python3.8/site-packages/airflow/example_dags/example_python_decorator.py for tasks to queue
[2024-02-07T09:03:20.512+0000] {logging_mixin.py:188} INFO - [2024-02-07T09:03:20.512+0000] {dagbag.py:538} INFO - Filling up the DagBag from /home/airflow/.local/lib/python3.8/site-packages/airflow/example_dags/example_python_decorator.py
[2024-02-07T09:03:20.523+0000] {processor.py:840} INFO - DAG(s) 'example_python_decorator' retrieved from /home/airflow/.local/lib/python3.8/site-packages/airflow/example_dags/example_python_decorator.py
[2024-02-07T09:03:20.549+0000] {logging_mixin.py:188} INFO - [2024-02-07T09:03:20.549+0000] {dag.py:3033} INFO - Sync 1 DAGs
[2024-02-07T09:03:20.563+0000] {logging_mixin.py:188} INFO - [2024-02-07T09:03:20.563+0000] {dag.py:3820} INFO - Setting next_dagrun for example_python_decorator to None, run_after=None
[2024-02-07T09:03:20.591+0000] {processor.py:183} INFO - Processing /home/airflow/.local/lib/python3.8/site-packages/airflow/example_dags/example_python_decorator.py took 0.086 seconds
[2024-02-07T09:03:50.678+0000] {processor.py:161} INFO - Started process (PID=2709) to work on /home/airflow/.local/lib/python3.8/site-packages/airflow/example_dags/example_python_decorator.py
[2024-02-07T09:03:50.679+0000] {processor.py:830} INFO - Processing file /home/airflow/.local/lib/python3.8/site-packages/airflow/example_dags/example_python_decorator.py for tasks to queue
[2024-02-07T09:03:50.682+0000] {logging_mixin.py:188} INFO - [2024-02-07T09:03:50.682+0000] {dagbag.py:538} INFO - Filling up the DagBag from /home/airflow/.local/lib/python3.8/site-packages/airflow/example_dags/example_python_decorator.py
[2024-02-07T09:03:50.694+0000] {processor.py:840} INFO - DAG(s) 'example_python_decorator' retrieved from /home/airflow/.local/lib/python3.8/site-packages/airflow/example_dags/example_python_decorator.py
[2024-02-07T09:03:50.719+0000] {logging_mixin.py:188} INFO - [2024-02-07T09:03:50.718+0000] {dag.py:3033} INFO - Sync 1 DAGs
[2024-02-07T09:03:50.731+0000] {logging_mixin.py:188} INFO - [2024-02-07T09:03:50.731+0000] {dag.py:3820} INFO - Setting next_dagrun for example_python_decorator to None, run_after=None
[2024-02-07T09:03:50.755+0000] {processor.py:183} INFO - Processing /home/airflow/.local/lib/python3.8/site-packages/airflow/example_dags/example_python_decorator.py took 0.080 seconds
[2024-02-07T09:04:21.226+0000] {processor.py:161} INFO - Started process (PID=2766) to work on /home/airflow/.local/lib/python3.8/site-packages/airflow/example_dags/example_python_decorator.py
[2024-02-07T09:04:21.227+0000] {processor.py:830} INFO - Processing file /home/airflow/.local/lib/python3.8/site-packages/airflow/example_dags/example_python_decorator.py for tasks to queue
[2024-02-07T09:04:21.230+0000] {logging_mixin.py:188} INFO - [2024-02-07T09:04:21.230+0000] {dagbag.py:538} INFO - Filling up the DagBag from /home/airflow/.local/lib/python3.8/site-packages/airflow/example_dags/example_python_decorator.py
[2024-02-07T09:04:21.240+0000] {processor.py:840} INFO - DAG(s) 'example_python_decorator' retrieved from /home/airflow/.local/lib/python3.8/site-packages/airflow/example_dags/example_python_decorator.py
[2024-02-07T09:04:21.265+0000] {logging_mixin.py:188} INFO - [2024-02-07T09:04:21.265+0000] {dag.py:3033} INFO - Sync 1 DAGs
[2024-02-07T09:04:21.277+0000] {logging_mixin.py:188} INFO - [2024-02-07T09:04:21.277+0000] {dag.py:3820} INFO - Setting next_dagrun for example_python_decorator to None, run_after=None
[2024-02-07T09:04:21.301+0000] {processor.py:183} INFO - Processing /home/airflow/.local/lib/python3.8/site-packages/airflow/example_dags/example_python_decorator.py took 0.078 seconds
[2024-02-07T09:04:51.563+0000] {processor.py:161} INFO - Started process (PID=2823) to work on /home/airflow/.local/lib/python3.8/site-packages/airflow/example_dags/example_python_decorator.py
[2024-02-07T09:04:51.564+0000] {processor.py:830} INFO - Processing file /home/airflow/.local/lib/python3.8/site-packages/airflow/example_dags/example_python_decorator.py for tasks to queue
[2024-02-07T09:04:51.567+0000] {logging_mixin.py:188} INFO - [2024-02-07T09:04:51.566+0000] {dagbag.py:538} INFO - Filling up the DagBag from /home/airflow/.local/lib/python3.8/site-packages/airflow/example_dags/example_python_decorator.py
[2024-02-07T09:04:51.577+0000] {processor.py:840} INFO - DAG(s) 'example_python_decorator' retrieved from /home/airflow/.local/lib/python3.8/site-packages/airflow/example_dags/example_python_decorator.py
[2024-02-07T09:04:51.602+0000] {logging_mixin.py:188} INFO - [2024-02-07T09:04:51.602+0000] {dag.py:3033} INFO - Sync 1 DAGs
[2024-02-07T09:04:51.614+0000] {logging_mixin.py:188} INFO - [2024-02-07T09:04:51.614+0000] {dag.py:3820} INFO - Setting next_dagrun for example_python_decorator to None, run_after=None
[2024-02-07T09:04:51.638+0000] {processor.py:183} INFO - Processing /home/airflow/.local/lib/python3.8/site-packages/airflow/example_dags/example_python_decorator.py took 0.078 seconds
[2024-02-07T09:05:21.823+0000] {processor.py:161} INFO - Started process (PID=2880) to work on /home/airflow/.local/lib/python3.8/site-packages/airflow/example_dags/example_python_decorator.py
[2024-02-07T09:05:21.825+0000] {processor.py:830} INFO - Processing file /home/airflow/.local/lib/python3.8/site-packages/airflow/example_dags/example_python_decorator.py for tasks to queue
[2024-02-07T09:05:21.827+0000] {logging_mixin.py:188} INFO - [2024-02-07T09:05:21.827+0000] {dagbag.py:538} INFO - Filling up the DagBag from /home/airflow/.local/lib/python3.8/site-packages/airflow/example_dags/example_python_decorator.py
[2024-02-07T09:05:21.837+0000] {processor.py:840} INFO - DAG(s) 'example_python_decorator' retrieved from /home/airflow/.local/lib/python3.8/site-packages/airflow/example_dags/example_python_decorator.py
[2024-02-07T09:05:21.861+0000] {logging_mixin.py:188} INFO - [2024-02-07T09:05:21.861+0000] {dag.py:3033} INFO - Sync 1 DAGs
[2024-02-07T09:05:21.874+0000] {logging_mixin.py:188} INFO - [2024-02-07T09:05:21.874+0000] {dag.py:3820} INFO - Setting next_dagrun for example_python_decorator to None, run_after=None
[2024-02-07T09:05:21.899+0000] {processor.py:183} INFO - Processing /home/airflow/.local/lib/python3.8/site-packages/airflow/example_dags/example_python_decorator.py took 0.078 seconds
[2024-02-07T09:05:52.399+0000] {processor.py:161} INFO - Started process (PID=2937) to work on /home/airflow/.local/lib/python3.8/site-packages/airflow/example_dags/example_python_decorator.py
[2024-02-07T09:05:52.400+0000] {processor.py:830} INFO - Processing file /home/airflow/.local/lib/python3.8/site-packages/airflow/example_dags/example_python_decorator.py for tasks to queue
[2024-02-07T09:05:52.403+0000] {logging_mixin.py:188} INFO - [2024-02-07T09:05:52.403+0000] {dagbag.py:538} INFO - Filling up the DagBag from /home/airflow/.local/lib/python3.8/site-packages/airflow/example_dags/example_python_decorator.py
[2024-02-07T09:05:52.412+0000] {processor.py:840} INFO - DAG(s) 'example_python_decorator' retrieved from /home/airflow/.local/lib/python3.8/site-packages/airflow/example_dags/example_python_decorator.py
[2024-02-07T09:05:52.436+0000] {logging_mixin.py:188} INFO - [2024-02-07T09:05:52.436+0000] {dag.py:3033} INFO - Sync 1 DAGs
[2024-02-07T09:05:52.449+0000] {logging_mixin.py:188} INFO - [2024-02-07T09:05:52.449+0000] {dag.py:3820} INFO - Setting next_dagrun for example_python_decorator to None, run_after=None
[2024-02-07T09:05:52.473+0000] {processor.py:183} INFO - Processing /home/airflow/.local/lib/python3.8/site-packages/airflow/example_dags/example_python_decorator.py took 0.077 seconds
[2024-02-07T09:06:22.581+0000] {processor.py:161} INFO - Started process (PID=2994) to work on /home/airflow/.local/lib/python3.8/site-packages/airflow/example_dags/example_python_decorator.py
[2024-02-07T09:06:22.583+0000] {processor.py:830} INFO - Processing file /home/airflow/.local/lib/python3.8/site-packages/airflow/example_dags/example_python_decorator.py for tasks to queue
[2024-02-07T09:06:22.586+0000] {logging_mixin.py:188} INFO - [2024-02-07T09:06:22.585+0000] {dagbag.py:538} INFO - Filling up the DagBag from /home/airflow/.local/lib/python3.8/site-packages/airflow/example_dags/example_python_decorator.py
[2024-02-07T09:06:22.596+0000] {processor.py:840} INFO - DAG(s) 'example_python_decorator' retrieved from /home/airflow/.local/lib/python3.8/site-packages/airflow/example_dags/example_python_decorator.py
[2024-02-07T09:06:22.620+0000] {logging_mixin.py:188} INFO - [2024-02-07T09:06:22.619+0000] {dag.py:3033} INFO - Sync 1 DAGs
[2024-02-07T09:06:22.632+0000] {logging_mixin.py:188} INFO - [2024-02-07T09:06:22.632+0000] {dag.py:3820} INFO - Setting next_dagrun for example_python_decorator to None, run_after=None
[2024-02-07T09:06:22.656+0000] {processor.py:183} INFO - Processing /home/airflow/.local/lib/python3.8/site-packages/airflow/example_dags/example_python_decorator.py took 0.077 seconds
[2024-02-07T09:06:53.154+0000] {processor.py:161} INFO - Started process (PID=3051) to work on /home/airflow/.local/lib/python3.8/site-packages/airflow/example_dags/example_python_decorator.py
[2024-02-07T09:06:53.156+0000] {processor.py:830} INFO - Processing file /home/airflow/.local/lib/python3.8/site-packages/airflow/example_dags/example_python_decorator.py for tasks to queue
[2024-02-07T09:06:53.158+0000] {logging_mixin.py:188} INFO - [2024-02-07T09:06:53.158+0000] {dagbag.py:538} INFO - Filling up the DagBag from /home/airflow/.local/lib/python3.8/site-packages/airflow/example_dags/example_python_decorator.py
[2024-02-07T09:06:53.167+0000] {processor.py:840} INFO - DAG(s) 'example_python_decorator' retrieved from /home/airflow/.local/lib/python3.8/site-packages/airflow/example_dags/example_python_decorator.py
[2024-02-07T09:06:53.190+0000] {logging_mixin.py:188} INFO - [2024-02-07T09:06:53.189+0000] {dag.py:3033} INFO - Sync 1 DAGs
[2024-02-07T09:06:53.202+0000] {logging_mixin.py:188} INFO - [2024-02-07T09:06:53.202+0000] {dag.py:3820} INFO - Setting next_dagrun for example_python_decorator to None, run_after=None
[2024-02-07T09:06:53.227+0000] {processor.py:183} INFO - Processing /home/airflow/.local/lib/python3.8/site-packages/airflow/example_dags/example_python_decorator.py took 0.076 seconds
[2024-02-07T09:07:23.640+0000] {processor.py:161} INFO - Started process (PID=3108) to work on /home/airflow/.local/lib/python3.8/site-packages/airflow/example_dags/example_python_decorator.py
[2024-02-07T09:07:23.642+0000] {processor.py:830} INFO - Processing file /home/airflow/.local/lib/python3.8/site-packages/airflow/example_dags/example_python_decorator.py for tasks to queue
[2024-02-07T09:07:23.645+0000] {logging_mixin.py:188} INFO - [2024-02-07T09:07:23.644+0000] {dagbag.py:538} INFO - Filling up the DagBag from /home/airflow/.local/lib/python3.8/site-packages/airflow/example_dags/example_python_decorator.py
[2024-02-07T09:07:23.658+0000] {processor.py:840} INFO - DAG(s) 'example_python_decorator' retrieved from /home/airflow/.local/lib/python3.8/site-packages/airflow/example_dags/example_python_decorator.py
[2024-02-07T09:07:23.765+0000] {logging_mixin.py:188} INFO - [2024-02-07T09:07:23.765+0000] {dag.py:3033} INFO - Sync 1 DAGs
[2024-02-07T09:07:23.779+0000] {logging_mixin.py:188} INFO - [2024-02-07T09:07:23.778+0000] {dag.py:3820} INFO - Setting next_dagrun for example_python_decorator to None, run_after=None
[2024-02-07T09:07:23.800+0000] {processor.py:183} INFO - Processing /home/airflow/.local/lib/python3.8/site-packages/airflow/example_dags/example_python_decorator.py took 0.164 seconds
[2024-02-07T09:07:54.188+0000] {processor.py:161} INFO - Started process (PID=3165) to work on /home/airflow/.local/lib/python3.8/site-packages/airflow/example_dags/example_python_decorator.py
[2024-02-07T09:07:54.189+0000] {processor.py:830} INFO - Processing file /home/airflow/.local/lib/python3.8/site-packages/airflow/example_dags/example_python_decorator.py for tasks to queue
[2024-02-07T09:07:54.191+0000] {logging_mixin.py:188} INFO - [2024-02-07T09:07:54.191+0000] {dagbag.py:538} INFO - Filling up the DagBag from /home/airflow/.local/lib/python3.8/site-packages/airflow/example_dags/example_python_decorator.py
[2024-02-07T09:07:54.200+0000] {processor.py:840} INFO - DAG(s) 'example_python_decorator' retrieved from /home/airflow/.local/lib/python3.8/site-packages/airflow/example_dags/example_python_decorator.py
[2024-02-07T09:07:54.225+0000] {logging_mixin.py:188} INFO - [2024-02-07T09:07:54.224+0000] {dag.py:3033} INFO - Sync 1 DAGs
[2024-02-07T09:07:54.238+0000] {logging_mixin.py:188} INFO - [2024-02-07T09:07:54.238+0000] {dag.py:3820} INFO - Setting next_dagrun for example_python_decorator to None, run_after=None
[2024-02-07T09:07:54.262+0000] {processor.py:183} INFO - Processing /home/airflow/.local/lib/python3.8/site-packages/airflow/example_dags/example_python_decorator.py took 0.077 seconds
[2024-02-07T09:08:24.382+0000] {processor.py:161} INFO - Started process (PID=3222) to work on /home/airflow/.local/lib/python3.8/site-packages/airflow/example_dags/example_python_decorator.py
[2024-02-07T09:08:24.384+0000] {processor.py:830} INFO - Processing file /home/airflow/.local/lib/python3.8/site-packages/airflow/example_dags/example_python_decorator.py for tasks to queue
[2024-02-07T09:08:24.386+0000] {logging_mixin.py:188} INFO - [2024-02-07T09:08:24.386+0000] {dagbag.py:538} INFO - Filling up the DagBag from /home/airflow/.local/lib/python3.8/site-packages/airflow/example_dags/example_python_decorator.py
[2024-02-07T09:08:24.395+0000] {processor.py:840} INFO - DAG(s) 'example_python_decorator' retrieved from /home/airflow/.local/lib/python3.8/site-packages/airflow/example_dags/example_python_decorator.py
[2024-02-07T09:08:24.419+0000] {logging_mixin.py:188} INFO - [2024-02-07T09:08:24.419+0000] {dag.py:3033} INFO - Sync 1 DAGs
[2024-02-07T09:08:24.431+0000] {logging_mixin.py:188} INFO - [2024-02-07T09:08:24.431+0000] {dag.py:3820} INFO - Setting next_dagrun for example_python_decorator to None, run_after=None
[2024-02-07T09:08:24.454+0000] {processor.py:183} INFO - Processing /home/airflow/.local/lib/python3.8/site-packages/airflow/example_dags/example_python_decorator.py took 0.075 seconds
[2024-02-07T09:08:54.860+0000] {processor.py:161} INFO - Started process (PID=3279) to work on /home/airflow/.local/lib/python3.8/site-packages/airflow/example_dags/example_python_decorator.py
[2024-02-07T09:08:54.861+0000] {processor.py:830} INFO - Processing file /home/airflow/.local/lib/python3.8/site-packages/airflow/example_dags/example_python_decorator.py for tasks to queue
[2024-02-07T09:08:54.864+0000] {logging_mixin.py:188} INFO - [2024-02-07T09:08:54.863+0000] {dagbag.py:538} INFO - Filling up the DagBag from /home/airflow/.local/lib/python3.8/site-packages/airflow/example_dags/example_python_decorator.py
[2024-02-07T09:08:54.876+0000] {processor.py:840} INFO - DAG(s) 'example_python_decorator' retrieved from /home/airflow/.local/lib/python3.8/site-packages/airflow/example_dags/example_python_decorator.py
[2024-02-07T09:08:54.906+0000] {logging_mixin.py:188} INFO - [2024-02-07T09:08:54.906+0000] {dag.py:3033} INFO - Sync 1 DAGs
[2024-02-07T09:08:54.920+0000] {logging_mixin.py:188} INFO - [2024-02-07T09:08:54.919+0000] {dag.py:3820} INFO - Setting next_dagrun for example_python_decorator to None, run_after=None
[2024-02-07T09:08:54.944+0000] {processor.py:183} INFO - Processing /home/airflow/.local/lib/python3.8/site-packages/airflow/example_dags/example_python_decorator.py took 0.088 seconds
[2024-02-07T09:09:25.315+0000] {processor.py:161} INFO - Started process (PID=3336) to work on /home/airflow/.local/lib/python3.8/site-packages/airflow/example_dags/example_python_decorator.py
[2024-02-07T09:09:25.316+0000] {processor.py:830} INFO - Processing file /home/airflow/.local/lib/python3.8/site-packages/airflow/example_dags/example_python_decorator.py for tasks to queue
[2024-02-07T09:09:25.318+0000] {logging_mixin.py:188} INFO - [2024-02-07T09:09:25.318+0000] {dagbag.py:538} INFO - Filling up the DagBag from /home/airflow/.local/lib/python3.8/site-packages/airflow/example_dags/example_python_decorator.py
[2024-02-07T09:09:25.328+0000] {processor.py:840} INFO - DAG(s) 'example_python_decorator' retrieved from /home/airflow/.local/lib/python3.8/site-packages/airflow/example_dags/example_python_decorator.py
[2024-02-07T09:09:25.352+0000] {logging_mixin.py:188} INFO - [2024-02-07T09:09:25.352+0000] {dag.py:3033} INFO - Sync 1 DAGs
[2024-02-07T09:09:25.364+0000] {logging_mixin.py:188} INFO - [2024-02-07T09:09:25.364+0000] {dag.py:3820} INFO - Setting next_dagrun for example_python_decorator to None, run_after=None
[2024-02-07T09:09:25.388+0000] {processor.py:183} INFO - Processing /home/airflow/.local/lib/python3.8/site-packages/airflow/example_dags/example_python_decorator.py took 0.076 seconds
[2024-02-07T09:09:55.879+0000] {processor.py:161} INFO - Started process (PID=3393) to work on /home/airflow/.local/lib/python3.8/site-packages/airflow/example_dags/example_python_decorator.py
[2024-02-07T09:09:55.880+0000] {processor.py:830} INFO - Processing file /home/airflow/.local/lib/python3.8/site-packages/airflow/example_dags/example_python_decorator.py for tasks to queue
[2024-02-07T09:09:55.883+0000] {logging_mixin.py:188} INFO - [2024-02-07T09:09:55.883+0000] {dagbag.py:538} INFO - Filling up the DagBag from /home/airflow/.local/lib/python3.8/site-packages/airflow/example_dags/example_python_decorator.py
[2024-02-07T09:09:55.895+0000] {processor.py:840} INFO - DAG(s) 'example_python_decorator' retrieved from /home/airflow/.local/lib/python3.8/site-packages/airflow/example_dags/example_python_decorator.py
[2024-02-07T09:09:55.924+0000] {logging_mixin.py:188} INFO - [2024-02-07T09:09:55.924+0000] {dag.py:3033} INFO - Sync 1 DAGs
[2024-02-07T09:09:55.936+0000] {logging_mixin.py:188} INFO - [2024-02-07T09:09:55.936+0000] {dag.py:3820} INFO - Setting next_dagrun for example_python_decorator to None, run_after=None
[2024-02-07T09:09:55.961+0000] {processor.py:183} INFO - Processing /home/airflow/.local/lib/python3.8/site-packages/airflow/example_dags/example_python_decorator.py took 0.085 seconds
[2024-02-07T09:10:26.067+0000] {processor.py:161} INFO - Started process (PID=3450) to work on /home/airflow/.local/lib/python3.8/site-packages/airflow/example_dags/example_python_decorator.py
[2024-02-07T09:10:26.068+0000] {processor.py:830} INFO - Processing file /home/airflow/.local/lib/python3.8/site-packages/airflow/example_dags/example_python_decorator.py for tasks to queue
[2024-02-07T09:10:26.072+0000] {logging_mixin.py:188} INFO - [2024-02-07T09:10:26.072+0000] {dagbag.py:538} INFO - Filling up the DagBag from /home/airflow/.local/lib/python3.8/site-packages/airflow/example_dags/example_python_decorator.py
[2024-02-07T09:10:26.090+0000] {processor.py:840} INFO - DAG(s) 'example_python_decorator' retrieved from /home/airflow/.local/lib/python3.8/site-packages/airflow/example_dags/example_python_decorator.py
[2024-02-07T09:10:26.124+0000] {logging_mixin.py:188} INFO - [2024-02-07T09:10:26.124+0000] {dag.py:3033} INFO - Sync 1 DAGs
[2024-02-07T09:10:26.144+0000] {logging_mixin.py:188} INFO - [2024-02-07T09:10:26.144+0000] {dag.py:3820} INFO - Setting next_dagrun for example_python_decorator to None, run_after=None
[2024-02-07T09:10:26.188+0000] {processor.py:183} INFO - Processing /home/airflow/.local/lib/python3.8/site-packages/airflow/example_dags/example_python_decorator.py took 0.124 seconds
[2024-02-07T09:10:56.341+0000] {processor.py:161} INFO - Started process (PID=3507) to work on /home/airflow/.local/lib/python3.8/site-packages/airflow/example_dags/example_python_decorator.py
[2024-02-07T09:10:56.343+0000] {processor.py:830} INFO - Processing file /home/airflow/.local/lib/python3.8/site-packages/airflow/example_dags/example_python_decorator.py for tasks to queue
[2024-02-07T09:10:56.346+0000] {logging_mixin.py:188} INFO - [2024-02-07T09:10:56.346+0000] {dagbag.py:538} INFO - Filling up the DagBag from /home/airflow/.local/lib/python3.8/site-packages/airflow/example_dags/example_python_decorator.py
[2024-02-07T09:10:56.357+0000] {processor.py:840} INFO - DAG(s) 'example_python_decorator' retrieved from /home/airflow/.local/lib/python3.8/site-packages/airflow/example_dags/example_python_decorator.py
[2024-02-07T09:10:56.381+0000] {logging_mixin.py:188} INFO - [2024-02-07T09:10:56.380+0000] {dag.py:3033} INFO - Sync 1 DAGs
[2024-02-07T09:10:56.394+0000] {logging_mixin.py:188} INFO - [2024-02-07T09:10:56.393+0000] {dag.py:3820} INFO - Setting next_dagrun for example_python_decorator to None, run_after=None
[2024-02-07T09:10:56.418+0000] {processor.py:183} INFO - Processing /home/airflow/.local/lib/python3.8/site-packages/airflow/example_dags/example_python_decorator.py took 0.080 seconds
[2024-02-07T09:11:26.569+0000] {processor.py:161} INFO - Started process (PID=3564) to work on /home/airflow/.local/lib/python3.8/site-packages/airflow/example_dags/example_python_decorator.py
[2024-02-07T09:11:26.570+0000] {processor.py:830} INFO - Processing file /home/airflow/.local/lib/python3.8/site-packages/airflow/example_dags/example_python_decorator.py for tasks to queue
[2024-02-07T09:11:26.573+0000] {logging_mixin.py:188} INFO - [2024-02-07T09:11:26.572+0000] {dagbag.py:538} INFO - Filling up the DagBag from /home/airflow/.local/lib/python3.8/site-packages/airflow/example_dags/example_python_decorator.py
[2024-02-07T09:11:26.581+0000] {processor.py:840} INFO - DAG(s) 'example_python_decorator' retrieved from /home/airflow/.local/lib/python3.8/site-packages/airflow/example_dags/example_python_decorator.py
[2024-02-07T09:11:26.607+0000] {logging_mixin.py:188} INFO - [2024-02-07T09:11:26.607+0000] {dag.py:3033} INFO - Sync 1 DAGs
[2024-02-07T09:11:26.619+0000] {logging_mixin.py:188} INFO - [2024-02-07T09:11:26.619+0000] {dag.py:3820} INFO - Setting next_dagrun for example_python_decorator to None, run_after=None
[2024-02-07T09:11:26.645+0000] {processor.py:183} INFO - Processing /home/airflow/.local/lib/python3.8/site-packages/airflow/example_dags/example_python_decorator.py took 0.079 seconds
