[2024-02-07T08:40:12.580+0000] {processor.py:161} INFO - Started process (PID=79) to work on /home/airflow/.local/lib/python3.8/site-packages/airflow/example_dags/example_xcomargs.py
[2024-02-07T08:40:12.581+0000] {processor.py:830} INFO - Processing file /home/airflow/.local/lib/python3.8/site-packages/airflow/example_dags/example_xcomargs.py for tasks to queue
[2024-02-07T08:40:12.584+0000] {logging_mixin.py:188} INFO - [2024-02-07T08:40:12.584+0000] {dagbag.py:538} INFO - Filling up the DagBag from /home/airflow/.local/lib/python3.8/site-packages/airflow/example_dags/example_xcomargs.py
[2024-02-07T08:40:12.591+0000] {processor.py:840} INFO - DAG(s) 'example_xcom_args', 'example_xcom_args_with_operators' retrieved from /home/airflow/.local/lib/python3.8/site-packages/airflow/example_dags/example_xcomargs.py
[2024-02-07T08:40:12.619+0000] {logging_mixin.py:188} INFO - [2024-02-07T08:40:12.618+0000] {dag.py:3033} INFO - Sync 2 DAGs
[2024-02-07T08:40:12.638+0000] {logging_mixin.py:188} INFO - [2024-02-07T08:40:12.638+0000] {dag.py:3820} INFO - Setting next_dagrun for example_xcom_args to None, run_after=None
[2024-02-07T08:40:12.642+0000] {logging_mixin.py:188} INFO - [2024-02-07T08:40:12.642+0000] {dag.py:3820} INFO - Setting next_dagrun for example_xcom_args_with_operators to None, run_after=None
[2024-02-07T08:40:12.663+0000] {processor.py:183} INFO - Processing /home/airflow/.local/lib/python3.8/site-packages/airflow/example_dags/example_xcomargs.py took 0.086 seconds
[2024-02-07T08:40:42.790+0000] {processor.py:161} INFO - Started process (PID=136) to work on /home/airflow/.local/lib/python3.8/site-packages/airflow/example_dags/example_xcomargs.py
[2024-02-07T08:40:42.791+0000] {processor.py:830} INFO - Processing file /home/airflow/.local/lib/python3.8/site-packages/airflow/example_dags/example_xcomargs.py for tasks to queue
[2024-02-07T08:40:42.795+0000] {logging_mixin.py:188} INFO - [2024-02-07T08:40:42.795+0000] {dagbag.py:538} INFO - Filling up the DagBag from /home/airflow/.local/lib/python3.8/site-packages/airflow/example_dags/example_xcomargs.py
[2024-02-07T08:40:42.805+0000] {processor.py:840} INFO - DAG(s) 'example_xcom_args', 'example_xcom_args_with_operators' retrieved from /home/airflow/.local/lib/python3.8/site-packages/airflow/example_dags/example_xcomargs.py
[2024-02-07T08:40:42.835+0000] {logging_mixin.py:188} INFO - [2024-02-07T08:40:42.835+0000] {dag.py:3033} INFO - Sync 2 DAGs
[2024-02-07T08:40:42.854+0000] {logging_mixin.py:188} INFO - [2024-02-07T08:40:42.854+0000] {dag.py:3820} INFO - Setting next_dagrun for example_xcom_args to None, run_after=None
[2024-02-07T08:40:42.859+0000] {logging_mixin.py:188} INFO - [2024-02-07T08:40:42.858+0000] {dag.py:3820} INFO - Setting next_dagrun for example_xcom_args_with_operators to None, run_after=None
[2024-02-07T08:40:42.883+0000] {processor.py:183} INFO - Processing /home/airflow/.local/lib/python3.8/site-packages/airflow/example_dags/example_xcomargs.py took 0.099 seconds
[2024-02-07T08:41:13.730+0000] {processor.py:161} INFO - Started process (PID=193) to work on /home/airflow/.local/lib/python3.8/site-packages/airflow/example_dags/example_xcomargs.py
[2024-02-07T08:41:13.731+0000] {processor.py:830} INFO - Processing file /home/airflow/.local/lib/python3.8/site-packages/airflow/example_dags/example_xcomargs.py for tasks to queue
[2024-02-07T08:41:13.734+0000] {logging_mixin.py:188} INFO - [2024-02-07T08:41:13.734+0000] {dagbag.py:538} INFO - Filling up the DagBag from /home/airflow/.local/lib/python3.8/site-packages/airflow/example_dags/example_xcomargs.py
[2024-02-07T08:41:13.743+0000] {processor.py:840} INFO - DAG(s) 'example_xcom_args_with_operators', 'example_xcom_args' retrieved from /home/airflow/.local/lib/python3.8/site-packages/airflow/example_dags/example_xcomargs.py
[2024-02-07T08:41:13.769+0000] {logging_mixin.py:188} INFO - [2024-02-07T08:41:13.769+0000] {dag.py:3033} INFO - Sync 2 DAGs
[2024-02-07T08:41:13.783+0000] {logging_mixin.py:188} INFO - [2024-02-07T08:41:13.783+0000] {dag.py:3820} INFO - Setting next_dagrun for example_xcom_args to None, run_after=None
[2024-02-07T08:41:13.789+0000] {logging_mixin.py:188} INFO - [2024-02-07T08:41:13.788+0000] {dag.py:3820} INFO - Setting next_dagrun for example_xcom_args_with_operators to None, run_after=None
[2024-02-07T08:41:13.808+0000] {processor.py:183} INFO - Processing /home/airflow/.local/lib/python3.8/site-packages/airflow/example_dags/example_xcomargs.py took 0.081 seconds
[2024-02-07T08:41:44.771+0000] {processor.py:161} INFO - Started process (PID=250) to work on /home/airflow/.local/lib/python3.8/site-packages/airflow/example_dags/example_xcomargs.py
[2024-02-07T08:41:44.772+0000] {processor.py:830} INFO - Processing file /home/airflow/.local/lib/python3.8/site-packages/airflow/example_dags/example_xcomargs.py for tasks to queue
[2024-02-07T08:41:44.774+0000] {logging_mixin.py:188} INFO - [2024-02-07T08:41:44.774+0000] {dagbag.py:538} INFO - Filling up the DagBag from /home/airflow/.local/lib/python3.8/site-packages/airflow/example_dags/example_xcomargs.py
[2024-02-07T08:41:44.782+0000] {processor.py:840} INFO - DAG(s) 'example_xcom_args_with_operators', 'example_xcom_args' retrieved from /home/airflow/.local/lib/python3.8/site-packages/airflow/example_dags/example_xcomargs.py
[2024-02-07T08:41:44.805+0000] {logging_mixin.py:188} INFO - [2024-02-07T08:41:44.804+0000] {dag.py:3033} INFO - Sync 2 DAGs
[2024-02-07T08:41:44.816+0000] {logging_mixin.py:188} INFO - [2024-02-07T08:41:44.816+0000] {dag.py:3820} INFO - Setting next_dagrun for example_xcom_args to None, run_after=None
[2024-02-07T08:41:44.820+0000] {logging_mixin.py:188} INFO - [2024-02-07T08:41:44.820+0000] {dag.py:3820} INFO - Setting next_dagrun for example_xcom_args_with_operators to None, run_after=None
[2024-02-07T08:41:44.839+0000] {processor.py:183} INFO - Processing /home/airflow/.local/lib/python3.8/site-packages/airflow/example_dags/example_xcomargs.py took 0.071 seconds
[2024-02-07T08:42:15.071+0000] {processor.py:161} INFO - Started process (PID=308) to work on /home/airflow/.local/lib/python3.8/site-packages/airflow/example_dags/example_xcomargs.py
[2024-02-07T08:42:15.072+0000] {processor.py:830} INFO - Processing file /home/airflow/.local/lib/python3.8/site-packages/airflow/example_dags/example_xcomargs.py for tasks to queue
[2024-02-07T08:42:15.074+0000] {logging_mixin.py:188} INFO - [2024-02-07T08:42:15.074+0000] {dagbag.py:538} INFO - Filling up the DagBag from /home/airflow/.local/lib/python3.8/site-packages/airflow/example_dags/example_xcomargs.py
[2024-02-07T08:42:15.083+0000] {processor.py:840} INFO - DAG(s) 'example_xcom_args_with_operators', 'example_xcom_args' retrieved from /home/airflow/.local/lib/python3.8/site-packages/airflow/example_dags/example_xcomargs.py
[2024-02-07T08:42:15.114+0000] {logging_mixin.py:188} INFO - [2024-02-07T08:42:15.114+0000] {dag.py:3033} INFO - Sync 2 DAGs
[2024-02-07T08:42:15.132+0000] {logging_mixin.py:188} INFO - [2024-02-07T08:42:15.131+0000] {dag.py:3820} INFO - Setting next_dagrun for example_xcom_args to None, run_after=None
[2024-02-07T08:42:15.137+0000] {logging_mixin.py:188} INFO - [2024-02-07T08:42:15.137+0000] {dag.py:3820} INFO - Setting next_dagrun for example_xcom_args_with_operators to None, run_after=None
[2024-02-07T08:42:15.164+0000] {processor.py:183} INFO - Processing /home/airflow/.local/lib/python3.8/site-packages/airflow/example_dags/example_xcomargs.py took 0.097 seconds
[2024-02-07T08:42:45.915+0000] {processor.py:161} INFO - Started process (PID=365) to work on /home/airflow/.local/lib/python3.8/site-packages/airflow/example_dags/example_xcomargs.py
[2024-02-07T08:42:45.916+0000] {processor.py:830} INFO - Processing file /home/airflow/.local/lib/python3.8/site-packages/airflow/example_dags/example_xcomargs.py for tasks to queue
[2024-02-07T08:42:45.918+0000] {logging_mixin.py:188} INFO - [2024-02-07T08:42:45.918+0000] {dagbag.py:538} INFO - Filling up the DagBag from /home/airflow/.local/lib/python3.8/site-packages/airflow/example_dags/example_xcomargs.py
[2024-02-07T08:42:45.926+0000] {processor.py:840} INFO - DAG(s) 'example_xcom_args', 'example_xcom_args_with_operators' retrieved from /home/airflow/.local/lib/python3.8/site-packages/airflow/example_dags/example_xcomargs.py
[2024-02-07T08:42:45.957+0000] {logging_mixin.py:188} INFO - [2024-02-07T08:42:45.956+0000] {dag.py:3033} INFO - Sync 2 DAGs
[2024-02-07T08:42:45.981+0000] {logging_mixin.py:188} INFO - [2024-02-07T08:42:45.980+0000] {dag.py:3820} INFO - Setting next_dagrun for example_xcom_args to None, run_after=None
[2024-02-07T08:42:45.987+0000] {logging_mixin.py:188} INFO - [2024-02-07T08:42:45.986+0000] {dag.py:3820} INFO - Setting next_dagrun for example_xcom_args_with_operators to None, run_after=None
[2024-02-07T08:42:46.022+0000] {processor.py:183} INFO - Processing /home/airflow/.local/lib/python3.8/site-packages/airflow/example_dags/example_xcomargs.py took 0.111 seconds
[2024-02-07T08:43:16.441+0000] {processor.py:161} INFO - Started process (PID=422) to work on /home/airflow/.local/lib/python3.8/site-packages/airflow/example_dags/example_xcomargs.py
[2024-02-07T08:43:16.442+0000] {processor.py:830} INFO - Processing file /home/airflow/.local/lib/python3.8/site-packages/airflow/example_dags/example_xcomargs.py for tasks to queue
[2024-02-07T08:43:16.445+0000] {logging_mixin.py:188} INFO - [2024-02-07T08:43:16.444+0000] {dagbag.py:538} INFO - Filling up the DagBag from /home/airflow/.local/lib/python3.8/site-packages/airflow/example_dags/example_xcomargs.py
[2024-02-07T08:43:16.457+0000] {processor.py:840} INFO - DAG(s) 'example_xcom_args', 'example_xcom_args_with_operators' retrieved from /home/airflow/.local/lib/python3.8/site-packages/airflow/example_dags/example_xcomargs.py
[2024-02-07T08:43:16.485+0000] {logging_mixin.py:188} INFO - [2024-02-07T08:43:16.485+0000] {dag.py:3033} INFO - Sync 2 DAGs
[2024-02-07T08:43:16.498+0000] {logging_mixin.py:188} INFO - [2024-02-07T08:43:16.498+0000] {dag.py:3820} INFO - Setting next_dagrun for example_xcom_args to None, run_after=None
[2024-02-07T08:43:16.504+0000] {logging_mixin.py:188} INFO - [2024-02-07T08:43:16.504+0000] {dag.py:3820} INFO - Setting next_dagrun for example_xcom_args_with_operators to None, run_after=None
[2024-02-07T08:43:16.536+0000] {processor.py:183} INFO - Processing /home/airflow/.local/lib/python3.8/site-packages/airflow/example_dags/example_xcomargs.py took 0.099 seconds
[2024-02-07T08:43:47.009+0000] {processor.py:161} INFO - Started process (PID=479) to work on /home/airflow/.local/lib/python3.8/site-packages/airflow/example_dags/example_xcomargs.py
[2024-02-07T08:43:47.011+0000] {processor.py:830} INFO - Processing file /home/airflow/.local/lib/python3.8/site-packages/airflow/example_dags/example_xcomargs.py for tasks to queue
[2024-02-07T08:43:47.014+0000] {logging_mixin.py:188} INFO - [2024-02-07T08:43:47.013+0000] {dagbag.py:538} INFO - Filling up the DagBag from /home/airflow/.local/lib/python3.8/site-packages/airflow/example_dags/example_xcomargs.py
[2024-02-07T08:43:47.025+0000] {processor.py:840} INFO - DAG(s) 'example_xcom_args', 'example_xcom_args_with_operators' retrieved from /home/airflow/.local/lib/python3.8/site-packages/airflow/example_dags/example_xcomargs.py
[2024-02-07T08:43:47.051+0000] {logging_mixin.py:188} INFO - [2024-02-07T08:43:47.051+0000] {dag.py:3033} INFO - Sync 2 DAGs
[2024-02-07T08:43:47.064+0000] {logging_mixin.py:188} INFO - [2024-02-07T08:43:47.064+0000] {dag.py:3820} INFO - Setting next_dagrun for example_xcom_args to None, run_after=None
[2024-02-07T08:43:47.069+0000] {logging_mixin.py:188} INFO - [2024-02-07T08:43:47.069+0000] {dag.py:3820} INFO - Setting next_dagrun for example_xcom_args_with_operators to None, run_after=None
[2024-02-07T08:43:47.091+0000] {processor.py:183} INFO - Processing /home/airflow/.local/lib/python3.8/site-packages/airflow/example_dags/example_xcomargs.py took 0.087 seconds
[2024-02-07T08:44:18.545+0000] {processor.py:161} INFO - Started process (PID=536) to work on /home/airflow/.local/lib/python3.8/site-packages/airflow/example_dags/example_xcomargs.py
[2024-02-07T08:44:18.546+0000] {processor.py:830} INFO - Processing file /home/airflow/.local/lib/python3.8/site-packages/airflow/example_dags/example_xcomargs.py for tasks to queue
[2024-02-07T08:44:18.551+0000] {logging_mixin.py:188} INFO - [2024-02-07T08:44:18.550+0000] {dagbag.py:538} INFO - Filling up the DagBag from /home/airflow/.local/lib/python3.8/site-packages/airflow/example_dags/example_xcomargs.py
[2024-02-07T08:44:18.569+0000] {processor.py:840} INFO - DAG(s) 'example_xcom_args', 'example_xcom_args_with_operators' retrieved from /home/airflow/.local/lib/python3.8/site-packages/airflow/example_dags/example_xcomargs.py
[2024-02-07T08:44:18.601+0000] {logging_mixin.py:188} INFO - [2024-02-07T08:44:18.601+0000] {dag.py:3033} INFO - Sync 2 DAGs
[2024-02-07T08:44:18.619+0000] {logging_mixin.py:188} INFO - [2024-02-07T08:44:18.619+0000] {dag.py:3820} INFO - Setting next_dagrun for example_xcom_args to None, run_after=None
[2024-02-07T08:44:18.626+0000] {logging_mixin.py:188} INFO - [2024-02-07T08:44:18.625+0000] {dag.py:3820} INFO - Setting next_dagrun for example_xcom_args_with_operators to None, run_after=None
[2024-02-07T08:44:18.653+0000] {processor.py:183} INFO - Processing /home/airflow/.local/lib/python3.8/site-packages/airflow/example_dags/example_xcomargs.py took 0.113 seconds
[2024-02-07T08:44:48.771+0000] {processor.py:161} INFO - Started process (PID=594) to work on /home/airflow/.local/lib/python3.8/site-packages/airflow/example_dags/example_xcomargs.py
[2024-02-07T08:44:48.773+0000] {processor.py:830} INFO - Processing file /home/airflow/.local/lib/python3.8/site-packages/airflow/example_dags/example_xcomargs.py for tasks to queue
[2024-02-07T08:44:48.776+0000] {logging_mixin.py:188} INFO - [2024-02-07T08:44:48.775+0000] {dagbag.py:538} INFO - Filling up the DagBag from /home/airflow/.local/lib/python3.8/site-packages/airflow/example_dags/example_xcomargs.py
[2024-02-07T08:44:48.784+0000] {processor.py:840} INFO - DAG(s) 'example_xcom_args_with_operators', 'example_xcom_args' retrieved from /home/airflow/.local/lib/python3.8/site-packages/airflow/example_dags/example_xcomargs.py
[2024-02-07T08:44:48.812+0000] {logging_mixin.py:188} INFO - [2024-02-07T08:44:48.812+0000] {dag.py:3033} INFO - Sync 2 DAGs
[2024-02-07T08:44:48.828+0000] {logging_mixin.py:188} INFO - [2024-02-07T08:44:48.827+0000] {dag.py:3820} INFO - Setting next_dagrun for example_xcom_args to None, run_after=None
[2024-02-07T08:44:48.832+0000] {logging_mixin.py:188} INFO - [2024-02-07T08:44:48.832+0000] {dag.py:3820} INFO - Setting next_dagrun for example_xcom_args_with_operators to None, run_after=None
[2024-02-07T08:44:48.859+0000] {processor.py:183} INFO - Processing /home/airflow/.local/lib/python3.8/site-packages/airflow/example_dags/example_xcomargs.py took 0.093 seconds
[2024-02-07T08:45:19.813+0000] {processor.py:161} INFO - Started process (PID=651) to work on /home/airflow/.local/lib/python3.8/site-packages/airflow/example_dags/example_xcomargs.py
[2024-02-07T08:45:19.814+0000] {processor.py:830} INFO - Processing file /home/airflow/.local/lib/python3.8/site-packages/airflow/example_dags/example_xcomargs.py for tasks to queue
[2024-02-07T08:45:19.816+0000] {logging_mixin.py:188} INFO - [2024-02-07T08:45:19.816+0000] {dagbag.py:538} INFO - Filling up the DagBag from /home/airflow/.local/lib/python3.8/site-packages/airflow/example_dags/example_xcomargs.py
[2024-02-07T08:45:19.825+0000] {processor.py:840} INFO - DAG(s) 'example_xcom_args', 'example_xcom_args_with_operators' retrieved from /home/airflow/.local/lib/python3.8/site-packages/airflow/example_dags/example_xcomargs.py
[2024-02-07T08:45:19.859+0000] {logging_mixin.py:188} INFO - [2024-02-07T08:45:19.859+0000] {dag.py:3033} INFO - Sync 2 DAGs
[2024-02-07T08:45:19.874+0000] {logging_mixin.py:188} INFO - [2024-02-07T08:45:19.874+0000] {dag.py:3820} INFO - Setting next_dagrun for example_xcom_args to None, run_after=None
[2024-02-07T08:45:19.878+0000] {logging_mixin.py:188} INFO - [2024-02-07T08:45:19.878+0000] {dag.py:3820} INFO - Setting next_dagrun for example_xcom_args_with_operators to None, run_after=None
[2024-02-07T08:45:19.908+0000] {processor.py:183} INFO - Processing /home/airflow/.local/lib/python3.8/site-packages/airflow/example_dags/example_xcomargs.py took 0.100 seconds
[2024-02-07T08:45:50.824+0000] {processor.py:161} INFO - Started process (PID=708) to work on /home/airflow/.local/lib/python3.8/site-packages/airflow/example_dags/example_xcomargs.py
[2024-02-07T08:45:50.825+0000] {processor.py:830} INFO - Processing file /home/airflow/.local/lib/python3.8/site-packages/airflow/example_dags/example_xcomargs.py for tasks to queue
[2024-02-07T08:45:50.828+0000] {logging_mixin.py:188} INFO - [2024-02-07T08:45:50.827+0000] {dagbag.py:538} INFO - Filling up the DagBag from /home/airflow/.local/lib/python3.8/site-packages/airflow/example_dags/example_xcomargs.py
[2024-02-07T08:45:50.839+0000] {processor.py:840} INFO - DAG(s) 'example_xcom_args', 'example_xcom_args_with_operators' retrieved from /home/airflow/.local/lib/python3.8/site-packages/airflow/example_dags/example_xcomargs.py
[2024-02-07T08:45:50.869+0000] {logging_mixin.py:188} INFO - [2024-02-07T08:45:50.869+0000] {dag.py:3033} INFO - Sync 2 DAGs
[2024-02-07T08:45:50.886+0000] {logging_mixin.py:188} INFO - [2024-02-07T08:45:50.886+0000] {dag.py:3820} INFO - Setting next_dagrun for example_xcom_args to None, run_after=None
[2024-02-07T08:45:50.892+0000] {logging_mixin.py:188} INFO - [2024-02-07T08:45:50.891+0000] {dag.py:3820} INFO - Setting next_dagrun for example_xcom_args_with_operators to None, run_after=None
[2024-02-07T08:45:50.916+0000] {processor.py:183} INFO - Processing /home/airflow/.local/lib/python3.8/site-packages/airflow/example_dags/example_xcomargs.py took 0.096 seconds
[2024-02-07T08:46:21.770+0000] {processor.py:161} INFO - Started process (PID=765) to work on /home/airflow/.local/lib/python3.8/site-packages/airflow/example_dags/example_xcomargs.py
[2024-02-07T08:46:21.771+0000] {processor.py:830} INFO - Processing file /home/airflow/.local/lib/python3.8/site-packages/airflow/example_dags/example_xcomargs.py for tasks to queue
[2024-02-07T08:46:21.774+0000] {logging_mixin.py:188} INFO - [2024-02-07T08:46:21.774+0000] {dagbag.py:538} INFO - Filling up the DagBag from /home/airflow/.local/lib/python3.8/site-packages/airflow/example_dags/example_xcomargs.py
[2024-02-07T08:46:21.786+0000] {processor.py:840} INFO - DAG(s) 'example_xcom_args', 'example_xcom_args_with_operators' retrieved from /home/airflow/.local/lib/python3.8/site-packages/airflow/example_dags/example_xcomargs.py
[2024-02-07T08:46:21.819+0000] {logging_mixin.py:188} INFO - [2024-02-07T08:46:21.818+0000] {dag.py:3033} INFO - Sync 2 DAGs
[2024-02-07T08:46:21.836+0000] {logging_mixin.py:188} INFO - [2024-02-07T08:46:21.836+0000] {dag.py:3820} INFO - Setting next_dagrun for example_xcom_args to None, run_after=None
[2024-02-07T08:46:21.840+0000] {logging_mixin.py:188} INFO - [2024-02-07T08:46:21.840+0000] {dag.py:3820} INFO - Setting next_dagrun for example_xcom_args_with_operators to None, run_after=None
[2024-02-07T08:46:21.867+0000] {processor.py:183} INFO - Processing /home/airflow/.local/lib/python3.8/site-packages/airflow/example_dags/example_xcomargs.py took 0.101 seconds
[2024-02-07T08:46:52.714+0000] {processor.py:161} INFO - Started process (PID=822) to work on /home/airflow/.local/lib/python3.8/site-packages/airflow/example_dags/example_xcomargs.py
[2024-02-07T08:46:52.715+0000] {processor.py:830} INFO - Processing file /home/airflow/.local/lib/python3.8/site-packages/airflow/example_dags/example_xcomargs.py for tasks to queue
[2024-02-07T08:46:52.717+0000] {logging_mixin.py:188} INFO - [2024-02-07T08:46:52.717+0000] {dagbag.py:538} INFO - Filling up the DagBag from /home/airflow/.local/lib/python3.8/site-packages/airflow/example_dags/example_xcomargs.py
[2024-02-07T08:46:52.729+0000] {processor.py:840} INFO - DAG(s) 'example_xcom_args_with_operators', 'example_xcom_args' retrieved from /home/airflow/.local/lib/python3.8/site-packages/airflow/example_dags/example_xcomargs.py
[2024-02-07T08:46:52.757+0000] {logging_mixin.py:188} INFO - [2024-02-07T08:46:52.757+0000] {dag.py:3033} INFO - Sync 2 DAGs
[2024-02-07T08:46:52.770+0000] {logging_mixin.py:188} INFO - [2024-02-07T08:46:52.770+0000] {dag.py:3820} INFO - Setting next_dagrun for example_xcom_args to None, run_after=None
[2024-02-07T08:46:52.777+0000] {logging_mixin.py:188} INFO - [2024-02-07T08:46:52.777+0000] {dag.py:3820} INFO - Setting next_dagrun for example_xcom_args_with_operators to None, run_after=None
[2024-02-07T08:46:52.806+0000] {processor.py:183} INFO - Processing /home/airflow/.local/lib/python3.8/site-packages/airflow/example_dags/example_xcomargs.py took 0.096 seconds
[2024-02-07T08:47:22.900+0000] {processor.py:161} INFO - Started process (PID=879) to work on /home/airflow/.local/lib/python3.8/site-packages/airflow/example_dags/example_xcomargs.py
[2024-02-07T08:47:22.902+0000] {processor.py:830} INFO - Processing file /home/airflow/.local/lib/python3.8/site-packages/airflow/example_dags/example_xcomargs.py for tasks to queue
[2024-02-07T08:47:22.906+0000] {logging_mixin.py:188} INFO - [2024-02-07T08:47:22.905+0000] {dagbag.py:538} INFO - Filling up the DagBag from /home/airflow/.local/lib/python3.8/site-packages/airflow/example_dags/example_xcomargs.py
[2024-02-07T08:47:22.919+0000] {processor.py:840} INFO - DAG(s) 'example_xcom_args_with_operators', 'example_xcom_args' retrieved from /home/airflow/.local/lib/python3.8/site-packages/airflow/example_dags/example_xcomargs.py
[2024-02-07T08:47:22.956+0000] {logging_mixin.py:188} INFO - [2024-02-07T08:47:22.956+0000] {dag.py:3033} INFO - Sync 2 DAGs
[2024-02-07T08:47:22.974+0000] {logging_mixin.py:188} INFO - [2024-02-07T08:47:22.973+0000] {dag.py:3820} INFO - Setting next_dagrun for example_xcom_args to None, run_after=None
[2024-02-07T08:47:22.979+0000] {logging_mixin.py:188} INFO - [2024-02-07T08:47:22.978+0000] {dag.py:3820} INFO - Setting next_dagrun for example_xcom_args_with_operators to None, run_after=None
[2024-02-07T08:47:23.000+0000] {processor.py:183} INFO - Processing /home/airflow/.local/lib/python3.8/site-packages/airflow/example_dags/example_xcomargs.py took 0.104 seconds
[2024-02-07T08:47:53.119+0000] {processor.py:161} INFO - Started process (PID=936) to work on /home/airflow/.local/lib/python3.8/site-packages/airflow/example_dags/example_xcomargs.py
[2024-02-07T08:47:53.121+0000] {processor.py:830} INFO - Processing file /home/airflow/.local/lib/python3.8/site-packages/airflow/example_dags/example_xcomargs.py for tasks to queue
[2024-02-07T08:47:53.123+0000] {logging_mixin.py:188} INFO - [2024-02-07T08:47:53.123+0000] {dagbag.py:538} INFO - Filling up the DagBag from /home/airflow/.local/lib/python3.8/site-packages/airflow/example_dags/example_xcomargs.py
[2024-02-07T08:47:53.134+0000] {processor.py:840} INFO - DAG(s) 'example_xcom_args', 'example_xcom_args_with_operators' retrieved from /home/airflow/.local/lib/python3.8/site-packages/airflow/example_dags/example_xcomargs.py
[2024-02-07T08:47:53.162+0000] {logging_mixin.py:188} INFO - [2024-02-07T08:47:53.162+0000] {dag.py:3033} INFO - Sync 2 DAGs
[2024-02-07T08:47:53.174+0000] {logging_mixin.py:188} INFO - [2024-02-07T08:47:53.174+0000] {dag.py:3820} INFO - Setting next_dagrun for example_xcom_args to None, run_after=None
[2024-02-07T08:47:53.178+0000] {logging_mixin.py:188} INFO - [2024-02-07T08:47:53.178+0000] {dag.py:3820} INFO - Setting next_dagrun for example_xcom_args_with_operators to None, run_after=None
[2024-02-07T08:47:53.198+0000] {processor.py:183} INFO - Processing /home/airflow/.local/lib/python3.8/site-packages/airflow/example_dags/example_xcomargs.py took 0.082 seconds
[2024-02-07T08:48:24.076+0000] {processor.py:161} INFO - Started process (PID=993) to work on /home/airflow/.local/lib/python3.8/site-packages/airflow/example_dags/example_xcomargs.py
[2024-02-07T08:48:24.077+0000] {processor.py:830} INFO - Processing file /home/airflow/.local/lib/python3.8/site-packages/airflow/example_dags/example_xcomargs.py for tasks to queue
[2024-02-07T08:48:24.080+0000] {logging_mixin.py:188} INFO - [2024-02-07T08:48:24.080+0000] {dagbag.py:538} INFO - Filling up the DagBag from /home/airflow/.local/lib/python3.8/site-packages/airflow/example_dags/example_xcomargs.py
[2024-02-07T08:48:24.092+0000] {processor.py:840} INFO - DAG(s) 'example_xcom_args_with_operators', 'example_xcom_args' retrieved from /home/airflow/.local/lib/python3.8/site-packages/airflow/example_dags/example_xcomargs.py
[2024-02-07T08:48:24.120+0000] {logging_mixin.py:188} INFO - [2024-02-07T08:48:24.120+0000] {dag.py:3033} INFO - Sync 2 DAGs
[2024-02-07T08:48:24.134+0000] {logging_mixin.py:188} INFO - [2024-02-07T08:48:24.134+0000] {dag.py:3820} INFO - Setting next_dagrun for example_xcom_args to None, run_after=None
[2024-02-07T08:48:24.139+0000] {logging_mixin.py:188} INFO - [2024-02-07T08:48:24.138+0000] {dag.py:3820} INFO - Setting next_dagrun for example_xcom_args_with_operators to None, run_after=None
[2024-02-07T08:48:24.160+0000] {processor.py:183} INFO - Processing /home/airflow/.local/lib/python3.8/site-packages/airflow/example_dags/example_xcomargs.py took 0.090 seconds
[2024-02-07T08:48:54.441+0000] {processor.py:161} INFO - Started process (PID=1051) to work on /home/airflow/.local/lib/python3.8/site-packages/airflow/example_dags/example_xcomargs.py
[2024-02-07T08:48:54.443+0000] {processor.py:830} INFO - Processing file /home/airflow/.local/lib/python3.8/site-packages/airflow/example_dags/example_xcomargs.py for tasks to queue
[2024-02-07T08:48:54.447+0000] {logging_mixin.py:188} INFO - [2024-02-07T08:48:54.447+0000] {dagbag.py:538} INFO - Filling up the DagBag from /home/airflow/.local/lib/python3.8/site-packages/airflow/example_dags/example_xcomargs.py
[2024-02-07T08:48:54.458+0000] {processor.py:840} INFO - DAG(s) 'example_xcom_args', 'example_xcom_args_with_operators' retrieved from /home/airflow/.local/lib/python3.8/site-packages/airflow/example_dags/example_xcomargs.py
[2024-02-07T08:48:54.488+0000] {logging_mixin.py:188} INFO - [2024-02-07T08:48:54.487+0000] {dag.py:3033} INFO - Sync 2 DAGs
[2024-02-07T08:48:54.502+0000] {logging_mixin.py:188} INFO - [2024-02-07T08:48:54.502+0000] {dag.py:3820} INFO - Setting next_dagrun for example_xcom_args to None, run_after=None
[2024-02-07T08:48:54.507+0000] {logging_mixin.py:188} INFO - [2024-02-07T08:48:54.506+0000] {dag.py:3820} INFO - Setting next_dagrun for example_xcom_args_with_operators to None, run_after=None
[2024-02-07T08:48:54.531+0000] {processor.py:183} INFO - Processing /home/airflow/.local/lib/python3.8/site-packages/airflow/example_dags/example_xcomargs.py took 0.095 seconds
[2024-02-07T08:49:25.074+0000] {processor.py:161} INFO - Started process (PID=1108) to work on /home/airflow/.local/lib/python3.8/site-packages/airflow/example_dags/example_xcomargs.py
[2024-02-07T08:49:25.075+0000] {processor.py:830} INFO - Processing file /home/airflow/.local/lib/python3.8/site-packages/airflow/example_dags/example_xcomargs.py for tasks to queue
[2024-02-07T08:49:25.078+0000] {logging_mixin.py:188} INFO - [2024-02-07T08:49:25.078+0000] {dagbag.py:538} INFO - Filling up the DagBag from /home/airflow/.local/lib/python3.8/site-packages/airflow/example_dags/example_xcomargs.py
[2024-02-07T08:49:25.088+0000] {processor.py:840} INFO - DAG(s) 'example_xcom_args', 'example_xcom_args_with_operators' retrieved from /home/airflow/.local/lib/python3.8/site-packages/airflow/example_dags/example_xcomargs.py
[2024-02-07T08:49:25.115+0000] {logging_mixin.py:188} INFO - [2024-02-07T08:49:25.115+0000] {dag.py:3033} INFO - Sync 2 DAGs
[2024-02-07T08:49:25.128+0000] {logging_mixin.py:188} INFO - [2024-02-07T08:49:25.127+0000] {dag.py:3820} INFO - Setting next_dagrun for example_xcom_args to None, run_after=None
[2024-02-07T08:49:25.131+0000] {logging_mixin.py:188} INFO - [2024-02-07T08:49:25.131+0000] {dag.py:3820} INFO - Setting next_dagrun for example_xcom_args_with_operators to None, run_after=None
[2024-02-07T08:49:25.154+0000] {processor.py:183} INFO - Processing /home/airflow/.local/lib/python3.8/site-packages/airflow/example_dags/example_xcomargs.py took 0.084 seconds
[2024-02-07T08:49:55.475+0000] {processor.py:161} INFO - Started process (PID=1165) to work on /home/airflow/.local/lib/python3.8/site-packages/airflow/example_dags/example_xcomargs.py
[2024-02-07T08:49:55.477+0000] {processor.py:830} INFO - Processing file /home/airflow/.local/lib/python3.8/site-packages/airflow/example_dags/example_xcomargs.py for tasks to queue
[2024-02-07T08:49:55.480+0000] {logging_mixin.py:188} INFO - [2024-02-07T08:49:55.480+0000] {dagbag.py:538} INFO - Filling up the DagBag from /home/airflow/.local/lib/python3.8/site-packages/airflow/example_dags/example_xcomargs.py
[2024-02-07T08:49:55.488+0000] {processor.py:840} INFO - DAG(s) 'example_xcom_args_with_operators', 'example_xcom_args' retrieved from /home/airflow/.local/lib/python3.8/site-packages/airflow/example_dags/example_xcomargs.py
[2024-02-07T08:49:55.513+0000] {logging_mixin.py:188} INFO - [2024-02-07T08:49:55.512+0000] {dag.py:3033} INFO - Sync 2 DAGs
[2024-02-07T08:49:55.527+0000] {logging_mixin.py:188} INFO - [2024-02-07T08:49:55.527+0000] {dag.py:3820} INFO - Setting next_dagrun for example_xcom_args to None, run_after=None
[2024-02-07T08:49:55.531+0000] {logging_mixin.py:188} INFO - [2024-02-07T08:49:55.531+0000] {dag.py:3820} INFO - Setting next_dagrun for example_xcom_args_with_operators to None, run_after=None
[2024-02-07T08:49:55.555+0000] {processor.py:183} INFO - Processing /home/airflow/.local/lib/python3.8/site-packages/airflow/example_dags/example_xcomargs.py took 0.083 seconds
[2024-02-07T08:50:26.150+0000] {processor.py:161} INFO - Started process (PID=1222) to work on /home/airflow/.local/lib/python3.8/site-packages/airflow/example_dags/example_xcomargs.py
[2024-02-07T08:50:26.152+0000] {processor.py:830} INFO - Processing file /home/airflow/.local/lib/python3.8/site-packages/airflow/example_dags/example_xcomargs.py for tasks to queue
[2024-02-07T08:50:26.155+0000] {logging_mixin.py:188} INFO - [2024-02-07T08:50:26.155+0000] {dagbag.py:538} INFO - Filling up the DagBag from /home/airflow/.local/lib/python3.8/site-packages/airflow/example_dags/example_xcomargs.py
[2024-02-07T08:50:26.164+0000] {processor.py:840} INFO - DAG(s) 'example_xcom_args_with_operators', 'example_xcom_args' retrieved from /home/airflow/.local/lib/python3.8/site-packages/airflow/example_dags/example_xcomargs.py
[2024-02-07T08:50:26.194+0000] {logging_mixin.py:188} INFO - [2024-02-07T08:50:26.193+0000] {dag.py:3033} INFO - Sync 2 DAGs
[2024-02-07T08:50:26.207+0000] {logging_mixin.py:188} INFO - [2024-02-07T08:50:26.207+0000] {dag.py:3820} INFO - Setting next_dagrun for example_xcom_args to None, run_after=None
[2024-02-07T08:50:26.211+0000] {logging_mixin.py:188} INFO - [2024-02-07T08:50:26.211+0000] {dag.py:3820} INFO - Setting next_dagrun for example_xcom_args_with_operators to None, run_after=None
[2024-02-07T08:50:26.233+0000] {processor.py:183} INFO - Processing /home/airflow/.local/lib/python3.8/site-packages/airflow/example_dags/example_xcomargs.py took 0.085 seconds
[2024-02-07T08:50:56.278+0000] {processor.py:161} INFO - Started process (PID=1277) to work on /home/airflow/.local/lib/python3.8/site-packages/airflow/example_dags/example_xcomargs.py
[2024-02-07T08:50:56.279+0000] {processor.py:830} INFO - Processing file /home/airflow/.local/lib/python3.8/site-packages/airflow/example_dags/example_xcomargs.py for tasks to queue
[2024-02-07T08:50:56.283+0000] {logging_mixin.py:188} INFO - [2024-02-07T08:50:56.282+0000] {dagbag.py:538} INFO - Filling up the DagBag from /home/airflow/.local/lib/python3.8/site-packages/airflow/example_dags/example_xcomargs.py
[2024-02-07T08:50:56.293+0000] {processor.py:840} INFO - DAG(s) 'example_xcom_args', 'example_xcom_args_with_operators' retrieved from /home/airflow/.local/lib/python3.8/site-packages/airflow/example_dags/example_xcomargs.py
[2024-02-07T08:50:56.329+0000] {logging_mixin.py:188} INFO - [2024-02-07T08:50:56.328+0000] {dag.py:3033} INFO - Sync 2 DAGs
[2024-02-07T08:50:56.345+0000] {logging_mixin.py:188} INFO - [2024-02-07T08:50:56.345+0000] {dag.py:3820} INFO - Setting next_dagrun for example_xcom_args to None, run_after=None
[2024-02-07T08:50:56.351+0000] {logging_mixin.py:188} INFO - [2024-02-07T08:50:56.351+0000] {dag.py:3820} INFO - Setting next_dagrun for example_xcom_args_with_operators to None, run_after=None
[2024-02-07T08:50:56.374+0000] {processor.py:183} INFO - Processing /home/airflow/.local/lib/python3.8/site-packages/airflow/example_dags/example_xcomargs.py took 0.101 seconds
[2024-02-07T08:51:26.734+0000] {processor.py:161} INFO - Started process (PID=1335) to work on /home/airflow/.local/lib/python3.8/site-packages/airflow/example_dags/example_xcomargs.py
[2024-02-07T08:51:26.737+0000] {processor.py:830} INFO - Processing file /home/airflow/.local/lib/python3.8/site-packages/airflow/example_dags/example_xcomargs.py for tasks to queue
[2024-02-07T08:51:26.740+0000] {logging_mixin.py:188} INFO - [2024-02-07T08:51:26.740+0000] {dagbag.py:538} INFO - Filling up the DagBag from /home/airflow/.local/lib/python3.8/site-packages/airflow/example_dags/example_xcomargs.py
[2024-02-07T08:51:26.750+0000] {processor.py:840} INFO - DAG(s) 'example_xcom_args_with_operators', 'example_xcom_args' retrieved from /home/airflow/.local/lib/python3.8/site-packages/airflow/example_dags/example_xcomargs.py
[2024-02-07T08:51:26.855+0000] {logging_mixin.py:188} INFO - [2024-02-07T08:51:26.855+0000] {dag.py:3033} INFO - Sync 2 DAGs
[2024-02-07T08:51:26.876+0000] {logging_mixin.py:188} INFO - [2024-02-07T08:51:26.876+0000] {dag.py:3820} INFO - Setting next_dagrun for example_xcom_args to None, run_after=None
[2024-02-07T08:51:26.880+0000] {logging_mixin.py:188} INFO - [2024-02-07T08:51:26.880+0000] {dag.py:3820} INFO - Setting next_dagrun for example_xcom_args_with_operators to None, run_after=None
[2024-02-07T08:51:26.902+0000] {processor.py:183} INFO - Processing /home/airflow/.local/lib/python3.8/site-packages/airflow/example_dags/example_xcomargs.py took 0.176 seconds
[2024-02-07T08:51:57.191+0000] {processor.py:161} INFO - Started process (PID=1398) to work on /home/airflow/.local/lib/python3.8/site-packages/airflow/example_dags/example_xcomargs.py
[2024-02-07T08:51:57.192+0000] {processor.py:830} INFO - Processing file /home/airflow/.local/lib/python3.8/site-packages/airflow/example_dags/example_xcomargs.py for tasks to queue
[2024-02-07T08:51:57.196+0000] {logging_mixin.py:188} INFO - [2024-02-07T08:51:57.195+0000] {dagbag.py:538} INFO - Filling up the DagBag from /home/airflow/.local/lib/python3.8/site-packages/airflow/example_dags/example_xcomargs.py
[2024-02-07T08:51:57.213+0000] {processor.py:840} INFO - DAG(s) 'example_xcom_args_with_operators', 'example_xcom_args' retrieved from /home/airflow/.local/lib/python3.8/site-packages/airflow/example_dags/example_xcomargs.py
[2024-02-07T08:51:57.261+0000] {logging_mixin.py:188} INFO - [2024-02-07T08:51:57.260+0000] {dag.py:3033} INFO - Sync 2 DAGs
[2024-02-07T08:51:57.278+0000] {logging_mixin.py:188} INFO - [2024-02-07T08:51:57.278+0000] {dag.py:3820} INFO - Setting next_dagrun for example_xcom_args to None, run_after=None
[2024-02-07T08:51:57.283+0000] {logging_mixin.py:188} INFO - [2024-02-07T08:51:57.283+0000] {dag.py:3820} INFO - Setting next_dagrun for example_xcom_args_with_operators to None, run_after=None
[2024-02-07T08:51:57.314+0000] {processor.py:183} INFO - Processing /home/airflow/.local/lib/python3.8/site-packages/airflow/example_dags/example_xcomargs.py took 0.129 seconds
[2024-02-07T08:52:27.900+0000] {processor.py:161} INFO - Started process (PID=1455) to work on /home/airflow/.local/lib/python3.8/site-packages/airflow/example_dags/example_xcomargs.py
[2024-02-07T08:52:27.901+0000] {processor.py:830} INFO - Processing file /home/airflow/.local/lib/python3.8/site-packages/airflow/example_dags/example_xcomargs.py for tasks to queue
[2024-02-07T08:52:27.905+0000] {logging_mixin.py:188} INFO - [2024-02-07T08:52:27.904+0000] {dagbag.py:538} INFO - Filling up the DagBag from /home/airflow/.local/lib/python3.8/site-packages/airflow/example_dags/example_xcomargs.py
[2024-02-07T08:52:27.917+0000] {processor.py:840} INFO - DAG(s) 'example_xcom_args', 'example_xcom_args_with_operators' retrieved from /home/airflow/.local/lib/python3.8/site-packages/airflow/example_dags/example_xcomargs.py
[2024-02-07T08:52:27.949+0000] {logging_mixin.py:188} INFO - [2024-02-07T08:52:27.949+0000] {dag.py:3033} INFO - Sync 2 DAGs
[2024-02-07T08:52:27.966+0000] {logging_mixin.py:188} INFO - [2024-02-07T08:52:27.966+0000] {dag.py:3820} INFO - Setting next_dagrun for example_xcom_args to None, run_after=None
[2024-02-07T08:52:27.971+0000] {logging_mixin.py:188} INFO - [2024-02-07T08:52:27.971+0000] {dag.py:3820} INFO - Setting next_dagrun for example_xcom_args_with_operators to None, run_after=None
[2024-02-07T08:52:27.996+0000] {processor.py:183} INFO - Processing /home/airflow/.local/lib/python3.8/site-packages/airflow/example_dags/example_xcomargs.py took 0.100 seconds
[2024-02-07T08:52:58.329+0000] {processor.py:161} INFO - Started process (PID=1512) to work on /home/airflow/.local/lib/python3.8/site-packages/airflow/example_dags/example_xcomargs.py
[2024-02-07T08:52:58.330+0000] {processor.py:830} INFO - Processing file /home/airflow/.local/lib/python3.8/site-packages/airflow/example_dags/example_xcomargs.py for tasks to queue
[2024-02-07T08:52:58.333+0000] {logging_mixin.py:188} INFO - [2024-02-07T08:52:58.333+0000] {dagbag.py:538} INFO - Filling up the DagBag from /home/airflow/.local/lib/python3.8/site-packages/airflow/example_dags/example_xcomargs.py
[2024-02-07T08:52:58.341+0000] {processor.py:840} INFO - DAG(s) 'example_xcom_args', 'example_xcom_args_with_operators' retrieved from /home/airflow/.local/lib/python3.8/site-packages/airflow/example_dags/example_xcomargs.py
[2024-02-07T08:52:58.372+0000] {logging_mixin.py:188} INFO - [2024-02-07T08:52:58.371+0000] {dag.py:3033} INFO - Sync 2 DAGs
[2024-02-07T08:52:58.384+0000] {logging_mixin.py:188} INFO - [2024-02-07T08:52:58.383+0000] {dag.py:3820} INFO - Setting next_dagrun for example_xcom_args to None, run_after=None
[2024-02-07T08:52:58.388+0000] {logging_mixin.py:188} INFO - [2024-02-07T08:52:58.388+0000] {dag.py:3820} INFO - Setting next_dagrun for example_xcom_args_with_operators to None, run_after=None
[2024-02-07T08:52:58.407+0000] {processor.py:183} INFO - Processing /home/airflow/.local/lib/python3.8/site-packages/airflow/example_dags/example_xcomargs.py took 0.083 seconds
[2024-02-07T08:53:29.006+0000] {processor.py:161} INFO - Started process (PID=1569) to work on /home/airflow/.local/lib/python3.8/site-packages/airflow/example_dags/example_xcomargs.py
[2024-02-07T08:53:29.008+0000] {processor.py:830} INFO - Processing file /home/airflow/.local/lib/python3.8/site-packages/airflow/example_dags/example_xcomargs.py for tasks to queue
[2024-02-07T08:53:29.011+0000] {logging_mixin.py:188} INFO - [2024-02-07T08:53:29.011+0000] {dagbag.py:538} INFO - Filling up the DagBag from /home/airflow/.local/lib/python3.8/site-packages/airflow/example_dags/example_xcomargs.py
[2024-02-07T08:53:29.024+0000] {processor.py:840} INFO - DAG(s) 'example_xcom_args_with_operators', 'example_xcom_args' retrieved from /home/airflow/.local/lib/python3.8/site-packages/airflow/example_dags/example_xcomargs.py
[2024-02-07T08:53:29.057+0000] {logging_mixin.py:188} INFO - [2024-02-07T08:53:29.057+0000] {dag.py:3033} INFO - Sync 2 DAGs
[2024-02-07T08:53:29.074+0000] {logging_mixin.py:188} INFO - [2024-02-07T08:53:29.074+0000] {dag.py:3820} INFO - Setting next_dagrun for example_xcom_args to None, run_after=None
[2024-02-07T08:53:29.079+0000] {logging_mixin.py:188} INFO - [2024-02-07T08:53:29.079+0000] {dag.py:3820} INFO - Setting next_dagrun for example_xcom_args_with_operators to None, run_after=None
[2024-02-07T08:53:29.107+0000] {processor.py:183} INFO - Processing /home/airflow/.local/lib/python3.8/site-packages/airflow/example_dags/example_xcomargs.py took 0.105 seconds
[2024-02-07T08:53:59.802+0000] {processor.py:161} INFO - Started process (PID=1626) to work on /home/airflow/.local/lib/python3.8/site-packages/airflow/example_dags/example_xcomargs.py
[2024-02-07T08:53:59.805+0000] {processor.py:830} INFO - Processing file /home/airflow/.local/lib/python3.8/site-packages/airflow/example_dags/example_xcomargs.py for tasks to queue
[2024-02-07T08:53:59.810+0000] {logging_mixin.py:188} INFO - [2024-02-07T08:53:59.809+0000] {dagbag.py:538} INFO - Filling up the DagBag from /home/airflow/.local/lib/python3.8/site-packages/airflow/example_dags/example_xcomargs.py
[2024-02-07T08:53:59.825+0000] {processor.py:840} INFO - DAG(s) 'example_xcom_args', 'example_xcom_args_with_operators' retrieved from /home/airflow/.local/lib/python3.8/site-packages/airflow/example_dags/example_xcomargs.py
[2024-02-07T08:53:59.859+0000] {logging_mixin.py:188} INFO - [2024-02-07T08:53:59.858+0000] {dag.py:3033} INFO - Sync 2 DAGs
[2024-02-07T08:53:59.878+0000] {logging_mixin.py:188} INFO - [2024-02-07T08:53:59.878+0000] {dag.py:3820} INFO - Setting next_dagrun for example_xcom_args to None, run_after=None
[2024-02-07T08:53:59.882+0000] {logging_mixin.py:188} INFO - [2024-02-07T08:53:59.882+0000] {dag.py:3820} INFO - Setting next_dagrun for example_xcom_args_with_operators to None, run_after=None
[2024-02-07T08:53:59.915+0000] {processor.py:183} INFO - Processing /home/airflow/.local/lib/python3.8/site-packages/airflow/example_dags/example_xcomargs.py took 0.119 seconds
[2024-02-07T08:54:30.298+0000] {processor.py:161} INFO - Started process (PID=1683) to work on /home/airflow/.local/lib/python3.8/site-packages/airflow/example_dags/example_xcomargs.py
[2024-02-07T08:54:30.299+0000] {processor.py:830} INFO - Processing file /home/airflow/.local/lib/python3.8/site-packages/airflow/example_dags/example_xcomargs.py for tasks to queue
[2024-02-07T08:54:30.301+0000] {logging_mixin.py:188} INFO - [2024-02-07T08:54:30.301+0000] {dagbag.py:538} INFO - Filling up the DagBag from /home/airflow/.local/lib/python3.8/site-packages/airflow/example_dags/example_xcomargs.py
[2024-02-07T08:54:30.311+0000] {processor.py:840} INFO - DAG(s) 'example_xcom_args', 'example_xcom_args_with_operators' retrieved from /home/airflow/.local/lib/python3.8/site-packages/airflow/example_dags/example_xcomargs.py
[2024-02-07T08:54:30.342+0000] {logging_mixin.py:188} INFO - [2024-02-07T08:54:30.341+0000] {dag.py:3033} INFO - Sync 2 DAGs
[2024-02-07T08:54:30.354+0000] {logging_mixin.py:188} INFO - [2024-02-07T08:54:30.354+0000] {dag.py:3820} INFO - Setting next_dagrun for example_xcom_args to None, run_after=None
[2024-02-07T08:54:30.359+0000] {logging_mixin.py:188} INFO - [2024-02-07T08:54:30.359+0000] {dag.py:3820} INFO - Setting next_dagrun for example_xcom_args_with_operators to None, run_after=None
[2024-02-07T08:54:30.388+0000] {processor.py:183} INFO - Processing /home/airflow/.local/lib/python3.8/site-packages/airflow/example_dags/example_xcomargs.py took 0.095 seconds
[2024-02-07T08:55:01.468+0000] {processor.py:161} INFO - Started process (PID=1739) to work on /home/airflow/.local/lib/python3.8/site-packages/airflow/example_dags/example_xcomargs.py
[2024-02-07T08:55:01.471+0000] {processor.py:830} INFO - Processing file /home/airflow/.local/lib/python3.8/site-packages/airflow/example_dags/example_xcomargs.py for tasks to queue
[2024-02-07T08:55:01.480+0000] {logging_mixin.py:188} INFO - [2024-02-07T08:55:01.479+0000] {dagbag.py:538} INFO - Filling up the DagBag from /home/airflow/.local/lib/python3.8/site-packages/airflow/example_dags/example_xcomargs.py
[2024-02-07T08:55:01.518+0000] {processor.py:840} INFO - DAG(s) 'example_xcom_args_with_operators', 'example_xcom_args' retrieved from /home/airflow/.local/lib/python3.8/site-packages/airflow/example_dags/example_xcomargs.py
[2024-02-07T08:55:01.580+0000] {logging_mixin.py:188} INFO - [2024-02-07T08:55:01.579+0000] {dag.py:3033} INFO - Sync 2 DAGs
[2024-02-07T08:55:01.621+0000] {logging_mixin.py:188} INFO - [2024-02-07T08:55:01.620+0000] {dag.py:3820} INFO - Setting next_dagrun for example_xcom_args to None, run_after=None
[2024-02-07T08:55:01.633+0000] {logging_mixin.py:188} INFO - [2024-02-07T08:55:01.632+0000] {dag.py:3820} INFO - Setting next_dagrun for example_xcom_args_with_operators to None, run_after=None
[2024-02-07T08:55:01.684+0000] {processor.py:183} INFO - Processing /home/airflow/.local/lib/python3.8/site-packages/airflow/example_dags/example_xcomargs.py took 0.223 seconds
[2024-02-07T08:55:32.494+0000] {processor.py:161} INFO - Started process (PID=1796) to work on /home/airflow/.local/lib/python3.8/site-packages/airflow/example_dags/example_xcomargs.py
[2024-02-07T08:55:32.497+0000] {processor.py:830} INFO - Processing file /home/airflow/.local/lib/python3.8/site-packages/airflow/example_dags/example_xcomargs.py for tasks to queue
[2024-02-07T08:55:32.504+0000] {logging_mixin.py:188} INFO - [2024-02-07T08:55:32.503+0000] {dagbag.py:538} INFO - Filling up the DagBag from /home/airflow/.local/lib/python3.8/site-packages/airflow/example_dags/example_xcomargs.py
[2024-02-07T08:55:32.520+0000] {processor.py:840} INFO - DAG(s) 'example_xcom_args', 'example_xcom_args_with_operators' retrieved from /home/airflow/.local/lib/python3.8/site-packages/airflow/example_dags/example_xcomargs.py
[2024-02-07T08:55:32.580+0000] {logging_mixin.py:188} INFO - [2024-02-07T08:55:32.579+0000] {dag.py:3033} INFO - Sync 2 DAGs
[2024-02-07T08:55:32.610+0000] {logging_mixin.py:188} INFO - [2024-02-07T08:55:32.610+0000] {dag.py:3820} INFO - Setting next_dagrun for example_xcom_args to None, run_after=None
[2024-02-07T08:55:32.619+0000] {logging_mixin.py:188} INFO - [2024-02-07T08:55:32.619+0000] {dag.py:3820} INFO - Setting next_dagrun for example_xcom_args_with_operators to None, run_after=None
[2024-02-07T08:55:32.669+0000] {processor.py:183} INFO - Processing /home/airflow/.local/lib/python3.8/site-packages/airflow/example_dags/example_xcomargs.py took 0.185 seconds
[2024-02-07T08:56:10.739+0000] {processor.py:161} INFO - Started process (PID=1854) to work on /home/airflow/.local/lib/python3.8/site-packages/airflow/example_dags/example_xcomargs.py
[2024-02-07T08:56:10.741+0000] {processor.py:830} INFO - Processing file /home/airflow/.local/lib/python3.8/site-packages/airflow/example_dags/example_xcomargs.py for tasks to queue
[2024-02-07T08:56:10.746+0000] {logging_mixin.py:188} INFO - [2024-02-07T08:56:10.746+0000] {dagbag.py:538} INFO - Filling up the DagBag from /home/airflow/.local/lib/python3.8/site-packages/airflow/example_dags/example_xcomargs.py
[2024-02-07T08:56:10.764+0000] {processor.py:840} INFO - DAG(s) 'example_xcom_args', 'example_xcom_args_with_operators' retrieved from /home/airflow/.local/lib/python3.8/site-packages/airflow/example_dags/example_xcomargs.py
[2024-02-07T08:56:10.821+0000] {logging_mixin.py:188} INFO - [2024-02-07T08:56:10.821+0000] {dag.py:3033} INFO - Sync 2 DAGs
[2024-02-07T08:56:10.853+0000] {logging_mixin.py:188} INFO - [2024-02-07T08:56:10.853+0000] {dag.py:3820} INFO - Setting next_dagrun for example_xcom_args to None, run_after=None
[2024-02-07T08:56:10.865+0000] {logging_mixin.py:188} INFO - [2024-02-07T08:56:10.865+0000] {dag.py:3820} INFO - Setting next_dagrun for example_xcom_args_with_operators to None, run_after=None
[2024-02-07T08:56:10.930+0000] {processor.py:183} INFO - Processing /home/airflow/.local/lib/python3.8/site-packages/airflow/example_dags/example_xcomargs.py took 0.198 seconds
[2024-02-07T08:56:42.187+0000] {processor.py:161} INFO - Started process (PID=1911) to work on /home/airflow/.local/lib/python3.8/site-packages/airflow/example_dags/example_xcomargs.py
[2024-02-07T08:56:42.191+0000] {processor.py:830} INFO - Processing file /home/airflow/.local/lib/python3.8/site-packages/airflow/example_dags/example_xcomargs.py for tasks to queue
[2024-02-07T08:56:42.196+0000] {logging_mixin.py:188} INFO - [2024-02-07T08:56:42.196+0000] {dagbag.py:538} INFO - Filling up the DagBag from /home/airflow/.local/lib/python3.8/site-packages/airflow/example_dags/example_xcomargs.py
[2024-02-07T08:56:42.223+0000] {processor.py:840} INFO - DAG(s) 'example_xcom_args_with_operators', 'example_xcom_args' retrieved from /home/airflow/.local/lib/python3.8/site-packages/airflow/example_dags/example_xcomargs.py
[2024-02-07T08:56:42.282+0000] {logging_mixin.py:188} INFO - [2024-02-07T08:56:42.282+0000] {dag.py:3033} INFO - Sync 2 DAGs
[2024-02-07T08:56:42.318+0000] {logging_mixin.py:188} INFO - [2024-02-07T08:56:42.317+0000] {dag.py:3820} INFO - Setting next_dagrun for example_xcom_args to None, run_after=None
[2024-02-07T08:56:42.327+0000] {logging_mixin.py:188} INFO - [2024-02-07T08:56:42.327+0000] {dag.py:3820} INFO - Setting next_dagrun for example_xcom_args_with_operators to None, run_after=None
[2024-02-07T08:56:42.374+0000] {processor.py:183} INFO - Processing /home/airflow/.local/lib/python3.8/site-packages/airflow/example_dags/example_xcomargs.py took 0.201 seconds
[2024-02-07T08:57:13.040+0000] {processor.py:161} INFO - Started process (PID=1968) to work on /home/airflow/.local/lib/python3.8/site-packages/airflow/example_dags/example_xcomargs.py
[2024-02-07T08:57:13.043+0000] {processor.py:830} INFO - Processing file /home/airflow/.local/lib/python3.8/site-packages/airflow/example_dags/example_xcomargs.py for tasks to queue
[2024-02-07T08:57:13.048+0000] {logging_mixin.py:188} INFO - [2024-02-07T08:57:13.047+0000] {dagbag.py:538} INFO - Filling up the DagBag from /home/airflow/.local/lib/python3.8/site-packages/airflow/example_dags/example_xcomargs.py
[2024-02-07T08:57:13.071+0000] {processor.py:840} INFO - DAG(s) 'example_xcom_args', 'example_xcom_args_with_operators' retrieved from /home/airflow/.local/lib/python3.8/site-packages/airflow/example_dags/example_xcomargs.py
[2024-02-07T08:57:13.138+0000] {logging_mixin.py:188} INFO - [2024-02-07T08:57:13.137+0000] {dag.py:3033} INFO - Sync 2 DAGs
[2024-02-07T08:57:13.182+0000] {logging_mixin.py:188} INFO - [2024-02-07T08:57:13.181+0000] {dag.py:3820} INFO - Setting next_dagrun for example_xcom_args to None, run_after=None
[2024-02-07T08:57:13.193+0000] {logging_mixin.py:188} INFO - [2024-02-07T08:57:13.192+0000] {dag.py:3820} INFO - Setting next_dagrun for example_xcom_args_with_operators to None, run_after=None
[2024-02-07T08:57:13.241+0000] {processor.py:183} INFO - Processing /home/airflow/.local/lib/python3.8/site-packages/airflow/example_dags/example_xcomargs.py took 0.213 seconds
[2024-02-07T08:57:43.913+0000] {processor.py:161} INFO - Started process (PID=2026) to work on /home/airflow/.local/lib/python3.8/site-packages/airflow/example_dags/example_xcomargs.py
[2024-02-07T08:57:43.916+0000] {processor.py:830} INFO - Processing file /home/airflow/.local/lib/python3.8/site-packages/airflow/example_dags/example_xcomargs.py for tasks to queue
[2024-02-07T08:57:43.924+0000] {logging_mixin.py:188} INFO - [2024-02-07T08:57:43.923+0000] {dagbag.py:538} INFO - Filling up the DagBag from /home/airflow/.local/lib/python3.8/site-packages/airflow/example_dags/example_xcomargs.py
[2024-02-07T08:57:43.947+0000] {processor.py:840} INFO - DAG(s) 'example_xcom_args_with_operators', 'example_xcom_args' retrieved from /home/airflow/.local/lib/python3.8/site-packages/airflow/example_dags/example_xcomargs.py
[2024-02-07T08:57:44.023+0000] {logging_mixin.py:188} INFO - [2024-02-07T08:57:44.022+0000] {dag.py:3033} INFO - Sync 2 DAGs
[2024-02-07T08:57:44.066+0000] {logging_mixin.py:188} INFO - [2024-02-07T08:57:44.066+0000] {dag.py:3820} INFO - Setting next_dagrun for example_xcom_args to None, run_after=None
[2024-02-07T08:57:44.074+0000] {logging_mixin.py:188} INFO - [2024-02-07T08:57:44.074+0000] {dag.py:3820} INFO - Setting next_dagrun for example_xcom_args_with_operators to None, run_after=None
[2024-02-07T08:57:44.131+0000] {processor.py:183} INFO - Processing /home/airflow/.local/lib/python3.8/site-packages/airflow/example_dags/example_xcomargs.py took 0.231 seconds
[2024-02-07T08:58:15.005+0000] {processor.py:161} INFO - Started process (PID=2084) to work on /home/airflow/.local/lib/python3.8/site-packages/airflow/example_dags/example_xcomargs.py
[2024-02-07T08:58:15.008+0000] {processor.py:830} INFO - Processing file /home/airflow/.local/lib/python3.8/site-packages/airflow/example_dags/example_xcomargs.py for tasks to queue
[2024-02-07T08:58:15.016+0000] {logging_mixin.py:188} INFO - [2024-02-07T08:58:15.015+0000] {dagbag.py:538} INFO - Filling up the DagBag from /home/airflow/.local/lib/python3.8/site-packages/airflow/example_dags/example_xcomargs.py
[2024-02-07T08:58:15.052+0000] {processor.py:840} INFO - DAG(s) 'example_xcom_args', 'example_xcom_args_with_operators' retrieved from /home/airflow/.local/lib/python3.8/site-packages/airflow/example_dags/example_xcomargs.py
[2024-02-07T08:58:15.138+0000] {logging_mixin.py:188} INFO - [2024-02-07T08:58:15.138+0000] {dag.py:3033} INFO - Sync 2 DAGs
[2024-02-07T08:58:15.170+0000] {logging_mixin.py:188} INFO - [2024-02-07T08:58:15.169+0000] {dag.py:3820} INFO - Setting next_dagrun for example_xcom_args to None, run_after=None
[2024-02-07T08:58:15.178+0000] {logging_mixin.py:188} INFO - [2024-02-07T08:58:15.177+0000] {dag.py:3820} INFO - Setting next_dagrun for example_xcom_args_with_operators to None, run_after=None
[2024-02-07T08:58:15.215+0000] {processor.py:183} INFO - Processing /home/airflow/.local/lib/python3.8/site-packages/airflow/example_dags/example_xcomargs.py took 0.219 seconds
[2024-02-07T08:58:46.286+0000] {processor.py:161} INFO - Started process (PID=2141) to work on /home/airflow/.local/lib/python3.8/site-packages/airflow/example_dags/example_xcomargs.py
[2024-02-07T08:58:46.289+0000] {processor.py:830} INFO - Processing file /home/airflow/.local/lib/python3.8/site-packages/airflow/example_dags/example_xcomargs.py for tasks to queue
[2024-02-07T08:58:46.296+0000] {logging_mixin.py:188} INFO - [2024-02-07T08:58:46.295+0000] {dagbag.py:538} INFO - Filling up the DagBag from /home/airflow/.local/lib/python3.8/site-packages/airflow/example_dags/example_xcomargs.py
[2024-02-07T08:58:46.316+0000] {processor.py:840} INFO - DAG(s) 'example_xcom_args', 'example_xcom_args_with_operators' retrieved from /home/airflow/.local/lib/python3.8/site-packages/airflow/example_dags/example_xcomargs.py
[2024-02-07T08:58:46.564+0000] {logging_mixin.py:188} INFO - [2024-02-07T08:58:46.564+0000] {dag.py:3033} INFO - Sync 2 DAGs
[2024-02-07T08:58:46.590+0000] {logging_mixin.py:188} INFO - [2024-02-07T08:58:46.590+0000] {dag.py:3820} INFO - Setting next_dagrun for example_xcom_args to None, run_after=None
[2024-02-07T08:58:46.600+0000] {logging_mixin.py:188} INFO - [2024-02-07T08:58:46.600+0000] {dag.py:3820} INFO - Setting next_dagrun for example_xcom_args_with_operators to None, run_after=None
[2024-02-07T08:58:46.650+0000] {processor.py:183} INFO - Processing /home/airflow/.local/lib/python3.8/site-packages/airflow/example_dags/example_xcomargs.py took 0.373 seconds
[2024-02-07T08:59:16.811+0000] {processor.py:161} INFO - Started process (PID=2199) to work on /home/airflow/.local/lib/python3.8/site-packages/airflow/example_dags/example_xcomargs.py
[2024-02-07T08:59:16.814+0000] {processor.py:830} INFO - Processing file /home/airflow/.local/lib/python3.8/site-packages/airflow/example_dags/example_xcomargs.py for tasks to queue
[2024-02-07T08:59:16.820+0000] {logging_mixin.py:188} INFO - [2024-02-07T08:59:16.819+0000] {dagbag.py:538} INFO - Filling up the DagBag from /home/airflow/.local/lib/python3.8/site-packages/airflow/example_dags/example_xcomargs.py
[2024-02-07T08:59:16.844+0000] {processor.py:840} INFO - DAG(s) 'example_xcom_args', 'example_xcom_args_with_operators' retrieved from /home/airflow/.local/lib/python3.8/site-packages/airflow/example_dags/example_xcomargs.py
[2024-02-07T08:59:16.912+0000] {logging_mixin.py:188} INFO - [2024-02-07T08:59:16.912+0000] {dag.py:3033} INFO - Sync 2 DAGs
[2024-02-07T08:59:16.950+0000] {logging_mixin.py:188} INFO - [2024-02-07T08:59:16.949+0000] {dag.py:3820} INFO - Setting next_dagrun for example_xcom_args to None, run_after=None
[2024-02-07T08:59:16.964+0000] {logging_mixin.py:188} INFO - [2024-02-07T08:59:16.963+0000] {dag.py:3820} INFO - Setting next_dagrun for example_xcom_args_with_operators to None, run_after=None
[2024-02-07T08:59:17.097+0000] {processor.py:183} INFO - Processing /home/airflow/.local/lib/python3.8/site-packages/airflow/example_dags/example_xcomargs.py took 0.295 seconds
[2024-02-07T08:59:47.312+0000] {processor.py:161} INFO - Started process (PID=2256) to work on /home/airflow/.local/lib/python3.8/site-packages/airflow/example_dags/example_xcomargs.py
[2024-02-07T08:59:47.313+0000] {processor.py:830} INFO - Processing file /home/airflow/.local/lib/python3.8/site-packages/airflow/example_dags/example_xcomargs.py for tasks to queue
[2024-02-07T08:59:47.315+0000] {logging_mixin.py:188} INFO - [2024-02-07T08:59:47.315+0000] {dagbag.py:538} INFO - Filling up the DagBag from /home/airflow/.local/lib/python3.8/site-packages/airflow/example_dags/example_xcomargs.py
[2024-02-07T08:59:47.324+0000] {processor.py:840} INFO - DAG(s) 'example_xcom_args', 'example_xcom_args_with_operators' retrieved from /home/airflow/.local/lib/python3.8/site-packages/airflow/example_dags/example_xcomargs.py
[2024-02-07T08:59:47.348+0000] {logging_mixin.py:188} INFO - [2024-02-07T08:59:47.348+0000] {dag.py:3033} INFO - Sync 2 DAGs
[2024-02-07T08:59:47.361+0000] {logging_mixin.py:188} INFO - [2024-02-07T08:59:47.361+0000] {dag.py:3820} INFO - Setting next_dagrun for example_xcom_args to None, run_after=None
[2024-02-07T08:59:47.365+0000] {logging_mixin.py:188} INFO - [2024-02-07T08:59:47.365+0000] {dag.py:3820} INFO - Setting next_dagrun for example_xcom_args_with_operators to None, run_after=None
[2024-02-07T08:59:47.385+0000] {processor.py:183} INFO - Processing /home/airflow/.local/lib/python3.8/site-packages/airflow/example_dags/example_xcomargs.py took 0.077 seconds
[2024-02-07T09:00:17.726+0000] {processor.py:161} INFO - Started process (PID=2312) to work on /home/airflow/.local/lib/python3.8/site-packages/airflow/example_dags/example_xcomargs.py
[2024-02-07T09:00:17.727+0000] {processor.py:830} INFO - Processing file /home/airflow/.local/lib/python3.8/site-packages/airflow/example_dags/example_xcomargs.py for tasks to queue
[2024-02-07T09:00:17.730+0000] {logging_mixin.py:188} INFO - [2024-02-07T09:00:17.730+0000] {dagbag.py:538} INFO - Filling up the DagBag from /home/airflow/.local/lib/python3.8/site-packages/airflow/example_dags/example_xcomargs.py
[2024-02-07T09:00:17.738+0000] {processor.py:840} INFO - DAG(s) 'example_xcom_args_with_operators', 'example_xcom_args' retrieved from /home/airflow/.local/lib/python3.8/site-packages/airflow/example_dags/example_xcomargs.py
[2024-02-07T09:00:17.764+0000] {logging_mixin.py:188} INFO - [2024-02-07T09:00:17.764+0000] {dag.py:3033} INFO - Sync 2 DAGs
[2024-02-07T09:00:17.781+0000] {logging_mixin.py:188} INFO - [2024-02-07T09:00:17.781+0000] {dag.py:3820} INFO - Setting next_dagrun for example_xcom_args to None, run_after=None
[2024-02-07T09:00:17.786+0000] {logging_mixin.py:188} INFO - [2024-02-07T09:00:17.786+0000] {dag.py:3820} INFO - Setting next_dagrun for example_xcom_args_with_operators to None, run_after=None
[2024-02-07T09:00:17.810+0000] {processor.py:183} INFO - Processing /home/airflow/.local/lib/python3.8/site-packages/airflow/example_dags/example_xcomargs.py took 0.087 seconds
[2024-02-07T09:00:47.982+0000] {processor.py:161} INFO - Started process (PID=2369) to work on /home/airflow/.local/lib/python3.8/site-packages/airflow/example_dags/example_xcomargs.py
[2024-02-07T09:00:47.983+0000] {processor.py:830} INFO - Processing file /home/airflow/.local/lib/python3.8/site-packages/airflow/example_dags/example_xcomargs.py for tasks to queue
[2024-02-07T09:00:47.985+0000] {logging_mixin.py:188} INFO - [2024-02-07T09:00:47.985+0000] {dagbag.py:538} INFO - Filling up the DagBag from /home/airflow/.local/lib/python3.8/site-packages/airflow/example_dags/example_xcomargs.py
[2024-02-07T09:00:47.993+0000] {processor.py:840} INFO - DAG(s) 'example_xcom_args_with_operators', 'example_xcom_args' retrieved from /home/airflow/.local/lib/python3.8/site-packages/airflow/example_dags/example_xcomargs.py
[2024-02-07T09:00:48.017+0000] {logging_mixin.py:188} INFO - [2024-02-07T09:00:48.017+0000] {dag.py:3033} INFO - Sync 2 DAGs
[2024-02-07T09:00:48.031+0000] {logging_mixin.py:188} INFO - [2024-02-07T09:00:48.030+0000] {dag.py:3820} INFO - Setting next_dagrun for example_xcom_args to None, run_after=None
[2024-02-07T09:00:48.035+0000] {logging_mixin.py:188} INFO - [2024-02-07T09:00:48.035+0000] {dag.py:3820} INFO - Setting next_dagrun for example_xcom_args_with_operators to None, run_after=None
[2024-02-07T09:00:48.053+0000] {processor.py:183} INFO - Processing /home/airflow/.local/lib/python3.8/site-packages/airflow/example_dags/example_xcomargs.py took 0.074 seconds
[2024-02-07T09:01:18.411+0000] {processor.py:161} INFO - Started process (PID=2426) to work on /home/airflow/.local/lib/python3.8/site-packages/airflow/example_dags/example_xcomargs.py
[2024-02-07T09:01:18.414+0000] {processor.py:830} INFO - Processing file /home/airflow/.local/lib/python3.8/site-packages/airflow/example_dags/example_xcomargs.py for tasks to queue
[2024-02-07T09:01:18.420+0000] {logging_mixin.py:188} INFO - [2024-02-07T09:01:18.420+0000] {dagbag.py:538} INFO - Filling up the DagBag from /home/airflow/.local/lib/python3.8/site-packages/airflow/example_dags/example_xcomargs.py
[2024-02-07T09:01:18.443+0000] {processor.py:840} INFO - DAG(s) 'example_xcom_args', 'example_xcom_args_with_operators' retrieved from /home/airflow/.local/lib/python3.8/site-packages/airflow/example_dags/example_xcomargs.py
[2024-02-07T09:01:18.491+0000] {logging_mixin.py:188} INFO - [2024-02-07T09:01:18.491+0000] {dag.py:3033} INFO - Sync 2 DAGs
[2024-02-07T09:01:18.528+0000] {logging_mixin.py:188} INFO - [2024-02-07T09:01:18.527+0000] {dag.py:3820} INFO - Setting next_dagrun for example_xcom_args to None, run_after=None
[2024-02-07T09:01:18.539+0000] {logging_mixin.py:188} INFO - [2024-02-07T09:01:18.538+0000] {dag.py:3820} INFO - Setting next_dagrun for example_xcom_args_with_operators to None, run_after=None
[2024-02-07T09:01:18.579+0000] {processor.py:183} INFO - Processing /home/airflow/.local/lib/python3.8/site-packages/airflow/example_dags/example_xcomargs.py took 0.179 seconds
[2024-02-07T09:01:48.954+0000] {processor.py:161} INFO - Started process (PID=2483) to work on /home/airflow/.local/lib/python3.8/site-packages/airflow/example_dags/example_xcomargs.py
[2024-02-07T09:01:48.955+0000] {processor.py:830} INFO - Processing file /home/airflow/.local/lib/python3.8/site-packages/airflow/example_dags/example_xcomargs.py for tasks to queue
[2024-02-07T09:01:48.958+0000] {logging_mixin.py:188} INFO - [2024-02-07T09:01:48.957+0000] {dagbag.py:538} INFO - Filling up the DagBag from /home/airflow/.local/lib/python3.8/site-packages/airflow/example_dags/example_xcomargs.py
[2024-02-07T09:01:48.969+0000] {processor.py:840} INFO - DAG(s) 'example_xcom_args_with_operators', 'example_xcom_args' retrieved from /home/airflow/.local/lib/python3.8/site-packages/airflow/example_dags/example_xcomargs.py
[2024-02-07T09:01:49.001+0000] {logging_mixin.py:188} INFO - [2024-02-07T09:01:49.000+0000] {dag.py:3033} INFO - Sync 2 DAGs
[2024-02-07T09:01:49.016+0000] {logging_mixin.py:188} INFO - [2024-02-07T09:01:49.015+0000] {dag.py:3820} INFO - Setting next_dagrun for example_xcom_args to None, run_after=None
[2024-02-07T09:01:49.021+0000] {logging_mixin.py:188} INFO - [2024-02-07T09:01:49.020+0000] {dag.py:3820} INFO - Setting next_dagrun for example_xcom_args_with_operators to None, run_after=None
[2024-02-07T09:01:49.045+0000] {processor.py:183} INFO - Processing /home/airflow/.local/lib/python3.8/site-packages/airflow/example_dags/example_xcomargs.py took 0.095 seconds
[2024-02-07T09:02:19.506+0000] {processor.py:161} INFO - Started process (PID=2541) to work on /home/airflow/.local/lib/python3.8/site-packages/airflow/example_dags/example_xcomargs.py
[2024-02-07T09:02:19.507+0000] {processor.py:830} INFO - Processing file /home/airflow/.local/lib/python3.8/site-packages/airflow/example_dags/example_xcomargs.py for tasks to queue
[2024-02-07T09:02:19.510+0000] {logging_mixin.py:188} INFO - [2024-02-07T09:02:19.510+0000] {dagbag.py:538} INFO - Filling up the DagBag from /home/airflow/.local/lib/python3.8/site-packages/airflow/example_dags/example_xcomargs.py
[2024-02-07T09:02:19.518+0000] {processor.py:840} INFO - DAG(s) 'example_xcom_args', 'example_xcom_args_with_operators' retrieved from /home/airflow/.local/lib/python3.8/site-packages/airflow/example_dags/example_xcomargs.py
[2024-02-07T09:02:19.544+0000] {logging_mixin.py:188} INFO - [2024-02-07T09:02:19.544+0000] {dag.py:3033} INFO - Sync 2 DAGs
[2024-02-07T09:02:19.557+0000] {logging_mixin.py:188} INFO - [2024-02-07T09:02:19.557+0000] {dag.py:3820} INFO - Setting next_dagrun for example_xcom_args to None, run_after=None
[2024-02-07T09:02:19.562+0000] {logging_mixin.py:188} INFO - [2024-02-07T09:02:19.561+0000] {dag.py:3820} INFO - Setting next_dagrun for example_xcom_args_with_operators to None, run_after=None
[2024-02-07T09:02:19.582+0000] {processor.py:183} INFO - Processing /home/airflow/.local/lib/python3.8/site-packages/airflow/example_dags/example_xcomargs.py took 0.080 seconds
[2024-02-07T09:02:49.945+0000] {processor.py:161} INFO - Started process (PID=2598) to work on /home/airflow/.local/lib/python3.8/site-packages/airflow/example_dags/example_xcomargs.py
[2024-02-07T09:02:49.946+0000] {processor.py:830} INFO - Processing file /home/airflow/.local/lib/python3.8/site-packages/airflow/example_dags/example_xcomargs.py for tasks to queue
[2024-02-07T09:02:49.950+0000] {logging_mixin.py:188} INFO - [2024-02-07T09:02:49.949+0000] {dagbag.py:538} INFO - Filling up the DagBag from /home/airflow/.local/lib/python3.8/site-packages/airflow/example_dags/example_xcomargs.py
[2024-02-07T09:02:49.959+0000] {processor.py:840} INFO - DAG(s) 'example_xcom_args', 'example_xcom_args_with_operators' retrieved from /home/airflow/.local/lib/python3.8/site-packages/airflow/example_dags/example_xcomargs.py
[2024-02-07T09:02:49.982+0000] {logging_mixin.py:188} INFO - [2024-02-07T09:02:49.982+0000] {dag.py:3033} INFO - Sync 2 DAGs
[2024-02-07T09:02:49.996+0000] {logging_mixin.py:188} INFO - [2024-02-07T09:02:49.996+0000] {dag.py:3820} INFO - Setting next_dagrun for example_xcom_args to None, run_after=None
[2024-02-07T09:02:50.000+0000] {logging_mixin.py:188} INFO - [2024-02-07T09:02:50.000+0000] {dag.py:3820} INFO - Setting next_dagrun for example_xcom_args_with_operators to None, run_after=None
[2024-02-07T09:02:50.015+0000] {processor.py:183} INFO - Processing /home/airflow/.local/lib/python3.8/site-packages/airflow/example_dags/example_xcomargs.py took 0.074 seconds
[2024-02-07T09:03:20.762+0000] {processor.py:161} INFO - Started process (PID=2655) to work on /home/airflow/.local/lib/python3.8/site-packages/airflow/example_dags/example_xcomargs.py
[2024-02-07T09:03:20.764+0000] {processor.py:830} INFO - Processing file /home/airflow/.local/lib/python3.8/site-packages/airflow/example_dags/example_xcomargs.py for tasks to queue
[2024-02-07T09:03:20.767+0000] {logging_mixin.py:188} INFO - [2024-02-07T09:03:20.767+0000] {dagbag.py:538} INFO - Filling up the DagBag from /home/airflow/.local/lib/python3.8/site-packages/airflow/example_dags/example_xcomargs.py
[2024-02-07T09:03:20.780+0000] {processor.py:840} INFO - DAG(s) 'example_xcom_args', 'example_xcom_args_with_operators' retrieved from /home/airflow/.local/lib/python3.8/site-packages/airflow/example_dags/example_xcomargs.py
[2024-02-07T09:03:20.808+0000] {logging_mixin.py:188} INFO - [2024-02-07T09:03:20.808+0000] {dag.py:3033} INFO - Sync 2 DAGs
[2024-02-07T09:03:20.822+0000] {logging_mixin.py:188} INFO - [2024-02-07T09:03:20.821+0000] {dag.py:3820} INFO - Setting next_dagrun for example_xcom_args to None, run_after=None
[2024-02-07T09:03:20.827+0000] {logging_mixin.py:188} INFO - [2024-02-07T09:03:20.827+0000] {dag.py:3820} INFO - Setting next_dagrun for example_xcom_args_with_operators to None, run_after=None
[2024-02-07T09:03:20.846+0000] {processor.py:183} INFO - Processing /home/airflow/.local/lib/python3.8/site-packages/airflow/example_dags/example_xcomargs.py took 0.088 seconds
[2024-02-07T09:03:50.911+0000] {processor.py:161} INFO - Started process (PID=2712) to work on /home/airflow/.local/lib/python3.8/site-packages/airflow/example_dags/example_xcomargs.py
[2024-02-07T09:03:50.913+0000] {processor.py:830} INFO - Processing file /home/airflow/.local/lib/python3.8/site-packages/airflow/example_dags/example_xcomargs.py for tasks to queue
[2024-02-07T09:03:50.915+0000] {logging_mixin.py:188} INFO - [2024-02-07T09:03:50.915+0000] {dagbag.py:538} INFO - Filling up the DagBag from /home/airflow/.local/lib/python3.8/site-packages/airflow/example_dags/example_xcomargs.py
[2024-02-07T09:03:50.923+0000] {processor.py:840} INFO - DAG(s) 'example_xcom_args_with_operators', 'example_xcom_args' retrieved from /home/airflow/.local/lib/python3.8/site-packages/airflow/example_dags/example_xcomargs.py
[2024-02-07T09:03:50.950+0000] {logging_mixin.py:188} INFO - [2024-02-07T09:03:50.950+0000] {dag.py:3033} INFO - Sync 2 DAGs
[2024-02-07T09:03:50.962+0000] {logging_mixin.py:188} INFO - [2024-02-07T09:03:50.962+0000] {dag.py:3820} INFO - Setting next_dagrun for example_xcom_args to None, run_after=None
[2024-02-07T09:03:50.967+0000] {logging_mixin.py:188} INFO - [2024-02-07T09:03:50.966+0000] {dag.py:3820} INFO - Setting next_dagrun for example_xcom_args_with_operators to None, run_after=None
[2024-02-07T09:03:50.988+0000] {processor.py:183} INFO - Processing /home/airflow/.local/lib/python3.8/site-packages/airflow/example_dags/example_xcomargs.py took 0.079 seconds
[2024-02-07T09:04:21.489+0000] {processor.py:161} INFO - Started process (PID=2769) to work on /home/airflow/.local/lib/python3.8/site-packages/airflow/example_dags/example_xcomargs.py
[2024-02-07T09:04:21.490+0000] {processor.py:830} INFO - Processing file /home/airflow/.local/lib/python3.8/site-packages/airflow/example_dags/example_xcomargs.py for tasks to queue
[2024-02-07T09:04:21.493+0000] {logging_mixin.py:188} INFO - [2024-02-07T09:04:21.492+0000] {dagbag.py:538} INFO - Filling up the DagBag from /home/airflow/.local/lib/python3.8/site-packages/airflow/example_dags/example_xcomargs.py
[2024-02-07T09:04:21.502+0000] {processor.py:840} INFO - DAG(s) 'example_xcom_args_with_operators', 'example_xcom_args' retrieved from /home/airflow/.local/lib/python3.8/site-packages/airflow/example_dags/example_xcomargs.py
[2024-02-07T09:04:21.528+0000] {logging_mixin.py:188} INFO - [2024-02-07T09:04:21.527+0000] {dag.py:3033} INFO - Sync 2 DAGs
[2024-02-07T09:04:21.539+0000] {logging_mixin.py:188} INFO - [2024-02-07T09:04:21.539+0000] {dag.py:3820} INFO - Setting next_dagrun for example_xcom_args to None, run_after=None
[2024-02-07T09:04:21.544+0000] {logging_mixin.py:188} INFO - [2024-02-07T09:04:21.543+0000] {dag.py:3820} INFO - Setting next_dagrun for example_xcom_args_with_operators to None, run_after=None
[2024-02-07T09:04:21.564+0000] {processor.py:183} INFO - Processing /home/airflow/.local/lib/python3.8/site-packages/airflow/example_dags/example_xcomargs.py took 0.078 seconds
[2024-02-07T09:04:51.783+0000] {processor.py:161} INFO - Started process (PID=2826) to work on /home/airflow/.local/lib/python3.8/site-packages/airflow/example_dags/example_xcomargs.py
[2024-02-07T09:04:51.784+0000] {processor.py:830} INFO - Processing file /home/airflow/.local/lib/python3.8/site-packages/airflow/example_dags/example_xcomargs.py for tasks to queue
[2024-02-07T09:04:51.786+0000] {logging_mixin.py:188} INFO - [2024-02-07T09:04:51.786+0000] {dagbag.py:538} INFO - Filling up the DagBag from /home/airflow/.local/lib/python3.8/site-packages/airflow/example_dags/example_xcomargs.py
[2024-02-07T09:04:51.795+0000] {processor.py:840} INFO - DAG(s) 'example_xcom_args_with_operators', 'example_xcom_args' retrieved from /home/airflow/.local/lib/python3.8/site-packages/airflow/example_dags/example_xcomargs.py
[2024-02-07T09:04:51.822+0000] {logging_mixin.py:188} INFO - [2024-02-07T09:04:51.822+0000] {dag.py:3033} INFO - Sync 2 DAGs
[2024-02-07T09:04:51.836+0000] {logging_mixin.py:188} INFO - [2024-02-07T09:04:51.836+0000] {dag.py:3820} INFO - Setting next_dagrun for example_xcom_args to None, run_after=None
[2024-02-07T09:04:51.841+0000] {logging_mixin.py:188} INFO - [2024-02-07T09:04:51.841+0000] {dag.py:3820} INFO - Setting next_dagrun for example_xcom_args_with_operators to None, run_after=None
[2024-02-07T09:04:51.865+0000] {processor.py:183} INFO - Processing /home/airflow/.local/lib/python3.8/site-packages/airflow/example_dags/example_xcomargs.py took 0.086 seconds
[2024-02-07T09:05:22.203+0000] {processor.py:161} INFO - Started process (PID=2883) to work on /home/airflow/.local/lib/python3.8/site-packages/airflow/example_dags/example_xcomargs.py
[2024-02-07T09:05:22.205+0000] {processor.py:830} INFO - Processing file /home/airflow/.local/lib/python3.8/site-packages/airflow/example_dags/example_xcomargs.py for tasks to queue
[2024-02-07T09:05:22.209+0000] {logging_mixin.py:188} INFO - [2024-02-07T09:05:22.208+0000] {dagbag.py:538} INFO - Filling up the DagBag from /home/airflow/.local/lib/python3.8/site-packages/airflow/example_dags/example_xcomargs.py
[2024-02-07T09:05:22.222+0000] {processor.py:840} INFO - DAG(s) 'example_xcom_args', 'example_xcom_args_with_operators' retrieved from /home/airflow/.local/lib/python3.8/site-packages/airflow/example_dags/example_xcomargs.py
[2024-02-07T09:05:22.275+0000] {logging_mixin.py:188} INFO - [2024-02-07T09:05:22.268+0000] {dag.py:3033} INFO - Sync 2 DAGs
[2024-02-07T09:05:22.292+0000] {logging_mixin.py:188} INFO - [2024-02-07T09:05:22.292+0000] {dag.py:3820} INFO - Setting next_dagrun for example_xcom_args to None, run_after=None
[2024-02-07T09:05:22.298+0000] {logging_mixin.py:188} INFO - [2024-02-07T09:05:22.298+0000] {dag.py:3820} INFO - Setting next_dagrun for example_xcom_args_with_operators to None, run_after=None
[2024-02-07T09:05:22.318+0000] {processor.py:183} INFO - Processing /home/airflow/.local/lib/python3.8/site-packages/airflow/example_dags/example_xcomargs.py took 0.120 seconds
[2024-02-07T09:05:52.610+0000] {processor.py:161} INFO - Started process (PID=2940) to work on /home/airflow/.local/lib/python3.8/site-packages/airflow/example_dags/example_xcomargs.py
[2024-02-07T09:05:52.611+0000] {processor.py:830} INFO - Processing file /home/airflow/.local/lib/python3.8/site-packages/airflow/example_dags/example_xcomargs.py for tasks to queue
[2024-02-07T09:05:52.614+0000] {logging_mixin.py:188} INFO - [2024-02-07T09:05:52.613+0000] {dagbag.py:538} INFO - Filling up the DagBag from /home/airflow/.local/lib/python3.8/site-packages/airflow/example_dags/example_xcomargs.py
[2024-02-07T09:05:52.623+0000] {processor.py:840} INFO - DAG(s) 'example_xcom_args_with_operators', 'example_xcom_args' retrieved from /home/airflow/.local/lib/python3.8/site-packages/airflow/example_dags/example_xcomargs.py
[2024-02-07T09:05:52.651+0000] {logging_mixin.py:188} INFO - [2024-02-07T09:05:52.651+0000] {dag.py:3033} INFO - Sync 2 DAGs
[2024-02-07T09:05:52.666+0000] {logging_mixin.py:188} INFO - [2024-02-07T09:05:52.666+0000] {dag.py:3820} INFO - Setting next_dagrun for example_xcom_args to None, run_after=None
[2024-02-07T09:05:52.670+0000] {logging_mixin.py:188} INFO - [2024-02-07T09:05:52.670+0000] {dag.py:3820} INFO - Setting next_dagrun for example_xcom_args_with_operators to None, run_after=None
[2024-02-07T09:05:52.696+0000] {processor.py:183} INFO - Processing /home/airflow/.local/lib/python3.8/site-packages/airflow/example_dags/example_xcomargs.py took 0.089 seconds
[2024-02-07T09:06:22.948+0000] {processor.py:161} INFO - Started process (PID=2997) to work on /home/airflow/.local/lib/python3.8/site-packages/airflow/example_dags/example_xcomargs.py
[2024-02-07T09:06:22.949+0000] {processor.py:830} INFO - Processing file /home/airflow/.local/lib/python3.8/site-packages/airflow/example_dags/example_xcomargs.py for tasks to queue
[2024-02-07T09:06:22.952+0000] {logging_mixin.py:188} INFO - [2024-02-07T09:06:22.952+0000] {dagbag.py:538} INFO - Filling up the DagBag from /home/airflow/.local/lib/python3.8/site-packages/airflow/example_dags/example_xcomargs.py
[2024-02-07T09:06:22.960+0000] {processor.py:840} INFO - DAG(s) 'example_xcom_args_with_operators', 'example_xcom_args' retrieved from /home/airflow/.local/lib/python3.8/site-packages/airflow/example_dags/example_xcomargs.py
[2024-02-07T09:06:22.988+0000] {logging_mixin.py:188} INFO - [2024-02-07T09:06:22.987+0000] {dag.py:3033} INFO - Sync 2 DAGs
[2024-02-07T09:06:23.001+0000] {logging_mixin.py:188} INFO - [2024-02-07T09:06:23.001+0000] {dag.py:3820} INFO - Setting next_dagrun for example_xcom_args to None, run_after=None
[2024-02-07T09:06:23.005+0000] {logging_mixin.py:188} INFO - [2024-02-07T09:06:23.005+0000] {dag.py:3820} INFO - Setting next_dagrun for example_xcom_args_with_operators to None, run_after=None
[2024-02-07T09:06:23.026+0000] {processor.py:183} INFO - Processing /home/airflow/.local/lib/python3.8/site-packages/airflow/example_dags/example_xcomargs.py took 0.082 seconds
[2024-02-07T09:06:53.362+0000] {processor.py:161} INFO - Started process (PID=3054) to work on /home/airflow/.local/lib/python3.8/site-packages/airflow/example_dags/example_xcomargs.py
[2024-02-07T09:06:53.363+0000] {processor.py:830} INFO - Processing file /home/airflow/.local/lib/python3.8/site-packages/airflow/example_dags/example_xcomargs.py for tasks to queue
[2024-02-07T09:06:53.366+0000] {logging_mixin.py:188} INFO - [2024-02-07T09:06:53.365+0000] {dagbag.py:538} INFO - Filling up the DagBag from /home/airflow/.local/lib/python3.8/site-packages/airflow/example_dags/example_xcomargs.py
[2024-02-07T09:06:53.374+0000] {processor.py:840} INFO - DAG(s) 'example_xcom_args', 'example_xcom_args_with_operators' retrieved from /home/airflow/.local/lib/python3.8/site-packages/airflow/example_dags/example_xcomargs.py
[2024-02-07T09:06:53.401+0000] {logging_mixin.py:188} INFO - [2024-02-07T09:06:53.401+0000] {dag.py:3033} INFO - Sync 2 DAGs
[2024-02-07T09:06:53.414+0000] {logging_mixin.py:188} INFO - [2024-02-07T09:06:53.414+0000] {dag.py:3820} INFO - Setting next_dagrun for example_xcom_args to None, run_after=None
[2024-02-07T09:06:53.418+0000] {logging_mixin.py:188} INFO - [2024-02-07T09:06:53.418+0000] {dag.py:3820} INFO - Setting next_dagrun for example_xcom_args_with_operators to None, run_after=None
[2024-02-07T09:06:53.442+0000] {processor.py:183} INFO - Processing /home/airflow/.local/lib/python3.8/site-packages/airflow/example_dags/example_xcomargs.py took 0.084 seconds
[2024-02-07T09:07:23.977+0000] {processor.py:161} INFO - Started process (PID=3111) to work on /home/airflow/.local/lib/python3.8/site-packages/airflow/example_dags/example_xcomargs.py
[2024-02-07T09:07:23.978+0000] {processor.py:830} INFO - Processing file /home/airflow/.local/lib/python3.8/site-packages/airflow/example_dags/example_xcomargs.py for tasks to queue
[2024-02-07T09:07:23.981+0000] {logging_mixin.py:188} INFO - [2024-02-07T09:07:23.981+0000] {dagbag.py:538} INFO - Filling up the DagBag from /home/airflow/.local/lib/python3.8/site-packages/airflow/example_dags/example_xcomargs.py
[2024-02-07T09:07:24.001+0000] {processor.py:840} INFO - DAG(s) 'example_xcom_args', 'example_xcom_args_with_operators' retrieved from /home/airflow/.local/lib/python3.8/site-packages/airflow/example_dags/example_xcomargs.py
[2024-02-07T09:07:24.045+0000] {logging_mixin.py:188} INFO - [2024-02-07T09:07:24.045+0000] {dag.py:3033} INFO - Sync 2 DAGs
[2024-02-07T09:07:24.063+0000] {logging_mixin.py:188} INFO - [2024-02-07T09:07:24.062+0000] {dag.py:3820} INFO - Setting next_dagrun for example_xcom_args to None, run_after=None
[2024-02-07T09:07:24.068+0000] {logging_mixin.py:188} INFO - [2024-02-07T09:07:24.068+0000] {dag.py:3820} INFO - Setting next_dagrun for example_xcom_args_with_operators to None, run_after=None
[2024-02-07T09:07:24.095+0000] {processor.py:183} INFO - Processing /home/airflow/.local/lib/python3.8/site-packages/airflow/example_dags/example_xcomargs.py took 0.123 seconds
[2024-02-07T09:07:54.399+0000] {processor.py:161} INFO - Started process (PID=3168) to work on /home/airflow/.local/lib/python3.8/site-packages/airflow/example_dags/example_xcomargs.py
[2024-02-07T09:07:54.400+0000] {processor.py:830} INFO - Processing file /home/airflow/.local/lib/python3.8/site-packages/airflow/example_dags/example_xcomargs.py for tasks to queue
[2024-02-07T09:07:54.404+0000] {logging_mixin.py:188} INFO - [2024-02-07T09:07:54.403+0000] {dagbag.py:538} INFO - Filling up the DagBag from /home/airflow/.local/lib/python3.8/site-packages/airflow/example_dags/example_xcomargs.py
[2024-02-07T09:07:54.413+0000] {processor.py:840} INFO - DAG(s) 'example_xcom_args', 'example_xcom_args_with_operators' retrieved from /home/airflow/.local/lib/python3.8/site-packages/airflow/example_dags/example_xcomargs.py
[2024-02-07T09:07:54.444+0000] {logging_mixin.py:188} INFO - [2024-02-07T09:07:54.443+0000] {dag.py:3033} INFO - Sync 2 DAGs
[2024-02-07T09:07:54.459+0000] {logging_mixin.py:188} INFO - [2024-02-07T09:07:54.458+0000] {dag.py:3820} INFO - Setting next_dagrun for example_xcom_args to None, run_after=None
[2024-02-07T09:07:54.464+0000] {logging_mixin.py:188} INFO - [2024-02-07T09:07:54.463+0000] {dag.py:3820} INFO - Setting next_dagrun for example_xcom_args_with_operators to None, run_after=None
[2024-02-07T09:07:54.491+0000] {processor.py:183} INFO - Processing /home/airflow/.local/lib/python3.8/site-packages/airflow/example_dags/example_xcomargs.py took 0.096 seconds
[2024-02-07T09:08:24.762+0000] {processor.py:161} INFO - Started process (PID=3225) to work on /home/airflow/.local/lib/python3.8/site-packages/airflow/example_dags/example_xcomargs.py
[2024-02-07T09:08:24.763+0000] {processor.py:830} INFO - Processing file /home/airflow/.local/lib/python3.8/site-packages/airflow/example_dags/example_xcomargs.py for tasks to queue
[2024-02-07T09:08:24.765+0000] {logging_mixin.py:188} INFO - [2024-02-07T09:08:24.764+0000] {dagbag.py:538} INFO - Filling up the DagBag from /home/airflow/.local/lib/python3.8/site-packages/airflow/example_dags/example_xcomargs.py
[2024-02-07T09:08:24.775+0000] {processor.py:840} INFO - DAG(s) 'example_xcom_args', 'example_xcom_args_with_operators' retrieved from /home/airflow/.local/lib/python3.8/site-packages/airflow/example_dags/example_xcomargs.py
[2024-02-07T09:08:24.803+0000] {logging_mixin.py:188} INFO - [2024-02-07T09:08:24.803+0000] {dag.py:3033} INFO - Sync 2 DAGs
[2024-02-07T09:08:24.819+0000] {logging_mixin.py:188} INFO - [2024-02-07T09:08:24.819+0000] {dag.py:3820} INFO - Setting next_dagrun for example_xcom_args to None, run_after=None
[2024-02-07T09:08:24.824+0000] {logging_mixin.py:188} INFO - [2024-02-07T09:08:24.824+0000] {dag.py:3820} INFO - Setting next_dagrun for example_xcom_args_with_operators to None, run_after=None
[2024-02-07T09:08:24.845+0000] {processor.py:183} INFO - Processing /home/airflow/.local/lib/python3.8/site-packages/airflow/example_dags/example_xcomargs.py took 0.087 seconds
[2024-02-07T09:08:55.189+0000] {processor.py:161} INFO - Started process (PID=3283) to work on /home/airflow/.local/lib/python3.8/site-packages/airflow/example_dags/example_xcomargs.py
[2024-02-07T09:08:55.190+0000] {processor.py:830} INFO - Processing file /home/airflow/.local/lib/python3.8/site-packages/airflow/example_dags/example_xcomargs.py for tasks to queue
[2024-02-07T09:08:55.193+0000] {logging_mixin.py:188} INFO - [2024-02-07T09:08:55.192+0000] {dagbag.py:538} INFO - Filling up the DagBag from /home/airflow/.local/lib/python3.8/site-packages/airflow/example_dags/example_xcomargs.py
[2024-02-07T09:08:55.201+0000] {processor.py:840} INFO - DAG(s) 'example_xcom_args_with_operators', 'example_xcom_args' retrieved from /home/airflow/.local/lib/python3.8/site-packages/airflow/example_dags/example_xcomargs.py
[2024-02-07T09:08:55.228+0000] {logging_mixin.py:188} INFO - [2024-02-07T09:08:55.228+0000] {dag.py:3033} INFO - Sync 2 DAGs
[2024-02-07T09:08:55.243+0000] {logging_mixin.py:188} INFO - [2024-02-07T09:08:55.243+0000] {dag.py:3820} INFO - Setting next_dagrun for example_xcom_args to None, run_after=None
[2024-02-07T09:08:55.248+0000] {logging_mixin.py:188} INFO - [2024-02-07T09:08:55.247+0000] {dag.py:3820} INFO - Setting next_dagrun for example_xcom_args_with_operators to None, run_after=None
[2024-02-07T09:08:55.268+0000] {processor.py:183} INFO - Processing /home/airflow/.local/lib/python3.8/site-packages/airflow/example_dags/example_xcomargs.py took 0.082 seconds
[2024-02-07T09:09:25.574+0000] {processor.py:161} INFO - Started process (PID=3339) to work on /home/airflow/.local/lib/python3.8/site-packages/airflow/example_dags/example_xcomargs.py
[2024-02-07T09:09:25.575+0000] {processor.py:830} INFO - Processing file /home/airflow/.local/lib/python3.8/site-packages/airflow/example_dags/example_xcomargs.py for tasks to queue
[2024-02-07T09:09:25.577+0000] {logging_mixin.py:188} INFO - [2024-02-07T09:09:25.577+0000] {dagbag.py:538} INFO - Filling up the DagBag from /home/airflow/.local/lib/python3.8/site-packages/airflow/example_dags/example_xcomargs.py
[2024-02-07T09:09:25.587+0000] {processor.py:840} INFO - DAG(s) 'example_xcom_args_with_operators', 'example_xcom_args' retrieved from /home/airflow/.local/lib/python3.8/site-packages/airflow/example_dags/example_xcomargs.py
[2024-02-07T09:09:25.614+0000] {logging_mixin.py:188} INFO - [2024-02-07T09:09:25.614+0000] {dag.py:3033} INFO - Sync 2 DAGs
[2024-02-07T09:09:25.625+0000] {logging_mixin.py:188} INFO - [2024-02-07T09:09:25.625+0000] {dag.py:3820} INFO - Setting next_dagrun for example_xcom_args to None, run_after=None
[2024-02-07T09:09:25.629+0000] {logging_mixin.py:188} INFO - [2024-02-07T09:09:25.629+0000] {dag.py:3820} INFO - Setting next_dagrun for example_xcom_args_with_operators to None, run_after=None
[2024-02-07T09:09:25.654+0000] {processor.py:183} INFO - Processing /home/airflow/.local/lib/python3.8/site-packages/airflow/example_dags/example_xcomargs.py took 0.084 seconds
[2024-02-07T09:09:56.101+0000] {processor.py:161} INFO - Started process (PID=3396) to work on /home/airflow/.local/lib/python3.8/site-packages/airflow/example_dags/example_xcomargs.py
[2024-02-07T09:09:56.102+0000] {processor.py:830} INFO - Processing file /home/airflow/.local/lib/python3.8/site-packages/airflow/example_dags/example_xcomargs.py for tasks to queue
[2024-02-07T09:09:56.105+0000] {logging_mixin.py:188} INFO - [2024-02-07T09:09:56.104+0000] {dagbag.py:538} INFO - Filling up the DagBag from /home/airflow/.local/lib/python3.8/site-packages/airflow/example_dags/example_xcomargs.py
[2024-02-07T09:09:56.114+0000] {processor.py:840} INFO - DAG(s) 'example_xcom_args_with_operators', 'example_xcom_args' retrieved from /home/airflow/.local/lib/python3.8/site-packages/airflow/example_dags/example_xcomargs.py
[2024-02-07T09:09:56.145+0000] {logging_mixin.py:188} INFO - [2024-02-07T09:09:56.145+0000] {dag.py:3033} INFO - Sync 2 DAGs
[2024-02-07T09:09:56.161+0000] {logging_mixin.py:188} INFO - [2024-02-07T09:09:56.161+0000] {dag.py:3820} INFO - Setting next_dagrun for example_xcom_args to None, run_after=None
[2024-02-07T09:09:56.166+0000] {logging_mixin.py:188} INFO - [2024-02-07T09:09:56.166+0000] {dag.py:3820} INFO - Setting next_dagrun for example_xcom_args_with_operators to None, run_after=None
[2024-02-07T09:09:56.190+0000] {processor.py:183} INFO - Processing /home/airflow/.local/lib/python3.8/site-packages/airflow/example_dags/example_xcomargs.py took 0.093 seconds
[2024-02-07T09:10:26.339+0000] {processor.py:161} INFO - Started process (PID=3453) to work on /home/airflow/.local/lib/python3.8/site-packages/airflow/example_dags/example_xcomargs.py
[2024-02-07T09:10:26.340+0000] {processor.py:830} INFO - Processing file /home/airflow/.local/lib/python3.8/site-packages/airflow/example_dags/example_xcomargs.py for tasks to queue
[2024-02-07T09:10:26.343+0000] {logging_mixin.py:188} INFO - [2024-02-07T09:10:26.343+0000] {dagbag.py:538} INFO - Filling up the DagBag from /home/airflow/.local/lib/python3.8/site-packages/airflow/example_dags/example_xcomargs.py
[2024-02-07T09:10:26.352+0000] {processor.py:840} INFO - DAG(s) 'example_xcom_args', 'example_xcom_args_with_operators' retrieved from /home/airflow/.local/lib/python3.8/site-packages/airflow/example_dags/example_xcomargs.py
[2024-02-07T09:10:26.377+0000] {logging_mixin.py:188} INFO - [2024-02-07T09:10:26.376+0000] {dag.py:3033} INFO - Sync 2 DAGs
[2024-02-07T09:10:26.390+0000] {logging_mixin.py:188} INFO - [2024-02-07T09:10:26.390+0000] {dag.py:3820} INFO - Setting next_dagrun for example_xcom_args to None, run_after=None
[2024-02-07T09:10:26.394+0000] {logging_mixin.py:188} INFO - [2024-02-07T09:10:26.394+0000] {dag.py:3820} INFO - Setting next_dagrun for example_xcom_args_with_operators to None, run_after=None
[2024-02-07T09:10:26.413+0000] {processor.py:183} INFO - Processing /home/airflow/.local/lib/python3.8/site-packages/airflow/example_dags/example_xcomargs.py took 0.078 seconds
[2024-02-07T09:10:56.560+0000] {processor.py:161} INFO - Started process (PID=3510) to work on /home/airflow/.local/lib/python3.8/site-packages/airflow/example_dags/example_xcomargs.py
[2024-02-07T09:10:56.561+0000] {processor.py:830} INFO - Processing file /home/airflow/.local/lib/python3.8/site-packages/airflow/example_dags/example_xcomargs.py for tasks to queue
[2024-02-07T09:10:56.564+0000] {logging_mixin.py:188} INFO - [2024-02-07T09:10:56.564+0000] {dagbag.py:538} INFO - Filling up the DagBag from /home/airflow/.local/lib/python3.8/site-packages/airflow/example_dags/example_xcomargs.py
[2024-02-07T09:10:56.573+0000] {processor.py:840} INFO - DAG(s) 'example_xcom_args_with_operators', 'example_xcom_args' retrieved from /home/airflow/.local/lib/python3.8/site-packages/airflow/example_dags/example_xcomargs.py
[2024-02-07T09:10:56.602+0000] {logging_mixin.py:188} INFO - [2024-02-07T09:10:56.602+0000] {dag.py:3033} INFO - Sync 2 DAGs
[2024-02-07T09:10:56.616+0000] {logging_mixin.py:188} INFO - [2024-02-07T09:10:56.616+0000] {dag.py:3820} INFO - Setting next_dagrun for example_xcom_args to None, run_after=None
[2024-02-07T09:10:56.621+0000] {logging_mixin.py:188} INFO - [2024-02-07T09:10:56.621+0000] {dag.py:3820} INFO - Setting next_dagrun for example_xcom_args_with_operators to None, run_after=None
[2024-02-07T09:10:56.645+0000] {processor.py:183} INFO - Processing /home/airflow/.local/lib/python3.8/site-packages/airflow/example_dags/example_xcomargs.py took 0.088 seconds
[2024-02-07T09:11:26.784+0000] {processor.py:161} INFO - Started process (PID=3567) to work on /home/airflow/.local/lib/python3.8/site-packages/airflow/example_dags/example_xcomargs.py
[2024-02-07T09:11:26.786+0000] {processor.py:830} INFO - Processing file /home/airflow/.local/lib/python3.8/site-packages/airflow/example_dags/example_xcomargs.py for tasks to queue
[2024-02-07T09:11:26.788+0000] {logging_mixin.py:188} INFO - [2024-02-07T09:11:26.788+0000] {dagbag.py:538} INFO - Filling up the DagBag from /home/airflow/.local/lib/python3.8/site-packages/airflow/example_dags/example_xcomargs.py
[2024-02-07T09:11:26.796+0000] {processor.py:840} INFO - DAG(s) 'example_xcom_args_with_operators', 'example_xcom_args' retrieved from /home/airflow/.local/lib/python3.8/site-packages/airflow/example_dags/example_xcomargs.py
[2024-02-07T09:11:26.823+0000] {logging_mixin.py:188} INFO - [2024-02-07T09:11:26.823+0000] {dag.py:3033} INFO - Sync 2 DAGs
[2024-02-07T09:11:26.835+0000] {logging_mixin.py:188} INFO - [2024-02-07T09:11:26.835+0000] {dag.py:3820} INFO - Setting next_dagrun for example_xcom_args to None, run_after=None
[2024-02-07T09:11:26.840+0000] {logging_mixin.py:188} INFO - [2024-02-07T09:11:26.839+0000] {dag.py:3820} INFO - Setting next_dagrun for example_xcom_args_with_operators to None, run_after=None
[2024-02-07T09:11:26.862+0000] {processor.py:183} INFO - Processing /home/airflow/.local/lib/python3.8/site-packages/airflow/example_dags/example_xcomargs.py took 0.081 seconds
