[2024-02-07T08:40:10.873+0000] {processor.py:161} INFO - Started process (PID=58) to work on /home/airflow/.local/lib/python3.8/site-packages/airflow/example_dags/example_short_circuit_decorator.py
[2024-02-07T08:40:10.875+0000] {processor.py:830} INFO - Processing file /home/airflow/.local/lib/python3.8/site-packages/airflow/example_dags/example_short_circuit_decorator.py for tasks to queue
[2024-02-07T08:40:10.878+0000] {logging_mixin.py:188} INFO - [2024-02-07T08:40:10.877+0000] {dagbag.py:538} INFO - Filling up the DagBag from /home/airflow/.local/lib/python3.8/site-packages/airflow/example_dags/example_short_circuit_decorator.py
[2024-02-07T08:40:10.892+0000] {processor.py:840} INFO - DAG(s) 'example_short_circuit_decorator' retrieved from /home/airflow/.local/lib/python3.8/site-packages/airflow/example_dags/example_short_circuit_decorator.py
[2024-02-07T08:40:10.931+0000] {logging_mixin.py:188} INFO - [2024-02-07T08:40:10.931+0000] {dag.py:3033} INFO - Sync 1 DAGs
[2024-02-07T08:40:10.958+0000] {logging_mixin.py:188} INFO - [2024-02-07T08:40:10.958+0000] {dag.py:3820} INFO - Setting next_dagrun for example_short_circuit_decorator to 2024-02-06T00:00:00+00:00, run_after=2024-02-07T00:00:00+00:00
[2024-02-07T08:40:10.980+0000] {processor.py:183} INFO - Processing /home/airflow/.local/lib/python3.8/site-packages/airflow/example_dags/example_short_circuit_decorator.py took 0.110 seconds
[2024-02-07T08:40:41.578+0000] {processor.py:161} INFO - Started process (PID=115) to work on /home/airflow/.local/lib/python3.8/site-packages/airflow/example_dags/example_short_circuit_decorator.py
[2024-02-07T08:40:41.580+0000] {processor.py:830} INFO - Processing file /home/airflow/.local/lib/python3.8/site-packages/airflow/example_dags/example_short_circuit_decorator.py for tasks to queue
[2024-02-07T08:40:41.582+0000] {logging_mixin.py:188} INFO - [2024-02-07T08:40:41.581+0000] {dagbag.py:538} INFO - Filling up the DagBag from /home/airflow/.local/lib/python3.8/site-packages/airflow/example_dags/example_short_circuit_decorator.py
[2024-02-07T08:40:41.590+0000] {processor.py:840} INFO - DAG(s) 'example_short_circuit_decorator' retrieved from /home/airflow/.local/lib/python3.8/site-packages/airflow/example_dags/example_short_circuit_decorator.py
[2024-02-07T08:40:41.616+0000] {logging_mixin.py:188} INFO - [2024-02-07T08:40:41.616+0000] {dag.py:3033} INFO - Sync 1 DAGs
[2024-02-07T08:40:41.643+0000] {logging_mixin.py:188} INFO - [2024-02-07T08:40:41.643+0000] {dag.py:3820} INFO - Setting next_dagrun for example_short_circuit_decorator to 2024-02-06T00:00:00+00:00, run_after=2024-02-07T00:00:00+00:00
[2024-02-07T08:40:41.673+0000] {processor.py:183} INFO - Processing /home/airflow/.local/lib/python3.8/site-packages/airflow/example_dags/example_short_circuit_decorator.py took 0.097 seconds
[2024-02-07T08:41:12.252+0000] {processor.py:161} INFO - Started process (PID=172) to work on /home/airflow/.local/lib/python3.8/site-packages/airflow/example_dags/example_short_circuit_decorator.py
[2024-02-07T08:41:12.254+0000] {processor.py:830} INFO - Processing file /home/airflow/.local/lib/python3.8/site-packages/airflow/example_dags/example_short_circuit_decorator.py for tasks to queue
[2024-02-07T08:41:12.256+0000] {logging_mixin.py:188} INFO - [2024-02-07T08:41:12.256+0000] {dagbag.py:538} INFO - Filling up the DagBag from /home/airflow/.local/lib/python3.8/site-packages/airflow/example_dags/example_short_circuit_decorator.py
[2024-02-07T08:41:12.265+0000] {processor.py:840} INFO - DAG(s) 'example_short_circuit_decorator' retrieved from /home/airflow/.local/lib/python3.8/site-packages/airflow/example_dags/example_short_circuit_decorator.py
[2024-02-07T08:41:12.293+0000] {logging_mixin.py:188} INFO - [2024-02-07T08:41:12.293+0000] {dag.py:3033} INFO - Sync 1 DAGs
[2024-02-07T08:41:12.321+0000] {logging_mixin.py:188} INFO - [2024-02-07T08:41:12.321+0000] {dag.py:3820} INFO - Setting next_dagrun for example_short_circuit_decorator to 2024-02-06T00:00:00+00:00, run_after=2024-02-07T00:00:00+00:00
[2024-02-07T08:41:12.349+0000] {processor.py:183} INFO - Processing /home/airflow/.local/lib/python3.8/site-packages/airflow/example_dags/example_short_circuit_decorator.py took 0.099 seconds
[2024-02-07T08:41:43.128+0000] {processor.py:161} INFO - Started process (PID=229) to work on /home/airflow/.local/lib/python3.8/site-packages/airflow/example_dags/example_short_circuit_decorator.py
[2024-02-07T08:41:43.129+0000] {processor.py:830} INFO - Processing file /home/airflow/.local/lib/python3.8/site-packages/airflow/example_dags/example_short_circuit_decorator.py for tasks to queue
[2024-02-07T08:41:43.132+0000] {logging_mixin.py:188} INFO - [2024-02-07T08:41:43.132+0000] {dagbag.py:538} INFO - Filling up the DagBag from /home/airflow/.local/lib/python3.8/site-packages/airflow/example_dags/example_short_circuit_decorator.py
[2024-02-07T08:41:43.153+0000] {processor.py:840} INFO - DAG(s) 'example_short_circuit_decorator' retrieved from /home/airflow/.local/lib/python3.8/site-packages/airflow/example_dags/example_short_circuit_decorator.py
[2024-02-07T08:41:43.181+0000] {logging_mixin.py:188} INFO - [2024-02-07T08:41:43.180+0000] {dag.py:3033} INFO - Sync 1 DAGs
[2024-02-07T08:41:43.206+0000] {logging_mixin.py:188} INFO - [2024-02-07T08:41:43.206+0000] {dag.py:3820} INFO - Setting next_dagrun for example_short_circuit_decorator to 2024-02-06T00:00:00+00:00, run_after=2024-02-07T00:00:00+00:00
[2024-02-07T08:41:43.226+0000] {processor.py:183} INFO - Processing /home/airflow/.local/lib/python3.8/site-packages/airflow/example_dags/example_short_circuit_decorator.py took 0.103 seconds
[2024-02-07T08:42:13.503+0000] {processor.py:161} INFO - Started process (PID=287) to work on /home/airflow/.local/lib/python3.8/site-packages/airflow/example_dags/example_short_circuit_decorator.py
[2024-02-07T08:42:13.504+0000] {processor.py:830} INFO - Processing file /home/airflow/.local/lib/python3.8/site-packages/airflow/example_dags/example_short_circuit_decorator.py for tasks to queue
[2024-02-07T08:42:13.507+0000] {logging_mixin.py:188} INFO - [2024-02-07T08:42:13.506+0000] {dagbag.py:538} INFO - Filling up the DagBag from /home/airflow/.local/lib/python3.8/site-packages/airflow/example_dags/example_short_circuit_decorator.py
[2024-02-07T08:42:13.517+0000] {processor.py:840} INFO - DAG(s) 'example_short_circuit_decorator' retrieved from /home/airflow/.local/lib/python3.8/site-packages/airflow/example_dags/example_short_circuit_decorator.py
[2024-02-07T08:42:13.543+0000] {logging_mixin.py:188} INFO - [2024-02-07T08:42:13.543+0000] {dag.py:3033} INFO - Sync 1 DAGs
[2024-02-07T08:42:13.570+0000] {logging_mixin.py:188} INFO - [2024-02-07T08:42:13.570+0000] {dag.py:3820} INFO - Setting next_dagrun for example_short_circuit_decorator to 2024-02-06T00:00:00+00:00, run_after=2024-02-07T00:00:00+00:00
[2024-02-07T08:42:13.592+0000] {processor.py:183} INFO - Processing /home/airflow/.local/lib/python3.8/site-packages/airflow/example_dags/example_short_circuit_decorator.py took 0.092 seconds
[2024-02-07T08:42:44.382+0000] {processor.py:161} INFO - Started process (PID=344) to work on /home/airflow/.local/lib/python3.8/site-packages/airflow/example_dags/example_short_circuit_decorator.py
[2024-02-07T08:42:44.384+0000] {processor.py:830} INFO - Processing file /home/airflow/.local/lib/python3.8/site-packages/airflow/example_dags/example_short_circuit_decorator.py for tasks to queue
[2024-02-07T08:42:44.386+0000] {logging_mixin.py:188} INFO - [2024-02-07T08:42:44.386+0000] {dagbag.py:538} INFO - Filling up the DagBag from /home/airflow/.local/lib/python3.8/site-packages/airflow/example_dags/example_short_circuit_decorator.py
[2024-02-07T08:42:44.397+0000] {processor.py:840} INFO - DAG(s) 'example_short_circuit_decorator' retrieved from /home/airflow/.local/lib/python3.8/site-packages/airflow/example_dags/example_short_circuit_decorator.py
[2024-02-07T08:42:44.451+0000] {logging_mixin.py:188} INFO - [2024-02-07T08:42:44.450+0000] {dag.py:3033} INFO - Sync 1 DAGs
[2024-02-07T08:42:44.483+0000] {logging_mixin.py:188} INFO - [2024-02-07T08:42:44.483+0000] {dag.py:3820} INFO - Setting next_dagrun for example_short_circuit_decorator to 2024-02-06T00:00:00+00:00, run_after=2024-02-07T00:00:00+00:00
[2024-02-07T08:42:44.510+0000] {processor.py:183} INFO - Processing /home/airflow/.local/lib/python3.8/site-packages/airflow/example_dags/example_short_circuit_decorator.py took 0.132 seconds
[2024-02-07T08:43:15.270+0000] {processor.py:161} INFO - Started process (PID=401) to work on /home/airflow/.local/lib/python3.8/site-packages/airflow/example_dags/example_short_circuit_decorator.py
[2024-02-07T08:43:15.272+0000] {processor.py:830} INFO - Processing file /home/airflow/.local/lib/python3.8/site-packages/airflow/example_dags/example_short_circuit_decorator.py for tasks to queue
[2024-02-07T08:43:15.274+0000] {logging_mixin.py:188} INFO - [2024-02-07T08:43:15.274+0000] {dagbag.py:538} INFO - Filling up the DagBag from /home/airflow/.local/lib/python3.8/site-packages/airflow/example_dags/example_short_circuit_decorator.py
[2024-02-07T08:43:15.282+0000] {processor.py:840} INFO - DAG(s) 'example_short_circuit_decorator' retrieved from /home/airflow/.local/lib/python3.8/site-packages/airflow/example_dags/example_short_circuit_decorator.py
[2024-02-07T08:43:15.304+0000] {logging_mixin.py:188} INFO - [2024-02-07T08:43:15.304+0000] {dag.py:3033} INFO - Sync 1 DAGs
[2024-02-07T08:43:15.327+0000] {logging_mixin.py:188} INFO - [2024-02-07T08:43:15.327+0000] {dag.py:3820} INFO - Setting next_dagrun for example_short_circuit_decorator to 2024-02-06T00:00:00+00:00, run_after=2024-02-07T00:00:00+00:00
[2024-02-07T08:43:15.345+0000] {processor.py:183} INFO - Processing /home/airflow/.local/lib/python3.8/site-packages/airflow/example_dags/example_short_circuit_decorator.py took 0.078 seconds
[2024-02-07T08:43:45.736+0000] {processor.py:161} INFO - Started process (PID=458) to work on /home/airflow/.local/lib/python3.8/site-packages/airflow/example_dags/example_short_circuit_decorator.py
[2024-02-07T08:43:45.738+0000] {processor.py:830} INFO - Processing file /home/airflow/.local/lib/python3.8/site-packages/airflow/example_dags/example_short_circuit_decorator.py for tasks to queue
[2024-02-07T08:43:45.740+0000] {logging_mixin.py:188} INFO - [2024-02-07T08:43:45.740+0000] {dagbag.py:538} INFO - Filling up the DagBag from /home/airflow/.local/lib/python3.8/site-packages/airflow/example_dags/example_short_circuit_decorator.py
[2024-02-07T08:43:45.755+0000] {processor.py:840} INFO - DAG(s) 'example_short_circuit_decorator' retrieved from /home/airflow/.local/lib/python3.8/site-packages/airflow/example_dags/example_short_circuit_decorator.py
[2024-02-07T08:43:45.787+0000] {logging_mixin.py:188} INFO - [2024-02-07T08:43:45.787+0000] {dag.py:3033} INFO - Sync 1 DAGs
[2024-02-07T08:43:45.819+0000] {logging_mixin.py:188} INFO - [2024-02-07T08:43:45.819+0000] {dag.py:3820} INFO - Setting next_dagrun for example_short_circuit_decorator to 2024-02-06T00:00:00+00:00, run_after=2024-02-07T00:00:00+00:00
[2024-02-07T08:43:45.842+0000] {processor.py:183} INFO - Processing /home/airflow/.local/lib/python3.8/site-packages/airflow/example_dags/example_short_circuit_decorator.py took 0.110 seconds
[2024-02-07T08:44:16.579+0000] {processor.py:161} INFO - Started process (PID=515) to work on /home/airflow/.local/lib/python3.8/site-packages/airflow/example_dags/example_short_circuit_decorator.py
[2024-02-07T08:44:16.581+0000] {processor.py:830} INFO - Processing file /home/airflow/.local/lib/python3.8/site-packages/airflow/example_dags/example_short_circuit_decorator.py for tasks to queue
[2024-02-07T08:44:16.584+0000] {logging_mixin.py:188} INFO - [2024-02-07T08:44:16.583+0000] {dagbag.py:538} INFO - Filling up the DagBag from /home/airflow/.local/lib/python3.8/site-packages/airflow/example_dags/example_short_circuit_decorator.py
[2024-02-07T08:44:16.595+0000] {processor.py:840} INFO - DAG(s) 'example_short_circuit_decorator' retrieved from /home/airflow/.local/lib/python3.8/site-packages/airflow/example_dags/example_short_circuit_decorator.py
[2024-02-07T08:44:16.623+0000] {logging_mixin.py:188} INFO - [2024-02-07T08:44:16.623+0000] {dag.py:3033} INFO - Sync 1 DAGs
[2024-02-07T08:44:16.646+0000] {logging_mixin.py:188} INFO - [2024-02-07T08:44:16.646+0000] {dag.py:3820} INFO - Setting next_dagrun for example_short_circuit_decorator to 2024-02-06T00:00:00+00:00, run_after=2024-02-07T00:00:00+00:00
[2024-02-07T08:44:16.670+0000] {processor.py:183} INFO - Processing /home/airflow/.local/lib/python3.8/site-packages/airflow/example_dags/example_short_circuit_decorator.py took 0.095 seconds
[2024-02-07T08:44:46.947+0000] {processor.py:161} INFO - Started process (PID=572) to work on /home/airflow/.local/lib/python3.8/site-packages/airflow/example_dags/example_short_circuit_decorator.py
[2024-02-07T08:44:46.948+0000] {processor.py:830} INFO - Processing file /home/airflow/.local/lib/python3.8/site-packages/airflow/example_dags/example_short_circuit_decorator.py for tasks to queue
[2024-02-07T08:44:46.951+0000] {logging_mixin.py:188} INFO - [2024-02-07T08:44:46.951+0000] {dagbag.py:538} INFO - Filling up the DagBag from /home/airflow/.local/lib/python3.8/site-packages/airflow/example_dags/example_short_circuit_decorator.py
[2024-02-07T08:44:46.961+0000] {processor.py:840} INFO - DAG(s) 'example_short_circuit_decorator' retrieved from /home/airflow/.local/lib/python3.8/site-packages/airflow/example_dags/example_short_circuit_decorator.py
[2024-02-07T08:44:46.989+0000] {logging_mixin.py:188} INFO - [2024-02-07T08:44:46.988+0000] {dag.py:3033} INFO - Sync 1 DAGs
[2024-02-07T08:44:47.019+0000] {logging_mixin.py:188} INFO - [2024-02-07T08:44:47.019+0000] {dag.py:3820} INFO - Setting next_dagrun for example_short_circuit_decorator to 2024-02-06T00:00:00+00:00, run_after=2024-02-07T00:00:00+00:00
[2024-02-07T08:44:47.041+0000] {processor.py:183} INFO - Processing /home/airflow/.local/lib/python3.8/site-packages/airflow/example_dags/example_short_circuit_decorator.py took 0.099 seconds
[2024-02-07T08:45:17.116+0000] {processor.py:161} INFO - Started process (PID=628) to work on /home/airflow/.local/lib/python3.8/site-packages/airflow/example_dags/example_short_circuit_decorator.py
[2024-02-07T08:45:17.117+0000] {processor.py:830} INFO - Processing file /home/airflow/.local/lib/python3.8/site-packages/airflow/example_dags/example_short_circuit_decorator.py for tasks to queue
[2024-02-07T08:45:17.119+0000] {logging_mixin.py:188} INFO - [2024-02-07T08:45:17.119+0000] {dagbag.py:538} INFO - Filling up the DagBag from /home/airflow/.local/lib/python3.8/site-packages/airflow/example_dags/example_short_circuit_decorator.py
[2024-02-07T08:45:17.129+0000] {processor.py:840} INFO - DAG(s) 'example_short_circuit_decorator' retrieved from /home/airflow/.local/lib/python3.8/site-packages/airflow/example_dags/example_short_circuit_decorator.py
[2024-02-07T08:45:17.153+0000] {logging_mixin.py:188} INFO - [2024-02-07T08:45:17.153+0000] {dag.py:3033} INFO - Sync 1 DAGs
[2024-02-07T08:45:17.178+0000] {logging_mixin.py:188} INFO - [2024-02-07T08:45:17.178+0000] {dag.py:3820} INFO - Setting next_dagrun for example_short_circuit_decorator to 2024-02-06T00:00:00+00:00, run_after=2024-02-07T00:00:00+00:00
[2024-02-07T08:45:17.210+0000] {processor.py:183} INFO - Processing /home/airflow/.local/lib/python3.8/site-packages/airflow/example_dags/example_short_circuit_decorator.py took 0.098 seconds
[2024-02-07T08:45:48.192+0000] {processor.py:161} INFO - Started process (PID=686) to work on /home/airflow/.local/lib/python3.8/site-packages/airflow/example_dags/example_short_circuit_decorator.py
[2024-02-07T08:45:48.193+0000] {processor.py:830} INFO - Processing file /home/airflow/.local/lib/python3.8/site-packages/airflow/example_dags/example_short_circuit_decorator.py for tasks to queue
[2024-02-07T08:45:48.195+0000] {logging_mixin.py:188} INFO - [2024-02-07T08:45:48.195+0000] {dagbag.py:538} INFO - Filling up the DagBag from /home/airflow/.local/lib/python3.8/site-packages/airflow/example_dags/example_short_circuit_decorator.py
[2024-02-07T08:45:48.203+0000] {processor.py:840} INFO - DAG(s) 'example_short_circuit_decorator' retrieved from /home/airflow/.local/lib/python3.8/site-packages/airflow/example_dags/example_short_circuit_decorator.py
[2024-02-07T08:45:48.228+0000] {logging_mixin.py:188} INFO - [2024-02-07T08:45:48.228+0000] {dag.py:3033} INFO - Sync 1 DAGs
[2024-02-07T08:45:48.251+0000] {logging_mixin.py:188} INFO - [2024-02-07T08:45:48.251+0000] {dag.py:3820} INFO - Setting next_dagrun for example_short_circuit_decorator to 2024-02-06T00:00:00+00:00, run_after=2024-02-07T00:00:00+00:00
[2024-02-07T08:45:48.270+0000] {processor.py:183} INFO - Processing /home/airflow/.local/lib/python3.8/site-packages/airflow/example_dags/example_short_circuit_decorator.py took 0.082 seconds
[2024-02-07T08:46:19.186+0000] {processor.py:161} INFO - Started process (PID=743) to work on /home/airflow/.local/lib/python3.8/site-packages/airflow/example_dags/example_short_circuit_decorator.py
[2024-02-07T08:46:19.188+0000] {processor.py:830} INFO - Processing file /home/airflow/.local/lib/python3.8/site-packages/airflow/example_dags/example_short_circuit_decorator.py for tasks to queue
[2024-02-07T08:46:19.192+0000] {logging_mixin.py:188} INFO - [2024-02-07T08:46:19.191+0000] {dagbag.py:538} INFO - Filling up the DagBag from /home/airflow/.local/lib/python3.8/site-packages/airflow/example_dags/example_short_circuit_decorator.py
[2024-02-07T08:46:19.209+0000] {processor.py:840} INFO - DAG(s) 'example_short_circuit_decorator' retrieved from /home/airflow/.local/lib/python3.8/site-packages/airflow/example_dags/example_short_circuit_decorator.py
[2024-02-07T08:46:19.244+0000] {logging_mixin.py:188} INFO - [2024-02-07T08:46:19.243+0000] {dag.py:3033} INFO - Sync 1 DAGs
[2024-02-07T08:46:19.275+0000] {logging_mixin.py:188} INFO - [2024-02-07T08:46:19.275+0000] {dag.py:3820} INFO - Setting next_dagrun for example_short_circuit_decorator to 2024-02-06T00:00:00+00:00, run_after=2024-02-07T00:00:00+00:00
[2024-02-07T08:46:19.344+0000] {processor.py:183} INFO - Processing /home/airflow/.local/lib/python3.8/site-packages/airflow/example_dags/example_short_circuit_decorator.py took 0.162 seconds
[2024-02-07T08:46:49.425+0000] {processor.py:161} INFO - Started process (PID=798) to work on /home/airflow/.local/lib/python3.8/site-packages/airflow/example_dags/example_short_circuit_decorator.py
[2024-02-07T08:46:49.427+0000] {processor.py:830} INFO - Processing file /home/airflow/.local/lib/python3.8/site-packages/airflow/example_dags/example_short_circuit_decorator.py for tasks to queue
[2024-02-07T08:46:49.429+0000] {logging_mixin.py:188} INFO - [2024-02-07T08:46:49.429+0000] {dagbag.py:538} INFO - Filling up the DagBag from /home/airflow/.local/lib/python3.8/site-packages/airflow/example_dags/example_short_circuit_decorator.py
[2024-02-07T08:46:49.441+0000] {processor.py:840} INFO - DAG(s) 'example_short_circuit_decorator' retrieved from /home/airflow/.local/lib/python3.8/site-packages/airflow/example_dags/example_short_circuit_decorator.py
[2024-02-07T08:46:49.467+0000] {logging_mixin.py:188} INFO - [2024-02-07T08:46:49.467+0000] {dag.py:3033} INFO - Sync 1 DAGs
[2024-02-07T08:46:49.493+0000] {logging_mixin.py:188} INFO - [2024-02-07T08:46:49.493+0000] {dag.py:3820} INFO - Setting next_dagrun for example_short_circuit_decorator to 2024-02-06T00:00:00+00:00, run_after=2024-02-07T00:00:00+00:00
[2024-02-07T08:46:49.511+0000] {processor.py:183} INFO - Processing /home/airflow/.local/lib/python3.8/site-packages/airflow/example_dags/example_short_circuit_decorator.py took 0.092 seconds
[2024-02-07T08:47:19.675+0000] {processor.py:161} INFO - Started process (PID=855) to work on /home/airflow/.local/lib/python3.8/site-packages/airflow/example_dags/example_short_circuit_decorator.py
[2024-02-07T08:47:19.676+0000] {processor.py:830} INFO - Processing file /home/airflow/.local/lib/python3.8/site-packages/airflow/example_dags/example_short_circuit_decorator.py for tasks to queue
[2024-02-07T08:47:19.680+0000] {logging_mixin.py:188} INFO - [2024-02-07T08:47:19.679+0000] {dagbag.py:538} INFO - Filling up the DagBag from /home/airflow/.local/lib/python3.8/site-packages/airflow/example_dags/example_short_circuit_decorator.py
[2024-02-07T08:47:19.688+0000] {processor.py:840} INFO - DAG(s) 'example_short_circuit_decorator' retrieved from /home/airflow/.local/lib/python3.8/site-packages/airflow/example_dags/example_short_circuit_decorator.py
[2024-02-07T08:47:19.790+0000] {logging_mixin.py:188} INFO - [2024-02-07T08:47:19.790+0000] {dag.py:3033} INFO - Sync 1 DAGs
[2024-02-07T08:47:19.817+0000] {logging_mixin.py:188} INFO - [2024-02-07T08:47:19.817+0000] {dag.py:3820} INFO - Setting next_dagrun for example_short_circuit_decorator to 2024-02-06T00:00:00+00:00, run_after=2024-02-07T00:00:00+00:00
[2024-02-07T08:47:19.840+0000] {processor.py:183} INFO - Processing /home/airflow/.local/lib/python3.8/site-packages/airflow/example_dags/example_short_circuit_decorator.py took 0.168 seconds
[2024-02-07T08:47:50.238+0000] {processor.py:161} INFO - Started process (PID=912) to work on /home/airflow/.local/lib/python3.8/site-packages/airflow/example_dags/example_short_circuit_decorator.py
[2024-02-07T08:47:50.239+0000] {processor.py:830} INFO - Processing file /home/airflow/.local/lib/python3.8/site-packages/airflow/example_dags/example_short_circuit_decorator.py for tasks to queue
[2024-02-07T08:47:50.242+0000] {logging_mixin.py:188} INFO - [2024-02-07T08:47:50.242+0000] {dagbag.py:538} INFO - Filling up the DagBag from /home/airflow/.local/lib/python3.8/site-packages/airflow/example_dags/example_short_circuit_decorator.py
[2024-02-07T08:47:50.255+0000] {processor.py:840} INFO - DAG(s) 'example_short_circuit_decorator' retrieved from /home/airflow/.local/lib/python3.8/site-packages/airflow/example_dags/example_short_circuit_decorator.py
[2024-02-07T08:47:50.283+0000] {logging_mixin.py:188} INFO - [2024-02-07T08:47:50.283+0000] {dag.py:3033} INFO - Sync 1 DAGs
[2024-02-07T08:47:50.310+0000] {logging_mixin.py:188} INFO - [2024-02-07T08:47:50.310+0000] {dag.py:3820} INFO - Setting next_dagrun for example_short_circuit_decorator to 2024-02-06T00:00:00+00:00, run_after=2024-02-07T00:00:00+00:00
[2024-02-07T08:47:50.335+0000] {processor.py:183} INFO - Processing /home/airflow/.local/lib/python3.8/site-packages/airflow/example_dags/example_short_circuit_decorator.py took 0.101 seconds
[2024-02-07T08:48:20.435+0000] {processor.py:161} INFO - Started process (PID=969) to work on /home/airflow/.local/lib/python3.8/site-packages/airflow/example_dags/example_short_circuit_decorator.py
[2024-02-07T08:48:20.436+0000] {processor.py:830} INFO - Processing file /home/airflow/.local/lib/python3.8/site-packages/airflow/example_dags/example_short_circuit_decorator.py for tasks to queue
[2024-02-07T08:48:20.440+0000] {logging_mixin.py:188} INFO - [2024-02-07T08:48:20.439+0000] {dagbag.py:538} INFO - Filling up the DagBag from /home/airflow/.local/lib/python3.8/site-packages/airflow/example_dags/example_short_circuit_decorator.py
[2024-02-07T08:48:20.450+0000] {processor.py:840} INFO - DAG(s) 'example_short_circuit_decorator' retrieved from /home/airflow/.local/lib/python3.8/site-packages/airflow/example_dags/example_short_circuit_decorator.py
[2024-02-07T08:48:20.567+0000] {logging_mixin.py:188} INFO - [2024-02-07T08:48:20.567+0000] {dag.py:3033} INFO - Sync 1 DAGs
[2024-02-07T08:48:20.595+0000] {logging_mixin.py:188} INFO - [2024-02-07T08:48:20.595+0000] {dag.py:3820} INFO - Setting next_dagrun for example_short_circuit_decorator to 2024-02-06T00:00:00+00:00, run_after=2024-02-07T00:00:00+00:00
[2024-02-07T08:48:20.620+0000] {processor.py:183} INFO - Processing /home/airflow/.local/lib/python3.8/site-packages/airflow/example_dags/example_short_circuit_decorator.py took 0.189 seconds
[2024-02-07T08:48:50.765+0000] {processor.py:161} INFO - Started process (PID=1027) to work on /home/airflow/.local/lib/python3.8/site-packages/airflow/example_dags/example_short_circuit_decorator.py
[2024-02-07T08:48:50.766+0000] {processor.py:830} INFO - Processing file /home/airflow/.local/lib/python3.8/site-packages/airflow/example_dags/example_short_circuit_decorator.py for tasks to queue
[2024-02-07T08:48:50.768+0000] {logging_mixin.py:188} INFO - [2024-02-07T08:48:50.768+0000] {dagbag.py:538} INFO - Filling up the DagBag from /home/airflow/.local/lib/python3.8/site-packages/airflow/example_dags/example_short_circuit_decorator.py
[2024-02-07T08:48:50.777+0000] {processor.py:840} INFO - DAG(s) 'example_short_circuit_decorator' retrieved from /home/airflow/.local/lib/python3.8/site-packages/airflow/example_dags/example_short_circuit_decorator.py
[2024-02-07T08:48:50.800+0000] {logging_mixin.py:188} INFO - [2024-02-07T08:48:50.800+0000] {dag.py:3033} INFO - Sync 1 DAGs
[2024-02-07T08:48:50.823+0000] {logging_mixin.py:188} INFO - [2024-02-07T08:48:50.822+0000] {dag.py:3820} INFO - Setting next_dagrun for example_short_circuit_decorator to 2024-02-06T00:00:00+00:00, run_after=2024-02-07T00:00:00+00:00
[2024-02-07T08:48:50.850+0000] {processor.py:183} INFO - Processing /home/airflow/.local/lib/python3.8/site-packages/airflow/example_dags/example_short_circuit_decorator.py took 0.088 seconds
[2024-02-07T08:49:21.334+0000] {processor.py:161} INFO - Started process (PID=1084) to work on /home/airflow/.local/lib/python3.8/site-packages/airflow/example_dags/example_short_circuit_decorator.py
[2024-02-07T08:49:21.335+0000] {processor.py:830} INFO - Processing file /home/airflow/.local/lib/python3.8/site-packages/airflow/example_dags/example_short_circuit_decorator.py for tasks to queue
[2024-02-07T08:49:21.339+0000] {logging_mixin.py:188} INFO - [2024-02-07T08:49:21.338+0000] {dagbag.py:538} INFO - Filling up the DagBag from /home/airflow/.local/lib/python3.8/site-packages/airflow/example_dags/example_short_circuit_decorator.py
[2024-02-07T08:49:21.351+0000] {processor.py:840} INFO - DAG(s) 'example_short_circuit_decorator' retrieved from /home/airflow/.local/lib/python3.8/site-packages/airflow/example_dags/example_short_circuit_decorator.py
[2024-02-07T08:49:21.383+0000] {logging_mixin.py:188} INFO - [2024-02-07T08:49:21.382+0000] {dag.py:3033} INFO - Sync 1 DAGs
[2024-02-07T08:49:21.407+0000] {logging_mixin.py:188} INFO - [2024-02-07T08:49:21.406+0000] {dag.py:3820} INFO - Setting next_dagrun for example_short_circuit_decorator to 2024-02-06T00:00:00+00:00, run_after=2024-02-07T00:00:00+00:00
[2024-02-07T08:49:21.433+0000] {processor.py:183} INFO - Processing /home/airflow/.local/lib/python3.8/site-packages/airflow/example_dags/example_short_circuit_decorator.py took 0.102 seconds
[2024-02-07T08:49:51.780+0000] {processor.py:161} INFO - Started process (PID=1141) to work on /home/airflow/.local/lib/python3.8/site-packages/airflow/example_dags/example_short_circuit_decorator.py
[2024-02-07T08:49:51.782+0000] {processor.py:830} INFO - Processing file /home/airflow/.local/lib/python3.8/site-packages/airflow/example_dags/example_short_circuit_decorator.py for tasks to queue
[2024-02-07T08:49:51.785+0000] {logging_mixin.py:188} INFO - [2024-02-07T08:49:51.785+0000] {dagbag.py:538} INFO - Filling up the DagBag from /home/airflow/.local/lib/python3.8/site-packages/airflow/example_dags/example_short_circuit_decorator.py
[2024-02-07T08:49:51.799+0000] {processor.py:840} INFO - DAG(s) 'example_short_circuit_decorator' retrieved from /home/airflow/.local/lib/python3.8/site-packages/airflow/example_dags/example_short_circuit_decorator.py
[2024-02-07T08:49:51.832+0000] {logging_mixin.py:188} INFO - [2024-02-07T08:49:51.831+0000] {dag.py:3033} INFO - Sync 1 DAGs
[2024-02-07T08:49:51.853+0000] {logging_mixin.py:188} INFO - [2024-02-07T08:49:51.853+0000] {dag.py:3820} INFO - Setting next_dagrun for example_short_circuit_decorator to 2024-02-06T00:00:00+00:00, run_after=2024-02-07T00:00:00+00:00
[2024-02-07T08:49:51.880+0000] {processor.py:183} INFO - Processing /home/airflow/.local/lib/python3.8/site-packages/airflow/example_dags/example_short_circuit_decorator.py took 0.103 seconds
[2024-02-07T08:50:22.483+0000] {processor.py:161} INFO - Started process (PID=1198) to work on /home/airflow/.local/lib/python3.8/site-packages/airflow/example_dags/example_short_circuit_decorator.py
[2024-02-07T08:50:22.484+0000] {processor.py:830} INFO - Processing file /home/airflow/.local/lib/python3.8/site-packages/airflow/example_dags/example_short_circuit_decorator.py for tasks to queue
[2024-02-07T08:50:22.487+0000] {logging_mixin.py:188} INFO - [2024-02-07T08:50:22.486+0000] {dagbag.py:538} INFO - Filling up the DagBag from /home/airflow/.local/lib/python3.8/site-packages/airflow/example_dags/example_short_circuit_decorator.py
[2024-02-07T08:50:22.495+0000] {processor.py:840} INFO - DAG(s) 'example_short_circuit_decorator' retrieved from /home/airflow/.local/lib/python3.8/site-packages/airflow/example_dags/example_short_circuit_decorator.py
[2024-02-07T08:50:22.524+0000] {logging_mixin.py:188} INFO - [2024-02-07T08:50:22.523+0000] {dag.py:3033} INFO - Sync 1 DAGs
[2024-02-07T08:50:22.549+0000] {logging_mixin.py:188} INFO - [2024-02-07T08:50:22.549+0000] {dag.py:3820} INFO - Setting next_dagrun for example_short_circuit_decorator to 2024-02-06T00:00:00+00:00, run_after=2024-02-07T00:00:00+00:00
[2024-02-07T08:50:22.577+0000] {processor.py:183} INFO - Processing /home/airflow/.local/lib/python3.8/site-packages/airflow/example_dags/example_short_circuit_decorator.py took 0.098 seconds
[2024-02-07T08:50:52.787+0000] {processor.py:161} INFO - Started process (PID=1255) to work on /home/airflow/.local/lib/python3.8/site-packages/airflow/example_dags/example_short_circuit_decorator.py
[2024-02-07T08:50:52.788+0000] {processor.py:830} INFO - Processing file /home/airflow/.local/lib/python3.8/site-packages/airflow/example_dags/example_short_circuit_decorator.py for tasks to queue
[2024-02-07T08:50:52.791+0000] {logging_mixin.py:188} INFO - [2024-02-07T08:50:52.791+0000] {dagbag.py:538} INFO - Filling up the DagBag from /home/airflow/.local/lib/python3.8/site-packages/airflow/example_dags/example_short_circuit_decorator.py
[2024-02-07T08:50:52.805+0000] {processor.py:840} INFO - DAG(s) 'example_short_circuit_decorator' retrieved from /home/airflow/.local/lib/python3.8/site-packages/airflow/example_dags/example_short_circuit_decorator.py
[2024-02-07T08:50:52.837+0000] {logging_mixin.py:188} INFO - [2024-02-07T08:50:52.836+0000] {dag.py:3033} INFO - Sync 1 DAGs
[2024-02-07T08:50:52.864+0000] {logging_mixin.py:188} INFO - [2024-02-07T08:50:52.864+0000] {dag.py:3820} INFO - Setting next_dagrun for example_short_circuit_decorator to 2024-02-06T00:00:00+00:00, run_after=2024-02-07T00:00:00+00:00
[2024-02-07T08:50:52.893+0000] {processor.py:183} INFO - Processing /home/airflow/.local/lib/python3.8/site-packages/airflow/example_dags/example_short_circuit_decorator.py took 0.110 seconds
[2024-02-07T08:51:23.387+0000] {processor.py:161} INFO - Started process (PID=1313) to work on /home/airflow/.local/lib/python3.8/site-packages/airflow/example_dags/example_short_circuit_decorator.py
[2024-02-07T08:51:23.388+0000] {processor.py:830} INFO - Processing file /home/airflow/.local/lib/python3.8/site-packages/airflow/example_dags/example_short_circuit_decorator.py for tasks to queue
[2024-02-07T08:51:23.390+0000] {logging_mixin.py:188} INFO - [2024-02-07T08:51:23.390+0000] {dagbag.py:538} INFO - Filling up the DagBag from /home/airflow/.local/lib/python3.8/site-packages/airflow/example_dags/example_short_circuit_decorator.py
[2024-02-07T08:51:23.398+0000] {processor.py:840} INFO - DAG(s) 'example_short_circuit_decorator' retrieved from /home/airflow/.local/lib/python3.8/site-packages/airflow/example_dags/example_short_circuit_decorator.py
[2024-02-07T08:51:23.423+0000] {logging_mixin.py:188} INFO - [2024-02-07T08:51:23.423+0000] {dag.py:3033} INFO - Sync 1 DAGs
[2024-02-07T08:51:23.446+0000] {logging_mixin.py:188} INFO - [2024-02-07T08:51:23.446+0000] {dag.py:3820} INFO - Setting next_dagrun for example_short_circuit_decorator to 2024-02-06T00:00:00+00:00, run_after=2024-02-07T00:00:00+00:00
[2024-02-07T08:51:23.471+0000] {processor.py:183} INFO - Processing /home/airflow/.local/lib/python3.8/site-packages/airflow/example_dags/example_short_circuit_decorator.py took 0.088 seconds
[2024-02-07T08:51:53.711+0000] {processor.py:161} INFO - Started process (PID=1370) to work on /home/airflow/.local/lib/python3.8/site-packages/airflow/example_dags/example_short_circuit_decorator.py
[2024-02-07T08:51:53.713+0000] {processor.py:830} INFO - Processing file /home/airflow/.local/lib/python3.8/site-packages/airflow/example_dags/example_short_circuit_decorator.py for tasks to queue
[2024-02-07T08:51:53.715+0000] {logging_mixin.py:188} INFO - [2024-02-07T08:51:53.715+0000] {dagbag.py:538} INFO - Filling up the DagBag from /home/airflow/.local/lib/python3.8/site-packages/airflow/example_dags/example_short_circuit_decorator.py
[2024-02-07T08:51:53.728+0000] {processor.py:840} INFO - DAG(s) 'example_short_circuit_decorator' retrieved from /home/airflow/.local/lib/python3.8/site-packages/airflow/example_dags/example_short_circuit_decorator.py
[2024-02-07T08:51:53.756+0000] {logging_mixin.py:188} INFO - [2024-02-07T08:51:53.756+0000] {dag.py:3033} INFO - Sync 1 DAGs
[2024-02-07T08:51:53.782+0000] {logging_mixin.py:188} INFO - [2024-02-07T08:51:53.782+0000] {dag.py:3820} INFO - Setting next_dagrun for example_short_circuit_decorator to 2024-02-06T00:00:00+00:00, run_after=2024-02-07T00:00:00+00:00
[2024-02-07T08:51:53.807+0000] {processor.py:183} INFO - Processing /home/airflow/.local/lib/python3.8/site-packages/airflow/example_dags/example_short_circuit_decorator.py took 0.100 seconds
[2024-02-07T08:52:24.449+0000] {processor.py:161} INFO - Started process (PID=1427) to work on /home/airflow/.local/lib/python3.8/site-packages/airflow/example_dags/example_short_circuit_decorator.py
[2024-02-07T08:52:24.450+0000] {processor.py:830} INFO - Processing file /home/airflow/.local/lib/python3.8/site-packages/airflow/example_dags/example_short_circuit_decorator.py for tasks to queue
[2024-02-07T08:52:24.453+0000] {logging_mixin.py:188} INFO - [2024-02-07T08:52:24.452+0000] {dagbag.py:538} INFO - Filling up the DagBag from /home/airflow/.local/lib/python3.8/site-packages/airflow/example_dags/example_short_circuit_decorator.py
[2024-02-07T08:52:24.464+0000] {processor.py:840} INFO - DAG(s) 'example_short_circuit_decorator' retrieved from /home/airflow/.local/lib/python3.8/site-packages/airflow/example_dags/example_short_circuit_decorator.py
[2024-02-07T08:52:24.494+0000] {logging_mixin.py:188} INFO - [2024-02-07T08:52:24.494+0000] {dag.py:3033} INFO - Sync 1 DAGs
[2024-02-07T08:52:24.521+0000] {logging_mixin.py:188} INFO - [2024-02-07T08:52:24.520+0000] {dag.py:3820} INFO - Setting next_dagrun for example_short_circuit_decorator to 2024-02-06T00:00:00+00:00, run_after=2024-02-07T00:00:00+00:00
[2024-02-07T08:52:24.547+0000] {processor.py:183} INFO - Processing /home/airflow/.local/lib/python3.8/site-packages/airflow/example_dags/example_short_circuit_decorator.py took 0.101 seconds
[2024-02-07T08:52:54.655+0000] {processor.py:161} INFO - Started process (PID=1483) to work on /home/airflow/.local/lib/python3.8/site-packages/airflow/example_dags/example_short_circuit_decorator.py
[2024-02-07T08:52:54.656+0000] {processor.py:830} INFO - Processing file /home/airflow/.local/lib/python3.8/site-packages/airflow/example_dags/example_short_circuit_decorator.py for tasks to queue
[2024-02-07T08:52:54.660+0000] {logging_mixin.py:188} INFO - [2024-02-07T08:52:54.659+0000] {dagbag.py:538} INFO - Filling up the DagBag from /home/airflow/.local/lib/python3.8/site-packages/airflow/example_dags/example_short_circuit_decorator.py
[2024-02-07T08:52:54.676+0000] {processor.py:840} INFO - DAG(s) 'example_short_circuit_decorator' retrieved from /home/airflow/.local/lib/python3.8/site-packages/airflow/example_dags/example_short_circuit_decorator.py
[2024-02-07T08:52:54.712+0000] {logging_mixin.py:188} INFO - [2024-02-07T08:52:54.712+0000] {dag.py:3033} INFO - Sync 1 DAGs
[2024-02-07T08:52:54.746+0000] {logging_mixin.py:188} INFO - [2024-02-07T08:52:54.745+0000] {dag.py:3820} INFO - Setting next_dagrun for example_short_circuit_decorator to 2024-02-06T00:00:00+00:00, run_after=2024-02-07T00:00:00+00:00
[2024-02-07T08:52:54.766+0000] {processor.py:183} INFO - Processing /home/airflow/.local/lib/python3.8/site-packages/airflow/example_dags/example_short_circuit_decorator.py took 0.115 seconds
[2024-02-07T08:53:24.874+0000] {processor.py:161} INFO - Started process (PID=1540) to work on /home/airflow/.local/lib/python3.8/site-packages/airflow/example_dags/example_short_circuit_decorator.py
[2024-02-07T08:53:24.875+0000] {processor.py:830} INFO - Processing file /home/airflow/.local/lib/python3.8/site-packages/airflow/example_dags/example_short_circuit_decorator.py for tasks to queue
[2024-02-07T08:53:24.878+0000] {logging_mixin.py:188} INFO - [2024-02-07T08:53:24.878+0000] {dagbag.py:538} INFO - Filling up the DagBag from /home/airflow/.local/lib/python3.8/site-packages/airflow/example_dags/example_short_circuit_decorator.py
[2024-02-07T08:53:24.889+0000] {processor.py:840} INFO - DAG(s) 'example_short_circuit_decorator' retrieved from /home/airflow/.local/lib/python3.8/site-packages/airflow/example_dags/example_short_circuit_decorator.py
[2024-02-07T08:53:24.918+0000] {logging_mixin.py:188} INFO - [2024-02-07T08:53:24.918+0000] {dag.py:3033} INFO - Sync 1 DAGs
[2024-02-07T08:53:24.940+0000] {logging_mixin.py:188} INFO - [2024-02-07T08:53:24.940+0000] {dag.py:3820} INFO - Setting next_dagrun for example_short_circuit_decorator to 2024-02-06T00:00:00+00:00, run_after=2024-02-07T00:00:00+00:00
[2024-02-07T08:53:24.968+0000] {processor.py:183} INFO - Processing /home/airflow/.local/lib/python3.8/site-packages/airflow/example_dags/example_short_circuit_decorator.py took 0.099 seconds
[2024-02-07T08:53:55.099+0000] {processor.py:161} INFO - Started process (PID=1597) to work on /home/airflow/.local/lib/python3.8/site-packages/airflow/example_dags/example_short_circuit_decorator.py
[2024-02-07T08:53:55.101+0000] {processor.py:830} INFO - Processing file /home/airflow/.local/lib/python3.8/site-packages/airflow/example_dags/example_short_circuit_decorator.py for tasks to queue
[2024-02-07T08:53:55.104+0000] {logging_mixin.py:188} INFO - [2024-02-07T08:53:55.104+0000] {dagbag.py:538} INFO - Filling up the DagBag from /home/airflow/.local/lib/python3.8/site-packages/airflow/example_dags/example_short_circuit_decorator.py
[2024-02-07T08:53:55.115+0000] {processor.py:840} INFO - DAG(s) 'example_short_circuit_decorator' retrieved from /home/airflow/.local/lib/python3.8/site-packages/airflow/example_dags/example_short_circuit_decorator.py
[2024-02-07T08:53:55.141+0000] {logging_mixin.py:188} INFO - [2024-02-07T08:53:55.141+0000] {dag.py:3033} INFO - Sync 1 DAGs
[2024-02-07T08:53:55.161+0000] {logging_mixin.py:188} INFO - [2024-02-07T08:53:55.161+0000] {dag.py:3820} INFO - Setting next_dagrun for example_short_circuit_decorator to 2024-02-06T00:00:00+00:00, run_after=2024-02-07T00:00:00+00:00
[2024-02-07T08:53:55.185+0000] {processor.py:183} INFO - Processing /home/airflow/.local/lib/python3.8/site-packages/airflow/example_dags/example_short_circuit_decorator.py took 0.090 seconds
[2024-02-07T08:54:25.639+0000] {processor.py:161} INFO - Started process (PID=1654) to work on /home/airflow/.local/lib/python3.8/site-packages/airflow/example_dags/example_short_circuit_decorator.py
[2024-02-07T08:54:25.640+0000] {processor.py:830} INFO - Processing file /home/airflow/.local/lib/python3.8/site-packages/airflow/example_dags/example_short_circuit_decorator.py for tasks to queue
[2024-02-07T08:54:25.643+0000] {logging_mixin.py:188} INFO - [2024-02-07T08:54:25.642+0000] {dagbag.py:538} INFO - Filling up the DagBag from /home/airflow/.local/lib/python3.8/site-packages/airflow/example_dags/example_short_circuit_decorator.py
[2024-02-07T08:54:25.654+0000] {processor.py:840} INFO - DAG(s) 'example_short_circuit_decorator' retrieved from /home/airflow/.local/lib/python3.8/site-packages/airflow/example_dags/example_short_circuit_decorator.py
[2024-02-07T08:54:25.681+0000] {logging_mixin.py:188} INFO - [2024-02-07T08:54:25.681+0000] {dag.py:3033} INFO - Sync 1 DAGs
[2024-02-07T08:54:25.705+0000] {logging_mixin.py:188} INFO - [2024-02-07T08:54:25.705+0000] {dag.py:3820} INFO - Setting next_dagrun for example_short_circuit_decorator to 2024-02-06T00:00:00+00:00, run_after=2024-02-07T00:00:00+00:00
[2024-02-07T08:54:25.733+0000] {processor.py:183} INFO - Processing /home/airflow/.local/lib/python3.8/site-packages/airflow/example_dags/example_short_circuit_decorator.py took 0.098 seconds
[2024-02-07T08:54:55.996+0000] {processor.py:161} INFO - Started process (PID=1711) to work on /home/airflow/.local/lib/python3.8/site-packages/airflow/example_dags/example_short_circuit_decorator.py
[2024-02-07T08:54:56.000+0000] {processor.py:830} INFO - Processing file /home/airflow/.local/lib/python3.8/site-packages/airflow/example_dags/example_short_circuit_decorator.py for tasks to queue
[2024-02-07T08:54:56.011+0000] {logging_mixin.py:188} INFO - [2024-02-07T08:54:56.010+0000] {dagbag.py:538} INFO - Filling up the DagBag from /home/airflow/.local/lib/python3.8/site-packages/airflow/example_dags/example_short_circuit_decorator.py
[2024-02-07T08:54:56.041+0000] {processor.py:840} INFO - DAG(s) 'example_short_circuit_decorator' retrieved from /home/airflow/.local/lib/python3.8/site-packages/airflow/example_dags/example_short_circuit_decorator.py
[2024-02-07T08:54:56.111+0000] {logging_mixin.py:188} INFO - [2024-02-07T08:54:56.110+0000] {dag.py:3033} INFO - Sync 1 DAGs
[2024-02-07T08:54:56.174+0000] {logging_mixin.py:188} INFO - [2024-02-07T08:54:56.174+0000] {dag.py:3820} INFO - Setting next_dagrun for example_short_circuit_decorator to 2024-02-06T00:00:00+00:00, run_after=2024-02-07T00:00:00+00:00
[2024-02-07T08:54:56.229+0000] {processor.py:183} INFO - Processing /home/airflow/.local/lib/python3.8/site-packages/airflow/example_dags/example_short_circuit_decorator.py took 0.244 seconds
[2024-02-07T08:55:27.547+0000] {processor.py:161} INFO - Started process (PID=1768) to work on /home/airflow/.local/lib/python3.8/site-packages/airflow/example_dags/example_short_circuit_decorator.py
[2024-02-07T08:55:27.549+0000] {processor.py:830} INFO - Processing file /home/airflow/.local/lib/python3.8/site-packages/airflow/example_dags/example_short_circuit_decorator.py for tasks to queue
[2024-02-07T08:55:27.557+0000] {logging_mixin.py:188} INFO - [2024-02-07T08:55:27.556+0000] {dagbag.py:538} INFO - Filling up the DagBag from /home/airflow/.local/lib/python3.8/site-packages/airflow/example_dags/example_short_circuit_decorator.py
[2024-02-07T08:55:27.596+0000] {processor.py:840} INFO - DAG(s) 'example_short_circuit_decorator' retrieved from /home/airflow/.local/lib/python3.8/site-packages/airflow/example_dags/example_short_circuit_decorator.py
[2024-02-07T08:55:27.667+0000] {logging_mixin.py:188} INFO - [2024-02-07T08:55:27.667+0000] {dag.py:3033} INFO - Sync 1 DAGs
[2024-02-07T08:55:27.729+0000] {logging_mixin.py:188} INFO - [2024-02-07T08:55:27.729+0000] {dag.py:3820} INFO - Setting next_dagrun for example_short_circuit_decorator to 2024-02-06T00:00:00+00:00, run_after=2024-02-07T00:00:00+00:00
[2024-02-07T08:55:27.794+0000] {processor.py:183} INFO - Processing /home/airflow/.local/lib/python3.8/site-packages/airflow/example_dags/example_short_circuit_decorator.py took 0.259 seconds
[2024-02-07T08:56:02.771+0000] {processor.py:161} INFO - Started process (PID=1832) to work on /home/airflow/.local/lib/python3.8/site-packages/airflow/example_dags/example_short_circuit_decorator.py
[2024-02-07T08:56:02.785+0000] {processor.py:830} INFO - Processing file /home/airflow/.local/lib/python3.8/site-packages/airflow/example_dags/example_short_circuit_decorator.py for tasks to queue
[2024-02-07T08:56:02.807+0000] {logging_mixin.py:188} INFO - [2024-02-07T08:56:02.805+0000] {dagbag.py:538} INFO - Filling up the DagBag from /home/airflow/.local/lib/python3.8/site-packages/airflow/example_dags/example_short_circuit_decorator.py
[2024-02-07T08:56:02.897+0000] {processor.py:840} INFO - DAG(s) 'example_short_circuit_decorator' retrieved from /home/airflow/.local/lib/python3.8/site-packages/airflow/example_dags/example_short_circuit_decorator.py
[2024-02-07T08:56:03.084+0000] {logging_mixin.py:188} INFO - [2024-02-07T08:56:03.082+0000] {dag.py:3033} INFO - Sync 1 DAGs
[2024-02-07T08:56:03.233+0000] {logging_mixin.py:188} INFO - [2024-02-07T08:56:03.232+0000] {dag.py:3820} INFO - Setting next_dagrun for example_short_circuit_decorator to 2024-02-06T00:00:00+00:00, run_after=2024-02-07T00:00:00+00:00
[2024-02-07T08:56:03.402+0000] {processor.py:183} INFO - Processing /home/airflow/.local/lib/python3.8/site-packages/airflow/example_dags/example_short_circuit_decorator.py took 0.680 seconds
[2024-02-07T08:56:33.968+0000] {processor.py:161} INFO - Started process (PID=1889) to work on /home/airflow/.local/lib/python3.8/site-packages/airflow/example_dags/example_short_circuit_decorator.py
[2024-02-07T08:56:33.974+0000] {processor.py:830} INFO - Processing file /home/airflow/.local/lib/python3.8/site-packages/airflow/example_dags/example_short_circuit_decorator.py for tasks to queue
[2024-02-07T08:56:33.985+0000] {logging_mixin.py:188} INFO - [2024-02-07T08:56:33.983+0000] {dagbag.py:538} INFO - Filling up the DagBag from /home/airflow/.local/lib/python3.8/site-packages/airflow/example_dags/example_short_circuit_decorator.py
[2024-02-07T08:56:34.031+0000] {processor.py:840} INFO - DAG(s) 'example_short_circuit_decorator' retrieved from /home/airflow/.local/lib/python3.8/site-packages/airflow/example_dags/example_short_circuit_decorator.py
[2024-02-07T08:56:34.152+0000] {logging_mixin.py:188} INFO - [2024-02-07T08:56:34.152+0000] {dag.py:3033} INFO - Sync 1 DAGs
[2024-02-07T08:56:34.621+0000] {logging_mixin.py:188} INFO - [2024-02-07T08:56:34.620+0000] {dag.py:3820} INFO - Setting next_dagrun for example_short_circuit_decorator to 2024-02-06T00:00:00+00:00, run_after=2024-02-07T00:00:00+00:00
[2024-02-07T08:56:34.708+0000] {processor.py:183} INFO - Processing /home/airflow/.local/lib/python3.8/site-packages/airflow/example_dags/example_short_circuit_decorator.py took 0.753 seconds
[2024-02-07T08:57:04.881+0000] {processor.py:161} INFO - Started process (PID=1946) to work on /home/airflow/.local/lib/python3.8/site-packages/airflow/example_dags/example_short_circuit_decorator.py
[2024-02-07T08:57:04.884+0000] {processor.py:830} INFO - Processing file /home/airflow/.local/lib/python3.8/site-packages/airflow/example_dags/example_short_circuit_decorator.py for tasks to queue
[2024-02-07T08:57:04.889+0000] {logging_mixin.py:188} INFO - [2024-02-07T08:57:04.889+0000] {dagbag.py:538} INFO - Filling up the DagBag from /home/airflow/.local/lib/python3.8/site-packages/airflow/example_dags/example_short_circuit_decorator.py
[2024-02-07T08:57:04.913+0000] {processor.py:840} INFO - DAG(s) 'example_short_circuit_decorator' retrieved from /home/airflow/.local/lib/python3.8/site-packages/airflow/example_dags/example_short_circuit_decorator.py
[2024-02-07T08:57:04.975+0000] {logging_mixin.py:188} INFO - [2024-02-07T08:57:04.974+0000] {dag.py:3033} INFO - Sync 1 DAGs
[2024-02-07T08:57:05.200+0000] {logging_mixin.py:188} INFO - [2024-02-07T08:57:05.199+0000] {dag.py:3820} INFO - Setting next_dagrun for example_short_circuit_decorator to 2024-02-06T00:00:00+00:00, run_after=2024-02-07T00:00:00+00:00
[2024-02-07T08:57:05.254+0000] {processor.py:183} INFO - Processing /home/airflow/.local/lib/python3.8/site-packages/airflow/example_dags/example_short_circuit_decorator.py took 0.379 seconds
[2024-02-07T08:57:35.560+0000] {processor.py:161} INFO - Started process (PID=2004) to work on /home/airflow/.local/lib/python3.8/site-packages/airflow/example_dags/example_short_circuit_decorator.py
[2024-02-07T08:57:35.562+0000] {processor.py:830} INFO - Processing file /home/airflow/.local/lib/python3.8/site-packages/airflow/example_dags/example_short_circuit_decorator.py for tasks to queue
[2024-02-07T08:57:35.568+0000] {logging_mixin.py:188} INFO - [2024-02-07T08:57:35.567+0000] {dagbag.py:538} INFO - Filling up the DagBag from /home/airflow/.local/lib/python3.8/site-packages/airflow/example_dags/example_short_circuit_decorator.py
[2024-02-07T08:57:35.595+0000] {processor.py:840} INFO - DAG(s) 'example_short_circuit_decorator' retrieved from /home/airflow/.local/lib/python3.8/site-packages/airflow/example_dags/example_short_circuit_decorator.py
[2024-02-07T08:57:35.664+0000] {logging_mixin.py:188} INFO - [2024-02-07T08:57:35.663+0000] {dag.py:3033} INFO - Sync 1 DAGs
[2024-02-07T08:57:35.917+0000] {logging_mixin.py:188} INFO - [2024-02-07T08:57:35.917+0000] {dag.py:3820} INFO - Setting next_dagrun for example_short_circuit_decorator to 2024-02-06T00:00:00+00:00, run_after=2024-02-07T00:00:00+00:00
[2024-02-07T08:57:35.964+0000] {processor.py:183} INFO - Processing /home/airflow/.local/lib/python3.8/site-packages/airflow/example_dags/example_short_circuit_decorator.py took 0.414 seconds
[2024-02-07T08:58:06.870+0000] {processor.py:161} INFO - Started process (PID=2062) to work on /home/airflow/.local/lib/python3.8/site-packages/airflow/example_dags/example_short_circuit_decorator.py
[2024-02-07T08:58:06.872+0000] {processor.py:830} INFO - Processing file /home/airflow/.local/lib/python3.8/site-packages/airflow/example_dags/example_short_circuit_decorator.py for tasks to queue
[2024-02-07T08:58:06.878+0000] {logging_mixin.py:188} INFO - [2024-02-07T08:58:06.877+0000] {dagbag.py:538} INFO - Filling up the DagBag from /home/airflow/.local/lib/python3.8/site-packages/airflow/example_dags/example_short_circuit_decorator.py
[2024-02-07T08:58:06.898+0000] {processor.py:840} INFO - DAG(s) 'example_short_circuit_decorator' retrieved from /home/airflow/.local/lib/python3.8/site-packages/airflow/example_dags/example_short_circuit_decorator.py
[2024-02-07T08:58:06.950+0000] {logging_mixin.py:188} INFO - [2024-02-07T08:58:06.949+0000] {dag.py:3033} INFO - Sync 1 DAGs
[2024-02-07T08:58:07.178+0000] {logging_mixin.py:188} INFO - [2024-02-07T08:58:07.178+0000] {dag.py:3820} INFO - Setting next_dagrun for example_short_circuit_decorator to 2024-02-06T00:00:00+00:00, run_after=2024-02-07T00:00:00+00:00
[2024-02-07T08:58:07.216+0000] {processor.py:183} INFO - Processing /home/airflow/.local/lib/python3.8/site-packages/airflow/example_dags/example_short_circuit_decorator.py took 0.354 seconds
[2024-02-07T08:58:38.041+0000] {processor.py:161} INFO - Started process (PID=2119) to work on /home/airflow/.local/lib/python3.8/site-packages/airflow/example_dags/example_short_circuit_decorator.py
[2024-02-07T08:58:38.045+0000] {processor.py:830} INFO - Processing file /home/airflow/.local/lib/python3.8/site-packages/airflow/example_dags/example_short_circuit_decorator.py for tasks to queue
[2024-02-07T08:58:38.051+0000] {logging_mixin.py:188} INFO - [2024-02-07T08:58:38.051+0000] {dagbag.py:538} INFO - Filling up the DagBag from /home/airflow/.local/lib/python3.8/site-packages/airflow/example_dags/example_short_circuit_decorator.py
[2024-02-07T08:58:38.075+0000] {processor.py:840} INFO - DAG(s) 'example_short_circuit_decorator' retrieved from /home/airflow/.local/lib/python3.8/site-packages/airflow/example_dags/example_short_circuit_decorator.py
[2024-02-07T08:58:38.135+0000] {logging_mixin.py:188} INFO - [2024-02-07T08:58:38.135+0000] {dag.py:3033} INFO - Sync 1 DAGs
[2024-02-07T08:58:38.375+0000] {logging_mixin.py:188} INFO - [2024-02-07T08:58:38.375+0000] {dag.py:3820} INFO - Setting next_dagrun for example_short_circuit_decorator to 2024-02-06T00:00:00+00:00, run_after=2024-02-07T00:00:00+00:00
[2024-02-07T08:58:38.432+0000] {processor.py:183} INFO - Processing /home/airflow/.local/lib/python3.8/site-packages/airflow/example_dags/example_short_circuit_decorator.py took 0.402 seconds
[2024-02-07T08:59:08.941+0000] {processor.py:161} INFO - Started process (PID=2176) to work on /home/airflow/.local/lib/python3.8/site-packages/airflow/example_dags/example_short_circuit_decorator.py
[2024-02-07T08:59:08.943+0000] {processor.py:830} INFO - Processing file /home/airflow/.local/lib/python3.8/site-packages/airflow/example_dags/example_short_circuit_decorator.py for tasks to queue
[2024-02-07T08:59:08.951+0000] {logging_mixin.py:188} INFO - [2024-02-07T08:59:08.950+0000] {dagbag.py:538} INFO - Filling up the DagBag from /home/airflow/.local/lib/python3.8/site-packages/airflow/example_dags/example_short_circuit_decorator.py
[2024-02-07T08:59:08.980+0000] {processor.py:840} INFO - DAG(s) 'example_short_circuit_decorator' retrieved from /home/airflow/.local/lib/python3.8/site-packages/airflow/example_dags/example_short_circuit_decorator.py
[2024-02-07T08:59:09.045+0000] {logging_mixin.py:188} INFO - [2024-02-07T08:59:09.045+0000] {dag.py:3033} INFO - Sync 1 DAGs
[2024-02-07T08:59:09.113+0000] {logging_mixin.py:188} INFO - [2024-02-07T08:59:09.112+0000] {dag.py:3820} INFO - Setting next_dagrun for example_short_circuit_decorator to 2024-02-06T00:00:00+00:00, run_after=2024-02-07T00:00:00+00:00
[2024-02-07T08:59:09.173+0000] {processor.py:183} INFO - Processing /home/airflow/.local/lib/python3.8/site-packages/airflow/example_dags/example_short_circuit_decorator.py took 0.241 seconds
[2024-02-07T08:59:39.729+0000] {processor.py:161} INFO - Started process (PID=2233) to work on /home/airflow/.local/lib/python3.8/site-packages/airflow/example_dags/example_short_circuit_decorator.py
[2024-02-07T08:59:39.730+0000] {processor.py:830} INFO - Processing file /home/airflow/.local/lib/python3.8/site-packages/airflow/example_dags/example_short_circuit_decorator.py for tasks to queue
[2024-02-07T08:59:39.733+0000] {logging_mixin.py:188} INFO - [2024-02-07T08:59:39.732+0000] {dagbag.py:538} INFO - Filling up the DagBag from /home/airflow/.local/lib/python3.8/site-packages/airflow/example_dags/example_short_circuit_decorator.py
[2024-02-07T08:59:39.742+0000] {processor.py:840} INFO - DAG(s) 'example_short_circuit_decorator' retrieved from /home/airflow/.local/lib/python3.8/site-packages/airflow/example_dags/example_short_circuit_decorator.py
[2024-02-07T08:59:39.768+0000] {logging_mixin.py:188} INFO - [2024-02-07T08:59:39.767+0000] {dag.py:3033} INFO - Sync 1 DAGs
[2024-02-07T08:59:39.789+0000] {logging_mixin.py:188} INFO - [2024-02-07T08:59:39.789+0000] {dag.py:3820} INFO - Setting next_dagrun for example_short_circuit_decorator to 2024-02-06T00:00:00+00:00, run_after=2024-02-07T00:00:00+00:00
[2024-02-07T08:59:39.816+0000] {processor.py:183} INFO - Processing /home/airflow/.local/lib/python3.8/site-packages/airflow/example_dags/example_short_circuit_decorator.py took 0.090 seconds
[2024-02-07T09:00:10.033+0000] {processor.py:161} INFO - Started process (PID=2290) to work on /home/airflow/.local/lib/python3.8/site-packages/airflow/example_dags/example_short_circuit_decorator.py
[2024-02-07T09:00:10.034+0000] {processor.py:830} INFO - Processing file /home/airflow/.local/lib/python3.8/site-packages/airflow/example_dags/example_short_circuit_decorator.py for tasks to queue
[2024-02-07T09:00:10.037+0000] {logging_mixin.py:188} INFO - [2024-02-07T09:00:10.037+0000] {dagbag.py:538} INFO - Filling up the DagBag from /home/airflow/.local/lib/python3.8/site-packages/airflow/example_dags/example_short_circuit_decorator.py
[2024-02-07T09:00:10.048+0000] {processor.py:840} INFO - DAG(s) 'example_short_circuit_decorator' retrieved from /home/airflow/.local/lib/python3.8/site-packages/airflow/example_dags/example_short_circuit_decorator.py
[2024-02-07T09:00:10.076+0000] {logging_mixin.py:188} INFO - [2024-02-07T09:00:10.076+0000] {dag.py:3033} INFO - Sync 1 DAGs
[2024-02-07T09:00:10.106+0000] {logging_mixin.py:188} INFO - [2024-02-07T09:00:10.105+0000] {dag.py:3820} INFO - Setting next_dagrun for example_short_circuit_decorator to 2024-02-06T00:00:00+00:00, run_after=2024-02-07T00:00:00+00:00
[2024-02-07T09:00:10.134+0000] {processor.py:183} INFO - Processing /home/airflow/.local/lib/python3.8/site-packages/airflow/example_dags/example_short_circuit_decorator.py took 0.105 seconds
[2024-02-07T09:00:40.338+0000] {processor.py:161} INFO - Started process (PID=2347) to work on /home/airflow/.local/lib/python3.8/site-packages/airflow/example_dags/example_short_circuit_decorator.py
[2024-02-07T09:00:40.340+0000] {processor.py:830} INFO - Processing file /home/airflow/.local/lib/python3.8/site-packages/airflow/example_dags/example_short_circuit_decorator.py for tasks to queue
[2024-02-07T09:00:40.342+0000] {logging_mixin.py:188} INFO - [2024-02-07T09:00:40.342+0000] {dagbag.py:538} INFO - Filling up the DagBag from /home/airflow/.local/lib/python3.8/site-packages/airflow/example_dags/example_short_circuit_decorator.py
[2024-02-07T09:00:40.351+0000] {processor.py:840} INFO - DAG(s) 'example_short_circuit_decorator' retrieved from /home/airflow/.local/lib/python3.8/site-packages/airflow/example_dags/example_short_circuit_decorator.py
[2024-02-07T09:00:40.378+0000] {logging_mixin.py:188} INFO - [2024-02-07T09:00:40.377+0000] {dag.py:3033} INFO - Sync 1 DAGs
[2024-02-07T09:00:40.411+0000] {logging_mixin.py:188} INFO - [2024-02-07T09:00:40.411+0000] {dag.py:3820} INFO - Setting next_dagrun for example_short_circuit_decorator to 2024-02-06T00:00:00+00:00, run_after=2024-02-07T00:00:00+00:00
[2024-02-07T09:00:40.436+0000] {processor.py:183} INFO - Processing /home/airflow/.local/lib/python3.8/site-packages/airflow/example_dags/example_short_circuit_decorator.py took 0.101 seconds
[2024-02-07T09:01:10.847+0000] {processor.py:161} INFO - Started process (PID=2404) to work on /home/airflow/.local/lib/python3.8/site-packages/airflow/example_dags/example_short_circuit_decorator.py
[2024-02-07T09:01:10.849+0000] {processor.py:830} INFO - Processing file /home/airflow/.local/lib/python3.8/site-packages/airflow/example_dags/example_short_circuit_decorator.py for tasks to queue
[2024-02-07T09:01:10.851+0000] {logging_mixin.py:188} INFO - [2024-02-07T09:01:10.851+0000] {dagbag.py:538} INFO - Filling up the DagBag from /home/airflow/.local/lib/python3.8/site-packages/airflow/example_dags/example_short_circuit_decorator.py
[2024-02-07T09:01:10.861+0000] {processor.py:840} INFO - DAG(s) 'example_short_circuit_decorator' retrieved from /home/airflow/.local/lib/python3.8/site-packages/airflow/example_dags/example_short_circuit_decorator.py
[2024-02-07T09:01:10.884+0000] {logging_mixin.py:188} INFO - [2024-02-07T09:01:10.884+0000] {dag.py:3033} INFO - Sync 1 DAGs
[2024-02-07T09:01:10.905+0000] {logging_mixin.py:188} INFO - [2024-02-07T09:01:10.904+0000] {dag.py:3820} INFO - Setting next_dagrun for example_short_circuit_decorator to 2024-02-06T00:00:00+00:00, run_after=2024-02-07T00:00:00+00:00
[2024-02-07T09:01:10.932+0000] {processor.py:183} INFO - Processing /home/airflow/.local/lib/python3.8/site-packages/airflow/example_dags/example_short_circuit_decorator.py took 0.088 seconds
[2024-02-07T09:01:41.472+0000] {processor.py:161} INFO - Started process (PID=2461) to work on /home/airflow/.local/lib/python3.8/site-packages/airflow/example_dags/example_short_circuit_decorator.py
[2024-02-07T09:01:41.473+0000] {processor.py:830} INFO - Processing file /home/airflow/.local/lib/python3.8/site-packages/airflow/example_dags/example_short_circuit_decorator.py for tasks to queue
[2024-02-07T09:01:41.475+0000] {logging_mixin.py:188} INFO - [2024-02-07T09:01:41.475+0000] {dagbag.py:538} INFO - Filling up the DagBag from /home/airflow/.local/lib/python3.8/site-packages/airflow/example_dags/example_short_circuit_decorator.py
[2024-02-07T09:01:41.486+0000] {processor.py:840} INFO - DAG(s) 'example_short_circuit_decorator' retrieved from /home/airflow/.local/lib/python3.8/site-packages/airflow/example_dags/example_short_circuit_decorator.py
[2024-02-07T09:01:41.511+0000] {logging_mixin.py:188} INFO - [2024-02-07T09:01:41.511+0000] {dag.py:3033} INFO - Sync 1 DAGs
[2024-02-07T09:01:41.534+0000] {logging_mixin.py:188} INFO - [2024-02-07T09:01:41.534+0000] {dag.py:3820} INFO - Setting next_dagrun for example_short_circuit_decorator to 2024-02-06T00:00:00+00:00, run_after=2024-02-07T00:00:00+00:00
[2024-02-07T09:01:41.560+0000] {processor.py:183} INFO - Processing /home/airflow/.local/lib/python3.8/site-packages/airflow/example_dags/example_short_circuit_decorator.py took 0.092 seconds
[2024-02-07T09:02:11.808+0000] {processor.py:161} INFO - Started process (PID=2519) to work on /home/airflow/.local/lib/python3.8/site-packages/airflow/example_dags/example_short_circuit_decorator.py
[2024-02-07T09:02:11.809+0000] {processor.py:830} INFO - Processing file /home/airflow/.local/lib/python3.8/site-packages/airflow/example_dags/example_short_circuit_decorator.py for tasks to queue
[2024-02-07T09:02:11.812+0000] {logging_mixin.py:188} INFO - [2024-02-07T09:02:11.811+0000] {dagbag.py:538} INFO - Filling up the DagBag from /home/airflow/.local/lib/python3.8/site-packages/airflow/example_dags/example_short_circuit_decorator.py
[2024-02-07T09:02:11.821+0000] {processor.py:840} INFO - DAG(s) 'example_short_circuit_decorator' retrieved from /home/airflow/.local/lib/python3.8/site-packages/airflow/example_dags/example_short_circuit_decorator.py
[2024-02-07T09:02:11.844+0000] {logging_mixin.py:188} INFO - [2024-02-07T09:02:11.844+0000] {dag.py:3033} INFO - Sync 1 DAGs
[2024-02-07T09:02:11.872+0000] {logging_mixin.py:188} INFO - [2024-02-07T09:02:11.872+0000] {dag.py:3820} INFO - Setting next_dagrun for example_short_circuit_decorator to 2024-02-06T00:00:00+00:00, run_after=2024-02-07T00:00:00+00:00
[2024-02-07T09:02:11.895+0000] {processor.py:183} INFO - Processing /home/airflow/.local/lib/python3.8/site-packages/airflow/example_dags/example_short_circuit_decorator.py took 0.089 seconds
[2024-02-07T09:02:42.485+0000] {processor.py:161} INFO - Started process (PID=2576) to work on /home/airflow/.local/lib/python3.8/site-packages/airflow/example_dags/example_short_circuit_decorator.py
[2024-02-07T09:02:42.487+0000] {processor.py:830} INFO - Processing file /home/airflow/.local/lib/python3.8/site-packages/airflow/example_dags/example_short_circuit_decorator.py for tasks to queue
[2024-02-07T09:02:42.489+0000] {logging_mixin.py:188} INFO - [2024-02-07T09:02:42.489+0000] {dagbag.py:538} INFO - Filling up the DagBag from /home/airflow/.local/lib/python3.8/site-packages/airflow/example_dags/example_short_circuit_decorator.py
[2024-02-07T09:02:42.498+0000] {processor.py:840} INFO - DAG(s) 'example_short_circuit_decorator' retrieved from /home/airflow/.local/lib/python3.8/site-packages/airflow/example_dags/example_short_circuit_decorator.py
[2024-02-07T09:02:42.522+0000] {logging_mixin.py:188} INFO - [2024-02-07T09:02:42.521+0000] {dag.py:3033} INFO - Sync 1 DAGs
[2024-02-07T09:02:42.542+0000] {logging_mixin.py:188} INFO - [2024-02-07T09:02:42.542+0000] {dag.py:3820} INFO - Setting next_dagrun for example_short_circuit_decorator to 2024-02-06T00:00:00+00:00, run_after=2024-02-07T00:00:00+00:00
[2024-02-07T09:02:42.566+0000] {processor.py:183} INFO - Processing /home/airflow/.local/lib/python3.8/site-packages/airflow/example_dags/example_short_circuit_decorator.py took 0.083 seconds
[2024-02-07T09:03:12.685+0000] {processor.py:161} INFO - Started process (PID=2633) to work on /home/airflow/.local/lib/python3.8/site-packages/airflow/example_dags/example_short_circuit_decorator.py
[2024-02-07T09:03:12.686+0000] {processor.py:830} INFO - Processing file /home/airflow/.local/lib/python3.8/site-packages/airflow/example_dags/example_short_circuit_decorator.py for tasks to queue
[2024-02-07T09:03:12.689+0000] {logging_mixin.py:188} INFO - [2024-02-07T09:03:12.688+0000] {dagbag.py:538} INFO - Filling up the DagBag from /home/airflow/.local/lib/python3.8/site-packages/airflow/example_dags/example_short_circuit_decorator.py
[2024-02-07T09:03:12.697+0000] {processor.py:840} INFO - DAG(s) 'example_short_circuit_decorator' retrieved from /home/airflow/.local/lib/python3.8/site-packages/airflow/example_dags/example_short_circuit_decorator.py
[2024-02-07T09:03:12.722+0000] {logging_mixin.py:188} INFO - [2024-02-07T09:03:12.722+0000] {dag.py:3033} INFO - Sync 1 DAGs
[2024-02-07T09:03:12.743+0000] {logging_mixin.py:188} INFO - [2024-02-07T09:03:12.742+0000] {dag.py:3820} INFO - Setting next_dagrun for example_short_circuit_decorator to 2024-02-06T00:00:00+00:00, run_after=2024-02-07T00:00:00+00:00
[2024-02-07T09:03:12.766+0000] {processor.py:183} INFO - Processing /home/airflow/.local/lib/python3.8/site-packages/airflow/example_dags/example_short_circuit_decorator.py took 0.084 seconds
[2024-02-07T09:03:43.475+0000] {processor.py:161} INFO - Started process (PID=2690) to work on /home/airflow/.local/lib/python3.8/site-packages/airflow/example_dags/example_short_circuit_decorator.py
[2024-02-07T09:03:43.476+0000] {processor.py:830} INFO - Processing file /home/airflow/.local/lib/python3.8/site-packages/airflow/example_dags/example_short_circuit_decorator.py for tasks to queue
[2024-02-07T09:03:43.479+0000] {logging_mixin.py:188} INFO - [2024-02-07T09:03:43.478+0000] {dagbag.py:538} INFO - Filling up the DagBag from /home/airflow/.local/lib/python3.8/site-packages/airflow/example_dags/example_short_circuit_decorator.py
[2024-02-07T09:03:43.491+0000] {processor.py:840} INFO - DAG(s) 'example_short_circuit_decorator' retrieved from /home/airflow/.local/lib/python3.8/site-packages/airflow/example_dags/example_short_circuit_decorator.py
[2024-02-07T09:03:43.518+0000] {logging_mixin.py:188} INFO - [2024-02-07T09:03:43.517+0000] {dag.py:3033} INFO - Sync 1 DAGs
[2024-02-07T09:03:43.542+0000] {logging_mixin.py:188} INFO - [2024-02-07T09:03:43.542+0000] {dag.py:3820} INFO - Setting next_dagrun for example_short_circuit_decorator to 2024-02-06T00:00:00+00:00, run_after=2024-02-07T00:00:00+00:00
[2024-02-07T09:03:43.568+0000] {processor.py:183} INFO - Processing /home/airflow/.local/lib/python3.8/site-packages/airflow/example_dags/example_short_circuit_decorator.py took 0.098 seconds
[2024-02-07T09:04:13.943+0000] {processor.py:161} INFO - Started process (PID=2747) to work on /home/airflow/.local/lib/python3.8/site-packages/airflow/example_dags/example_short_circuit_decorator.py
[2024-02-07T09:04:13.944+0000] {processor.py:830} INFO - Processing file /home/airflow/.local/lib/python3.8/site-packages/airflow/example_dags/example_short_circuit_decorator.py for tasks to queue
[2024-02-07T09:04:13.947+0000] {logging_mixin.py:188} INFO - [2024-02-07T09:04:13.947+0000] {dagbag.py:538} INFO - Filling up the DagBag from /home/airflow/.local/lib/python3.8/site-packages/airflow/example_dags/example_short_circuit_decorator.py
[2024-02-07T09:04:13.957+0000] {processor.py:840} INFO - DAG(s) 'example_short_circuit_decorator' retrieved from /home/airflow/.local/lib/python3.8/site-packages/airflow/example_dags/example_short_circuit_decorator.py
[2024-02-07T09:04:13.986+0000] {logging_mixin.py:188} INFO - [2024-02-07T09:04:13.986+0000] {dag.py:3033} INFO - Sync 1 DAGs
[2024-02-07T09:04:14.022+0000] {logging_mixin.py:188} INFO - [2024-02-07T09:04:14.021+0000] {dag.py:3820} INFO - Setting next_dagrun for example_short_circuit_decorator to 2024-02-06T00:00:00+00:00, run_after=2024-02-07T00:00:00+00:00
[2024-02-07T09:04:14.053+0000] {processor.py:183} INFO - Processing /home/airflow/.local/lib/python3.8/site-packages/airflow/example_dags/example_short_circuit_decorator.py took 0.113 seconds
[2024-02-07T09:04:44.320+0000] {processor.py:161} INFO - Started process (PID=2804) to work on /home/airflow/.local/lib/python3.8/site-packages/airflow/example_dags/example_short_circuit_decorator.py
[2024-02-07T09:04:44.321+0000] {processor.py:830} INFO - Processing file /home/airflow/.local/lib/python3.8/site-packages/airflow/example_dags/example_short_circuit_decorator.py for tasks to queue
[2024-02-07T09:04:44.323+0000] {logging_mixin.py:188} INFO - [2024-02-07T09:04:44.323+0000] {dagbag.py:538} INFO - Filling up the DagBag from /home/airflow/.local/lib/python3.8/site-packages/airflow/example_dags/example_short_circuit_decorator.py
[2024-02-07T09:04:44.331+0000] {processor.py:840} INFO - DAG(s) 'example_short_circuit_decorator' retrieved from /home/airflow/.local/lib/python3.8/site-packages/airflow/example_dags/example_short_circuit_decorator.py
[2024-02-07T09:04:44.353+0000] {logging_mixin.py:188} INFO - [2024-02-07T09:04:44.353+0000] {dag.py:3033} INFO - Sync 1 DAGs
[2024-02-07T09:04:44.373+0000] {logging_mixin.py:188} INFO - [2024-02-07T09:04:44.373+0000] {dag.py:3820} INFO - Setting next_dagrun for example_short_circuit_decorator to 2024-02-06T00:00:00+00:00, run_after=2024-02-07T00:00:00+00:00
[2024-02-07T09:04:44.400+0000] {processor.py:183} INFO - Processing /home/airflow/.local/lib/python3.8/site-packages/airflow/example_dags/example_short_circuit_decorator.py took 0.083 seconds
[2024-02-07T09:05:14.604+0000] {processor.py:161} INFO - Started process (PID=2861) to work on /home/airflow/.local/lib/python3.8/site-packages/airflow/example_dags/example_short_circuit_decorator.py
[2024-02-07T09:05:14.605+0000] {processor.py:830} INFO - Processing file /home/airflow/.local/lib/python3.8/site-packages/airflow/example_dags/example_short_circuit_decorator.py for tasks to queue
[2024-02-07T09:05:14.608+0000] {logging_mixin.py:188} INFO - [2024-02-07T09:05:14.608+0000] {dagbag.py:538} INFO - Filling up the DagBag from /home/airflow/.local/lib/python3.8/site-packages/airflow/example_dags/example_short_circuit_decorator.py
[2024-02-07T09:05:14.617+0000] {processor.py:840} INFO - DAG(s) 'example_short_circuit_decorator' retrieved from /home/airflow/.local/lib/python3.8/site-packages/airflow/example_dags/example_short_circuit_decorator.py
[2024-02-07T09:05:14.642+0000] {logging_mixin.py:188} INFO - [2024-02-07T09:05:14.642+0000] {dag.py:3033} INFO - Sync 1 DAGs
[2024-02-07T09:05:14.665+0000] {logging_mixin.py:188} INFO - [2024-02-07T09:05:14.665+0000] {dag.py:3820} INFO - Setting next_dagrun for example_short_circuit_decorator to 2024-02-06T00:00:00+00:00, run_after=2024-02-07T00:00:00+00:00
[2024-02-07T09:05:14.690+0000] {processor.py:183} INFO - Processing /home/airflow/.local/lib/python3.8/site-packages/airflow/example_dags/example_short_circuit_decorator.py took 0.089 seconds
[2024-02-07T09:05:45.110+0000] {processor.py:161} INFO - Started process (PID=2918) to work on /home/airflow/.local/lib/python3.8/site-packages/airflow/example_dags/example_short_circuit_decorator.py
[2024-02-07T09:05:45.111+0000] {processor.py:830} INFO - Processing file /home/airflow/.local/lib/python3.8/site-packages/airflow/example_dags/example_short_circuit_decorator.py for tasks to queue
[2024-02-07T09:05:45.114+0000] {logging_mixin.py:188} INFO - [2024-02-07T09:05:45.114+0000] {dagbag.py:538} INFO - Filling up the DagBag from /home/airflow/.local/lib/python3.8/site-packages/airflow/example_dags/example_short_circuit_decorator.py
[2024-02-07T09:05:45.124+0000] {processor.py:840} INFO - DAG(s) 'example_short_circuit_decorator' retrieved from /home/airflow/.local/lib/python3.8/site-packages/airflow/example_dags/example_short_circuit_decorator.py
[2024-02-07T09:05:45.148+0000] {logging_mixin.py:188} INFO - [2024-02-07T09:05:45.148+0000] {dag.py:3033} INFO - Sync 1 DAGs
[2024-02-07T09:05:45.168+0000] {logging_mixin.py:188} INFO - [2024-02-07T09:05:45.167+0000] {dag.py:3820} INFO - Setting next_dagrun for example_short_circuit_decorator to 2024-02-06T00:00:00+00:00, run_after=2024-02-07T00:00:00+00:00
[2024-02-07T09:05:45.195+0000] {processor.py:183} INFO - Processing /home/airflow/.local/lib/python3.8/site-packages/airflow/example_dags/example_short_circuit_decorator.py took 0.089 seconds
[2024-02-07T09:06:15.320+0000] {processor.py:161} INFO - Started process (PID=2975) to work on /home/airflow/.local/lib/python3.8/site-packages/airflow/example_dags/example_short_circuit_decorator.py
[2024-02-07T09:06:15.321+0000] {processor.py:830} INFO - Processing file /home/airflow/.local/lib/python3.8/site-packages/airflow/example_dags/example_short_circuit_decorator.py for tasks to queue
[2024-02-07T09:06:15.324+0000] {logging_mixin.py:188} INFO - [2024-02-07T09:06:15.324+0000] {dagbag.py:538} INFO - Filling up the DagBag from /home/airflow/.local/lib/python3.8/site-packages/airflow/example_dags/example_short_circuit_decorator.py
[2024-02-07T09:06:15.334+0000] {processor.py:840} INFO - DAG(s) 'example_short_circuit_decorator' retrieved from /home/airflow/.local/lib/python3.8/site-packages/airflow/example_dags/example_short_circuit_decorator.py
[2024-02-07T09:06:15.358+0000] {logging_mixin.py:188} INFO - [2024-02-07T09:06:15.357+0000] {dag.py:3033} INFO - Sync 1 DAGs
[2024-02-07T09:06:15.378+0000] {logging_mixin.py:188} INFO - [2024-02-07T09:06:15.377+0000] {dag.py:3820} INFO - Setting next_dagrun for example_short_circuit_decorator to 2024-02-06T00:00:00+00:00, run_after=2024-02-07T00:00:00+00:00
[2024-02-07T09:06:15.406+0000] {processor.py:183} INFO - Processing /home/airflow/.local/lib/python3.8/site-packages/airflow/example_dags/example_short_circuit_decorator.py took 0.090 seconds
[2024-02-07T09:06:45.978+0000] {processor.py:161} INFO - Started process (PID=3032) to work on /home/airflow/.local/lib/python3.8/site-packages/airflow/example_dags/example_short_circuit_decorator.py
[2024-02-07T09:06:45.979+0000] {processor.py:830} INFO - Processing file /home/airflow/.local/lib/python3.8/site-packages/airflow/example_dags/example_short_circuit_decorator.py for tasks to queue
[2024-02-07T09:06:45.982+0000] {logging_mixin.py:188} INFO - [2024-02-07T09:06:45.982+0000] {dagbag.py:538} INFO - Filling up the DagBag from /home/airflow/.local/lib/python3.8/site-packages/airflow/example_dags/example_short_circuit_decorator.py
[2024-02-07T09:06:45.991+0000] {processor.py:840} INFO - DAG(s) 'example_short_circuit_decorator' retrieved from /home/airflow/.local/lib/python3.8/site-packages/airflow/example_dags/example_short_circuit_decorator.py
[2024-02-07T09:06:46.016+0000] {logging_mixin.py:188} INFO - [2024-02-07T09:06:46.015+0000] {dag.py:3033} INFO - Sync 1 DAGs
[2024-02-07T09:06:46.037+0000] {logging_mixin.py:188} INFO - [2024-02-07T09:06:46.037+0000] {dag.py:3820} INFO - Setting next_dagrun for example_short_circuit_decorator to 2024-02-06T00:00:00+00:00, run_after=2024-02-07T00:00:00+00:00
[2024-02-07T09:06:46.060+0000] {processor.py:183} INFO - Processing /home/airflow/.local/lib/python3.8/site-packages/airflow/example_dags/example_short_circuit_decorator.py took 0.085 seconds
[2024-02-07T09:07:16.328+0000] {processor.py:161} INFO - Started process (PID=3089) to work on /home/airflow/.local/lib/python3.8/site-packages/airflow/example_dags/example_short_circuit_decorator.py
[2024-02-07T09:07:16.329+0000] {processor.py:830} INFO - Processing file /home/airflow/.local/lib/python3.8/site-packages/airflow/example_dags/example_short_circuit_decorator.py for tasks to queue
[2024-02-07T09:07:16.331+0000] {logging_mixin.py:188} INFO - [2024-02-07T09:07:16.331+0000] {dagbag.py:538} INFO - Filling up the DagBag from /home/airflow/.local/lib/python3.8/site-packages/airflow/example_dags/example_short_circuit_decorator.py
[2024-02-07T09:07:16.341+0000] {processor.py:840} INFO - DAG(s) 'example_short_circuit_decorator' retrieved from /home/airflow/.local/lib/python3.8/site-packages/airflow/example_dags/example_short_circuit_decorator.py
[2024-02-07T09:07:16.364+0000] {logging_mixin.py:188} INFO - [2024-02-07T09:07:16.364+0000] {dag.py:3033} INFO - Sync 1 DAGs
[2024-02-07T09:07:16.385+0000] {logging_mixin.py:188} INFO - [2024-02-07T09:07:16.384+0000] {dag.py:3820} INFO - Setting next_dagrun for example_short_circuit_decorator to 2024-02-06T00:00:00+00:00, run_after=2024-02-07T00:00:00+00:00
[2024-02-07T09:07:16.411+0000] {processor.py:183} INFO - Processing /home/airflow/.local/lib/python3.8/site-packages/airflow/example_dags/example_short_circuit_decorator.py took 0.087 seconds
[2024-02-07T09:07:46.894+0000] {processor.py:161} INFO - Started process (PID=3146) to work on /home/airflow/.local/lib/python3.8/site-packages/airflow/example_dags/example_short_circuit_decorator.py
[2024-02-07T09:07:46.895+0000] {processor.py:830} INFO - Processing file /home/airflow/.local/lib/python3.8/site-packages/airflow/example_dags/example_short_circuit_decorator.py for tasks to queue
[2024-02-07T09:07:46.898+0000] {logging_mixin.py:188} INFO - [2024-02-07T09:07:46.898+0000] {dagbag.py:538} INFO - Filling up the DagBag from /home/airflow/.local/lib/python3.8/site-packages/airflow/example_dags/example_short_circuit_decorator.py
[2024-02-07T09:07:46.907+0000] {processor.py:840} INFO - DAG(s) 'example_short_circuit_decorator' retrieved from /home/airflow/.local/lib/python3.8/site-packages/airflow/example_dags/example_short_circuit_decorator.py
[2024-02-07T09:07:46.931+0000] {logging_mixin.py:188} INFO - [2024-02-07T09:07:46.931+0000] {dag.py:3033} INFO - Sync 1 DAGs
[2024-02-07T09:07:46.951+0000] {logging_mixin.py:188} INFO - [2024-02-07T09:07:46.951+0000] {dag.py:3820} INFO - Setting next_dagrun for example_short_circuit_decorator to 2024-02-06T00:00:00+00:00, run_after=2024-02-07T00:00:00+00:00
[2024-02-07T09:07:46.979+0000] {processor.py:183} INFO - Processing /home/airflow/.local/lib/python3.8/site-packages/airflow/example_dags/example_short_circuit_decorator.py took 0.088 seconds
[2024-02-07T09:08:17.318+0000] {processor.py:161} INFO - Started process (PID=3203) to work on /home/airflow/.local/lib/python3.8/site-packages/airflow/example_dags/example_short_circuit_decorator.py
[2024-02-07T09:08:17.319+0000] {processor.py:830} INFO - Processing file /home/airflow/.local/lib/python3.8/site-packages/airflow/example_dags/example_short_circuit_decorator.py for tasks to queue
[2024-02-07T09:08:17.322+0000] {logging_mixin.py:188} INFO - [2024-02-07T09:08:17.322+0000] {dagbag.py:538} INFO - Filling up the DagBag from /home/airflow/.local/lib/python3.8/site-packages/airflow/example_dags/example_short_circuit_decorator.py
[2024-02-07T09:08:17.334+0000] {processor.py:840} INFO - DAG(s) 'example_short_circuit_decorator' retrieved from /home/airflow/.local/lib/python3.8/site-packages/airflow/example_dags/example_short_circuit_decorator.py
[2024-02-07T09:08:17.366+0000] {logging_mixin.py:188} INFO - [2024-02-07T09:08:17.366+0000] {dag.py:3033} INFO - Sync 1 DAGs
[2024-02-07T09:08:17.387+0000] {logging_mixin.py:188} INFO - [2024-02-07T09:08:17.387+0000] {dag.py:3820} INFO - Setting next_dagrun for example_short_circuit_decorator to 2024-02-06T00:00:00+00:00, run_after=2024-02-07T00:00:00+00:00
[2024-02-07T09:08:17.405+0000] {processor.py:183} INFO - Processing /home/airflow/.local/lib/python3.8/site-packages/airflow/example_dags/example_short_circuit_decorator.py took 0.091 seconds
[2024-02-07T09:08:47.669+0000] {processor.py:161} INFO - Started process (PID=3260) to work on /home/airflow/.local/lib/python3.8/site-packages/airflow/example_dags/example_short_circuit_decorator.py
[2024-02-07T09:08:47.670+0000] {processor.py:830} INFO - Processing file /home/airflow/.local/lib/python3.8/site-packages/airflow/example_dags/example_short_circuit_decorator.py for tasks to queue
[2024-02-07T09:08:47.673+0000] {logging_mixin.py:188} INFO - [2024-02-07T09:08:47.672+0000] {dagbag.py:538} INFO - Filling up the DagBag from /home/airflow/.local/lib/python3.8/site-packages/airflow/example_dags/example_short_circuit_decorator.py
[2024-02-07T09:08:47.682+0000] {processor.py:840} INFO - DAG(s) 'example_short_circuit_decorator' retrieved from /home/airflow/.local/lib/python3.8/site-packages/airflow/example_dags/example_short_circuit_decorator.py
[2024-02-07T09:08:47.705+0000] {logging_mixin.py:188} INFO - [2024-02-07T09:08:47.705+0000] {dag.py:3033} INFO - Sync 1 DAGs
[2024-02-07T09:08:47.727+0000] {logging_mixin.py:188} INFO - [2024-02-07T09:08:47.726+0000] {dag.py:3820} INFO - Setting next_dagrun for example_short_circuit_decorator to 2024-02-06T00:00:00+00:00, run_after=2024-02-07T00:00:00+00:00
[2024-02-07T09:08:47.754+0000] {processor.py:183} INFO - Processing /home/airflow/.local/lib/python3.8/site-packages/airflow/example_dags/example_short_circuit_decorator.py took 0.088 seconds
[2024-02-07T09:09:17.917+0000] {processor.py:161} INFO - Started process (PID=3317) to work on /home/airflow/.local/lib/python3.8/site-packages/airflow/example_dags/example_short_circuit_decorator.py
[2024-02-07T09:09:17.918+0000] {processor.py:830} INFO - Processing file /home/airflow/.local/lib/python3.8/site-packages/airflow/example_dags/example_short_circuit_decorator.py for tasks to queue
[2024-02-07T09:09:17.921+0000] {logging_mixin.py:188} INFO - [2024-02-07T09:09:17.921+0000] {dagbag.py:538} INFO - Filling up the DagBag from /home/airflow/.local/lib/python3.8/site-packages/airflow/example_dags/example_short_circuit_decorator.py
[2024-02-07T09:09:17.932+0000] {processor.py:840} INFO - DAG(s) 'example_short_circuit_decorator' retrieved from /home/airflow/.local/lib/python3.8/site-packages/airflow/example_dags/example_short_circuit_decorator.py
[2024-02-07T09:09:17.957+0000] {logging_mixin.py:188} INFO - [2024-02-07T09:09:17.956+0000] {dag.py:3033} INFO - Sync 1 DAGs
[2024-02-07T09:09:17.977+0000] {logging_mixin.py:188} INFO - [2024-02-07T09:09:17.977+0000] {dag.py:3820} INFO - Setting next_dagrun for example_short_circuit_decorator to 2024-02-06T00:00:00+00:00, run_after=2024-02-07T00:00:00+00:00
[2024-02-07T09:09:18.004+0000] {processor.py:183} INFO - Processing /home/airflow/.local/lib/python3.8/site-packages/airflow/example_dags/example_short_circuit_decorator.py took 0.091 seconds
[2024-02-07T09:09:48.579+0000] {processor.py:161} INFO - Started process (PID=3374) to work on /home/airflow/.local/lib/python3.8/site-packages/airflow/example_dags/example_short_circuit_decorator.py
[2024-02-07T09:09:48.580+0000] {processor.py:830} INFO - Processing file /home/airflow/.local/lib/python3.8/site-packages/airflow/example_dags/example_short_circuit_decorator.py for tasks to queue
[2024-02-07T09:09:48.583+0000] {logging_mixin.py:188} INFO - [2024-02-07T09:09:48.582+0000] {dagbag.py:538} INFO - Filling up the DagBag from /home/airflow/.local/lib/python3.8/site-packages/airflow/example_dags/example_short_circuit_decorator.py
[2024-02-07T09:09:48.591+0000] {processor.py:840} INFO - DAG(s) 'example_short_circuit_decorator' retrieved from /home/airflow/.local/lib/python3.8/site-packages/airflow/example_dags/example_short_circuit_decorator.py
[2024-02-07T09:09:48.616+0000] {logging_mixin.py:188} INFO - [2024-02-07T09:09:48.615+0000] {dag.py:3033} INFO - Sync 1 DAGs
[2024-02-07T09:09:48.642+0000] {logging_mixin.py:188} INFO - [2024-02-07T09:09:48.642+0000] {dag.py:3820} INFO - Setting next_dagrun for example_short_circuit_decorator to 2024-02-06T00:00:00+00:00, run_after=2024-02-07T00:00:00+00:00
[2024-02-07T09:09:48.668+0000] {processor.py:183} INFO - Processing /home/airflow/.local/lib/python3.8/site-packages/airflow/example_dags/example_short_circuit_decorator.py took 0.092 seconds
[2024-02-07T09:10:18.786+0000] {processor.py:161} INFO - Started process (PID=3431) to work on /home/airflow/.local/lib/python3.8/site-packages/airflow/example_dags/example_short_circuit_decorator.py
[2024-02-07T09:10:18.787+0000] {processor.py:830} INFO - Processing file /home/airflow/.local/lib/python3.8/site-packages/airflow/example_dags/example_short_circuit_decorator.py for tasks to queue
[2024-02-07T09:10:18.791+0000] {logging_mixin.py:188} INFO - [2024-02-07T09:10:18.790+0000] {dagbag.py:538} INFO - Filling up the DagBag from /home/airflow/.local/lib/python3.8/site-packages/airflow/example_dags/example_short_circuit_decorator.py
[2024-02-07T09:10:18.799+0000] {processor.py:840} INFO - DAG(s) 'example_short_circuit_decorator' retrieved from /home/airflow/.local/lib/python3.8/site-packages/airflow/example_dags/example_short_circuit_decorator.py
[2024-02-07T09:10:18.825+0000] {logging_mixin.py:188} INFO - [2024-02-07T09:10:18.825+0000] {dag.py:3033} INFO - Sync 1 DAGs
[2024-02-07T09:10:18.848+0000] {logging_mixin.py:188} INFO - [2024-02-07T09:10:18.848+0000] {dag.py:3820} INFO - Setting next_dagrun for example_short_circuit_decorator to 2024-02-06T00:00:00+00:00, run_after=2024-02-07T00:00:00+00:00
[2024-02-07T09:10:18.873+0000] {processor.py:183} INFO - Processing /home/airflow/.local/lib/python3.8/site-packages/airflow/example_dags/example_short_circuit_decorator.py took 0.091 seconds
[2024-02-07T09:10:49.080+0000] {processor.py:161} INFO - Started process (PID=3488) to work on /home/airflow/.local/lib/python3.8/site-packages/airflow/example_dags/example_short_circuit_decorator.py
[2024-02-07T09:10:49.081+0000] {processor.py:830} INFO - Processing file /home/airflow/.local/lib/python3.8/site-packages/airflow/example_dags/example_short_circuit_decorator.py for tasks to queue
[2024-02-07T09:10:49.085+0000] {logging_mixin.py:188} INFO - [2024-02-07T09:10:49.084+0000] {dagbag.py:538} INFO - Filling up the DagBag from /home/airflow/.local/lib/python3.8/site-packages/airflow/example_dags/example_short_circuit_decorator.py
[2024-02-07T09:10:49.098+0000] {processor.py:840} INFO - DAG(s) 'example_short_circuit_decorator' retrieved from /home/airflow/.local/lib/python3.8/site-packages/airflow/example_dags/example_short_circuit_decorator.py
[2024-02-07T09:10:49.121+0000] {logging_mixin.py:188} INFO - [2024-02-07T09:10:49.120+0000] {dag.py:3033} INFO - Sync 1 DAGs
[2024-02-07T09:10:49.143+0000] {logging_mixin.py:188} INFO - [2024-02-07T09:10:49.143+0000] {dag.py:3820} INFO - Setting next_dagrun for example_short_circuit_decorator to 2024-02-06T00:00:00+00:00, run_after=2024-02-07T00:00:00+00:00
[2024-02-07T09:10:49.175+0000] {processor.py:183} INFO - Processing /home/airflow/.local/lib/python3.8/site-packages/airflow/example_dags/example_short_circuit_decorator.py took 0.100 seconds
[2024-02-07T09:11:19.372+0000] {processor.py:161} INFO - Started process (PID=3545) to work on /home/airflow/.local/lib/python3.8/site-packages/airflow/example_dags/example_short_circuit_decorator.py
[2024-02-07T09:11:19.373+0000] {processor.py:830} INFO - Processing file /home/airflow/.local/lib/python3.8/site-packages/airflow/example_dags/example_short_circuit_decorator.py for tasks to queue
[2024-02-07T09:11:19.375+0000] {logging_mixin.py:188} INFO - [2024-02-07T09:11:19.375+0000] {dagbag.py:538} INFO - Filling up the DagBag from /home/airflow/.local/lib/python3.8/site-packages/airflow/example_dags/example_short_circuit_decorator.py
[2024-02-07T09:11:19.385+0000] {processor.py:840} INFO - DAG(s) 'example_short_circuit_decorator' retrieved from /home/airflow/.local/lib/python3.8/site-packages/airflow/example_dags/example_short_circuit_decorator.py
[2024-02-07T09:11:19.409+0000] {logging_mixin.py:188} INFO - [2024-02-07T09:11:19.408+0000] {dag.py:3033} INFO - Sync 1 DAGs
[2024-02-07T09:11:19.429+0000] {logging_mixin.py:188} INFO - [2024-02-07T09:11:19.429+0000] {dag.py:3820} INFO - Setting next_dagrun for example_short_circuit_decorator to 2024-02-06T00:00:00+00:00, run_after=2024-02-07T00:00:00+00:00
[2024-02-07T09:11:19.455+0000] {processor.py:183} INFO - Processing /home/airflow/.local/lib/python3.8/site-packages/airflow/example_dags/example_short_circuit_decorator.py took 0.087 seconds
