[2024-02-07T08:40:11.933+0000] {processor.py:161} INFO - Started process (PID=70) to work on /home/airflow/.local/lib/python3.8/site-packages/airflow/example_dags/example_branch_python_dop_operator_3.py
[2024-02-07T08:40:11.934+0000] {processor.py:830} INFO - Processing file /home/airflow/.local/lib/python3.8/site-packages/airflow/example_dags/example_branch_python_dop_operator_3.py for tasks to queue
[2024-02-07T08:40:11.938+0000] {logging_mixin.py:188} INFO - [2024-02-07T08:40:11.937+0000] {dagbag.py:538} INFO - Filling up the DagBag from /home/airflow/.local/lib/python3.8/site-packages/airflow/example_dags/example_branch_python_dop_operator_3.py
[2024-02-07T08:40:11.951+0000] {processor.py:840} INFO - DAG(s) 'example_branch_dop_operator_v3' retrieved from /home/airflow/.local/lib/python3.8/site-packages/airflow/example_dags/example_branch_python_dop_operator_3.py
[2024-02-07T08:40:11.983+0000] {logging_mixin.py:188} INFO - [2024-02-07T08:40:11.983+0000] {dag.py:3033} INFO - Sync 1 DAGs
[2024-02-07T08:40:12.024+0000] {logging_mixin.py:188} INFO - [2024-02-07T08:40:12.024+0000] {dag.py:3820} INFO - Setting next_dagrun for example_branch_dop_operator_v3 to 2024-02-07T08:39:00+00:00, run_after=2024-02-07T08:40:00+00:00
[2024-02-07T08:40:12.051+0000] {processor.py:183} INFO - Processing /home/airflow/.local/lib/python3.8/site-packages/airflow/example_dags/example_branch_python_dop_operator_3.py took 0.122 seconds
[2024-02-07T08:40:42.234+0000] {processor.py:161} INFO - Started process (PID=127) to work on /home/airflow/.local/lib/python3.8/site-packages/airflow/example_dags/example_branch_python_dop_operator_3.py
[2024-02-07T08:40:42.236+0000] {processor.py:830} INFO - Processing file /home/airflow/.local/lib/python3.8/site-packages/airflow/example_dags/example_branch_python_dop_operator_3.py for tasks to queue
[2024-02-07T08:40:42.240+0000] {logging_mixin.py:188} INFO - [2024-02-07T08:40:42.240+0000] {dagbag.py:538} INFO - Filling up the DagBag from /home/airflow/.local/lib/python3.8/site-packages/airflow/example_dags/example_branch_python_dop_operator_3.py
[2024-02-07T08:40:42.250+0000] {processor.py:840} INFO - DAG(s) 'example_branch_dop_operator_v3' retrieved from /home/airflow/.local/lib/python3.8/site-packages/airflow/example_dags/example_branch_python_dop_operator_3.py
[2024-02-07T08:40:42.270+0000] {logging_mixin.py:188} INFO - [2024-02-07T08:40:42.270+0000] {dag.py:3033} INFO - Sync 1 DAGs
[2024-02-07T08:40:42.298+0000] {logging_mixin.py:188} INFO - [2024-02-07T08:40:42.298+0000] {dag.py:3820} INFO - Setting next_dagrun for example_branch_dop_operator_v3 to 2024-02-07T08:39:00+00:00, run_after=2024-02-07T08:40:00+00:00
[2024-02-07T08:40:42.325+0000] {processor.py:183} INFO - Processing /home/airflow/.local/lib/python3.8/site-packages/airflow/example_dags/example_branch_python_dop_operator_3.py took 0.095 seconds
[2024-02-07T08:41:13.028+0000] {processor.py:161} INFO - Started process (PID=184) to work on /home/airflow/.local/lib/python3.8/site-packages/airflow/example_dags/example_branch_python_dop_operator_3.py
[2024-02-07T08:41:13.030+0000] {processor.py:830} INFO - Processing file /home/airflow/.local/lib/python3.8/site-packages/airflow/example_dags/example_branch_python_dop_operator_3.py for tasks to queue
[2024-02-07T08:41:13.032+0000] {logging_mixin.py:188} INFO - [2024-02-07T08:41:13.032+0000] {dagbag.py:538} INFO - Filling up the DagBag from /home/airflow/.local/lib/python3.8/site-packages/airflow/example_dags/example_branch_python_dop_operator_3.py
[2024-02-07T08:41:13.042+0000] {processor.py:840} INFO - DAG(s) 'example_branch_dop_operator_v3' retrieved from /home/airflow/.local/lib/python3.8/site-packages/airflow/example_dags/example_branch_python_dop_operator_3.py
[2024-02-07T08:41:13.063+0000] {logging_mixin.py:188} INFO - [2024-02-07T08:41:13.063+0000] {dag.py:3033} INFO - Sync 1 DAGs
[2024-02-07T08:41:13.094+0000] {logging_mixin.py:188} INFO - [2024-02-07T08:41:13.094+0000] {dag.py:3820} INFO - Setting next_dagrun for example_branch_dop_operator_v3 to 2024-02-07T08:40:00+00:00, run_after=2024-02-07T08:41:00+00:00
[2024-02-07T08:41:13.115+0000] {processor.py:183} INFO - Processing /home/airflow/.local/lib/python3.8/site-packages/airflow/example_dags/example_branch_python_dop_operator_3.py took 0.090 seconds
[2024-02-07T08:41:44.010+0000] {processor.py:161} INFO - Started process (PID=241) to work on /home/airflow/.local/lib/python3.8/site-packages/airflow/example_dags/example_branch_python_dop_operator_3.py
[2024-02-07T08:41:44.012+0000] {processor.py:830} INFO - Processing file /home/airflow/.local/lib/python3.8/site-packages/airflow/example_dags/example_branch_python_dop_operator_3.py for tasks to queue
[2024-02-07T08:41:44.014+0000] {logging_mixin.py:188} INFO - [2024-02-07T08:41:44.014+0000] {dagbag.py:538} INFO - Filling up the DagBag from /home/airflow/.local/lib/python3.8/site-packages/airflow/example_dags/example_branch_python_dop_operator_3.py
[2024-02-07T08:41:44.025+0000] {processor.py:840} INFO - DAG(s) 'example_branch_dop_operator_v3' retrieved from /home/airflow/.local/lib/python3.8/site-packages/airflow/example_dags/example_branch_python_dop_operator_3.py
[2024-02-07T08:41:44.055+0000] {logging_mixin.py:188} INFO - [2024-02-07T08:41:44.055+0000] {dag.py:3033} INFO - Sync 1 DAGs
[2024-02-07T08:41:44.097+0000] {logging_mixin.py:188} INFO - [2024-02-07T08:41:44.097+0000] {dag.py:3820} INFO - Setting next_dagrun for example_branch_dop_operator_v3 to 2024-02-07T08:40:00+00:00, run_after=2024-02-07T08:41:00+00:00
[2024-02-07T08:41:44.133+0000] {processor.py:183} INFO - Processing /home/airflow/.local/lib/python3.8/site-packages/airflow/example_dags/example_branch_python_dop_operator_3.py took 0.126 seconds
[2024-02-07T08:42:14.476+0000] {processor.py:161} INFO - Started process (PID=299) to work on /home/airflow/.local/lib/python3.8/site-packages/airflow/example_dags/example_branch_python_dop_operator_3.py
[2024-02-07T08:42:14.478+0000] {processor.py:830} INFO - Processing file /home/airflow/.local/lib/python3.8/site-packages/airflow/example_dags/example_branch_python_dop_operator_3.py for tasks to queue
[2024-02-07T08:42:14.481+0000] {logging_mixin.py:188} INFO - [2024-02-07T08:42:14.480+0000] {dagbag.py:538} INFO - Filling up the DagBag from /home/airflow/.local/lib/python3.8/site-packages/airflow/example_dags/example_branch_python_dop_operator_3.py
[2024-02-07T08:42:14.495+0000] {processor.py:840} INFO - DAG(s) 'example_branch_dop_operator_v3' retrieved from /home/airflow/.local/lib/python3.8/site-packages/airflow/example_dags/example_branch_python_dop_operator_3.py
[2024-02-07T08:42:14.527+0000] {logging_mixin.py:188} INFO - [2024-02-07T08:42:14.527+0000] {dag.py:3033} INFO - Sync 1 DAGs
[2024-02-07T08:42:14.571+0000] {logging_mixin.py:188} INFO - [2024-02-07T08:42:14.571+0000] {dag.py:3820} INFO - Setting next_dagrun for example_branch_dop_operator_v3 to 2024-02-07T08:41:00+00:00, run_after=2024-02-07T08:42:00+00:00
[2024-02-07T08:42:14.602+0000] {processor.py:183} INFO - Processing /home/airflow/.local/lib/python3.8/site-packages/airflow/example_dags/example_branch_python_dop_operator_3.py took 0.130 seconds
[2024-02-07T08:42:45.192+0000] {processor.py:161} INFO - Started process (PID=356) to work on /home/airflow/.local/lib/python3.8/site-packages/airflow/example_dags/example_branch_python_dop_operator_3.py
[2024-02-07T08:42:45.193+0000] {processor.py:830} INFO - Processing file /home/airflow/.local/lib/python3.8/site-packages/airflow/example_dags/example_branch_python_dop_operator_3.py for tasks to queue
[2024-02-07T08:42:45.195+0000] {logging_mixin.py:188} INFO - [2024-02-07T08:42:45.195+0000] {dagbag.py:538} INFO - Filling up the DagBag from /home/airflow/.local/lib/python3.8/site-packages/airflow/example_dags/example_branch_python_dop_operator_3.py
[2024-02-07T08:42:45.206+0000] {processor.py:840} INFO - DAG(s) 'example_branch_dop_operator_v3' retrieved from /home/airflow/.local/lib/python3.8/site-packages/airflow/example_dags/example_branch_python_dop_operator_3.py
[2024-02-07T08:42:45.229+0000] {logging_mixin.py:188} INFO - [2024-02-07T08:42:45.229+0000] {dag.py:3033} INFO - Sync 1 DAGs
[2024-02-07T08:42:45.262+0000] {logging_mixin.py:188} INFO - [2024-02-07T08:42:45.262+0000] {dag.py:3820} INFO - Setting next_dagrun for example_branch_dop_operator_v3 to 2024-02-07T08:41:00+00:00, run_after=2024-02-07T08:42:00+00:00
[2024-02-07T08:42:45.293+0000] {processor.py:183} INFO - Processing /home/airflow/.local/lib/python3.8/site-packages/airflow/example_dags/example_branch_python_dop_operator_3.py took 0.104 seconds
[2024-02-07T08:43:15.948+0000] {processor.py:161} INFO - Started process (PID=413) to work on /home/airflow/.local/lib/python3.8/site-packages/airflow/example_dags/example_branch_python_dop_operator_3.py
[2024-02-07T08:43:15.950+0000] {processor.py:830} INFO - Processing file /home/airflow/.local/lib/python3.8/site-packages/airflow/example_dags/example_branch_python_dop_operator_3.py for tasks to queue
[2024-02-07T08:43:15.953+0000] {logging_mixin.py:188} INFO - [2024-02-07T08:43:15.953+0000] {dagbag.py:538} INFO - Filling up the DagBag from /home/airflow/.local/lib/python3.8/site-packages/airflow/example_dags/example_branch_python_dop_operator_3.py
[2024-02-07T08:43:15.963+0000] {processor.py:840} INFO - DAG(s) 'example_branch_dop_operator_v3' retrieved from /home/airflow/.local/lib/python3.8/site-packages/airflow/example_dags/example_branch_python_dop_operator_3.py
[2024-02-07T08:43:15.992+0000] {logging_mixin.py:188} INFO - [2024-02-07T08:43:15.991+0000] {dag.py:3033} INFO - Sync 1 DAGs
[2024-02-07T08:43:16.024+0000] {logging_mixin.py:188} INFO - [2024-02-07T08:43:16.024+0000] {dag.py:3820} INFO - Setting next_dagrun for example_branch_dop_operator_v3 to 2024-02-07T08:42:00+00:00, run_after=2024-02-07T08:43:00+00:00
[2024-02-07T08:43:16.045+0000] {processor.py:183} INFO - Processing /home/airflow/.local/lib/python3.8/site-packages/airflow/example_dags/example_branch_python_dop_operator_3.py took 0.101 seconds
[2024-02-07T08:43:46.469+0000] {processor.py:161} INFO - Started process (PID=470) to work on /home/airflow/.local/lib/python3.8/site-packages/airflow/example_dags/example_branch_python_dop_operator_3.py
[2024-02-07T08:43:46.470+0000] {processor.py:830} INFO - Processing file /home/airflow/.local/lib/python3.8/site-packages/airflow/example_dags/example_branch_python_dop_operator_3.py for tasks to queue
[2024-02-07T08:43:46.473+0000] {logging_mixin.py:188} INFO - [2024-02-07T08:43:46.473+0000] {dagbag.py:538} INFO - Filling up the DagBag from /home/airflow/.local/lib/python3.8/site-packages/airflow/example_dags/example_branch_python_dop_operator_3.py
[2024-02-07T08:43:46.483+0000] {processor.py:840} INFO - DAG(s) 'example_branch_dop_operator_v3' retrieved from /home/airflow/.local/lib/python3.8/site-packages/airflow/example_dags/example_branch_python_dop_operator_3.py
[2024-02-07T08:43:46.509+0000] {logging_mixin.py:188} INFO - [2024-02-07T08:43:46.509+0000] {dag.py:3033} INFO - Sync 1 DAGs
[2024-02-07T08:43:46.541+0000] {logging_mixin.py:188} INFO - [2024-02-07T08:43:46.541+0000] {dag.py:3820} INFO - Setting next_dagrun for example_branch_dop_operator_v3 to 2024-02-07T08:42:00+00:00, run_after=2024-02-07T08:43:00+00:00
[2024-02-07T08:43:46.560+0000] {processor.py:183} INFO - Processing /home/airflow/.local/lib/python3.8/site-packages/airflow/example_dags/example_branch_python_dop_operator_3.py took 0.095 seconds
[2024-02-07T08:44:17.713+0000] {processor.py:161} INFO - Started process (PID=527) to work on /home/airflow/.local/lib/python3.8/site-packages/airflow/example_dags/example_branch_python_dop_operator_3.py
[2024-02-07T08:44:17.714+0000] {processor.py:830} INFO - Processing file /home/airflow/.local/lib/python3.8/site-packages/airflow/example_dags/example_branch_python_dop_operator_3.py for tasks to queue
[2024-02-07T08:44:17.716+0000] {logging_mixin.py:188} INFO - [2024-02-07T08:44:17.716+0000] {dagbag.py:538} INFO - Filling up the DagBag from /home/airflow/.local/lib/python3.8/site-packages/airflow/example_dags/example_branch_python_dop_operator_3.py
[2024-02-07T08:44:17.727+0000] {processor.py:840} INFO - DAG(s) 'example_branch_dop_operator_v3' retrieved from /home/airflow/.local/lib/python3.8/site-packages/airflow/example_dags/example_branch_python_dop_operator_3.py
[2024-02-07T08:44:17.752+0000] {logging_mixin.py:188} INFO - [2024-02-07T08:44:17.752+0000] {dag.py:3033} INFO - Sync 1 DAGs
[2024-02-07T08:44:17.797+0000] {logging_mixin.py:188} INFO - [2024-02-07T08:44:17.796+0000] {dag.py:3820} INFO - Setting next_dagrun for example_branch_dop_operator_v3 to 2024-02-07T08:43:00+00:00, run_after=2024-02-07T08:44:00+00:00
[2024-02-07T08:44:17.839+0000] {processor.py:183} INFO - Processing /home/airflow/.local/lib/python3.8/site-packages/airflow/example_dags/example_branch_python_dop_operator_3.py took 0.130 seconds
[2024-02-07T08:44:48.091+0000] {processor.py:161} INFO - Started process (PID=584) to work on /home/airflow/.local/lib/python3.8/site-packages/airflow/example_dags/example_branch_python_dop_operator_3.py
[2024-02-07T08:44:48.092+0000] {processor.py:830} INFO - Processing file /home/airflow/.local/lib/python3.8/site-packages/airflow/example_dags/example_branch_python_dop_operator_3.py for tasks to queue
[2024-02-07T08:44:48.096+0000] {logging_mixin.py:188} INFO - [2024-02-07T08:44:48.095+0000] {dagbag.py:538} INFO - Filling up the DagBag from /home/airflow/.local/lib/python3.8/site-packages/airflow/example_dags/example_branch_python_dop_operator_3.py
[2024-02-07T08:44:48.106+0000] {processor.py:840} INFO - DAG(s) 'example_branch_dop_operator_v3' retrieved from /home/airflow/.local/lib/python3.8/site-packages/airflow/example_dags/example_branch_python_dop_operator_3.py
[2024-02-07T08:44:48.136+0000] {logging_mixin.py:188} INFO - [2024-02-07T08:44:48.135+0000] {dag.py:3033} INFO - Sync 1 DAGs
[2024-02-07T08:44:48.172+0000] {logging_mixin.py:188} INFO - [2024-02-07T08:44:48.172+0000] {dag.py:3820} INFO - Setting next_dagrun for example_branch_dop_operator_v3 to 2024-02-07T08:43:00+00:00, run_after=2024-02-07T08:44:00+00:00
[2024-02-07T08:44:48.194+0000] {processor.py:183} INFO - Processing /home/airflow/.local/lib/python3.8/site-packages/airflow/example_dags/example_branch_python_dop_operator_3.py took 0.109 seconds
[2024-02-07T08:45:18.285+0000] {processor.py:161} INFO - Started process (PID=641) to work on /home/airflow/.local/lib/python3.8/site-packages/airflow/example_dags/example_branch_python_dop_operator_3.py
[2024-02-07T08:45:18.286+0000] {processor.py:830} INFO - Processing file /home/airflow/.local/lib/python3.8/site-packages/airflow/example_dags/example_branch_python_dop_operator_3.py for tasks to queue
[2024-02-07T08:45:18.289+0000] {logging_mixin.py:188} INFO - [2024-02-07T08:45:18.289+0000] {dagbag.py:538} INFO - Filling up the DagBag from /home/airflow/.local/lib/python3.8/site-packages/airflow/example_dags/example_branch_python_dop_operator_3.py
[2024-02-07T08:45:18.299+0000] {processor.py:840} INFO - DAG(s) 'example_branch_dop_operator_v3' retrieved from /home/airflow/.local/lib/python3.8/site-packages/airflow/example_dags/example_branch_python_dop_operator_3.py
[2024-02-07T08:45:18.321+0000] {logging_mixin.py:188} INFO - [2024-02-07T08:45:18.321+0000] {dag.py:3033} INFO - Sync 1 DAGs
[2024-02-07T08:45:18.350+0000] {logging_mixin.py:188} INFO - [2024-02-07T08:45:18.350+0000] {dag.py:3820} INFO - Setting next_dagrun for example_branch_dop_operator_v3 to 2024-02-07T08:44:00+00:00, run_after=2024-02-07T08:45:00+00:00
[2024-02-07T08:45:18.378+0000] {processor.py:183} INFO - Processing /home/airflow/.local/lib/python3.8/site-packages/airflow/example_dags/example_branch_python_dop_operator_3.py took 0.096 seconds
[2024-02-07T08:45:49.275+0000] {processor.py:161} INFO - Started process (PID=698) to work on /home/airflow/.local/lib/python3.8/site-packages/airflow/example_dags/example_branch_python_dop_operator_3.py
[2024-02-07T08:45:49.276+0000] {processor.py:830} INFO - Processing file /home/airflow/.local/lib/python3.8/site-packages/airflow/example_dags/example_branch_python_dop_operator_3.py for tasks to queue
[2024-02-07T08:45:49.278+0000] {logging_mixin.py:188} INFO - [2024-02-07T08:45:49.278+0000] {dagbag.py:538} INFO - Filling up the DagBag from /home/airflow/.local/lib/python3.8/site-packages/airflow/example_dags/example_branch_python_dop_operator_3.py
[2024-02-07T08:45:49.287+0000] {processor.py:840} INFO - DAG(s) 'example_branch_dop_operator_v3' retrieved from /home/airflow/.local/lib/python3.8/site-packages/airflow/example_dags/example_branch_python_dop_operator_3.py
[2024-02-07T08:45:49.328+0000] {logging_mixin.py:188} INFO - [2024-02-07T08:45:49.328+0000] {dag.py:3033} INFO - Sync 1 DAGs
[2024-02-07T08:45:49.363+0000] {logging_mixin.py:188} INFO - [2024-02-07T08:45:49.363+0000] {dag.py:3820} INFO - Setting next_dagrun for example_branch_dop_operator_v3 to 2024-02-07T08:44:00+00:00, run_after=2024-02-07T08:45:00+00:00
[2024-02-07T08:45:49.386+0000] {processor.py:183} INFO - Processing /home/airflow/.local/lib/python3.8/site-packages/airflow/example_dags/example_branch_python_dop_operator_3.py took 0.115 seconds
[2024-02-07T08:46:20.223+0000] {processor.py:161} INFO - Started process (PID=755) to work on /home/airflow/.local/lib/python3.8/site-packages/airflow/example_dags/example_branch_python_dop_operator_3.py
[2024-02-07T08:46:20.224+0000] {processor.py:830} INFO - Processing file /home/airflow/.local/lib/python3.8/site-packages/airflow/example_dags/example_branch_python_dop_operator_3.py for tasks to queue
[2024-02-07T08:46:20.228+0000] {logging_mixin.py:188} INFO - [2024-02-07T08:46:20.227+0000] {dagbag.py:538} INFO - Filling up the DagBag from /home/airflow/.local/lib/python3.8/site-packages/airflow/example_dags/example_branch_python_dop_operator_3.py
[2024-02-07T08:46:20.240+0000] {processor.py:840} INFO - DAG(s) 'example_branch_dop_operator_v3' retrieved from /home/airflow/.local/lib/python3.8/site-packages/airflow/example_dags/example_branch_python_dop_operator_3.py
[2024-02-07T08:46:20.265+0000] {logging_mixin.py:188} INFO - [2024-02-07T08:46:20.264+0000] {dag.py:3033} INFO - Sync 1 DAGs
[2024-02-07T08:46:20.295+0000] {logging_mixin.py:188} INFO - [2024-02-07T08:46:20.295+0000] {dag.py:3820} INFO - Setting next_dagrun for example_branch_dop_operator_v3 to 2024-02-07T08:45:00+00:00, run_after=2024-02-07T08:46:00+00:00
[2024-02-07T08:46:20.320+0000] {processor.py:183} INFO - Processing /home/airflow/.local/lib/python3.8/site-packages/airflow/example_dags/example_branch_python_dop_operator_3.py took 0.101 seconds
[2024-02-07T08:46:51.051+0000] {processor.py:161} INFO - Started process (PID=812) to work on /home/airflow/.local/lib/python3.8/site-packages/airflow/example_dags/example_branch_python_dop_operator_3.py
[2024-02-07T08:46:51.053+0000] {processor.py:830} INFO - Processing file /home/airflow/.local/lib/python3.8/site-packages/airflow/example_dags/example_branch_python_dop_operator_3.py for tasks to queue
[2024-02-07T08:46:51.056+0000] {logging_mixin.py:188} INFO - [2024-02-07T08:46:51.056+0000] {dagbag.py:538} INFO - Filling up the DagBag from /home/airflow/.local/lib/python3.8/site-packages/airflow/example_dags/example_branch_python_dop_operator_3.py
[2024-02-07T08:46:51.067+0000] {processor.py:840} INFO - DAG(s) 'example_branch_dop_operator_v3' retrieved from /home/airflow/.local/lib/python3.8/site-packages/airflow/example_dags/example_branch_python_dop_operator_3.py
[2024-02-07T08:46:51.093+0000] {logging_mixin.py:188} INFO - [2024-02-07T08:46:51.092+0000] {dag.py:3033} INFO - Sync 1 DAGs
[2024-02-07T08:46:51.124+0000] {logging_mixin.py:188} INFO - [2024-02-07T08:46:51.123+0000] {dag.py:3820} INFO - Setting next_dagrun for example_branch_dop_operator_v3 to 2024-02-07T08:45:00+00:00, run_after=2024-02-07T08:46:00+00:00
[2024-02-07T08:46:51.148+0000] {processor.py:183} INFO - Processing /home/airflow/.local/lib/python3.8/site-packages/airflow/example_dags/example_branch_python_dop_operator_3.py took 0.100 seconds
[2024-02-07T08:47:21.191+0000] {processor.py:161} INFO - Started process (PID=869) to work on /home/airflow/.local/lib/python3.8/site-packages/airflow/example_dags/example_branch_python_dop_operator_3.py
[2024-02-07T08:47:21.193+0000] {processor.py:830} INFO - Processing file /home/airflow/.local/lib/python3.8/site-packages/airflow/example_dags/example_branch_python_dop_operator_3.py for tasks to queue
[2024-02-07T08:47:21.196+0000] {logging_mixin.py:188} INFO - [2024-02-07T08:47:21.196+0000] {dagbag.py:538} INFO - Filling up the DagBag from /home/airflow/.local/lib/python3.8/site-packages/airflow/example_dags/example_branch_python_dop_operator_3.py
[2024-02-07T08:47:21.208+0000] {processor.py:840} INFO - DAG(s) 'example_branch_dop_operator_v3' retrieved from /home/airflow/.local/lib/python3.8/site-packages/airflow/example_dags/example_branch_python_dop_operator_3.py
[2024-02-07T08:47:21.231+0000] {logging_mixin.py:188} INFO - [2024-02-07T08:47:21.230+0000] {dag.py:3033} INFO - Sync 1 DAGs
[2024-02-07T08:47:21.259+0000] {logging_mixin.py:188} INFO - [2024-02-07T08:47:21.259+0000] {dag.py:3820} INFO - Setting next_dagrun for example_branch_dop_operator_v3 to 2024-02-07T08:46:00+00:00, run_after=2024-02-07T08:47:00+00:00
[2024-02-07T08:47:21.283+0000] {processor.py:183} INFO - Processing /home/airflow/.local/lib/python3.8/site-packages/airflow/example_dags/example_branch_python_dop_operator_3.py took 0.096 seconds
[2024-02-07T08:47:51.687+0000] {processor.py:161} INFO - Started process (PID=926) to work on /home/airflow/.local/lib/python3.8/site-packages/airflow/example_dags/example_branch_python_dop_operator_3.py
[2024-02-07T08:47:51.688+0000] {processor.py:830} INFO - Processing file /home/airflow/.local/lib/python3.8/site-packages/airflow/example_dags/example_branch_python_dop_operator_3.py for tasks to queue
[2024-02-07T08:47:51.690+0000] {logging_mixin.py:188} INFO - [2024-02-07T08:47:51.690+0000] {dagbag.py:538} INFO - Filling up the DagBag from /home/airflow/.local/lib/python3.8/site-packages/airflow/example_dags/example_branch_python_dop_operator_3.py
[2024-02-07T08:47:51.699+0000] {processor.py:840} INFO - DAG(s) 'example_branch_dop_operator_v3' retrieved from /home/airflow/.local/lib/python3.8/site-packages/airflow/example_dags/example_branch_python_dop_operator_3.py
[2024-02-07T08:47:51.721+0000] {logging_mixin.py:188} INFO - [2024-02-07T08:47:51.721+0000] {dag.py:3033} INFO - Sync 1 DAGs
[2024-02-07T08:47:51.747+0000] {logging_mixin.py:188} INFO - [2024-02-07T08:47:51.747+0000] {dag.py:3820} INFO - Setting next_dagrun for example_branch_dop_operator_v3 to 2024-02-07T08:46:00+00:00, run_after=2024-02-07T08:47:00+00:00
[2024-02-07T08:47:51.766+0000] {processor.py:183} INFO - Processing /home/airflow/.local/lib/python3.8/site-packages/airflow/example_dags/example_branch_python_dop_operator_3.py took 0.083 seconds
[2024-02-07T08:48:22.542+0000] {processor.py:161} INFO - Started process (PID=983) to work on /home/airflow/.local/lib/python3.8/site-packages/airflow/example_dags/example_branch_python_dop_operator_3.py
[2024-02-07T08:48:22.544+0000] {processor.py:830} INFO - Processing file /home/airflow/.local/lib/python3.8/site-packages/airflow/example_dags/example_branch_python_dop_operator_3.py for tasks to queue
[2024-02-07T08:48:22.547+0000] {logging_mixin.py:188} INFO - [2024-02-07T08:48:22.546+0000] {dagbag.py:538} INFO - Filling up the DagBag from /home/airflow/.local/lib/python3.8/site-packages/airflow/example_dags/example_branch_python_dop_operator_3.py
[2024-02-07T08:48:22.557+0000] {processor.py:840} INFO - DAG(s) 'example_branch_dop_operator_v3' retrieved from /home/airflow/.local/lib/python3.8/site-packages/airflow/example_dags/example_branch_python_dop_operator_3.py
[2024-02-07T08:48:22.588+0000] {logging_mixin.py:188} INFO - [2024-02-07T08:48:22.588+0000] {dag.py:3033} INFO - Sync 1 DAGs
[2024-02-07T08:48:22.615+0000] {logging_mixin.py:188} INFO - [2024-02-07T08:48:22.614+0000] {dag.py:3820} INFO - Setting next_dagrun for example_branch_dop_operator_v3 to 2024-02-07T08:47:00+00:00, run_after=2024-02-07T08:48:00+00:00
[2024-02-07T08:48:22.639+0000] {processor.py:183} INFO - Processing /home/airflow/.local/lib/python3.8/site-packages/airflow/example_dags/example_branch_python_dop_operator_3.py took 0.101 seconds
[2024-02-07T08:48:52.781+0000] {processor.py:161} INFO - Started process (PID=1041) to work on /home/airflow/.local/lib/python3.8/site-packages/airflow/example_dags/example_branch_python_dop_operator_3.py
[2024-02-07T08:48:52.783+0000] {processor.py:830} INFO - Processing file /home/airflow/.local/lib/python3.8/site-packages/airflow/example_dags/example_branch_python_dop_operator_3.py for tasks to queue
[2024-02-07T08:48:52.785+0000] {logging_mixin.py:188} INFO - [2024-02-07T08:48:52.785+0000] {dagbag.py:538} INFO - Filling up the DagBag from /home/airflow/.local/lib/python3.8/site-packages/airflow/example_dags/example_branch_python_dop_operator_3.py
[2024-02-07T08:48:52.797+0000] {processor.py:840} INFO - DAG(s) 'example_branch_dop_operator_v3' retrieved from /home/airflow/.local/lib/python3.8/site-packages/airflow/example_dags/example_branch_python_dop_operator_3.py
[2024-02-07T08:48:52.825+0000] {logging_mixin.py:188} INFO - [2024-02-07T08:48:52.824+0000] {dag.py:3033} INFO - Sync 1 DAGs
[2024-02-07T08:48:52.860+0000] {logging_mixin.py:188} INFO - [2024-02-07T08:48:52.860+0000] {dag.py:3820} INFO - Setting next_dagrun for example_branch_dop_operator_v3 to 2024-02-07T08:47:00+00:00, run_after=2024-02-07T08:48:00+00:00
[2024-02-07T08:48:52.887+0000] {processor.py:183} INFO - Processing /home/airflow/.local/lib/python3.8/site-packages/airflow/example_dags/example_branch_python_dop_operator_3.py took 0.111 seconds
[2024-02-07T08:49:23.263+0000] {processor.py:161} INFO - Started process (PID=1096) to work on /home/airflow/.local/lib/python3.8/site-packages/airflow/example_dags/example_branch_python_dop_operator_3.py
[2024-02-07T08:49:23.264+0000] {processor.py:830} INFO - Processing file /home/airflow/.local/lib/python3.8/site-packages/airflow/example_dags/example_branch_python_dop_operator_3.py for tasks to queue
[2024-02-07T08:49:23.267+0000] {logging_mixin.py:188} INFO - [2024-02-07T08:49:23.267+0000] {dagbag.py:538} INFO - Filling up the DagBag from /home/airflow/.local/lib/python3.8/site-packages/airflow/example_dags/example_branch_python_dop_operator_3.py
[2024-02-07T08:49:23.280+0000] {processor.py:840} INFO - DAG(s) 'example_branch_dop_operator_v3' retrieved from /home/airflow/.local/lib/python3.8/site-packages/airflow/example_dags/example_branch_python_dop_operator_3.py
[2024-02-07T08:49:23.302+0000] {logging_mixin.py:188} INFO - [2024-02-07T08:49:23.302+0000] {dag.py:3033} INFO - Sync 1 DAGs
[2024-02-07T08:49:23.332+0000] {logging_mixin.py:188} INFO - [2024-02-07T08:49:23.332+0000] {dag.py:3820} INFO - Setting next_dagrun for example_branch_dop_operator_v3 to 2024-02-07T08:48:00+00:00, run_after=2024-02-07T08:49:00+00:00
[2024-02-07T08:49:23.358+0000] {processor.py:183} INFO - Processing /home/airflow/.local/lib/python3.8/site-packages/airflow/example_dags/example_branch_python_dop_operator_3.py took 0.099 seconds
[2024-02-07T08:49:53.640+0000] {processor.py:161} INFO - Started process (PID=1153) to work on /home/airflow/.local/lib/python3.8/site-packages/airflow/example_dags/example_branch_python_dop_operator_3.py
[2024-02-07T08:49:53.641+0000] {processor.py:830} INFO - Processing file /home/airflow/.local/lib/python3.8/site-packages/airflow/example_dags/example_branch_python_dop_operator_3.py for tasks to queue
[2024-02-07T08:49:53.644+0000] {logging_mixin.py:188} INFO - [2024-02-07T08:49:53.643+0000] {dagbag.py:538} INFO - Filling up the DagBag from /home/airflow/.local/lib/python3.8/site-packages/airflow/example_dags/example_branch_python_dop_operator_3.py
[2024-02-07T08:49:53.656+0000] {processor.py:840} INFO - DAG(s) 'example_branch_dop_operator_v3' retrieved from /home/airflow/.local/lib/python3.8/site-packages/airflow/example_dags/example_branch_python_dop_operator_3.py
[2024-02-07T08:49:53.678+0000] {logging_mixin.py:188} INFO - [2024-02-07T08:49:53.678+0000] {dag.py:3033} INFO - Sync 1 DAGs
[2024-02-07T08:49:53.705+0000] {logging_mixin.py:188} INFO - [2024-02-07T08:49:53.705+0000] {dag.py:3820} INFO - Setting next_dagrun for example_branch_dop_operator_v3 to 2024-02-07T08:48:00+00:00, run_after=2024-02-07T08:49:00+00:00
[2024-02-07T08:49:53.727+0000] {processor.py:183} INFO - Processing /home/airflow/.local/lib/python3.8/site-packages/airflow/example_dags/example_branch_python_dop_operator_3.py took 0.092 seconds
[2024-02-07T08:50:24.439+0000] {processor.py:161} INFO - Started process (PID=1210) to work on /home/airflow/.local/lib/python3.8/site-packages/airflow/example_dags/example_branch_python_dop_operator_3.py
[2024-02-07T08:50:24.440+0000] {processor.py:830} INFO - Processing file /home/airflow/.local/lib/python3.8/site-packages/airflow/example_dags/example_branch_python_dop_operator_3.py for tasks to queue
[2024-02-07T08:50:24.443+0000] {logging_mixin.py:188} INFO - [2024-02-07T08:50:24.442+0000] {dagbag.py:538} INFO - Filling up the DagBag from /home/airflow/.local/lib/python3.8/site-packages/airflow/example_dags/example_branch_python_dop_operator_3.py
[2024-02-07T08:50:24.455+0000] {processor.py:840} INFO - DAG(s) 'example_branch_dop_operator_v3' retrieved from /home/airflow/.local/lib/python3.8/site-packages/airflow/example_dags/example_branch_python_dop_operator_3.py
[2024-02-07T08:50:24.476+0000] {logging_mixin.py:188} INFO - [2024-02-07T08:50:24.476+0000] {dag.py:3033} INFO - Sync 1 DAGs
[2024-02-07T08:50:24.504+0000] {logging_mixin.py:188} INFO - [2024-02-07T08:50:24.504+0000] {dag.py:3820} INFO - Setting next_dagrun for example_branch_dop_operator_v3 to 2024-02-07T08:49:00+00:00, run_after=2024-02-07T08:50:00+00:00
[2024-02-07T08:50:24.525+0000] {processor.py:183} INFO - Processing /home/airflow/.local/lib/python3.8/site-packages/airflow/example_dags/example_branch_python_dop_operator_3.py took 0.090 seconds
[2024-02-07T08:50:54.613+0000] {processor.py:161} INFO - Started process (PID=1267) to work on /home/airflow/.local/lib/python3.8/site-packages/airflow/example_dags/example_branch_python_dop_operator_3.py
[2024-02-07T08:50:54.614+0000] {processor.py:830} INFO - Processing file /home/airflow/.local/lib/python3.8/site-packages/airflow/example_dags/example_branch_python_dop_operator_3.py for tasks to queue
[2024-02-07T08:50:54.618+0000] {logging_mixin.py:188} INFO - [2024-02-07T08:50:54.617+0000] {dagbag.py:538} INFO - Filling up the DagBag from /home/airflow/.local/lib/python3.8/site-packages/airflow/example_dags/example_branch_python_dop_operator_3.py
[2024-02-07T08:50:54.627+0000] {processor.py:840} INFO - DAG(s) 'example_branch_dop_operator_v3' retrieved from /home/airflow/.local/lib/python3.8/site-packages/airflow/example_dags/example_branch_python_dop_operator_3.py
[2024-02-07T08:50:54.650+0000] {logging_mixin.py:188} INFO - [2024-02-07T08:50:54.649+0000] {dag.py:3033} INFO - Sync 1 DAGs
[2024-02-07T08:50:54.676+0000] {logging_mixin.py:188} INFO - [2024-02-07T08:50:54.676+0000] {dag.py:3820} INFO - Setting next_dagrun for example_branch_dop_operator_v3 to 2024-02-07T08:49:00+00:00, run_after=2024-02-07T08:50:00+00:00
[2024-02-07T08:50:54.699+0000] {processor.py:183} INFO - Processing /home/airflow/.local/lib/python3.8/site-packages/airflow/example_dags/example_branch_python_dop_operator_3.py took 0.089 seconds
[2024-02-07T08:51:25.204+0000] {processor.py:161} INFO - Started process (PID=1325) to work on /home/airflow/.local/lib/python3.8/site-packages/airflow/example_dags/example_branch_python_dop_operator_3.py
[2024-02-07T08:51:25.206+0000] {processor.py:830} INFO - Processing file /home/airflow/.local/lib/python3.8/site-packages/airflow/example_dags/example_branch_python_dop_operator_3.py for tasks to queue
[2024-02-07T08:51:25.208+0000] {logging_mixin.py:188} INFO - [2024-02-07T08:51:25.208+0000] {dagbag.py:538} INFO - Filling up the DagBag from /home/airflow/.local/lib/python3.8/site-packages/airflow/example_dags/example_branch_python_dop_operator_3.py
[2024-02-07T08:51:25.218+0000] {processor.py:840} INFO - DAG(s) 'example_branch_dop_operator_v3' retrieved from /home/airflow/.local/lib/python3.8/site-packages/airflow/example_dags/example_branch_python_dop_operator_3.py
[2024-02-07T08:51:25.240+0000] {logging_mixin.py:188} INFO - [2024-02-07T08:51:25.240+0000] {dag.py:3033} INFO - Sync 1 DAGs
[2024-02-07T08:51:25.268+0000] {logging_mixin.py:188} INFO - [2024-02-07T08:51:25.268+0000] {dag.py:3820} INFO - Setting next_dagrun for example_branch_dop_operator_v3 to 2024-02-07T08:50:00+00:00, run_after=2024-02-07T08:51:00+00:00
[2024-02-07T08:51:25.290+0000] {processor.py:183} INFO - Processing /home/airflow/.local/lib/python3.8/site-packages/airflow/example_dags/example_branch_python_dop_operator_3.py took 0.089 seconds
[2024-02-07T08:51:55.610+0000] {processor.py:161} INFO - Started process (PID=1382) to work on /home/airflow/.local/lib/python3.8/site-packages/airflow/example_dags/example_branch_python_dop_operator_3.py
[2024-02-07T08:51:55.612+0000] {processor.py:830} INFO - Processing file /home/airflow/.local/lib/python3.8/site-packages/airflow/example_dags/example_branch_python_dop_operator_3.py for tasks to queue
[2024-02-07T08:51:55.615+0000] {logging_mixin.py:188} INFO - [2024-02-07T08:51:55.615+0000] {dagbag.py:538} INFO - Filling up the DagBag from /home/airflow/.local/lib/python3.8/site-packages/airflow/example_dags/example_branch_python_dop_operator_3.py
[2024-02-07T08:51:55.627+0000] {processor.py:840} INFO - DAG(s) 'example_branch_dop_operator_v3' retrieved from /home/airflow/.local/lib/python3.8/site-packages/airflow/example_dags/example_branch_python_dop_operator_3.py
[2024-02-07T08:51:55.650+0000] {logging_mixin.py:188} INFO - [2024-02-07T08:51:55.650+0000] {dag.py:3033} INFO - Sync 1 DAGs
[2024-02-07T08:51:55.680+0000] {logging_mixin.py:188} INFO - [2024-02-07T08:51:55.680+0000] {dag.py:3820} INFO - Setting next_dagrun for example_branch_dop_operator_v3 to 2024-02-07T08:50:00+00:00, run_after=2024-02-07T08:51:00+00:00
[2024-02-07T08:51:55.701+0000] {processor.py:183} INFO - Processing /home/airflow/.local/lib/python3.8/site-packages/airflow/example_dags/example_branch_python_dop_operator_3.py took 0.094 seconds
[2024-02-07T08:52:26.287+0000] {processor.py:161} INFO - Started process (PID=1439) to work on /home/airflow/.local/lib/python3.8/site-packages/airflow/example_dags/example_branch_python_dop_operator_3.py
[2024-02-07T08:52:26.288+0000] {processor.py:830} INFO - Processing file /home/airflow/.local/lib/python3.8/site-packages/airflow/example_dags/example_branch_python_dop_operator_3.py for tasks to queue
[2024-02-07T08:52:26.291+0000] {logging_mixin.py:188} INFO - [2024-02-07T08:52:26.290+0000] {dagbag.py:538} INFO - Filling up the DagBag from /home/airflow/.local/lib/python3.8/site-packages/airflow/example_dags/example_branch_python_dop_operator_3.py
[2024-02-07T08:52:26.299+0000] {processor.py:840} INFO - DAG(s) 'example_branch_dop_operator_v3' retrieved from /home/airflow/.local/lib/python3.8/site-packages/airflow/example_dags/example_branch_python_dop_operator_3.py
[2024-02-07T08:52:26.322+0000] {logging_mixin.py:188} INFO - [2024-02-07T08:52:26.322+0000] {dag.py:3033} INFO - Sync 1 DAGs
[2024-02-07T08:52:26.347+0000] {logging_mixin.py:188} INFO - [2024-02-07T08:52:26.347+0000] {dag.py:3820} INFO - Setting next_dagrun for example_branch_dop_operator_v3 to 2024-02-07T08:51:00+00:00, run_after=2024-02-07T08:52:00+00:00
[2024-02-07T08:52:26.376+0000] {processor.py:183} INFO - Processing /home/airflow/.local/lib/python3.8/site-packages/airflow/example_dags/example_branch_python_dop_operator_3.py took 0.092 seconds
[2024-02-07T08:52:56.660+0000] {processor.py:161} INFO - Started process (PID=1496) to work on /home/airflow/.local/lib/python3.8/site-packages/airflow/example_dags/example_branch_python_dop_operator_3.py
[2024-02-07T08:52:56.661+0000] {processor.py:830} INFO - Processing file /home/airflow/.local/lib/python3.8/site-packages/airflow/example_dags/example_branch_python_dop_operator_3.py for tasks to queue
[2024-02-07T08:52:56.664+0000] {logging_mixin.py:188} INFO - [2024-02-07T08:52:56.663+0000] {dagbag.py:538} INFO - Filling up the DagBag from /home/airflow/.local/lib/python3.8/site-packages/airflow/example_dags/example_branch_python_dop_operator_3.py
[2024-02-07T08:52:56.674+0000] {processor.py:840} INFO - DAG(s) 'example_branch_dop_operator_v3' retrieved from /home/airflow/.local/lib/python3.8/site-packages/airflow/example_dags/example_branch_python_dop_operator_3.py
[2024-02-07T08:52:56.694+0000] {logging_mixin.py:188} INFO - [2024-02-07T08:52:56.693+0000] {dag.py:3033} INFO - Sync 1 DAGs
[2024-02-07T08:52:56.717+0000] {logging_mixin.py:188} INFO - [2024-02-07T08:52:56.717+0000] {dag.py:3820} INFO - Setting next_dagrun for example_branch_dop_operator_v3 to 2024-02-07T08:51:00+00:00, run_after=2024-02-07T08:52:00+00:00
[2024-02-07T08:52:56.742+0000] {processor.py:183} INFO - Processing /home/airflow/.local/lib/python3.8/site-packages/airflow/example_dags/example_branch_python_dop_operator_3.py took 0.085 seconds
[2024-02-07T08:53:27.277+0000] {processor.py:161} INFO - Started process (PID=1553) to work on /home/airflow/.local/lib/python3.8/site-packages/airflow/example_dags/example_branch_python_dop_operator_3.py
[2024-02-07T08:53:27.278+0000] {processor.py:830} INFO - Processing file /home/airflow/.local/lib/python3.8/site-packages/airflow/example_dags/example_branch_python_dop_operator_3.py for tasks to queue
[2024-02-07T08:53:27.281+0000] {logging_mixin.py:188} INFO - [2024-02-07T08:53:27.281+0000] {dagbag.py:538} INFO - Filling up the DagBag from /home/airflow/.local/lib/python3.8/site-packages/airflow/example_dags/example_branch_python_dop_operator_3.py
[2024-02-07T08:53:27.291+0000] {processor.py:840} INFO - DAG(s) 'example_branch_dop_operator_v3' retrieved from /home/airflow/.local/lib/python3.8/site-packages/airflow/example_dags/example_branch_python_dop_operator_3.py
[2024-02-07T08:53:27.312+0000] {logging_mixin.py:188} INFO - [2024-02-07T08:53:27.312+0000] {dag.py:3033} INFO - Sync 1 DAGs
[2024-02-07T08:53:27.341+0000] {logging_mixin.py:188} INFO - [2024-02-07T08:53:27.341+0000] {dag.py:3820} INFO - Setting next_dagrun for example_branch_dop_operator_v3 to 2024-02-07T08:52:00+00:00, run_after=2024-02-07T08:53:00+00:00
[2024-02-07T08:53:27.366+0000] {processor.py:183} INFO - Processing /home/airflow/.local/lib/python3.8/site-packages/airflow/example_dags/example_branch_python_dop_operator_3.py took 0.092 seconds
[2024-02-07T08:53:58.296+0000] {processor.py:161} INFO - Started process (PID=1616) to work on /home/airflow/.local/lib/python3.8/site-packages/airflow/example_dags/example_branch_python_dop_operator_3.py
[2024-02-07T08:53:58.298+0000] {processor.py:830} INFO - Processing file /home/airflow/.local/lib/python3.8/site-packages/airflow/example_dags/example_branch_python_dop_operator_3.py for tasks to queue
[2024-02-07T08:53:58.301+0000] {logging_mixin.py:188} INFO - [2024-02-07T08:53:58.301+0000] {dagbag.py:538} INFO - Filling up the DagBag from /home/airflow/.local/lib/python3.8/site-packages/airflow/example_dags/example_branch_python_dop_operator_3.py
[2024-02-07T08:53:58.312+0000] {processor.py:840} INFO - DAG(s) 'example_branch_dop_operator_v3' retrieved from /home/airflow/.local/lib/python3.8/site-packages/airflow/example_dags/example_branch_python_dop_operator_3.py
[2024-02-07T08:53:58.334+0000] {logging_mixin.py:188} INFO - [2024-02-07T08:53:58.334+0000] {dag.py:3033} INFO - Sync 1 DAGs
[2024-02-07T08:53:58.362+0000] {logging_mixin.py:188} INFO - [2024-02-07T08:53:58.362+0000] {dag.py:3820} INFO - Setting next_dagrun for example_branch_dop_operator_v3 to 2024-02-07T08:52:00+00:00, run_after=2024-02-07T08:53:00+00:00
[2024-02-07T08:53:58.382+0000] {processor.py:183} INFO - Processing /home/airflow/.local/lib/python3.8/site-packages/airflow/example_dags/example_branch_python_dop_operator_3.py took 0.091 seconds
[2024-02-07T08:54:28.582+0000] {processor.py:161} INFO - Started process (PID=1673) to work on /home/airflow/.local/lib/python3.8/site-packages/airflow/example_dags/example_branch_python_dop_operator_3.py
[2024-02-07T08:54:28.583+0000] {processor.py:830} INFO - Processing file /home/airflow/.local/lib/python3.8/site-packages/airflow/example_dags/example_branch_python_dop_operator_3.py for tasks to queue
[2024-02-07T08:54:28.586+0000] {logging_mixin.py:188} INFO - [2024-02-07T08:54:28.586+0000] {dagbag.py:538} INFO - Filling up the DagBag from /home/airflow/.local/lib/python3.8/site-packages/airflow/example_dags/example_branch_python_dop_operator_3.py
[2024-02-07T08:54:28.596+0000] {processor.py:840} INFO - DAG(s) 'example_branch_dop_operator_v3' retrieved from /home/airflow/.local/lib/python3.8/site-packages/airflow/example_dags/example_branch_python_dop_operator_3.py
[2024-02-07T08:54:28.622+0000] {logging_mixin.py:188} INFO - [2024-02-07T08:54:28.621+0000] {dag.py:3033} INFO - Sync 1 DAGs
[2024-02-07T08:54:28.648+0000] {logging_mixin.py:188} INFO - [2024-02-07T08:54:28.648+0000] {dag.py:3820} INFO - Setting next_dagrun for example_branch_dop_operator_v3 to 2024-02-07T08:53:00+00:00, run_after=2024-02-07T08:54:00+00:00
[2024-02-07T08:54:28.672+0000] {processor.py:183} INFO - Processing /home/airflow/.local/lib/python3.8/site-packages/airflow/example_dags/example_branch_python_dop_operator_3.py took 0.095 seconds
[2024-02-07T08:55:00.101+0000] {processor.py:161} INFO - Started process (PID=1730) to work on /home/airflow/.local/lib/python3.8/site-packages/airflow/example_dags/example_branch_python_dop_operator_3.py
[2024-02-07T08:55:00.104+0000] {processor.py:830} INFO - Processing file /home/airflow/.local/lib/python3.8/site-packages/airflow/example_dags/example_branch_python_dop_operator_3.py for tasks to queue
[2024-02-07T08:55:00.111+0000] {logging_mixin.py:188} INFO - [2024-02-07T08:55:00.110+0000] {dagbag.py:538} INFO - Filling up the DagBag from /home/airflow/.local/lib/python3.8/site-packages/airflow/example_dags/example_branch_python_dop_operator_3.py
[2024-02-07T08:55:00.136+0000] {processor.py:840} INFO - DAG(s) 'example_branch_dop_operator_v3' retrieved from /home/airflow/.local/lib/python3.8/site-packages/airflow/example_dags/example_branch_python_dop_operator_3.py
[2024-02-07T08:55:00.183+0000] {logging_mixin.py:188} INFO - [2024-02-07T08:55:00.183+0000] {dag.py:3033} INFO - Sync 1 DAGs
[2024-02-07T08:55:00.255+0000] {logging_mixin.py:188} INFO - [2024-02-07T08:55:00.254+0000] {dag.py:3820} INFO - Setting next_dagrun for example_branch_dop_operator_v3 to 2024-02-07T08:54:00+00:00, run_after=2024-02-07T08:55:00+00:00
[2024-02-07T08:55:00.310+0000] {processor.py:183} INFO - Processing /home/airflow/.local/lib/python3.8/site-packages/airflow/example_dags/example_branch_python_dop_operator_3.py took 0.219 seconds
[2024-02-07T08:55:30.995+0000] {processor.py:161} INFO - Started process (PID=1787) to work on /home/airflow/.local/lib/python3.8/site-packages/airflow/example_dags/example_branch_python_dop_operator_3.py
[2024-02-07T08:55:30.999+0000] {processor.py:830} INFO - Processing file /home/airflow/.local/lib/python3.8/site-packages/airflow/example_dags/example_branch_python_dop_operator_3.py for tasks to queue
[2024-02-07T08:55:31.007+0000] {logging_mixin.py:188} INFO - [2024-02-07T08:55:31.006+0000] {dagbag.py:538} INFO - Filling up the DagBag from /home/airflow/.local/lib/python3.8/site-packages/airflow/example_dags/example_branch_python_dop_operator_3.py
[2024-02-07T08:55:31.027+0000] {processor.py:840} INFO - DAG(s) 'example_branch_dop_operator_v3' retrieved from /home/airflow/.local/lib/python3.8/site-packages/airflow/example_dags/example_branch_python_dop_operator_3.py
[2024-02-07T08:55:31.072+0000] {logging_mixin.py:188} INFO - [2024-02-07T08:55:31.072+0000] {dag.py:3033} INFO - Sync 1 DAGs
[2024-02-07T08:55:31.134+0000] {logging_mixin.py:188} INFO - [2024-02-07T08:55:31.134+0000] {dag.py:3820} INFO - Setting next_dagrun for example_branch_dop_operator_v3 to 2024-02-07T08:54:00+00:00, run_after=2024-02-07T08:55:00+00:00
[2024-02-07T08:55:31.180+0000] {processor.py:183} INFO - Processing /home/airflow/.local/lib/python3.8/site-packages/airflow/example_dags/example_branch_python_dop_operator_3.py took 0.200 seconds
[2024-02-07T08:56:08.921+0000] {processor.py:161} INFO - Started process (PID=1845) to work on /home/airflow/.local/lib/python3.8/site-packages/airflow/example_dags/example_branch_python_dop_operator_3.py
[2024-02-07T08:56:08.924+0000] {processor.py:830} INFO - Processing file /home/airflow/.local/lib/python3.8/site-packages/airflow/example_dags/example_branch_python_dop_operator_3.py for tasks to queue
[2024-02-07T08:56:08.939+0000] {logging_mixin.py:188} INFO - [2024-02-07T08:56:08.938+0000] {dagbag.py:538} INFO - Filling up the DagBag from /home/airflow/.local/lib/python3.8/site-packages/airflow/example_dags/example_branch_python_dop_operator_3.py
[2024-02-07T08:56:08.974+0000] {processor.py:840} INFO - DAG(s) 'example_branch_dop_operator_v3' retrieved from /home/airflow/.local/lib/python3.8/site-packages/airflow/example_dags/example_branch_python_dop_operator_3.py
[2024-02-07T08:56:09.058+0000] {logging_mixin.py:188} INFO - [2024-02-07T08:56:09.057+0000] {dag.py:3033} INFO - Sync 1 DAGs
[2024-02-07T08:56:09.260+0000] {logging_mixin.py:188} INFO - [2024-02-07T08:56:09.259+0000] {dag.py:3820} INFO - Setting next_dagrun for example_branch_dop_operator_v3 to 2024-02-07T08:55:00+00:00, run_after=2024-02-07T08:56:00+00:00
[2024-02-07T08:56:09.438+0000] {processor.py:183} INFO - Processing /home/airflow/.local/lib/python3.8/site-packages/airflow/example_dags/example_branch_python_dop_operator_3.py took 0.533 seconds
[2024-02-07T08:56:40.318+0000] {processor.py:161} INFO - Started process (PID=1902) to work on /home/airflow/.local/lib/python3.8/site-packages/airflow/example_dags/example_branch_python_dop_operator_3.py
[2024-02-07T08:56:40.321+0000] {processor.py:830} INFO - Processing file /home/airflow/.local/lib/python3.8/site-packages/airflow/example_dags/example_branch_python_dop_operator_3.py for tasks to queue
[2024-02-07T08:56:40.328+0000] {logging_mixin.py:188} INFO - [2024-02-07T08:56:40.327+0000] {dagbag.py:538} INFO - Filling up the DagBag from /home/airflow/.local/lib/python3.8/site-packages/airflow/example_dags/example_branch_python_dop_operator_3.py
[2024-02-07T08:56:40.359+0000] {processor.py:840} INFO - DAG(s) 'example_branch_dop_operator_v3' retrieved from /home/airflow/.local/lib/python3.8/site-packages/airflow/example_dags/example_branch_python_dop_operator_3.py
[2024-02-07T08:56:40.414+0000] {logging_mixin.py:188} INFO - [2024-02-07T08:56:40.414+0000] {dag.py:3033} INFO - Sync 1 DAGs
[2024-02-07T08:56:40.498+0000] {logging_mixin.py:188} INFO - [2024-02-07T08:56:40.497+0000] {dag.py:3820} INFO - Setting next_dagrun for example_branch_dop_operator_v3 to 2024-02-07T08:55:00+00:00, run_after=2024-02-07T08:56:00+00:00
[2024-02-07T08:56:40.561+0000] {processor.py:183} INFO - Processing /home/airflow/.local/lib/python3.8/site-packages/airflow/example_dags/example_branch_python_dop_operator_3.py took 0.255 seconds
[2024-02-07T08:57:11.293+0000] {processor.py:161} INFO - Started process (PID=1959) to work on /home/airflow/.local/lib/python3.8/site-packages/airflow/example_dags/example_branch_python_dop_operator_3.py
[2024-02-07T08:57:11.295+0000] {processor.py:830} INFO - Processing file /home/airflow/.local/lib/python3.8/site-packages/airflow/example_dags/example_branch_python_dop_operator_3.py for tasks to queue
[2024-02-07T08:57:11.300+0000] {logging_mixin.py:188} INFO - [2024-02-07T08:57:11.300+0000] {dagbag.py:538} INFO - Filling up the DagBag from /home/airflow/.local/lib/python3.8/site-packages/airflow/example_dags/example_branch_python_dop_operator_3.py
[2024-02-07T08:57:11.318+0000] {processor.py:840} INFO - DAG(s) 'example_branch_dop_operator_v3' retrieved from /home/airflow/.local/lib/python3.8/site-packages/airflow/example_dags/example_branch_python_dop_operator_3.py
[2024-02-07T08:57:11.356+0000] {logging_mixin.py:188} INFO - [2024-02-07T08:57:11.355+0000] {dag.py:3033} INFO - Sync 1 DAGs
[2024-02-07T08:57:11.399+0000] {logging_mixin.py:188} INFO - [2024-02-07T08:57:11.398+0000] {dag.py:3820} INFO - Setting next_dagrun for example_branch_dop_operator_v3 to 2024-02-07T08:56:00+00:00, run_after=2024-02-07T08:57:00+00:00
[2024-02-07T08:57:11.450+0000] {processor.py:183} INFO - Processing /home/airflow/.local/lib/python3.8/site-packages/airflow/example_dags/example_branch_python_dop_operator_3.py took 0.168 seconds
[2024-02-07T08:57:41.648+0000] {processor.py:161} INFO - Started process (PID=2017) to work on /home/airflow/.local/lib/python3.8/site-packages/airflow/example_dags/example_branch_python_dop_operator_3.py
[2024-02-07T08:57:41.650+0000] {processor.py:830} INFO - Processing file /home/airflow/.local/lib/python3.8/site-packages/airflow/example_dags/example_branch_python_dop_operator_3.py for tasks to queue
[2024-02-07T08:57:41.655+0000] {logging_mixin.py:188} INFO - [2024-02-07T08:57:41.654+0000] {dagbag.py:538} INFO - Filling up the DagBag from /home/airflow/.local/lib/python3.8/site-packages/airflow/example_dags/example_branch_python_dop_operator_3.py
[2024-02-07T08:57:41.668+0000] {processor.py:840} INFO - DAG(s) 'example_branch_dop_operator_v3' retrieved from /home/airflow/.local/lib/python3.8/site-packages/airflow/example_dags/example_branch_python_dop_operator_3.py
[2024-02-07T08:57:41.705+0000] {logging_mixin.py:188} INFO - [2024-02-07T08:57:41.704+0000] {dag.py:3033} INFO - Sync 1 DAGs
[2024-02-07T08:57:41.746+0000] {logging_mixin.py:188} INFO - [2024-02-07T08:57:41.746+0000] {dag.py:3820} INFO - Setting next_dagrun for example_branch_dop_operator_v3 to 2024-02-07T08:56:00+00:00, run_after=2024-02-07T08:57:00+00:00
[2024-02-07T08:57:41.788+0000] {processor.py:183} INFO - Processing /home/airflow/.local/lib/python3.8/site-packages/airflow/example_dags/example_branch_python_dop_operator_3.py took 0.147 seconds
[2024-02-07T08:58:12.549+0000] {processor.py:161} INFO - Started process (PID=2075) to work on /home/airflow/.local/lib/python3.8/site-packages/airflow/example_dags/example_branch_python_dop_operator_3.py
[2024-02-07T08:58:12.551+0000] {processor.py:830} INFO - Processing file /home/airflow/.local/lib/python3.8/site-packages/airflow/example_dags/example_branch_python_dop_operator_3.py for tasks to queue
[2024-02-07T08:58:12.555+0000] {logging_mixin.py:188} INFO - [2024-02-07T08:58:12.555+0000] {dagbag.py:538} INFO - Filling up the DagBag from /home/airflow/.local/lib/python3.8/site-packages/airflow/example_dags/example_branch_python_dop_operator_3.py
[2024-02-07T08:58:12.573+0000] {processor.py:840} INFO - DAG(s) 'example_branch_dop_operator_v3' retrieved from /home/airflow/.local/lib/python3.8/site-packages/airflow/example_dags/example_branch_python_dop_operator_3.py
[2024-02-07T08:58:12.797+0000] {logging_mixin.py:188} INFO - [2024-02-07T08:58:12.797+0000] {dag.py:3033} INFO - Sync 1 DAGs
[2024-02-07T08:58:12.876+0000] {logging_mixin.py:188} INFO - [2024-02-07T08:58:12.876+0000] {dag.py:3820} INFO - Setting next_dagrun for example_branch_dop_operator_v3 to 2024-02-07T08:57:00+00:00, run_after=2024-02-07T08:58:00+00:00
[2024-02-07T08:58:12.954+0000] {processor.py:183} INFO - Processing /home/airflow/.local/lib/python3.8/site-packages/airflow/example_dags/example_branch_python_dop_operator_3.py took 0.412 seconds
[2024-02-07T08:58:43.427+0000] {processor.py:161} INFO - Started process (PID=2131) to work on /home/airflow/.local/lib/python3.8/site-packages/airflow/example_dags/example_branch_python_dop_operator_3.py
[2024-02-07T08:58:43.429+0000] {processor.py:830} INFO - Processing file /home/airflow/.local/lib/python3.8/site-packages/airflow/example_dags/example_branch_python_dop_operator_3.py for tasks to queue
[2024-02-07T08:58:43.436+0000] {logging_mixin.py:188} INFO - [2024-02-07T08:58:43.435+0000] {dagbag.py:538} INFO - Filling up the DagBag from /home/airflow/.local/lib/python3.8/site-packages/airflow/example_dags/example_branch_python_dop_operator_3.py
[2024-02-07T08:58:43.467+0000] {processor.py:840} INFO - DAG(s) 'example_branch_dop_operator_v3' retrieved from /home/airflow/.local/lib/python3.8/site-packages/airflow/example_dags/example_branch_python_dop_operator_3.py
[2024-02-07T08:58:43.738+0000] {logging_mixin.py:188} INFO - [2024-02-07T08:58:43.738+0000] {dag.py:3033} INFO - Sync 1 DAGs
[2024-02-07T08:58:43.795+0000] {logging_mixin.py:188} INFO - [2024-02-07T08:58:43.794+0000] {dag.py:3820} INFO - Setting next_dagrun for example_branch_dop_operator_v3 to 2024-02-07T08:57:00+00:00, run_after=2024-02-07T08:58:00+00:00
[2024-02-07T08:58:43.843+0000] {processor.py:183} INFO - Processing /home/airflow/.local/lib/python3.8/site-packages/airflow/example_dags/example_branch_python_dop_operator_3.py took 0.425 seconds
[2024-02-07T08:59:14.674+0000] {processor.py:161} INFO - Started process (PID=2189) to work on /home/airflow/.local/lib/python3.8/site-packages/airflow/example_dags/example_branch_python_dop_operator_3.py
[2024-02-07T08:59:14.677+0000] {processor.py:830} INFO - Processing file /home/airflow/.local/lib/python3.8/site-packages/airflow/example_dags/example_branch_python_dop_operator_3.py for tasks to queue
[2024-02-07T08:59:14.685+0000] {logging_mixin.py:188} INFO - [2024-02-07T08:59:14.684+0000] {dagbag.py:538} INFO - Filling up the DagBag from /home/airflow/.local/lib/python3.8/site-packages/airflow/example_dags/example_branch_python_dop_operator_3.py
[2024-02-07T08:59:14.711+0000] {processor.py:840} INFO - DAG(s) 'example_branch_dop_operator_v3' retrieved from /home/airflow/.local/lib/python3.8/site-packages/airflow/example_dags/example_branch_python_dop_operator_3.py
[2024-02-07T08:59:14.812+0000] {logging_mixin.py:188} INFO - [2024-02-07T08:59:14.811+0000] {dag.py:3033} INFO - Sync 1 DAGs
[2024-02-07T08:59:14.901+0000] {logging_mixin.py:188} INFO - [2024-02-07T08:59:14.900+0000] {dag.py:3820} INFO - Setting next_dagrun for example_branch_dop_operator_v3 to 2024-02-07T08:58:00+00:00, run_after=2024-02-07T08:59:00+00:00
[2024-02-07T08:59:14.960+0000] {processor.py:183} INFO - Processing /home/airflow/.local/lib/python3.8/site-packages/airflow/example_dags/example_branch_python_dop_operator_3.py took 0.296 seconds
[2024-02-07T08:59:45.668+0000] {processor.py:161} INFO - Started process (PID=2246) to work on /home/airflow/.local/lib/python3.8/site-packages/airflow/example_dags/example_branch_python_dop_operator_3.py
[2024-02-07T08:59:45.669+0000] {processor.py:830} INFO - Processing file /home/airflow/.local/lib/python3.8/site-packages/airflow/example_dags/example_branch_python_dop_operator_3.py for tasks to queue
[2024-02-07T08:59:45.672+0000] {logging_mixin.py:188} INFO - [2024-02-07T08:59:45.672+0000] {dagbag.py:538} INFO - Filling up the DagBag from /home/airflow/.local/lib/python3.8/site-packages/airflow/example_dags/example_branch_python_dop_operator_3.py
[2024-02-07T08:59:45.680+0000] {processor.py:840} INFO - DAG(s) 'example_branch_dop_operator_v3' retrieved from /home/airflow/.local/lib/python3.8/site-packages/airflow/example_dags/example_branch_python_dop_operator_3.py
[2024-02-07T08:59:45.705+0000] {logging_mixin.py:188} INFO - [2024-02-07T08:59:45.705+0000] {dag.py:3033} INFO - Sync 1 DAGs
[2024-02-07T08:59:45.731+0000] {logging_mixin.py:188} INFO - [2024-02-07T08:59:45.731+0000] {dag.py:3820} INFO - Setting next_dagrun for example_branch_dop_operator_v3 to 2024-02-07T08:58:00+00:00, run_after=2024-02-07T08:59:00+00:00
[2024-02-07T08:59:45.761+0000] {processor.py:183} INFO - Processing /home/airflow/.local/lib/python3.8/site-packages/airflow/example_dags/example_branch_python_dop_operator_3.py took 0.097 seconds
[2024-02-07T09:00:16.087+0000] {processor.py:161} INFO - Started process (PID=2303) to work on /home/airflow/.local/lib/python3.8/site-packages/airflow/example_dags/example_branch_python_dop_operator_3.py
[2024-02-07T09:00:16.089+0000] {processor.py:830} INFO - Processing file /home/airflow/.local/lib/python3.8/site-packages/airflow/example_dags/example_branch_python_dop_operator_3.py for tasks to queue
[2024-02-07T09:00:16.092+0000] {logging_mixin.py:188} INFO - [2024-02-07T09:00:16.091+0000] {dagbag.py:538} INFO - Filling up the DagBag from /home/airflow/.local/lib/python3.8/site-packages/airflow/example_dags/example_branch_python_dop_operator_3.py
[2024-02-07T09:00:16.100+0000] {processor.py:840} INFO - DAG(s) 'example_branch_dop_operator_v3' retrieved from /home/airflow/.local/lib/python3.8/site-packages/airflow/example_dags/example_branch_python_dop_operator_3.py
[2024-02-07T09:00:16.124+0000] {logging_mixin.py:188} INFO - [2024-02-07T09:00:16.123+0000] {dag.py:3033} INFO - Sync 1 DAGs
[2024-02-07T09:00:16.146+0000] {logging_mixin.py:188} INFO - [2024-02-07T09:00:16.146+0000] {dag.py:3820} INFO - Setting next_dagrun for example_branch_dop_operator_v3 to 2024-02-07T08:59:00+00:00, run_after=2024-02-07T09:00:00+00:00
[2024-02-07T09:00:16.169+0000] {processor.py:183} INFO - Processing /home/airflow/.local/lib/python3.8/site-packages/airflow/example_dags/example_branch_python_dop_operator_3.py took 0.085 seconds
[2024-02-07T09:00:46.312+0000] {processor.py:161} INFO - Started process (PID=2360) to work on /home/airflow/.local/lib/python3.8/site-packages/airflow/example_dags/example_branch_python_dop_operator_3.py
[2024-02-07T09:00:46.313+0000] {processor.py:830} INFO - Processing file /home/airflow/.local/lib/python3.8/site-packages/airflow/example_dags/example_branch_python_dop_operator_3.py for tasks to queue
[2024-02-07T09:00:46.315+0000] {logging_mixin.py:188} INFO - [2024-02-07T09:00:46.315+0000] {dagbag.py:538} INFO - Filling up the DagBag from /home/airflow/.local/lib/python3.8/site-packages/airflow/example_dags/example_branch_python_dop_operator_3.py
[2024-02-07T09:00:46.326+0000] {processor.py:840} INFO - DAG(s) 'example_branch_dop_operator_v3' retrieved from /home/airflow/.local/lib/python3.8/site-packages/airflow/example_dags/example_branch_python_dop_operator_3.py
[2024-02-07T09:00:46.348+0000] {logging_mixin.py:188} INFO - [2024-02-07T09:00:46.348+0000] {dag.py:3033} INFO - Sync 1 DAGs
[2024-02-07T09:00:46.374+0000] {logging_mixin.py:188} INFO - [2024-02-07T09:00:46.374+0000] {dag.py:3820} INFO - Setting next_dagrun for example_branch_dop_operator_v3 to 2024-02-07T08:59:00+00:00, run_after=2024-02-07T09:00:00+00:00
[2024-02-07T09:00:46.397+0000] {processor.py:183} INFO - Processing /home/airflow/.local/lib/python3.8/site-packages/airflow/example_dags/example_branch_python_dop_operator_3.py took 0.087 seconds
[2024-02-07T09:01:16.533+0000] {processor.py:161} INFO - Started process (PID=2417) to work on /home/airflow/.local/lib/python3.8/site-packages/airflow/example_dags/example_branch_python_dop_operator_3.py
[2024-02-07T09:01:16.534+0000] {processor.py:830} INFO - Processing file /home/airflow/.local/lib/python3.8/site-packages/airflow/example_dags/example_branch_python_dop_operator_3.py for tasks to queue
[2024-02-07T09:01:16.538+0000] {logging_mixin.py:188} INFO - [2024-02-07T09:01:16.537+0000] {dagbag.py:538} INFO - Filling up the DagBag from /home/airflow/.local/lib/python3.8/site-packages/airflow/example_dags/example_branch_python_dop_operator_3.py
[2024-02-07T09:01:16.545+0000] {processor.py:840} INFO - DAG(s) 'example_branch_dop_operator_v3' retrieved from /home/airflow/.local/lib/python3.8/site-packages/airflow/example_dags/example_branch_python_dop_operator_3.py
[2024-02-07T09:01:16.568+0000] {logging_mixin.py:188} INFO - [2024-02-07T09:01:16.568+0000] {dag.py:3033} INFO - Sync 1 DAGs
[2024-02-07T09:01:16.593+0000] {logging_mixin.py:188} INFO - [2024-02-07T09:01:16.593+0000] {dag.py:3820} INFO - Setting next_dagrun for example_branch_dop_operator_v3 to 2024-02-07T09:00:00+00:00, run_after=2024-02-07T09:01:00+00:00
[2024-02-07T09:01:16.623+0000] {processor.py:183} INFO - Processing /home/airflow/.local/lib/python3.8/site-packages/airflow/example_dags/example_branch_python_dop_operator_3.py took 0.094 seconds
[2024-02-07T09:01:47.325+0000] {processor.py:161} INFO - Started process (PID=2474) to work on /home/airflow/.local/lib/python3.8/site-packages/airflow/example_dags/example_branch_python_dop_operator_3.py
[2024-02-07T09:01:47.326+0000] {processor.py:830} INFO - Processing file /home/airflow/.local/lib/python3.8/site-packages/airflow/example_dags/example_branch_python_dop_operator_3.py for tasks to queue
[2024-02-07T09:01:47.329+0000] {logging_mixin.py:188} INFO - [2024-02-07T09:01:47.329+0000] {dagbag.py:538} INFO - Filling up the DagBag from /home/airflow/.local/lib/python3.8/site-packages/airflow/example_dags/example_branch_python_dop_operator_3.py
[2024-02-07T09:01:47.338+0000] {processor.py:840} INFO - DAG(s) 'example_branch_dop_operator_v3' retrieved from /home/airflow/.local/lib/python3.8/site-packages/airflow/example_dags/example_branch_python_dop_operator_3.py
[2024-02-07T09:01:47.361+0000] {logging_mixin.py:188} INFO - [2024-02-07T09:01:47.360+0000] {dag.py:3033} INFO - Sync 1 DAGs
[2024-02-07T09:01:47.383+0000] {logging_mixin.py:188} INFO - [2024-02-07T09:01:47.383+0000] {dag.py:3820} INFO - Setting next_dagrun for example_branch_dop_operator_v3 to 2024-02-07T09:00:00+00:00, run_after=2024-02-07T09:01:00+00:00
[2024-02-07T09:01:47.407+0000] {processor.py:183} INFO - Processing /home/airflow/.local/lib/python3.8/site-packages/airflow/example_dags/example_branch_python_dop_operator_3.py took 0.086 seconds
[2024-02-07T09:02:17.850+0000] {processor.py:161} INFO - Started process (PID=2532) to work on /home/airflow/.local/lib/python3.8/site-packages/airflow/example_dags/example_branch_python_dop_operator_3.py
[2024-02-07T09:02:17.852+0000] {processor.py:830} INFO - Processing file /home/airflow/.local/lib/python3.8/site-packages/airflow/example_dags/example_branch_python_dop_operator_3.py for tasks to queue
[2024-02-07T09:02:17.856+0000] {logging_mixin.py:188} INFO - [2024-02-07T09:02:17.855+0000] {dagbag.py:538} INFO - Filling up the DagBag from /home/airflow/.local/lib/python3.8/site-packages/airflow/example_dags/example_branch_python_dop_operator_3.py
[2024-02-07T09:02:17.865+0000] {processor.py:840} INFO - DAG(s) 'example_branch_dop_operator_v3' retrieved from /home/airflow/.local/lib/python3.8/site-packages/airflow/example_dags/example_branch_python_dop_operator_3.py
[2024-02-07T09:02:17.893+0000] {logging_mixin.py:188} INFO - [2024-02-07T09:02:17.893+0000] {dag.py:3033} INFO - Sync 1 DAGs
[2024-02-07T09:02:17.925+0000] {logging_mixin.py:188} INFO - [2024-02-07T09:02:17.924+0000] {dag.py:3820} INFO - Setting next_dagrun for example_branch_dop_operator_v3 to 2024-02-07T09:01:00+00:00, run_after=2024-02-07T09:02:00+00:00
[2024-02-07T09:02:17.949+0000] {processor.py:183} INFO - Processing /home/airflow/.local/lib/python3.8/site-packages/airflow/example_dags/example_branch_python_dop_operator_3.py took 0.102 seconds
[2024-02-07T09:02:48.367+0000] {processor.py:161} INFO - Started process (PID=2589) to work on /home/airflow/.local/lib/python3.8/site-packages/airflow/example_dags/example_branch_python_dop_operator_3.py
[2024-02-07T09:02:48.368+0000] {processor.py:830} INFO - Processing file /home/airflow/.local/lib/python3.8/site-packages/airflow/example_dags/example_branch_python_dop_operator_3.py for tasks to queue
[2024-02-07T09:02:48.371+0000] {logging_mixin.py:188} INFO - [2024-02-07T09:02:48.370+0000] {dagbag.py:538} INFO - Filling up the DagBag from /home/airflow/.local/lib/python3.8/site-packages/airflow/example_dags/example_branch_python_dop_operator_3.py
[2024-02-07T09:02:48.380+0000] {processor.py:840} INFO - DAG(s) 'example_branch_dop_operator_v3' retrieved from /home/airflow/.local/lib/python3.8/site-packages/airflow/example_dags/example_branch_python_dop_operator_3.py
[2024-02-07T09:02:48.411+0000] {logging_mixin.py:188} INFO - [2024-02-07T09:02:48.410+0000] {dag.py:3033} INFO - Sync 1 DAGs
[2024-02-07T09:02:48.444+0000] {logging_mixin.py:188} INFO - [2024-02-07T09:02:48.444+0000] {dag.py:3820} INFO - Setting next_dagrun for example_branch_dop_operator_v3 to 2024-02-07T09:01:00+00:00, run_after=2024-02-07T09:02:00+00:00
[2024-02-07T09:02:48.468+0000] {processor.py:183} INFO - Processing /home/airflow/.local/lib/python3.8/site-packages/airflow/example_dags/example_branch_python_dop_operator_3.py took 0.104 seconds
[2024-02-07T09:03:19.129+0000] {processor.py:161} INFO - Started process (PID=2646) to work on /home/airflow/.local/lib/python3.8/site-packages/airflow/example_dags/example_branch_python_dop_operator_3.py
[2024-02-07T09:03:19.131+0000] {processor.py:830} INFO - Processing file /home/airflow/.local/lib/python3.8/site-packages/airflow/example_dags/example_branch_python_dop_operator_3.py for tasks to queue
[2024-02-07T09:03:19.133+0000] {logging_mixin.py:188} INFO - [2024-02-07T09:03:19.133+0000] {dagbag.py:538} INFO - Filling up the DagBag from /home/airflow/.local/lib/python3.8/site-packages/airflow/example_dags/example_branch_python_dop_operator_3.py
[2024-02-07T09:03:19.142+0000] {processor.py:840} INFO - DAG(s) 'example_branch_dop_operator_v3' retrieved from /home/airflow/.local/lib/python3.8/site-packages/airflow/example_dags/example_branch_python_dop_operator_3.py
[2024-02-07T09:03:19.181+0000] {logging_mixin.py:188} INFO - [2024-02-07T09:03:19.180+0000] {dag.py:3033} INFO - Sync 1 DAGs
[2024-02-07T09:03:19.206+0000] {logging_mixin.py:188} INFO - [2024-02-07T09:03:19.205+0000] {dag.py:3820} INFO - Setting next_dagrun for example_branch_dop_operator_v3 to 2024-02-07T09:02:00+00:00, run_after=2024-02-07T09:03:00+00:00
[2024-02-07T09:03:19.229+0000] {processor.py:183} INFO - Processing /home/airflow/.local/lib/python3.8/site-packages/airflow/example_dags/example_branch_python_dop_operator_3.py took 0.103 seconds
[2024-02-07T09:03:49.281+0000] {processor.py:161} INFO - Started process (PID=2702) to work on /home/airflow/.local/lib/python3.8/site-packages/airflow/example_dags/example_branch_python_dop_operator_3.py
[2024-02-07T09:03:49.283+0000] {processor.py:830} INFO - Processing file /home/airflow/.local/lib/python3.8/site-packages/airflow/example_dags/example_branch_python_dop_operator_3.py for tasks to queue
[2024-02-07T09:03:49.286+0000] {logging_mixin.py:188} INFO - [2024-02-07T09:03:49.285+0000] {dagbag.py:538} INFO - Filling up the DagBag from /home/airflow/.local/lib/python3.8/site-packages/airflow/example_dags/example_branch_python_dop_operator_3.py
[2024-02-07T09:03:49.297+0000] {processor.py:840} INFO - DAG(s) 'example_branch_dop_operator_v3' retrieved from /home/airflow/.local/lib/python3.8/site-packages/airflow/example_dags/example_branch_python_dop_operator_3.py
[2024-02-07T09:03:49.319+0000] {logging_mixin.py:188} INFO - [2024-02-07T09:03:49.319+0000] {dag.py:3033} INFO - Sync 1 DAGs
[2024-02-07T09:03:49.347+0000] {logging_mixin.py:188} INFO - [2024-02-07T09:03:49.347+0000] {dag.py:3820} INFO - Setting next_dagrun for example_branch_dop_operator_v3 to 2024-02-07T09:02:00+00:00, run_after=2024-02-07T09:03:00+00:00
[2024-02-07T09:03:49.379+0000] {processor.py:183} INFO - Processing /home/airflow/.local/lib/python3.8/site-packages/airflow/example_dags/example_branch_python_dop_operator_3.py took 0.101 seconds
[2024-02-07T09:04:19.832+0000] {processor.py:161} INFO - Started process (PID=2760) to work on /home/airflow/.local/lib/python3.8/site-packages/airflow/example_dags/example_branch_python_dop_operator_3.py
[2024-02-07T09:04:19.834+0000] {processor.py:830} INFO - Processing file /home/airflow/.local/lib/python3.8/site-packages/airflow/example_dags/example_branch_python_dop_operator_3.py for tasks to queue
[2024-02-07T09:04:19.837+0000] {logging_mixin.py:188} INFO - [2024-02-07T09:04:19.837+0000] {dagbag.py:538} INFO - Filling up the DagBag from /home/airflow/.local/lib/python3.8/site-packages/airflow/example_dags/example_branch_python_dop_operator_3.py
[2024-02-07T09:04:19.846+0000] {processor.py:840} INFO - DAG(s) 'example_branch_dop_operator_v3' retrieved from /home/airflow/.local/lib/python3.8/site-packages/airflow/example_dags/example_branch_python_dop_operator_3.py
[2024-02-07T09:04:19.868+0000] {logging_mixin.py:188} INFO - [2024-02-07T09:04:19.868+0000] {dag.py:3033} INFO - Sync 1 DAGs
[2024-02-07T09:04:19.892+0000] {logging_mixin.py:188} INFO - [2024-02-07T09:04:19.892+0000] {dag.py:3820} INFO - Setting next_dagrun for example_branch_dop_operator_v3 to 2024-02-07T09:03:00+00:00, run_after=2024-02-07T09:04:00+00:00
[2024-02-07T09:04:19.915+0000] {processor.py:183} INFO - Processing /home/airflow/.local/lib/python3.8/site-packages/airflow/example_dags/example_branch_python_dop_operator_3.py took 0.085 seconds
[2024-02-07T09:04:50.163+0000] {processor.py:161} INFO - Started process (PID=2817) to work on /home/airflow/.local/lib/python3.8/site-packages/airflow/example_dags/example_branch_python_dop_operator_3.py
[2024-02-07T09:04:50.165+0000] {processor.py:830} INFO - Processing file /home/airflow/.local/lib/python3.8/site-packages/airflow/example_dags/example_branch_python_dop_operator_3.py for tasks to queue
[2024-02-07T09:04:50.168+0000] {logging_mixin.py:188} INFO - [2024-02-07T09:04:50.167+0000] {dagbag.py:538} INFO - Filling up the DagBag from /home/airflow/.local/lib/python3.8/site-packages/airflow/example_dags/example_branch_python_dop_operator_3.py
[2024-02-07T09:04:50.179+0000] {processor.py:840} INFO - DAG(s) 'example_branch_dop_operator_v3' retrieved from /home/airflow/.local/lib/python3.8/site-packages/airflow/example_dags/example_branch_python_dop_operator_3.py
[2024-02-07T09:04:50.202+0000] {logging_mixin.py:188} INFO - [2024-02-07T09:04:50.202+0000] {dag.py:3033} INFO - Sync 1 DAGs
[2024-02-07T09:04:50.227+0000] {logging_mixin.py:188} INFO - [2024-02-07T09:04:50.227+0000] {dag.py:3820} INFO - Setting next_dagrun for example_branch_dop_operator_v3 to 2024-02-07T09:03:00+00:00, run_after=2024-02-07T09:04:00+00:00
[2024-02-07T09:04:50.250+0000] {processor.py:183} INFO - Processing /home/airflow/.local/lib/python3.8/site-packages/airflow/example_dags/example_branch_python_dop_operator_3.py took 0.090 seconds
[2024-02-07T09:05:20.426+0000] {processor.py:161} INFO - Started process (PID=2874) to work on /home/airflow/.local/lib/python3.8/site-packages/airflow/example_dags/example_branch_python_dop_operator_3.py
[2024-02-07T09:05:20.427+0000] {processor.py:830} INFO - Processing file /home/airflow/.local/lib/python3.8/site-packages/airflow/example_dags/example_branch_python_dop_operator_3.py for tasks to queue
[2024-02-07T09:05:20.430+0000] {logging_mixin.py:188} INFO - [2024-02-07T09:05:20.430+0000] {dagbag.py:538} INFO - Filling up the DagBag from /home/airflow/.local/lib/python3.8/site-packages/airflow/example_dags/example_branch_python_dop_operator_3.py
[2024-02-07T09:05:20.439+0000] {processor.py:840} INFO - DAG(s) 'example_branch_dop_operator_v3' retrieved from /home/airflow/.local/lib/python3.8/site-packages/airflow/example_dags/example_branch_python_dop_operator_3.py
[2024-02-07T09:05:20.461+0000] {logging_mixin.py:188} INFO - [2024-02-07T09:05:20.461+0000] {dag.py:3033} INFO - Sync 1 DAGs
[2024-02-07T09:05:20.488+0000] {logging_mixin.py:188} INFO - [2024-02-07T09:05:20.488+0000] {dag.py:3820} INFO - Setting next_dagrun for example_branch_dop_operator_v3 to 2024-02-07T09:04:00+00:00, run_after=2024-02-07T09:05:00+00:00
[2024-02-07T09:05:20.511+0000] {processor.py:183} INFO - Processing /home/airflow/.local/lib/python3.8/site-packages/airflow/example_dags/example_branch_python_dop_operator_3.py took 0.090 seconds
[2024-02-07T09:05:50.977+0000] {processor.py:161} INFO - Started process (PID=2931) to work on /home/airflow/.local/lib/python3.8/site-packages/airflow/example_dags/example_branch_python_dop_operator_3.py
[2024-02-07T09:05:50.978+0000] {processor.py:830} INFO - Processing file /home/airflow/.local/lib/python3.8/site-packages/airflow/example_dags/example_branch_python_dop_operator_3.py for tasks to queue
[2024-02-07T09:05:50.981+0000] {logging_mixin.py:188} INFO - [2024-02-07T09:05:50.980+0000] {dagbag.py:538} INFO - Filling up the DagBag from /home/airflow/.local/lib/python3.8/site-packages/airflow/example_dags/example_branch_python_dop_operator_3.py
[2024-02-07T09:05:50.991+0000] {processor.py:840} INFO - DAG(s) 'example_branch_dop_operator_v3' retrieved from /home/airflow/.local/lib/python3.8/site-packages/airflow/example_dags/example_branch_python_dop_operator_3.py
[2024-02-07T09:05:51.019+0000] {logging_mixin.py:188} INFO - [2024-02-07T09:05:51.019+0000] {dag.py:3033} INFO - Sync 1 DAGs
[2024-02-07T09:05:51.050+0000] {logging_mixin.py:188} INFO - [2024-02-07T09:05:51.050+0000] {dag.py:3820} INFO - Setting next_dagrun for example_branch_dop_operator_v3 to 2024-02-07T09:04:00+00:00, run_after=2024-02-07T09:05:00+00:00
[2024-02-07T09:05:51.077+0000] {processor.py:183} INFO - Processing /home/airflow/.local/lib/python3.8/site-packages/airflow/example_dags/example_branch_python_dop_operator_3.py took 0.104 seconds
[2024-02-07T09:06:21.175+0000] {processor.py:161} INFO - Started process (PID=2988) to work on /home/airflow/.local/lib/python3.8/site-packages/airflow/example_dags/example_branch_python_dop_operator_3.py
[2024-02-07T09:06:21.176+0000] {processor.py:830} INFO - Processing file /home/airflow/.local/lib/python3.8/site-packages/airflow/example_dags/example_branch_python_dop_operator_3.py for tasks to queue
[2024-02-07T09:06:21.179+0000] {logging_mixin.py:188} INFO - [2024-02-07T09:06:21.179+0000] {dagbag.py:538} INFO - Filling up the DagBag from /home/airflow/.local/lib/python3.8/site-packages/airflow/example_dags/example_branch_python_dop_operator_3.py
[2024-02-07T09:06:21.188+0000] {processor.py:840} INFO - DAG(s) 'example_branch_dop_operator_v3' retrieved from /home/airflow/.local/lib/python3.8/site-packages/airflow/example_dags/example_branch_python_dop_operator_3.py
[2024-02-07T09:06:21.211+0000] {logging_mixin.py:188} INFO - [2024-02-07T09:06:21.211+0000] {dag.py:3033} INFO - Sync 1 DAGs
[2024-02-07T09:06:21.249+0000] {logging_mixin.py:188} INFO - [2024-02-07T09:06:21.249+0000] {dag.py:3820} INFO - Setting next_dagrun for example_branch_dop_operator_v3 to 2024-02-07T09:05:00+00:00, run_after=2024-02-07T09:06:00+00:00
[2024-02-07T09:06:21.270+0000] {processor.py:183} INFO - Processing /home/airflow/.local/lib/python3.8/site-packages/airflow/example_dags/example_branch_python_dop_operator_3.py took 0.101 seconds
[2024-02-07T09:06:51.789+0000] {processor.py:161} INFO - Started process (PID=3045) to work on /home/airflow/.local/lib/python3.8/site-packages/airflow/example_dags/example_branch_python_dop_operator_3.py
[2024-02-07T09:06:51.789+0000] {processor.py:830} INFO - Processing file /home/airflow/.local/lib/python3.8/site-packages/airflow/example_dags/example_branch_python_dop_operator_3.py for tasks to queue
[2024-02-07T09:06:51.792+0000] {logging_mixin.py:188} INFO - [2024-02-07T09:06:51.791+0000] {dagbag.py:538} INFO - Filling up the DagBag from /home/airflow/.local/lib/python3.8/site-packages/airflow/example_dags/example_branch_python_dop_operator_3.py
[2024-02-07T09:06:51.800+0000] {processor.py:840} INFO - DAG(s) 'example_branch_dop_operator_v3' retrieved from /home/airflow/.local/lib/python3.8/site-packages/airflow/example_dags/example_branch_python_dop_operator_3.py
[2024-02-07T09:06:51.822+0000] {logging_mixin.py:188} INFO - [2024-02-07T09:06:51.822+0000] {dag.py:3033} INFO - Sync 1 DAGs
[2024-02-07T09:06:51.846+0000] {logging_mixin.py:188} INFO - [2024-02-07T09:06:51.846+0000] {dag.py:3820} INFO - Setting next_dagrun for example_branch_dop_operator_v3 to 2024-02-07T09:05:00+00:00, run_after=2024-02-07T09:06:00+00:00
[2024-02-07T09:06:51.875+0000] {processor.py:183} INFO - Processing /home/airflow/.local/lib/python3.8/site-packages/airflow/example_dags/example_branch_python_dop_operator_3.py took 0.090 seconds
[2024-02-07T09:07:22.243+0000] {processor.py:161} INFO - Started process (PID=3102) to work on /home/airflow/.local/lib/python3.8/site-packages/airflow/example_dags/example_branch_python_dop_operator_3.py
[2024-02-07T09:07:22.245+0000] {processor.py:830} INFO - Processing file /home/airflow/.local/lib/python3.8/site-packages/airflow/example_dags/example_branch_python_dop_operator_3.py for tasks to queue
[2024-02-07T09:07:22.248+0000] {logging_mixin.py:188} INFO - [2024-02-07T09:07:22.247+0000] {dagbag.py:538} INFO - Filling up the DagBag from /home/airflow/.local/lib/python3.8/site-packages/airflow/example_dags/example_branch_python_dop_operator_3.py
[2024-02-07T09:07:22.256+0000] {processor.py:840} INFO - DAG(s) 'example_branch_dop_operator_v3' retrieved from /home/airflow/.local/lib/python3.8/site-packages/airflow/example_dags/example_branch_python_dop_operator_3.py
[2024-02-07T09:07:22.278+0000] {logging_mixin.py:188} INFO - [2024-02-07T09:07:22.278+0000] {dag.py:3033} INFO - Sync 1 DAGs
[2024-02-07T09:07:22.305+0000] {logging_mixin.py:188} INFO - [2024-02-07T09:07:22.304+0000] {dag.py:3820} INFO - Setting next_dagrun for example_branch_dop_operator_v3 to 2024-02-07T09:06:00+00:00, run_after=2024-02-07T09:07:00+00:00
[2024-02-07T09:07:22.326+0000] {processor.py:183} INFO - Processing /home/airflow/.local/lib/python3.8/site-packages/airflow/example_dags/example_branch_python_dop_operator_3.py took 0.086 seconds
[2024-02-07T09:07:52.807+0000] {processor.py:161} INFO - Started process (PID=3159) to work on /home/airflow/.local/lib/python3.8/site-packages/airflow/example_dags/example_branch_python_dop_operator_3.py
[2024-02-07T09:07:52.808+0000] {processor.py:830} INFO - Processing file /home/airflow/.local/lib/python3.8/site-packages/airflow/example_dags/example_branch_python_dop_operator_3.py for tasks to queue
[2024-02-07T09:07:52.811+0000] {logging_mixin.py:188} INFO - [2024-02-07T09:07:52.811+0000] {dagbag.py:538} INFO - Filling up the DagBag from /home/airflow/.local/lib/python3.8/site-packages/airflow/example_dags/example_branch_python_dop_operator_3.py
[2024-02-07T09:07:52.822+0000] {processor.py:840} INFO - DAG(s) 'example_branch_dop_operator_v3' retrieved from /home/airflow/.local/lib/python3.8/site-packages/airflow/example_dags/example_branch_python_dop_operator_3.py
[2024-02-07T09:07:52.847+0000] {logging_mixin.py:188} INFO - [2024-02-07T09:07:52.847+0000] {dag.py:3033} INFO - Sync 1 DAGs
[2024-02-07T09:07:52.880+0000] {logging_mixin.py:188} INFO - [2024-02-07T09:07:52.880+0000] {dag.py:3820} INFO - Setting next_dagrun for example_branch_dop_operator_v3 to 2024-02-07T09:06:00+00:00, run_after=2024-02-07T09:07:00+00:00
[2024-02-07T09:07:52.912+0000] {processor.py:183} INFO - Processing /home/airflow/.local/lib/python3.8/site-packages/airflow/example_dags/example_branch_python_dop_operator_3.py took 0.108 seconds
[2024-02-07T09:08:22.992+0000] {processor.py:161} INFO - Started process (PID=3216) to work on /home/airflow/.local/lib/python3.8/site-packages/airflow/example_dags/example_branch_python_dop_operator_3.py
[2024-02-07T09:08:22.993+0000] {processor.py:830} INFO - Processing file /home/airflow/.local/lib/python3.8/site-packages/airflow/example_dags/example_branch_python_dop_operator_3.py for tasks to queue
[2024-02-07T09:08:22.995+0000] {logging_mixin.py:188} INFO - [2024-02-07T09:08:22.995+0000] {dagbag.py:538} INFO - Filling up the DagBag from /home/airflow/.local/lib/python3.8/site-packages/airflow/example_dags/example_branch_python_dop_operator_3.py
[2024-02-07T09:08:23.003+0000] {processor.py:840} INFO - DAG(s) 'example_branch_dop_operator_v3' retrieved from /home/airflow/.local/lib/python3.8/site-packages/airflow/example_dags/example_branch_python_dop_operator_3.py
[2024-02-07T09:08:23.027+0000] {logging_mixin.py:188} INFO - [2024-02-07T09:08:23.027+0000] {dag.py:3033} INFO - Sync 1 DAGs
[2024-02-07T09:08:23.052+0000] {logging_mixin.py:188} INFO - [2024-02-07T09:08:23.052+0000] {dag.py:3820} INFO - Setting next_dagrun for example_branch_dop_operator_v3 to 2024-02-07T09:07:00+00:00, run_after=2024-02-07T09:08:00+00:00
[2024-02-07T09:08:23.080+0000] {processor.py:183} INFO - Processing /home/airflow/.local/lib/python3.8/site-packages/airflow/example_dags/example_branch_python_dop_operator_3.py took 0.092 seconds
[2024-02-07T09:08:53.483+0000] {processor.py:161} INFO - Started process (PID=3273) to work on /home/airflow/.local/lib/python3.8/site-packages/airflow/example_dags/example_branch_python_dop_operator_3.py
[2024-02-07T09:08:53.485+0000] {processor.py:830} INFO - Processing file /home/airflow/.local/lib/python3.8/site-packages/airflow/example_dags/example_branch_python_dop_operator_3.py for tasks to queue
[2024-02-07T09:08:53.487+0000] {logging_mixin.py:188} INFO - [2024-02-07T09:08:53.487+0000] {dagbag.py:538} INFO - Filling up the DagBag from /home/airflow/.local/lib/python3.8/site-packages/airflow/example_dags/example_branch_python_dop_operator_3.py
[2024-02-07T09:08:53.496+0000] {processor.py:840} INFO - DAG(s) 'example_branch_dop_operator_v3' retrieved from /home/airflow/.local/lib/python3.8/site-packages/airflow/example_dags/example_branch_python_dop_operator_3.py
[2024-02-07T09:08:53.519+0000] {logging_mixin.py:188} INFO - [2024-02-07T09:08:53.519+0000] {dag.py:3033} INFO - Sync 1 DAGs
[2024-02-07T09:08:53.543+0000] {logging_mixin.py:188} INFO - [2024-02-07T09:08:53.543+0000] {dag.py:3820} INFO - Setting next_dagrun for example_branch_dop_operator_v3 to 2024-02-07T09:07:00+00:00, run_after=2024-02-07T09:08:00+00:00
[2024-02-07T09:08:53.566+0000] {processor.py:183} INFO - Processing /home/airflow/.local/lib/python3.8/site-packages/airflow/example_dags/example_branch_python_dop_operator_3.py took 0.087 seconds
[2024-02-07T09:09:23.883+0000] {processor.py:161} INFO - Started process (PID=3330) to work on /home/airflow/.local/lib/python3.8/site-packages/airflow/example_dags/example_branch_python_dop_operator_3.py
[2024-02-07T09:09:23.884+0000] {processor.py:830} INFO - Processing file /home/airflow/.local/lib/python3.8/site-packages/airflow/example_dags/example_branch_python_dop_operator_3.py for tasks to queue
[2024-02-07T09:09:23.889+0000] {logging_mixin.py:188} INFO - [2024-02-07T09:09:23.888+0000] {dagbag.py:538} INFO - Filling up the DagBag from /home/airflow/.local/lib/python3.8/site-packages/airflow/example_dags/example_branch_python_dop_operator_3.py
[2024-02-07T09:09:23.901+0000] {processor.py:840} INFO - DAG(s) 'example_branch_dop_operator_v3' retrieved from /home/airflow/.local/lib/python3.8/site-packages/airflow/example_dags/example_branch_python_dop_operator_3.py
[2024-02-07T09:09:23.926+0000] {logging_mixin.py:188} INFO - [2024-02-07T09:09:23.925+0000] {dag.py:3033} INFO - Sync 1 DAGs
[2024-02-07T09:09:23.956+0000] {logging_mixin.py:188} INFO - [2024-02-07T09:09:23.956+0000] {dag.py:3820} INFO - Setting next_dagrun for example_branch_dop_operator_v3 to 2024-02-07T09:08:00+00:00, run_after=2024-02-07T09:09:00+00:00
[2024-02-07T09:09:23.980+0000] {processor.py:183} INFO - Processing /home/airflow/.local/lib/python3.8/site-packages/airflow/example_dags/example_branch_python_dop_operator_3.py took 0.100 seconds
[2024-02-07T09:09:54.477+0000] {processor.py:161} INFO - Started process (PID=3387) to work on /home/airflow/.local/lib/python3.8/site-packages/airflow/example_dags/example_branch_python_dop_operator_3.py
[2024-02-07T09:09:54.478+0000] {processor.py:830} INFO - Processing file /home/airflow/.local/lib/python3.8/site-packages/airflow/example_dags/example_branch_python_dop_operator_3.py for tasks to queue
[2024-02-07T09:09:54.482+0000] {logging_mixin.py:188} INFO - [2024-02-07T09:09:54.481+0000] {dagbag.py:538} INFO - Filling up the DagBag from /home/airflow/.local/lib/python3.8/site-packages/airflow/example_dags/example_branch_python_dop_operator_3.py
[2024-02-07T09:09:54.491+0000] {processor.py:840} INFO - DAG(s) 'example_branch_dop_operator_v3' retrieved from /home/airflow/.local/lib/python3.8/site-packages/airflow/example_dags/example_branch_python_dop_operator_3.py
[2024-02-07T09:09:54.518+0000] {logging_mixin.py:188} INFO - [2024-02-07T09:09:54.517+0000] {dag.py:3033} INFO - Sync 1 DAGs
[2024-02-07T09:09:54.549+0000] {logging_mixin.py:188} INFO - [2024-02-07T09:09:54.549+0000] {dag.py:3820} INFO - Setting next_dagrun for example_branch_dop_operator_v3 to 2024-02-07T09:08:00+00:00, run_after=2024-02-07T09:09:00+00:00
[2024-02-07T09:09:54.572+0000] {processor.py:183} INFO - Processing /home/airflow/.local/lib/python3.8/site-packages/airflow/example_dags/example_branch_python_dop_operator_3.py took 0.098 seconds
[2024-02-07T09:10:24.683+0000] {processor.py:161} INFO - Started process (PID=3444) to work on /home/airflow/.local/lib/python3.8/site-packages/airflow/example_dags/example_branch_python_dop_operator_3.py
[2024-02-07T09:10:24.684+0000] {processor.py:830} INFO - Processing file /home/airflow/.local/lib/python3.8/site-packages/airflow/example_dags/example_branch_python_dop_operator_3.py for tasks to queue
[2024-02-07T09:10:24.686+0000] {logging_mixin.py:188} INFO - [2024-02-07T09:10:24.686+0000] {dagbag.py:538} INFO - Filling up the DagBag from /home/airflow/.local/lib/python3.8/site-packages/airflow/example_dags/example_branch_python_dop_operator_3.py
[2024-02-07T09:10:24.695+0000] {processor.py:840} INFO - DAG(s) 'example_branch_dop_operator_v3' retrieved from /home/airflow/.local/lib/python3.8/site-packages/airflow/example_dags/example_branch_python_dop_operator_3.py
[2024-02-07T09:10:24.718+0000] {logging_mixin.py:188} INFO - [2024-02-07T09:10:24.717+0000] {dag.py:3033} INFO - Sync 1 DAGs
[2024-02-07T09:10:24.742+0000] {logging_mixin.py:188} INFO - [2024-02-07T09:10:24.742+0000] {dag.py:3820} INFO - Setting next_dagrun for example_branch_dop_operator_v3 to 2024-02-07T09:09:00+00:00, run_after=2024-02-07T09:10:00+00:00
[2024-02-07T09:10:24.770+0000] {processor.py:183} INFO - Processing /home/airflow/.local/lib/python3.8/site-packages/airflow/example_dags/example_branch_python_dop_operator_3.py took 0.091 seconds
[2024-02-07T09:10:54.907+0000] {processor.py:161} INFO - Started process (PID=3501) to work on /home/airflow/.local/lib/python3.8/site-packages/airflow/example_dags/example_branch_python_dop_operator_3.py
[2024-02-07T09:10:54.908+0000] {processor.py:830} INFO - Processing file /home/airflow/.local/lib/python3.8/site-packages/airflow/example_dags/example_branch_python_dop_operator_3.py for tasks to queue
[2024-02-07T09:10:54.910+0000] {logging_mixin.py:188} INFO - [2024-02-07T09:10:54.910+0000] {dagbag.py:538} INFO - Filling up the DagBag from /home/airflow/.local/lib/python3.8/site-packages/airflow/example_dags/example_branch_python_dop_operator_3.py
[2024-02-07T09:10:54.919+0000] {processor.py:840} INFO - DAG(s) 'example_branch_dop_operator_v3' retrieved from /home/airflow/.local/lib/python3.8/site-packages/airflow/example_dags/example_branch_python_dop_operator_3.py
[2024-02-07T09:10:54.943+0000] {logging_mixin.py:188} INFO - [2024-02-07T09:10:54.943+0000] {dag.py:3033} INFO - Sync 1 DAGs
[2024-02-07T09:10:54.969+0000] {logging_mixin.py:188} INFO - [2024-02-07T09:10:54.969+0000] {dag.py:3820} INFO - Setting next_dagrun for example_branch_dop_operator_v3 to 2024-02-07T09:09:00+00:00, run_after=2024-02-07T09:10:00+00:00
[2024-02-07T09:10:54.994+0000] {processor.py:183} INFO - Processing /home/airflow/.local/lib/python3.8/site-packages/airflow/example_dags/example_branch_python_dop_operator_3.py took 0.091 seconds
[2024-02-07T09:11:25.187+0000] {processor.py:161} INFO - Started process (PID=3558) to work on /home/airflow/.local/lib/python3.8/site-packages/airflow/example_dags/example_branch_python_dop_operator_3.py
[2024-02-07T09:11:25.189+0000] {processor.py:830} INFO - Processing file /home/airflow/.local/lib/python3.8/site-packages/airflow/example_dags/example_branch_python_dop_operator_3.py for tasks to queue
[2024-02-07T09:11:25.192+0000] {logging_mixin.py:188} INFO - [2024-02-07T09:11:25.191+0000] {dagbag.py:538} INFO - Filling up the DagBag from /home/airflow/.local/lib/python3.8/site-packages/airflow/example_dags/example_branch_python_dop_operator_3.py
[2024-02-07T09:11:25.201+0000] {processor.py:840} INFO - DAG(s) 'example_branch_dop_operator_v3' retrieved from /home/airflow/.local/lib/python3.8/site-packages/airflow/example_dags/example_branch_python_dop_operator_3.py
[2024-02-07T09:11:25.224+0000] {logging_mixin.py:188} INFO - [2024-02-07T09:11:25.224+0000] {dag.py:3033} INFO - Sync 1 DAGs
[2024-02-07T09:11:25.250+0000] {logging_mixin.py:188} INFO - [2024-02-07T09:11:25.249+0000] {dag.py:3820} INFO - Setting next_dagrun for example_branch_dop_operator_v3 to 2024-02-07T09:10:00+00:00, run_after=2024-02-07T09:11:00+00:00
[2024-02-07T09:11:25.273+0000] {processor.py:183} INFO - Processing /home/airflow/.local/lib/python3.8/site-packages/airflow/example_dags/example_branch_python_dop_operator_3.py took 0.090 seconds
