[2024-02-07T08:40:08.981+0000] {processor.py:161} INFO - Started process (PID=38) to work on /home/airflow/.local/lib/python3.8/site-packages/airflow/example_dags/example_short_circuit_operator.py
[2024-02-07T08:40:08.982+0000] {processor.py:830} INFO - Processing file /home/airflow/.local/lib/python3.8/site-packages/airflow/example_dags/example_short_circuit_operator.py for tasks to queue
[2024-02-07T08:40:08.986+0000] {logging_mixin.py:188} INFO - [2024-02-07T08:40:08.986+0000] {dagbag.py:538} INFO - Filling up the DagBag from /home/airflow/.local/lib/python3.8/site-packages/airflow/example_dags/example_short_circuit_operator.py
[2024-02-07T08:40:09.004+0000] {processor.py:840} INFO - DAG(s) 'example_short_circuit_operator' retrieved from /home/airflow/.local/lib/python3.8/site-packages/airflow/example_dags/example_short_circuit_operator.py
[2024-02-07T08:40:09.051+0000] {logging_mixin.py:188} INFO - [2024-02-07T08:40:09.051+0000] {dag.py:3033} INFO - Sync 1 DAGs
[2024-02-07T08:40:09.087+0000] {logging_mixin.py:188} INFO - [2024-02-07T08:40:09.086+0000] {dag.py:3820} INFO - Setting next_dagrun for example_short_circuit_operator to 2024-02-06T00:00:00+00:00, run_after=2024-02-07T00:00:00+00:00
[2024-02-07T08:40:09.119+0000] {processor.py:183} INFO - Processing /home/airflow/.local/lib/python3.8/site-packages/airflow/example_dags/example_short_circuit_operator.py took 0.143 seconds
[2024-02-07T08:40:39.184+0000] {processor.py:161} INFO - Started process (PID=93) to work on /home/airflow/.local/lib/python3.8/site-packages/airflow/example_dags/example_short_circuit_operator.py
[2024-02-07T08:40:39.185+0000] {processor.py:830} INFO - Processing file /home/airflow/.local/lib/python3.8/site-packages/airflow/example_dags/example_short_circuit_operator.py for tasks to queue
[2024-02-07T08:40:39.188+0000] {logging_mixin.py:188} INFO - [2024-02-07T08:40:39.188+0000] {dagbag.py:538} INFO - Filling up the DagBag from /home/airflow/.local/lib/python3.8/site-packages/airflow/example_dags/example_short_circuit_operator.py
[2024-02-07T08:40:39.198+0000] {processor.py:840} INFO - DAG(s) 'example_short_circuit_operator' retrieved from /home/airflow/.local/lib/python3.8/site-packages/airflow/example_dags/example_short_circuit_operator.py
[2024-02-07T08:40:39.226+0000] {logging_mixin.py:188} INFO - [2024-02-07T08:40:39.225+0000] {dag.py:3033} INFO - Sync 1 DAGs
[2024-02-07T08:40:39.251+0000] {logging_mixin.py:188} INFO - [2024-02-07T08:40:39.251+0000] {dag.py:3820} INFO - Setting next_dagrun for example_short_circuit_operator to 2024-02-06T00:00:00+00:00, run_after=2024-02-07T00:00:00+00:00
[2024-02-07T08:40:39.273+0000] {processor.py:183} INFO - Processing /home/airflow/.local/lib/python3.8/site-packages/airflow/example_dags/example_short_circuit_operator.py took 0.093 seconds
[2024-02-07T08:41:09.739+0000] {processor.py:161} INFO - Started process (PID=150) to work on /home/airflow/.local/lib/python3.8/site-packages/airflow/example_dags/example_short_circuit_operator.py
[2024-02-07T08:41:09.741+0000] {processor.py:830} INFO - Processing file /home/airflow/.local/lib/python3.8/site-packages/airflow/example_dags/example_short_circuit_operator.py for tasks to queue
[2024-02-07T08:41:09.744+0000] {logging_mixin.py:188} INFO - [2024-02-07T08:41:09.743+0000] {dagbag.py:538} INFO - Filling up the DagBag from /home/airflow/.local/lib/python3.8/site-packages/airflow/example_dags/example_short_circuit_operator.py
[2024-02-07T08:41:09.752+0000] {processor.py:840} INFO - DAG(s) 'example_short_circuit_operator' retrieved from /home/airflow/.local/lib/python3.8/site-packages/airflow/example_dags/example_short_circuit_operator.py
[2024-02-07T08:41:09.777+0000] {logging_mixin.py:188} INFO - [2024-02-07T08:41:09.777+0000] {dag.py:3033} INFO - Sync 1 DAGs
[2024-02-07T08:41:09.799+0000] {logging_mixin.py:188} INFO - [2024-02-07T08:41:09.799+0000] {dag.py:3820} INFO - Setting next_dagrun for example_short_circuit_operator to 2024-02-06T00:00:00+00:00, run_after=2024-02-07T00:00:00+00:00
[2024-02-07T08:41:09.820+0000] {processor.py:183} INFO - Processing /home/airflow/.local/lib/python3.8/site-packages/airflow/example_dags/example_short_circuit_operator.py took 0.084 seconds
[2024-02-07T08:41:40.299+0000] {processor.py:161} INFO - Started process (PID=207) to work on /home/airflow/.local/lib/python3.8/site-packages/airflow/example_dags/example_short_circuit_operator.py
[2024-02-07T08:41:40.300+0000] {processor.py:830} INFO - Processing file /home/airflow/.local/lib/python3.8/site-packages/airflow/example_dags/example_short_circuit_operator.py for tasks to queue
[2024-02-07T08:41:40.304+0000] {logging_mixin.py:188} INFO - [2024-02-07T08:41:40.304+0000] {dagbag.py:538} INFO - Filling up the DagBag from /home/airflow/.local/lib/python3.8/site-packages/airflow/example_dags/example_short_circuit_operator.py
[2024-02-07T08:41:40.312+0000] {processor.py:840} INFO - DAG(s) 'example_short_circuit_operator' retrieved from /home/airflow/.local/lib/python3.8/site-packages/airflow/example_dags/example_short_circuit_operator.py
[2024-02-07T08:41:40.335+0000] {logging_mixin.py:188} INFO - [2024-02-07T08:41:40.335+0000] {dag.py:3033} INFO - Sync 1 DAGs
[2024-02-07T08:41:40.355+0000] {logging_mixin.py:188} INFO - [2024-02-07T08:41:40.354+0000] {dag.py:3820} INFO - Setting next_dagrun for example_short_circuit_operator to 2024-02-06T00:00:00+00:00, run_after=2024-02-07T00:00:00+00:00
[2024-02-07T08:41:40.375+0000] {processor.py:183} INFO - Processing /home/airflow/.local/lib/python3.8/site-packages/airflow/example_dags/example_short_circuit_operator.py took 0.079 seconds
[2024-02-07T08:42:10.845+0000] {processor.py:161} INFO - Started process (PID=265) to work on /home/airflow/.local/lib/python3.8/site-packages/airflow/example_dags/example_short_circuit_operator.py
[2024-02-07T08:42:10.846+0000] {processor.py:830} INFO - Processing file /home/airflow/.local/lib/python3.8/site-packages/airflow/example_dags/example_short_circuit_operator.py for tasks to queue
[2024-02-07T08:42:10.849+0000] {logging_mixin.py:188} INFO - [2024-02-07T08:42:10.849+0000] {dagbag.py:538} INFO - Filling up the DagBag from /home/airflow/.local/lib/python3.8/site-packages/airflow/example_dags/example_short_circuit_operator.py
[2024-02-07T08:42:10.862+0000] {processor.py:840} INFO - DAG(s) 'example_short_circuit_operator' retrieved from /home/airflow/.local/lib/python3.8/site-packages/airflow/example_dags/example_short_circuit_operator.py
[2024-02-07T08:42:10.888+0000] {logging_mixin.py:188} INFO - [2024-02-07T08:42:10.887+0000] {dag.py:3033} INFO - Sync 1 DAGs
[2024-02-07T08:42:10.913+0000] {logging_mixin.py:188} INFO - [2024-02-07T08:42:10.913+0000] {dag.py:3820} INFO - Setting next_dagrun for example_short_circuit_operator to 2024-02-06T00:00:00+00:00, run_after=2024-02-07T00:00:00+00:00
[2024-02-07T08:42:10.932+0000] {processor.py:183} INFO - Processing /home/airflow/.local/lib/python3.8/site-packages/airflow/example_dags/example_short_circuit_operator.py took 0.092 seconds
[2024-02-07T08:42:41.207+0000] {processor.py:161} INFO - Started process (PID=322) to work on /home/airflow/.local/lib/python3.8/site-packages/airflow/example_dags/example_short_circuit_operator.py
[2024-02-07T08:42:41.213+0000] {processor.py:830} INFO - Processing file /home/airflow/.local/lib/python3.8/site-packages/airflow/example_dags/example_short_circuit_operator.py for tasks to queue
[2024-02-07T08:42:41.216+0000] {logging_mixin.py:188} INFO - [2024-02-07T08:42:41.216+0000] {dagbag.py:538} INFO - Filling up the DagBag from /home/airflow/.local/lib/python3.8/site-packages/airflow/example_dags/example_short_circuit_operator.py
[2024-02-07T08:42:41.226+0000] {processor.py:840} INFO - DAG(s) 'example_short_circuit_operator' retrieved from /home/airflow/.local/lib/python3.8/site-packages/airflow/example_dags/example_short_circuit_operator.py
[2024-02-07T08:42:41.247+0000] {logging_mixin.py:188} INFO - [2024-02-07T08:42:41.247+0000] {dag.py:3033} INFO - Sync 1 DAGs
[2024-02-07T08:42:41.271+0000] {logging_mixin.py:188} INFO - [2024-02-07T08:42:41.270+0000] {dag.py:3820} INFO - Setting next_dagrun for example_short_circuit_operator to 2024-02-06T00:00:00+00:00, run_after=2024-02-07T00:00:00+00:00
[2024-02-07T08:42:41.298+0000] {processor.py:183} INFO - Processing /home/airflow/.local/lib/python3.8/site-packages/airflow/example_dags/example_short_circuit_operator.py took 0.098 seconds
[2024-02-07T08:43:11.587+0000] {processor.py:161} INFO - Started process (PID=379) to work on /home/airflow/.local/lib/python3.8/site-packages/airflow/example_dags/example_short_circuit_operator.py
[2024-02-07T08:43:11.589+0000] {processor.py:830} INFO - Processing file /home/airflow/.local/lib/python3.8/site-packages/airflow/example_dags/example_short_circuit_operator.py for tasks to queue
[2024-02-07T08:43:11.592+0000] {logging_mixin.py:188} INFO - [2024-02-07T08:43:11.592+0000] {dagbag.py:538} INFO - Filling up the DagBag from /home/airflow/.local/lib/python3.8/site-packages/airflow/example_dags/example_short_circuit_operator.py
[2024-02-07T08:43:11.603+0000] {processor.py:840} INFO - DAG(s) 'example_short_circuit_operator' retrieved from /home/airflow/.local/lib/python3.8/site-packages/airflow/example_dags/example_short_circuit_operator.py
[2024-02-07T08:43:11.633+0000] {logging_mixin.py:188} INFO - [2024-02-07T08:43:11.633+0000] {dag.py:3033} INFO - Sync 1 DAGs
[2024-02-07T08:43:11.659+0000] {logging_mixin.py:188} INFO - [2024-02-07T08:43:11.658+0000] {dag.py:3820} INFO - Setting next_dagrun for example_short_circuit_operator to 2024-02-06T00:00:00+00:00, run_after=2024-02-07T00:00:00+00:00
[2024-02-07T08:43:11.679+0000] {processor.py:183} INFO - Processing /home/airflow/.local/lib/python3.8/site-packages/airflow/example_dags/example_short_circuit_operator.py took 0.097 seconds
[2024-02-07T08:43:41.989+0000] {processor.py:161} INFO - Started process (PID=436) to work on /home/airflow/.local/lib/python3.8/site-packages/airflow/example_dags/example_short_circuit_operator.py
[2024-02-07T08:43:41.990+0000] {processor.py:830} INFO - Processing file /home/airflow/.local/lib/python3.8/site-packages/airflow/example_dags/example_short_circuit_operator.py for tasks to queue
[2024-02-07T08:43:41.993+0000] {logging_mixin.py:188} INFO - [2024-02-07T08:43:41.993+0000] {dagbag.py:538} INFO - Filling up the DagBag from /home/airflow/.local/lib/python3.8/site-packages/airflow/example_dags/example_short_circuit_operator.py
[2024-02-07T08:43:42.005+0000] {processor.py:840} INFO - DAG(s) 'example_short_circuit_operator' retrieved from /home/airflow/.local/lib/python3.8/site-packages/airflow/example_dags/example_short_circuit_operator.py
[2024-02-07T08:43:42.041+0000] {logging_mixin.py:188} INFO - [2024-02-07T08:43:42.041+0000] {dag.py:3033} INFO - Sync 1 DAGs
[2024-02-07T08:43:42.068+0000] {logging_mixin.py:188} INFO - [2024-02-07T08:43:42.067+0000] {dag.py:3820} INFO - Setting next_dagrun for example_short_circuit_operator to 2024-02-06T00:00:00+00:00, run_after=2024-02-07T00:00:00+00:00
[2024-02-07T08:43:42.089+0000] {processor.py:183} INFO - Processing /home/airflow/.local/lib/python3.8/site-packages/airflow/example_dags/example_short_circuit_operator.py took 0.106 seconds
[2024-02-07T08:44:12.578+0000] {processor.py:161} INFO - Started process (PID=493) to work on /home/airflow/.local/lib/python3.8/site-packages/airflow/example_dags/example_short_circuit_operator.py
[2024-02-07T08:44:12.580+0000] {processor.py:830} INFO - Processing file /home/airflow/.local/lib/python3.8/site-packages/airflow/example_dags/example_short_circuit_operator.py for tasks to queue
[2024-02-07T08:44:12.584+0000] {logging_mixin.py:188} INFO - [2024-02-07T08:44:12.584+0000] {dagbag.py:538} INFO - Filling up the DagBag from /home/airflow/.local/lib/python3.8/site-packages/airflow/example_dags/example_short_circuit_operator.py
[2024-02-07T08:44:12.602+0000] {processor.py:840} INFO - DAG(s) 'example_short_circuit_operator' retrieved from /home/airflow/.local/lib/python3.8/site-packages/airflow/example_dags/example_short_circuit_operator.py
[2024-02-07T08:44:12.636+0000] {logging_mixin.py:188} INFO - [2024-02-07T08:44:12.635+0000] {dag.py:3033} INFO - Sync 1 DAGs
[2024-02-07T08:44:12.661+0000] {logging_mixin.py:188} INFO - [2024-02-07T08:44:12.661+0000] {dag.py:3820} INFO - Setting next_dagrun for example_short_circuit_operator to 2024-02-06T00:00:00+00:00, run_after=2024-02-07T00:00:00+00:00
[2024-02-07T08:44:12.684+0000] {processor.py:183} INFO - Processing /home/airflow/.local/lib/python3.8/site-packages/airflow/example_dags/example_short_circuit_operator.py took 0.110 seconds
[2024-02-07T08:44:43.069+0000] {processor.py:161} INFO - Started process (PID=550) to work on /home/airflow/.local/lib/python3.8/site-packages/airflow/example_dags/example_short_circuit_operator.py
[2024-02-07T08:44:43.070+0000] {processor.py:830} INFO - Processing file /home/airflow/.local/lib/python3.8/site-packages/airflow/example_dags/example_short_circuit_operator.py for tasks to queue
[2024-02-07T08:44:43.073+0000] {logging_mixin.py:188} INFO - [2024-02-07T08:44:43.073+0000] {dagbag.py:538} INFO - Filling up the DagBag from /home/airflow/.local/lib/python3.8/site-packages/airflow/example_dags/example_short_circuit_operator.py
[2024-02-07T08:44:43.085+0000] {processor.py:840} INFO - DAG(s) 'example_short_circuit_operator' retrieved from /home/airflow/.local/lib/python3.8/site-packages/airflow/example_dags/example_short_circuit_operator.py
[2024-02-07T08:44:43.118+0000] {logging_mixin.py:188} INFO - [2024-02-07T08:44:43.118+0000] {dag.py:3033} INFO - Sync 1 DAGs
[2024-02-07T08:44:43.147+0000] {logging_mixin.py:188} INFO - [2024-02-07T08:44:43.147+0000] {dag.py:3820} INFO - Setting next_dagrun for example_short_circuit_operator to 2024-02-06T00:00:00+00:00, run_after=2024-02-07T00:00:00+00:00
[2024-02-07T08:44:43.171+0000] {processor.py:183} INFO - Processing /home/airflow/.local/lib/python3.8/site-packages/airflow/example_dags/example_short_circuit_operator.py took 0.107 seconds
[2024-02-07T08:45:13.322+0000] {processor.py:161} INFO - Started process (PID=607) to work on /home/airflow/.local/lib/python3.8/site-packages/airflow/example_dags/example_short_circuit_operator.py
[2024-02-07T08:45:13.323+0000] {processor.py:830} INFO - Processing file /home/airflow/.local/lib/python3.8/site-packages/airflow/example_dags/example_short_circuit_operator.py for tasks to queue
[2024-02-07T08:45:13.328+0000] {logging_mixin.py:188} INFO - [2024-02-07T08:45:13.327+0000] {dagbag.py:538} INFO - Filling up the DagBag from /home/airflow/.local/lib/python3.8/site-packages/airflow/example_dags/example_short_circuit_operator.py
[2024-02-07T08:45:13.346+0000] {processor.py:840} INFO - DAG(s) 'example_short_circuit_operator' retrieved from /home/airflow/.local/lib/python3.8/site-packages/airflow/example_dags/example_short_circuit_operator.py
[2024-02-07T08:45:13.376+0000] {logging_mixin.py:188} INFO - [2024-02-07T08:45:13.376+0000] {dag.py:3033} INFO - Sync 1 DAGs
[2024-02-07T08:45:13.397+0000] {logging_mixin.py:188} INFO - [2024-02-07T08:45:13.397+0000] {dag.py:3820} INFO - Setting next_dagrun for example_short_circuit_operator to 2024-02-06T00:00:00+00:00, run_after=2024-02-07T00:00:00+00:00
[2024-02-07T08:45:13.418+0000] {processor.py:183} INFO - Processing /home/airflow/.local/lib/python3.8/site-packages/airflow/example_dags/example_short_circuit_operator.py took 0.100 seconds
[2024-02-07T08:45:43.860+0000] {processor.py:161} INFO - Started process (PID=664) to work on /home/airflow/.local/lib/python3.8/site-packages/airflow/example_dags/example_short_circuit_operator.py
[2024-02-07T08:45:43.862+0000] {processor.py:830} INFO - Processing file /home/airflow/.local/lib/python3.8/site-packages/airflow/example_dags/example_short_circuit_operator.py for tasks to queue
[2024-02-07T08:45:43.865+0000] {logging_mixin.py:188} INFO - [2024-02-07T08:45:43.864+0000] {dagbag.py:538} INFO - Filling up the DagBag from /home/airflow/.local/lib/python3.8/site-packages/airflow/example_dags/example_short_circuit_operator.py
[2024-02-07T08:45:43.874+0000] {processor.py:840} INFO - DAG(s) 'example_short_circuit_operator' retrieved from /home/airflow/.local/lib/python3.8/site-packages/airflow/example_dags/example_short_circuit_operator.py
[2024-02-07T08:45:43.896+0000] {logging_mixin.py:188} INFO - [2024-02-07T08:45:43.896+0000] {dag.py:3033} INFO - Sync 1 DAGs
[2024-02-07T08:45:43.918+0000] {logging_mixin.py:188} INFO - [2024-02-07T08:45:43.917+0000] {dag.py:3820} INFO - Setting next_dagrun for example_short_circuit_operator to 2024-02-06T00:00:00+00:00, run_after=2024-02-07T00:00:00+00:00
[2024-02-07T08:45:43.935+0000] {processor.py:183} INFO - Processing /home/airflow/.local/lib/python3.8/site-packages/airflow/example_dags/example_short_circuit_operator.py took 0.078 seconds
[2024-02-07T08:46:14.382+0000] {processor.py:161} INFO - Started process (PID=721) to work on /home/airflow/.local/lib/python3.8/site-packages/airflow/example_dags/example_short_circuit_operator.py
[2024-02-07T08:46:14.383+0000] {processor.py:830} INFO - Processing file /home/airflow/.local/lib/python3.8/site-packages/airflow/example_dags/example_short_circuit_operator.py for tasks to queue
[2024-02-07T08:46:14.385+0000] {logging_mixin.py:188} INFO - [2024-02-07T08:46:14.385+0000] {dagbag.py:538} INFO - Filling up the DagBag from /home/airflow/.local/lib/python3.8/site-packages/airflow/example_dags/example_short_circuit_operator.py
[2024-02-07T08:46:14.394+0000] {processor.py:840} INFO - DAG(s) 'example_short_circuit_operator' retrieved from /home/airflow/.local/lib/python3.8/site-packages/airflow/example_dags/example_short_circuit_operator.py
[2024-02-07T08:46:14.422+0000] {logging_mixin.py:188} INFO - [2024-02-07T08:46:14.422+0000] {dag.py:3033} INFO - Sync 1 DAGs
[2024-02-07T08:46:14.452+0000] {logging_mixin.py:188} INFO - [2024-02-07T08:46:14.452+0000] {dag.py:3820} INFO - Setting next_dagrun for example_short_circuit_operator to 2024-02-06T00:00:00+00:00, run_after=2024-02-07T00:00:00+00:00
[2024-02-07T08:46:14.484+0000] {processor.py:183} INFO - Processing /home/airflow/.local/lib/python3.8/site-packages/airflow/example_dags/example_short_circuit_operator.py took 0.105 seconds
[2024-02-07T08:46:44.857+0000] {processor.py:161} INFO - Started process (PID=778) to work on /home/airflow/.local/lib/python3.8/site-packages/airflow/example_dags/example_short_circuit_operator.py
[2024-02-07T08:46:44.859+0000] {processor.py:830} INFO - Processing file /home/airflow/.local/lib/python3.8/site-packages/airflow/example_dags/example_short_circuit_operator.py for tasks to queue
[2024-02-07T08:46:44.861+0000] {logging_mixin.py:188} INFO - [2024-02-07T08:46:44.861+0000] {dagbag.py:538} INFO - Filling up the DagBag from /home/airflow/.local/lib/python3.8/site-packages/airflow/example_dags/example_short_circuit_operator.py
[2024-02-07T08:46:44.871+0000] {processor.py:840} INFO - DAG(s) 'example_short_circuit_operator' retrieved from /home/airflow/.local/lib/python3.8/site-packages/airflow/example_dags/example_short_circuit_operator.py
[2024-02-07T08:46:44.895+0000] {logging_mixin.py:188} INFO - [2024-02-07T08:46:44.894+0000] {dag.py:3033} INFO - Sync 1 DAGs
[2024-02-07T08:46:44.917+0000] {logging_mixin.py:188} INFO - [2024-02-07T08:46:44.917+0000] {dag.py:3820} INFO - Setting next_dagrun for example_short_circuit_operator to 2024-02-06T00:00:00+00:00, run_after=2024-02-07T00:00:00+00:00
[2024-02-07T08:46:44.940+0000] {processor.py:183} INFO - Processing /home/airflow/.local/lib/python3.8/site-packages/airflow/example_dags/example_short_circuit_operator.py took 0.087 seconds
[2024-02-07T08:47:15.334+0000] {processor.py:161} INFO - Started process (PID=835) to work on /home/airflow/.local/lib/python3.8/site-packages/airflow/example_dags/example_short_circuit_operator.py
[2024-02-07T08:47:15.335+0000] {processor.py:830} INFO - Processing file /home/airflow/.local/lib/python3.8/site-packages/airflow/example_dags/example_short_circuit_operator.py for tasks to queue
[2024-02-07T08:47:15.338+0000] {logging_mixin.py:188} INFO - [2024-02-07T08:47:15.338+0000] {dagbag.py:538} INFO - Filling up the DagBag from /home/airflow/.local/lib/python3.8/site-packages/airflow/example_dags/example_short_circuit_operator.py
[2024-02-07T08:47:15.350+0000] {processor.py:840} INFO - DAG(s) 'example_short_circuit_operator' retrieved from /home/airflow/.local/lib/python3.8/site-packages/airflow/example_dags/example_short_circuit_operator.py
[2024-02-07T08:47:15.375+0000] {logging_mixin.py:188} INFO - [2024-02-07T08:47:15.375+0000] {dag.py:3033} INFO - Sync 1 DAGs
[2024-02-07T08:47:15.402+0000] {logging_mixin.py:188} INFO - [2024-02-07T08:47:15.402+0000] {dag.py:3820} INFO - Setting next_dagrun for example_short_circuit_operator to 2024-02-06T00:00:00+00:00, run_after=2024-02-07T00:00:00+00:00
[2024-02-07T08:47:15.423+0000] {processor.py:183} INFO - Processing /home/airflow/.local/lib/python3.8/site-packages/airflow/example_dags/example_short_circuit_operator.py took 0.092 seconds
[2024-02-07T08:47:45.880+0000] {processor.py:161} INFO - Started process (PID=892) to work on /home/airflow/.local/lib/python3.8/site-packages/airflow/example_dags/example_short_circuit_operator.py
[2024-02-07T08:47:45.881+0000] {processor.py:830} INFO - Processing file /home/airflow/.local/lib/python3.8/site-packages/airflow/example_dags/example_short_circuit_operator.py for tasks to queue
[2024-02-07T08:47:45.883+0000] {logging_mixin.py:188} INFO - [2024-02-07T08:47:45.883+0000] {dagbag.py:538} INFO - Filling up the DagBag from /home/airflow/.local/lib/python3.8/site-packages/airflow/example_dags/example_short_circuit_operator.py
[2024-02-07T08:47:45.892+0000] {processor.py:840} INFO - DAG(s) 'example_short_circuit_operator' retrieved from /home/airflow/.local/lib/python3.8/site-packages/airflow/example_dags/example_short_circuit_operator.py
[2024-02-07T08:47:45.915+0000] {logging_mixin.py:188} INFO - [2024-02-07T08:47:45.915+0000] {dag.py:3033} INFO - Sync 1 DAGs
[2024-02-07T08:47:45.934+0000] {logging_mixin.py:188} INFO - [2024-02-07T08:47:45.934+0000] {dag.py:3820} INFO - Setting next_dagrun for example_short_circuit_operator to 2024-02-06T00:00:00+00:00, run_after=2024-02-07T00:00:00+00:00
[2024-02-07T08:47:45.951+0000] {processor.py:183} INFO - Processing /home/airflow/.local/lib/python3.8/site-packages/airflow/example_dags/example_short_circuit_operator.py took 0.074 seconds
[2024-02-07T08:48:16.088+0000] {processor.py:161} INFO - Started process (PID=949) to work on /home/airflow/.local/lib/python3.8/site-packages/airflow/example_dags/example_short_circuit_operator.py
[2024-02-07T08:48:16.089+0000] {processor.py:830} INFO - Processing file /home/airflow/.local/lib/python3.8/site-packages/airflow/example_dags/example_short_circuit_operator.py for tasks to queue
[2024-02-07T08:48:16.092+0000] {logging_mixin.py:188} INFO - [2024-02-07T08:48:16.092+0000] {dagbag.py:538} INFO - Filling up the DagBag from /home/airflow/.local/lib/python3.8/site-packages/airflow/example_dags/example_short_circuit_operator.py
[2024-02-07T08:48:16.102+0000] {processor.py:840} INFO - DAG(s) 'example_short_circuit_operator' retrieved from /home/airflow/.local/lib/python3.8/site-packages/airflow/example_dags/example_short_circuit_operator.py
[2024-02-07T08:48:16.135+0000] {logging_mixin.py:188} INFO - [2024-02-07T08:48:16.135+0000] {dag.py:3033} INFO - Sync 1 DAGs
[2024-02-07T08:48:16.158+0000] {logging_mixin.py:188} INFO - [2024-02-07T08:48:16.157+0000] {dag.py:3820} INFO - Setting next_dagrun for example_short_circuit_operator to 2024-02-06T00:00:00+00:00, run_after=2024-02-07T00:00:00+00:00
[2024-02-07T08:48:16.189+0000] {processor.py:183} INFO - Processing /home/airflow/.local/lib/python3.8/site-packages/airflow/example_dags/example_short_circuit_operator.py took 0.105 seconds
[2024-02-07T08:48:46.612+0000] {processor.py:161} INFO - Started process (PID=1007) to work on /home/airflow/.local/lib/python3.8/site-packages/airflow/example_dags/example_short_circuit_operator.py
[2024-02-07T08:48:46.615+0000] {processor.py:830} INFO - Processing file /home/airflow/.local/lib/python3.8/site-packages/airflow/example_dags/example_short_circuit_operator.py for tasks to queue
[2024-02-07T08:48:46.619+0000] {logging_mixin.py:188} INFO - [2024-02-07T08:48:46.618+0000] {dagbag.py:538} INFO - Filling up the DagBag from /home/airflow/.local/lib/python3.8/site-packages/airflow/example_dags/example_short_circuit_operator.py
[2024-02-07T08:48:46.629+0000] {processor.py:840} INFO - DAG(s) 'example_short_circuit_operator' retrieved from /home/airflow/.local/lib/python3.8/site-packages/airflow/example_dags/example_short_circuit_operator.py
[2024-02-07T08:48:46.657+0000] {logging_mixin.py:188} INFO - [2024-02-07T08:48:46.656+0000] {dag.py:3033} INFO - Sync 1 DAGs
[2024-02-07T08:48:46.682+0000] {logging_mixin.py:188} INFO - [2024-02-07T08:48:46.681+0000] {dag.py:3820} INFO - Setting next_dagrun for example_short_circuit_operator to 2024-02-06T00:00:00+00:00, run_after=2024-02-07T00:00:00+00:00
[2024-02-07T08:48:46.724+0000] {processor.py:183} INFO - Processing /home/airflow/.local/lib/python3.8/site-packages/airflow/example_dags/example_short_circuit_operator.py took 0.118 seconds
[2024-02-07T08:49:17.032+0000] {processor.py:161} INFO - Started process (PID=1064) to work on /home/airflow/.local/lib/python3.8/site-packages/airflow/example_dags/example_short_circuit_operator.py
[2024-02-07T08:49:17.033+0000] {processor.py:830} INFO - Processing file /home/airflow/.local/lib/python3.8/site-packages/airflow/example_dags/example_short_circuit_operator.py for tasks to queue
[2024-02-07T08:49:17.037+0000] {logging_mixin.py:188} INFO - [2024-02-07T08:49:17.036+0000] {dagbag.py:538} INFO - Filling up the DagBag from /home/airflow/.local/lib/python3.8/site-packages/airflow/example_dags/example_short_circuit_operator.py
[2024-02-07T08:49:17.048+0000] {processor.py:840} INFO - DAG(s) 'example_short_circuit_operator' retrieved from /home/airflow/.local/lib/python3.8/site-packages/airflow/example_dags/example_short_circuit_operator.py
[2024-02-07T08:49:17.088+0000] {logging_mixin.py:188} INFO - [2024-02-07T08:49:17.088+0000] {dag.py:3033} INFO - Sync 1 DAGs
[2024-02-07T08:49:17.119+0000] {logging_mixin.py:188} INFO - [2024-02-07T08:49:17.119+0000] {dag.py:3820} INFO - Setting next_dagrun for example_short_circuit_operator to 2024-02-06T00:00:00+00:00, run_after=2024-02-07T00:00:00+00:00
[2024-02-07T08:49:17.152+0000] {processor.py:183} INFO - Processing /home/airflow/.local/lib/python3.8/site-packages/airflow/example_dags/example_short_circuit_operator.py took 0.126 seconds
[2024-02-07T08:49:47.575+0000] {processor.py:161} INFO - Started process (PID=1121) to work on /home/airflow/.local/lib/python3.8/site-packages/airflow/example_dags/example_short_circuit_operator.py
[2024-02-07T08:49:47.577+0000] {processor.py:830} INFO - Processing file /home/airflow/.local/lib/python3.8/site-packages/airflow/example_dags/example_short_circuit_operator.py for tasks to queue
[2024-02-07T08:49:47.579+0000] {logging_mixin.py:188} INFO - [2024-02-07T08:49:47.579+0000] {dagbag.py:538} INFO - Filling up the DagBag from /home/airflow/.local/lib/python3.8/site-packages/airflow/example_dags/example_short_circuit_operator.py
[2024-02-07T08:49:47.589+0000] {processor.py:840} INFO - DAG(s) 'example_short_circuit_operator' retrieved from /home/airflow/.local/lib/python3.8/site-packages/airflow/example_dags/example_short_circuit_operator.py
[2024-02-07T08:49:47.614+0000] {logging_mixin.py:188} INFO - [2024-02-07T08:49:47.614+0000] {dag.py:3033} INFO - Sync 1 DAGs
[2024-02-07T08:49:47.635+0000] {logging_mixin.py:188} INFO - [2024-02-07T08:49:47.634+0000] {dag.py:3820} INFO - Setting next_dagrun for example_short_circuit_operator to 2024-02-06T00:00:00+00:00, run_after=2024-02-07T00:00:00+00:00
[2024-02-07T08:49:47.654+0000] {processor.py:183} INFO - Processing /home/airflow/.local/lib/python3.8/site-packages/airflow/example_dags/example_short_circuit_operator.py took 0.083 seconds
[2024-02-07T08:50:18.094+0000] {processor.py:161} INFO - Started process (PID=1178) to work on /home/airflow/.local/lib/python3.8/site-packages/airflow/example_dags/example_short_circuit_operator.py
[2024-02-07T08:50:18.096+0000] {processor.py:830} INFO - Processing file /home/airflow/.local/lib/python3.8/site-packages/airflow/example_dags/example_short_circuit_operator.py for tasks to queue
[2024-02-07T08:50:18.099+0000] {logging_mixin.py:188} INFO - [2024-02-07T08:50:18.098+0000] {dagbag.py:538} INFO - Filling up the DagBag from /home/airflow/.local/lib/python3.8/site-packages/airflow/example_dags/example_short_circuit_operator.py
[2024-02-07T08:50:18.108+0000] {processor.py:840} INFO - DAG(s) 'example_short_circuit_operator' retrieved from /home/airflow/.local/lib/python3.8/site-packages/airflow/example_dags/example_short_circuit_operator.py
[2024-02-07T08:50:18.142+0000] {logging_mixin.py:188} INFO - [2024-02-07T08:50:18.141+0000] {dag.py:3033} INFO - Sync 1 DAGs
[2024-02-07T08:50:18.166+0000] {logging_mixin.py:188} INFO - [2024-02-07T08:50:18.166+0000] {dag.py:3820} INFO - Setting next_dagrun for example_short_circuit_operator to 2024-02-06T00:00:00+00:00, run_after=2024-02-07T00:00:00+00:00
[2024-02-07T08:50:18.200+0000] {processor.py:183} INFO - Processing /home/airflow/.local/lib/python3.8/site-packages/airflow/example_dags/example_short_circuit_operator.py took 0.111 seconds
[2024-02-07T08:50:48.690+0000] {processor.py:161} INFO - Started process (PID=1235) to work on /home/airflow/.local/lib/python3.8/site-packages/airflow/example_dags/example_short_circuit_operator.py
[2024-02-07T08:50:48.691+0000] {processor.py:830} INFO - Processing file /home/airflow/.local/lib/python3.8/site-packages/airflow/example_dags/example_short_circuit_operator.py for tasks to queue
[2024-02-07T08:50:48.695+0000] {logging_mixin.py:188} INFO - [2024-02-07T08:50:48.694+0000] {dagbag.py:538} INFO - Filling up the DagBag from /home/airflow/.local/lib/python3.8/site-packages/airflow/example_dags/example_short_circuit_operator.py
[2024-02-07T08:50:48.705+0000] {processor.py:840} INFO - DAG(s) 'example_short_circuit_operator' retrieved from /home/airflow/.local/lib/python3.8/site-packages/airflow/example_dags/example_short_circuit_operator.py
[2024-02-07T08:50:48.727+0000] {logging_mixin.py:188} INFO - [2024-02-07T08:50:48.727+0000] {dag.py:3033} INFO - Sync 1 DAGs
[2024-02-07T08:50:48.750+0000] {logging_mixin.py:188} INFO - [2024-02-07T08:50:48.749+0000] {dag.py:3820} INFO - Setting next_dagrun for example_short_circuit_operator to 2024-02-06T00:00:00+00:00, run_after=2024-02-07T00:00:00+00:00
[2024-02-07T08:50:48.769+0000] {processor.py:183} INFO - Processing /home/airflow/.local/lib/python3.8/site-packages/airflow/example_dags/example_short_circuit_operator.py took 0.082 seconds
[2024-02-07T08:51:19.131+0000] {processor.py:161} INFO - Started process (PID=1293) to work on /home/airflow/.local/lib/python3.8/site-packages/airflow/example_dags/example_short_circuit_operator.py
[2024-02-07T08:51:19.132+0000] {processor.py:830} INFO - Processing file /home/airflow/.local/lib/python3.8/site-packages/airflow/example_dags/example_short_circuit_operator.py for tasks to queue
[2024-02-07T08:51:19.135+0000] {logging_mixin.py:188} INFO - [2024-02-07T08:51:19.135+0000] {dagbag.py:538} INFO - Filling up the DagBag from /home/airflow/.local/lib/python3.8/site-packages/airflow/example_dags/example_short_circuit_operator.py
[2024-02-07T08:51:19.147+0000] {processor.py:840} INFO - DAG(s) 'example_short_circuit_operator' retrieved from /home/airflow/.local/lib/python3.8/site-packages/airflow/example_dags/example_short_circuit_operator.py
[2024-02-07T08:51:19.180+0000] {logging_mixin.py:188} INFO - [2024-02-07T08:51:19.180+0000] {dag.py:3033} INFO - Sync 1 DAGs
[2024-02-07T08:51:19.208+0000] {logging_mixin.py:188} INFO - [2024-02-07T08:51:19.207+0000] {dag.py:3820} INFO - Setting next_dagrun for example_short_circuit_operator to 2024-02-06T00:00:00+00:00, run_after=2024-02-07T00:00:00+00:00
[2024-02-07T08:51:19.235+0000] {processor.py:183} INFO - Processing /home/airflow/.local/lib/python3.8/site-packages/airflow/example_dags/example_short_circuit_operator.py took 0.110 seconds
[2024-02-07T08:51:49.743+0000] {processor.py:161} INFO - Started process (PID=1350) to work on /home/airflow/.local/lib/python3.8/site-packages/airflow/example_dags/example_short_circuit_operator.py
[2024-02-07T08:51:49.744+0000] {processor.py:830} INFO - Processing file /home/airflow/.local/lib/python3.8/site-packages/airflow/example_dags/example_short_circuit_operator.py for tasks to queue
[2024-02-07T08:51:49.746+0000] {logging_mixin.py:188} INFO - [2024-02-07T08:51:49.746+0000] {dagbag.py:538} INFO - Filling up the DagBag from /home/airflow/.local/lib/python3.8/site-packages/airflow/example_dags/example_short_circuit_operator.py
[2024-02-07T08:51:49.756+0000] {processor.py:840} INFO - DAG(s) 'example_short_circuit_operator' retrieved from /home/airflow/.local/lib/python3.8/site-packages/airflow/example_dags/example_short_circuit_operator.py
[2024-02-07T08:51:49.781+0000] {logging_mixin.py:188} INFO - [2024-02-07T08:51:49.781+0000] {dag.py:3033} INFO - Sync 1 DAGs
[2024-02-07T08:51:49.808+0000] {logging_mixin.py:188} INFO - [2024-02-07T08:51:49.808+0000] {dag.py:3820} INFO - Setting next_dagrun for example_short_circuit_operator to 2024-02-06T00:00:00+00:00, run_after=2024-02-07T00:00:00+00:00
[2024-02-07T08:51:49.831+0000] {processor.py:183} INFO - Processing /home/airflow/.local/lib/python3.8/site-packages/airflow/example_dags/example_short_circuit_operator.py took 0.092 seconds
[2024-02-07T08:52:19.982+0000] {processor.py:161} INFO - Started process (PID=1407) to work on /home/airflow/.local/lib/python3.8/site-packages/airflow/example_dags/example_short_circuit_operator.py
[2024-02-07T08:52:19.983+0000] {processor.py:830} INFO - Processing file /home/airflow/.local/lib/python3.8/site-packages/airflow/example_dags/example_short_circuit_operator.py for tasks to queue
[2024-02-07T08:52:19.986+0000] {logging_mixin.py:188} INFO - [2024-02-07T08:52:19.986+0000] {dagbag.py:538} INFO - Filling up the DagBag from /home/airflow/.local/lib/python3.8/site-packages/airflow/example_dags/example_short_circuit_operator.py
[2024-02-07T08:52:19.996+0000] {processor.py:840} INFO - DAG(s) 'example_short_circuit_operator' retrieved from /home/airflow/.local/lib/python3.8/site-packages/airflow/example_dags/example_short_circuit_operator.py
[2024-02-07T08:52:20.027+0000] {logging_mixin.py:188} INFO - [2024-02-07T08:52:20.027+0000] {dag.py:3033} INFO - Sync 1 DAGs
[2024-02-07T08:52:20.049+0000] {logging_mixin.py:188} INFO - [2024-02-07T08:52:20.049+0000] {dag.py:3820} INFO - Setting next_dagrun for example_short_circuit_operator to 2024-02-06T00:00:00+00:00, run_after=2024-02-07T00:00:00+00:00
[2024-02-07T08:52:20.070+0000] {processor.py:183} INFO - Processing /home/airflow/.local/lib/python3.8/site-packages/airflow/example_dags/example_short_circuit_operator.py took 0.091 seconds
[2024-02-07T08:52:50.439+0000] {processor.py:161} INFO - Started process (PID=1464) to work on /home/airflow/.local/lib/python3.8/site-packages/airflow/example_dags/example_short_circuit_operator.py
[2024-02-07T08:52:50.440+0000] {processor.py:830} INFO - Processing file /home/airflow/.local/lib/python3.8/site-packages/airflow/example_dags/example_short_circuit_operator.py for tasks to queue
[2024-02-07T08:52:50.442+0000] {logging_mixin.py:188} INFO - [2024-02-07T08:52:50.442+0000] {dagbag.py:538} INFO - Filling up the DagBag from /home/airflow/.local/lib/python3.8/site-packages/airflow/example_dags/example_short_circuit_operator.py
[2024-02-07T08:52:50.449+0000] {processor.py:840} INFO - DAG(s) 'example_short_circuit_operator' retrieved from /home/airflow/.local/lib/python3.8/site-packages/airflow/example_dags/example_short_circuit_operator.py
[2024-02-07T08:52:50.472+0000] {logging_mixin.py:188} INFO - [2024-02-07T08:52:50.472+0000] {dag.py:3033} INFO - Sync 1 DAGs
[2024-02-07T08:52:50.493+0000] {logging_mixin.py:188} INFO - [2024-02-07T08:52:50.493+0000] {dag.py:3820} INFO - Setting next_dagrun for example_short_circuit_operator to 2024-02-06T00:00:00+00:00, run_after=2024-02-07T00:00:00+00:00
[2024-02-07T08:52:50.516+0000] {processor.py:183} INFO - Processing /home/airflow/.local/lib/python3.8/site-packages/airflow/example_dags/example_short_circuit_operator.py took 0.081 seconds
[2024-02-07T08:53:20.695+0000] {processor.py:161} INFO - Started process (PID=1521) to work on /home/airflow/.local/lib/python3.8/site-packages/airflow/example_dags/example_short_circuit_operator.py
[2024-02-07T08:53:20.696+0000] {processor.py:830} INFO - Processing file /home/airflow/.local/lib/python3.8/site-packages/airflow/example_dags/example_short_circuit_operator.py for tasks to queue
[2024-02-07T08:53:20.700+0000] {logging_mixin.py:188} INFO - [2024-02-07T08:53:20.699+0000] {dagbag.py:538} INFO - Filling up the DagBag from /home/airflow/.local/lib/python3.8/site-packages/airflow/example_dags/example_short_circuit_operator.py
[2024-02-07T08:53:20.709+0000] {processor.py:840} INFO - DAG(s) 'example_short_circuit_operator' retrieved from /home/airflow/.local/lib/python3.8/site-packages/airflow/example_dags/example_short_circuit_operator.py
[2024-02-07T08:53:20.731+0000] {logging_mixin.py:188} INFO - [2024-02-07T08:53:20.731+0000] {dag.py:3033} INFO - Sync 1 DAGs
[2024-02-07T08:53:20.753+0000] {logging_mixin.py:188} INFO - [2024-02-07T08:53:20.753+0000] {dag.py:3820} INFO - Setting next_dagrun for example_short_circuit_operator to 2024-02-06T00:00:00+00:00, run_after=2024-02-07T00:00:00+00:00
[2024-02-07T08:53:20.776+0000] {processor.py:183} INFO - Processing /home/airflow/.local/lib/python3.8/site-packages/airflow/example_dags/example_short_circuit_operator.py took 0.085 seconds
[2024-02-07T08:53:51.025+0000] {processor.py:161} INFO - Started process (PID=1578) to work on /home/airflow/.local/lib/python3.8/site-packages/airflow/example_dags/example_short_circuit_operator.py
[2024-02-07T08:53:51.026+0000] {processor.py:830} INFO - Processing file /home/airflow/.local/lib/python3.8/site-packages/airflow/example_dags/example_short_circuit_operator.py for tasks to queue
[2024-02-07T08:53:51.028+0000] {logging_mixin.py:188} INFO - [2024-02-07T08:53:51.028+0000] {dagbag.py:538} INFO - Filling up the DagBag from /home/airflow/.local/lib/python3.8/site-packages/airflow/example_dags/example_short_circuit_operator.py
[2024-02-07T08:53:51.036+0000] {processor.py:840} INFO - DAG(s) 'example_short_circuit_operator' retrieved from /home/airflow/.local/lib/python3.8/site-packages/airflow/example_dags/example_short_circuit_operator.py
[2024-02-07T08:53:51.056+0000] {logging_mixin.py:188} INFO - [2024-02-07T08:53:51.056+0000] {dag.py:3033} INFO - Sync 1 DAGs
[2024-02-07T08:53:51.074+0000] {logging_mixin.py:188} INFO - [2024-02-07T08:53:51.074+0000] {dag.py:3820} INFO - Setting next_dagrun for example_short_circuit_operator to 2024-02-06T00:00:00+00:00, run_after=2024-02-07T00:00:00+00:00
[2024-02-07T08:53:51.092+0000] {processor.py:183} INFO - Processing /home/airflow/.local/lib/python3.8/site-packages/airflow/example_dags/example_short_circuit_operator.py took 0.071 seconds
[2024-02-07T08:54:21.406+0000] {processor.py:161} INFO - Started process (PID=1635) to work on /home/airflow/.local/lib/python3.8/site-packages/airflow/example_dags/example_short_circuit_operator.py
[2024-02-07T08:54:21.407+0000] {processor.py:830} INFO - Processing file /home/airflow/.local/lib/python3.8/site-packages/airflow/example_dags/example_short_circuit_operator.py for tasks to queue
[2024-02-07T08:54:21.410+0000] {logging_mixin.py:188} INFO - [2024-02-07T08:54:21.410+0000] {dagbag.py:538} INFO - Filling up the DagBag from /home/airflow/.local/lib/python3.8/site-packages/airflow/example_dags/example_short_circuit_operator.py
[2024-02-07T08:54:21.421+0000] {processor.py:840} INFO - DAG(s) 'example_short_circuit_operator' retrieved from /home/airflow/.local/lib/python3.8/site-packages/airflow/example_dags/example_short_circuit_operator.py
[2024-02-07T08:54:21.449+0000] {logging_mixin.py:188} INFO - [2024-02-07T08:54:21.449+0000] {dag.py:3033} INFO - Sync 1 DAGs
[2024-02-07T08:54:21.473+0000] {logging_mixin.py:188} INFO - [2024-02-07T08:54:21.473+0000] {dag.py:3820} INFO - Setting next_dagrun for example_short_circuit_operator to 2024-02-06T00:00:00+00:00, run_after=2024-02-07T00:00:00+00:00
[2024-02-07T08:54:21.493+0000] {processor.py:183} INFO - Processing /home/airflow/.local/lib/python3.8/site-packages/airflow/example_dags/example_short_circuit_operator.py took 0.091 seconds
[2024-02-07T08:54:52.079+0000] {processor.py:161} INFO - Started process (PID=1692) to work on /home/airflow/.local/lib/python3.8/site-packages/airflow/example_dags/example_short_circuit_operator.py
[2024-02-07T08:54:52.082+0000] {processor.py:830} INFO - Processing file /home/airflow/.local/lib/python3.8/site-packages/airflow/example_dags/example_short_circuit_operator.py for tasks to queue
[2024-02-07T08:54:52.087+0000] {logging_mixin.py:188} INFO - [2024-02-07T08:54:52.087+0000] {dagbag.py:538} INFO - Filling up the DagBag from /home/airflow/.local/lib/python3.8/site-packages/airflow/example_dags/example_short_circuit_operator.py
[2024-02-07T08:54:52.113+0000] {processor.py:840} INFO - DAG(s) 'example_short_circuit_operator' retrieved from /home/airflow/.local/lib/python3.8/site-packages/airflow/example_dags/example_short_circuit_operator.py
[2024-02-07T08:54:52.174+0000] {logging_mixin.py:188} INFO - [2024-02-07T08:54:52.174+0000] {dag.py:3033} INFO - Sync 1 DAGs
[2024-02-07T08:54:52.232+0000] {logging_mixin.py:188} INFO - [2024-02-07T08:54:52.232+0000] {dag.py:3820} INFO - Setting next_dagrun for example_short_circuit_operator to 2024-02-06T00:00:00+00:00, run_after=2024-02-07T00:00:00+00:00
[2024-02-07T08:54:52.296+0000] {processor.py:183} INFO - Processing /home/airflow/.local/lib/python3.8/site-packages/airflow/example_dags/example_short_circuit_operator.py took 0.227 seconds
[2024-02-07T08:55:22.817+0000] {processor.py:161} INFO - Started process (PID=1749) to work on /home/airflow/.local/lib/python3.8/site-packages/airflow/example_dags/example_short_circuit_operator.py
[2024-02-07T08:55:22.820+0000] {processor.py:830} INFO - Processing file /home/airflow/.local/lib/python3.8/site-packages/airflow/example_dags/example_short_circuit_operator.py for tasks to queue
[2024-02-07T08:55:22.829+0000] {logging_mixin.py:188} INFO - [2024-02-07T08:55:22.828+0000] {dagbag.py:538} INFO - Filling up the DagBag from /home/airflow/.local/lib/python3.8/site-packages/airflow/example_dags/example_short_circuit_operator.py
[2024-02-07T08:55:22.870+0000] {processor.py:840} INFO - DAG(s) 'example_short_circuit_operator' retrieved from /home/airflow/.local/lib/python3.8/site-packages/airflow/example_dags/example_short_circuit_operator.py
[2024-02-07T08:55:22.972+0000] {logging_mixin.py:188} INFO - [2024-02-07T08:55:22.971+0000] {dag.py:3033} INFO - Sync 1 DAGs
[2024-02-07T08:55:23.087+0000] {logging_mixin.py:188} INFO - [2024-02-07T08:55:23.086+0000] {dag.py:3820} INFO - Setting next_dagrun for example_short_circuit_operator to 2024-02-06T00:00:00+00:00, run_after=2024-02-07T00:00:00+00:00
[2024-02-07T08:55:23.162+0000] {processor.py:183} INFO - Processing /home/airflow/.local/lib/python3.8/site-packages/airflow/example_dags/example_short_circuit_operator.py took 0.358 seconds
[2024-02-07T08:55:53.295+0000] {processor.py:161} INFO - Started process (PID=1806) to work on /home/airflow/.local/lib/python3.8/site-packages/airflow/example_dags/example_short_circuit_operator.py
[2024-02-07T08:55:53.297+0000] {processor.py:830} INFO - Processing file /home/airflow/.local/lib/python3.8/site-packages/airflow/example_dags/example_short_circuit_operator.py for tasks to queue
[2024-02-07T08:55:53.303+0000] {logging_mixin.py:188} INFO - [2024-02-07T08:55:53.302+0000] {dagbag.py:538} INFO - Filling up the DagBag from /home/airflow/.local/lib/python3.8/site-packages/airflow/example_dags/example_short_circuit_operator.py
[2024-02-07T08:55:53.325+0000] {processor.py:840} INFO - DAG(s) 'example_short_circuit_operator' retrieved from /home/airflow/.local/lib/python3.8/site-packages/airflow/example_dags/example_short_circuit_operator.py
[2024-02-07T08:55:53.367+0000] {logging_mixin.py:188} INFO - [2024-02-07T08:55:53.366+0000] {dag.py:3033} INFO - Sync 1 DAGs
[2024-02-07T08:55:53.404+0000] {logging_mixin.py:188} INFO - [2024-02-07T08:55:53.404+0000] {dag.py:3820} INFO - Setting next_dagrun for example_short_circuit_operator to 2024-02-06T00:00:00+00:00, run_after=2024-02-07T00:00:00+00:00
[2024-02-07T08:55:53.445+0000] {processor.py:183} INFO - Processing /home/airflow/.local/lib/python3.8/site-packages/airflow/example_dags/example_short_circuit_operator.py took 0.157 seconds
[2024-02-07T08:56:24.463+0000] {processor.py:161} INFO - Started process (PID=1864) to work on /home/airflow/.local/lib/python3.8/site-packages/airflow/example_dags/example_short_circuit_operator.py
[2024-02-07T08:56:24.472+0000] {processor.py:830} INFO - Processing file /home/airflow/.local/lib/python3.8/site-packages/airflow/example_dags/example_short_circuit_operator.py for tasks to queue
[2024-02-07T08:56:24.484+0000] {logging_mixin.py:188} INFO - [2024-02-07T08:56:24.482+0000] {dagbag.py:538} INFO - Filling up the DagBag from /home/airflow/.local/lib/python3.8/site-packages/airflow/example_dags/example_short_circuit_operator.py
[2024-02-07T08:56:24.527+0000] {processor.py:840} INFO - DAG(s) 'example_short_circuit_operator' retrieved from /home/airflow/.local/lib/python3.8/site-packages/airflow/example_dags/example_short_circuit_operator.py
[2024-02-07T08:56:24.652+0000] {logging_mixin.py:188} INFO - [2024-02-07T08:56:24.651+0000] {dag.py:3033} INFO - Sync 1 DAGs
[2024-02-07T08:56:24.806+0000] {logging_mixin.py:188} INFO - [2024-02-07T08:56:24.805+0000] {dag.py:3820} INFO - Setting next_dagrun for example_short_circuit_operator to 2024-02-06T00:00:00+00:00, run_after=2024-02-07T00:00:00+00:00
[2024-02-07T08:56:24.898+0000] {processor.py:183} INFO - Processing /home/airflow/.local/lib/python3.8/site-packages/airflow/example_dags/example_short_circuit_operator.py took 0.453 seconds
[2024-02-07T08:56:54.960+0000] {processor.py:161} INFO - Started process (PID=1921) to work on /home/airflow/.local/lib/python3.8/site-packages/airflow/example_dags/example_short_circuit_operator.py
[2024-02-07T08:56:54.962+0000] {processor.py:830} INFO - Processing file /home/airflow/.local/lib/python3.8/site-packages/airflow/example_dags/example_short_circuit_operator.py for tasks to queue
[2024-02-07T08:56:54.968+0000] {logging_mixin.py:188} INFO - [2024-02-07T08:56:54.967+0000] {dagbag.py:538} INFO - Filling up the DagBag from /home/airflow/.local/lib/python3.8/site-packages/airflow/example_dags/example_short_circuit_operator.py
[2024-02-07T08:56:54.995+0000] {processor.py:840} INFO - DAG(s) 'example_short_circuit_operator' retrieved from /home/airflow/.local/lib/python3.8/site-packages/airflow/example_dags/example_short_circuit_operator.py
[2024-02-07T08:56:55.068+0000] {logging_mixin.py:188} INFO - [2024-02-07T08:56:55.067+0000] {dag.py:3033} INFO - Sync 1 DAGs
[2024-02-07T08:56:55.115+0000] {logging_mixin.py:188} INFO - [2024-02-07T08:56:55.115+0000] {dag.py:3820} INFO - Setting next_dagrun for example_short_circuit_operator to 2024-02-06T00:00:00+00:00, run_after=2024-02-07T00:00:00+00:00
[2024-02-07T08:56:55.186+0000] {processor.py:183} INFO - Processing /home/airflow/.local/lib/python3.8/site-packages/airflow/example_dags/example_short_circuit_operator.py took 0.235 seconds
[2024-02-07T08:57:26.057+0000] {processor.py:161} INFO - Started process (PID=1978) to work on /home/airflow/.local/lib/python3.8/site-packages/airflow/example_dags/example_short_circuit_operator.py
[2024-02-07T08:57:26.060+0000] {processor.py:830} INFO - Processing file /home/airflow/.local/lib/python3.8/site-packages/airflow/example_dags/example_short_circuit_operator.py for tasks to queue
[2024-02-07T08:57:26.068+0000] {logging_mixin.py:188} INFO - [2024-02-07T08:57:26.067+0000] {dagbag.py:538} INFO - Filling up the DagBag from /home/airflow/.local/lib/python3.8/site-packages/airflow/example_dags/example_short_circuit_operator.py
[2024-02-07T08:57:26.097+0000] {processor.py:840} INFO - DAG(s) 'example_short_circuit_operator' retrieved from /home/airflow/.local/lib/python3.8/site-packages/airflow/example_dags/example_short_circuit_operator.py
[2024-02-07T08:57:26.160+0000] {logging_mixin.py:188} INFO - [2024-02-07T08:57:26.160+0000] {dag.py:3033} INFO - Sync 1 DAGs
[2024-02-07T08:57:26.225+0000] {logging_mixin.py:188} INFO - [2024-02-07T08:57:26.225+0000] {dag.py:3820} INFO - Setting next_dagrun for example_short_circuit_operator to 2024-02-06T00:00:00+00:00, run_after=2024-02-07T00:00:00+00:00
[2024-02-07T08:57:26.273+0000] {processor.py:183} INFO - Processing /home/airflow/.local/lib/python3.8/site-packages/airflow/example_dags/example_short_circuit_operator.py took 0.226 seconds
[2024-02-07T08:57:56.580+0000] {processor.py:161} INFO - Started process (PID=2036) to work on /home/airflow/.local/lib/python3.8/site-packages/airflow/example_dags/example_short_circuit_operator.py
[2024-02-07T08:57:56.582+0000] {processor.py:830} INFO - Processing file /home/airflow/.local/lib/python3.8/site-packages/airflow/example_dags/example_short_circuit_operator.py for tasks to queue
[2024-02-07T08:57:56.589+0000] {logging_mixin.py:188} INFO - [2024-02-07T08:57:56.588+0000] {dagbag.py:538} INFO - Filling up the DagBag from /home/airflow/.local/lib/python3.8/site-packages/airflow/example_dags/example_short_circuit_operator.py
[2024-02-07T08:57:56.612+0000] {processor.py:840} INFO - DAG(s) 'example_short_circuit_operator' retrieved from /home/airflow/.local/lib/python3.8/site-packages/airflow/example_dags/example_short_circuit_operator.py
[2024-02-07T08:57:56.697+0000] {logging_mixin.py:188} INFO - [2024-02-07T08:57:56.697+0000] {dag.py:3033} INFO - Sync 1 DAGs
[2024-02-07T08:57:56.767+0000] {logging_mixin.py:188} INFO - [2024-02-07T08:57:56.766+0000] {dag.py:3820} INFO - Setting next_dagrun for example_short_circuit_operator to 2024-02-06T00:00:00+00:00, run_after=2024-02-07T00:00:00+00:00
[2024-02-07T08:57:56.813+0000] {processor.py:183} INFO - Processing /home/airflow/.local/lib/python3.8/site-packages/airflow/example_dags/example_short_circuit_operator.py took 0.245 seconds
[2024-02-07T08:58:27.617+0000] {processor.py:161} INFO - Started process (PID=2094) to work on /home/airflow/.local/lib/python3.8/site-packages/airflow/example_dags/example_short_circuit_operator.py
[2024-02-07T08:58:27.620+0000] {processor.py:830} INFO - Processing file /home/airflow/.local/lib/python3.8/site-packages/airflow/example_dags/example_short_circuit_operator.py for tasks to queue
[2024-02-07T08:58:27.625+0000] {logging_mixin.py:188} INFO - [2024-02-07T08:58:27.625+0000] {dagbag.py:538} INFO - Filling up the DagBag from /home/airflow/.local/lib/python3.8/site-packages/airflow/example_dags/example_short_circuit_operator.py
[2024-02-07T08:58:27.644+0000] {processor.py:840} INFO - DAG(s) 'example_short_circuit_operator' retrieved from /home/airflow/.local/lib/python3.8/site-packages/airflow/example_dags/example_short_circuit_operator.py
[2024-02-07T08:58:27.706+0000] {logging_mixin.py:188} INFO - [2024-02-07T08:58:27.706+0000] {dag.py:3033} INFO - Sync 1 DAGs
[2024-02-07T08:58:27.761+0000] {logging_mixin.py:188} INFO - [2024-02-07T08:58:27.760+0000] {dag.py:3820} INFO - Setting next_dagrun for example_short_circuit_operator to 2024-02-06T00:00:00+00:00, run_after=2024-02-07T00:00:00+00:00
[2024-02-07T08:58:27.812+0000] {processor.py:183} INFO - Processing /home/airflow/.local/lib/python3.8/site-packages/airflow/example_dags/example_short_circuit_operator.py took 0.207 seconds
[2024-02-07T08:58:58.047+0000] {processor.py:161} INFO - Started process (PID=2151) to work on /home/airflow/.local/lib/python3.8/site-packages/airflow/example_dags/example_short_circuit_operator.py
[2024-02-07T08:58:58.050+0000] {processor.py:830} INFO - Processing file /home/airflow/.local/lib/python3.8/site-packages/airflow/example_dags/example_short_circuit_operator.py for tasks to queue
[2024-02-07T08:58:58.057+0000] {logging_mixin.py:188} INFO - [2024-02-07T08:58:58.056+0000] {dagbag.py:538} INFO - Filling up the DagBag from /home/airflow/.local/lib/python3.8/site-packages/airflow/example_dags/example_short_circuit_operator.py
[2024-02-07T08:58:58.081+0000] {processor.py:840} INFO - DAG(s) 'example_short_circuit_operator' retrieved from /home/airflow/.local/lib/python3.8/site-packages/airflow/example_dags/example_short_circuit_operator.py
[2024-02-07T08:58:58.155+0000] {logging_mixin.py:188} INFO - [2024-02-07T08:58:58.155+0000] {dag.py:3033} INFO - Sync 1 DAGs
[2024-02-07T08:58:58.215+0000] {logging_mixin.py:188} INFO - [2024-02-07T08:58:58.214+0000] {dag.py:3820} INFO - Setting next_dagrun for example_short_circuit_operator to 2024-02-06T00:00:00+00:00, run_after=2024-02-07T00:00:00+00:00
[2024-02-07T08:58:58.269+0000] {processor.py:183} INFO - Processing /home/airflow/.local/lib/python3.8/site-packages/airflow/example_dags/example_short_circuit_operator.py took 0.232 seconds
[2024-02-07T08:59:28.346+0000] {processor.py:161} INFO - Started process (PID=2208) to work on /home/airflow/.local/lib/python3.8/site-packages/airflow/example_dags/example_short_circuit_operator.py
[2024-02-07T08:59:28.348+0000] {processor.py:830} INFO - Processing file /home/airflow/.local/lib/python3.8/site-packages/airflow/example_dags/example_short_circuit_operator.py for tasks to queue
[2024-02-07T08:59:28.353+0000] {logging_mixin.py:188} INFO - [2024-02-07T08:59:28.352+0000] {dagbag.py:538} INFO - Filling up the DagBag from /home/airflow/.local/lib/python3.8/site-packages/airflow/example_dags/example_short_circuit_operator.py
[2024-02-07T08:59:28.370+0000] {processor.py:840} INFO - DAG(s) 'example_short_circuit_operator' retrieved from /home/airflow/.local/lib/python3.8/site-packages/airflow/example_dags/example_short_circuit_operator.py
[2024-02-07T08:59:28.408+0000] {logging_mixin.py:188} INFO - [2024-02-07T08:59:28.407+0000] {dag.py:3033} INFO - Sync 1 DAGs
[2024-02-07T08:59:28.433+0000] {logging_mixin.py:188} INFO - [2024-02-07T08:59:28.432+0000] {dag.py:3820} INFO - Setting next_dagrun for example_short_circuit_operator to 2024-02-06T00:00:00+00:00, run_after=2024-02-07T00:00:00+00:00
[2024-02-07T08:59:28.461+0000] {processor.py:183} INFO - Processing /home/airflow/.local/lib/python3.8/site-packages/airflow/example_dags/example_short_circuit_operator.py took 0.120 seconds
[2024-02-07T08:59:58.728+0000] {processor.py:161} INFO - Started process (PID=2265) to work on /home/airflow/.local/lib/python3.8/site-packages/airflow/example_dags/example_short_circuit_operator.py
[2024-02-07T08:59:58.729+0000] {processor.py:830} INFO - Processing file /home/airflow/.local/lib/python3.8/site-packages/airflow/example_dags/example_short_circuit_operator.py for tasks to queue
[2024-02-07T08:59:58.732+0000] {logging_mixin.py:188} INFO - [2024-02-07T08:59:58.731+0000] {dagbag.py:538} INFO - Filling up the DagBag from /home/airflow/.local/lib/python3.8/site-packages/airflow/example_dags/example_short_circuit_operator.py
[2024-02-07T08:59:58.741+0000] {processor.py:840} INFO - DAG(s) 'example_short_circuit_operator' retrieved from /home/airflow/.local/lib/python3.8/site-packages/airflow/example_dags/example_short_circuit_operator.py
[2024-02-07T08:59:58.765+0000] {logging_mixin.py:188} INFO - [2024-02-07T08:59:58.764+0000] {dag.py:3033} INFO - Sync 1 DAGs
[2024-02-07T08:59:58.788+0000] {logging_mixin.py:188} INFO - [2024-02-07T08:59:58.787+0000] {dag.py:3820} INFO - Setting next_dagrun for example_short_circuit_operator to 2024-02-06T00:00:00+00:00, run_after=2024-02-07T00:00:00+00:00
[2024-02-07T08:59:58.809+0000] {processor.py:183} INFO - Processing /home/airflow/.local/lib/python3.8/site-packages/airflow/example_dags/example_short_circuit_operator.py took 0.084 seconds
[2024-02-07T09:00:29.223+0000] {processor.py:161} INFO - Started process (PID=2322) to work on /home/airflow/.local/lib/python3.8/site-packages/airflow/example_dags/example_short_circuit_operator.py
[2024-02-07T09:00:29.224+0000] {processor.py:830} INFO - Processing file /home/airflow/.local/lib/python3.8/site-packages/airflow/example_dags/example_short_circuit_operator.py for tasks to queue
[2024-02-07T09:00:29.227+0000] {logging_mixin.py:188} INFO - [2024-02-07T09:00:29.227+0000] {dagbag.py:538} INFO - Filling up the DagBag from /home/airflow/.local/lib/python3.8/site-packages/airflow/example_dags/example_short_circuit_operator.py
[2024-02-07T09:00:29.235+0000] {processor.py:840} INFO - DAG(s) 'example_short_circuit_operator' retrieved from /home/airflow/.local/lib/python3.8/site-packages/airflow/example_dags/example_short_circuit_operator.py
[2024-02-07T09:00:29.262+0000] {logging_mixin.py:188} INFO - [2024-02-07T09:00:29.262+0000] {dag.py:3033} INFO - Sync 1 DAGs
[2024-02-07T09:00:29.291+0000] {logging_mixin.py:188} INFO - [2024-02-07T09:00:29.291+0000] {dag.py:3820} INFO - Setting next_dagrun for example_short_circuit_operator to 2024-02-06T00:00:00+00:00, run_after=2024-02-07T00:00:00+00:00
[2024-02-07T09:00:29.310+0000] {processor.py:183} INFO - Processing /home/airflow/.local/lib/python3.8/site-packages/airflow/example_dags/example_short_circuit_operator.py took 0.090 seconds
[2024-02-07T09:00:59.789+0000] {processor.py:161} INFO - Started process (PID=2379) to work on /home/airflow/.local/lib/python3.8/site-packages/airflow/example_dags/example_short_circuit_operator.py
[2024-02-07T09:00:59.790+0000] {processor.py:830} INFO - Processing file /home/airflow/.local/lib/python3.8/site-packages/airflow/example_dags/example_short_circuit_operator.py for tasks to queue
[2024-02-07T09:00:59.792+0000] {logging_mixin.py:188} INFO - [2024-02-07T09:00:59.792+0000] {dagbag.py:538} INFO - Filling up the DagBag from /home/airflow/.local/lib/python3.8/site-packages/airflow/example_dags/example_short_circuit_operator.py
[2024-02-07T09:00:59.803+0000] {processor.py:840} INFO - DAG(s) 'example_short_circuit_operator' retrieved from /home/airflow/.local/lib/python3.8/site-packages/airflow/example_dags/example_short_circuit_operator.py
[2024-02-07T09:00:59.829+0000] {logging_mixin.py:188} INFO - [2024-02-07T09:00:59.829+0000] {dag.py:3033} INFO - Sync 1 DAGs
[2024-02-07T09:00:59.851+0000] {logging_mixin.py:188} INFO - [2024-02-07T09:00:59.850+0000] {dag.py:3820} INFO - Setting next_dagrun for example_short_circuit_operator to 2024-02-06T00:00:00+00:00, run_after=2024-02-07T00:00:00+00:00
[2024-02-07T09:00:59.872+0000] {processor.py:183} INFO - Processing /home/airflow/.local/lib/python3.8/site-packages/airflow/example_dags/example_short_circuit_operator.py took 0.088 seconds
[2024-02-07T09:01:30.307+0000] {processor.py:161} INFO - Started process (PID=2436) to work on /home/airflow/.local/lib/python3.8/site-packages/airflow/example_dags/example_short_circuit_operator.py
[2024-02-07T09:01:30.308+0000] {processor.py:830} INFO - Processing file /home/airflow/.local/lib/python3.8/site-packages/airflow/example_dags/example_short_circuit_operator.py for tasks to queue
[2024-02-07T09:01:30.311+0000] {logging_mixin.py:188} INFO - [2024-02-07T09:01:30.311+0000] {dagbag.py:538} INFO - Filling up the DagBag from /home/airflow/.local/lib/python3.8/site-packages/airflow/example_dags/example_short_circuit_operator.py
[2024-02-07T09:01:30.320+0000] {processor.py:840} INFO - DAG(s) 'example_short_circuit_operator' retrieved from /home/airflow/.local/lib/python3.8/site-packages/airflow/example_dags/example_short_circuit_operator.py
[2024-02-07T09:01:30.345+0000] {logging_mixin.py:188} INFO - [2024-02-07T09:01:30.345+0000] {dag.py:3033} INFO - Sync 1 DAGs
[2024-02-07T09:01:30.370+0000] {logging_mixin.py:188} INFO - [2024-02-07T09:01:30.369+0000] {dag.py:3820} INFO - Setting next_dagrun for example_short_circuit_operator to 2024-02-06T00:00:00+00:00, run_after=2024-02-07T00:00:00+00:00
[2024-02-07T09:01:30.392+0000] {processor.py:183} INFO - Processing /home/airflow/.local/lib/python3.8/site-packages/airflow/example_dags/example_short_circuit_operator.py took 0.090 seconds
[2024-02-07T09:02:00.774+0000] {processor.py:161} INFO - Started process (PID=2493) to work on /home/airflow/.local/lib/python3.8/site-packages/airflow/example_dags/example_short_circuit_operator.py
[2024-02-07T09:02:00.775+0000] {processor.py:830} INFO - Processing file /home/airflow/.local/lib/python3.8/site-packages/airflow/example_dags/example_short_circuit_operator.py for tasks to queue
[2024-02-07T09:02:00.778+0000] {logging_mixin.py:188} INFO - [2024-02-07T09:02:00.777+0000] {dagbag.py:538} INFO - Filling up the DagBag from /home/airflow/.local/lib/python3.8/site-packages/airflow/example_dags/example_short_circuit_operator.py
[2024-02-07T09:02:00.786+0000] {processor.py:840} INFO - DAG(s) 'example_short_circuit_operator' retrieved from /home/airflow/.local/lib/python3.8/site-packages/airflow/example_dags/example_short_circuit_operator.py
[2024-02-07T09:02:00.808+0000] {logging_mixin.py:188} INFO - [2024-02-07T09:02:00.808+0000] {dag.py:3033} INFO - Sync 1 DAGs
[2024-02-07T09:02:00.830+0000] {logging_mixin.py:188} INFO - [2024-02-07T09:02:00.830+0000] {dag.py:3820} INFO - Setting next_dagrun for example_short_circuit_operator to 2024-02-06T00:00:00+00:00, run_after=2024-02-07T00:00:00+00:00
[2024-02-07T09:02:00.854+0000] {processor.py:183} INFO - Processing /home/airflow/.local/lib/python3.8/site-packages/airflow/example_dags/example_short_circuit_operator.py took 0.084 seconds
[2024-02-07T09:02:31.423+0000] {processor.py:161} INFO - Started process (PID=2557) to work on /home/airflow/.local/lib/python3.8/site-packages/airflow/example_dags/example_short_circuit_operator.py
[2024-02-07T09:02:31.424+0000] {processor.py:830} INFO - Processing file /home/airflow/.local/lib/python3.8/site-packages/airflow/example_dags/example_short_circuit_operator.py for tasks to queue
[2024-02-07T09:02:31.426+0000] {logging_mixin.py:188} INFO - [2024-02-07T09:02:31.426+0000] {dagbag.py:538} INFO - Filling up the DagBag from /home/airflow/.local/lib/python3.8/site-packages/airflow/example_dags/example_short_circuit_operator.py
[2024-02-07T09:02:31.436+0000] {processor.py:840} INFO - DAG(s) 'example_short_circuit_operator' retrieved from /home/airflow/.local/lib/python3.8/site-packages/airflow/example_dags/example_short_circuit_operator.py
[2024-02-07T09:02:31.466+0000] {logging_mixin.py:188} INFO - [2024-02-07T09:02:31.465+0000] {dag.py:3033} INFO - Sync 1 DAGs
[2024-02-07T09:02:31.491+0000] {logging_mixin.py:188} INFO - [2024-02-07T09:02:31.490+0000] {dag.py:3820} INFO - Setting next_dagrun for example_short_circuit_operator to 2024-02-06T00:00:00+00:00, run_after=2024-02-07T00:00:00+00:00
[2024-02-07T09:02:31.513+0000] {processor.py:183} INFO - Processing /home/airflow/.local/lib/python3.8/site-packages/airflow/example_dags/example_short_circuit_operator.py took 0.094 seconds
[2024-02-07T09:03:01.634+0000] {processor.py:161} INFO - Started process (PID=2614) to work on /home/airflow/.local/lib/python3.8/site-packages/airflow/example_dags/example_short_circuit_operator.py
[2024-02-07T09:03:01.635+0000] {processor.py:830} INFO - Processing file /home/airflow/.local/lib/python3.8/site-packages/airflow/example_dags/example_short_circuit_operator.py for tasks to queue
[2024-02-07T09:03:01.638+0000] {logging_mixin.py:188} INFO - [2024-02-07T09:03:01.638+0000] {dagbag.py:538} INFO - Filling up the DagBag from /home/airflow/.local/lib/python3.8/site-packages/airflow/example_dags/example_short_circuit_operator.py
[2024-02-07T09:03:01.648+0000] {processor.py:840} INFO - DAG(s) 'example_short_circuit_operator' retrieved from /home/airflow/.local/lib/python3.8/site-packages/airflow/example_dags/example_short_circuit_operator.py
[2024-02-07T09:03:01.674+0000] {logging_mixin.py:188} INFO - [2024-02-07T09:03:01.673+0000] {dag.py:3033} INFO - Sync 1 DAGs
[2024-02-07T09:03:01.694+0000] {logging_mixin.py:188} INFO - [2024-02-07T09:03:01.694+0000] {dag.py:3820} INFO - Setting next_dagrun for example_short_circuit_operator to 2024-02-06T00:00:00+00:00, run_after=2024-02-07T00:00:00+00:00
[2024-02-07T09:03:01.716+0000] {processor.py:183} INFO - Processing /home/airflow/.local/lib/python3.8/site-packages/airflow/example_dags/example_short_circuit_operator.py took 0.085 seconds
[2024-02-07T09:03:32.462+0000] {processor.py:161} INFO - Started process (PID=2671) to work on /home/airflow/.local/lib/python3.8/site-packages/airflow/example_dags/example_short_circuit_operator.py
[2024-02-07T09:03:32.463+0000] {processor.py:830} INFO - Processing file /home/airflow/.local/lib/python3.8/site-packages/airflow/example_dags/example_short_circuit_operator.py for tasks to queue
[2024-02-07T09:03:32.466+0000] {logging_mixin.py:188} INFO - [2024-02-07T09:03:32.466+0000] {dagbag.py:538} INFO - Filling up the DagBag from /home/airflow/.local/lib/python3.8/site-packages/airflow/example_dags/example_short_circuit_operator.py
[2024-02-07T09:03:32.477+0000] {processor.py:840} INFO - DAG(s) 'example_short_circuit_operator' retrieved from /home/airflow/.local/lib/python3.8/site-packages/airflow/example_dags/example_short_circuit_operator.py
[2024-02-07T09:03:32.500+0000] {logging_mixin.py:188} INFO - [2024-02-07T09:03:32.500+0000] {dag.py:3033} INFO - Sync 1 DAGs
[2024-02-07T09:03:32.521+0000] {logging_mixin.py:188} INFO - [2024-02-07T09:03:32.521+0000] {dag.py:3820} INFO - Setting next_dagrun for example_short_circuit_operator to 2024-02-06T00:00:00+00:00, run_after=2024-02-07T00:00:00+00:00
[2024-02-07T09:03:32.544+0000] {processor.py:183} INFO - Processing /home/airflow/.local/lib/python3.8/site-packages/airflow/example_dags/example_short_circuit_operator.py took 0.086 seconds
[2024-02-07T09:04:02.698+0000] {processor.py:161} INFO - Started process (PID=2728) to work on /home/airflow/.local/lib/python3.8/site-packages/airflow/example_dags/example_short_circuit_operator.py
[2024-02-07T09:04:02.699+0000] {processor.py:830} INFO - Processing file /home/airflow/.local/lib/python3.8/site-packages/airflow/example_dags/example_short_circuit_operator.py for tasks to queue
[2024-02-07T09:04:02.703+0000] {logging_mixin.py:188} INFO - [2024-02-07T09:04:02.702+0000] {dagbag.py:538} INFO - Filling up the DagBag from /home/airflow/.local/lib/python3.8/site-packages/airflow/example_dags/example_short_circuit_operator.py
[2024-02-07T09:04:02.712+0000] {processor.py:840} INFO - DAG(s) 'example_short_circuit_operator' retrieved from /home/airflow/.local/lib/python3.8/site-packages/airflow/example_dags/example_short_circuit_operator.py
[2024-02-07T09:04:02.739+0000] {logging_mixin.py:188} INFO - [2024-02-07T09:04:02.739+0000] {dag.py:3033} INFO - Sync 1 DAGs
[2024-02-07T09:04:02.761+0000] {logging_mixin.py:188} INFO - [2024-02-07T09:04:02.761+0000] {dag.py:3820} INFO - Setting next_dagrun for example_short_circuit_operator to 2024-02-06T00:00:00+00:00, run_after=2024-02-07T00:00:00+00:00
[2024-02-07T09:04:02.787+0000] {processor.py:183} INFO - Processing /home/airflow/.local/lib/python3.8/site-packages/airflow/example_dags/example_short_circuit_operator.py took 0.092 seconds
[2024-02-07T09:04:33.259+0000] {processor.py:161} INFO - Started process (PID=2785) to work on /home/airflow/.local/lib/python3.8/site-packages/airflow/example_dags/example_short_circuit_operator.py
[2024-02-07T09:04:33.260+0000] {processor.py:830} INFO - Processing file /home/airflow/.local/lib/python3.8/site-packages/airflow/example_dags/example_short_circuit_operator.py for tasks to queue
[2024-02-07T09:04:33.263+0000] {logging_mixin.py:188} INFO - [2024-02-07T09:04:33.263+0000] {dagbag.py:538} INFO - Filling up the DagBag from /home/airflow/.local/lib/python3.8/site-packages/airflow/example_dags/example_short_circuit_operator.py
[2024-02-07T09:04:33.271+0000] {processor.py:840} INFO - DAG(s) 'example_short_circuit_operator' retrieved from /home/airflow/.local/lib/python3.8/site-packages/airflow/example_dags/example_short_circuit_operator.py
[2024-02-07T09:04:33.299+0000] {logging_mixin.py:188} INFO - [2024-02-07T09:04:33.299+0000] {dag.py:3033} INFO - Sync 1 DAGs
[2024-02-07T09:04:33.324+0000] {logging_mixin.py:188} INFO - [2024-02-07T09:04:33.324+0000] {dag.py:3820} INFO - Setting next_dagrun for example_short_circuit_operator to 2024-02-06T00:00:00+00:00, run_after=2024-02-07T00:00:00+00:00
[2024-02-07T09:04:33.345+0000] {processor.py:183} INFO - Processing /home/airflow/.local/lib/python3.8/site-packages/airflow/example_dags/example_short_circuit_operator.py took 0.090 seconds
[2024-02-07T09:05:03.506+0000] {processor.py:161} INFO - Started process (PID=2842) to work on /home/airflow/.local/lib/python3.8/site-packages/airflow/example_dags/example_short_circuit_operator.py
[2024-02-07T09:05:03.507+0000] {processor.py:830} INFO - Processing file /home/airflow/.local/lib/python3.8/site-packages/airflow/example_dags/example_short_circuit_operator.py for tasks to queue
[2024-02-07T09:05:03.510+0000] {logging_mixin.py:188} INFO - [2024-02-07T09:05:03.509+0000] {dagbag.py:538} INFO - Filling up the DagBag from /home/airflow/.local/lib/python3.8/site-packages/airflow/example_dags/example_short_circuit_operator.py
[2024-02-07T09:05:03.527+0000] {processor.py:840} INFO - DAG(s) 'example_short_circuit_operator' retrieved from /home/airflow/.local/lib/python3.8/site-packages/airflow/example_dags/example_short_circuit_operator.py
[2024-02-07T09:05:03.551+0000] {logging_mixin.py:188} INFO - [2024-02-07T09:05:03.551+0000] {dag.py:3033} INFO - Sync 1 DAGs
[2024-02-07T09:05:03.574+0000] {logging_mixin.py:188} INFO - [2024-02-07T09:05:03.573+0000] {dag.py:3820} INFO - Setting next_dagrun for example_short_circuit_operator to 2024-02-06T00:00:00+00:00, run_after=2024-02-07T00:00:00+00:00
[2024-02-07T09:05:03.593+0000] {processor.py:183} INFO - Processing /home/airflow/.local/lib/python3.8/site-packages/airflow/example_dags/example_short_circuit_operator.py took 0.092 seconds
[2024-02-07T09:05:33.910+0000] {processor.py:161} INFO - Started process (PID=2899) to work on /home/airflow/.local/lib/python3.8/site-packages/airflow/example_dags/example_short_circuit_operator.py
[2024-02-07T09:05:33.911+0000] {processor.py:830} INFO - Processing file /home/airflow/.local/lib/python3.8/site-packages/airflow/example_dags/example_short_circuit_operator.py for tasks to queue
[2024-02-07T09:05:33.914+0000] {logging_mixin.py:188} INFO - [2024-02-07T09:05:33.914+0000] {dagbag.py:538} INFO - Filling up the DagBag from /home/airflow/.local/lib/python3.8/site-packages/airflow/example_dags/example_short_circuit_operator.py
[2024-02-07T09:05:33.924+0000] {processor.py:840} INFO - DAG(s) 'example_short_circuit_operator' retrieved from /home/airflow/.local/lib/python3.8/site-packages/airflow/example_dags/example_short_circuit_operator.py
[2024-02-07T09:05:33.949+0000] {logging_mixin.py:188} INFO - [2024-02-07T09:05:33.949+0000] {dag.py:3033} INFO - Sync 1 DAGs
[2024-02-07T09:05:33.976+0000] {logging_mixin.py:188} INFO - [2024-02-07T09:05:33.976+0000] {dag.py:3820} INFO - Setting next_dagrun for example_short_circuit_operator to 2024-02-06T00:00:00+00:00, run_after=2024-02-07T00:00:00+00:00
[2024-02-07T09:05:34.004+0000] {processor.py:183} INFO - Processing /home/airflow/.local/lib/python3.8/site-packages/airflow/example_dags/example_short_circuit_operator.py took 0.098 seconds
[2024-02-07T09:06:04.378+0000] {processor.py:161} INFO - Started process (PID=2956) to work on /home/airflow/.local/lib/python3.8/site-packages/airflow/example_dags/example_short_circuit_operator.py
[2024-02-07T09:06:04.380+0000] {processor.py:830} INFO - Processing file /home/airflow/.local/lib/python3.8/site-packages/airflow/example_dags/example_short_circuit_operator.py for tasks to queue
[2024-02-07T09:06:04.384+0000] {logging_mixin.py:188} INFO - [2024-02-07T09:06:04.383+0000] {dagbag.py:538} INFO - Filling up the DagBag from /home/airflow/.local/lib/python3.8/site-packages/airflow/example_dags/example_short_circuit_operator.py
[2024-02-07T09:06:04.398+0000] {processor.py:840} INFO - DAG(s) 'example_short_circuit_operator' retrieved from /home/airflow/.local/lib/python3.8/site-packages/airflow/example_dags/example_short_circuit_operator.py
[2024-02-07T09:06:04.434+0000] {logging_mixin.py:188} INFO - [2024-02-07T09:06:04.433+0000] {dag.py:3033} INFO - Sync 1 DAGs
[2024-02-07T09:06:04.465+0000] {logging_mixin.py:188} INFO - [2024-02-07T09:06:04.465+0000] {dag.py:3820} INFO - Setting next_dagrun for example_short_circuit_operator to 2024-02-06T00:00:00+00:00, run_after=2024-02-07T00:00:00+00:00
[2024-02-07T09:06:04.496+0000] {processor.py:183} INFO - Processing /home/airflow/.local/lib/python3.8/site-packages/airflow/example_dags/example_short_circuit_operator.py took 0.125 seconds
[2024-02-07T09:06:34.755+0000] {processor.py:161} INFO - Started process (PID=3013) to work on /home/airflow/.local/lib/python3.8/site-packages/airflow/example_dags/example_short_circuit_operator.py
[2024-02-07T09:06:34.756+0000] {processor.py:830} INFO - Processing file /home/airflow/.local/lib/python3.8/site-packages/airflow/example_dags/example_short_circuit_operator.py for tasks to queue
[2024-02-07T09:06:34.758+0000] {logging_mixin.py:188} INFO - [2024-02-07T09:06:34.758+0000] {dagbag.py:538} INFO - Filling up the DagBag from /home/airflow/.local/lib/python3.8/site-packages/airflow/example_dags/example_short_circuit_operator.py
[2024-02-07T09:06:34.765+0000] {processor.py:840} INFO - DAG(s) 'example_short_circuit_operator' retrieved from /home/airflow/.local/lib/python3.8/site-packages/airflow/example_dags/example_short_circuit_operator.py
[2024-02-07T09:06:34.790+0000] {logging_mixin.py:188} INFO - [2024-02-07T09:06:34.790+0000] {dag.py:3033} INFO - Sync 1 DAGs
[2024-02-07T09:06:34.813+0000] {logging_mixin.py:188} INFO - [2024-02-07T09:06:34.813+0000] {dag.py:3820} INFO - Setting next_dagrun for example_short_circuit_operator to 2024-02-06T00:00:00+00:00, run_after=2024-02-07T00:00:00+00:00
[2024-02-07T09:06:34.834+0000] {processor.py:183} INFO - Processing /home/airflow/.local/lib/python3.8/site-packages/airflow/example_dags/example_short_circuit_operator.py took 0.083 seconds
[2024-02-07T09:07:05.132+0000] {processor.py:161} INFO - Started process (PID=3070) to work on /home/airflow/.local/lib/python3.8/site-packages/airflow/example_dags/example_short_circuit_operator.py
[2024-02-07T09:07:05.133+0000] {processor.py:830} INFO - Processing file /home/airflow/.local/lib/python3.8/site-packages/airflow/example_dags/example_short_circuit_operator.py for tasks to queue
[2024-02-07T09:07:05.136+0000] {logging_mixin.py:188} INFO - [2024-02-07T09:07:05.136+0000] {dagbag.py:538} INFO - Filling up the DagBag from /home/airflow/.local/lib/python3.8/site-packages/airflow/example_dags/example_short_circuit_operator.py
[2024-02-07T09:07:05.148+0000] {processor.py:840} INFO - DAG(s) 'example_short_circuit_operator' retrieved from /home/airflow/.local/lib/python3.8/site-packages/airflow/example_dags/example_short_circuit_operator.py
[2024-02-07T09:07:05.176+0000] {logging_mixin.py:188} INFO - [2024-02-07T09:07:05.175+0000] {dag.py:3033} INFO - Sync 1 DAGs
[2024-02-07T09:07:05.200+0000] {logging_mixin.py:188} INFO - [2024-02-07T09:07:05.200+0000] {dag.py:3820} INFO - Setting next_dagrun for example_short_circuit_operator to 2024-02-06T00:00:00+00:00, run_after=2024-02-07T00:00:00+00:00
[2024-02-07T09:07:05.229+0000] {processor.py:183} INFO - Processing /home/airflow/.local/lib/python3.8/site-packages/airflow/example_dags/example_short_circuit_operator.py took 0.101 seconds
[2024-02-07T09:07:35.724+0000] {processor.py:161} INFO - Started process (PID=3127) to work on /home/airflow/.local/lib/python3.8/site-packages/airflow/example_dags/example_short_circuit_operator.py
[2024-02-07T09:07:35.725+0000] {processor.py:830} INFO - Processing file /home/airflow/.local/lib/python3.8/site-packages/airflow/example_dags/example_short_circuit_operator.py for tasks to queue
[2024-02-07T09:07:35.728+0000] {logging_mixin.py:188} INFO - [2024-02-07T09:07:35.727+0000] {dagbag.py:538} INFO - Filling up the DagBag from /home/airflow/.local/lib/python3.8/site-packages/airflow/example_dags/example_short_circuit_operator.py
[2024-02-07T09:07:35.736+0000] {processor.py:840} INFO - DAG(s) 'example_short_circuit_operator' retrieved from /home/airflow/.local/lib/python3.8/site-packages/airflow/example_dags/example_short_circuit_operator.py
[2024-02-07T09:07:35.761+0000] {logging_mixin.py:188} INFO - [2024-02-07T09:07:35.761+0000] {dag.py:3033} INFO - Sync 1 DAGs
[2024-02-07T09:07:35.782+0000] {logging_mixin.py:188} INFO - [2024-02-07T09:07:35.782+0000] {dag.py:3820} INFO - Setting next_dagrun for example_short_circuit_operator to 2024-02-06T00:00:00+00:00, run_after=2024-02-07T00:00:00+00:00
[2024-02-07T09:07:35.802+0000] {processor.py:183} INFO - Processing /home/airflow/.local/lib/python3.8/site-packages/airflow/example_dags/example_short_circuit_operator.py took 0.081 seconds
[2024-02-07T09:08:06.137+0000] {processor.py:161} INFO - Started process (PID=3184) to work on /home/airflow/.local/lib/python3.8/site-packages/airflow/example_dags/example_short_circuit_operator.py
[2024-02-07T09:08:06.139+0000] {processor.py:830} INFO - Processing file /home/airflow/.local/lib/python3.8/site-packages/airflow/example_dags/example_short_circuit_operator.py for tasks to queue
[2024-02-07T09:08:06.141+0000] {logging_mixin.py:188} INFO - [2024-02-07T09:08:06.141+0000] {dagbag.py:538} INFO - Filling up the DagBag from /home/airflow/.local/lib/python3.8/site-packages/airflow/example_dags/example_short_circuit_operator.py
[2024-02-07T09:08:06.149+0000] {processor.py:840} INFO - DAG(s) 'example_short_circuit_operator' retrieved from /home/airflow/.local/lib/python3.8/site-packages/airflow/example_dags/example_short_circuit_operator.py
[2024-02-07T09:08:06.174+0000] {logging_mixin.py:188} INFO - [2024-02-07T09:08:06.174+0000] {dag.py:3033} INFO - Sync 1 DAGs
[2024-02-07T09:08:06.196+0000] {logging_mixin.py:188} INFO - [2024-02-07T09:08:06.196+0000] {dag.py:3820} INFO - Setting next_dagrun for example_short_circuit_operator to 2024-02-06T00:00:00+00:00, run_after=2024-02-07T00:00:00+00:00
[2024-02-07T09:08:06.220+0000] {processor.py:183} INFO - Processing /home/airflow/.local/lib/python3.8/site-packages/airflow/example_dags/example_short_circuit_operator.py took 0.086 seconds
[2024-02-07T09:08:36.529+0000] {processor.py:161} INFO - Started process (PID=3241) to work on /home/airflow/.local/lib/python3.8/site-packages/airflow/example_dags/example_short_circuit_operator.py
[2024-02-07T09:08:36.530+0000] {processor.py:830} INFO - Processing file /home/airflow/.local/lib/python3.8/site-packages/airflow/example_dags/example_short_circuit_operator.py for tasks to queue
[2024-02-07T09:08:36.533+0000] {logging_mixin.py:188} INFO - [2024-02-07T09:08:36.532+0000] {dagbag.py:538} INFO - Filling up the DagBag from /home/airflow/.local/lib/python3.8/site-packages/airflow/example_dags/example_short_circuit_operator.py
[2024-02-07T09:08:36.540+0000] {processor.py:840} INFO - DAG(s) 'example_short_circuit_operator' retrieved from /home/airflow/.local/lib/python3.8/site-packages/airflow/example_dags/example_short_circuit_operator.py
[2024-02-07T09:08:36.567+0000] {logging_mixin.py:188} INFO - [2024-02-07T09:08:36.567+0000] {dag.py:3033} INFO - Sync 1 DAGs
[2024-02-07T09:08:36.591+0000] {logging_mixin.py:188} INFO - [2024-02-07T09:08:36.590+0000] {dag.py:3820} INFO - Setting next_dagrun for example_short_circuit_operator to 2024-02-06T00:00:00+00:00, run_after=2024-02-07T00:00:00+00:00
[2024-02-07T09:08:36.616+0000] {processor.py:183} INFO - Processing /home/airflow/.local/lib/python3.8/site-packages/airflow/example_dags/example_short_circuit_operator.py took 0.091 seconds
[2024-02-07T09:09:06.898+0000] {processor.py:161} INFO - Started process (PID=3298) to work on /home/airflow/.local/lib/python3.8/site-packages/airflow/example_dags/example_short_circuit_operator.py
[2024-02-07T09:09:06.899+0000] {processor.py:830} INFO - Processing file /home/airflow/.local/lib/python3.8/site-packages/airflow/example_dags/example_short_circuit_operator.py for tasks to queue
[2024-02-07T09:09:06.902+0000] {logging_mixin.py:188} INFO - [2024-02-07T09:09:06.901+0000] {dagbag.py:538} INFO - Filling up the DagBag from /home/airflow/.local/lib/python3.8/site-packages/airflow/example_dags/example_short_circuit_operator.py
[2024-02-07T09:09:06.910+0000] {processor.py:840} INFO - DAG(s) 'example_short_circuit_operator' retrieved from /home/airflow/.local/lib/python3.8/site-packages/airflow/example_dags/example_short_circuit_operator.py
[2024-02-07T09:09:06.936+0000] {logging_mixin.py:188} INFO - [2024-02-07T09:09:06.935+0000] {dag.py:3033} INFO - Sync 1 DAGs
[2024-02-07T09:09:06.959+0000] {logging_mixin.py:188} INFO - [2024-02-07T09:09:06.959+0000] {dag.py:3820} INFO - Setting next_dagrun for example_short_circuit_operator to 2024-02-06T00:00:00+00:00, run_after=2024-02-07T00:00:00+00:00
[2024-02-07T09:09:06.984+0000] {processor.py:183} INFO - Processing /home/airflow/.local/lib/python3.8/site-packages/airflow/example_dags/example_short_circuit_operator.py took 0.090 seconds
[2024-02-07T09:09:37.365+0000] {processor.py:161} INFO - Started process (PID=3355) to work on /home/airflow/.local/lib/python3.8/site-packages/airflow/example_dags/example_short_circuit_operator.py
[2024-02-07T09:09:37.366+0000] {processor.py:830} INFO - Processing file /home/airflow/.local/lib/python3.8/site-packages/airflow/example_dags/example_short_circuit_operator.py for tasks to queue
[2024-02-07T09:09:37.369+0000] {logging_mixin.py:188} INFO - [2024-02-07T09:09:37.369+0000] {dagbag.py:538} INFO - Filling up the DagBag from /home/airflow/.local/lib/python3.8/site-packages/airflow/example_dags/example_short_circuit_operator.py
[2024-02-07T09:09:37.377+0000] {processor.py:840} INFO - DAG(s) 'example_short_circuit_operator' retrieved from /home/airflow/.local/lib/python3.8/site-packages/airflow/example_dags/example_short_circuit_operator.py
[2024-02-07T09:09:37.403+0000] {logging_mixin.py:188} INFO - [2024-02-07T09:09:37.403+0000] {dag.py:3033} INFO - Sync 1 DAGs
[2024-02-07T09:09:37.426+0000] {logging_mixin.py:188} INFO - [2024-02-07T09:09:37.426+0000] {dag.py:3820} INFO - Setting next_dagrun for example_short_circuit_operator to 2024-02-06T00:00:00+00:00, run_after=2024-02-07T00:00:00+00:00
[2024-02-07T09:09:37.448+0000] {processor.py:183} INFO - Processing /home/airflow/.local/lib/python3.8/site-packages/airflow/example_dags/example_short_circuit_operator.py took 0.087 seconds
[2024-02-07T09:10:08.063+0000] {processor.py:161} INFO - Started process (PID=3412) to work on /home/airflow/.local/lib/python3.8/site-packages/airflow/example_dags/example_short_circuit_operator.py
[2024-02-07T09:10:08.065+0000] {processor.py:830} INFO - Processing file /home/airflow/.local/lib/python3.8/site-packages/airflow/example_dags/example_short_circuit_operator.py for tasks to queue
[2024-02-07T09:10:08.076+0000] {logging_mixin.py:188} INFO - [2024-02-07T09:10:08.075+0000] {dagbag.py:538} INFO - Filling up the DagBag from /home/airflow/.local/lib/python3.8/site-packages/airflow/example_dags/example_short_circuit_operator.py
[2024-02-07T09:10:08.100+0000] {processor.py:840} INFO - DAG(s) 'example_short_circuit_operator' retrieved from /home/airflow/.local/lib/python3.8/site-packages/airflow/example_dags/example_short_circuit_operator.py
[2024-02-07T09:10:08.179+0000] {logging_mixin.py:188} INFO - [2024-02-07T09:10:08.179+0000] {dag.py:3033} INFO - Sync 1 DAGs
[2024-02-07T09:10:08.239+0000] {logging_mixin.py:188} INFO - [2024-02-07T09:10:08.239+0000] {dag.py:3820} INFO - Setting next_dagrun for example_short_circuit_operator to 2024-02-06T00:00:00+00:00, run_after=2024-02-07T00:00:00+00:00
[2024-02-07T09:10:08.306+0000] {processor.py:183} INFO - Processing /home/airflow/.local/lib/python3.8/site-packages/airflow/example_dags/example_short_circuit_operator.py took 0.249 seconds
[2024-02-07T09:10:39.088+0000] {processor.py:161} INFO - Started process (PID=3469) to work on /home/airflow/.local/lib/python3.8/site-packages/airflow/example_dags/example_short_circuit_operator.py
[2024-02-07T09:10:39.089+0000] {processor.py:830} INFO - Processing file /home/airflow/.local/lib/python3.8/site-packages/airflow/example_dags/example_short_circuit_operator.py for tasks to queue
[2024-02-07T09:10:39.092+0000] {logging_mixin.py:188} INFO - [2024-02-07T09:10:39.091+0000] {dagbag.py:538} INFO - Filling up the DagBag from /home/airflow/.local/lib/python3.8/site-packages/airflow/example_dags/example_short_circuit_operator.py
[2024-02-07T09:10:39.103+0000] {processor.py:840} INFO - DAG(s) 'example_short_circuit_operator' retrieved from /home/airflow/.local/lib/python3.8/site-packages/airflow/example_dags/example_short_circuit_operator.py
[2024-02-07T09:10:39.141+0000] {logging_mixin.py:188} INFO - [2024-02-07T09:10:39.141+0000] {dag.py:3033} INFO - Sync 1 DAGs
[2024-02-07T09:10:39.162+0000] {logging_mixin.py:188} INFO - [2024-02-07T09:10:39.162+0000] {dag.py:3820} INFO - Setting next_dagrun for example_short_circuit_operator to 2024-02-06T00:00:00+00:00, run_after=2024-02-07T00:00:00+00:00
[2024-02-07T09:10:39.183+0000] {processor.py:183} INFO - Processing /home/airflow/.local/lib/python3.8/site-packages/airflow/example_dags/example_short_circuit_operator.py took 0.100 seconds
[2024-02-07T09:11:09.302+0000] {processor.py:161} INFO - Started process (PID=3526) to work on /home/airflow/.local/lib/python3.8/site-packages/airflow/example_dags/example_short_circuit_operator.py
[2024-02-07T09:11:09.303+0000] {processor.py:830} INFO - Processing file /home/airflow/.local/lib/python3.8/site-packages/airflow/example_dags/example_short_circuit_operator.py for tasks to queue
[2024-02-07T09:11:09.306+0000] {logging_mixin.py:188} INFO - [2024-02-07T09:11:09.305+0000] {dagbag.py:538} INFO - Filling up the DagBag from /home/airflow/.local/lib/python3.8/site-packages/airflow/example_dags/example_short_circuit_operator.py
[2024-02-07T09:11:09.313+0000] {processor.py:840} INFO - DAG(s) 'example_short_circuit_operator' retrieved from /home/airflow/.local/lib/python3.8/site-packages/airflow/example_dags/example_short_circuit_operator.py
[2024-02-07T09:11:09.338+0000] {logging_mixin.py:188} INFO - [2024-02-07T09:11:09.338+0000] {dag.py:3033} INFO - Sync 1 DAGs
[2024-02-07T09:11:09.363+0000] {logging_mixin.py:188} INFO - [2024-02-07T09:11:09.362+0000] {dag.py:3820} INFO - Setting next_dagrun for example_short_circuit_operator to 2024-02-06T00:00:00+00:00, run_after=2024-02-07T00:00:00+00:00
[2024-02-07T09:11:09.386+0000] {processor.py:183} INFO - Processing /home/airflow/.local/lib/python3.8/site-packages/airflow/example_dags/example_short_circuit_operator.py took 0.087 seconds
