[2024-02-07T08:40:09.815+0000] {processor.py:161} INFO - Started process (PID=45) to work on /home/airflow/.local/lib/python3.8/site-packages/airflow/example_dags/example_dynamic_task_mapping_with_no_taskflow_operators.py
[2024-02-07T08:40:09.817+0000] {processor.py:830} INFO - Processing file /home/airflow/.local/lib/python3.8/site-packages/airflow/example_dags/example_dynamic_task_mapping_with_no_taskflow_operators.py for tasks to queue
[2024-02-07T08:40:09.819+0000] {logging_mixin.py:188} INFO - [2024-02-07T08:40:09.819+0000] {dagbag.py:538} INFO - Filling up the DagBag from /home/airflow/.local/lib/python3.8/site-packages/airflow/example_dags/example_dynamic_task_mapping_with_no_taskflow_operators.py
[2024-02-07T08:40:09.832+0000] {processor.py:840} INFO - DAG(s) 'example_dynamic_task_mapping_with_no_taskflow_operators' retrieved from /home/airflow/.local/lib/python3.8/site-packages/airflow/example_dags/example_dynamic_task_mapping_with_no_taskflow_operators.py
[2024-02-07T08:40:09.866+0000] {logging_mixin.py:188} INFO - [2024-02-07T08:40:09.866+0000] {dag.py:3033} INFO - Sync 1 DAGs
[2024-02-07T08:40:09.899+0000] {logging_mixin.py:188} INFO - [2024-02-07T08:40:09.899+0000] {dag.py:3820} INFO - Setting next_dagrun for example_dynamic_task_mapping_with_no_taskflow_operators to 2024-02-06T00:00:00+00:00, run_after=2024-02-07T00:00:00+00:00
[2024-02-07T08:40:09.923+0000] {processor.py:183} INFO - Processing /home/airflow/.local/lib/python3.8/site-packages/airflow/example_dags/example_dynamic_task_mapping_with_no_taskflow_operators.py took 0.112 seconds
[2024-02-07T08:40:40.792+0000] {processor.py:161} INFO - Started process (PID=102) to work on /home/airflow/.local/lib/python3.8/site-packages/airflow/example_dags/example_dynamic_task_mapping_with_no_taskflow_operators.py
[2024-02-07T08:40:40.793+0000] {processor.py:830} INFO - Processing file /home/airflow/.local/lib/python3.8/site-packages/airflow/example_dags/example_dynamic_task_mapping_with_no_taskflow_operators.py for tasks to queue
[2024-02-07T08:40:40.796+0000] {logging_mixin.py:188} INFO - [2024-02-07T08:40:40.796+0000] {dagbag.py:538} INFO - Filling up the DagBag from /home/airflow/.local/lib/python3.8/site-packages/airflow/example_dags/example_dynamic_task_mapping_with_no_taskflow_operators.py
[2024-02-07T08:40:40.802+0000] {processor.py:840} INFO - DAG(s) 'example_dynamic_task_mapping_with_no_taskflow_operators' retrieved from /home/airflow/.local/lib/python3.8/site-packages/airflow/example_dags/example_dynamic_task_mapping_with_no_taskflow_operators.py
[2024-02-07T08:40:40.828+0000] {logging_mixin.py:188} INFO - [2024-02-07T08:40:40.828+0000] {dag.py:3033} INFO - Sync 1 DAGs
[2024-02-07T08:40:40.849+0000] {logging_mixin.py:188} INFO - [2024-02-07T08:40:40.849+0000] {dag.py:3820} INFO - Setting next_dagrun for example_dynamic_task_mapping_with_no_taskflow_operators to 2024-02-06T00:00:00+00:00, run_after=2024-02-07T00:00:00+00:00
[2024-02-07T08:40:40.872+0000] {processor.py:183} INFO - Processing /home/airflow/.local/lib/python3.8/site-packages/airflow/example_dags/example_dynamic_task_mapping_with_no_taskflow_operators.py took 0.084 seconds
[2024-02-07T08:41:11.389+0000] {processor.py:161} INFO - Started process (PID=159) to work on /home/airflow/.local/lib/python3.8/site-packages/airflow/example_dags/example_dynamic_task_mapping_with_no_taskflow_operators.py
[2024-02-07T08:41:11.390+0000] {processor.py:830} INFO - Processing file /home/airflow/.local/lib/python3.8/site-packages/airflow/example_dags/example_dynamic_task_mapping_with_no_taskflow_operators.py for tasks to queue
[2024-02-07T08:41:11.393+0000] {logging_mixin.py:188} INFO - [2024-02-07T08:41:11.393+0000] {dagbag.py:538} INFO - Filling up the DagBag from /home/airflow/.local/lib/python3.8/site-packages/airflow/example_dags/example_dynamic_task_mapping_with_no_taskflow_operators.py
[2024-02-07T08:41:11.400+0000] {processor.py:840} INFO - DAG(s) 'example_dynamic_task_mapping_with_no_taskflow_operators' retrieved from /home/airflow/.local/lib/python3.8/site-packages/airflow/example_dags/example_dynamic_task_mapping_with_no_taskflow_operators.py
[2024-02-07T08:41:11.426+0000] {logging_mixin.py:188} INFO - [2024-02-07T08:41:11.425+0000] {dag.py:3033} INFO - Sync 1 DAGs
[2024-02-07T08:41:11.455+0000] {logging_mixin.py:188} INFO - [2024-02-07T08:41:11.455+0000] {dag.py:3820} INFO - Setting next_dagrun for example_dynamic_task_mapping_with_no_taskflow_operators to 2024-02-06T00:00:00+00:00, run_after=2024-02-07T00:00:00+00:00
[2024-02-07T08:41:11.480+0000] {processor.py:183} INFO - Processing /home/airflow/.local/lib/python3.8/site-packages/airflow/example_dags/example_dynamic_task_mapping_with_no_taskflow_operators.py took 0.095 seconds
[2024-02-07T08:41:42.048+0000] {processor.py:161} INFO - Started process (PID=216) to work on /home/airflow/.local/lib/python3.8/site-packages/airflow/example_dags/example_dynamic_task_mapping_with_no_taskflow_operators.py
[2024-02-07T08:41:42.049+0000] {processor.py:830} INFO - Processing file /home/airflow/.local/lib/python3.8/site-packages/airflow/example_dags/example_dynamic_task_mapping_with_no_taskflow_operators.py for tasks to queue
[2024-02-07T08:41:42.053+0000] {logging_mixin.py:188} INFO - [2024-02-07T08:41:42.052+0000] {dagbag.py:538} INFO - Filling up the DagBag from /home/airflow/.local/lib/python3.8/site-packages/airflow/example_dags/example_dynamic_task_mapping_with_no_taskflow_operators.py
[2024-02-07T08:41:42.061+0000] {processor.py:840} INFO - DAG(s) 'example_dynamic_task_mapping_with_no_taskflow_operators' retrieved from /home/airflow/.local/lib/python3.8/site-packages/airflow/example_dags/example_dynamic_task_mapping_with_no_taskflow_operators.py
[2024-02-07T08:41:42.086+0000] {logging_mixin.py:188} INFO - [2024-02-07T08:41:42.086+0000] {dag.py:3033} INFO - Sync 1 DAGs
[2024-02-07T08:41:42.126+0000] {logging_mixin.py:188} INFO - [2024-02-07T08:41:42.126+0000] {dag.py:3820} INFO - Setting next_dagrun for example_dynamic_task_mapping_with_no_taskflow_operators to 2024-02-06T00:00:00+00:00, run_after=2024-02-07T00:00:00+00:00
[2024-02-07T08:41:42.150+0000] {processor.py:183} INFO - Processing /home/airflow/.local/lib/python3.8/site-packages/airflow/example_dags/example_dynamic_task_mapping_with_no_taskflow_operators.py took 0.106 seconds
[2024-02-07T08:42:12.518+0000] {processor.py:161} INFO - Started process (PID=274) to work on /home/airflow/.local/lib/python3.8/site-packages/airflow/example_dags/example_dynamic_task_mapping_with_no_taskflow_operators.py
[2024-02-07T08:42:12.519+0000] {processor.py:830} INFO - Processing file /home/airflow/.local/lib/python3.8/site-packages/airflow/example_dags/example_dynamic_task_mapping_with_no_taskflow_operators.py for tasks to queue
[2024-02-07T08:42:12.522+0000] {logging_mixin.py:188} INFO - [2024-02-07T08:42:12.521+0000] {dagbag.py:538} INFO - Filling up the DagBag from /home/airflow/.local/lib/python3.8/site-packages/airflow/example_dags/example_dynamic_task_mapping_with_no_taskflow_operators.py
[2024-02-07T08:42:12.528+0000] {processor.py:840} INFO - DAG(s) 'example_dynamic_task_mapping_with_no_taskflow_operators' retrieved from /home/airflow/.local/lib/python3.8/site-packages/airflow/example_dags/example_dynamic_task_mapping_with_no_taskflow_operators.py
[2024-02-07T08:42:12.548+0000] {logging_mixin.py:188} INFO - [2024-02-07T08:42:12.547+0000] {dag.py:3033} INFO - Sync 1 DAGs
[2024-02-07T08:42:12.569+0000] {logging_mixin.py:188} INFO - [2024-02-07T08:42:12.568+0000] {dag.py:3820} INFO - Setting next_dagrun for example_dynamic_task_mapping_with_no_taskflow_operators to 2024-02-06T00:00:00+00:00, run_after=2024-02-07T00:00:00+00:00
[2024-02-07T08:42:12.605+0000] {processor.py:183} INFO - Processing /home/airflow/.local/lib/python3.8/site-packages/airflow/example_dags/example_dynamic_task_mapping_with_no_taskflow_operators.py took 0.091 seconds
[2024-02-07T08:42:42.718+0000] {processor.py:161} INFO - Started process (PID=330) to work on /home/airflow/.local/lib/python3.8/site-packages/airflow/example_dags/example_dynamic_task_mapping_with_no_taskflow_operators.py
[2024-02-07T08:42:42.719+0000] {processor.py:830} INFO - Processing file /home/airflow/.local/lib/python3.8/site-packages/airflow/example_dags/example_dynamic_task_mapping_with_no_taskflow_operators.py for tasks to queue
[2024-02-07T08:42:42.723+0000] {logging_mixin.py:188} INFO - [2024-02-07T08:42:42.722+0000] {dagbag.py:538} INFO - Filling up the DagBag from /home/airflow/.local/lib/python3.8/site-packages/airflow/example_dags/example_dynamic_task_mapping_with_no_taskflow_operators.py
[2024-02-07T08:42:42.732+0000] {processor.py:840} INFO - DAG(s) 'example_dynamic_task_mapping_with_no_taskflow_operators' retrieved from /home/airflow/.local/lib/python3.8/site-packages/airflow/example_dags/example_dynamic_task_mapping_with_no_taskflow_operators.py
[2024-02-07T08:42:42.753+0000] {logging_mixin.py:188} INFO - [2024-02-07T08:42:42.752+0000] {dag.py:3033} INFO - Sync 1 DAGs
[2024-02-07T08:42:42.775+0000] {logging_mixin.py:188} INFO - [2024-02-07T08:42:42.775+0000] {dag.py:3820} INFO - Setting next_dagrun for example_dynamic_task_mapping_with_no_taskflow_operators to 2024-02-06T00:00:00+00:00, run_after=2024-02-07T00:00:00+00:00
[2024-02-07T08:42:42.806+0000] {processor.py:183} INFO - Processing /home/airflow/.local/lib/python3.8/site-packages/airflow/example_dags/example_dynamic_task_mapping_with_no_taskflow_operators.py took 0.092 seconds
[2024-02-07T08:43:13.009+0000] {processor.py:161} INFO - Started process (PID=386) to work on /home/airflow/.local/lib/python3.8/site-packages/airflow/example_dags/example_dynamic_task_mapping_with_no_taskflow_operators.py
[2024-02-07T08:43:13.011+0000] {processor.py:830} INFO - Processing file /home/airflow/.local/lib/python3.8/site-packages/airflow/example_dags/example_dynamic_task_mapping_with_no_taskflow_operators.py for tasks to queue
[2024-02-07T08:43:13.013+0000] {logging_mixin.py:188} INFO - [2024-02-07T08:43:13.013+0000] {dagbag.py:538} INFO - Filling up the DagBag from /home/airflow/.local/lib/python3.8/site-packages/airflow/example_dags/example_dynamic_task_mapping_with_no_taskflow_operators.py
[2024-02-07T08:43:13.020+0000] {processor.py:840} INFO - DAG(s) 'example_dynamic_task_mapping_with_no_taskflow_operators' retrieved from /home/airflow/.local/lib/python3.8/site-packages/airflow/example_dags/example_dynamic_task_mapping_with_no_taskflow_operators.py
[2024-02-07T08:43:13.042+0000] {logging_mixin.py:188} INFO - [2024-02-07T08:43:13.042+0000] {dag.py:3033} INFO - Sync 1 DAGs
[2024-02-07T08:43:13.072+0000] {logging_mixin.py:188} INFO - [2024-02-07T08:43:13.072+0000] {dag.py:3820} INFO - Setting next_dagrun for example_dynamic_task_mapping_with_no_taskflow_operators to 2024-02-06T00:00:00+00:00, run_after=2024-02-07T00:00:00+00:00
[2024-02-07T08:43:13.106+0000] {processor.py:183} INFO - Processing /home/airflow/.local/lib/python3.8/site-packages/airflow/example_dags/example_dynamic_task_mapping_with_no_taskflow_operators.py took 0.100 seconds
[2024-02-07T08:43:43.376+0000] {processor.py:161} INFO - Started process (PID=443) to work on /home/airflow/.local/lib/python3.8/site-packages/airflow/example_dags/example_dynamic_task_mapping_with_no_taskflow_operators.py
[2024-02-07T08:43:43.377+0000] {processor.py:830} INFO - Processing file /home/airflow/.local/lib/python3.8/site-packages/airflow/example_dags/example_dynamic_task_mapping_with_no_taskflow_operators.py for tasks to queue
[2024-02-07T08:43:43.380+0000] {logging_mixin.py:188} INFO - [2024-02-07T08:43:43.380+0000] {dagbag.py:538} INFO - Filling up the DagBag from /home/airflow/.local/lib/python3.8/site-packages/airflow/example_dags/example_dynamic_task_mapping_with_no_taskflow_operators.py
[2024-02-07T08:43:43.388+0000] {processor.py:840} INFO - DAG(s) 'example_dynamic_task_mapping_with_no_taskflow_operators' retrieved from /home/airflow/.local/lib/python3.8/site-packages/airflow/example_dags/example_dynamic_task_mapping_with_no_taskflow_operators.py
[2024-02-07T08:43:43.411+0000] {logging_mixin.py:188} INFO - [2024-02-07T08:43:43.411+0000] {dag.py:3033} INFO - Sync 1 DAGs
[2024-02-07T08:43:43.442+0000] {logging_mixin.py:188} INFO - [2024-02-07T08:43:43.442+0000] {dag.py:3820} INFO - Setting next_dagrun for example_dynamic_task_mapping_with_no_taskflow_operators to 2024-02-06T00:00:00+00:00, run_after=2024-02-07T00:00:00+00:00
[2024-02-07T08:43:43.470+0000] {processor.py:183} INFO - Processing /home/airflow/.local/lib/python3.8/site-packages/airflow/example_dags/example_dynamic_task_mapping_with_no_taskflow_operators.py took 0.097 seconds
[2024-02-07T08:44:14.146+0000] {processor.py:161} INFO - Started process (PID=500) to work on /home/airflow/.local/lib/python3.8/site-packages/airflow/example_dags/example_dynamic_task_mapping_with_no_taskflow_operators.py
[2024-02-07T08:44:14.148+0000] {processor.py:830} INFO - Processing file /home/airflow/.local/lib/python3.8/site-packages/airflow/example_dags/example_dynamic_task_mapping_with_no_taskflow_operators.py for tasks to queue
[2024-02-07T08:44:14.150+0000] {logging_mixin.py:188} INFO - [2024-02-07T08:44:14.150+0000] {dagbag.py:538} INFO - Filling up the DagBag from /home/airflow/.local/lib/python3.8/site-packages/airflow/example_dags/example_dynamic_task_mapping_with_no_taskflow_operators.py
[2024-02-07T08:44:14.158+0000] {processor.py:840} INFO - DAG(s) 'example_dynamic_task_mapping_with_no_taskflow_operators' retrieved from /home/airflow/.local/lib/python3.8/site-packages/airflow/example_dags/example_dynamic_task_mapping_with_no_taskflow_operators.py
[2024-02-07T08:44:14.183+0000] {logging_mixin.py:188} INFO - [2024-02-07T08:44:14.183+0000] {dag.py:3033} INFO - Sync 1 DAGs
[2024-02-07T08:44:14.212+0000] {logging_mixin.py:188} INFO - [2024-02-07T08:44:14.212+0000] {dag.py:3820} INFO - Setting next_dagrun for example_dynamic_task_mapping_with_no_taskflow_operators to 2024-02-06T00:00:00+00:00, run_after=2024-02-07T00:00:00+00:00
[2024-02-07T08:44:14.241+0000] {processor.py:183} INFO - Processing /home/airflow/.local/lib/python3.8/site-packages/airflow/example_dags/example_dynamic_task_mapping_with_no_taskflow_operators.py took 0.099 seconds
[2024-02-07T08:44:44.492+0000] {processor.py:161} INFO - Started process (PID=557) to work on /home/airflow/.local/lib/python3.8/site-packages/airflow/example_dags/example_dynamic_task_mapping_with_no_taskflow_operators.py
[2024-02-07T08:44:44.493+0000] {processor.py:830} INFO - Processing file /home/airflow/.local/lib/python3.8/site-packages/airflow/example_dags/example_dynamic_task_mapping_with_no_taskflow_operators.py for tasks to queue
[2024-02-07T08:44:44.496+0000] {logging_mixin.py:188} INFO - [2024-02-07T08:44:44.496+0000] {dagbag.py:538} INFO - Filling up the DagBag from /home/airflow/.local/lib/python3.8/site-packages/airflow/example_dags/example_dynamic_task_mapping_with_no_taskflow_operators.py
[2024-02-07T08:44:44.502+0000] {processor.py:840} INFO - DAG(s) 'example_dynamic_task_mapping_with_no_taskflow_operators' retrieved from /home/airflow/.local/lib/python3.8/site-packages/airflow/example_dags/example_dynamic_task_mapping_with_no_taskflow_operators.py
[2024-02-07T08:44:44.528+0000] {logging_mixin.py:188} INFO - [2024-02-07T08:44:44.527+0000] {dag.py:3033} INFO - Sync 1 DAGs
[2024-02-07T08:44:44.554+0000] {logging_mixin.py:188} INFO - [2024-02-07T08:44:44.554+0000] {dag.py:3820} INFO - Setting next_dagrun for example_dynamic_task_mapping_with_no_taskflow_operators to 2024-02-06T00:00:00+00:00, run_after=2024-02-07T00:00:00+00:00
[2024-02-07T08:44:44.578+0000] {processor.py:183} INFO - Processing /home/airflow/.local/lib/python3.8/site-packages/airflow/example_dags/example_dynamic_task_mapping_with_no_taskflow_operators.py took 0.090 seconds
[2024-02-07T08:45:14.716+0000] {processor.py:161} INFO - Started process (PID=614) to work on /home/airflow/.local/lib/python3.8/site-packages/airflow/example_dags/example_dynamic_task_mapping_with_no_taskflow_operators.py
[2024-02-07T08:45:14.718+0000] {processor.py:830} INFO - Processing file /home/airflow/.local/lib/python3.8/site-packages/airflow/example_dags/example_dynamic_task_mapping_with_no_taskflow_operators.py for tasks to queue
[2024-02-07T08:45:14.721+0000] {logging_mixin.py:188} INFO - [2024-02-07T08:45:14.721+0000] {dagbag.py:538} INFO - Filling up the DagBag from /home/airflow/.local/lib/python3.8/site-packages/airflow/example_dags/example_dynamic_task_mapping_with_no_taskflow_operators.py
[2024-02-07T08:45:14.733+0000] {processor.py:840} INFO - DAG(s) 'example_dynamic_task_mapping_with_no_taskflow_operators' retrieved from /home/airflow/.local/lib/python3.8/site-packages/airflow/example_dags/example_dynamic_task_mapping_with_no_taskflow_operators.py
[2024-02-07T08:45:14.768+0000] {logging_mixin.py:188} INFO - [2024-02-07T08:45:14.768+0000] {dag.py:3033} INFO - Sync 1 DAGs
[2024-02-07T08:45:14.806+0000] {logging_mixin.py:188} INFO - [2024-02-07T08:45:14.806+0000] {dag.py:3820} INFO - Setting next_dagrun for example_dynamic_task_mapping_with_no_taskflow_operators to 2024-02-06T00:00:00+00:00, run_after=2024-02-07T00:00:00+00:00
[2024-02-07T08:45:14.832+0000] {processor.py:183} INFO - Processing /home/airflow/.local/lib/python3.8/site-packages/airflow/example_dags/example_dynamic_task_mapping_with_no_taskflow_operators.py took 0.122 seconds
[2024-02-07T08:45:45.200+0000] {processor.py:161} INFO - Started process (PID=671) to work on /home/airflow/.local/lib/python3.8/site-packages/airflow/example_dags/example_dynamic_task_mapping_with_no_taskflow_operators.py
[2024-02-07T08:45:45.201+0000] {processor.py:830} INFO - Processing file /home/airflow/.local/lib/python3.8/site-packages/airflow/example_dags/example_dynamic_task_mapping_with_no_taskflow_operators.py for tasks to queue
[2024-02-07T08:45:45.203+0000] {logging_mixin.py:188} INFO - [2024-02-07T08:45:45.203+0000] {dagbag.py:538} INFO - Filling up the DagBag from /home/airflow/.local/lib/python3.8/site-packages/airflow/example_dags/example_dynamic_task_mapping_with_no_taskflow_operators.py
[2024-02-07T08:45:45.210+0000] {processor.py:840} INFO - DAG(s) 'example_dynamic_task_mapping_with_no_taskflow_operators' retrieved from /home/airflow/.local/lib/python3.8/site-packages/airflow/example_dags/example_dynamic_task_mapping_with_no_taskflow_operators.py
[2024-02-07T08:45:45.231+0000] {logging_mixin.py:188} INFO - [2024-02-07T08:45:45.231+0000] {dag.py:3033} INFO - Sync 1 DAGs
[2024-02-07T08:45:45.255+0000] {logging_mixin.py:188} INFO - [2024-02-07T08:45:45.255+0000] {dag.py:3820} INFO - Setting next_dagrun for example_dynamic_task_mapping_with_no_taskflow_operators to 2024-02-06T00:00:00+00:00, run_after=2024-02-07T00:00:00+00:00
[2024-02-07T08:45:45.279+0000] {processor.py:183} INFO - Processing /home/airflow/.local/lib/python3.8/site-packages/airflow/example_dags/example_dynamic_task_mapping_with_no_taskflow_operators.py took 0.082 seconds
[2024-02-07T08:46:15.890+0000] {processor.py:161} INFO - Started process (PID=728) to work on /home/airflow/.local/lib/python3.8/site-packages/airflow/example_dags/example_dynamic_task_mapping_with_no_taskflow_operators.py
[2024-02-07T08:46:15.891+0000] {processor.py:830} INFO - Processing file /home/airflow/.local/lib/python3.8/site-packages/airflow/example_dags/example_dynamic_task_mapping_with_no_taskflow_operators.py for tasks to queue
[2024-02-07T08:46:15.894+0000] {logging_mixin.py:188} INFO - [2024-02-07T08:46:15.894+0000] {dagbag.py:538} INFO - Filling up the DagBag from /home/airflow/.local/lib/python3.8/site-packages/airflow/example_dags/example_dynamic_task_mapping_with_no_taskflow_operators.py
[2024-02-07T08:46:15.902+0000] {processor.py:840} INFO - DAG(s) 'example_dynamic_task_mapping_with_no_taskflow_operators' retrieved from /home/airflow/.local/lib/python3.8/site-packages/airflow/example_dags/example_dynamic_task_mapping_with_no_taskflow_operators.py
[2024-02-07T08:46:15.927+0000] {logging_mixin.py:188} INFO - [2024-02-07T08:46:15.927+0000] {dag.py:3033} INFO - Sync 1 DAGs
[2024-02-07T08:46:15.955+0000] {logging_mixin.py:188} INFO - [2024-02-07T08:46:15.955+0000] {dag.py:3820} INFO - Setting next_dagrun for example_dynamic_task_mapping_with_no_taskflow_operators to 2024-02-06T00:00:00+00:00, run_after=2024-02-07T00:00:00+00:00
[2024-02-07T08:46:15.984+0000] {processor.py:183} INFO - Processing /home/airflow/.local/lib/python3.8/site-packages/airflow/example_dags/example_dynamic_task_mapping_with_no_taskflow_operators.py took 0.099 seconds
[2024-02-07T08:46:46.302+0000] {processor.py:161} INFO - Started process (PID=785) to work on /home/airflow/.local/lib/python3.8/site-packages/airflow/example_dags/example_dynamic_task_mapping_with_no_taskflow_operators.py
[2024-02-07T08:46:46.304+0000] {processor.py:830} INFO - Processing file /home/airflow/.local/lib/python3.8/site-packages/airflow/example_dags/example_dynamic_task_mapping_with_no_taskflow_operators.py for tasks to queue
[2024-02-07T08:46:46.309+0000] {logging_mixin.py:188} INFO - [2024-02-07T08:46:46.308+0000] {dagbag.py:538} INFO - Filling up the DagBag from /home/airflow/.local/lib/python3.8/site-packages/airflow/example_dags/example_dynamic_task_mapping_with_no_taskflow_operators.py
[2024-02-07T08:46:46.318+0000] {processor.py:840} INFO - DAG(s) 'example_dynamic_task_mapping_with_no_taskflow_operators' retrieved from /home/airflow/.local/lib/python3.8/site-packages/airflow/example_dags/example_dynamic_task_mapping_with_no_taskflow_operators.py
[2024-02-07T08:46:46.347+0000] {logging_mixin.py:188} INFO - [2024-02-07T08:46:46.347+0000] {dag.py:3033} INFO - Sync 1 DAGs
[2024-02-07T08:46:46.390+0000] {logging_mixin.py:188} INFO - [2024-02-07T08:46:46.389+0000] {dag.py:3820} INFO - Setting next_dagrun for example_dynamic_task_mapping_with_no_taskflow_operators to 2024-02-06T00:00:00+00:00, run_after=2024-02-07T00:00:00+00:00
[2024-02-07T08:46:46.419+0000] {processor.py:183} INFO - Processing /home/airflow/.local/lib/python3.8/site-packages/airflow/example_dags/example_dynamic_task_mapping_with_no_taskflow_operators.py took 0.121 seconds
[2024-02-07T08:47:16.706+0000] {processor.py:161} INFO - Started process (PID=842) to work on /home/airflow/.local/lib/python3.8/site-packages/airflow/example_dags/example_dynamic_task_mapping_with_no_taskflow_operators.py
[2024-02-07T08:47:16.708+0000] {processor.py:830} INFO - Processing file /home/airflow/.local/lib/python3.8/site-packages/airflow/example_dags/example_dynamic_task_mapping_with_no_taskflow_operators.py for tasks to queue
[2024-02-07T08:47:16.710+0000] {logging_mixin.py:188} INFO - [2024-02-07T08:47:16.710+0000] {dagbag.py:538} INFO - Filling up the DagBag from /home/airflow/.local/lib/python3.8/site-packages/airflow/example_dags/example_dynamic_task_mapping_with_no_taskflow_operators.py
[2024-02-07T08:47:16.717+0000] {processor.py:840} INFO - DAG(s) 'example_dynamic_task_mapping_with_no_taskflow_operators' retrieved from /home/airflow/.local/lib/python3.8/site-packages/airflow/example_dags/example_dynamic_task_mapping_with_no_taskflow_operators.py
[2024-02-07T08:47:16.738+0000] {logging_mixin.py:188} INFO - [2024-02-07T08:47:16.738+0000] {dag.py:3033} INFO - Sync 1 DAGs
[2024-02-07T08:47:16.764+0000] {logging_mixin.py:188} INFO - [2024-02-07T08:47:16.764+0000] {dag.py:3820} INFO - Setting next_dagrun for example_dynamic_task_mapping_with_no_taskflow_operators to 2024-02-06T00:00:00+00:00, run_after=2024-02-07T00:00:00+00:00
[2024-02-07T08:47:16.784+0000] {processor.py:183} INFO - Processing /home/airflow/.local/lib/python3.8/site-packages/airflow/example_dags/example_dynamic_task_mapping_with_no_taskflow_operators.py took 0.081 seconds
[2024-02-07T08:47:47.245+0000] {processor.py:161} INFO - Started process (PID=899) to work on /home/airflow/.local/lib/python3.8/site-packages/airflow/example_dags/example_dynamic_task_mapping_with_no_taskflow_operators.py
[2024-02-07T08:47:47.247+0000] {processor.py:830} INFO - Processing file /home/airflow/.local/lib/python3.8/site-packages/airflow/example_dags/example_dynamic_task_mapping_with_no_taskflow_operators.py for tasks to queue
[2024-02-07T08:47:47.249+0000] {logging_mixin.py:188} INFO - [2024-02-07T08:47:47.249+0000] {dagbag.py:538} INFO - Filling up the DagBag from /home/airflow/.local/lib/python3.8/site-packages/airflow/example_dags/example_dynamic_task_mapping_with_no_taskflow_operators.py
[2024-02-07T08:47:47.256+0000] {processor.py:840} INFO - DAG(s) 'example_dynamic_task_mapping_with_no_taskflow_operators' retrieved from /home/airflow/.local/lib/python3.8/site-packages/airflow/example_dags/example_dynamic_task_mapping_with_no_taskflow_operators.py
[2024-02-07T08:47:47.277+0000] {logging_mixin.py:188} INFO - [2024-02-07T08:47:47.277+0000] {dag.py:3033} INFO - Sync 1 DAGs
[2024-02-07T08:47:47.301+0000] {logging_mixin.py:188} INFO - [2024-02-07T08:47:47.301+0000] {dag.py:3820} INFO - Setting next_dagrun for example_dynamic_task_mapping_with_no_taskflow_operators to 2024-02-06T00:00:00+00:00, run_after=2024-02-07T00:00:00+00:00
[2024-02-07T08:47:47.319+0000] {processor.py:183} INFO - Processing /home/airflow/.local/lib/python3.8/site-packages/airflow/example_dags/example_dynamic_task_mapping_with_no_taskflow_operators.py took 0.077 seconds
[2024-02-07T08:48:17.499+0000] {processor.py:161} INFO - Started process (PID=956) to work on /home/airflow/.local/lib/python3.8/site-packages/airflow/example_dags/example_dynamic_task_mapping_with_no_taskflow_operators.py
[2024-02-07T08:48:17.500+0000] {processor.py:830} INFO - Processing file /home/airflow/.local/lib/python3.8/site-packages/airflow/example_dags/example_dynamic_task_mapping_with_no_taskflow_operators.py for tasks to queue
[2024-02-07T08:48:17.502+0000] {logging_mixin.py:188} INFO - [2024-02-07T08:48:17.501+0000] {dagbag.py:538} INFO - Filling up the DagBag from /home/airflow/.local/lib/python3.8/site-packages/airflow/example_dags/example_dynamic_task_mapping_with_no_taskflow_operators.py
[2024-02-07T08:48:17.509+0000] {processor.py:840} INFO - DAG(s) 'example_dynamic_task_mapping_with_no_taskflow_operators' retrieved from /home/airflow/.local/lib/python3.8/site-packages/airflow/example_dags/example_dynamic_task_mapping_with_no_taskflow_operators.py
[2024-02-07T08:48:17.530+0000] {logging_mixin.py:188} INFO - [2024-02-07T08:48:17.530+0000] {dag.py:3033} INFO - Sync 1 DAGs
[2024-02-07T08:48:17.551+0000] {logging_mixin.py:188} INFO - [2024-02-07T08:48:17.551+0000] {dag.py:3820} INFO - Setting next_dagrun for example_dynamic_task_mapping_with_no_taskflow_operators to 2024-02-06T00:00:00+00:00, run_after=2024-02-07T00:00:00+00:00
[2024-02-07T08:48:17.571+0000] {processor.py:183} INFO - Processing /home/airflow/.local/lib/python3.8/site-packages/airflow/example_dags/example_dynamic_task_mapping_with_no_taskflow_operators.py took 0.076 seconds
[2024-02-07T08:48:48.005+0000] {processor.py:161} INFO - Started process (PID=1014) to work on /home/airflow/.local/lib/python3.8/site-packages/airflow/example_dags/example_dynamic_task_mapping_with_no_taskflow_operators.py
[2024-02-07T08:48:48.007+0000] {processor.py:830} INFO - Processing file /home/airflow/.local/lib/python3.8/site-packages/airflow/example_dags/example_dynamic_task_mapping_with_no_taskflow_operators.py for tasks to queue
[2024-02-07T08:48:48.009+0000] {logging_mixin.py:188} INFO - [2024-02-07T08:48:48.009+0000] {dagbag.py:538} INFO - Filling up the DagBag from /home/airflow/.local/lib/python3.8/site-packages/airflow/example_dags/example_dynamic_task_mapping_with_no_taskflow_operators.py
[2024-02-07T08:48:48.015+0000] {processor.py:840} INFO - DAG(s) 'example_dynamic_task_mapping_with_no_taskflow_operators' retrieved from /home/airflow/.local/lib/python3.8/site-packages/airflow/example_dags/example_dynamic_task_mapping_with_no_taskflow_operators.py
[2024-02-07T08:48:48.037+0000] {logging_mixin.py:188} INFO - [2024-02-07T08:48:48.037+0000] {dag.py:3033} INFO - Sync 1 DAGs
[2024-02-07T08:48:48.061+0000] {logging_mixin.py:188} INFO - [2024-02-07T08:48:48.060+0000] {dag.py:3820} INFO - Setting next_dagrun for example_dynamic_task_mapping_with_no_taskflow_operators to 2024-02-06T00:00:00+00:00, run_after=2024-02-07T00:00:00+00:00
[2024-02-07T08:48:48.082+0000] {processor.py:183} INFO - Processing /home/airflow/.local/lib/python3.8/site-packages/airflow/example_dags/example_dynamic_task_mapping_with_no_taskflow_operators.py took 0.080 seconds
[2024-02-07T08:49:18.489+0000] {processor.py:161} INFO - Started process (PID=1071) to work on /home/airflow/.local/lib/python3.8/site-packages/airflow/example_dags/example_dynamic_task_mapping_with_no_taskflow_operators.py
[2024-02-07T08:49:18.490+0000] {processor.py:830} INFO - Processing file /home/airflow/.local/lib/python3.8/site-packages/airflow/example_dags/example_dynamic_task_mapping_with_no_taskflow_operators.py for tasks to queue
[2024-02-07T08:49:18.494+0000] {logging_mixin.py:188} INFO - [2024-02-07T08:49:18.494+0000] {dagbag.py:538} INFO - Filling up the DagBag from /home/airflow/.local/lib/python3.8/site-packages/airflow/example_dags/example_dynamic_task_mapping_with_no_taskflow_operators.py
[2024-02-07T08:49:18.502+0000] {processor.py:840} INFO - DAG(s) 'example_dynamic_task_mapping_with_no_taskflow_operators' retrieved from /home/airflow/.local/lib/python3.8/site-packages/airflow/example_dags/example_dynamic_task_mapping_with_no_taskflow_operators.py
[2024-02-07T08:49:18.523+0000] {logging_mixin.py:188} INFO - [2024-02-07T08:49:18.522+0000] {dag.py:3033} INFO - Sync 1 DAGs
[2024-02-07T08:49:18.550+0000] {logging_mixin.py:188} INFO - [2024-02-07T08:49:18.550+0000] {dag.py:3820} INFO - Setting next_dagrun for example_dynamic_task_mapping_with_no_taskflow_operators to 2024-02-06T00:00:00+00:00, run_after=2024-02-07T00:00:00+00:00
[2024-02-07T08:49:18.571+0000] {processor.py:183} INFO - Processing /home/airflow/.local/lib/python3.8/site-packages/airflow/example_dags/example_dynamic_task_mapping_with_no_taskflow_operators.py took 0.085 seconds
[2024-02-07T08:49:48.982+0000] {processor.py:161} INFO - Started process (PID=1128) to work on /home/airflow/.local/lib/python3.8/site-packages/airflow/example_dags/example_dynamic_task_mapping_with_no_taskflow_operators.py
[2024-02-07T08:49:48.983+0000] {processor.py:830} INFO - Processing file /home/airflow/.local/lib/python3.8/site-packages/airflow/example_dags/example_dynamic_task_mapping_with_no_taskflow_operators.py for tasks to queue
[2024-02-07T08:49:48.986+0000] {logging_mixin.py:188} INFO - [2024-02-07T08:49:48.986+0000] {dagbag.py:538} INFO - Filling up the DagBag from /home/airflow/.local/lib/python3.8/site-packages/airflow/example_dags/example_dynamic_task_mapping_with_no_taskflow_operators.py
[2024-02-07T08:49:48.995+0000] {processor.py:840} INFO - DAG(s) 'example_dynamic_task_mapping_with_no_taskflow_operators' retrieved from /home/airflow/.local/lib/python3.8/site-packages/airflow/example_dags/example_dynamic_task_mapping_with_no_taskflow_operators.py
[2024-02-07T08:49:49.025+0000] {logging_mixin.py:188} INFO - [2024-02-07T08:49:49.025+0000] {dag.py:3033} INFO - Sync 1 DAGs
[2024-02-07T08:49:49.066+0000] {logging_mixin.py:188} INFO - [2024-02-07T08:49:49.065+0000] {dag.py:3820} INFO - Setting next_dagrun for example_dynamic_task_mapping_with_no_taskflow_operators to 2024-02-06T00:00:00+00:00, run_after=2024-02-07T00:00:00+00:00
[2024-02-07T08:49:49.129+0000] {processor.py:183} INFO - Processing /home/airflow/.local/lib/python3.8/site-packages/airflow/example_dags/example_dynamic_task_mapping_with_no_taskflow_operators.py took 0.151 seconds
[2024-02-07T08:50:19.559+0000] {processor.py:161} INFO - Started process (PID=1185) to work on /home/airflow/.local/lib/python3.8/site-packages/airflow/example_dags/example_dynamic_task_mapping_with_no_taskflow_operators.py
[2024-02-07T08:50:19.560+0000] {processor.py:830} INFO - Processing file /home/airflow/.local/lib/python3.8/site-packages/airflow/example_dags/example_dynamic_task_mapping_with_no_taskflow_operators.py for tasks to queue
[2024-02-07T08:50:19.563+0000] {logging_mixin.py:188} INFO - [2024-02-07T08:50:19.563+0000] {dagbag.py:538} INFO - Filling up the DagBag from /home/airflow/.local/lib/python3.8/site-packages/airflow/example_dags/example_dynamic_task_mapping_with_no_taskflow_operators.py
[2024-02-07T08:50:19.575+0000] {processor.py:840} INFO - DAG(s) 'example_dynamic_task_mapping_with_no_taskflow_operators' retrieved from /home/airflow/.local/lib/python3.8/site-packages/airflow/example_dags/example_dynamic_task_mapping_with_no_taskflow_operators.py
[2024-02-07T08:50:19.599+0000] {logging_mixin.py:188} INFO - [2024-02-07T08:50:19.599+0000] {dag.py:3033} INFO - Sync 1 DAGs
[2024-02-07T08:50:19.623+0000] {logging_mixin.py:188} INFO - [2024-02-07T08:50:19.623+0000] {dag.py:3820} INFO - Setting next_dagrun for example_dynamic_task_mapping_with_no_taskflow_operators to 2024-02-06T00:00:00+00:00, run_after=2024-02-07T00:00:00+00:00
[2024-02-07T08:50:19.643+0000] {processor.py:183} INFO - Processing /home/airflow/.local/lib/python3.8/site-packages/airflow/example_dags/example_dynamic_task_mapping_with_no_taskflow_operators.py took 0.096 seconds
[2024-02-07T08:50:50.096+0000] {processor.py:161} INFO - Started process (PID=1242) to work on /home/airflow/.local/lib/python3.8/site-packages/airflow/example_dags/example_dynamic_task_mapping_with_no_taskflow_operators.py
[2024-02-07T08:50:50.097+0000] {processor.py:830} INFO - Processing file /home/airflow/.local/lib/python3.8/site-packages/airflow/example_dags/example_dynamic_task_mapping_with_no_taskflow_operators.py for tasks to queue
[2024-02-07T08:50:50.099+0000] {logging_mixin.py:188} INFO - [2024-02-07T08:50:50.099+0000] {dagbag.py:538} INFO - Filling up the DagBag from /home/airflow/.local/lib/python3.8/site-packages/airflow/example_dags/example_dynamic_task_mapping_with_no_taskflow_operators.py
[2024-02-07T08:50:50.107+0000] {processor.py:840} INFO - DAG(s) 'example_dynamic_task_mapping_with_no_taskflow_operators' retrieved from /home/airflow/.local/lib/python3.8/site-packages/airflow/example_dags/example_dynamic_task_mapping_with_no_taskflow_operators.py
[2024-02-07T08:50:50.125+0000] {logging_mixin.py:188} INFO - [2024-02-07T08:50:50.125+0000] {dag.py:3033} INFO - Sync 1 DAGs
[2024-02-07T08:50:50.149+0000] {logging_mixin.py:188} INFO - [2024-02-07T08:50:50.149+0000] {dag.py:3820} INFO - Setting next_dagrun for example_dynamic_task_mapping_with_no_taskflow_operators to 2024-02-06T00:00:00+00:00, run_after=2024-02-07T00:00:00+00:00
[2024-02-07T08:50:50.168+0000] {processor.py:183} INFO - Processing /home/airflow/.local/lib/python3.8/site-packages/airflow/example_dags/example_dynamic_task_mapping_with_no_taskflow_operators.py took 0.077 seconds
[2024-02-07T08:51:20.554+0000] {processor.py:161} INFO - Started process (PID=1300) to work on /home/airflow/.local/lib/python3.8/site-packages/airflow/example_dags/example_dynamic_task_mapping_with_no_taskflow_operators.py
[2024-02-07T08:51:20.555+0000] {processor.py:830} INFO - Processing file /home/airflow/.local/lib/python3.8/site-packages/airflow/example_dags/example_dynamic_task_mapping_with_no_taskflow_operators.py for tasks to queue
[2024-02-07T08:51:20.558+0000] {logging_mixin.py:188} INFO - [2024-02-07T08:51:20.557+0000] {dagbag.py:538} INFO - Filling up the DagBag from /home/airflow/.local/lib/python3.8/site-packages/airflow/example_dags/example_dynamic_task_mapping_with_no_taskflow_operators.py
[2024-02-07T08:51:20.566+0000] {processor.py:840} INFO - DAG(s) 'example_dynamic_task_mapping_with_no_taskflow_operators' retrieved from /home/airflow/.local/lib/python3.8/site-packages/airflow/example_dags/example_dynamic_task_mapping_with_no_taskflow_operators.py
[2024-02-07T08:51:20.587+0000] {logging_mixin.py:188} INFO - [2024-02-07T08:51:20.587+0000] {dag.py:3033} INFO - Sync 1 DAGs
[2024-02-07T08:51:20.610+0000] {logging_mixin.py:188} INFO - [2024-02-07T08:51:20.610+0000] {dag.py:3820} INFO - Setting next_dagrun for example_dynamic_task_mapping_with_no_taskflow_operators to 2024-02-06T00:00:00+00:00, run_after=2024-02-07T00:00:00+00:00
[2024-02-07T08:51:20.633+0000] {processor.py:183} INFO - Processing /home/airflow/.local/lib/python3.8/site-packages/airflow/example_dags/example_dynamic_task_mapping_with_no_taskflow_operators.py took 0.083 seconds
[2024-02-07T08:51:51.261+0000] {processor.py:161} INFO - Started process (PID=1357) to work on /home/airflow/.local/lib/python3.8/site-packages/airflow/example_dags/example_dynamic_task_mapping_with_no_taskflow_operators.py
[2024-02-07T08:51:51.263+0000] {processor.py:830} INFO - Processing file /home/airflow/.local/lib/python3.8/site-packages/airflow/example_dags/example_dynamic_task_mapping_with_no_taskflow_operators.py for tasks to queue
[2024-02-07T08:51:51.268+0000] {logging_mixin.py:188} INFO - [2024-02-07T08:51:51.267+0000] {dagbag.py:538} INFO - Filling up the DagBag from /home/airflow/.local/lib/python3.8/site-packages/airflow/example_dags/example_dynamic_task_mapping_with_no_taskflow_operators.py
[2024-02-07T08:51:51.277+0000] {processor.py:840} INFO - DAG(s) 'example_dynamic_task_mapping_with_no_taskflow_operators' retrieved from /home/airflow/.local/lib/python3.8/site-packages/airflow/example_dags/example_dynamic_task_mapping_with_no_taskflow_operators.py
[2024-02-07T08:51:51.313+0000] {logging_mixin.py:188} INFO - [2024-02-07T08:51:51.313+0000] {dag.py:3033} INFO - Sync 1 DAGs
[2024-02-07T08:51:51.347+0000] {logging_mixin.py:188} INFO - [2024-02-07T08:51:51.347+0000] {dag.py:3820} INFO - Setting next_dagrun for example_dynamic_task_mapping_with_no_taskflow_operators to 2024-02-06T00:00:00+00:00, run_after=2024-02-07T00:00:00+00:00
[2024-02-07T08:51:51.382+0000] {processor.py:183} INFO - Processing /home/airflow/.local/lib/python3.8/site-packages/airflow/example_dags/example_dynamic_task_mapping_with_no_taskflow_operators.py took 0.125 seconds
[2024-02-07T08:52:21.601+0000] {processor.py:161} INFO - Started process (PID=1414) to work on /home/airflow/.local/lib/python3.8/site-packages/airflow/example_dags/example_dynamic_task_mapping_with_no_taskflow_operators.py
[2024-02-07T08:52:21.603+0000] {processor.py:830} INFO - Processing file /home/airflow/.local/lib/python3.8/site-packages/airflow/example_dags/example_dynamic_task_mapping_with_no_taskflow_operators.py for tasks to queue
[2024-02-07T08:52:21.606+0000] {logging_mixin.py:188} INFO - [2024-02-07T08:52:21.605+0000] {dagbag.py:538} INFO - Filling up the DagBag from /home/airflow/.local/lib/python3.8/site-packages/airflow/example_dags/example_dynamic_task_mapping_with_no_taskflow_operators.py
[2024-02-07T08:52:21.613+0000] {processor.py:840} INFO - DAG(s) 'example_dynamic_task_mapping_with_no_taskflow_operators' retrieved from /home/airflow/.local/lib/python3.8/site-packages/airflow/example_dags/example_dynamic_task_mapping_with_no_taskflow_operators.py
[2024-02-07T08:52:21.638+0000] {logging_mixin.py:188} INFO - [2024-02-07T08:52:21.638+0000] {dag.py:3033} INFO - Sync 1 DAGs
[2024-02-07T08:52:21.667+0000] {logging_mixin.py:188} INFO - [2024-02-07T08:52:21.667+0000] {dag.py:3820} INFO - Setting next_dagrun for example_dynamic_task_mapping_with_no_taskflow_operators to 2024-02-06T00:00:00+00:00, run_after=2024-02-07T00:00:00+00:00
[2024-02-07T08:52:21.690+0000] {processor.py:183} INFO - Processing /home/airflow/.local/lib/python3.8/site-packages/airflow/example_dags/example_dynamic_task_mapping_with_no_taskflow_operators.py took 0.093 seconds
[2024-02-07T08:52:51.838+0000] {processor.py:161} INFO - Started process (PID=1471) to work on /home/airflow/.local/lib/python3.8/site-packages/airflow/example_dags/example_dynamic_task_mapping_with_no_taskflow_operators.py
[2024-02-07T08:52:51.839+0000] {processor.py:830} INFO - Processing file /home/airflow/.local/lib/python3.8/site-packages/airflow/example_dags/example_dynamic_task_mapping_with_no_taskflow_operators.py for tasks to queue
[2024-02-07T08:52:51.842+0000] {logging_mixin.py:188} INFO - [2024-02-07T08:52:51.842+0000] {dagbag.py:538} INFO - Filling up the DagBag from /home/airflow/.local/lib/python3.8/site-packages/airflow/example_dags/example_dynamic_task_mapping_with_no_taskflow_operators.py
[2024-02-07T08:52:51.850+0000] {processor.py:840} INFO - DAG(s) 'example_dynamic_task_mapping_with_no_taskflow_operators' retrieved from /home/airflow/.local/lib/python3.8/site-packages/airflow/example_dags/example_dynamic_task_mapping_with_no_taskflow_operators.py
[2024-02-07T08:52:51.914+0000] {logging_mixin.py:188} INFO - [2024-02-07T08:52:51.913+0000] {dag.py:3033} INFO - Sync 1 DAGs
[2024-02-07T08:52:51.941+0000] {logging_mixin.py:188} INFO - [2024-02-07T08:52:51.941+0000] {dag.py:3820} INFO - Setting next_dagrun for example_dynamic_task_mapping_with_no_taskflow_operators to 2024-02-06T00:00:00+00:00, run_after=2024-02-07T00:00:00+00:00
[2024-02-07T08:52:51.966+0000] {processor.py:183} INFO - Processing /home/airflow/.local/lib/python3.8/site-packages/airflow/example_dags/example_dynamic_task_mapping_with_no_taskflow_operators.py took 0.132 seconds
[2024-02-07T08:53:22.075+0000] {processor.py:161} INFO - Started process (PID=1528) to work on /home/airflow/.local/lib/python3.8/site-packages/airflow/example_dags/example_dynamic_task_mapping_with_no_taskflow_operators.py
[2024-02-07T08:53:22.076+0000] {processor.py:830} INFO - Processing file /home/airflow/.local/lib/python3.8/site-packages/airflow/example_dags/example_dynamic_task_mapping_with_no_taskflow_operators.py for tasks to queue
[2024-02-07T08:53:22.079+0000] {logging_mixin.py:188} INFO - [2024-02-07T08:53:22.078+0000] {dagbag.py:538} INFO - Filling up the DagBag from /home/airflow/.local/lib/python3.8/site-packages/airflow/example_dags/example_dynamic_task_mapping_with_no_taskflow_operators.py
[2024-02-07T08:53:22.085+0000] {processor.py:840} INFO - DAG(s) 'example_dynamic_task_mapping_with_no_taskflow_operators' retrieved from /home/airflow/.local/lib/python3.8/site-packages/airflow/example_dags/example_dynamic_task_mapping_with_no_taskflow_operators.py
[2024-02-07T08:53:22.108+0000] {logging_mixin.py:188} INFO - [2024-02-07T08:53:22.107+0000] {dag.py:3033} INFO - Sync 1 DAGs
[2024-02-07T08:53:22.139+0000] {logging_mixin.py:188} INFO - [2024-02-07T08:53:22.139+0000] {dag.py:3820} INFO - Setting next_dagrun for example_dynamic_task_mapping_with_no_taskflow_operators to 2024-02-06T00:00:00+00:00, run_after=2024-02-07T00:00:00+00:00
[2024-02-07T08:53:22.164+0000] {processor.py:183} INFO - Processing /home/airflow/.local/lib/python3.8/site-packages/airflow/example_dags/example_dynamic_task_mapping_with_no_taskflow_operators.py took 0.094 seconds
[2024-02-07T08:53:52.399+0000] {processor.py:161} INFO - Started process (PID=1585) to work on /home/airflow/.local/lib/python3.8/site-packages/airflow/example_dags/example_dynamic_task_mapping_with_no_taskflow_operators.py
[2024-02-07T08:53:52.400+0000] {processor.py:830} INFO - Processing file /home/airflow/.local/lib/python3.8/site-packages/airflow/example_dags/example_dynamic_task_mapping_with_no_taskflow_operators.py for tasks to queue
[2024-02-07T08:53:52.403+0000] {logging_mixin.py:188} INFO - [2024-02-07T08:53:52.402+0000] {dagbag.py:538} INFO - Filling up the DagBag from /home/airflow/.local/lib/python3.8/site-packages/airflow/example_dags/example_dynamic_task_mapping_with_no_taskflow_operators.py
[2024-02-07T08:53:52.410+0000] {processor.py:840} INFO - DAG(s) 'example_dynamic_task_mapping_with_no_taskflow_operators' retrieved from /home/airflow/.local/lib/python3.8/site-packages/airflow/example_dags/example_dynamic_task_mapping_with_no_taskflow_operators.py
[2024-02-07T08:53:52.428+0000] {logging_mixin.py:188} INFO - [2024-02-07T08:53:52.428+0000] {dag.py:3033} INFO - Sync 1 DAGs
[2024-02-07T08:53:52.452+0000] {logging_mixin.py:188} INFO - [2024-02-07T08:53:52.452+0000] {dag.py:3820} INFO - Setting next_dagrun for example_dynamic_task_mapping_with_no_taskflow_operators to 2024-02-06T00:00:00+00:00, run_after=2024-02-07T00:00:00+00:00
[2024-02-07T08:53:52.473+0000] {processor.py:183} INFO - Processing /home/airflow/.local/lib/python3.8/site-packages/airflow/example_dags/example_dynamic_task_mapping_with_no_taskflow_operators.py took 0.077 seconds
[2024-02-07T08:54:22.893+0000] {processor.py:161} INFO - Started process (PID=1642) to work on /home/airflow/.local/lib/python3.8/site-packages/airflow/example_dags/example_dynamic_task_mapping_with_no_taskflow_operators.py
[2024-02-07T08:54:22.894+0000] {processor.py:830} INFO - Processing file /home/airflow/.local/lib/python3.8/site-packages/airflow/example_dags/example_dynamic_task_mapping_with_no_taskflow_operators.py for tasks to queue
[2024-02-07T08:54:22.898+0000] {logging_mixin.py:188} INFO - [2024-02-07T08:54:22.898+0000] {dagbag.py:538} INFO - Filling up the DagBag from /home/airflow/.local/lib/python3.8/site-packages/airflow/example_dags/example_dynamic_task_mapping_with_no_taskflow_operators.py
[2024-02-07T08:54:22.910+0000] {processor.py:840} INFO - DAG(s) 'example_dynamic_task_mapping_with_no_taskflow_operators' retrieved from /home/airflow/.local/lib/python3.8/site-packages/airflow/example_dags/example_dynamic_task_mapping_with_no_taskflow_operators.py
[2024-02-07T08:54:22.938+0000] {logging_mixin.py:188} INFO - [2024-02-07T08:54:22.937+0000] {dag.py:3033} INFO - Sync 1 DAGs
[2024-02-07T08:54:22.978+0000] {logging_mixin.py:188} INFO - [2024-02-07T08:54:22.977+0000] {dag.py:3820} INFO - Setting next_dagrun for example_dynamic_task_mapping_with_no_taskflow_operators to 2024-02-06T00:00:00+00:00, run_after=2024-02-07T00:00:00+00:00
[2024-02-07T08:54:23.010+0000] {processor.py:183} INFO - Processing /home/airflow/.local/lib/python3.8/site-packages/airflow/example_dags/example_dynamic_task_mapping_with_no_taskflow_operators.py took 0.123 seconds
[2024-02-07T08:54:53.822+0000] {processor.py:161} INFO - Started process (PID=1699) to work on /home/airflow/.local/lib/python3.8/site-packages/airflow/example_dags/example_dynamic_task_mapping_with_no_taskflow_operators.py
[2024-02-07T08:54:53.825+0000] {processor.py:830} INFO - Processing file /home/airflow/.local/lib/python3.8/site-packages/airflow/example_dags/example_dynamic_task_mapping_with_no_taskflow_operators.py for tasks to queue
[2024-02-07T08:54:53.830+0000] {logging_mixin.py:188} INFO - [2024-02-07T08:54:53.829+0000] {dagbag.py:538} INFO - Filling up the DagBag from /home/airflow/.local/lib/python3.8/site-packages/airflow/example_dags/example_dynamic_task_mapping_with_no_taskflow_operators.py
[2024-02-07T08:54:53.846+0000] {processor.py:840} INFO - DAG(s) 'example_dynamic_task_mapping_with_no_taskflow_operators' retrieved from /home/airflow/.local/lib/python3.8/site-packages/airflow/example_dags/example_dynamic_task_mapping_with_no_taskflow_operators.py
[2024-02-07T08:54:53.922+0000] {logging_mixin.py:188} INFO - [2024-02-07T08:54:53.921+0000] {dag.py:3033} INFO - Sync 1 DAGs
[2024-02-07T08:54:54.007+0000] {logging_mixin.py:188} INFO - [2024-02-07T08:54:54.007+0000] {dag.py:3820} INFO - Setting next_dagrun for example_dynamic_task_mapping_with_no_taskflow_operators to 2024-02-06T00:00:00+00:00, run_after=2024-02-07T00:00:00+00:00
[2024-02-07T08:54:54.295+0000] {processor.py:183} INFO - Processing /home/airflow/.local/lib/python3.8/site-packages/airflow/example_dags/example_dynamic_task_mapping_with_no_taskflow_operators.py took 0.481 seconds
[2024-02-07T08:55:24.852+0000] {processor.py:161} INFO - Started process (PID=1756) to work on /home/airflow/.local/lib/python3.8/site-packages/airflow/example_dags/example_dynamic_task_mapping_with_no_taskflow_operators.py
[2024-02-07T08:55:24.855+0000] {processor.py:830} INFO - Processing file /home/airflow/.local/lib/python3.8/site-packages/airflow/example_dags/example_dynamic_task_mapping_with_no_taskflow_operators.py for tasks to queue
[2024-02-07T08:55:24.867+0000] {logging_mixin.py:188} INFO - [2024-02-07T08:55:24.866+0000] {dagbag.py:538} INFO - Filling up the DagBag from /home/airflow/.local/lib/python3.8/site-packages/airflow/example_dags/example_dynamic_task_mapping_with_no_taskflow_operators.py
[2024-02-07T08:55:24.893+0000] {processor.py:840} INFO - DAG(s) 'example_dynamic_task_mapping_with_no_taskflow_operators' retrieved from /home/airflow/.local/lib/python3.8/site-packages/airflow/example_dags/example_dynamic_task_mapping_with_no_taskflow_operators.py
[2024-02-07T08:55:24.983+0000] {logging_mixin.py:188} INFO - [2024-02-07T08:55:24.982+0000] {dag.py:3033} INFO - Sync 1 DAGs
[2024-02-07T08:55:25.063+0000] {logging_mixin.py:188} INFO - [2024-02-07T08:55:25.063+0000] {dag.py:3820} INFO - Setting next_dagrun for example_dynamic_task_mapping_with_no_taskflow_operators to 2024-02-06T00:00:00+00:00, run_after=2024-02-07T00:00:00+00:00
[2024-02-07T08:55:25.359+0000] {processor.py:183} INFO - Processing /home/airflow/.local/lib/python3.8/site-packages/airflow/example_dags/example_dynamic_task_mapping_with_no_taskflow_operators.py took 0.520 seconds
[2024-02-07T08:55:56.397+0000] {processor.py:161} INFO - Started process (PID=1813) to work on /home/airflow/.local/lib/python3.8/site-packages/airflow/example_dags/example_dynamic_task_mapping_with_no_taskflow_operators.py
[2024-02-07T08:55:56.401+0000] {processor.py:830} INFO - Processing file /home/airflow/.local/lib/python3.8/site-packages/airflow/example_dags/example_dynamic_task_mapping_with_no_taskflow_operators.py for tasks to queue
[2024-02-07T08:55:56.411+0000] {logging_mixin.py:188} INFO - [2024-02-07T08:55:56.410+0000] {dagbag.py:538} INFO - Filling up the DagBag from /home/airflow/.local/lib/python3.8/site-packages/airflow/example_dags/example_dynamic_task_mapping_with_no_taskflow_operators.py
[2024-02-07T08:55:56.437+0000] {processor.py:840} INFO - DAG(s) 'example_dynamic_task_mapping_with_no_taskflow_operators' retrieved from /home/airflow/.local/lib/python3.8/site-packages/airflow/example_dags/example_dynamic_task_mapping_with_no_taskflow_operators.py
[2024-02-07T08:55:56.522+0000] {logging_mixin.py:188} INFO - [2024-02-07T08:55:56.522+0000] {dag.py:3033} INFO - Sync 1 DAGs
[2024-02-07T08:55:56.584+0000] {logging_mixin.py:188} INFO - [2024-02-07T08:55:56.583+0000] {dag.py:3820} INFO - Setting next_dagrun for example_dynamic_task_mapping_with_no_taskflow_operators to 2024-02-06T00:00:00+00:00, run_after=2024-02-07T00:00:00+00:00
[2024-02-07T08:55:56.850+0000] {processor.py:183} INFO - Processing /home/airflow/.local/lib/python3.8/site-packages/airflow/example_dags/example_dynamic_task_mapping_with_no_taskflow_operators.py took 0.464 seconds
[2024-02-07T08:56:27.216+0000] {processor.py:161} INFO - Started process (PID=1871) to work on /home/airflow/.local/lib/python3.8/site-packages/airflow/example_dags/example_dynamic_task_mapping_with_no_taskflow_operators.py
[2024-02-07T08:56:27.219+0000] {processor.py:830} INFO - Processing file /home/airflow/.local/lib/python3.8/site-packages/airflow/example_dags/example_dynamic_task_mapping_with_no_taskflow_operators.py for tasks to queue
[2024-02-07T08:56:27.228+0000] {logging_mixin.py:188} INFO - [2024-02-07T08:56:27.227+0000] {dagbag.py:538} INFO - Filling up the DagBag from /home/airflow/.local/lib/python3.8/site-packages/airflow/example_dags/example_dynamic_task_mapping_with_no_taskflow_operators.py
[2024-02-07T08:56:27.250+0000] {processor.py:840} INFO - DAG(s) 'example_dynamic_task_mapping_with_no_taskflow_operators' retrieved from /home/airflow/.local/lib/python3.8/site-packages/airflow/example_dags/example_dynamic_task_mapping_with_no_taskflow_operators.py
[2024-02-07T08:56:27.359+0000] {logging_mixin.py:188} INFO - [2024-02-07T08:56:27.358+0000] {dag.py:3033} INFO - Sync 1 DAGs
[2024-02-07T08:56:27.463+0000] {logging_mixin.py:188} INFO - [2024-02-07T08:56:27.462+0000] {dag.py:3820} INFO - Setting next_dagrun for example_dynamic_task_mapping_with_no_taskflow_operators to 2024-02-06T00:00:00+00:00, run_after=2024-02-07T00:00:00+00:00
[2024-02-07T08:56:27.565+0000] {processor.py:183} INFO - Processing /home/airflow/.local/lib/python3.8/site-packages/airflow/example_dags/example_dynamic_task_mapping_with_no_taskflow_operators.py took 0.359 seconds
[2024-02-07T08:56:57.698+0000] {processor.py:161} INFO - Started process (PID=1927) to work on /home/airflow/.local/lib/python3.8/site-packages/airflow/example_dags/example_dynamic_task_mapping_with_no_taskflow_operators.py
[2024-02-07T08:56:57.700+0000] {processor.py:830} INFO - Processing file /home/airflow/.local/lib/python3.8/site-packages/airflow/example_dags/example_dynamic_task_mapping_with_no_taskflow_operators.py for tasks to queue
[2024-02-07T08:56:57.709+0000] {logging_mixin.py:188} INFO - [2024-02-07T08:56:57.708+0000] {dagbag.py:538} INFO - Filling up the DagBag from /home/airflow/.local/lib/python3.8/site-packages/airflow/example_dags/example_dynamic_task_mapping_with_no_taskflow_operators.py
[2024-02-07T08:56:57.729+0000] {processor.py:840} INFO - DAG(s) 'example_dynamic_task_mapping_with_no_taskflow_operators' retrieved from /home/airflow/.local/lib/python3.8/site-packages/airflow/example_dags/example_dynamic_task_mapping_with_no_taskflow_operators.py
[2024-02-07T08:56:57.786+0000] {logging_mixin.py:188} INFO - [2024-02-07T08:56:57.785+0000] {dag.py:3033} INFO - Sync 1 DAGs
[2024-02-07T08:56:57.858+0000] {logging_mixin.py:188} INFO - [2024-02-07T08:56:57.857+0000] {dag.py:3820} INFO - Setting next_dagrun for example_dynamic_task_mapping_with_no_taskflow_operators to 2024-02-06T00:00:00+00:00, run_after=2024-02-07T00:00:00+00:00
[2024-02-07T08:56:57.933+0000] {processor.py:183} INFO - Processing /home/airflow/.local/lib/python3.8/site-packages/airflow/example_dags/example_dynamic_task_mapping_with_no_taskflow_operators.py took 0.241 seconds
[2024-02-07T08:57:28.829+0000] {processor.py:161} INFO - Started process (PID=1985) to work on /home/airflow/.local/lib/python3.8/site-packages/airflow/example_dags/example_dynamic_task_mapping_with_no_taskflow_operators.py
[2024-02-07T08:57:28.832+0000] {processor.py:830} INFO - Processing file /home/airflow/.local/lib/python3.8/site-packages/airflow/example_dags/example_dynamic_task_mapping_with_no_taskflow_operators.py for tasks to queue
[2024-02-07T08:57:28.838+0000] {logging_mixin.py:188} INFO - [2024-02-07T08:57:28.838+0000] {dagbag.py:538} INFO - Filling up the DagBag from /home/airflow/.local/lib/python3.8/site-packages/airflow/example_dags/example_dynamic_task_mapping_with_no_taskflow_operators.py
[2024-02-07T08:57:28.857+0000] {processor.py:840} INFO - DAG(s) 'example_dynamic_task_mapping_with_no_taskflow_operators' retrieved from /home/airflow/.local/lib/python3.8/site-packages/airflow/example_dags/example_dynamic_task_mapping_with_no_taskflow_operators.py
[2024-02-07T08:57:28.906+0000] {logging_mixin.py:188} INFO - [2024-02-07T08:57:28.906+0000] {dag.py:3033} INFO - Sync 1 DAGs
[2024-02-07T08:57:28.969+0000] {logging_mixin.py:188} INFO - [2024-02-07T08:57:28.969+0000] {dag.py:3820} INFO - Setting next_dagrun for example_dynamic_task_mapping_with_no_taskflow_operators to 2024-02-06T00:00:00+00:00, run_after=2024-02-07T00:00:00+00:00
[2024-02-07T08:57:29.303+0000] {processor.py:183} INFO - Processing /home/airflow/.local/lib/python3.8/site-packages/airflow/example_dags/example_dynamic_task_mapping_with_no_taskflow_operators.py took 0.481 seconds
[2024-02-07T08:57:59.624+0000] {processor.py:161} INFO - Started process (PID=2043) to work on /home/airflow/.local/lib/python3.8/site-packages/airflow/example_dags/example_dynamic_task_mapping_with_no_taskflow_operators.py
[2024-02-07T08:57:59.627+0000] {processor.py:830} INFO - Processing file /home/airflow/.local/lib/python3.8/site-packages/airflow/example_dags/example_dynamic_task_mapping_with_no_taskflow_operators.py for tasks to queue
[2024-02-07T08:57:59.633+0000] {logging_mixin.py:188} INFO - [2024-02-07T08:57:59.632+0000] {dagbag.py:538} INFO - Filling up the DagBag from /home/airflow/.local/lib/python3.8/site-packages/airflow/example_dags/example_dynamic_task_mapping_with_no_taskflow_operators.py
[2024-02-07T08:57:59.646+0000] {processor.py:840} INFO - DAG(s) 'example_dynamic_task_mapping_with_no_taskflow_operators' retrieved from /home/airflow/.local/lib/python3.8/site-packages/airflow/example_dags/example_dynamic_task_mapping_with_no_taskflow_operators.py
[2024-02-07T08:57:59.681+0000] {logging_mixin.py:188} INFO - [2024-02-07T08:57:59.681+0000] {dag.py:3033} INFO - Sync 1 DAGs
[2024-02-07T08:57:59.726+0000] {logging_mixin.py:188} INFO - [2024-02-07T08:57:59.725+0000] {dag.py:3820} INFO - Setting next_dagrun for example_dynamic_task_mapping_with_no_taskflow_operators to 2024-02-06T00:00:00+00:00, run_after=2024-02-07T00:00:00+00:00
[2024-02-07T08:58:00.111+0000] {processor.py:183} INFO - Processing /home/airflow/.local/lib/python3.8/site-packages/airflow/example_dags/example_dynamic_task_mapping_with_no_taskflow_operators.py took 0.495 seconds
[2024-02-07T08:58:30.479+0000] {processor.py:161} INFO - Started process (PID=2107) to work on /home/airflow/.local/lib/python3.8/site-packages/airflow/example_dags/example_dynamic_task_mapping_with_no_taskflow_operators.py
[2024-02-07T08:58:30.484+0000] {processor.py:830} INFO - Processing file /home/airflow/.local/lib/python3.8/site-packages/airflow/example_dags/example_dynamic_task_mapping_with_no_taskflow_operators.py for tasks to queue
[2024-02-07T08:58:30.491+0000] {logging_mixin.py:188} INFO - [2024-02-07T08:58:30.490+0000] {dagbag.py:538} INFO - Filling up the DagBag from /home/airflow/.local/lib/python3.8/site-packages/airflow/example_dags/example_dynamic_task_mapping_with_no_taskflow_operators.py
[2024-02-07T08:58:30.517+0000] {processor.py:840} INFO - DAG(s) 'example_dynamic_task_mapping_with_no_taskflow_operators' retrieved from /home/airflow/.local/lib/python3.8/site-packages/airflow/example_dags/example_dynamic_task_mapping_with_no_taskflow_operators.py
[2024-02-07T08:58:30.572+0000] {logging_mixin.py:188} INFO - [2024-02-07T08:58:30.572+0000] {dag.py:3033} INFO - Sync 1 DAGs
[2024-02-07T08:58:30.623+0000] {logging_mixin.py:188} INFO - [2024-02-07T08:58:30.622+0000] {dag.py:3820} INFO - Setting next_dagrun for example_dynamic_task_mapping_with_no_taskflow_operators to 2024-02-06T00:00:00+00:00, run_after=2024-02-07T00:00:00+00:00
[2024-02-07T08:58:30.877+0000] {processor.py:183} INFO - Processing /home/airflow/.local/lib/python3.8/site-packages/airflow/example_dags/example_dynamic_task_mapping_with_no_taskflow_operators.py took 0.408 seconds
[2024-02-07T08:59:01.012+0000] {processor.py:161} INFO - Started process (PID=2163) to work on /home/airflow/.local/lib/python3.8/site-packages/airflow/example_dags/example_dynamic_task_mapping_with_no_taskflow_operators.py
[2024-02-07T08:59:01.015+0000] {processor.py:830} INFO - Processing file /home/airflow/.local/lib/python3.8/site-packages/airflow/example_dags/example_dynamic_task_mapping_with_no_taskflow_operators.py for tasks to queue
[2024-02-07T08:59:01.026+0000] {logging_mixin.py:188} INFO - [2024-02-07T08:59:01.025+0000] {dagbag.py:538} INFO - Filling up the DagBag from /home/airflow/.local/lib/python3.8/site-packages/airflow/example_dags/example_dynamic_task_mapping_with_no_taskflow_operators.py
[2024-02-07T08:59:01.047+0000] {processor.py:840} INFO - DAG(s) 'example_dynamic_task_mapping_with_no_taskflow_operators' retrieved from /home/airflow/.local/lib/python3.8/site-packages/airflow/example_dags/example_dynamic_task_mapping_with_no_taskflow_operators.py
[2024-02-07T08:59:01.112+0000] {logging_mixin.py:188} INFO - [2024-02-07T08:59:01.111+0000] {dag.py:3033} INFO - Sync 1 DAGs
[2024-02-07T08:59:01.182+0000] {logging_mixin.py:188} INFO - [2024-02-07T08:59:01.182+0000] {dag.py:3820} INFO - Setting next_dagrun for example_dynamic_task_mapping_with_no_taskflow_operators to 2024-02-06T00:00:00+00:00, run_after=2024-02-07T00:00:00+00:00
[2024-02-07T08:59:01.235+0000] {processor.py:183} INFO - Processing /home/airflow/.local/lib/python3.8/site-packages/airflow/example_dags/example_dynamic_task_mapping_with_no_taskflow_operators.py took 0.235 seconds
[2024-02-07T08:59:32.058+0000] {processor.py:161} INFO - Started process (PID=2221) to work on /home/airflow/.local/lib/python3.8/site-packages/airflow/example_dags/example_dynamic_task_mapping_with_no_taskflow_operators.py
[2024-02-07T08:59:32.060+0000] {processor.py:830} INFO - Processing file /home/airflow/.local/lib/python3.8/site-packages/airflow/example_dags/example_dynamic_task_mapping_with_no_taskflow_operators.py for tasks to queue
[2024-02-07T08:59:32.064+0000] {logging_mixin.py:188} INFO - [2024-02-07T08:59:32.064+0000] {dagbag.py:538} INFO - Filling up the DagBag from /home/airflow/.local/lib/python3.8/site-packages/airflow/example_dags/example_dynamic_task_mapping_with_no_taskflow_operators.py
[2024-02-07T08:59:32.073+0000] {processor.py:840} INFO - DAG(s) 'example_dynamic_task_mapping_with_no_taskflow_operators' retrieved from /home/airflow/.local/lib/python3.8/site-packages/airflow/example_dags/example_dynamic_task_mapping_with_no_taskflow_operators.py
[2024-02-07T08:59:32.102+0000] {logging_mixin.py:188} INFO - [2024-02-07T08:59:32.101+0000] {dag.py:3033} INFO - Sync 1 DAGs
[2024-02-07T08:59:32.138+0000] {logging_mixin.py:188} INFO - [2024-02-07T08:59:32.137+0000] {dag.py:3820} INFO - Setting next_dagrun for example_dynamic_task_mapping_with_no_taskflow_operators to 2024-02-06T00:00:00+00:00, run_after=2024-02-07T00:00:00+00:00
[2024-02-07T08:59:32.171+0000] {processor.py:183} INFO - Processing /home/airflow/.local/lib/python3.8/site-packages/airflow/example_dags/example_dynamic_task_mapping_with_no_taskflow_operators.py took 0.118 seconds
[2024-02-07T09:00:02.309+0000] {processor.py:161} INFO - Started process (PID=2278) to work on /home/airflow/.local/lib/python3.8/site-packages/airflow/example_dags/example_dynamic_task_mapping_with_no_taskflow_operators.py
[2024-02-07T09:00:02.311+0000] {processor.py:830} INFO - Processing file /home/airflow/.local/lib/python3.8/site-packages/airflow/example_dags/example_dynamic_task_mapping_with_no_taskflow_operators.py for tasks to queue
[2024-02-07T09:00:02.315+0000] {logging_mixin.py:188} INFO - [2024-02-07T09:00:02.314+0000] {dagbag.py:538} INFO - Filling up the DagBag from /home/airflow/.local/lib/python3.8/site-packages/airflow/example_dags/example_dynamic_task_mapping_with_no_taskflow_operators.py
[2024-02-07T09:00:02.324+0000] {processor.py:840} INFO - DAG(s) 'example_dynamic_task_mapping_with_no_taskflow_operators' retrieved from /home/airflow/.local/lib/python3.8/site-packages/airflow/example_dags/example_dynamic_task_mapping_with_no_taskflow_operators.py
[2024-02-07T09:00:02.353+0000] {logging_mixin.py:188} INFO - [2024-02-07T09:00:02.352+0000] {dag.py:3033} INFO - Sync 1 DAGs
[2024-02-07T09:00:02.382+0000] {logging_mixin.py:188} INFO - [2024-02-07T09:00:02.382+0000] {dag.py:3820} INFO - Setting next_dagrun for example_dynamic_task_mapping_with_no_taskflow_operators to 2024-02-06T00:00:00+00:00, run_after=2024-02-07T00:00:00+00:00
[2024-02-07T09:00:02.408+0000] {processor.py:183} INFO - Processing /home/airflow/.local/lib/python3.8/site-packages/airflow/example_dags/example_dynamic_task_mapping_with_no_taskflow_operators.py took 0.107 seconds
[2024-02-07T09:00:32.586+0000] {processor.py:161} INFO - Started process (PID=2335) to work on /home/airflow/.local/lib/python3.8/site-packages/airflow/example_dags/example_dynamic_task_mapping_with_no_taskflow_operators.py
[2024-02-07T09:00:32.587+0000] {processor.py:830} INFO - Processing file /home/airflow/.local/lib/python3.8/site-packages/airflow/example_dags/example_dynamic_task_mapping_with_no_taskflow_operators.py for tasks to queue
[2024-02-07T09:00:32.590+0000] {logging_mixin.py:188} INFO - [2024-02-07T09:00:32.590+0000] {dagbag.py:538} INFO - Filling up the DagBag from /home/airflow/.local/lib/python3.8/site-packages/airflow/example_dags/example_dynamic_task_mapping_with_no_taskflow_operators.py
[2024-02-07T09:00:32.596+0000] {processor.py:840} INFO - DAG(s) 'example_dynamic_task_mapping_with_no_taskflow_operators' retrieved from /home/airflow/.local/lib/python3.8/site-packages/airflow/example_dags/example_dynamic_task_mapping_with_no_taskflow_operators.py
[2024-02-07T09:00:32.619+0000] {logging_mixin.py:188} INFO - [2024-02-07T09:00:32.619+0000] {dag.py:3033} INFO - Sync 1 DAGs
[2024-02-07T09:00:32.642+0000] {logging_mixin.py:188} INFO - [2024-02-07T09:00:32.642+0000] {dag.py:3820} INFO - Setting next_dagrun for example_dynamic_task_mapping_with_no_taskflow_operators to 2024-02-06T00:00:00+00:00, run_after=2024-02-07T00:00:00+00:00
[2024-02-07T09:00:32.673+0000] {processor.py:183} INFO - Processing /home/airflow/.local/lib/python3.8/site-packages/airflow/example_dags/example_dynamic_task_mapping_with_no_taskflow_operators.py took 0.090 seconds
[2024-02-07T09:01:03.214+0000] {processor.py:161} INFO - Started process (PID=2392) to work on /home/airflow/.local/lib/python3.8/site-packages/airflow/example_dags/example_dynamic_task_mapping_with_no_taskflow_operators.py
[2024-02-07T09:01:03.215+0000] {processor.py:830} INFO - Processing file /home/airflow/.local/lib/python3.8/site-packages/airflow/example_dags/example_dynamic_task_mapping_with_no_taskflow_operators.py for tasks to queue
[2024-02-07T09:01:03.219+0000] {logging_mixin.py:188} INFO - [2024-02-07T09:01:03.219+0000] {dagbag.py:538} INFO - Filling up the DagBag from /home/airflow/.local/lib/python3.8/site-packages/airflow/example_dags/example_dynamic_task_mapping_with_no_taskflow_operators.py
[2024-02-07T09:01:03.227+0000] {processor.py:840} INFO - DAG(s) 'example_dynamic_task_mapping_with_no_taskflow_operators' retrieved from /home/airflow/.local/lib/python3.8/site-packages/airflow/example_dags/example_dynamic_task_mapping_with_no_taskflow_operators.py
[2024-02-07T09:01:03.250+0000] {logging_mixin.py:188} INFO - [2024-02-07T09:01:03.250+0000] {dag.py:3033} INFO - Sync 1 DAGs
[2024-02-07T09:01:03.273+0000] {logging_mixin.py:188} INFO - [2024-02-07T09:01:03.273+0000] {dag.py:3820} INFO - Setting next_dagrun for example_dynamic_task_mapping_with_no_taskflow_operators to 2024-02-06T00:00:00+00:00, run_after=2024-02-07T00:00:00+00:00
[2024-02-07T09:01:03.300+0000] {processor.py:183} INFO - Processing /home/airflow/.local/lib/python3.8/site-packages/airflow/example_dags/example_dynamic_task_mapping_with_no_taskflow_operators.py took 0.089 seconds
[2024-02-07T09:01:33.704+0000] {processor.py:161} INFO - Started process (PID=2449) to work on /home/airflow/.local/lib/python3.8/site-packages/airflow/example_dags/example_dynamic_task_mapping_with_no_taskflow_operators.py
[2024-02-07T09:01:33.705+0000] {processor.py:830} INFO - Processing file /home/airflow/.local/lib/python3.8/site-packages/airflow/example_dags/example_dynamic_task_mapping_with_no_taskflow_operators.py for tasks to queue
[2024-02-07T09:01:33.708+0000] {logging_mixin.py:188} INFO - [2024-02-07T09:01:33.707+0000] {dagbag.py:538} INFO - Filling up the DagBag from /home/airflow/.local/lib/python3.8/site-packages/airflow/example_dags/example_dynamic_task_mapping_with_no_taskflow_operators.py
[2024-02-07T09:01:33.713+0000] {processor.py:840} INFO - DAG(s) 'example_dynamic_task_mapping_with_no_taskflow_operators' retrieved from /home/airflow/.local/lib/python3.8/site-packages/airflow/example_dags/example_dynamic_task_mapping_with_no_taskflow_operators.py
[2024-02-07T09:01:33.736+0000] {logging_mixin.py:188} INFO - [2024-02-07T09:01:33.736+0000] {dag.py:3033} INFO - Sync 1 DAGs
[2024-02-07T09:01:33.758+0000] {logging_mixin.py:188} INFO - [2024-02-07T09:01:33.758+0000] {dag.py:3820} INFO - Setting next_dagrun for example_dynamic_task_mapping_with_no_taskflow_operators to 2024-02-06T00:00:00+00:00, run_after=2024-02-07T00:00:00+00:00
[2024-02-07T09:01:33.781+0000] {processor.py:183} INFO - Processing /home/airflow/.local/lib/python3.8/site-packages/airflow/example_dags/example_dynamic_task_mapping_with_no_taskflow_operators.py took 0.081 seconds
[2024-02-07T09:02:04.174+0000] {processor.py:161} INFO - Started process (PID=2507) to work on /home/airflow/.local/lib/python3.8/site-packages/airflow/example_dags/example_dynamic_task_mapping_with_no_taskflow_operators.py
[2024-02-07T09:02:04.176+0000] {processor.py:830} INFO - Processing file /home/airflow/.local/lib/python3.8/site-packages/airflow/example_dags/example_dynamic_task_mapping_with_no_taskflow_operators.py for tasks to queue
[2024-02-07T09:02:04.178+0000] {logging_mixin.py:188} INFO - [2024-02-07T09:02:04.178+0000] {dagbag.py:538} INFO - Filling up the DagBag from /home/airflow/.local/lib/python3.8/site-packages/airflow/example_dags/example_dynamic_task_mapping_with_no_taskflow_operators.py
[2024-02-07T09:02:04.186+0000] {processor.py:840} INFO - DAG(s) 'example_dynamic_task_mapping_with_no_taskflow_operators' retrieved from /home/airflow/.local/lib/python3.8/site-packages/airflow/example_dags/example_dynamic_task_mapping_with_no_taskflow_operators.py
[2024-02-07T09:02:04.207+0000] {logging_mixin.py:188} INFO - [2024-02-07T09:02:04.207+0000] {dag.py:3033} INFO - Sync 1 DAGs
[2024-02-07T09:02:04.231+0000] {logging_mixin.py:188} INFO - [2024-02-07T09:02:04.231+0000] {dag.py:3820} INFO - Setting next_dagrun for example_dynamic_task_mapping_with_no_taskflow_operators to 2024-02-06T00:00:00+00:00, run_after=2024-02-07T00:00:00+00:00
[2024-02-07T09:02:04.252+0000] {processor.py:183} INFO - Processing /home/airflow/.local/lib/python3.8/site-packages/airflow/example_dags/example_dynamic_task_mapping_with_no_taskflow_operators.py took 0.081 seconds
[2024-02-07T09:02:34.855+0000] {processor.py:161} INFO - Started process (PID=2564) to work on /home/airflow/.local/lib/python3.8/site-packages/airflow/example_dags/example_dynamic_task_mapping_with_no_taskflow_operators.py
[2024-02-07T09:02:34.856+0000] {processor.py:830} INFO - Processing file /home/airflow/.local/lib/python3.8/site-packages/airflow/example_dags/example_dynamic_task_mapping_with_no_taskflow_operators.py for tasks to queue
[2024-02-07T09:02:34.859+0000] {logging_mixin.py:188} INFO - [2024-02-07T09:02:34.858+0000] {dagbag.py:538} INFO - Filling up the DagBag from /home/airflow/.local/lib/python3.8/site-packages/airflow/example_dags/example_dynamic_task_mapping_with_no_taskflow_operators.py
[2024-02-07T09:02:34.866+0000] {processor.py:840} INFO - DAG(s) 'example_dynamic_task_mapping_with_no_taskflow_operators' retrieved from /home/airflow/.local/lib/python3.8/site-packages/airflow/example_dags/example_dynamic_task_mapping_with_no_taskflow_operators.py
[2024-02-07T09:02:34.890+0000] {logging_mixin.py:188} INFO - [2024-02-07T09:02:34.890+0000] {dag.py:3033} INFO - Sync 1 DAGs
[2024-02-07T09:02:34.911+0000] {logging_mixin.py:188} INFO - [2024-02-07T09:02:34.911+0000] {dag.py:3820} INFO - Setting next_dagrun for example_dynamic_task_mapping_with_no_taskflow_operators to 2024-02-06T00:00:00+00:00, run_after=2024-02-07T00:00:00+00:00
[2024-02-07T09:02:34.933+0000] {processor.py:183} INFO - Processing /home/airflow/.local/lib/python3.8/site-packages/airflow/example_dags/example_dynamic_task_mapping_with_no_taskflow_operators.py took 0.082 seconds
[2024-02-07T09:03:05.031+0000] {processor.py:161} INFO - Started process (PID=2621) to work on /home/airflow/.local/lib/python3.8/site-packages/airflow/example_dags/example_dynamic_task_mapping_with_no_taskflow_operators.py
[2024-02-07T09:03:05.032+0000] {processor.py:830} INFO - Processing file /home/airflow/.local/lib/python3.8/site-packages/airflow/example_dags/example_dynamic_task_mapping_with_no_taskflow_operators.py for tasks to queue
[2024-02-07T09:03:05.034+0000] {logging_mixin.py:188} INFO - [2024-02-07T09:03:05.034+0000] {dagbag.py:538} INFO - Filling up the DagBag from /home/airflow/.local/lib/python3.8/site-packages/airflow/example_dags/example_dynamic_task_mapping_with_no_taskflow_operators.py
[2024-02-07T09:03:05.040+0000] {processor.py:840} INFO - DAG(s) 'example_dynamic_task_mapping_with_no_taskflow_operators' retrieved from /home/airflow/.local/lib/python3.8/site-packages/airflow/example_dags/example_dynamic_task_mapping_with_no_taskflow_operators.py
[2024-02-07T09:03:05.064+0000] {logging_mixin.py:188} INFO - [2024-02-07T09:03:05.064+0000] {dag.py:3033} INFO - Sync 1 DAGs
[2024-02-07T09:03:05.085+0000] {logging_mixin.py:188} INFO - [2024-02-07T09:03:05.085+0000] {dag.py:3820} INFO - Setting next_dagrun for example_dynamic_task_mapping_with_no_taskflow_operators to 2024-02-06T00:00:00+00:00, run_after=2024-02-07T00:00:00+00:00
[2024-02-07T09:03:05.115+0000] {processor.py:183} INFO - Processing /home/airflow/.local/lib/python3.8/site-packages/airflow/example_dags/example_dynamic_task_mapping_with_no_taskflow_operators.py took 0.087 seconds
[2024-02-07T09:03:35.898+0000] {processor.py:161} INFO - Started process (PID=2678) to work on /home/airflow/.local/lib/python3.8/site-packages/airflow/example_dags/example_dynamic_task_mapping_with_no_taskflow_operators.py
[2024-02-07T09:03:35.899+0000] {processor.py:830} INFO - Processing file /home/airflow/.local/lib/python3.8/site-packages/airflow/example_dags/example_dynamic_task_mapping_with_no_taskflow_operators.py for tasks to queue
[2024-02-07T09:03:35.902+0000] {logging_mixin.py:188} INFO - [2024-02-07T09:03:35.902+0000] {dagbag.py:538} INFO - Filling up the DagBag from /home/airflow/.local/lib/python3.8/site-packages/airflow/example_dags/example_dynamic_task_mapping_with_no_taskflow_operators.py
[2024-02-07T09:03:35.909+0000] {processor.py:840} INFO - DAG(s) 'example_dynamic_task_mapping_with_no_taskflow_operators' retrieved from /home/airflow/.local/lib/python3.8/site-packages/airflow/example_dags/example_dynamic_task_mapping_with_no_taskflow_operators.py
[2024-02-07T09:03:35.932+0000] {logging_mixin.py:188} INFO - [2024-02-07T09:03:35.932+0000] {dag.py:3033} INFO - Sync 1 DAGs
[2024-02-07T09:03:35.954+0000] {logging_mixin.py:188} INFO - [2024-02-07T09:03:35.954+0000] {dag.py:3820} INFO - Setting next_dagrun for example_dynamic_task_mapping_with_no_taskflow_operators to 2024-02-06T00:00:00+00:00, run_after=2024-02-07T00:00:00+00:00
[2024-02-07T09:03:35.976+0000] {processor.py:183} INFO - Processing /home/airflow/.local/lib/python3.8/site-packages/airflow/example_dags/example_dynamic_task_mapping_with_no_taskflow_operators.py took 0.082 seconds
[2024-02-07T09:04:06.188+0000] {processor.py:161} INFO - Started process (PID=2735) to work on /home/airflow/.local/lib/python3.8/site-packages/airflow/example_dags/example_dynamic_task_mapping_with_no_taskflow_operators.py
[2024-02-07T09:04:06.189+0000] {processor.py:830} INFO - Processing file /home/airflow/.local/lib/python3.8/site-packages/airflow/example_dags/example_dynamic_task_mapping_with_no_taskflow_operators.py for tasks to queue
[2024-02-07T09:04:06.192+0000] {logging_mixin.py:188} INFO - [2024-02-07T09:04:06.191+0000] {dagbag.py:538} INFO - Filling up the DagBag from /home/airflow/.local/lib/python3.8/site-packages/airflow/example_dags/example_dynamic_task_mapping_with_no_taskflow_operators.py
[2024-02-07T09:04:06.198+0000] {processor.py:840} INFO - DAG(s) 'example_dynamic_task_mapping_with_no_taskflow_operators' retrieved from /home/airflow/.local/lib/python3.8/site-packages/airflow/example_dags/example_dynamic_task_mapping_with_no_taskflow_operators.py
[2024-02-07T09:04:06.220+0000] {logging_mixin.py:188} INFO - [2024-02-07T09:04:06.220+0000] {dag.py:3033} INFO - Sync 1 DAGs
[2024-02-07T09:04:06.240+0000] {logging_mixin.py:188} INFO - [2024-02-07T09:04:06.240+0000] {dag.py:3820} INFO - Setting next_dagrun for example_dynamic_task_mapping_with_no_taskflow_operators to 2024-02-06T00:00:00+00:00, run_after=2024-02-07T00:00:00+00:00
[2024-02-07T09:04:06.263+0000] {processor.py:183} INFO - Processing /home/airflow/.local/lib/python3.8/site-packages/airflow/example_dags/example_dynamic_task_mapping_with_no_taskflow_operators.py took 0.079 seconds
[2024-02-07T09:04:36.723+0000] {processor.py:161} INFO - Started process (PID=2792) to work on /home/airflow/.local/lib/python3.8/site-packages/airflow/example_dags/example_dynamic_task_mapping_with_no_taskflow_operators.py
[2024-02-07T09:04:36.724+0000] {processor.py:830} INFO - Processing file /home/airflow/.local/lib/python3.8/site-packages/airflow/example_dags/example_dynamic_task_mapping_with_no_taskflow_operators.py for tasks to queue
[2024-02-07T09:04:36.726+0000] {logging_mixin.py:188} INFO - [2024-02-07T09:04:36.726+0000] {dagbag.py:538} INFO - Filling up the DagBag from /home/airflow/.local/lib/python3.8/site-packages/airflow/example_dags/example_dynamic_task_mapping_with_no_taskflow_operators.py
[2024-02-07T09:04:36.732+0000] {processor.py:840} INFO - DAG(s) 'example_dynamic_task_mapping_with_no_taskflow_operators' retrieved from /home/airflow/.local/lib/python3.8/site-packages/airflow/example_dags/example_dynamic_task_mapping_with_no_taskflow_operators.py
[2024-02-07T09:04:36.755+0000] {logging_mixin.py:188} INFO - [2024-02-07T09:04:36.755+0000] {dag.py:3033} INFO - Sync 1 DAGs
[2024-02-07T09:04:36.776+0000] {logging_mixin.py:188} INFO - [2024-02-07T09:04:36.776+0000] {dag.py:3820} INFO - Setting next_dagrun for example_dynamic_task_mapping_with_no_taskflow_operators to 2024-02-06T00:00:00+00:00, run_after=2024-02-07T00:00:00+00:00
[2024-02-07T09:04:36.803+0000] {processor.py:183} INFO - Processing /home/airflow/.local/lib/python3.8/site-packages/airflow/example_dags/example_dynamic_task_mapping_with_no_taskflow_operators.py took 0.084 seconds
[2024-02-07T09:05:06.961+0000] {processor.py:161} INFO - Started process (PID=2849) to work on /home/airflow/.local/lib/python3.8/site-packages/airflow/example_dags/example_dynamic_task_mapping_with_no_taskflow_operators.py
[2024-02-07T09:05:06.963+0000] {processor.py:830} INFO - Processing file /home/airflow/.local/lib/python3.8/site-packages/airflow/example_dags/example_dynamic_task_mapping_with_no_taskflow_operators.py for tasks to queue
[2024-02-07T09:05:06.966+0000] {logging_mixin.py:188} INFO - [2024-02-07T09:05:06.965+0000] {dagbag.py:538} INFO - Filling up the DagBag from /home/airflow/.local/lib/python3.8/site-packages/airflow/example_dags/example_dynamic_task_mapping_with_no_taskflow_operators.py
[2024-02-07T09:05:06.972+0000] {processor.py:840} INFO - DAG(s) 'example_dynamic_task_mapping_with_no_taskflow_operators' retrieved from /home/airflow/.local/lib/python3.8/site-packages/airflow/example_dags/example_dynamic_task_mapping_with_no_taskflow_operators.py
[2024-02-07T09:05:06.994+0000] {logging_mixin.py:188} INFO - [2024-02-07T09:05:06.994+0000] {dag.py:3033} INFO - Sync 1 DAGs
[2024-02-07T09:05:07.016+0000] {logging_mixin.py:188} INFO - [2024-02-07T09:05:07.016+0000] {dag.py:3820} INFO - Setting next_dagrun for example_dynamic_task_mapping_with_no_taskflow_operators to 2024-02-06T00:00:00+00:00, run_after=2024-02-07T00:00:00+00:00
[2024-02-07T09:05:07.037+0000] {processor.py:183} INFO - Processing /home/airflow/.local/lib/python3.8/site-packages/airflow/example_dags/example_dynamic_task_mapping_with_no_taskflow_operators.py took 0.079 seconds
[2024-02-07T09:05:37.395+0000] {processor.py:161} INFO - Started process (PID=2906) to work on /home/airflow/.local/lib/python3.8/site-packages/airflow/example_dags/example_dynamic_task_mapping_with_no_taskflow_operators.py
[2024-02-07T09:05:37.396+0000] {processor.py:830} INFO - Processing file /home/airflow/.local/lib/python3.8/site-packages/airflow/example_dags/example_dynamic_task_mapping_with_no_taskflow_operators.py for tasks to queue
[2024-02-07T09:05:37.398+0000] {logging_mixin.py:188} INFO - [2024-02-07T09:05:37.398+0000] {dagbag.py:538} INFO - Filling up the DagBag from /home/airflow/.local/lib/python3.8/site-packages/airflow/example_dags/example_dynamic_task_mapping_with_no_taskflow_operators.py
[2024-02-07T09:05:37.406+0000] {processor.py:840} INFO - DAG(s) 'example_dynamic_task_mapping_with_no_taskflow_operators' retrieved from /home/airflow/.local/lib/python3.8/site-packages/airflow/example_dags/example_dynamic_task_mapping_with_no_taskflow_operators.py
[2024-02-07T09:05:37.429+0000] {logging_mixin.py:188} INFO - [2024-02-07T09:05:37.429+0000] {dag.py:3033} INFO - Sync 1 DAGs
[2024-02-07T09:05:37.451+0000] {logging_mixin.py:188} INFO - [2024-02-07T09:05:37.451+0000] {dag.py:3820} INFO - Setting next_dagrun for example_dynamic_task_mapping_with_no_taskflow_operators to 2024-02-06T00:00:00+00:00, run_after=2024-02-07T00:00:00+00:00
[2024-02-07T09:05:37.479+0000] {processor.py:183} INFO - Processing /home/airflow/.local/lib/python3.8/site-packages/airflow/example_dags/example_dynamic_task_mapping_with_no_taskflow_operators.py took 0.087 seconds
[2024-02-07T09:06:07.690+0000] {processor.py:161} INFO - Started process (PID=2963) to work on /home/airflow/.local/lib/python3.8/site-packages/airflow/example_dags/example_dynamic_task_mapping_with_no_taskflow_operators.py
[2024-02-07T09:06:07.691+0000] {processor.py:830} INFO - Processing file /home/airflow/.local/lib/python3.8/site-packages/airflow/example_dags/example_dynamic_task_mapping_with_no_taskflow_operators.py for tasks to queue
[2024-02-07T09:06:07.694+0000] {logging_mixin.py:188} INFO - [2024-02-07T09:06:07.694+0000] {dagbag.py:538} INFO - Filling up the DagBag from /home/airflow/.local/lib/python3.8/site-packages/airflow/example_dags/example_dynamic_task_mapping_with_no_taskflow_operators.py
[2024-02-07T09:06:07.700+0000] {processor.py:840} INFO - DAG(s) 'example_dynamic_task_mapping_with_no_taskflow_operators' retrieved from /home/airflow/.local/lib/python3.8/site-packages/airflow/example_dags/example_dynamic_task_mapping_with_no_taskflow_operators.py
[2024-02-07T09:06:07.722+0000] {logging_mixin.py:188} INFO - [2024-02-07T09:06:07.721+0000] {dag.py:3033} INFO - Sync 1 DAGs
[2024-02-07T09:06:07.749+0000] {logging_mixin.py:188} INFO - [2024-02-07T09:06:07.749+0000] {dag.py:3820} INFO - Setting next_dagrun for example_dynamic_task_mapping_with_no_taskflow_operators to 2024-02-06T00:00:00+00:00, run_after=2024-02-07T00:00:00+00:00
[2024-02-07T09:06:07.770+0000] {processor.py:183} INFO - Processing /home/airflow/.local/lib/python3.8/site-packages/airflow/example_dags/example_dynamic_task_mapping_with_no_taskflow_operators.py took 0.085 seconds
[2024-02-07T09:06:38.172+0000] {processor.py:161} INFO - Started process (PID=3020) to work on /home/airflow/.local/lib/python3.8/site-packages/airflow/example_dags/example_dynamic_task_mapping_with_no_taskflow_operators.py
[2024-02-07T09:06:38.173+0000] {processor.py:830} INFO - Processing file /home/airflow/.local/lib/python3.8/site-packages/airflow/example_dags/example_dynamic_task_mapping_with_no_taskflow_operators.py for tasks to queue
[2024-02-07T09:06:38.176+0000] {logging_mixin.py:188} INFO - [2024-02-07T09:06:38.176+0000] {dagbag.py:538} INFO - Filling up the DagBag from /home/airflow/.local/lib/python3.8/site-packages/airflow/example_dags/example_dynamic_task_mapping_with_no_taskflow_operators.py
[2024-02-07T09:06:38.182+0000] {processor.py:840} INFO - DAG(s) 'example_dynamic_task_mapping_with_no_taskflow_operators' retrieved from /home/airflow/.local/lib/python3.8/site-packages/airflow/example_dags/example_dynamic_task_mapping_with_no_taskflow_operators.py
[2024-02-07T09:06:38.205+0000] {logging_mixin.py:188} INFO - [2024-02-07T09:06:38.205+0000] {dag.py:3033} INFO - Sync 1 DAGs
[2024-02-07T09:06:38.226+0000] {logging_mixin.py:188} INFO - [2024-02-07T09:06:38.226+0000] {dag.py:3820} INFO - Setting next_dagrun for example_dynamic_task_mapping_with_no_taskflow_operators to 2024-02-06T00:00:00+00:00, run_after=2024-02-07T00:00:00+00:00
[2024-02-07T09:06:38.253+0000] {processor.py:183} INFO - Processing /home/airflow/.local/lib/python3.8/site-packages/airflow/example_dags/example_dynamic_task_mapping_with_no_taskflow_operators.py took 0.084 seconds
[2024-02-07T09:07:08.553+0000] {processor.py:161} INFO - Started process (PID=3077) to work on /home/airflow/.local/lib/python3.8/site-packages/airflow/example_dags/example_dynamic_task_mapping_with_no_taskflow_operators.py
[2024-02-07T09:07:08.555+0000] {processor.py:830} INFO - Processing file /home/airflow/.local/lib/python3.8/site-packages/airflow/example_dags/example_dynamic_task_mapping_with_no_taskflow_operators.py for tasks to queue
[2024-02-07T09:07:08.558+0000] {logging_mixin.py:188} INFO - [2024-02-07T09:07:08.557+0000] {dagbag.py:538} INFO - Filling up the DagBag from /home/airflow/.local/lib/python3.8/site-packages/airflow/example_dags/example_dynamic_task_mapping_with_no_taskflow_operators.py
[2024-02-07T09:07:08.564+0000] {processor.py:840} INFO - DAG(s) 'example_dynamic_task_mapping_with_no_taskflow_operators' retrieved from /home/airflow/.local/lib/python3.8/site-packages/airflow/example_dags/example_dynamic_task_mapping_with_no_taskflow_operators.py
[2024-02-07T09:07:08.593+0000] {logging_mixin.py:188} INFO - [2024-02-07T09:07:08.593+0000] {dag.py:3033} INFO - Sync 1 DAGs
[2024-02-07T09:07:08.627+0000] {logging_mixin.py:188} INFO - [2024-02-07T09:07:08.627+0000] {dag.py:3820} INFO - Setting next_dagrun for example_dynamic_task_mapping_with_no_taskflow_operators to 2024-02-06T00:00:00+00:00, run_after=2024-02-07T00:00:00+00:00
[2024-02-07T09:07:08.659+0000] {processor.py:183} INFO - Processing /home/airflow/.local/lib/python3.8/site-packages/airflow/example_dags/example_dynamic_task_mapping_with_no_taskflow_operators.py took 0.109 seconds
[2024-02-07T09:07:39.130+0000] {processor.py:161} INFO - Started process (PID=3134) to work on /home/airflow/.local/lib/python3.8/site-packages/airflow/example_dags/example_dynamic_task_mapping_with_no_taskflow_operators.py
[2024-02-07T09:07:39.131+0000] {processor.py:830} INFO - Processing file /home/airflow/.local/lib/python3.8/site-packages/airflow/example_dags/example_dynamic_task_mapping_with_no_taskflow_operators.py for tasks to queue
[2024-02-07T09:07:39.134+0000] {logging_mixin.py:188} INFO - [2024-02-07T09:07:39.133+0000] {dagbag.py:538} INFO - Filling up the DagBag from /home/airflow/.local/lib/python3.8/site-packages/airflow/example_dags/example_dynamic_task_mapping_with_no_taskflow_operators.py
[2024-02-07T09:07:39.144+0000] {processor.py:840} INFO - DAG(s) 'example_dynamic_task_mapping_with_no_taskflow_operators' retrieved from /home/airflow/.local/lib/python3.8/site-packages/airflow/example_dags/example_dynamic_task_mapping_with_no_taskflow_operators.py
[2024-02-07T09:07:39.171+0000] {logging_mixin.py:188} INFO - [2024-02-07T09:07:39.171+0000] {dag.py:3033} INFO - Sync 1 DAGs
[2024-02-07T09:07:39.201+0000] {logging_mixin.py:188} INFO - [2024-02-07T09:07:39.201+0000] {dag.py:3820} INFO - Setting next_dagrun for example_dynamic_task_mapping_with_no_taskflow_operators to 2024-02-06T00:00:00+00:00, run_after=2024-02-07T00:00:00+00:00
[2024-02-07T09:07:39.238+0000] {processor.py:183} INFO - Processing /home/airflow/.local/lib/python3.8/site-packages/airflow/example_dags/example_dynamic_task_mapping_with_no_taskflow_operators.py took 0.113 seconds
[2024-02-07T09:08:09.542+0000] {processor.py:161} INFO - Started process (PID=3191) to work on /home/airflow/.local/lib/python3.8/site-packages/airflow/example_dags/example_dynamic_task_mapping_with_no_taskflow_operators.py
[2024-02-07T09:08:09.544+0000] {processor.py:830} INFO - Processing file /home/airflow/.local/lib/python3.8/site-packages/airflow/example_dags/example_dynamic_task_mapping_with_no_taskflow_operators.py for tasks to queue
[2024-02-07T09:08:09.547+0000] {logging_mixin.py:188} INFO - [2024-02-07T09:08:09.547+0000] {dagbag.py:538} INFO - Filling up the DagBag from /home/airflow/.local/lib/python3.8/site-packages/airflow/example_dags/example_dynamic_task_mapping_with_no_taskflow_operators.py
[2024-02-07T09:08:09.555+0000] {processor.py:840} INFO - DAG(s) 'example_dynamic_task_mapping_with_no_taskflow_operators' retrieved from /home/airflow/.local/lib/python3.8/site-packages/airflow/example_dags/example_dynamic_task_mapping_with_no_taskflow_operators.py
[2024-02-07T09:08:09.581+0000] {logging_mixin.py:188} INFO - [2024-02-07T09:08:09.581+0000] {dag.py:3033} INFO - Sync 1 DAGs
[2024-02-07T09:08:09.607+0000] {logging_mixin.py:188} INFO - [2024-02-07T09:08:09.607+0000] {dag.py:3820} INFO - Setting next_dagrun for example_dynamic_task_mapping_with_no_taskflow_operators to 2024-02-06T00:00:00+00:00, run_after=2024-02-07T00:00:00+00:00
[2024-02-07T09:08:09.631+0000] {processor.py:183} INFO - Processing /home/airflow/.local/lib/python3.8/site-packages/airflow/example_dags/example_dynamic_task_mapping_with_no_taskflow_operators.py took 0.092 seconds
[2024-02-07T09:08:39.949+0000] {processor.py:161} INFO - Started process (PID=3248) to work on /home/airflow/.local/lib/python3.8/site-packages/airflow/example_dags/example_dynamic_task_mapping_with_no_taskflow_operators.py
[2024-02-07T09:08:39.950+0000] {processor.py:830} INFO - Processing file /home/airflow/.local/lib/python3.8/site-packages/airflow/example_dags/example_dynamic_task_mapping_with_no_taskflow_operators.py for tasks to queue
[2024-02-07T09:08:39.952+0000] {logging_mixin.py:188} INFO - [2024-02-07T09:08:39.952+0000] {dagbag.py:538} INFO - Filling up the DagBag from /home/airflow/.local/lib/python3.8/site-packages/airflow/example_dags/example_dynamic_task_mapping_with_no_taskflow_operators.py
[2024-02-07T09:08:39.958+0000] {processor.py:840} INFO - DAG(s) 'example_dynamic_task_mapping_with_no_taskflow_operators' retrieved from /home/airflow/.local/lib/python3.8/site-packages/airflow/example_dags/example_dynamic_task_mapping_with_no_taskflow_operators.py
[2024-02-07T09:08:39.980+0000] {logging_mixin.py:188} INFO - [2024-02-07T09:08:39.980+0000] {dag.py:3033} INFO - Sync 1 DAGs
[2024-02-07T09:08:40.000+0000] {logging_mixin.py:188} INFO - [2024-02-07T09:08:40.000+0000] {dag.py:3820} INFO - Setting next_dagrun for example_dynamic_task_mapping_with_no_taskflow_operators to 2024-02-06T00:00:00+00:00, run_after=2024-02-07T00:00:00+00:00
[2024-02-07T09:08:40.022+0000] {processor.py:183} INFO - Processing /home/airflow/.local/lib/python3.8/site-packages/airflow/example_dags/example_dynamic_task_mapping_with_no_taskflow_operators.py took 0.075 seconds
[2024-02-07T09:09:10.326+0000] {processor.py:161} INFO - Started process (PID=3305) to work on /home/airflow/.local/lib/python3.8/site-packages/airflow/example_dags/example_dynamic_task_mapping_with_no_taskflow_operators.py
[2024-02-07T09:09:10.328+0000] {processor.py:830} INFO - Processing file /home/airflow/.local/lib/python3.8/site-packages/airflow/example_dags/example_dynamic_task_mapping_with_no_taskflow_operators.py for tasks to queue
[2024-02-07T09:09:10.331+0000] {logging_mixin.py:188} INFO - [2024-02-07T09:09:10.331+0000] {dagbag.py:538} INFO - Filling up the DagBag from /home/airflow/.local/lib/python3.8/site-packages/airflow/example_dags/example_dynamic_task_mapping_with_no_taskflow_operators.py
[2024-02-07T09:09:10.338+0000] {processor.py:840} INFO - DAG(s) 'example_dynamic_task_mapping_with_no_taskflow_operators' retrieved from /home/airflow/.local/lib/python3.8/site-packages/airflow/example_dags/example_dynamic_task_mapping_with_no_taskflow_operators.py
[2024-02-07T09:09:10.363+0000] {logging_mixin.py:188} INFO - [2024-02-07T09:09:10.363+0000] {dag.py:3033} INFO - Sync 1 DAGs
[2024-02-07T09:09:10.388+0000] {logging_mixin.py:188} INFO - [2024-02-07T09:09:10.388+0000] {dag.py:3820} INFO - Setting next_dagrun for example_dynamic_task_mapping_with_no_taskflow_operators to 2024-02-06T00:00:00+00:00, run_after=2024-02-07T00:00:00+00:00
[2024-02-07T09:09:10.415+0000] {processor.py:183} INFO - Processing /home/airflow/.local/lib/python3.8/site-packages/airflow/example_dags/example_dynamic_task_mapping_with_no_taskflow_operators.py took 0.092 seconds
[2024-02-07T09:09:40.791+0000] {processor.py:161} INFO - Started process (PID=3362) to work on /home/airflow/.local/lib/python3.8/site-packages/airflow/example_dags/example_dynamic_task_mapping_with_no_taskflow_operators.py
[2024-02-07T09:09:40.792+0000] {processor.py:830} INFO - Processing file /home/airflow/.local/lib/python3.8/site-packages/airflow/example_dags/example_dynamic_task_mapping_with_no_taskflow_operators.py for tasks to queue
[2024-02-07T09:09:40.795+0000] {logging_mixin.py:188} INFO - [2024-02-07T09:09:40.795+0000] {dagbag.py:538} INFO - Filling up the DagBag from /home/airflow/.local/lib/python3.8/site-packages/airflow/example_dags/example_dynamic_task_mapping_with_no_taskflow_operators.py
[2024-02-07T09:09:40.802+0000] {processor.py:840} INFO - DAG(s) 'example_dynamic_task_mapping_with_no_taskflow_operators' retrieved from /home/airflow/.local/lib/python3.8/site-packages/airflow/example_dags/example_dynamic_task_mapping_with_no_taskflow_operators.py
[2024-02-07T09:09:40.825+0000] {logging_mixin.py:188} INFO - [2024-02-07T09:09:40.825+0000] {dag.py:3033} INFO - Sync 1 DAGs
[2024-02-07T09:09:40.847+0000] {logging_mixin.py:188} INFO - [2024-02-07T09:09:40.846+0000] {dag.py:3820} INFO - Setting next_dagrun for example_dynamic_task_mapping_with_no_taskflow_operators to 2024-02-06T00:00:00+00:00, run_after=2024-02-07T00:00:00+00:00
[2024-02-07T09:09:40.874+0000] {processor.py:183} INFO - Processing /home/airflow/.local/lib/python3.8/site-packages/airflow/example_dags/example_dynamic_task_mapping_with_no_taskflow_operators.py took 0.088 seconds
[2024-02-07T09:10:10.915+0000] {processor.py:161} INFO - Started process (PID=3418) to work on /home/airflow/.local/lib/python3.8/site-packages/airflow/example_dags/example_dynamic_task_mapping_with_no_taskflow_operators.py
[2024-02-07T09:10:10.916+0000] {processor.py:830} INFO - Processing file /home/airflow/.local/lib/python3.8/site-packages/airflow/example_dags/example_dynamic_task_mapping_with_no_taskflow_operators.py for tasks to queue
[2024-02-07T09:10:10.919+0000] {logging_mixin.py:188} INFO - [2024-02-07T09:10:10.919+0000] {dagbag.py:538} INFO - Filling up the DagBag from /home/airflow/.local/lib/python3.8/site-packages/airflow/example_dags/example_dynamic_task_mapping_with_no_taskflow_operators.py
[2024-02-07T09:10:10.929+0000] {processor.py:840} INFO - DAG(s) 'example_dynamic_task_mapping_with_no_taskflow_operators' retrieved from /home/airflow/.local/lib/python3.8/site-packages/airflow/example_dags/example_dynamic_task_mapping_with_no_taskflow_operators.py
[2024-02-07T09:10:10.952+0000] {logging_mixin.py:188} INFO - [2024-02-07T09:10:10.952+0000] {dag.py:3033} INFO - Sync 1 DAGs
[2024-02-07T09:10:10.980+0000] {logging_mixin.py:188} INFO - [2024-02-07T09:10:10.979+0000] {dag.py:3820} INFO - Setting next_dagrun for example_dynamic_task_mapping_with_no_taskflow_operators to 2024-02-06T00:00:00+00:00, run_after=2024-02-07T00:00:00+00:00
[2024-02-07T09:10:11.002+0000] {processor.py:183} INFO - Processing /home/airflow/.local/lib/python3.8/site-packages/airflow/example_dags/example_dynamic_task_mapping_with_no_taskflow_operators.py took 0.091 seconds
[2024-02-07T09:10:41.463+0000] {processor.py:161} INFO - Started process (PID=3476) to work on /home/airflow/.local/lib/python3.8/site-packages/airflow/example_dags/example_dynamic_task_mapping_with_no_taskflow_operators.py
[2024-02-07T09:10:41.465+0000] {processor.py:830} INFO - Processing file /home/airflow/.local/lib/python3.8/site-packages/airflow/example_dags/example_dynamic_task_mapping_with_no_taskflow_operators.py for tasks to queue
[2024-02-07T09:10:41.467+0000] {logging_mixin.py:188} INFO - [2024-02-07T09:10:41.467+0000] {dagbag.py:538} INFO - Filling up the DagBag from /home/airflow/.local/lib/python3.8/site-packages/airflow/example_dags/example_dynamic_task_mapping_with_no_taskflow_operators.py
[2024-02-07T09:10:41.473+0000] {processor.py:840} INFO - DAG(s) 'example_dynamic_task_mapping_with_no_taskflow_operators' retrieved from /home/airflow/.local/lib/python3.8/site-packages/airflow/example_dags/example_dynamic_task_mapping_with_no_taskflow_operators.py
[2024-02-07T09:10:41.497+0000] {logging_mixin.py:188} INFO - [2024-02-07T09:10:41.497+0000] {dag.py:3033} INFO - Sync 1 DAGs
[2024-02-07T09:10:41.518+0000] {logging_mixin.py:188} INFO - [2024-02-07T09:10:41.518+0000] {dag.py:3820} INFO - Setting next_dagrun for example_dynamic_task_mapping_with_no_taskflow_operators to 2024-02-06T00:00:00+00:00, run_after=2024-02-07T00:00:00+00:00
[2024-02-07T09:10:41.540+0000] {processor.py:183} INFO - Processing /home/airflow/.local/lib/python3.8/site-packages/airflow/example_dags/example_dynamic_task_mapping_with_no_taskflow_operators.py took 0.080 seconds
[2024-02-07T09:11:11.803+0000] {processor.py:161} INFO - Started process (PID=3533) to work on /home/airflow/.local/lib/python3.8/site-packages/airflow/example_dags/example_dynamic_task_mapping_with_no_taskflow_operators.py
[2024-02-07T09:11:11.805+0000] {processor.py:830} INFO - Processing file /home/airflow/.local/lib/python3.8/site-packages/airflow/example_dags/example_dynamic_task_mapping_with_no_taskflow_operators.py for tasks to queue
[2024-02-07T09:11:11.807+0000] {logging_mixin.py:188} INFO - [2024-02-07T09:11:11.807+0000] {dagbag.py:538} INFO - Filling up the DagBag from /home/airflow/.local/lib/python3.8/site-packages/airflow/example_dags/example_dynamic_task_mapping_with_no_taskflow_operators.py
[2024-02-07T09:11:11.814+0000] {processor.py:840} INFO - DAG(s) 'example_dynamic_task_mapping_with_no_taskflow_operators' retrieved from /home/airflow/.local/lib/python3.8/site-packages/airflow/example_dags/example_dynamic_task_mapping_with_no_taskflow_operators.py
[2024-02-07T09:11:11.839+0000] {logging_mixin.py:188} INFO - [2024-02-07T09:11:11.838+0000] {dag.py:3033} INFO - Sync 1 DAGs
[2024-02-07T09:11:11.860+0000] {logging_mixin.py:188} INFO - [2024-02-07T09:11:11.860+0000] {dag.py:3820} INFO - Setting next_dagrun for example_dynamic_task_mapping_with_no_taskflow_operators to 2024-02-06T00:00:00+00:00, run_after=2024-02-07T00:00:00+00:00
[2024-02-07T09:11:11.880+0000] {processor.py:183} INFO - Processing /home/airflow/.local/lib/python3.8/site-packages/airflow/example_dags/example_dynamic_task_mapping_with_no_taskflow_operators.py took 0.080 seconds
