[2024-02-07T08:40:10.692+0000] {processor.py:161} INFO - Started process (PID=55) to work on /home/airflow/.local/lib/python3.8/site-packages/airflow/example_dags/tutorial.py
[2024-02-07T08:40:10.693+0000] {processor.py:830} INFO - Processing file /home/airflow/.local/lib/python3.8/site-packages/airflow/example_dags/tutorial.py for tasks to queue
[2024-02-07T08:40:10.696+0000] {logging_mixin.py:188} INFO - [2024-02-07T08:40:10.696+0000] {dagbag.py:538} INFO - Filling up the DagBag from /home/airflow/.local/lib/python3.8/site-packages/airflow/example_dags/tutorial.py
[2024-02-07T08:40:10.705+0000] {processor.py:840} INFO - DAG(s) 'tutorial' retrieved from /home/airflow/.local/lib/python3.8/site-packages/airflow/example_dags/tutorial.py
[2024-02-07T08:40:10.741+0000] {logging_mixin.py:188} INFO - [2024-02-07T08:40:10.740+0000] {dag.py:3033} INFO - Sync 1 DAGs
[2024-02-07T08:40:10.775+0000] {logging_mixin.py:188} INFO - [2024-02-07T08:40:10.775+0000] {dag.py:3820} INFO - Setting next_dagrun for tutorial to 2024-02-06T00:00:00+00:00, run_after=2024-02-07T00:00:00+00:00
[2024-02-07T08:40:10.800+0000] {processor.py:183} INFO - Processing /home/airflow/.local/lib/python3.8/site-packages/airflow/example_dags/tutorial.py took 0.111 seconds
[2024-02-07T08:40:41.426+0000] {processor.py:161} INFO - Started process (PID=112) to work on /home/airflow/.local/lib/python3.8/site-packages/airflow/example_dags/tutorial.py
[2024-02-07T08:40:41.428+0000] {processor.py:830} INFO - Processing file /home/airflow/.local/lib/python3.8/site-packages/airflow/example_dags/tutorial.py for tasks to queue
[2024-02-07T08:40:41.430+0000] {logging_mixin.py:188} INFO - [2024-02-07T08:40:41.430+0000] {dagbag.py:538} INFO - Filling up the DagBag from /home/airflow/.local/lib/python3.8/site-packages/airflow/example_dags/tutorial.py
[2024-02-07T08:40:41.435+0000] {processor.py:840} INFO - DAG(s) 'tutorial' retrieved from /home/airflow/.local/lib/python3.8/site-packages/airflow/example_dags/tutorial.py
[2024-02-07T08:40:41.459+0000] {logging_mixin.py:188} INFO - [2024-02-07T08:40:41.458+0000] {dag.py:3033} INFO - Sync 1 DAGs
[2024-02-07T08:40:41.484+0000] {logging_mixin.py:188} INFO - [2024-02-07T08:40:41.484+0000] {dag.py:3820} INFO - Setting next_dagrun for tutorial to 2024-02-06T00:00:00+00:00, run_after=2024-02-07T00:00:00+00:00
[2024-02-07T08:40:41.507+0000] {processor.py:183} INFO - Processing /home/airflow/.local/lib/python3.8/site-packages/airflow/example_dags/tutorial.py took 0.083 seconds
[2024-02-07T08:41:12.091+0000] {processor.py:161} INFO - Started process (PID=169) to work on /home/airflow/.local/lib/python3.8/site-packages/airflow/example_dags/tutorial.py
[2024-02-07T08:41:12.093+0000] {processor.py:830} INFO - Processing file /home/airflow/.local/lib/python3.8/site-packages/airflow/example_dags/tutorial.py for tasks to queue
[2024-02-07T08:41:12.095+0000] {logging_mixin.py:188} INFO - [2024-02-07T08:41:12.095+0000] {dagbag.py:538} INFO - Filling up the DagBag from /home/airflow/.local/lib/python3.8/site-packages/airflow/example_dags/tutorial.py
[2024-02-07T08:41:12.102+0000] {processor.py:840} INFO - DAG(s) 'tutorial' retrieved from /home/airflow/.local/lib/python3.8/site-packages/airflow/example_dags/tutorial.py
[2024-02-07T08:41:12.126+0000] {logging_mixin.py:188} INFO - [2024-02-07T08:41:12.125+0000] {dag.py:3033} INFO - Sync 1 DAGs
[2024-02-07T08:41:12.155+0000] {logging_mixin.py:188} INFO - [2024-02-07T08:41:12.155+0000] {dag.py:3820} INFO - Setting next_dagrun for tutorial to 2024-02-06T00:00:00+00:00, run_after=2024-02-07T00:00:00+00:00
[2024-02-07T08:41:12.176+0000] {processor.py:183} INFO - Processing /home/airflow/.local/lib/python3.8/site-packages/airflow/example_dags/tutorial.py took 0.089 seconds
[2024-02-07T08:41:42.838+0000] {processor.py:161} INFO - Started process (PID=226) to work on /home/airflow/.local/lib/python3.8/site-packages/airflow/example_dags/tutorial.py
[2024-02-07T08:41:42.840+0000] {processor.py:830} INFO - Processing file /home/airflow/.local/lib/python3.8/site-packages/airflow/example_dags/tutorial.py for tasks to queue
[2024-02-07T08:41:42.848+0000] {logging_mixin.py:188} INFO - [2024-02-07T08:41:42.847+0000] {dagbag.py:538} INFO - Filling up the DagBag from /home/airflow/.local/lib/python3.8/site-packages/airflow/example_dags/tutorial.py
[2024-02-07T08:41:42.860+0000] {processor.py:840} INFO - DAG(s) 'tutorial' retrieved from /home/airflow/.local/lib/python3.8/site-packages/airflow/example_dags/tutorial.py
[2024-02-07T08:41:42.898+0000] {logging_mixin.py:188} INFO - [2024-02-07T08:41:42.898+0000] {dag.py:3033} INFO - Sync 1 DAGs
[2024-02-07T08:41:42.951+0000] {logging_mixin.py:188} INFO - [2024-02-07T08:41:42.951+0000] {dag.py:3820} INFO - Setting next_dagrun for tutorial to 2024-02-06T00:00:00+00:00, run_after=2024-02-07T00:00:00+00:00
[2024-02-07T08:41:42.983+0000] {processor.py:183} INFO - Processing /home/airflow/.local/lib/python3.8/site-packages/airflow/example_dags/tutorial.py took 0.150 seconds
[2024-02-07T08:42:13.349+0000] {processor.py:161} INFO - Started process (PID=284) to work on /home/airflow/.local/lib/python3.8/site-packages/airflow/example_dags/tutorial.py
[2024-02-07T08:42:13.350+0000] {processor.py:830} INFO - Processing file /home/airflow/.local/lib/python3.8/site-packages/airflow/example_dags/tutorial.py for tasks to queue
[2024-02-07T08:42:13.352+0000] {logging_mixin.py:188} INFO - [2024-02-07T08:42:13.352+0000] {dagbag.py:538} INFO - Filling up the DagBag from /home/airflow/.local/lib/python3.8/site-packages/airflow/example_dags/tutorial.py
[2024-02-07T08:42:13.359+0000] {processor.py:840} INFO - DAG(s) 'tutorial' retrieved from /home/airflow/.local/lib/python3.8/site-packages/airflow/example_dags/tutorial.py
[2024-02-07T08:42:13.381+0000] {logging_mixin.py:188} INFO - [2024-02-07T08:42:13.381+0000] {dag.py:3033} INFO - Sync 1 DAGs
[2024-02-07T08:42:13.409+0000] {logging_mixin.py:188} INFO - [2024-02-07T08:42:13.409+0000] {dag.py:3820} INFO - Setting next_dagrun for tutorial to 2024-02-06T00:00:00+00:00, run_after=2024-02-07T00:00:00+00:00
[2024-02-07T08:42:13.432+0000] {processor.py:183} INFO - Processing /home/airflow/.local/lib/python3.8/site-packages/airflow/example_dags/tutorial.py took 0.087 seconds
[2024-02-07T08:42:44.180+0000] {processor.py:161} INFO - Started process (PID=341) to work on /home/airflow/.local/lib/python3.8/site-packages/airflow/example_dags/tutorial.py
[2024-02-07T08:42:44.181+0000] {processor.py:830} INFO - Processing file /home/airflow/.local/lib/python3.8/site-packages/airflow/example_dags/tutorial.py for tasks to queue
[2024-02-07T08:42:44.184+0000] {logging_mixin.py:188} INFO - [2024-02-07T08:42:44.183+0000] {dagbag.py:538} INFO - Filling up the DagBag from /home/airflow/.local/lib/python3.8/site-packages/airflow/example_dags/tutorial.py
[2024-02-07T08:42:44.195+0000] {processor.py:840} INFO - DAG(s) 'tutorial' retrieved from /home/airflow/.local/lib/python3.8/site-packages/airflow/example_dags/tutorial.py
[2024-02-07T08:42:44.222+0000] {logging_mixin.py:188} INFO - [2024-02-07T08:42:44.222+0000] {dag.py:3033} INFO - Sync 1 DAGs
[2024-02-07T08:42:44.255+0000] {logging_mixin.py:188} INFO - [2024-02-07T08:42:44.254+0000] {dag.py:3820} INFO - Setting next_dagrun for tutorial to 2024-02-06T00:00:00+00:00, run_after=2024-02-07T00:00:00+00:00
[2024-02-07T08:42:44.286+0000] {processor.py:183} INFO - Processing /home/airflow/.local/lib/python3.8/site-packages/airflow/example_dags/tutorial.py took 0.110 seconds
[2024-02-07T08:43:15.023+0000] {processor.py:161} INFO - Started process (PID=398) to work on /home/airflow/.local/lib/python3.8/site-packages/airflow/example_dags/tutorial.py
[2024-02-07T08:43:15.025+0000] {processor.py:830} INFO - Processing file /home/airflow/.local/lib/python3.8/site-packages/airflow/example_dags/tutorial.py for tasks to queue
[2024-02-07T08:43:15.028+0000] {logging_mixin.py:188} INFO - [2024-02-07T08:43:15.028+0000] {dagbag.py:538} INFO - Filling up the DagBag from /home/airflow/.local/lib/python3.8/site-packages/airflow/example_dags/tutorial.py
[2024-02-07T08:43:15.038+0000] {processor.py:840} INFO - DAG(s) 'tutorial' retrieved from /home/airflow/.local/lib/python3.8/site-packages/airflow/example_dags/tutorial.py
[2024-02-07T08:43:15.078+0000] {logging_mixin.py:188} INFO - [2024-02-07T08:43:15.078+0000] {dag.py:3033} INFO - Sync 1 DAGs
[2024-02-07T08:43:15.108+0000] {logging_mixin.py:188} INFO - [2024-02-07T08:43:15.107+0000] {dag.py:3820} INFO - Setting next_dagrun for tutorial to 2024-02-06T00:00:00+00:00, run_after=2024-02-07T00:00:00+00:00
[2024-02-07T08:43:15.128+0000] {processor.py:183} INFO - Processing /home/airflow/.local/lib/python3.8/site-packages/airflow/example_dags/tutorial.py took 0.108 seconds
[2024-02-07T08:43:45.566+0000] {processor.py:161} INFO - Started process (PID=455) to work on /home/airflow/.local/lib/python3.8/site-packages/airflow/example_dags/tutorial.py
[2024-02-07T08:43:45.567+0000] {processor.py:830} INFO - Processing file /home/airflow/.local/lib/python3.8/site-packages/airflow/example_dags/tutorial.py for tasks to queue
[2024-02-07T08:43:45.569+0000] {logging_mixin.py:188} INFO - [2024-02-07T08:43:45.569+0000] {dagbag.py:538} INFO - Filling up the DagBag from /home/airflow/.local/lib/python3.8/site-packages/airflow/example_dags/tutorial.py
[2024-02-07T08:43:45.575+0000] {processor.py:840} INFO - DAG(s) 'tutorial' retrieved from /home/airflow/.local/lib/python3.8/site-packages/airflow/example_dags/tutorial.py
[2024-02-07T08:43:45.595+0000] {logging_mixin.py:188} INFO - [2024-02-07T08:43:45.595+0000] {dag.py:3033} INFO - Sync 1 DAGs
[2024-02-07T08:43:45.617+0000] {logging_mixin.py:188} INFO - [2024-02-07T08:43:45.616+0000] {dag.py:3820} INFO - Setting next_dagrun for tutorial to 2024-02-06T00:00:00+00:00, run_after=2024-02-07T00:00:00+00:00
[2024-02-07T08:43:45.638+0000] {processor.py:183} INFO - Processing /home/airflow/.local/lib/python3.8/site-packages/airflow/example_dags/tutorial.py took 0.075 seconds
[2024-02-07T08:44:16.353+0000] {processor.py:161} INFO - Started process (PID=512) to work on /home/airflow/.local/lib/python3.8/site-packages/airflow/example_dags/tutorial.py
[2024-02-07T08:44:16.356+0000] {processor.py:830} INFO - Processing file /home/airflow/.local/lib/python3.8/site-packages/airflow/example_dags/tutorial.py for tasks to queue
[2024-02-07T08:44:16.361+0000] {logging_mixin.py:188} INFO - [2024-02-07T08:44:16.361+0000] {dagbag.py:538} INFO - Filling up the DagBag from /home/airflow/.local/lib/python3.8/site-packages/airflow/example_dags/tutorial.py
[2024-02-07T08:44:16.370+0000] {processor.py:840} INFO - DAG(s) 'tutorial' retrieved from /home/airflow/.local/lib/python3.8/site-packages/airflow/example_dags/tutorial.py
[2024-02-07T08:44:16.402+0000] {logging_mixin.py:188} INFO - [2024-02-07T08:44:16.402+0000] {dag.py:3033} INFO - Sync 1 DAGs
[2024-02-07T08:44:16.440+0000] {logging_mixin.py:188} INFO - [2024-02-07T08:44:16.439+0000] {dag.py:3820} INFO - Setting next_dagrun for tutorial to 2024-02-06T00:00:00+00:00, run_after=2024-02-07T00:00:00+00:00
[2024-02-07T08:44:16.476+0000] {processor.py:183} INFO - Processing /home/airflow/.local/lib/python3.8/site-packages/airflow/example_dags/tutorial.py took 0.128 seconds
[2024-02-07T08:44:46.587+0000] {processor.py:161} INFO - Started process (PID=569) to work on /home/airflow/.local/lib/python3.8/site-packages/airflow/example_dags/tutorial.py
[2024-02-07T08:44:46.589+0000] {processor.py:830} INFO - Processing file /home/airflow/.local/lib/python3.8/site-packages/airflow/example_dags/tutorial.py for tasks to queue
[2024-02-07T08:44:46.591+0000] {logging_mixin.py:188} INFO - [2024-02-07T08:44:46.591+0000] {dagbag.py:538} INFO - Filling up the DagBag from /home/airflow/.local/lib/python3.8/site-packages/airflow/example_dags/tutorial.py
[2024-02-07T08:44:46.598+0000] {processor.py:840} INFO - DAG(s) 'tutorial' retrieved from /home/airflow/.local/lib/python3.8/site-packages/airflow/example_dags/tutorial.py
[2024-02-07T08:44:46.623+0000] {logging_mixin.py:188} INFO - [2024-02-07T08:44:46.623+0000] {dag.py:3033} INFO - Sync 1 DAGs
[2024-02-07T08:44:46.645+0000] {logging_mixin.py:188} INFO - [2024-02-07T08:44:46.645+0000] {dag.py:3820} INFO - Setting next_dagrun for tutorial to 2024-02-06T00:00:00+00:00, run_after=2024-02-07T00:00:00+00:00
[2024-02-07T08:44:46.675+0000] {processor.py:183} INFO - Processing /home/airflow/.local/lib/python3.8/site-packages/airflow/example_dags/tutorial.py took 0.091 seconds
[2024-02-07T08:45:16.723+0000] {processor.py:161} INFO - Started process (PID=624) to work on /home/airflow/.local/lib/python3.8/site-packages/airflow/example_dags/tutorial.py
[2024-02-07T08:45:16.725+0000] {processor.py:830} INFO - Processing file /home/airflow/.local/lib/python3.8/site-packages/airflow/example_dags/tutorial.py for tasks to queue
[2024-02-07T08:45:16.728+0000] {logging_mixin.py:188} INFO - [2024-02-07T08:45:16.728+0000] {dagbag.py:538} INFO - Filling up the DagBag from /home/airflow/.local/lib/python3.8/site-packages/airflow/example_dags/tutorial.py
[2024-02-07T08:45:16.736+0000] {processor.py:840} INFO - DAG(s) 'tutorial' retrieved from /home/airflow/.local/lib/python3.8/site-packages/airflow/example_dags/tutorial.py
[2024-02-07T08:45:16.765+0000] {logging_mixin.py:188} INFO - [2024-02-07T08:45:16.764+0000] {dag.py:3033} INFO - Sync 1 DAGs
[2024-02-07T08:45:16.791+0000] {logging_mixin.py:188} INFO - [2024-02-07T08:45:16.791+0000] {dag.py:3820} INFO - Setting next_dagrun for tutorial to 2024-02-06T00:00:00+00:00, run_after=2024-02-07T00:00:00+00:00
[2024-02-07T08:45:16.812+0000] {processor.py:183} INFO - Processing /home/airflow/.local/lib/python3.8/site-packages/airflow/example_dags/tutorial.py took 0.094 seconds
[2024-02-07T08:45:46.936+0000] {processor.py:161} INFO - Started process (PID=681) to work on /home/airflow/.local/lib/python3.8/site-packages/airflow/example_dags/tutorial.py
[2024-02-07T08:45:46.938+0000] {processor.py:830} INFO - Processing file /home/airflow/.local/lib/python3.8/site-packages/airflow/example_dags/tutorial.py for tasks to queue
[2024-02-07T08:45:46.941+0000] {logging_mixin.py:188} INFO - [2024-02-07T08:45:46.941+0000] {dagbag.py:538} INFO - Filling up the DagBag from /home/airflow/.local/lib/python3.8/site-packages/airflow/example_dags/tutorial.py
[2024-02-07T08:45:46.948+0000] {processor.py:840} INFO - DAG(s) 'tutorial' retrieved from /home/airflow/.local/lib/python3.8/site-packages/airflow/example_dags/tutorial.py
[2024-02-07T08:45:46.970+0000] {logging_mixin.py:188} INFO - [2024-02-07T08:45:46.969+0000] {dag.py:3033} INFO - Sync 1 DAGs
[2024-02-07T08:45:46.992+0000] {logging_mixin.py:188} INFO - [2024-02-07T08:45:46.991+0000] {dag.py:3820} INFO - Setting next_dagrun for tutorial to 2024-02-06T00:00:00+00:00, run_after=2024-02-07T00:00:00+00:00
[2024-02-07T08:45:47.014+0000] {processor.py:183} INFO - Processing /home/airflow/.local/lib/python3.8/site-packages/airflow/example_dags/tutorial.py took 0.082 seconds
[2024-02-07T08:46:17.795+0000] {processor.py:161} INFO - Started process (PID=738) to work on /home/airflow/.local/lib/python3.8/site-packages/airflow/example_dags/tutorial.py
[2024-02-07T08:46:17.797+0000] {processor.py:830} INFO - Processing file /home/airflow/.local/lib/python3.8/site-packages/airflow/example_dags/tutorial.py for tasks to queue
[2024-02-07T08:46:17.801+0000] {logging_mixin.py:188} INFO - [2024-02-07T08:46:17.801+0000] {dagbag.py:538} INFO - Filling up the DagBag from /home/airflow/.local/lib/python3.8/site-packages/airflow/example_dags/tutorial.py
[2024-02-07T08:46:17.820+0000] {processor.py:840} INFO - DAG(s) 'tutorial' retrieved from /home/airflow/.local/lib/python3.8/site-packages/airflow/example_dags/tutorial.py
[2024-02-07T08:46:17.861+0000] {logging_mixin.py:188} INFO - [2024-02-07T08:46:17.861+0000] {dag.py:3033} INFO - Sync 1 DAGs
[2024-02-07T08:46:17.903+0000] {logging_mixin.py:188} INFO - [2024-02-07T08:46:17.903+0000] {dag.py:3820} INFO - Setting next_dagrun for tutorial to 2024-02-06T00:00:00+00:00, run_after=2024-02-07T00:00:00+00:00
[2024-02-07T08:46:17.948+0000] {processor.py:183} INFO - Processing /home/airflow/.local/lib/python3.8/site-packages/airflow/example_dags/tutorial.py took 0.157 seconds
[2024-02-07T08:46:48.132+0000] {processor.py:161} INFO - Started process (PID=795) to work on /home/airflow/.local/lib/python3.8/site-packages/airflow/example_dags/tutorial.py
[2024-02-07T08:46:48.133+0000] {processor.py:830} INFO - Processing file /home/airflow/.local/lib/python3.8/site-packages/airflow/example_dags/tutorial.py for tasks to queue
[2024-02-07T08:46:48.138+0000] {logging_mixin.py:188} INFO - [2024-02-07T08:46:48.137+0000] {dagbag.py:538} INFO - Filling up the DagBag from /home/airflow/.local/lib/python3.8/site-packages/airflow/example_dags/tutorial.py
[2024-02-07T08:46:48.146+0000] {processor.py:840} INFO - DAG(s) 'tutorial' retrieved from /home/airflow/.local/lib/python3.8/site-packages/airflow/example_dags/tutorial.py
[2024-02-07T08:46:48.172+0000] {logging_mixin.py:188} INFO - [2024-02-07T08:46:48.172+0000] {dag.py:3033} INFO - Sync 1 DAGs
[2024-02-07T08:46:48.206+0000] {logging_mixin.py:188} INFO - [2024-02-07T08:46:48.206+0000] {dag.py:3820} INFO - Setting next_dagrun for tutorial to 2024-02-06T00:00:00+00:00, run_after=2024-02-07T00:00:00+00:00
[2024-02-07T08:46:48.237+0000] {processor.py:183} INFO - Processing /home/airflow/.local/lib/python3.8/site-packages/airflow/example_dags/tutorial.py took 0.110 seconds
[2024-02-07T08:47:18.561+0000] {processor.py:161} INFO - Started process (PID=852) to work on /home/airflow/.local/lib/python3.8/site-packages/airflow/example_dags/tutorial.py
[2024-02-07T08:47:18.562+0000] {processor.py:830} INFO - Processing file /home/airflow/.local/lib/python3.8/site-packages/airflow/example_dags/tutorial.py for tasks to queue
[2024-02-07T08:47:18.565+0000] {logging_mixin.py:188} INFO - [2024-02-07T08:47:18.564+0000] {dagbag.py:538} INFO - Filling up the DagBag from /home/airflow/.local/lib/python3.8/site-packages/airflow/example_dags/tutorial.py
[2024-02-07T08:47:18.571+0000] {processor.py:840} INFO - DAG(s) 'tutorial' retrieved from /home/airflow/.local/lib/python3.8/site-packages/airflow/example_dags/tutorial.py
[2024-02-07T08:47:18.591+0000] {logging_mixin.py:188} INFO - [2024-02-07T08:47:18.591+0000] {dag.py:3033} INFO - Sync 1 DAGs
[2024-02-07T08:47:18.615+0000] {logging_mixin.py:188} INFO - [2024-02-07T08:47:18.615+0000] {dag.py:3820} INFO - Setting next_dagrun for tutorial to 2024-02-06T00:00:00+00:00, run_after=2024-02-07T00:00:00+00:00
[2024-02-07T08:47:18.637+0000] {processor.py:183} INFO - Processing /home/airflow/.local/lib/python3.8/site-packages/airflow/example_dags/tutorial.py took 0.081 seconds
[2024-02-07T08:47:48.984+0000] {processor.py:161} INFO - Started process (PID=909) to work on /home/airflow/.local/lib/python3.8/site-packages/airflow/example_dags/tutorial.py
[2024-02-07T08:47:48.985+0000] {processor.py:830} INFO - Processing file /home/airflow/.local/lib/python3.8/site-packages/airflow/example_dags/tutorial.py for tasks to queue
[2024-02-07T08:47:48.989+0000] {logging_mixin.py:188} INFO - [2024-02-07T08:47:48.989+0000] {dagbag.py:538} INFO - Filling up the DagBag from /home/airflow/.local/lib/python3.8/site-packages/airflow/example_dags/tutorial.py
[2024-02-07T08:47:49.000+0000] {processor.py:840} INFO - DAG(s) 'tutorial' retrieved from /home/airflow/.local/lib/python3.8/site-packages/airflow/example_dags/tutorial.py
[2024-02-07T08:47:49.029+0000] {logging_mixin.py:188} INFO - [2024-02-07T08:47:49.028+0000] {dag.py:3033} INFO - Sync 1 DAGs
[2024-02-07T08:47:49.064+0000] {logging_mixin.py:188} INFO - [2024-02-07T08:47:49.064+0000] {dag.py:3820} INFO - Setting next_dagrun for tutorial to 2024-02-06T00:00:00+00:00, run_after=2024-02-07T00:00:00+00:00
[2024-02-07T08:47:49.089+0000] {processor.py:183} INFO - Processing /home/airflow/.local/lib/python3.8/site-packages/airflow/example_dags/tutorial.py took 0.109 seconds
[2024-02-07T08:48:19.179+0000] {processor.py:161} INFO - Started process (PID=966) to work on /home/airflow/.local/lib/python3.8/site-packages/airflow/example_dags/tutorial.py
[2024-02-07T08:48:19.180+0000] {processor.py:830} INFO - Processing file /home/airflow/.local/lib/python3.8/site-packages/airflow/example_dags/tutorial.py for tasks to queue
[2024-02-07T08:48:19.182+0000] {logging_mixin.py:188} INFO - [2024-02-07T08:48:19.182+0000] {dagbag.py:538} INFO - Filling up the DagBag from /home/airflow/.local/lib/python3.8/site-packages/airflow/example_dags/tutorial.py
[2024-02-07T08:48:19.189+0000] {processor.py:840} INFO - DAG(s) 'tutorial' retrieved from /home/airflow/.local/lib/python3.8/site-packages/airflow/example_dags/tutorial.py
[2024-02-07T08:48:19.216+0000] {logging_mixin.py:188} INFO - [2024-02-07T08:48:19.215+0000] {dag.py:3033} INFO - Sync 1 DAGs
[2024-02-07T08:48:19.262+0000] {logging_mixin.py:188} INFO - [2024-02-07T08:48:19.262+0000] {dag.py:3820} INFO - Setting next_dagrun for tutorial to 2024-02-06T00:00:00+00:00, run_after=2024-02-07T00:00:00+00:00
[2024-02-07T08:48:19.291+0000] {processor.py:183} INFO - Processing /home/airflow/.local/lib/python3.8/site-packages/airflow/example_dags/tutorial.py took 0.116 seconds
[2024-02-07T08:48:49.563+0000] {processor.py:161} INFO - Started process (PID=1023) to work on /home/airflow/.local/lib/python3.8/site-packages/airflow/example_dags/tutorial.py
[2024-02-07T08:48:49.564+0000] {processor.py:830} INFO - Processing file /home/airflow/.local/lib/python3.8/site-packages/airflow/example_dags/tutorial.py for tasks to queue
[2024-02-07T08:48:49.567+0000] {logging_mixin.py:188} INFO - [2024-02-07T08:48:49.567+0000] {dagbag.py:538} INFO - Filling up the DagBag from /home/airflow/.local/lib/python3.8/site-packages/airflow/example_dags/tutorial.py
[2024-02-07T08:48:49.573+0000] {processor.py:840} INFO - DAG(s) 'tutorial' retrieved from /home/airflow/.local/lib/python3.8/site-packages/airflow/example_dags/tutorial.py
[2024-02-07T08:48:49.597+0000] {logging_mixin.py:188} INFO - [2024-02-07T08:48:49.597+0000] {dag.py:3033} INFO - Sync 1 DAGs
[2024-02-07T08:48:49.622+0000] {logging_mixin.py:188} INFO - [2024-02-07T08:48:49.621+0000] {dag.py:3820} INFO - Setting next_dagrun for tutorial to 2024-02-06T00:00:00+00:00, run_after=2024-02-07T00:00:00+00:00
[2024-02-07T08:48:49.645+0000] {processor.py:183} INFO - Processing /home/airflow/.local/lib/python3.8/site-packages/airflow/example_dags/tutorial.py took 0.086 seconds
[2024-02-07T08:49:20.177+0000] {processor.py:161} INFO - Started process (PID=1080) to work on /home/airflow/.local/lib/python3.8/site-packages/airflow/example_dags/tutorial.py
[2024-02-07T08:49:20.179+0000] {processor.py:830} INFO - Processing file /home/airflow/.local/lib/python3.8/site-packages/airflow/example_dags/tutorial.py for tasks to queue
[2024-02-07T08:49:20.182+0000] {logging_mixin.py:188} INFO - [2024-02-07T08:49:20.182+0000] {dagbag.py:538} INFO - Filling up the DagBag from /home/airflow/.local/lib/python3.8/site-packages/airflow/example_dags/tutorial.py
[2024-02-07T08:49:20.190+0000] {processor.py:840} INFO - DAG(s) 'tutorial' retrieved from /home/airflow/.local/lib/python3.8/site-packages/airflow/example_dags/tutorial.py
[2024-02-07T08:49:20.220+0000] {logging_mixin.py:188} INFO - [2024-02-07T08:49:20.220+0000] {dag.py:3033} INFO - Sync 1 DAGs
[2024-02-07T08:49:20.248+0000] {logging_mixin.py:188} INFO - [2024-02-07T08:49:20.248+0000] {dag.py:3820} INFO - Setting next_dagrun for tutorial to 2024-02-06T00:00:00+00:00, run_after=2024-02-07T00:00:00+00:00
[2024-02-07T08:49:20.274+0000] {processor.py:183} INFO - Processing /home/airflow/.local/lib/python3.8/site-packages/airflow/example_dags/tutorial.py took 0.102 seconds
[2024-02-07T08:49:50.583+0000] {processor.py:161} INFO - Started process (PID=1137) to work on /home/airflow/.local/lib/python3.8/site-packages/airflow/example_dags/tutorial.py
[2024-02-07T08:49:50.585+0000] {processor.py:830} INFO - Processing file /home/airflow/.local/lib/python3.8/site-packages/airflow/example_dags/tutorial.py for tasks to queue
[2024-02-07T08:49:50.588+0000] {logging_mixin.py:188} INFO - [2024-02-07T08:49:50.587+0000] {dagbag.py:538} INFO - Filling up the DagBag from /home/airflow/.local/lib/python3.8/site-packages/airflow/example_dags/tutorial.py
[2024-02-07T08:49:50.594+0000] {processor.py:840} INFO - DAG(s) 'tutorial' retrieved from /home/airflow/.local/lib/python3.8/site-packages/airflow/example_dags/tutorial.py
[2024-02-07T08:49:50.616+0000] {logging_mixin.py:188} INFO - [2024-02-07T08:49:50.616+0000] {dag.py:3033} INFO - Sync 1 DAGs
[2024-02-07T08:49:50.641+0000] {logging_mixin.py:188} INFO - [2024-02-07T08:49:50.641+0000] {dag.py:3820} INFO - Setting next_dagrun for tutorial to 2024-02-06T00:00:00+00:00, run_after=2024-02-07T00:00:00+00:00
[2024-02-07T08:49:50.664+0000] {processor.py:183} INFO - Processing /home/airflow/.local/lib/python3.8/site-packages/airflow/example_dags/tutorial.py took 0.084 seconds
[2024-02-07T08:50:21.196+0000] {processor.py:161} INFO - Started process (PID=1195) to work on /home/airflow/.local/lib/python3.8/site-packages/airflow/example_dags/tutorial.py
[2024-02-07T08:50:21.198+0000] {processor.py:830} INFO - Processing file /home/airflow/.local/lib/python3.8/site-packages/airflow/example_dags/tutorial.py for tasks to queue
[2024-02-07T08:50:21.201+0000] {logging_mixin.py:188} INFO - [2024-02-07T08:50:21.201+0000] {dagbag.py:538} INFO - Filling up the DagBag from /home/airflow/.local/lib/python3.8/site-packages/airflow/example_dags/tutorial.py
[2024-02-07T08:50:21.210+0000] {processor.py:840} INFO - DAG(s) 'tutorial' retrieved from /home/airflow/.local/lib/python3.8/site-packages/airflow/example_dags/tutorial.py
[2024-02-07T08:50:21.245+0000] {logging_mixin.py:188} INFO - [2024-02-07T08:50:21.244+0000] {dag.py:3033} INFO - Sync 1 DAGs
[2024-02-07T08:50:21.271+0000] {logging_mixin.py:188} INFO - [2024-02-07T08:50:21.270+0000] {dag.py:3820} INFO - Setting next_dagrun for tutorial to 2024-02-06T00:00:00+00:00, run_after=2024-02-07T00:00:00+00:00
[2024-02-07T08:50:21.305+0000] {processor.py:183} INFO - Processing /home/airflow/.local/lib/python3.8/site-packages/airflow/example_dags/tutorial.py took 0.114 seconds
[2024-02-07T08:50:51.580+0000] {processor.py:161} INFO - Started process (PID=1251) to work on /home/airflow/.local/lib/python3.8/site-packages/airflow/example_dags/tutorial.py
[2024-02-07T08:50:51.582+0000] {processor.py:830} INFO - Processing file /home/airflow/.local/lib/python3.8/site-packages/airflow/example_dags/tutorial.py for tasks to queue
[2024-02-07T08:50:51.584+0000] {logging_mixin.py:188} INFO - [2024-02-07T08:50:51.584+0000] {dagbag.py:538} INFO - Filling up the DagBag from /home/airflow/.local/lib/python3.8/site-packages/airflow/example_dags/tutorial.py
[2024-02-07T08:50:51.590+0000] {processor.py:840} INFO - DAG(s) 'tutorial' retrieved from /home/airflow/.local/lib/python3.8/site-packages/airflow/example_dags/tutorial.py
[2024-02-07T08:50:51.611+0000] {logging_mixin.py:188} INFO - [2024-02-07T08:50:51.611+0000] {dag.py:3033} INFO - Sync 1 DAGs
[2024-02-07T08:50:51.633+0000] {logging_mixin.py:188} INFO - [2024-02-07T08:50:51.633+0000] {dag.py:3820} INFO - Setting next_dagrun for tutorial to 2024-02-06T00:00:00+00:00, run_after=2024-02-07T00:00:00+00:00
[2024-02-07T08:50:51.655+0000] {processor.py:183} INFO - Processing /home/airflow/.local/lib/python3.8/site-packages/airflow/example_dags/tutorial.py took 0.078 seconds
[2024-02-07T08:51:22.154+0000] {processor.py:161} INFO - Started process (PID=1310) to work on /home/airflow/.local/lib/python3.8/site-packages/airflow/example_dags/tutorial.py
[2024-02-07T08:51:22.156+0000] {processor.py:830} INFO - Processing file /home/airflow/.local/lib/python3.8/site-packages/airflow/example_dags/tutorial.py for tasks to queue
[2024-02-07T08:51:22.158+0000] {logging_mixin.py:188} INFO - [2024-02-07T08:51:22.158+0000] {dagbag.py:538} INFO - Filling up the DagBag from /home/airflow/.local/lib/python3.8/site-packages/airflow/example_dags/tutorial.py
[2024-02-07T08:51:22.165+0000] {processor.py:840} INFO - DAG(s) 'tutorial' retrieved from /home/airflow/.local/lib/python3.8/site-packages/airflow/example_dags/tutorial.py
[2024-02-07T08:51:22.188+0000] {logging_mixin.py:188} INFO - [2024-02-07T08:51:22.188+0000] {dag.py:3033} INFO - Sync 1 DAGs
[2024-02-07T08:51:22.210+0000] {logging_mixin.py:188} INFO - [2024-02-07T08:51:22.210+0000] {dag.py:3820} INFO - Setting next_dagrun for tutorial to 2024-02-06T00:00:00+00:00, run_after=2024-02-07T00:00:00+00:00
[2024-02-07T08:51:22.238+0000] {processor.py:183} INFO - Processing /home/airflow/.local/lib/python3.8/site-packages/airflow/example_dags/tutorial.py took 0.088 seconds
[2024-02-07T08:51:52.997+0000] {processor.py:161} INFO - Started process (PID=1366) to work on /home/airflow/.local/lib/python3.8/site-packages/airflow/example_dags/tutorial.py
[2024-02-07T08:51:52.999+0000] {processor.py:830} INFO - Processing file /home/airflow/.local/lib/python3.8/site-packages/airflow/example_dags/tutorial.py for tasks to queue
[2024-02-07T08:51:53.002+0000] {logging_mixin.py:188} INFO - [2024-02-07T08:51:53.001+0000] {dagbag.py:538} INFO - Filling up the DagBag from /home/airflow/.local/lib/python3.8/site-packages/airflow/example_dags/tutorial.py
[2024-02-07T08:51:53.013+0000] {processor.py:840} INFO - DAG(s) 'tutorial' retrieved from /home/airflow/.local/lib/python3.8/site-packages/airflow/example_dags/tutorial.py
[2024-02-07T08:51:53.044+0000] {logging_mixin.py:188} INFO - [2024-02-07T08:51:53.044+0000] {dag.py:3033} INFO - Sync 1 DAGs
[2024-02-07T08:51:53.082+0000] {logging_mixin.py:188} INFO - [2024-02-07T08:51:53.082+0000] {dag.py:3820} INFO - Setting next_dagrun for tutorial to 2024-02-06T00:00:00+00:00, run_after=2024-02-07T00:00:00+00:00
[2024-02-07T08:51:53.106+0000] {processor.py:183} INFO - Processing /home/airflow/.local/lib/python3.8/site-packages/airflow/example_dags/tutorial.py took 0.113 seconds
[2024-02-07T08:52:23.193+0000] {processor.py:161} INFO - Started process (PID=1423) to work on /home/airflow/.local/lib/python3.8/site-packages/airflow/example_dags/tutorial.py
[2024-02-07T08:52:23.194+0000] {processor.py:830} INFO - Processing file /home/airflow/.local/lib/python3.8/site-packages/airflow/example_dags/tutorial.py for tasks to queue
[2024-02-07T08:52:23.197+0000] {logging_mixin.py:188} INFO - [2024-02-07T08:52:23.196+0000] {dagbag.py:538} INFO - Filling up the DagBag from /home/airflow/.local/lib/python3.8/site-packages/airflow/example_dags/tutorial.py
[2024-02-07T08:52:23.204+0000] {processor.py:840} INFO - DAG(s) 'tutorial' retrieved from /home/airflow/.local/lib/python3.8/site-packages/airflow/example_dags/tutorial.py
[2024-02-07T08:52:23.225+0000] {logging_mixin.py:188} INFO - [2024-02-07T08:52:23.225+0000] {dag.py:3033} INFO - Sync 1 DAGs
[2024-02-07T08:52:23.254+0000] {logging_mixin.py:188} INFO - [2024-02-07T08:52:23.254+0000] {dag.py:3820} INFO - Setting next_dagrun for tutorial to 2024-02-06T00:00:00+00:00, run_after=2024-02-07T00:00:00+00:00
[2024-02-07T08:52:23.274+0000] {processor.py:183} INFO - Processing /home/airflow/.local/lib/python3.8/site-packages/airflow/example_dags/tutorial.py took 0.084 seconds
[2024-02-07T08:52:53.414+0000] {processor.py:161} INFO - Started process (PID=1480) to work on /home/airflow/.local/lib/python3.8/site-packages/airflow/example_dags/tutorial.py
[2024-02-07T08:52:53.415+0000] {processor.py:830} INFO - Processing file /home/airflow/.local/lib/python3.8/site-packages/airflow/example_dags/tutorial.py for tasks to queue
[2024-02-07T08:52:53.418+0000] {logging_mixin.py:188} INFO - [2024-02-07T08:52:53.418+0000] {dagbag.py:538} INFO - Filling up the DagBag from /home/airflow/.local/lib/python3.8/site-packages/airflow/example_dags/tutorial.py
[2024-02-07T08:52:53.425+0000] {processor.py:840} INFO - DAG(s) 'tutorial' retrieved from /home/airflow/.local/lib/python3.8/site-packages/airflow/example_dags/tutorial.py
[2024-02-07T08:52:53.447+0000] {logging_mixin.py:188} INFO - [2024-02-07T08:52:53.447+0000] {dag.py:3033} INFO - Sync 1 DAGs
[2024-02-07T08:52:53.469+0000] {logging_mixin.py:188} INFO - [2024-02-07T08:52:53.469+0000] {dag.py:3820} INFO - Setting next_dagrun for tutorial to 2024-02-06T00:00:00+00:00, run_after=2024-02-07T00:00:00+00:00
[2024-02-07T08:52:53.492+0000] {processor.py:183} INFO - Processing /home/airflow/.local/lib/python3.8/site-packages/airflow/example_dags/tutorial.py took 0.082 seconds
[2024-02-07T08:53:23.732+0000] {processor.py:161} INFO - Started process (PID=1537) to work on /home/airflow/.local/lib/python3.8/site-packages/airflow/example_dags/tutorial.py
[2024-02-07T08:53:23.734+0000] {processor.py:830} INFO - Processing file /home/airflow/.local/lib/python3.8/site-packages/airflow/example_dags/tutorial.py for tasks to queue
[2024-02-07T08:53:23.737+0000] {logging_mixin.py:188} INFO - [2024-02-07T08:53:23.737+0000] {dagbag.py:538} INFO - Filling up the DagBag from /home/airflow/.local/lib/python3.8/site-packages/airflow/example_dags/tutorial.py
[2024-02-07T08:53:23.745+0000] {processor.py:840} INFO - DAG(s) 'tutorial' retrieved from /home/airflow/.local/lib/python3.8/site-packages/airflow/example_dags/tutorial.py
[2024-02-07T08:53:23.772+0000] {logging_mixin.py:188} INFO - [2024-02-07T08:53:23.772+0000] {dag.py:3033} INFO - Sync 1 DAGs
[2024-02-07T08:53:23.795+0000] {logging_mixin.py:188} INFO - [2024-02-07T08:53:23.795+0000] {dag.py:3820} INFO - Setting next_dagrun for tutorial to 2024-02-06T00:00:00+00:00, run_after=2024-02-07T00:00:00+00:00
[2024-02-07T08:53:23.824+0000] {processor.py:183} INFO - Processing /home/airflow/.local/lib/python3.8/site-packages/airflow/example_dags/tutorial.py took 0.098 seconds
[2024-02-07T08:53:53.939+0000] {processor.py:161} INFO - Started process (PID=1594) to work on /home/airflow/.local/lib/python3.8/site-packages/airflow/example_dags/tutorial.py
[2024-02-07T08:53:53.940+0000] {processor.py:830} INFO - Processing file /home/airflow/.local/lib/python3.8/site-packages/airflow/example_dags/tutorial.py for tasks to queue
[2024-02-07T08:53:53.944+0000] {logging_mixin.py:188} INFO - [2024-02-07T08:53:53.943+0000] {dagbag.py:538} INFO - Filling up the DagBag from /home/airflow/.local/lib/python3.8/site-packages/airflow/example_dags/tutorial.py
[2024-02-07T08:53:53.952+0000] {processor.py:840} INFO - DAG(s) 'tutorial' retrieved from /home/airflow/.local/lib/python3.8/site-packages/airflow/example_dags/tutorial.py
[2024-02-07T08:53:53.975+0000] {logging_mixin.py:188} INFO - [2024-02-07T08:53:53.975+0000] {dag.py:3033} INFO - Sync 1 DAGs
[2024-02-07T08:53:54.012+0000] {logging_mixin.py:188} INFO - [2024-02-07T08:53:54.011+0000] {dag.py:3820} INFO - Setting next_dagrun for tutorial to 2024-02-06T00:00:00+00:00, run_after=2024-02-07T00:00:00+00:00
[2024-02-07T08:53:54.044+0000] {processor.py:183} INFO - Processing /home/airflow/.local/lib/python3.8/site-packages/airflow/example_dags/tutorial.py took 0.108 seconds
[2024-02-07T08:54:24.480+0000] {processor.py:161} INFO - Started process (PID=1651) to work on /home/airflow/.local/lib/python3.8/site-packages/airflow/example_dags/tutorial.py
[2024-02-07T08:54:24.482+0000] {processor.py:830} INFO - Processing file /home/airflow/.local/lib/python3.8/site-packages/airflow/example_dags/tutorial.py for tasks to queue
[2024-02-07T08:54:24.489+0000] {logging_mixin.py:188} INFO - [2024-02-07T08:54:24.486+0000] {dagbag.py:538} INFO - Filling up the DagBag from /home/airflow/.local/lib/python3.8/site-packages/airflow/example_dags/tutorial.py
[2024-02-07T08:54:24.502+0000] {processor.py:840} INFO - DAG(s) 'tutorial' retrieved from /home/airflow/.local/lib/python3.8/site-packages/airflow/example_dags/tutorial.py
[2024-02-07T08:54:24.539+0000] {logging_mixin.py:188} INFO - [2024-02-07T08:54:24.539+0000] {dag.py:3033} INFO - Sync 1 DAGs
[2024-02-07T08:54:24.564+0000] {logging_mixin.py:188} INFO - [2024-02-07T08:54:24.563+0000] {dag.py:3820} INFO - Setting next_dagrun for tutorial to 2024-02-06T00:00:00+00:00, run_after=2024-02-07T00:00:00+00:00
[2024-02-07T08:54:24.585+0000] {processor.py:183} INFO - Processing /home/airflow/.local/lib/python3.8/site-packages/airflow/example_dags/tutorial.py took 0.111 seconds
[2024-02-07T08:54:55.527+0000] {processor.py:161} INFO - Started process (PID=1708) to work on /home/airflow/.local/lib/python3.8/site-packages/airflow/example_dags/tutorial.py
[2024-02-07T08:54:55.529+0000] {processor.py:830} INFO - Processing file /home/airflow/.local/lib/python3.8/site-packages/airflow/example_dags/tutorial.py for tasks to queue
[2024-02-07T08:54:55.536+0000] {logging_mixin.py:188} INFO - [2024-02-07T08:54:55.535+0000] {dagbag.py:538} INFO - Filling up the DagBag from /home/airflow/.local/lib/python3.8/site-packages/airflow/example_dags/tutorial.py
[2024-02-07T08:54:55.552+0000] {processor.py:840} INFO - DAG(s) 'tutorial' retrieved from /home/airflow/.local/lib/python3.8/site-packages/airflow/example_dags/tutorial.py
[2024-02-07T08:54:55.618+0000] {logging_mixin.py:188} INFO - [2024-02-07T08:54:55.618+0000] {dag.py:3033} INFO - Sync 1 DAGs
[2024-02-07T08:54:55.696+0000] {logging_mixin.py:188} INFO - [2024-02-07T08:54:55.695+0000] {dag.py:3820} INFO - Setting next_dagrun for tutorial to 2024-02-06T00:00:00+00:00, run_after=2024-02-07T00:00:00+00:00
[2024-02-07T08:54:55.754+0000] {processor.py:183} INFO - Processing /home/airflow/.local/lib/python3.8/site-packages/airflow/example_dags/tutorial.py took 0.236 seconds
[2024-02-07T08:55:26.940+0000] {processor.py:161} INFO - Started process (PID=1765) to work on /home/airflow/.local/lib/python3.8/site-packages/airflow/example_dags/tutorial.py
[2024-02-07T08:55:26.944+0000] {processor.py:830} INFO - Processing file /home/airflow/.local/lib/python3.8/site-packages/airflow/example_dags/tutorial.py for tasks to queue
[2024-02-07T08:55:26.952+0000] {logging_mixin.py:188} INFO - [2024-02-07T08:55:26.951+0000] {dagbag.py:538} INFO - Filling up the DagBag from /home/airflow/.local/lib/python3.8/site-packages/airflow/example_dags/tutorial.py
[2024-02-07T08:55:26.972+0000] {processor.py:840} INFO - DAG(s) 'tutorial' retrieved from /home/airflow/.local/lib/python3.8/site-packages/airflow/example_dags/tutorial.py
[2024-02-07T08:55:27.029+0000] {logging_mixin.py:188} INFO - [2024-02-07T08:55:27.028+0000] {dag.py:3033} INFO - Sync 1 DAGs
[2024-02-07T08:55:27.105+0000] {logging_mixin.py:188} INFO - [2024-02-07T08:55:27.104+0000] {dag.py:3820} INFO - Setting next_dagrun for tutorial to 2024-02-06T00:00:00+00:00, run_after=2024-02-07T00:00:00+00:00
[2024-02-07T08:55:27.190+0000] {processor.py:183} INFO - Processing /home/airflow/.local/lib/python3.8/site-packages/airflow/example_dags/tutorial.py took 0.266 seconds
[2024-02-07T08:56:01.850+0000] {processor.py:161} INFO - Started process (PID=1829) to work on /home/airflow/.local/lib/python3.8/site-packages/airflow/example_dags/tutorial.py
[2024-02-07T08:56:01.852+0000] {processor.py:830} INFO - Processing file /home/airflow/.local/lib/python3.8/site-packages/airflow/example_dags/tutorial.py for tasks to queue
[2024-02-07T08:56:01.869+0000] {logging_mixin.py:188} INFO - [2024-02-07T08:56:01.868+0000] {dagbag.py:538} INFO - Filling up the DagBag from /home/airflow/.local/lib/python3.8/site-packages/airflow/example_dags/tutorial.py
[2024-02-07T08:56:01.900+0000] {processor.py:840} INFO - DAG(s) 'tutorial' retrieved from /home/airflow/.local/lib/python3.8/site-packages/airflow/example_dags/tutorial.py
[2024-02-07T08:56:02.008+0000] {logging_mixin.py:188} INFO - [2024-02-07T08:56:02.008+0000] {dag.py:3033} INFO - Sync 1 DAGs
[2024-02-07T08:56:02.183+0000] {logging_mixin.py:188} INFO - [2024-02-07T08:56:02.183+0000] {dag.py:3820} INFO - Setting next_dagrun for tutorial to 2024-02-06T00:00:00+00:00, run_after=2024-02-07T00:00:00+00:00
[2024-02-07T08:56:02.326+0000] {processor.py:183} INFO - Processing /home/airflow/.local/lib/python3.8/site-packages/airflow/example_dags/tutorial.py took 0.495 seconds
[2024-02-07T08:56:32.608+0000] {processor.py:161} INFO - Started process (PID=1886) to work on /home/airflow/.local/lib/python3.8/site-packages/airflow/example_dags/tutorial.py
[2024-02-07T08:56:32.614+0000] {processor.py:830} INFO - Processing file /home/airflow/.local/lib/python3.8/site-packages/airflow/example_dags/tutorial.py for tasks to queue
[2024-02-07T08:56:32.623+0000] {logging_mixin.py:188} INFO - [2024-02-07T08:56:32.621+0000] {dagbag.py:538} INFO - Filling up the DagBag from /home/airflow/.local/lib/python3.8/site-packages/airflow/example_dags/tutorial.py
[2024-02-07T08:56:32.646+0000] {processor.py:840} INFO - DAG(s) 'tutorial' retrieved from /home/airflow/.local/lib/python3.8/site-packages/airflow/example_dags/tutorial.py
[2024-02-07T08:56:32.717+0000] {logging_mixin.py:188} INFO - [2024-02-07T08:56:32.717+0000] {dag.py:3033} INFO - Sync 1 DAGs
[2024-02-07T08:56:33.327+0000] {logging_mixin.py:188} INFO - [2024-02-07T08:56:33.326+0000] {dag.py:3820} INFO - Setting next_dagrun for tutorial to 2024-02-06T00:00:00+00:00, run_after=2024-02-07T00:00:00+00:00
[2024-02-07T08:56:33.448+0000] {processor.py:183} INFO - Processing /home/airflow/.local/lib/python3.8/site-packages/airflow/example_dags/tutorial.py took 0.852 seconds
[2024-02-07T08:57:03.911+0000] {processor.py:161} INFO - Started process (PID=1943) to work on /home/airflow/.local/lib/python3.8/site-packages/airflow/example_dags/tutorial.py
[2024-02-07T08:57:03.914+0000] {processor.py:830} INFO - Processing file /home/airflow/.local/lib/python3.8/site-packages/airflow/example_dags/tutorial.py for tasks to queue
[2024-02-07T08:57:03.920+0000] {logging_mixin.py:188} INFO - [2024-02-07T08:57:03.919+0000] {dagbag.py:538} INFO - Filling up the DagBag from /home/airflow/.local/lib/python3.8/site-packages/airflow/example_dags/tutorial.py
[2024-02-07T08:57:03.938+0000] {processor.py:840} INFO - DAG(s) 'tutorial' retrieved from /home/airflow/.local/lib/python3.8/site-packages/airflow/example_dags/tutorial.py
[2024-02-07T08:57:03.991+0000] {logging_mixin.py:188} INFO - [2024-02-07T08:57:03.991+0000] {dag.py:3033} INFO - Sync 1 DAGs
[2024-02-07T08:57:04.318+0000] {logging_mixin.py:188} INFO - [2024-02-07T08:57:04.318+0000] {dag.py:3820} INFO - Setting next_dagrun for tutorial to 2024-02-06T00:00:00+00:00, run_after=2024-02-07T00:00:00+00:00
[2024-02-07T08:57:04.372+0000] {processor.py:183} INFO - Processing /home/airflow/.local/lib/python3.8/site-packages/airflow/example_dags/tutorial.py took 0.469 seconds
[2024-02-07T08:57:34.683+0000] {processor.py:161} INFO - Started process (PID=2001) to work on /home/airflow/.local/lib/python3.8/site-packages/airflow/example_dags/tutorial.py
[2024-02-07T08:57:34.685+0000] {processor.py:830} INFO - Processing file /home/airflow/.local/lib/python3.8/site-packages/airflow/example_dags/tutorial.py for tasks to queue
[2024-02-07T08:57:34.690+0000] {logging_mixin.py:188} INFO - [2024-02-07T08:57:34.690+0000] {dagbag.py:538} INFO - Filling up the DagBag from /home/airflow/.local/lib/python3.8/site-packages/airflow/example_dags/tutorial.py
[2024-02-07T08:57:34.705+0000] {processor.py:840} INFO - DAG(s) 'tutorial' retrieved from /home/airflow/.local/lib/python3.8/site-packages/airflow/example_dags/tutorial.py
[2024-02-07T08:57:34.753+0000] {logging_mixin.py:188} INFO - [2024-02-07T08:57:34.753+0000] {dag.py:3033} INFO - Sync 1 DAGs
[2024-02-07T08:57:35.094+0000] {logging_mixin.py:188} INFO - [2024-02-07T08:57:35.093+0000] {dag.py:3820} INFO - Setting next_dagrun for tutorial to 2024-02-06T00:00:00+00:00, run_after=2024-02-07T00:00:00+00:00
[2024-02-07T08:57:35.135+0000] {processor.py:183} INFO - Processing /home/airflow/.local/lib/python3.8/site-packages/airflow/example_dags/tutorial.py took 0.460 seconds
[2024-02-07T08:58:06.310+0000] {processor.py:161} INFO - Started process (PID=2059) to work on /home/airflow/.local/lib/python3.8/site-packages/airflow/example_dags/tutorial.py
[2024-02-07T08:58:06.313+0000] {processor.py:830} INFO - Processing file /home/airflow/.local/lib/python3.8/site-packages/airflow/example_dags/tutorial.py for tasks to queue
[2024-02-07T08:58:06.322+0000] {logging_mixin.py:188} INFO - [2024-02-07T08:58:06.321+0000] {dagbag.py:538} INFO - Filling up the DagBag from /home/airflow/.local/lib/python3.8/site-packages/airflow/example_dags/tutorial.py
[2024-02-07T08:58:06.350+0000] {processor.py:840} INFO - DAG(s) 'tutorial' retrieved from /home/airflow/.local/lib/python3.8/site-packages/airflow/example_dags/tutorial.py
[2024-02-07T08:58:06.404+0000] {logging_mixin.py:188} INFO - [2024-02-07T08:58:06.404+0000] {dag.py:3033} INFO - Sync 1 DAGs
[2024-02-07T08:58:06.711+0000] {logging_mixin.py:188} INFO - [2024-02-07T08:58:06.711+0000] {dag.py:3820} INFO - Setting next_dagrun for tutorial to 2024-02-06T00:00:00+00:00, run_after=2024-02-07T00:00:00+00:00
[2024-02-07T08:58:06.755+0000] {processor.py:183} INFO - Processing /home/airflow/.local/lib/python3.8/site-packages/airflow/example_dags/tutorial.py took 0.457 seconds
[2024-02-07T08:58:37.153+0000] {processor.py:161} INFO - Started process (PID=2116) to work on /home/airflow/.local/lib/python3.8/site-packages/airflow/example_dags/tutorial.py
[2024-02-07T08:58:37.155+0000] {processor.py:830} INFO - Processing file /home/airflow/.local/lib/python3.8/site-packages/airflow/example_dags/tutorial.py for tasks to queue
[2024-02-07T08:58:37.161+0000] {logging_mixin.py:188} INFO - [2024-02-07T08:58:37.160+0000] {dagbag.py:538} INFO - Filling up the DagBag from /home/airflow/.local/lib/python3.8/site-packages/airflow/example_dags/tutorial.py
[2024-02-07T08:58:37.175+0000] {processor.py:840} INFO - DAG(s) 'tutorial' retrieved from /home/airflow/.local/lib/python3.8/site-packages/airflow/example_dags/tutorial.py
[2024-02-07T08:58:37.220+0000] {logging_mixin.py:188} INFO - [2024-02-07T08:58:37.220+0000] {dag.py:3033} INFO - Sync 1 DAGs
[2024-02-07T08:58:37.491+0000] {logging_mixin.py:188} INFO - [2024-02-07T08:58:37.491+0000] {dag.py:3820} INFO - Setting next_dagrun for tutorial to 2024-02-06T00:00:00+00:00, run_after=2024-02-07T00:00:00+00:00
[2024-02-07T08:58:37.536+0000] {processor.py:183} INFO - Processing /home/airflow/.local/lib/python3.8/site-packages/airflow/example_dags/tutorial.py took 0.389 seconds
[2024-02-07T08:59:07.647+0000] {processor.py:161} INFO - Started process (PID=2173) to work on /home/airflow/.local/lib/python3.8/site-packages/airflow/example_dags/tutorial.py
[2024-02-07T08:59:07.650+0000] {processor.py:830} INFO - Processing file /home/airflow/.local/lib/python3.8/site-packages/airflow/example_dags/tutorial.py for tasks to queue
[2024-02-07T08:59:07.656+0000] {logging_mixin.py:188} INFO - [2024-02-07T08:59:07.656+0000] {dagbag.py:538} INFO - Filling up the DagBag from /home/airflow/.local/lib/python3.8/site-packages/airflow/example_dags/tutorial.py
[2024-02-07T08:59:07.674+0000] {processor.py:840} INFO - DAG(s) 'tutorial' retrieved from /home/airflow/.local/lib/python3.8/site-packages/airflow/example_dags/tutorial.py
[2024-02-07T08:59:07.734+0000] {logging_mixin.py:188} INFO - [2024-02-07T08:59:07.733+0000] {dag.py:3033} INFO - Sync 1 DAGs
[2024-02-07T08:59:07.803+0000] {logging_mixin.py:188} INFO - [2024-02-07T08:59:07.802+0000] {dag.py:3820} INFO - Setting next_dagrun for tutorial to 2024-02-06T00:00:00+00:00, run_after=2024-02-07T00:00:00+00:00
[2024-02-07T08:59:07.874+0000] {processor.py:183} INFO - Processing /home/airflow/.local/lib/python3.8/site-packages/airflow/example_dags/tutorial.py took 0.238 seconds
[2024-02-07T08:59:38.697+0000] {processor.py:161} INFO - Started process (PID=2230) to work on /home/airflow/.local/lib/python3.8/site-packages/airflow/example_dags/tutorial.py
[2024-02-07T08:59:38.698+0000] {processor.py:830} INFO - Processing file /home/airflow/.local/lib/python3.8/site-packages/airflow/example_dags/tutorial.py for tasks to queue
[2024-02-07T08:59:38.701+0000] {logging_mixin.py:188} INFO - [2024-02-07T08:59:38.700+0000] {dagbag.py:538} INFO - Filling up the DagBag from /home/airflow/.local/lib/python3.8/site-packages/airflow/example_dags/tutorial.py
[2024-02-07T08:59:38.707+0000] {processor.py:840} INFO - DAG(s) 'tutorial' retrieved from /home/airflow/.local/lib/python3.8/site-packages/airflow/example_dags/tutorial.py
[2024-02-07T08:59:38.732+0000] {logging_mixin.py:188} INFO - [2024-02-07T08:59:38.732+0000] {dag.py:3033} INFO - Sync 1 DAGs
[2024-02-07T08:59:38.756+0000] {logging_mixin.py:188} INFO - [2024-02-07T08:59:38.755+0000] {dag.py:3820} INFO - Setting next_dagrun for tutorial to 2024-02-06T00:00:00+00:00, run_after=2024-02-07T00:00:00+00:00
[2024-02-07T08:59:38.780+0000] {processor.py:183} INFO - Processing /home/airflow/.local/lib/python3.8/site-packages/airflow/example_dags/tutorial.py took 0.086 seconds
[2024-02-07T09:00:08.964+0000] {processor.py:161} INFO - Started process (PID=2287) to work on /home/airflow/.local/lib/python3.8/site-packages/airflow/example_dags/tutorial.py
[2024-02-07T09:00:08.965+0000] {processor.py:830} INFO - Processing file /home/airflow/.local/lib/python3.8/site-packages/airflow/example_dags/tutorial.py for tasks to queue
[2024-02-07T09:00:08.968+0000] {logging_mixin.py:188} INFO - [2024-02-07T09:00:08.968+0000] {dagbag.py:538} INFO - Filling up the DagBag from /home/airflow/.local/lib/python3.8/site-packages/airflow/example_dags/tutorial.py
[2024-02-07T09:00:08.979+0000] {processor.py:840} INFO - DAG(s) 'tutorial' retrieved from /home/airflow/.local/lib/python3.8/site-packages/airflow/example_dags/tutorial.py
[2024-02-07T09:00:09.010+0000] {logging_mixin.py:188} INFO - [2024-02-07T09:00:09.010+0000] {dag.py:3033} INFO - Sync 1 DAGs
[2024-02-07T09:00:09.043+0000] {logging_mixin.py:188} INFO - [2024-02-07T09:00:09.043+0000] {dag.py:3820} INFO - Setting next_dagrun for tutorial to 2024-02-06T00:00:00+00:00, run_after=2024-02-07T00:00:00+00:00
[2024-02-07T09:00:09.076+0000] {processor.py:183} INFO - Processing /home/airflow/.local/lib/python3.8/site-packages/airflow/example_dags/tutorial.py took 0.116 seconds
[2024-02-07T09:00:39.169+0000] {processor.py:161} INFO - Started process (PID=2344) to work on /home/airflow/.local/lib/python3.8/site-packages/airflow/example_dags/tutorial.py
[2024-02-07T09:00:39.170+0000] {processor.py:830} INFO - Processing file /home/airflow/.local/lib/python3.8/site-packages/airflow/example_dags/tutorial.py for tasks to queue
[2024-02-07T09:00:39.177+0000] {logging_mixin.py:188} INFO - [2024-02-07T09:00:39.176+0000] {dagbag.py:538} INFO - Filling up the DagBag from /home/airflow/.local/lib/python3.8/site-packages/airflow/example_dags/tutorial.py
[2024-02-07T09:00:39.185+0000] {processor.py:840} INFO - DAG(s) 'tutorial' retrieved from /home/airflow/.local/lib/python3.8/site-packages/airflow/example_dags/tutorial.py
[2024-02-07T09:00:39.220+0000] {logging_mixin.py:188} INFO - [2024-02-07T09:00:39.220+0000] {dag.py:3033} INFO - Sync 1 DAGs
[2024-02-07T09:00:39.270+0000] {logging_mixin.py:188} INFO - [2024-02-07T09:00:39.270+0000] {dag.py:3820} INFO - Setting next_dagrun for tutorial to 2024-02-06T00:00:00+00:00, run_after=2024-02-07T00:00:00+00:00
[2024-02-07T09:00:39.300+0000] {processor.py:183} INFO - Processing /home/airflow/.local/lib/python3.8/site-packages/airflow/example_dags/tutorial.py took 0.135 seconds
[2024-02-07T09:01:09.752+0000] {processor.py:161} INFO - Started process (PID=2401) to work on /home/airflow/.local/lib/python3.8/site-packages/airflow/example_dags/tutorial.py
[2024-02-07T09:01:09.753+0000] {processor.py:830} INFO - Processing file /home/airflow/.local/lib/python3.8/site-packages/airflow/example_dags/tutorial.py for tasks to queue
[2024-02-07T09:01:09.757+0000] {logging_mixin.py:188} INFO - [2024-02-07T09:01:09.757+0000] {dagbag.py:538} INFO - Filling up the DagBag from /home/airflow/.local/lib/python3.8/site-packages/airflow/example_dags/tutorial.py
[2024-02-07T09:01:09.764+0000] {processor.py:840} INFO - DAG(s) 'tutorial' retrieved from /home/airflow/.local/lib/python3.8/site-packages/airflow/example_dags/tutorial.py
[2024-02-07T09:01:09.787+0000] {logging_mixin.py:188} INFO - [2024-02-07T09:01:09.787+0000] {dag.py:3033} INFO - Sync 1 DAGs
[2024-02-07T09:01:09.810+0000] {logging_mixin.py:188} INFO - [2024-02-07T09:01:09.810+0000] {dag.py:3820} INFO - Setting next_dagrun for tutorial to 2024-02-06T00:00:00+00:00, run_after=2024-02-07T00:00:00+00:00
[2024-02-07T09:01:09.831+0000] {processor.py:183} INFO - Processing /home/airflow/.local/lib/python3.8/site-packages/airflow/example_dags/tutorial.py took 0.083 seconds
[2024-02-07T09:01:40.311+0000] {processor.py:161} INFO - Started process (PID=2458) to work on /home/airflow/.local/lib/python3.8/site-packages/airflow/example_dags/tutorial.py
[2024-02-07T09:01:40.312+0000] {processor.py:830} INFO - Processing file /home/airflow/.local/lib/python3.8/site-packages/airflow/example_dags/tutorial.py for tasks to queue
[2024-02-07T09:01:40.318+0000] {logging_mixin.py:188} INFO - [2024-02-07T09:01:40.316+0000] {dagbag.py:538} INFO - Filling up the DagBag from /home/airflow/.local/lib/python3.8/site-packages/airflow/example_dags/tutorial.py
[2024-02-07T09:01:40.329+0000] {processor.py:840} INFO - DAG(s) 'tutorial' retrieved from /home/airflow/.local/lib/python3.8/site-packages/airflow/example_dags/tutorial.py
[2024-02-07T09:01:40.367+0000] {logging_mixin.py:188} INFO - [2024-02-07T09:01:40.367+0000] {dag.py:3033} INFO - Sync 1 DAGs
[2024-02-07T09:01:40.395+0000] {logging_mixin.py:188} INFO - [2024-02-07T09:01:40.395+0000] {dag.py:3820} INFO - Setting next_dagrun for tutorial to 2024-02-06T00:00:00+00:00, run_after=2024-02-07T00:00:00+00:00
[2024-02-07T09:01:40.437+0000] {processor.py:183} INFO - Processing /home/airflow/.local/lib/python3.8/site-packages/airflow/example_dags/tutorial.py took 0.131 seconds
[2024-02-07T09:02:10.694+0000] {processor.py:161} INFO - Started process (PID=2516) to work on /home/airflow/.local/lib/python3.8/site-packages/airflow/example_dags/tutorial.py
[2024-02-07T09:02:10.695+0000] {processor.py:830} INFO - Processing file /home/airflow/.local/lib/python3.8/site-packages/airflow/example_dags/tutorial.py for tasks to queue
[2024-02-07T09:02:10.698+0000] {logging_mixin.py:188} INFO - [2024-02-07T09:02:10.698+0000] {dagbag.py:538} INFO - Filling up the DagBag from /home/airflow/.local/lib/python3.8/site-packages/airflow/example_dags/tutorial.py
[2024-02-07T09:02:10.705+0000] {processor.py:840} INFO - DAG(s) 'tutorial' retrieved from /home/airflow/.local/lib/python3.8/site-packages/airflow/example_dags/tutorial.py
[2024-02-07T09:02:10.725+0000] {logging_mixin.py:188} INFO - [2024-02-07T09:02:10.725+0000] {dag.py:3033} INFO - Sync 1 DAGs
[2024-02-07T09:02:10.748+0000] {logging_mixin.py:188} INFO - [2024-02-07T09:02:10.748+0000] {dag.py:3820} INFO - Setting next_dagrun for tutorial to 2024-02-06T00:00:00+00:00, run_after=2024-02-07T00:00:00+00:00
[2024-02-07T09:02:10.771+0000] {processor.py:183} INFO - Processing /home/airflow/.local/lib/python3.8/site-packages/airflow/example_dags/tutorial.py took 0.080 seconds
[2024-02-07T09:02:41.365+0000] {processor.py:161} INFO - Started process (PID=2573) to work on /home/airflow/.local/lib/python3.8/site-packages/airflow/example_dags/tutorial.py
[2024-02-07T09:02:41.366+0000] {processor.py:830} INFO - Processing file /home/airflow/.local/lib/python3.8/site-packages/airflow/example_dags/tutorial.py for tasks to queue
[2024-02-07T09:02:41.369+0000] {logging_mixin.py:188} INFO - [2024-02-07T09:02:41.368+0000] {dagbag.py:538} INFO - Filling up the DagBag from /home/airflow/.local/lib/python3.8/site-packages/airflow/example_dags/tutorial.py
[2024-02-07T09:02:41.375+0000] {processor.py:840} INFO - DAG(s) 'tutorial' retrieved from /home/airflow/.local/lib/python3.8/site-packages/airflow/example_dags/tutorial.py
[2024-02-07T09:02:41.397+0000] {logging_mixin.py:188} INFO - [2024-02-07T09:02:41.397+0000] {dag.py:3033} INFO - Sync 1 DAGs
[2024-02-07T09:02:41.418+0000] {logging_mixin.py:188} INFO - [2024-02-07T09:02:41.418+0000] {dag.py:3820} INFO - Setting next_dagrun for tutorial to 2024-02-06T00:00:00+00:00, run_after=2024-02-07T00:00:00+00:00
[2024-02-07T09:02:41.441+0000] {processor.py:183} INFO - Processing /home/airflow/.local/lib/python3.8/site-packages/airflow/example_dags/tutorial.py took 0.078 seconds
[2024-02-07T09:03:11.564+0000] {processor.py:161} INFO - Started process (PID=2630) to work on /home/airflow/.local/lib/python3.8/site-packages/airflow/example_dags/tutorial.py
[2024-02-07T09:03:11.565+0000] {processor.py:830} INFO - Processing file /home/airflow/.local/lib/python3.8/site-packages/airflow/example_dags/tutorial.py for tasks to queue
[2024-02-07T09:03:11.568+0000] {logging_mixin.py:188} INFO - [2024-02-07T09:03:11.568+0000] {dagbag.py:538} INFO - Filling up the DagBag from /home/airflow/.local/lib/python3.8/site-packages/airflow/example_dags/tutorial.py
[2024-02-07T09:03:11.574+0000] {processor.py:840} INFO - DAG(s) 'tutorial' retrieved from /home/airflow/.local/lib/python3.8/site-packages/airflow/example_dags/tutorial.py
[2024-02-07T09:03:11.597+0000] {logging_mixin.py:188} INFO - [2024-02-07T09:03:11.597+0000] {dag.py:3033} INFO - Sync 1 DAGs
[2024-02-07T09:03:11.621+0000] {logging_mixin.py:188} INFO - [2024-02-07T09:03:11.621+0000] {dag.py:3820} INFO - Setting next_dagrun for tutorial to 2024-02-06T00:00:00+00:00, run_after=2024-02-07T00:00:00+00:00
[2024-02-07T09:03:11.646+0000] {processor.py:183} INFO - Processing /home/airflow/.local/lib/python3.8/site-packages/airflow/example_dags/tutorial.py took 0.085 seconds
[2024-02-07T09:03:42.398+0000] {processor.py:161} INFO - Started process (PID=2687) to work on /home/airflow/.local/lib/python3.8/site-packages/airflow/example_dags/tutorial.py
[2024-02-07T09:03:42.399+0000] {processor.py:830} INFO - Processing file /home/airflow/.local/lib/python3.8/site-packages/airflow/example_dags/tutorial.py for tasks to queue
[2024-02-07T09:03:42.402+0000] {logging_mixin.py:188} INFO - [2024-02-07T09:03:42.402+0000] {dagbag.py:538} INFO - Filling up the DagBag from /home/airflow/.local/lib/python3.8/site-packages/airflow/example_dags/tutorial.py
[2024-02-07T09:03:42.408+0000] {processor.py:840} INFO - DAG(s) 'tutorial' retrieved from /home/airflow/.local/lib/python3.8/site-packages/airflow/example_dags/tutorial.py
[2024-02-07T09:03:42.430+0000] {logging_mixin.py:188} INFO - [2024-02-07T09:03:42.430+0000] {dag.py:3033} INFO - Sync 1 DAGs
[2024-02-07T09:03:42.455+0000] {logging_mixin.py:188} INFO - [2024-02-07T09:03:42.455+0000] {dag.py:3820} INFO - Setting next_dagrun for tutorial to 2024-02-06T00:00:00+00:00, run_after=2024-02-07T00:00:00+00:00
[2024-02-07T09:03:42.478+0000] {processor.py:183} INFO - Processing /home/airflow/.local/lib/python3.8/site-packages/airflow/example_dags/tutorial.py took 0.084 seconds
[2024-02-07T09:04:12.808+0000] {processor.py:161} INFO - Started process (PID=2744) to work on /home/airflow/.local/lib/python3.8/site-packages/airflow/example_dags/tutorial.py
[2024-02-07T09:04:12.809+0000] {processor.py:830} INFO - Processing file /home/airflow/.local/lib/python3.8/site-packages/airflow/example_dags/tutorial.py for tasks to queue
[2024-02-07T09:04:12.812+0000] {logging_mixin.py:188} INFO - [2024-02-07T09:04:12.812+0000] {dagbag.py:538} INFO - Filling up the DagBag from /home/airflow/.local/lib/python3.8/site-packages/airflow/example_dags/tutorial.py
[2024-02-07T09:04:12.820+0000] {processor.py:840} INFO - DAG(s) 'tutorial' retrieved from /home/airflow/.local/lib/python3.8/site-packages/airflow/example_dags/tutorial.py
[2024-02-07T09:04:12.847+0000] {logging_mixin.py:188} INFO - [2024-02-07T09:04:12.847+0000] {dag.py:3033} INFO - Sync 1 DAGs
[2024-02-07T09:04:12.877+0000] {logging_mixin.py:188} INFO - [2024-02-07T09:04:12.877+0000] {dag.py:3820} INFO - Setting next_dagrun for tutorial to 2024-02-06T00:00:00+00:00, run_after=2024-02-07T00:00:00+00:00
[2024-02-07T09:04:12.901+0000] {processor.py:183} INFO - Processing /home/airflow/.local/lib/python3.8/site-packages/airflow/example_dags/tutorial.py took 0.097 seconds
[2024-02-07T09:04:43.200+0000] {processor.py:161} INFO - Started process (PID=2801) to work on /home/airflow/.local/lib/python3.8/site-packages/airflow/example_dags/tutorial.py
[2024-02-07T09:04:43.201+0000] {processor.py:830} INFO - Processing file /home/airflow/.local/lib/python3.8/site-packages/airflow/example_dags/tutorial.py for tasks to queue
[2024-02-07T09:04:43.204+0000] {logging_mixin.py:188} INFO - [2024-02-07T09:04:43.203+0000] {dagbag.py:538} INFO - Filling up the DagBag from /home/airflow/.local/lib/python3.8/site-packages/airflow/example_dags/tutorial.py
[2024-02-07T09:04:43.211+0000] {processor.py:840} INFO - DAG(s) 'tutorial' retrieved from /home/airflow/.local/lib/python3.8/site-packages/airflow/example_dags/tutorial.py
[2024-02-07T09:04:43.232+0000] {logging_mixin.py:188} INFO - [2024-02-07T09:04:43.232+0000] {dag.py:3033} INFO - Sync 1 DAGs
[2024-02-07T09:04:43.256+0000] {logging_mixin.py:188} INFO - [2024-02-07T09:04:43.256+0000] {dag.py:3820} INFO - Setting next_dagrun for tutorial to 2024-02-06T00:00:00+00:00, run_after=2024-02-07T00:00:00+00:00
[2024-02-07T09:04:43.279+0000] {processor.py:183} INFO - Processing /home/airflow/.local/lib/python3.8/site-packages/airflow/example_dags/tutorial.py took 0.083 seconds
[2024-02-07T09:05:13.480+0000] {processor.py:161} INFO - Started process (PID=2858) to work on /home/airflow/.local/lib/python3.8/site-packages/airflow/example_dags/tutorial.py
[2024-02-07T09:05:13.482+0000] {processor.py:830} INFO - Processing file /home/airflow/.local/lib/python3.8/site-packages/airflow/example_dags/tutorial.py for tasks to queue
[2024-02-07T09:05:13.485+0000] {logging_mixin.py:188} INFO - [2024-02-07T09:05:13.485+0000] {dagbag.py:538} INFO - Filling up the DagBag from /home/airflow/.local/lib/python3.8/site-packages/airflow/example_dags/tutorial.py
[2024-02-07T09:05:13.494+0000] {processor.py:840} INFO - DAG(s) 'tutorial' retrieved from /home/airflow/.local/lib/python3.8/site-packages/airflow/example_dags/tutorial.py
[2024-02-07T09:05:13.520+0000] {logging_mixin.py:188} INFO - [2024-02-07T09:05:13.520+0000] {dag.py:3033} INFO - Sync 1 DAGs
[2024-02-07T09:05:13.546+0000] {logging_mixin.py:188} INFO - [2024-02-07T09:05:13.546+0000] {dag.py:3820} INFO - Setting next_dagrun for tutorial to 2024-02-06T00:00:00+00:00, run_after=2024-02-07T00:00:00+00:00
[2024-02-07T09:05:13.573+0000] {processor.py:183} INFO - Processing /home/airflow/.local/lib/python3.8/site-packages/airflow/example_dags/tutorial.py took 0.097 seconds
[2024-02-07T09:05:43.979+0000] {processor.py:161} INFO - Started process (PID=2915) to work on /home/airflow/.local/lib/python3.8/site-packages/airflow/example_dags/tutorial.py
[2024-02-07T09:05:43.980+0000] {processor.py:830} INFO - Processing file /home/airflow/.local/lib/python3.8/site-packages/airflow/example_dags/tutorial.py for tasks to queue
[2024-02-07T09:05:43.984+0000] {logging_mixin.py:188} INFO - [2024-02-07T09:05:43.983+0000] {dagbag.py:538} INFO - Filling up the DagBag from /home/airflow/.local/lib/python3.8/site-packages/airflow/example_dags/tutorial.py
[2024-02-07T09:05:43.991+0000] {processor.py:840} INFO - DAG(s) 'tutorial' retrieved from /home/airflow/.local/lib/python3.8/site-packages/airflow/example_dags/tutorial.py
[2024-02-07T09:05:44.017+0000] {logging_mixin.py:188} INFO - [2024-02-07T09:05:44.017+0000] {dag.py:3033} INFO - Sync 1 DAGs
[2024-02-07T09:05:44.044+0000] {logging_mixin.py:188} INFO - [2024-02-07T09:05:44.044+0000] {dag.py:3820} INFO - Setting next_dagrun for tutorial to 2024-02-06T00:00:00+00:00, run_after=2024-02-07T00:00:00+00:00
[2024-02-07T09:05:44.068+0000] {processor.py:183} INFO - Processing /home/airflow/.local/lib/python3.8/site-packages/airflow/example_dags/tutorial.py took 0.094 seconds
[2024-02-07T09:06:14.190+0000] {processor.py:161} INFO - Started process (PID=2972) to work on /home/airflow/.local/lib/python3.8/site-packages/airflow/example_dags/tutorial.py
[2024-02-07T09:06:14.192+0000] {processor.py:830} INFO - Processing file /home/airflow/.local/lib/python3.8/site-packages/airflow/example_dags/tutorial.py for tasks to queue
[2024-02-07T09:06:14.194+0000] {logging_mixin.py:188} INFO - [2024-02-07T09:06:14.194+0000] {dagbag.py:538} INFO - Filling up the DagBag from /home/airflow/.local/lib/python3.8/site-packages/airflow/example_dags/tutorial.py
[2024-02-07T09:06:14.200+0000] {processor.py:840} INFO - DAG(s) 'tutorial' retrieved from /home/airflow/.local/lib/python3.8/site-packages/airflow/example_dags/tutorial.py
[2024-02-07T09:06:14.225+0000] {logging_mixin.py:188} INFO - [2024-02-07T09:06:14.225+0000] {dag.py:3033} INFO - Sync 1 DAGs
[2024-02-07T09:06:14.248+0000] {logging_mixin.py:188} INFO - [2024-02-07T09:06:14.248+0000] {dag.py:3820} INFO - Setting next_dagrun for tutorial to 2024-02-06T00:00:00+00:00, run_after=2024-02-07T00:00:00+00:00
[2024-02-07T09:06:14.271+0000] {processor.py:183} INFO - Processing /home/airflow/.local/lib/python3.8/site-packages/airflow/example_dags/tutorial.py took 0.084 seconds
[2024-02-07T09:06:44.776+0000] {processor.py:161} INFO - Started process (PID=3029) to work on /home/airflow/.local/lib/python3.8/site-packages/airflow/example_dags/tutorial.py
[2024-02-07T09:06:44.777+0000] {processor.py:830} INFO - Processing file /home/airflow/.local/lib/python3.8/site-packages/airflow/example_dags/tutorial.py for tasks to queue
[2024-02-07T09:06:44.780+0000] {logging_mixin.py:188} INFO - [2024-02-07T09:06:44.780+0000] {dagbag.py:538} INFO - Filling up the DagBag from /home/airflow/.local/lib/python3.8/site-packages/airflow/example_dags/tutorial.py
[2024-02-07T09:06:44.790+0000] {processor.py:840} INFO - DAG(s) 'tutorial' retrieved from /home/airflow/.local/lib/python3.8/site-packages/airflow/example_dags/tutorial.py
[2024-02-07T09:06:44.901+0000] {logging_mixin.py:188} INFO - [2024-02-07T09:06:44.901+0000] {dag.py:3033} INFO - Sync 1 DAGs
[2024-02-07T09:06:44.925+0000] {logging_mixin.py:188} INFO - [2024-02-07T09:06:44.925+0000] {dag.py:3820} INFO - Setting next_dagrun for tutorial to 2024-02-06T00:00:00+00:00, run_after=2024-02-07T00:00:00+00:00
[2024-02-07T09:06:44.948+0000] {processor.py:183} INFO - Processing /home/airflow/.local/lib/python3.8/site-packages/airflow/example_dags/tutorial.py took 0.177 seconds
[2024-02-07T09:07:15.175+0000] {processor.py:161} INFO - Started process (PID=3086) to work on /home/airflow/.local/lib/python3.8/site-packages/airflow/example_dags/tutorial.py
[2024-02-07T09:07:15.176+0000] {processor.py:830} INFO - Processing file /home/airflow/.local/lib/python3.8/site-packages/airflow/example_dags/tutorial.py for tasks to queue
[2024-02-07T09:07:15.178+0000] {logging_mixin.py:188} INFO - [2024-02-07T09:07:15.178+0000] {dagbag.py:538} INFO - Filling up the DagBag from /home/airflow/.local/lib/python3.8/site-packages/airflow/example_dags/tutorial.py
[2024-02-07T09:07:15.184+0000] {processor.py:840} INFO - DAG(s) 'tutorial' retrieved from /home/airflow/.local/lib/python3.8/site-packages/airflow/example_dags/tutorial.py
[2024-02-07T09:07:15.243+0000] {logging_mixin.py:188} INFO - [2024-02-07T09:07:15.243+0000] {dag.py:3033} INFO - Sync 1 DAGs
[2024-02-07T09:07:15.269+0000] {logging_mixin.py:188} INFO - [2024-02-07T09:07:15.268+0000] {dag.py:3820} INFO - Setting next_dagrun for tutorial to 2024-02-06T00:00:00+00:00, run_after=2024-02-07T00:00:00+00:00
[2024-02-07T09:07:15.293+0000] {processor.py:183} INFO - Processing /home/airflow/.local/lib/python3.8/site-packages/airflow/example_dags/tutorial.py took 0.121 seconds
[2024-02-07T09:07:45.767+0000] {processor.py:161} INFO - Started process (PID=3143) to work on /home/airflow/.local/lib/python3.8/site-packages/airflow/example_dags/tutorial.py
[2024-02-07T09:07:45.769+0000] {processor.py:830} INFO - Processing file /home/airflow/.local/lib/python3.8/site-packages/airflow/example_dags/tutorial.py for tasks to queue
[2024-02-07T09:07:45.772+0000] {logging_mixin.py:188} INFO - [2024-02-07T09:07:45.771+0000] {dagbag.py:538} INFO - Filling up the DagBag from /home/airflow/.local/lib/python3.8/site-packages/airflow/example_dags/tutorial.py
[2024-02-07T09:07:45.780+0000] {processor.py:840} INFO - DAG(s) 'tutorial' retrieved from /home/airflow/.local/lib/python3.8/site-packages/airflow/example_dags/tutorial.py
[2024-02-07T09:07:45.802+0000] {logging_mixin.py:188} INFO - [2024-02-07T09:07:45.802+0000] {dag.py:3033} INFO - Sync 1 DAGs
[2024-02-07T09:07:45.829+0000] {logging_mixin.py:188} INFO - [2024-02-07T09:07:45.828+0000] {dag.py:3820} INFO - Setting next_dagrun for tutorial to 2024-02-06T00:00:00+00:00, run_after=2024-02-07T00:00:00+00:00
[2024-02-07T09:07:45.852+0000] {processor.py:183} INFO - Processing /home/airflow/.local/lib/python3.8/site-packages/airflow/example_dags/tutorial.py took 0.088 seconds
[2024-02-07T09:08:16.216+0000] {processor.py:161} INFO - Started process (PID=3200) to work on /home/airflow/.local/lib/python3.8/site-packages/airflow/example_dags/tutorial.py
[2024-02-07T09:08:16.217+0000] {processor.py:830} INFO - Processing file /home/airflow/.local/lib/python3.8/site-packages/airflow/example_dags/tutorial.py for tasks to queue
[2024-02-07T09:08:16.220+0000] {logging_mixin.py:188} INFO - [2024-02-07T09:08:16.219+0000] {dagbag.py:538} INFO - Filling up the DagBag from /home/airflow/.local/lib/python3.8/site-packages/airflow/example_dags/tutorial.py
[2024-02-07T09:08:16.227+0000] {processor.py:840} INFO - DAG(s) 'tutorial' retrieved from /home/airflow/.local/lib/python3.8/site-packages/airflow/example_dags/tutorial.py
[2024-02-07T09:08:16.252+0000] {logging_mixin.py:188} INFO - [2024-02-07T09:08:16.252+0000] {dag.py:3033} INFO - Sync 1 DAGs
[2024-02-07T09:08:16.282+0000] {logging_mixin.py:188} INFO - [2024-02-07T09:08:16.281+0000] {dag.py:3820} INFO - Setting next_dagrun for tutorial to 2024-02-06T00:00:00+00:00, run_after=2024-02-07T00:00:00+00:00
[2024-02-07T09:08:16.307+0000] {processor.py:183} INFO - Processing /home/airflow/.local/lib/python3.8/site-packages/airflow/example_dags/tutorial.py took 0.095 seconds
[2024-02-07T09:08:46.556+0000] {processor.py:161} INFO - Started process (PID=3257) to work on /home/airflow/.local/lib/python3.8/site-packages/airflow/example_dags/tutorial.py
[2024-02-07T09:08:46.557+0000] {processor.py:830} INFO - Processing file /home/airflow/.local/lib/python3.8/site-packages/airflow/example_dags/tutorial.py for tasks to queue
[2024-02-07T09:08:46.560+0000] {logging_mixin.py:188} INFO - [2024-02-07T09:08:46.560+0000] {dagbag.py:538} INFO - Filling up the DagBag from /home/airflow/.local/lib/python3.8/site-packages/airflow/example_dags/tutorial.py
[2024-02-07T09:08:46.566+0000] {processor.py:840} INFO - DAG(s) 'tutorial' retrieved from /home/airflow/.local/lib/python3.8/site-packages/airflow/example_dags/tutorial.py
[2024-02-07T09:08:46.588+0000] {logging_mixin.py:188} INFO - [2024-02-07T09:08:46.588+0000] {dag.py:3033} INFO - Sync 1 DAGs
[2024-02-07T09:08:46.608+0000] {logging_mixin.py:188} INFO - [2024-02-07T09:08:46.608+0000] {dag.py:3820} INFO - Setting next_dagrun for tutorial to 2024-02-06T00:00:00+00:00, run_after=2024-02-07T00:00:00+00:00
[2024-02-07T09:08:46.632+0000] {processor.py:183} INFO - Processing /home/airflow/.local/lib/python3.8/site-packages/airflow/example_dags/tutorial.py took 0.079 seconds
[2024-02-07T09:09:16.852+0000] {processor.py:161} INFO - Started process (PID=3314) to work on /home/airflow/.local/lib/python3.8/site-packages/airflow/example_dags/tutorial.py
[2024-02-07T09:09:16.854+0000] {processor.py:830} INFO - Processing file /home/airflow/.local/lib/python3.8/site-packages/airflow/example_dags/tutorial.py for tasks to queue
[2024-02-07T09:09:16.856+0000] {logging_mixin.py:188} INFO - [2024-02-07T09:09:16.856+0000] {dagbag.py:538} INFO - Filling up the DagBag from /home/airflow/.local/lib/python3.8/site-packages/airflow/example_dags/tutorial.py
[2024-02-07T09:09:16.862+0000] {processor.py:840} INFO - DAG(s) 'tutorial' retrieved from /home/airflow/.local/lib/python3.8/site-packages/airflow/example_dags/tutorial.py
[2024-02-07T09:09:16.886+0000] {logging_mixin.py:188} INFO - [2024-02-07T09:09:16.886+0000] {dag.py:3033} INFO - Sync 1 DAGs
[2024-02-07T09:09:16.907+0000] {logging_mixin.py:188} INFO - [2024-02-07T09:09:16.907+0000] {dag.py:3820} INFO - Setting next_dagrun for tutorial to 2024-02-06T00:00:00+00:00, run_after=2024-02-07T00:00:00+00:00
[2024-02-07T09:09:16.929+0000] {processor.py:183} INFO - Processing /home/airflow/.local/lib/python3.8/site-packages/airflow/example_dags/tutorial.py took 0.079 seconds
[2024-02-07T09:09:47.470+0000] {processor.py:161} INFO - Started process (PID=3371) to work on /home/airflow/.local/lib/python3.8/site-packages/airflow/example_dags/tutorial.py
[2024-02-07T09:09:47.471+0000] {processor.py:830} INFO - Processing file /home/airflow/.local/lib/python3.8/site-packages/airflow/example_dags/tutorial.py for tasks to queue
[2024-02-07T09:09:47.474+0000] {logging_mixin.py:188} INFO - [2024-02-07T09:09:47.474+0000] {dagbag.py:538} INFO - Filling up the DagBag from /home/airflow/.local/lib/python3.8/site-packages/airflow/example_dags/tutorial.py
[2024-02-07T09:09:47.482+0000] {processor.py:840} INFO - DAG(s) 'tutorial' retrieved from /home/airflow/.local/lib/python3.8/site-packages/airflow/example_dags/tutorial.py
[2024-02-07T09:09:47.503+0000] {logging_mixin.py:188} INFO - [2024-02-07T09:09:47.502+0000] {dag.py:3033} INFO - Sync 1 DAGs
[2024-02-07T09:09:47.526+0000] {logging_mixin.py:188} INFO - [2024-02-07T09:09:47.526+0000] {dag.py:3820} INFO - Setting next_dagrun for tutorial to 2024-02-06T00:00:00+00:00, run_after=2024-02-07T00:00:00+00:00
[2024-02-07T09:09:47.547+0000] {processor.py:183} INFO - Processing /home/airflow/.local/lib/python3.8/site-packages/airflow/example_dags/tutorial.py took 0.080 seconds
[2024-02-07T09:10:17.657+0000] {processor.py:161} INFO - Started process (PID=3428) to work on /home/airflow/.local/lib/python3.8/site-packages/airflow/example_dags/tutorial.py
[2024-02-07T09:10:17.658+0000] {processor.py:830} INFO - Processing file /home/airflow/.local/lib/python3.8/site-packages/airflow/example_dags/tutorial.py for tasks to queue
[2024-02-07T09:10:17.661+0000] {logging_mixin.py:188} INFO - [2024-02-07T09:10:17.661+0000] {dagbag.py:538} INFO - Filling up the DagBag from /home/airflow/.local/lib/python3.8/site-packages/airflow/example_dags/tutorial.py
[2024-02-07T09:10:17.668+0000] {processor.py:840} INFO - DAG(s) 'tutorial' retrieved from /home/airflow/.local/lib/python3.8/site-packages/airflow/example_dags/tutorial.py
[2024-02-07T09:10:17.691+0000] {logging_mixin.py:188} INFO - [2024-02-07T09:10:17.691+0000] {dag.py:3033} INFO - Sync 1 DAGs
[2024-02-07T09:10:17.714+0000] {logging_mixin.py:188} INFO - [2024-02-07T09:10:17.714+0000] {dag.py:3820} INFO - Setting next_dagrun for tutorial to 2024-02-06T00:00:00+00:00, run_after=2024-02-07T00:00:00+00:00
[2024-02-07T09:10:17.738+0000] {processor.py:183} INFO - Processing /home/airflow/.local/lib/python3.8/site-packages/airflow/example_dags/tutorial.py took 0.085 seconds
[2024-02-07T09:10:47.967+0000] {processor.py:161} INFO - Started process (PID=3485) to work on /home/airflow/.local/lib/python3.8/site-packages/airflow/example_dags/tutorial.py
[2024-02-07T09:10:47.968+0000] {processor.py:830} INFO - Processing file /home/airflow/.local/lib/python3.8/site-packages/airflow/example_dags/tutorial.py for tasks to queue
[2024-02-07T09:10:47.972+0000] {logging_mixin.py:188} INFO - [2024-02-07T09:10:47.971+0000] {dagbag.py:538} INFO - Filling up the DagBag from /home/airflow/.local/lib/python3.8/site-packages/airflow/example_dags/tutorial.py
[2024-02-07T09:10:47.979+0000] {processor.py:840} INFO - DAG(s) 'tutorial' retrieved from /home/airflow/.local/lib/python3.8/site-packages/airflow/example_dags/tutorial.py
[2024-02-07T09:10:48.000+0000] {logging_mixin.py:188} INFO - [2024-02-07T09:10:48.000+0000] {dag.py:3033} INFO - Sync 1 DAGs
[2024-02-07T09:10:48.026+0000] {logging_mixin.py:188} INFO - [2024-02-07T09:10:48.026+0000] {dag.py:3820} INFO - Setting next_dagrun for tutorial to 2024-02-06T00:00:00+00:00, run_after=2024-02-07T00:00:00+00:00
[2024-02-07T09:10:48.047+0000] {processor.py:183} INFO - Processing /home/airflow/.local/lib/python3.8/site-packages/airflow/example_dags/tutorial.py took 0.084 seconds
[2024-02-07T09:11:18.293+0000] {processor.py:161} INFO - Started process (PID=3542) to work on /home/airflow/.local/lib/python3.8/site-packages/airflow/example_dags/tutorial.py
[2024-02-07T09:11:18.295+0000] {processor.py:830} INFO - Processing file /home/airflow/.local/lib/python3.8/site-packages/airflow/example_dags/tutorial.py for tasks to queue
[2024-02-07T09:11:18.298+0000] {logging_mixin.py:188} INFO - [2024-02-07T09:11:18.297+0000] {dagbag.py:538} INFO - Filling up the DagBag from /home/airflow/.local/lib/python3.8/site-packages/airflow/example_dags/tutorial.py
[2024-02-07T09:11:18.304+0000] {processor.py:840} INFO - DAG(s) 'tutorial' retrieved from /home/airflow/.local/lib/python3.8/site-packages/airflow/example_dags/tutorial.py
[2024-02-07T09:11:18.327+0000] {logging_mixin.py:188} INFO - [2024-02-07T09:11:18.326+0000] {dag.py:3033} INFO - Sync 1 DAGs
[2024-02-07T09:11:18.350+0000] {logging_mixin.py:188} INFO - [2024-02-07T09:11:18.350+0000] {dag.py:3820} INFO - Setting next_dagrun for tutorial to 2024-02-06T00:00:00+00:00, run_after=2024-02-07T00:00:00+00:00
[2024-02-07T09:11:18.375+0000] {processor.py:183} INFO - Processing /home/airflow/.local/lib/python3.8/site-packages/airflow/example_dags/tutorial.py took 0.086 seconds
