[2024-02-07T08:40:08.459+0000] {processor.py:161} INFO - Started process (PID=34) to work on /opt/airflow/dags/docker_airflow_postgresql_etl.py
[2024-02-07T08:40:08.460+0000] {processor.py:830} INFO - Processing file /opt/airflow/dags/docker_airflow_postgresql_etl.py for tasks to queue
[2024-02-07T08:40:08.463+0000] {logging_mixin.py:188} INFO - [2024-02-07T08:40:08.463+0000] {dagbag.py:538} INFO - Filling up the DagBag from /opt/airflow/dags/docker_airflow_postgresql_etl.py
[2024-02-07T08:40:09.163+0000] {processor.py:840} INFO - DAG(s) 'docker_airflow_postgresql_etl' retrieved from /opt/airflow/dags/docker_airflow_postgresql_etl.py
[2024-02-07T08:40:09.449+0000] {logging_mixin.py:188} INFO - [2024-02-07T08:40:09.448+0000] {dag.py:3033} INFO - Sync 1 DAGs
[2024-02-07T08:40:09.462+0000] {logging_mixin.py:188} INFO - [2024-02-07T08:40:09.462+0000] {dag.py:3820} INFO - Setting next_dagrun for docker_airflow_postgresql_etl to None, run_after=None
[2024-02-07T08:40:09.492+0000] {processor.py:183} INFO - Processing /opt/airflow/dags/docker_airflow_postgresql_etl.py took 1.037 seconds
[2024-02-07T08:40:40.236+0000] {processor.py:161} INFO - Started process (PID=94) to work on /opt/airflow/dags/docker_airflow_postgresql_etl.py
[2024-02-07T08:40:40.237+0000] {processor.py:830} INFO - Processing file /opt/airflow/dags/docker_airflow_postgresql_etl.py for tasks to queue
[2024-02-07T08:40:40.240+0000] {logging_mixin.py:188} INFO - [2024-02-07T08:40:40.239+0000] {dagbag.py:538} INFO - Filling up the DagBag from /opt/airflow/dags/docker_airflow_postgresql_etl.py
[2024-02-07T08:40:40.632+0000] {processor.py:840} INFO - DAG(s) 'docker_airflow_postgresql_etl' retrieved from /opt/airflow/dags/docker_airflow_postgresql_etl.py
[2024-02-07T08:40:40.650+0000] {logging_mixin.py:188} INFO - [2024-02-07T08:40:40.649+0000] {dag.py:3033} INFO - Sync 1 DAGs
[2024-02-07T08:40:40.660+0000] {logging_mixin.py:188} INFO - [2024-02-07T08:40:40.660+0000] {dag.py:3820} INFO - Setting next_dagrun for docker_airflow_postgresql_etl to None, run_after=None
[2024-02-07T08:40:40.681+0000] {processor.py:183} INFO - Processing /opt/airflow/dags/docker_airflow_postgresql_etl.py took 0.450 seconds
[2024-02-07T08:41:10.797+0000] {processor.py:161} INFO - Started process (PID=151) to work on /opt/airflow/dags/docker_airflow_postgresql_etl.py
[2024-02-07T08:41:10.798+0000] {processor.py:830} INFO - Processing file /opt/airflow/dags/docker_airflow_postgresql_etl.py for tasks to queue
[2024-02-07T08:41:10.801+0000] {logging_mixin.py:188} INFO - [2024-02-07T08:41:10.800+0000] {dagbag.py:538} INFO - Filling up the DagBag from /opt/airflow/dags/docker_airflow_postgresql_etl.py
[2024-02-07T08:41:11.197+0000] {processor.py:840} INFO - DAG(s) 'docker_airflow_postgresql_etl' retrieved from /opt/airflow/dags/docker_airflow_postgresql_etl.py
[2024-02-07T08:41:11.216+0000] {logging_mixin.py:188} INFO - [2024-02-07T08:41:11.216+0000] {dag.py:3033} INFO - Sync 1 DAGs
[2024-02-07T08:41:11.227+0000] {logging_mixin.py:188} INFO - [2024-02-07T08:41:11.227+0000] {dag.py:3820} INFO - Setting next_dagrun for docker_airflow_postgresql_etl to None, run_after=None
[2024-02-07T08:41:11.250+0000] {processor.py:183} INFO - Processing /opt/airflow/dags/docker_airflow_postgresql_etl.py took 0.458 seconds
[2024-02-07T08:41:41.359+0000] {processor.py:161} INFO - Started process (PID=208) to work on /opt/airflow/dags/docker_airflow_postgresql_etl.py
[2024-02-07T08:41:41.361+0000] {processor.py:830} INFO - Processing file /opt/airflow/dags/docker_airflow_postgresql_etl.py for tasks to queue
[2024-02-07T08:41:41.365+0000] {logging_mixin.py:188} INFO - [2024-02-07T08:41:41.364+0000] {dagbag.py:538} INFO - Filling up the DagBag from /opt/airflow/dags/docker_airflow_postgresql_etl.py
[2024-02-07T08:41:41.852+0000] {processor.py:840} INFO - DAG(s) 'docker_airflow_postgresql_etl' retrieved from /opt/airflow/dags/docker_airflow_postgresql_etl.py
[2024-02-07T08:41:41.878+0000] {logging_mixin.py:188} INFO - [2024-02-07T08:41:41.877+0000] {dag.py:3033} INFO - Sync 1 DAGs
[2024-02-07T08:41:41.907+0000] {logging_mixin.py:188} INFO - [2024-02-07T08:41:41.906+0000] {dag.py:3820} INFO - Setting next_dagrun for docker_airflow_postgresql_etl to None, run_after=None
[2024-02-07T08:41:41.946+0000] {processor.py:183} INFO - Processing /opt/airflow/dags/docker_airflow_postgresql_etl.py took 0.592 seconds
[2024-02-07T08:42:12.069+0000] {processor.py:161} INFO - Started process (PID=269) to work on /opt/airflow/dags/docker_airflow_postgresql_etl.py
[2024-02-07T08:42:12.070+0000] {processor.py:830} INFO - Processing file /opt/airflow/dags/docker_airflow_postgresql_etl.py for tasks to queue
[2024-02-07T08:42:12.072+0000] {logging_mixin.py:188} INFO - [2024-02-07T08:42:12.071+0000] {dagbag.py:538} INFO - Filling up the DagBag from /opt/airflow/dags/docker_airflow_postgresql_etl.py
[2024-02-07T08:42:12.517+0000] {processor.py:840} INFO - DAG(s) 'docker_airflow_postgresql_etl' retrieved from /opt/airflow/dags/docker_airflow_postgresql_etl.py
[2024-02-07T08:42:12.534+0000] {logging_mixin.py:188} INFO - [2024-02-07T08:42:12.534+0000] {dag.py:3033} INFO - Sync 1 DAGs
[2024-02-07T08:42:12.545+0000] {logging_mixin.py:188} INFO - [2024-02-07T08:42:12.545+0000] {dag.py:3820} INFO - Setting next_dagrun for docker_airflow_postgresql_etl to None, run_after=None
[2024-02-07T08:42:12.576+0000] {processor.py:183} INFO - Processing /opt/airflow/dags/docker_airflow_postgresql_etl.py took 0.512 seconds
[2024-02-07T08:42:42.715+0000] {processor.py:161} INFO - Started process (PID=329) to work on /opt/airflow/dags/docker_airflow_postgresql_etl.py
[2024-02-07T08:42:42.716+0000] {processor.py:830} INFO - Processing file /opt/airflow/dags/docker_airflow_postgresql_etl.py for tasks to queue
[2024-02-07T08:42:42.718+0000] {logging_mixin.py:188} INFO - [2024-02-07T08:42:42.718+0000] {dagbag.py:538} INFO - Filling up the DagBag from /opt/airflow/dags/docker_airflow_postgresql_etl.py
[2024-02-07T08:42:43.613+0000] {processor.py:840} INFO - DAG(s) 'docker_airflow_postgresql_etl' retrieved from /opt/airflow/dags/docker_airflow_postgresql_etl.py
[2024-02-07T08:42:43.639+0000] {logging_mixin.py:188} INFO - [2024-02-07T08:42:43.638+0000] {dag.py:3033} INFO - Sync 1 DAGs
[2024-02-07T08:42:43.658+0000] {logging_mixin.py:188} INFO - [2024-02-07T08:42:43.657+0000] {dag.py:3820} INFO - Setting next_dagrun for docker_airflow_postgresql_etl to None, run_after=None
[2024-02-07T08:42:43.691+0000] {processor.py:183} INFO - Processing /opt/airflow/dags/docker_airflow_postgresql_etl.py took 0.980 seconds
[2024-02-07T08:43:14.174+0000] {processor.py:161} INFO - Started process (PID=388) to work on /opt/airflow/dags/docker_airflow_postgresql_etl.py
[2024-02-07T08:43:14.185+0000] {processor.py:830} INFO - Processing file /opt/airflow/dags/docker_airflow_postgresql_etl.py for tasks to queue
[2024-02-07T08:43:14.188+0000] {logging_mixin.py:188} INFO - [2024-02-07T08:43:14.188+0000] {dagbag.py:538} INFO - Filling up the DagBag from /opt/airflow/dags/docker_airflow_postgresql_etl.py
[2024-02-07T08:43:14.596+0000] {processor.py:840} INFO - DAG(s) 'docker_airflow_postgresql_etl' retrieved from /opt/airflow/dags/docker_airflow_postgresql_etl.py
[2024-02-07T08:43:14.617+0000] {logging_mixin.py:188} INFO - [2024-02-07T08:43:14.616+0000] {dag.py:3033} INFO - Sync 1 DAGs
[2024-02-07T08:43:14.632+0000] {logging_mixin.py:188} INFO - [2024-02-07T08:43:14.632+0000] {dag.py:3820} INFO - Setting next_dagrun for docker_airflow_postgresql_etl to None, run_after=None
[2024-02-07T08:43:14.655+0000] {processor.py:183} INFO - Processing /opt/airflow/dags/docker_airflow_postgresql_etl.py took 0.487 seconds
[2024-02-07T08:43:44.845+0000] {processor.py:161} INFO - Started process (PID=446) to work on /opt/airflow/dags/docker_airflow_postgresql_etl.py
[2024-02-07T08:43:44.847+0000] {processor.py:830} INFO - Processing file /opt/airflow/dags/docker_airflow_postgresql_etl.py for tasks to queue
[2024-02-07T08:43:44.850+0000] {logging_mixin.py:188} INFO - [2024-02-07T08:43:44.850+0000] {dagbag.py:538} INFO - Filling up the DagBag from /opt/airflow/dags/docker_airflow_postgresql_etl.py
[2024-02-07T08:43:45.315+0000] {processor.py:840} INFO - DAG(s) 'docker_airflow_postgresql_etl' retrieved from /opt/airflow/dags/docker_airflow_postgresql_etl.py
[2024-02-07T08:43:45.340+0000] {logging_mixin.py:188} INFO - [2024-02-07T08:43:45.340+0000] {dag.py:3033} INFO - Sync 1 DAGs
[2024-02-07T08:43:45.355+0000] {logging_mixin.py:188} INFO - [2024-02-07T08:43:45.355+0000] {dag.py:3820} INFO - Setting next_dagrun for docker_airflow_postgresql_etl to None, run_after=None
[2024-02-07T08:43:45.381+0000] {processor.py:183} INFO - Processing /opt/airflow/dags/docker_airflow_postgresql_etl.py took 0.541 seconds
[2024-02-07T08:44:15.738+0000] {processor.py:161} INFO - Started process (PID=506) to work on /opt/airflow/dags/docker_airflow_postgresql_etl.py
[2024-02-07T08:44:15.740+0000] {processor.py:830} INFO - Processing file /opt/airflow/dags/docker_airflow_postgresql_etl.py for tasks to queue
[2024-02-07T08:44:15.743+0000] {logging_mixin.py:188} INFO - [2024-02-07T08:44:15.743+0000] {dagbag.py:538} INFO - Filling up the DagBag from /opt/airflow/dags/docker_airflow_postgresql_etl.py
[2024-02-07T08:44:16.315+0000] {processor.py:840} INFO - DAG(s) 'docker_airflow_postgresql_etl' retrieved from /opt/airflow/dags/docker_airflow_postgresql_etl.py
[2024-02-07T08:44:16.342+0000] {logging_mixin.py:188} INFO - [2024-02-07T08:44:16.339+0000] {dag.py:3033} INFO - Sync 1 DAGs
[2024-02-07T08:44:16.363+0000] {logging_mixin.py:188} INFO - [2024-02-07T08:44:16.363+0000] {dag.py:3820} INFO - Setting next_dagrun for docker_airflow_postgresql_etl to None, run_after=None
[2024-02-07T08:44:16.394+0000] {processor.py:183} INFO - Processing /opt/airflow/dags/docker_airflow_postgresql_etl.py took 0.663 seconds
[2024-02-07T08:44:46.465+0000] {processor.py:161} INFO - Started process (PID=566) to work on /opt/airflow/dags/docker_airflow_postgresql_etl.py
[2024-02-07T08:44:46.466+0000] {processor.py:830} INFO - Processing file /opt/airflow/dags/docker_airflow_postgresql_etl.py for tasks to queue
[2024-02-07T08:44:46.469+0000] {logging_mixin.py:188} INFO - [2024-02-07T08:44:46.469+0000] {dagbag.py:538} INFO - Filling up the DagBag from /opt/airflow/dags/docker_airflow_postgresql_etl.py
[2024-02-07T08:44:46.935+0000] {processor.py:840} INFO - DAG(s) 'docker_airflow_postgresql_etl' retrieved from /opt/airflow/dags/docker_airflow_postgresql_etl.py
[2024-02-07T08:44:46.956+0000] {logging_mixin.py:188} INFO - [2024-02-07T08:44:46.956+0000] {dag.py:3033} INFO - Sync 1 DAGs
[2024-02-07T08:44:46.970+0000] {logging_mixin.py:188} INFO - [2024-02-07T08:44:46.970+0000] {dag.py:3820} INFO - Setting next_dagrun for docker_airflow_postgresql_etl to None, run_after=None
[2024-02-07T08:44:46.993+0000] {processor.py:183} INFO - Processing /opt/airflow/dags/docker_airflow_postgresql_etl.py took 0.531 seconds
[2024-02-07T08:45:17.107+0000] {processor.py:161} INFO - Started process (PID=627) to work on /opt/airflow/dags/docker_airflow_postgresql_etl.py
[2024-02-07T08:45:17.108+0000] {processor.py:830} INFO - Processing file /opt/airflow/dags/docker_airflow_postgresql_etl.py for tasks to queue
[2024-02-07T08:45:17.111+0000] {logging_mixin.py:188} INFO - [2024-02-07T08:45:17.110+0000] {dagbag.py:538} INFO - Filling up the DagBag from /opt/airflow/dags/docker_airflow_postgresql_etl.py
[2024-02-07T08:45:17.546+0000] {processor.py:840} INFO - DAG(s) 'docker_airflow_postgresql_etl' retrieved from /opt/airflow/dags/docker_airflow_postgresql_etl.py
[2024-02-07T08:45:17.566+0000] {logging_mixin.py:188} INFO - [2024-02-07T08:45:17.564+0000] {dag.py:3033} INFO - Sync 1 DAGs
[2024-02-07T08:45:17.585+0000] {logging_mixin.py:188} INFO - [2024-02-07T08:45:17.585+0000] {dag.py:3820} INFO - Setting next_dagrun for docker_airflow_postgresql_etl to None, run_after=None
[2024-02-07T08:45:17.609+0000] {processor.py:183} INFO - Processing /opt/airflow/dags/docker_airflow_postgresql_etl.py took 0.505 seconds
[2024-02-07T08:45:48.073+0000] {processor.py:161} INFO - Started process (PID=683) to work on /opt/airflow/dags/docker_airflow_postgresql_etl.py
[2024-02-07T08:45:48.075+0000] {processor.py:830} INFO - Processing file /opt/airflow/dags/docker_airflow_postgresql_etl.py for tasks to queue
[2024-02-07T08:45:48.078+0000] {logging_mixin.py:188} INFO - [2024-02-07T08:45:48.077+0000] {dagbag.py:538} INFO - Filling up the DagBag from /opt/airflow/dags/docker_airflow_postgresql_etl.py
[2024-02-07T08:45:48.530+0000] {processor.py:840} INFO - DAG(s) 'docker_airflow_postgresql_etl' retrieved from /opt/airflow/dags/docker_airflow_postgresql_etl.py
[2024-02-07T08:45:48.547+0000] {logging_mixin.py:188} INFO - [2024-02-07T08:45:48.547+0000] {dag.py:3033} INFO - Sync 1 DAGs
[2024-02-07T08:45:48.558+0000] {logging_mixin.py:188} INFO - [2024-02-07T08:45:48.558+0000] {dag.py:3820} INFO - Setting next_dagrun for docker_airflow_postgresql_etl to None, run_after=None
[2024-02-07T08:45:48.576+0000] {processor.py:183} INFO - Processing /opt/airflow/dags/docker_airflow_postgresql_etl.py took 0.508 seconds
[2024-02-07T08:46:19.017+0000] {processor.py:161} INFO - Started process (PID=740) to work on /opt/airflow/dags/docker_airflow_postgresql_etl.py
[2024-02-07T08:46:19.018+0000] {processor.py:830} INFO - Processing file /opt/airflow/dags/docker_airflow_postgresql_etl.py for tasks to queue
[2024-02-07T08:46:19.028+0000] {logging_mixin.py:188} INFO - [2024-02-07T08:46:19.028+0000] {dagbag.py:538} INFO - Filling up the DagBag from /opt/airflow/dags/docker_airflow_postgresql_etl.py
[2024-02-07T08:46:19.632+0000] {processor.py:840} INFO - DAG(s) 'docker_airflow_postgresql_etl' retrieved from /opt/airflow/dags/docker_airflow_postgresql_etl.py
[2024-02-07T08:46:19.652+0000] {logging_mixin.py:188} INFO - [2024-02-07T08:46:19.651+0000] {dag.py:3033} INFO - Sync 1 DAGs
[2024-02-07T08:46:19.665+0000] {logging_mixin.py:188} INFO - [2024-02-07T08:46:19.665+0000] {dag.py:3820} INFO - Setting next_dagrun for docker_airflow_postgresql_etl to None, run_after=None
[2024-02-07T08:46:19.685+0000] {processor.py:183} INFO - Processing /opt/airflow/dags/docker_airflow_postgresql_etl.py took 0.674 seconds
[2024-02-07T08:46:49.866+0000] {processor.py:161} INFO - Started process (PID=801) to work on /opt/airflow/dags/docker_airflow_postgresql_etl.py
[2024-02-07T08:46:49.867+0000] {processor.py:830} INFO - Processing file /opt/airflow/dags/docker_airflow_postgresql_etl.py for tasks to queue
[2024-02-07T08:46:49.869+0000] {logging_mixin.py:188} INFO - [2024-02-07T08:46:49.869+0000] {dagbag.py:538} INFO - Filling up the DagBag from /opt/airflow/dags/docker_airflow_postgresql_etl.py
[2024-02-07T08:46:50.364+0000] {processor.py:840} INFO - DAG(s) 'docker_airflow_postgresql_etl' retrieved from /opt/airflow/dags/docker_airflow_postgresql_etl.py
[2024-02-07T08:46:50.383+0000] {logging_mixin.py:188} INFO - [2024-02-07T08:46:50.382+0000] {dag.py:3033} INFO - Sync 1 DAGs
[2024-02-07T08:46:50.399+0000] {logging_mixin.py:188} INFO - [2024-02-07T08:46:50.399+0000] {dag.py:3820} INFO - Setting next_dagrun for docker_airflow_postgresql_etl to None, run_after=None
[2024-02-07T08:46:50.433+0000] {processor.py:183} INFO - Processing /opt/airflow/dags/docker_airflow_postgresql_etl.py took 0.571 seconds
[2024-02-07T08:47:20.507+0000] {processor.py:161} INFO - Started process (PID=861) to work on /opt/airflow/dags/docker_airflow_postgresql_etl.py
[2024-02-07T08:47:20.508+0000] {processor.py:830} INFO - Processing file /opt/airflow/dags/docker_airflow_postgresql_etl.py for tasks to queue
[2024-02-07T08:47:20.511+0000] {logging_mixin.py:188} INFO - [2024-02-07T08:47:20.510+0000] {dagbag.py:538} INFO - Filling up the DagBag from /opt/airflow/dags/docker_airflow_postgresql_etl.py
[2024-02-07T08:47:20.866+0000] {processor.py:840} INFO - DAG(s) 'docker_airflow_postgresql_etl' retrieved from /opt/airflow/dags/docker_airflow_postgresql_etl.py
[2024-02-07T08:47:20.884+0000] {logging_mixin.py:188} INFO - [2024-02-07T08:47:20.884+0000] {dag.py:3033} INFO - Sync 1 DAGs
[2024-02-07T08:47:20.894+0000] {logging_mixin.py:188} INFO - [2024-02-07T08:47:20.894+0000] {dag.py:3820} INFO - Setting next_dagrun for docker_airflow_postgresql_etl to None, run_after=None
[2024-02-07T08:47:20.915+0000] {processor.py:183} INFO - Processing /opt/airflow/dags/docker_airflow_postgresql_etl.py took 0.413 seconds
[2024-02-07T08:47:51.022+0000] {processor.py:161} INFO - Started process (PID=920) to work on /opt/airflow/dags/docker_airflow_postgresql_etl.py
[2024-02-07T08:47:51.024+0000] {processor.py:830} INFO - Processing file /opt/airflow/dags/docker_airflow_postgresql_etl.py for tasks to queue
[2024-02-07T08:47:51.027+0000] {logging_mixin.py:188} INFO - [2024-02-07T08:47:51.027+0000] {dagbag.py:538} INFO - Filling up the DagBag from /opt/airflow/dags/docker_airflow_postgresql_etl.py
[2024-02-07T08:47:51.384+0000] {processor.py:840} INFO - DAG(s) 'docker_airflow_postgresql_etl' retrieved from /opt/airflow/dags/docker_airflow_postgresql_etl.py
[2024-02-07T08:47:51.404+0000] {logging_mixin.py:188} INFO - [2024-02-07T08:47:51.403+0000] {dag.py:3033} INFO - Sync 1 DAGs
[2024-02-07T08:47:51.414+0000] {logging_mixin.py:188} INFO - [2024-02-07T08:47:51.414+0000] {dag.py:3820} INFO - Setting next_dagrun for docker_airflow_postgresql_etl to None, run_after=None
[2024-02-07T08:47:51.440+0000] {processor.py:183} INFO - Processing /opt/airflow/dags/docker_airflow_postgresql_etl.py took 0.424 seconds
[2024-02-07T08:48:22.053+0000] {processor.py:161} INFO - Started process (PID=977) to work on /opt/airflow/dags/docker_airflow_postgresql_etl.py
[2024-02-07T08:48:22.054+0000] {processor.py:830} INFO - Processing file /opt/airflow/dags/docker_airflow_postgresql_etl.py for tasks to queue
[2024-02-07T08:48:22.057+0000] {logging_mixin.py:188} INFO - [2024-02-07T08:48:22.057+0000] {dagbag.py:538} INFO - Filling up the DagBag from /opt/airflow/dags/docker_airflow_postgresql_etl.py
[2024-02-07T08:48:22.449+0000] {processor.py:840} INFO - DAG(s) 'docker_airflow_postgresql_etl' retrieved from /opt/airflow/dags/docker_airflow_postgresql_etl.py
[2024-02-07T08:48:22.471+0000] {logging_mixin.py:188} INFO - [2024-02-07T08:48:22.470+0000] {dag.py:3033} INFO - Sync 1 DAGs
[2024-02-07T08:48:22.483+0000] {logging_mixin.py:188} INFO - [2024-02-07T08:48:22.482+0000] {dag.py:3820} INFO - Setting next_dagrun for docker_airflow_postgresql_etl to None, run_after=None
[2024-02-07T08:48:22.510+0000] {processor.py:183} INFO - Processing /opt/airflow/dags/docker_airflow_postgresql_etl.py took 0.461 seconds
[2024-02-07T08:48:52.557+0000] {processor.py:161} INFO - Started process (PID=1038) to work on /opt/airflow/dags/docker_airflow_postgresql_etl.py
[2024-02-07T08:48:52.558+0000] {processor.py:830} INFO - Processing file /opt/airflow/dags/docker_airflow_postgresql_etl.py for tasks to queue
[2024-02-07T08:48:52.560+0000] {logging_mixin.py:188} INFO - [2024-02-07T08:48:52.560+0000] {dagbag.py:538} INFO - Filling up the DagBag from /opt/airflow/dags/docker_airflow_postgresql_etl.py
[2024-02-07T08:48:52.971+0000] {processor.py:840} INFO - DAG(s) 'docker_airflow_postgresql_etl' retrieved from /opt/airflow/dags/docker_airflow_postgresql_etl.py
[2024-02-07T08:48:52.988+0000] {logging_mixin.py:188} INFO - [2024-02-07T08:48:52.987+0000] {dag.py:3033} INFO - Sync 1 DAGs
[2024-02-07T08:48:52.999+0000] {logging_mixin.py:188} INFO - [2024-02-07T08:48:52.999+0000] {dag.py:3820} INFO - Setting next_dagrun for docker_airflow_postgresql_etl to None, run_after=None
[2024-02-07T08:48:53.023+0000] {processor.py:183} INFO - Processing /opt/airflow/dags/docker_airflow_postgresql_etl.py took 0.469 seconds
[2024-02-07T08:49:23.301+0000] {processor.py:161} INFO - Started process (PID=1097) to work on /opt/airflow/dags/docker_airflow_postgresql_etl.py
[2024-02-07T08:49:23.302+0000] {processor.py:830} INFO - Processing file /opt/airflow/dags/docker_airflow_postgresql_etl.py for tasks to queue
[2024-02-07T08:49:23.305+0000] {logging_mixin.py:188} INFO - [2024-02-07T08:49:23.304+0000] {dagbag.py:538} INFO - Filling up the DagBag from /opt/airflow/dags/docker_airflow_postgresql_etl.py
[2024-02-07T08:49:23.749+0000] {processor.py:840} INFO - DAG(s) 'docker_airflow_postgresql_etl' retrieved from /opt/airflow/dags/docker_airflow_postgresql_etl.py
[2024-02-07T08:49:23.767+0000] {logging_mixin.py:188} INFO - [2024-02-07T08:49:23.767+0000] {dag.py:3033} INFO - Sync 1 DAGs
[2024-02-07T08:49:23.780+0000] {logging_mixin.py:188} INFO - [2024-02-07T08:49:23.780+0000] {dag.py:3820} INFO - Setting next_dagrun for docker_airflow_postgresql_etl to None, run_after=None
[2024-02-07T08:49:23.806+0000] {processor.py:183} INFO - Processing /opt/airflow/dags/docker_airflow_postgresql_etl.py took 0.509 seconds
[2024-02-07T08:49:53.874+0000] {processor.py:161} INFO - Started process (PID=1157) to work on /opt/airflow/dags/docker_airflow_postgresql_etl.py
[2024-02-07T08:49:53.875+0000] {processor.py:830} INFO - Processing file /opt/airflow/dags/docker_airflow_postgresql_etl.py for tasks to queue
[2024-02-07T08:49:53.879+0000] {logging_mixin.py:188} INFO - [2024-02-07T08:49:53.878+0000] {dagbag.py:538} INFO - Filling up the DagBag from /opt/airflow/dags/docker_airflow_postgresql_etl.py
[2024-02-07T08:49:54.361+0000] {processor.py:840} INFO - DAG(s) 'docker_airflow_postgresql_etl' retrieved from /opt/airflow/dags/docker_airflow_postgresql_etl.py
[2024-02-07T08:49:54.379+0000] {logging_mixin.py:188} INFO - [2024-02-07T08:49:54.378+0000] {dag.py:3033} INFO - Sync 1 DAGs
[2024-02-07T08:49:54.391+0000] {logging_mixin.py:188} INFO - [2024-02-07T08:49:54.391+0000] {dag.py:3820} INFO - Setting next_dagrun for docker_airflow_postgresql_etl to None, run_after=None
[2024-02-07T08:49:54.411+0000] {processor.py:183} INFO - Processing /opt/airflow/dags/docker_airflow_postgresql_etl.py took 0.540 seconds
[2024-02-07T08:50:24.800+0000] {processor.py:161} INFO - Started process (PID=1216) to work on /opt/airflow/dags/docker_airflow_postgresql_etl.py
[2024-02-07T08:50:24.801+0000] {processor.py:830} INFO - Processing file /opt/airflow/dags/docker_airflow_postgresql_etl.py for tasks to queue
[2024-02-07T08:50:24.804+0000] {logging_mixin.py:188} INFO - [2024-02-07T08:50:24.804+0000] {dagbag.py:538} INFO - Filling up the DagBag from /opt/airflow/dags/docker_airflow_postgresql_etl.py
[2024-02-07T08:50:25.231+0000] {processor.py:840} INFO - DAG(s) 'docker_airflow_postgresql_etl' retrieved from /opt/airflow/dags/docker_airflow_postgresql_etl.py
[2024-02-07T08:50:25.262+0000] {logging_mixin.py:188} INFO - [2024-02-07T08:50:25.261+0000] {dag.py:3033} INFO - Sync 1 DAGs
[2024-02-07T08:50:25.272+0000] {logging_mixin.py:188} INFO - [2024-02-07T08:50:25.272+0000] {dag.py:3820} INFO - Setting next_dagrun for docker_airflow_postgresql_etl to None, run_after=None
[2024-02-07T08:50:25.299+0000] {processor.py:183} INFO - Processing /opt/airflow/dags/docker_airflow_postgresql_etl.py took 0.503 seconds
[2024-02-07T08:50:56.236+0000] {processor.py:161} INFO - Started process (PID=1276) to work on /opt/airflow/dags/docker_airflow_postgresql_etl.py
[2024-02-07T08:50:56.237+0000] {processor.py:830} INFO - Processing file /opt/airflow/dags/docker_airflow_postgresql_etl.py for tasks to queue
[2024-02-07T08:50:56.239+0000] {logging_mixin.py:188} INFO - [2024-02-07T08:50:56.239+0000] {dagbag.py:538} INFO - Filling up the DagBag from /opt/airflow/dags/docker_airflow_postgresql_etl.py
[2024-02-07T08:50:56.689+0000] {processor.py:840} INFO - DAG(s) 'docker_airflow_postgresql_etl' retrieved from /opt/airflow/dags/docker_airflow_postgresql_etl.py
[2024-02-07T08:50:56.711+0000] {logging_mixin.py:188} INFO - [2024-02-07T08:50:56.711+0000] {dag.py:3033} INFO - Sync 1 DAGs
[2024-02-07T08:50:56.725+0000] {logging_mixin.py:188} INFO - [2024-02-07T08:50:56.725+0000] {dag.py:3820} INFO - Setting next_dagrun for docker_airflow_postgresql_etl to None, run_after=None
[2024-02-07T08:50:56.749+0000] {processor.py:183} INFO - Processing /opt/airflow/dags/docker_airflow_postgresql_etl.py took 0.517 seconds
[2024-02-07T08:51:26.970+0000] {processor.py:161} INFO - Started process (PID=1343) to work on /opt/airflow/dags/docker_airflow_postgresql_etl.py
[2024-02-07T08:51:26.971+0000] {processor.py:830} INFO - Processing file /opt/airflow/dags/docker_airflow_postgresql_etl.py for tasks to queue
[2024-02-07T08:51:26.974+0000] {logging_mixin.py:188} INFO - [2024-02-07T08:51:26.973+0000] {dagbag.py:538} INFO - Filling up the DagBag from /opt/airflow/dags/docker_airflow_postgresql_etl.py
[2024-02-07T08:51:27.330+0000] {processor.py:840} INFO - DAG(s) 'docker_airflow_postgresql_etl' retrieved from /opt/airflow/dags/docker_airflow_postgresql_etl.py
[2024-02-07T08:51:27.345+0000] {logging_mixin.py:188} INFO - [2024-02-07T08:51:27.344+0000] {dag.py:3033} INFO - Sync 1 DAGs
[2024-02-07T08:51:27.353+0000] {logging_mixin.py:188} INFO - [2024-02-07T08:51:27.353+0000] {dag.py:3820} INFO - Setting next_dagrun for docker_airflow_postgresql_etl to None, run_after=None
[2024-02-07T08:51:27.375+0000] {processor.py:183} INFO - Processing /opt/airflow/dags/docker_airflow_postgresql_etl.py took 0.412 seconds
[2024-02-07T08:51:57.427+0000] {processor.py:161} INFO - Started process (PID=1401) to work on /opt/airflow/dags/docker_airflow_postgresql_etl.py
[2024-02-07T08:51:57.429+0000] {processor.py:830} INFO - Processing file /opt/airflow/dags/docker_airflow_postgresql_etl.py for tasks to queue
[2024-02-07T08:51:57.433+0000] {logging_mixin.py:188} INFO - [2024-02-07T08:51:57.432+0000] {dagbag.py:538} INFO - Filling up the DagBag from /opt/airflow/dags/docker_airflow_postgresql_etl.py
[2024-02-07T08:51:57.963+0000] {processor.py:840} INFO - DAG(s) 'docker_airflow_postgresql_etl' retrieved from /opt/airflow/dags/docker_airflow_postgresql_etl.py
[2024-02-07T08:51:57.985+0000] {logging_mixin.py:188} INFO - [2024-02-07T08:51:57.985+0000] {dag.py:3033} INFO - Sync 1 DAGs
[2024-02-07T08:51:57.999+0000] {logging_mixin.py:188} INFO - [2024-02-07T08:51:57.999+0000] {dag.py:3820} INFO - Setting next_dagrun for docker_airflow_postgresql_etl to None, run_after=None
[2024-02-07T08:51:58.024+0000] {processor.py:183} INFO - Processing /opt/airflow/dags/docker_airflow_postgresql_etl.py took 0.601 seconds
[2024-02-07T08:52:28.082+0000] {processor.py:161} INFO - Started process (PID=1458) to work on /opt/airflow/dags/docker_airflow_postgresql_etl.py
[2024-02-07T08:52:28.083+0000] {processor.py:830} INFO - Processing file /opt/airflow/dags/docker_airflow_postgresql_etl.py for tasks to queue
[2024-02-07T08:52:28.086+0000] {logging_mixin.py:188} INFO - [2024-02-07T08:52:28.086+0000] {dagbag.py:538} INFO - Filling up the DagBag from /opt/airflow/dags/docker_airflow_postgresql_etl.py
[2024-02-07T08:52:28.446+0000] {processor.py:840} INFO - DAG(s) 'docker_airflow_postgresql_etl' retrieved from /opt/airflow/dags/docker_airflow_postgresql_etl.py
[2024-02-07T08:52:28.464+0000] {logging_mixin.py:188} INFO - [2024-02-07T08:52:28.463+0000] {dag.py:3033} INFO - Sync 1 DAGs
[2024-02-07T08:52:28.478+0000] {logging_mixin.py:188} INFO - [2024-02-07T08:52:28.477+0000] {dag.py:3820} INFO - Setting next_dagrun for docker_airflow_postgresql_etl to None, run_after=None
[2024-02-07T08:52:28.505+0000] {processor.py:183} INFO - Processing /opt/airflow/dags/docker_airflow_postgresql_etl.py took 0.427 seconds
[2024-02-07T08:52:59.496+0000] {processor.py:161} INFO - Started process (PID=1515) to work on /opt/airflow/dags/docker_airflow_postgresql_etl.py
[2024-02-07T08:52:59.497+0000] {processor.py:830} INFO - Processing file /opt/airflow/dags/docker_airflow_postgresql_etl.py for tasks to queue
[2024-02-07T08:52:59.500+0000] {logging_mixin.py:188} INFO - [2024-02-07T08:52:59.500+0000] {dagbag.py:538} INFO - Filling up the DagBag from /opt/airflow/dags/docker_airflow_postgresql_etl.py
[2024-02-07T08:52:59.870+0000] {processor.py:840} INFO - DAG(s) 'docker_airflow_postgresql_etl' retrieved from /opt/airflow/dags/docker_airflow_postgresql_etl.py
[2024-02-07T08:52:59.893+0000] {logging_mixin.py:188} INFO - [2024-02-07T08:52:59.893+0000] {dag.py:3033} INFO - Sync 1 DAGs
[2024-02-07T08:52:59.909+0000] {logging_mixin.py:188} INFO - [2024-02-07T08:52:59.909+0000] {dag.py:3820} INFO - Setting next_dagrun for docker_airflow_postgresql_etl to None, run_after=None
[2024-02-07T08:52:59.941+0000] {processor.py:183} INFO - Processing /opt/airflow/dags/docker_airflow_postgresql_etl.py took 0.449 seconds
[2024-02-07T08:53:30.231+0000] {processor.py:161} INFO - Started process (PID=1572) to work on /opt/airflow/dags/docker_airflow_postgresql_etl.py
[2024-02-07T08:53:30.232+0000] {processor.py:830} INFO - Processing file /opt/airflow/dags/docker_airflow_postgresql_etl.py for tasks to queue
[2024-02-07T08:53:30.234+0000] {logging_mixin.py:188} INFO - [2024-02-07T08:53:30.234+0000] {dagbag.py:538} INFO - Filling up the DagBag from /opt/airflow/dags/docker_airflow_postgresql_etl.py
[2024-02-07T08:53:30.604+0000] {processor.py:840} INFO - DAG(s) 'docker_airflow_postgresql_etl' retrieved from /opt/airflow/dags/docker_airflow_postgresql_etl.py
[2024-02-07T08:53:30.624+0000] {logging_mixin.py:188} INFO - [2024-02-07T08:53:30.624+0000] {dag.py:3033} INFO - Sync 1 DAGs
[2024-02-07T08:53:30.637+0000] {logging_mixin.py:188} INFO - [2024-02-07T08:53:30.637+0000] {dag.py:3820} INFO - Setting next_dagrun for docker_airflow_postgresql_etl to None, run_after=None
[2024-02-07T08:53:30.668+0000] {processor.py:183} INFO - Processing /opt/airflow/dags/docker_airflow_postgresql_etl.py took 0.439 seconds
[2024-02-07T08:54:01.061+0000] {processor.py:161} INFO - Started process (PID=1629) to work on /opt/airflow/dags/docker_airflow_postgresql_etl.py
[2024-02-07T08:54:01.063+0000] {processor.py:830} INFO - Processing file /opt/airflow/dags/docker_airflow_postgresql_etl.py for tasks to queue
[2024-02-07T08:54:01.066+0000] {logging_mixin.py:188} INFO - [2024-02-07T08:54:01.066+0000] {dagbag.py:538} INFO - Filling up the DagBag from /opt/airflow/dags/docker_airflow_postgresql_etl.py
[2024-02-07T08:54:01.545+0000] {processor.py:840} INFO - DAG(s) 'docker_airflow_postgresql_etl' retrieved from /opt/airflow/dags/docker_airflow_postgresql_etl.py
[2024-02-07T08:54:01.563+0000] {logging_mixin.py:188} INFO - [2024-02-07T08:54:01.562+0000] {dag.py:3033} INFO - Sync 1 DAGs
[2024-02-07T08:54:01.576+0000] {logging_mixin.py:188} INFO - [2024-02-07T08:54:01.576+0000] {dag.py:3820} INFO - Setting next_dagrun for docker_airflow_postgresql_etl to None, run_after=None
[2024-02-07T08:54:01.602+0000] {processor.py:183} INFO - Processing /opt/airflow/dags/docker_airflow_postgresql_etl.py took 0.547 seconds
[2024-02-07T08:54:32.510+0000] {processor.py:161} INFO - Started process (PID=1686) to work on /opt/airflow/dags/docker_airflow_postgresql_etl.py
[2024-02-07T08:54:32.511+0000] {processor.py:830} INFO - Processing file /opt/airflow/dags/docker_airflow_postgresql_etl.py for tasks to queue
[2024-02-07T08:54:32.514+0000] {logging_mixin.py:188} INFO - [2024-02-07T08:54:32.514+0000] {dagbag.py:538} INFO - Filling up the DagBag from /opt/airflow/dags/docker_airflow_postgresql_etl.py
[2024-02-07T08:54:32.951+0000] {processor.py:840} INFO - DAG(s) 'docker_airflow_postgresql_etl' retrieved from /opt/airflow/dags/docker_airflow_postgresql_etl.py
[2024-02-07T08:54:32.973+0000] {logging_mixin.py:188} INFO - [2024-02-07T08:54:32.972+0000] {dag.py:3033} INFO - Sync 1 DAGs
[2024-02-07T08:54:32.988+0000] {logging_mixin.py:188} INFO - [2024-02-07T08:54:32.987+0000] {dag.py:3820} INFO - Setting next_dagrun for docker_airflow_postgresql_etl to None, run_after=None
[2024-02-07T08:54:33.017+0000] {processor.py:183} INFO - Processing /opt/airflow/dags/docker_airflow_postgresql_etl.py took 0.510 seconds
[2024-02-07T08:55:03.922+0000] {processor.py:161} INFO - Started process (PID=1743) to work on /opt/airflow/dags/docker_airflow_postgresql_etl.py
[2024-02-07T08:55:03.924+0000] {processor.py:830} INFO - Processing file /opt/airflow/dags/docker_airflow_postgresql_etl.py for tasks to queue
[2024-02-07T08:55:03.930+0000] {logging_mixin.py:188} INFO - [2024-02-07T08:55:03.929+0000] {dagbag.py:538} INFO - Filling up the DagBag from /opt/airflow/dags/docker_airflow_postgresql_etl.py
[2024-02-07T08:55:04.844+0000] {processor.py:840} INFO - DAG(s) 'docker_airflow_postgresql_etl' retrieved from /opt/airflow/dags/docker_airflow_postgresql_etl.py
[2024-02-07T08:55:04.889+0000] {logging_mixin.py:188} INFO - [2024-02-07T08:55:04.888+0000] {dag.py:3033} INFO - Sync 1 DAGs
[2024-02-07T08:55:04.933+0000] {logging_mixin.py:188} INFO - [2024-02-07T08:55:04.932+0000] {dag.py:3820} INFO - Setting next_dagrun for docker_airflow_postgresql_etl to None, run_after=None
[2024-02-07T08:55:05.010+0000] {processor.py:183} INFO - Processing /opt/airflow/dags/docker_airflow_postgresql_etl.py took 1.096 seconds
[2024-02-07T08:55:35.800+0000] {processor.py:161} INFO - Started process (PID=1800) to work on /opt/airflow/dags/docker_airflow_postgresql_etl.py
[2024-02-07T08:55:35.803+0000] {processor.py:830} INFO - Processing file /opt/airflow/dags/docker_airflow_postgresql_etl.py for tasks to queue
[2024-02-07T08:55:35.809+0000] {logging_mixin.py:188} INFO - [2024-02-07T08:55:35.809+0000] {dagbag.py:538} INFO - Filling up the DagBag from /opt/airflow/dags/docker_airflow_postgresql_etl.py
[2024-02-07T08:55:36.552+0000] {processor.py:840} INFO - DAG(s) 'docker_airflow_postgresql_etl' retrieved from /opt/airflow/dags/docker_airflow_postgresql_etl.py
[2024-02-07T08:55:36.599+0000] {logging_mixin.py:188} INFO - [2024-02-07T08:55:36.598+0000] {dag.py:3033} INFO - Sync 1 DAGs
[2024-02-07T08:55:36.633+0000] {logging_mixin.py:188} INFO - [2024-02-07T08:55:36.632+0000] {dag.py:3820} INFO - Setting next_dagrun for docker_airflow_postgresql_etl to None, run_after=None
[2024-02-07T08:55:36.693+0000] {processor.py:183} INFO - Processing /opt/airflow/dags/docker_airflow_postgresql_etl.py took 0.901 seconds
[2024-02-07T08:56:11.059+0000] {processor.py:161} INFO - Started process (PID=1858) to work on /opt/airflow/dags/docker_airflow_postgresql_etl.py
[2024-02-07T08:56:11.061+0000] {processor.py:830} INFO - Processing file /opt/airflow/dags/docker_airflow_postgresql_etl.py for tasks to queue
[2024-02-07T08:56:11.068+0000] {logging_mixin.py:188} INFO - [2024-02-07T08:56:11.067+0000] {dagbag.py:538} INFO - Filling up the DagBag from /opt/airflow/dags/docker_airflow_postgresql_etl.py
[2024-02-07T08:56:11.915+0000] {processor.py:840} INFO - DAG(s) 'docker_airflow_postgresql_etl' retrieved from /opt/airflow/dags/docker_airflow_postgresql_etl.py
[2024-02-07T08:56:11.961+0000] {logging_mixin.py:188} INFO - [2024-02-07T08:56:11.960+0000] {dag.py:3033} INFO - Sync 1 DAGs
[2024-02-07T08:56:11.989+0000] {logging_mixin.py:188} INFO - [2024-02-07T08:56:11.989+0000] {dag.py:3820} INFO - Setting next_dagrun for docker_airflow_postgresql_etl to None, run_after=None
[2024-02-07T08:56:12.037+0000] {processor.py:183} INFO - Processing /opt/airflow/dags/docker_airflow_postgresql_etl.py took 0.986 seconds
[2024-02-07T08:56:42.696+0000] {processor.py:161} INFO - Started process (PID=1915) to work on /opt/airflow/dags/docker_airflow_postgresql_etl.py
[2024-02-07T08:56:42.698+0000] {processor.py:830} INFO - Processing file /opt/airflow/dags/docker_airflow_postgresql_etl.py for tasks to queue
[2024-02-07T08:56:42.702+0000] {logging_mixin.py:188} INFO - [2024-02-07T08:56:42.702+0000] {dagbag.py:538} INFO - Filling up the DagBag from /opt/airflow/dags/docker_airflow_postgresql_etl.py
[2024-02-07T08:56:43.575+0000] {processor.py:840} INFO - DAG(s) 'docker_airflow_postgresql_etl' retrieved from /opt/airflow/dags/docker_airflow_postgresql_etl.py
[2024-02-07T08:56:43.622+0000] {logging_mixin.py:188} INFO - [2024-02-07T08:56:43.620+0000] {dag.py:3033} INFO - Sync 1 DAGs
[2024-02-07T08:56:43.648+0000] {logging_mixin.py:188} INFO - [2024-02-07T08:56:43.648+0000] {dag.py:3820} INFO - Setting next_dagrun for docker_airflow_postgresql_etl to None, run_after=None
[2024-02-07T08:56:43.692+0000] {processor.py:183} INFO - Processing /opt/airflow/dags/docker_airflow_postgresql_etl.py took 1.002 seconds
[2024-02-07T08:57:14.506+0000] {processor.py:161} INFO - Started process (PID=1972) to work on /opt/airflow/dags/docker_airflow_postgresql_etl.py
[2024-02-07T08:57:14.510+0000] {processor.py:830} INFO - Processing file /opt/airflow/dags/docker_airflow_postgresql_etl.py for tasks to queue
[2024-02-07T08:57:14.528+0000] {logging_mixin.py:188} INFO - [2024-02-07T08:57:14.527+0000] {dagbag.py:538} INFO - Filling up the DagBag from /opt/airflow/dags/docker_airflow_postgresql_etl.py
[2024-02-07T08:57:15.559+0000] {processor.py:840} INFO - DAG(s) 'docker_airflow_postgresql_etl' retrieved from /opt/airflow/dags/docker_airflow_postgresql_etl.py
[2024-02-07T08:57:15.592+0000] {logging_mixin.py:188} INFO - [2024-02-07T08:57:15.591+0000] {dag.py:3033} INFO - Sync 1 DAGs
[2024-02-07T08:57:15.607+0000] {logging_mixin.py:188} INFO - [2024-02-07T08:57:15.607+0000] {dag.py:3820} INFO - Setting next_dagrun for docker_airflow_postgresql_etl to None, run_after=None
[2024-02-07T08:57:15.646+0000] {processor.py:183} INFO - Processing /opt/airflow/dags/docker_airflow_postgresql_etl.py took 1.159 seconds
[2024-02-07T08:57:46.361+0000] {processor.py:161} INFO - Started process (PID=2030) to work on /opt/airflow/dags/docker_airflow_postgresql_etl.py
[2024-02-07T08:57:46.363+0000] {processor.py:830} INFO - Processing file /opt/airflow/dags/docker_airflow_postgresql_etl.py for tasks to queue
[2024-02-07T08:57:46.367+0000] {logging_mixin.py:188} INFO - [2024-02-07T08:57:46.367+0000] {dagbag.py:538} INFO - Filling up the DagBag from /opt/airflow/dags/docker_airflow_postgresql_etl.py
[2024-02-07T08:57:47.031+0000] {processor.py:840} INFO - DAG(s) 'docker_airflow_postgresql_etl' retrieved from /opt/airflow/dags/docker_airflow_postgresql_etl.py
[2024-02-07T08:57:47.061+0000] {logging_mixin.py:188} INFO - [2024-02-07T08:57:47.061+0000] {dag.py:3033} INFO - Sync 1 DAGs
[2024-02-07T08:57:47.077+0000] {logging_mixin.py:188} INFO - [2024-02-07T08:57:47.077+0000] {dag.py:3820} INFO - Setting next_dagrun for docker_airflow_postgresql_etl to None, run_after=None
[2024-02-07T08:57:47.120+0000] {processor.py:183} INFO - Processing /opt/airflow/dags/docker_airflow_postgresql_etl.py took 0.765 seconds
[2024-02-07T08:58:17.350+0000] {processor.py:161} INFO - Started process (PID=2088) to work on /opt/airflow/dags/docker_airflow_postgresql_etl.py
[2024-02-07T08:58:17.353+0000] {processor.py:830} INFO - Processing file /opt/airflow/dags/docker_airflow_postgresql_etl.py for tasks to queue
[2024-02-07T08:58:17.358+0000] {logging_mixin.py:188} INFO - [2024-02-07T08:58:17.357+0000] {dagbag.py:538} INFO - Filling up the DagBag from /opt/airflow/dags/docker_airflow_postgresql_etl.py
[2024-02-07T08:58:18.209+0000] {processor.py:840} INFO - DAG(s) 'docker_airflow_postgresql_etl' retrieved from /opt/airflow/dags/docker_airflow_postgresql_etl.py
[2024-02-07T08:58:18.237+0000] {logging_mixin.py:188} INFO - [2024-02-07T08:58:18.236+0000] {dag.py:3033} INFO - Sync 1 DAGs
[2024-02-07T08:58:18.254+0000] {logging_mixin.py:188} INFO - [2024-02-07T08:58:18.254+0000] {dag.py:3820} INFO - Setting next_dagrun for docker_airflow_postgresql_etl to None, run_after=None
[2024-02-07T08:58:18.297+0000] {processor.py:183} INFO - Processing /opt/airflow/dags/docker_airflow_postgresql_etl.py took 0.953 seconds
[2024-02-07T08:58:49.007+0000] {processor.py:161} INFO - Started process (PID=2145) to work on /opt/airflow/dags/docker_airflow_postgresql_etl.py
[2024-02-07T08:58:49.009+0000] {processor.py:830} INFO - Processing file /opt/airflow/dags/docker_airflow_postgresql_etl.py for tasks to queue
[2024-02-07T08:58:49.016+0000] {logging_mixin.py:188} INFO - [2024-02-07T08:58:49.015+0000] {dagbag.py:538} INFO - Filling up the DagBag from /opt/airflow/dags/docker_airflow_postgresql_etl.py
[2024-02-07T08:58:49.658+0000] {processor.py:840} INFO - DAG(s) 'docker_airflow_postgresql_etl' retrieved from /opt/airflow/dags/docker_airflow_postgresql_etl.py
[2024-02-07T08:58:49.699+0000] {logging_mixin.py:188} INFO - [2024-02-07T08:58:49.697+0000] {dag.py:3033} INFO - Sync 1 DAGs
[2024-02-07T08:58:49.726+0000] {logging_mixin.py:188} INFO - [2024-02-07T08:58:49.725+0000] {dag.py:3820} INFO - Setting next_dagrun for docker_airflow_postgresql_etl to None, run_after=None
[2024-02-07T08:58:49.783+0000] {processor.py:183} INFO - Processing /opt/airflow/dags/docker_airflow_postgresql_etl.py took 0.785 seconds
[2024-02-07T08:59:20.378+0000] {processor.py:161} INFO - Started process (PID=2202) to work on /opt/airflow/dags/docker_airflow_postgresql_etl.py
[2024-02-07T08:59:20.379+0000] {processor.py:830} INFO - Processing file /opt/airflow/dags/docker_airflow_postgresql_etl.py for tasks to queue
[2024-02-07T08:59:20.382+0000] {logging_mixin.py:188} INFO - [2024-02-07T08:59:20.382+0000] {dagbag.py:538} INFO - Filling up the DagBag from /opt/airflow/dags/docker_airflow_postgresql_etl.py
[2024-02-07T08:59:20.678+0000] {processor.py:840} INFO - DAG(s) 'docker_airflow_postgresql_etl' retrieved from /opt/airflow/dags/docker_airflow_postgresql_etl.py
[2024-02-07T08:59:20.697+0000] {logging_mixin.py:188} INFO - [2024-02-07T08:59:20.696+0000] {dag.py:3033} INFO - Sync 1 DAGs
[2024-02-07T08:59:20.710+0000] {logging_mixin.py:188} INFO - [2024-02-07T08:59:20.710+0000] {dag.py:3820} INFO - Setting next_dagrun for docker_airflow_postgresql_etl to None, run_after=None
[2024-02-07T08:59:20.733+0000] {processor.py:183} INFO - Processing /opt/airflow/dags/docker_airflow_postgresql_etl.py took 0.359 seconds
[2024-02-07T08:59:51.523+0000] {processor.py:161} INFO - Started process (PID=2259) to work on /opt/airflow/dags/docker_airflow_postgresql_etl.py
[2024-02-07T08:59:51.524+0000] {processor.py:830} INFO - Processing file /opt/airflow/dags/docker_airflow_postgresql_etl.py for tasks to queue
[2024-02-07T08:59:51.527+0000] {logging_mixin.py:188} INFO - [2024-02-07T08:59:51.527+0000] {dagbag.py:538} INFO - Filling up the DagBag from /opt/airflow/dags/docker_airflow_postgresql_etl.py
[2024-02-07T08:59:51.802+0000] {processor.py:840} INFO - DAG(s) 'docker_airflow_postgresql_etl' retrieved from /opt/airflow/dags/docker_airflow_postgresql_etl.py
[2024-02-07T08:59:51.825+0000] {logging_mixin.py:188} INFO - [2024-02-07T08:59:51.824+0000] {dag.py:3033} INFO - Sync 1 DAGs
[2024-02-07T08:59:51.837+0000] {logging_mixin.py:188} INFO - [2024-02-07T08:59:51.837+0000] {dag.py:3820} INFO - Setting next_dagrun for docker_airflow_postgresql_etl to None, run_after=None
[2024-02-07T08:59:51.870+0000] {processor.py:183} INFO - Processing /opt/airflow/dags/docker_airflow_postgresql_etl.py took 0.351 seconds
[2024-02-07T09:00:21.982+0000] {processor.py:161} INFO - Started process (PID=2316) to work on /opt/airflow/dags/docker_airflow_postgresql_etl.py
[2024-02-07T09:00:21.984+0000] {processor.py:830} INFO - Processing file /opt/airflow/dags/docker_airflow_postgresql_etl.py for tasks to queue
[2024-02-07T09:00:21.987+0000] {logging_mixin.py:188} INFO - [2024-02-07T09:00:21.986+0000] {dagbag.py:538} INFO - Filling up the DagBag from /opt/airflow/dags/docker_airflow_postgresql_etl.py
[2024-02-07T09:00:22.255+0000] {processor.py:840} INFO - DAG(s) 'docker_airflow_postgresql_etl' retrieved from /opt/airflow/dags/docker_airflow_postgresql_etl.py
[2024-02-07T09:00:22.273+0000] {logging_mixin.py:188} INFO - [2024-02-07T09:00:22.272+0000] {dag.py:3033} INFO - Sync 1 DAGs
[2024-02-07T09:00:22.283+0000] {logging_mixin.py:188} INFO - [2024-02-07T09:00:22.283+0000] {dag.py:3820} INFO - Setting next_dagrun for docker_airflow_postgresql_etl to None, run_after=None
[2024-02-07T09:00:22.306+0000] {processor.py:183} INFO - Processing /opt/airflow/dags/docker_airflow_postgresql_etl.py took 0.328 seconds
[2024-02-07T09:00:53.232+0000] {processor.py:161} INFO - Started process (PID=2373) to work on /opt/airflow/dags/docker_airflow_postgresql_etl.py
[2024-02-07T09:00:53.234+0000] {processor.py:830} INFO - Processing file /opt/airflow/dags/docker_airflow_postgresql_etl.py for tasks to queue
[2024-02-07T09:00:53.238+0000] {logging_mixin.py:188} INFO - [2024-02-07T09:00:53.238+0000] {dagbag.py:538} INFO - Filling up the DagBag from /opt/airflow/dags/docker_airflow_postgresql_etl.py
[2024-02-07T09:00:53.499+0000] {processor.py:840} INFO - DAG(s) 'docker_airflow_postgresql_etl' retrieved from /opt/airflow/dags/docker_airflow_postgresql_etl.py
[2024-02-07T09:00:53.519+0000] {logging_mixin.py:188} INFO - [2024-02-07T09:00:53.519+0000] {dag.py:3033} INFO - Sync 1 DAGs
[2024-02-07T09:00:53.530+0000] {logging_mixin.py:188} INFO - [2024-02-07T09:00:53.529+0000] {dag.py:3820} INFO - Setting next_dagrun for docker_airflow_postgresql_etl to None, run_after=None
[2024-02-07T09:00:53.557+0000] {processor.py:183} INFO - Processing /opt/airflow/dags/docker_airflow_postgresql_etl.py took 0.327 seconds
[2024-02-07T09:01:23.736+0000] {processor.py:161} INFO - Started process (PID=2430) to work on /opt/airflow/dags/docker_airflow_postgresql_etl.py
[2024-02-07T09:01:23.738+0000] {processor.py:830} INFO - Processing file /opt/airflow/dags/docker_airflow_postgresql_etl.py for tasks to queue
[2024-02-07T09:01:23.741+0000] {logging_mixin.py:188} INFO - [2024-02-07T09:01:23.741+0000] {dagbag.py:538} INFO - Filling up the DagBag from /opt/airflow/dags/docker_airflow_postgresql_etl.py
[2024-02-07T09:01:24.022+0000] {processor.py:840} INFO - DAG(s) 'docker_airflow_postgresql_etl' retrieved from /opt/airflow/dags/docker_airflow_postgresql_etl.py
[2024-02-07T09:01:24.042+0000] {logging_mixin.py:188} INFO - [2024-02-07T09:01:24.042+0000] {dag.py:3033} INFO - Sync 1 DAGs
[2024-02-07T09:01:24.054+0000] {logging_mixin.py:188} INFO - [2024-02-07T09:01:24.054+0000] {dag.py:3820} INFO - Setting next_dagrun for docker_airflow_postgresql_etl to None, run_after=None
[2024-02-07T09:01:24.084+0000] {processor.py:183} INFO - Processing /opt/airflow/dags/docker_airflow_postgresql_etl.py took 0.352 seconds
[2024-02-07T09:01:54.257+0000] {processor.py:161} INFO - Started process (PID=2487) to work on /opt/airflow/dags/docker_airflow_postgresql_etl.py
[2024-02-07T09:01:54.259+0000] {processor.py:830} INFO - Processing file /opt/airflow/dags/docker_airflow_postgresql_etl.py for tasks to queue
[2024-02-07T09:01:54.261+0000] {logging_mixin.py:188} INFO - [2024-02-07T09:01:54.261+0000] {dagbag.py:538} INFO - Filling up the DagBag from /opt/airflow/dags/docker_airflow_postgresql_etl.py
[2024-02-07T09:01:54.512+0000] {processor.py:840} INFO - DAG(s) 'docker_airflow_postgresql_etl' retrieved from /opt/airflow/dags/docker_airflow_postgresql_etl.py
[2024-02-07T09:01:54.533+0000] {logging_mixin.py:188} INFO - [2024-02-07T09:01:54.532+0000] {dag.py:3033} INFO - Sync 1 DAGs
[2024-02-07T09:01:54.544+0000] {logging_mixin.py:188} INFO - [2024-02-07T09:01:54.544+0000] {dag.py:3820} INFO - Setting next_dagrun for docker_airflow_postgresql_etl to None, run_after=None
[2024-02-07T09:01:54.570+0000] {processor.py:183} INFO - Processing /opt/airflow/dags/docker_airflow_postgresql_etl.py took 0.316 seconds
[2024-02-07T09:02:24.854+0000] {processor.py:161} INFO - Started process (PID=2545) to work on /opt/airflow/dags/docker_airflow_postgresql_etl.py
[2024-02-07T09:02:24.855+0000] {processor.py:830} INFO - Processing file /opt/airflow/dags/docker_airflow_postgresql_etl.py for tasks to queue
[2024-02-07T09:02:24.859+0000] {logging_mixin.py:188} INFO - [2024-02-07T09:02:24.858+0000] {dagbag.py:538} INFO - Filling up the DagBag from /opt/airflow/dags/docker_airflow_postgresql_etl.py
[2024-02-07T09:02:25.135+0000] {processor.py:840} INFO - DAG(s) 'docker_airflow_postgresql_etl' retrieved from /opt/airflow/dags/docker_airflow_postgresql_etl.py
[2024-02-07T09:02:25.170+0000] {logging_mixin.py:188} INFO - [2024-02-07T09:02:25.170+0000] {dag.py:3033} INFO - Sync 1 DAGs
[2024-02-07T09:02:25.182+0000] {logging_mixin.py:188} INFO - [2024-02-07T09:02:25.182+0000] {dag.py:3820} INFO - Setting next_dagrun for docker_airflow_postgresql_etl to None, run_after=None
[2024-02-07T09:02:25.207+0000] {processor.py:183} INFO - Processing /opt/airflow/dags/docker_airflow_postgresql_etl.py took 0.357 seconds
[2024-02-07T09:02:56.146+0000] {processor.py:161} INFO - Started process (PID=2602) to work on /opt/airflow/dags/docker_airflow_postgresql_etl.py
[2024-02-07T09:02:56.147+0000] {processor.py:830} INFO - Processing file /opt/airflow/dags/docker_airflow_postgresql_etl.py for tasks to queue
[2024-02-07T09:02:56.149+0000] {logging_mixin.py:188} INFO - [2024-02-07T09:02:56.149+0000] {dagbag.py:538} INFO - Filling up the DagBag from /opt/airflow/dags/docker_airflow_postgresql_etl.py
[2024-02-07T09:02:56.412+0000] {processor.py:840} INFO - DAG(s) 'docker_airflow_postgresql_etl' retrieved from /opt/airflow/dags/docker_airflow_postgresql_etl.py
[2024-02-07T09:02:56.432+0000] {logging_mixin.py:188} INFO - [2024-02-07T09:02:56.431+0000] {dag.py:3033} INFO - Sync 1 DAGs
[2024-02-07T09:02:56.445+0000] {logging_mixin.py:188} INFO - [2024-02-07T09:02:56.445+0000] {dag.py:3820} INFO - Setting next_dagrun for docker_airflow_postgresql_etl to None, run_after=None
[2024-02-07T09:02:56.471+0000] {processor.py:183} INFO - Processing /opt/airflow/dags/docker_airflow_postgresql_etl.py took 0.328 seconds
[2024-02-07T09:03:26.971+0000] {processor.py:161} INFO - Started process (PID=2659) to work on /opt/airflow/dags/docker_airflow_postgresql_etl.py
[2024-02-07T09:03:26.972+0000] {processor.py:830} INFO - Processing file /opt/airflow/dags/docker_airflow_postgresql_etl.py for tasks to queue
[2024-02-07T09:03:26.975+0000] {logging_mixin.py:188} INFO - [2024-02-07T09:03:26.975+0000] {dagbag.py:538} INFO - Filling up the DagBag from /opt/airflow/dags/docker_airflow_postgresql_etl.py
[2024-02-07T09:03:27.217+0000] {processor.py:840} INFO - DAG(s) 'docker_airflow_postgresql_etl' retrieved from /opt/airflow/dags/docker_airflow_postgresql_etl.py
[2024-02-07T09:03:27.239+0000] {logging_mixin.py:188} INFO - [2024-02-07T09:03:27.238+0000] {dag.py:3033} INFO - Sync 1 DAGs
[2024-02-07T09:03:27.254+0000] {logging_mixin.py:188} INFO - [2024-02-07T09:03:27.253+0000] {dag.py:3820} INFO - Setting next_dagrun for docker_airflow_postgresql_etl to None, run_after=None
[2024-02-07T09:03:27.285+0000] {processor.py:183} INFO - Processing /opt/airflow/dags/docker_airflow_postgresql_etl.py took 0.318 seconds
[2024-02-07T09:03:58.210+0000] {processor.py:161} INFO - Started process (PID=2716) to work on /opt/airflow/dags/docker_airflow_postgresql_etl.py
[2024-02-07T09:03:58.211+0000] {processor.py:830} INFO - Processing file /opt/airflow/dags/docker_airflow_postgresql_etl.py for tasks to queue
[2024-02-07T09:03:58.214+0000] {logging_mixin.py:188} INFO - [2024-02-07T09:03:58.213+0000] {dagbag.py:538} INFO - Filling up the DagBag from /opt/airflow/dags/docker_airflow_postgresql_etl.py
[2024-02-07T09:03:58.489+0000] {processor.py:840} INFO - DAG(s) 'docker_airflow_postgresql_etl' retrieved from /opt/airflow/dags/docker_airflow_postgresql_etl.py
[2024-02-07T09:03:58.510+0000] {logging_mixin.py:188} INFO - [2024-02-07T09:03:58.509+0000] {dag.py:3033} INFO - Sync 1 DAGs
[2024-02-07T09:03:58.530+0000] {logging_mixin.py:188} INFO - [2024-02-07T09:03:58.529+0000] {dag.py:3820} INFO - Setting next_dagrun for docker_airflow_postgresql_etl to None, run_after=None
[2024-02-07T09:03:58.560+0000] {processor.py:183} INFO - Processing /opt/airflow/dags/docker_airflow_postgresql_etl.py took 0.354 seconds
[2024-02-07T09:04:28.753+0000] {processor.py:161} INFO - Started process (PID=2773) to work on /opt/airflow/dags/docker_airflow_postgresql_etl.py
[2024-02-07T09:04:28.754+0000] {processor.py:830} INFO - Processing file /opt/airflow/dags/docker_airflow_postgresql_etl.py for tasks to queue
[2024-02-07T09:04:28.756+0000] {logging_mixin.py:188} INFO - [2024-02-07T09:04:28.756+0000] {dagbag.py:538} INFO - Filling up the DagBag from /opt/airflow/dags/docker_airflow_postgresql_etl.py
[2024-02-07T09:04:29.046+0000] {processor.py:840} INFO - DAG(s) 'docker_airflow_postgresql_etl' retrieved from /opt/airflow/dags/docker_airflow_postgresql_etl.py
[2024-02-07T09:04:29.067+0000] {logging_mixin.py:188} INFO - [2024-02-07T09:04:29.067+0000] {dag.py:3033} INFO - Sync 1 DAGs
[2024-02-07T09:04:29.082+0000] {logging_mixin.py:188} INFO - [2024-02-07T09:04:29.082+0000] {dag.py:3820} INFO - Setting next_dagrun for docker_airflow_postgresql_etl to None, run_after=None
[2024-02-07T09:04:29.124+0000] {processor.py:183} INFO - Processing /opt/airflow/dags/docker_airflow_postgresql_etl.py took 0.375 seconds
[2024-02-07T09:05:00.012+0000] {processor.py:161} INFO - Started process (PID=2830) to work on /opt/airflow/dags/docker_airflow_postgresql_etl.py
[2024-02-07T09:05:00.013+0000] {processor.py:830} INFO - Processing file /opt/airflow/dags/docker_airflow_postgresql_etl.py for tasks to queue
[2024-02-07T09:05:00.017+0000] {logging_mixin.py:188} INFO - [2024-02-07T09:05:00.016+0000] {dagbag.py:538} INFO - Filling up the DagBag from /opt/airflow/dags/docker_airflow_postgresql_etl.py
[2024-02-07T09:05:00.318+0000] {processor.py:840} INFO - DAG(s) 'docker_airflow_postgresql_etl' retrieved from /opt/airflow/dags/docker_airflow_postgresql_etl.py
[2024-02-07T09:05:00.347+0000] {logging_mixin.py:188} INFO - [2024-02-07T09:05:00.347+0000] {dag.py:3033} INFO - Sync 1 DAGs
[2024-02-07T09:05:00.365+0000] {logging_mixin.py:188} INFO - [2024-02-07T09:05:00.364+0000] {dag.py:3820} INFO - Setting next_dagrun for docker_airflow_postgresql_etl to None, run_after=None
[2024-02-07T09:05:00.389+0000] {processor.py:183} INFO - Processing /opt/airflow/dags/docker_airflow_postgresql_etl.py took 0.381 seconds
[2024-02-07T09:05:30.452+0000] {processor.py:161} INFO - Started process (PID=2887) to work on /opt/airflow/dags/docker_airflow_postgresql_etl.py
[2024-02-07T09:05:30.453+0000] {processor.py:830} INFO - Processing file /opt/airflow/dags/docker_airflow_postgresql_etl.py for tasks to queue
[2024-02-07T09:05:30.455+0000] {logging_mixin.py:188} INFO - [2024-02-07T09:05:30.455+0000] {dagbag.py:538} INFO - Filling up the DagBag from /opt/airflow/dags/docker_airflow_postgresql_etl.py
[2024-02-07T09:05:30.711+0000] {processor.py:840} INFO - DAG(s) 'docker_airflow_postgresql_etl' retrieved from /opt/airflow/dags/docker_airflow_postgresql_etl.py
[2024-02-07T09:05:30.734+0000] {logging_mixin.py:188} INFO - [2024-02-07T09:05:30.733+0000] {dag.py:3033} INFO - Sync 1 DAGs
[2024-02-07T09:05:30.749+0000] {logging_mixin.py:188} INFO - [2024-02-07T09:05:30.749+0000] {dag.py:3820} INFO - Setting next_dagrun for docker_airflow_postgresql_etl to None, run_after=None
[2024-02-07T09:05:30.773+0000] {processor.py:183} INFO - Processing /opt/airflow/dags/docker_airflow_postgresql_etl.py took 0.325 seconds
[2024-02-07T09:06:00.860+0000] {processor.py:161} INFO - Started process (PID=2944) to work on /opt/airflow/dags/docker_airflow_postgresql_etl.py
[2024-02-07T09:06:00.861+0000] {processor.py:830} INFO - Processing file /opt/airflow/dags/docker_airflow_postgresql_etl.py for tasks to queue
[2024-02-07T09:06:00.863+0000] {logging_mixin.py:188} INFO - [2024-02-07T09:06:00.862+0000] {dagbag.py:538} INFO - Filling up the DagBag from /opt/airflow/dags/docker_airflow_postgresql_etl.py
[2024-02-07T09:06:01.102+0000] {processor.py:840} INFO - DAG(s) 'docker_airflow_postgresql_etl' retrieved from /opt/airflow/dags/docker_airflow_postgresql_etl.py
[2024-02-07T09:06:01.124+0000] {logging_mixin.py:188} INFO - [2024-02-07T09:06:01.123+0000] {dag.py:3033} INFO - Sync 1 DAGs
[2024-02-07T09:06:01.138+0000] {logging_mixin.py:188} INFO - [2024-02-07T09:06:01.137+0000] {dag.py:3820} INFO - Setting next_dagrun for docker_airflow_postgresql_etl to None, run_after=None
[2024-02-07T09:06:01.163+0000] {processor.py:183} INFO - Processing /opt/airflow/dags/docker_airflow_postgresql_etl.py took 0.308 seconds
[2024-02-07T09:06:31.232+0000] {processor.py:161} INFO - Started process (PID=3001) to work on /opt/airflow/dags/docker_airflow_postgresql_etl.py
[2024-02-07T09:06:31.234+0000] {processor.py:830} INFO - Processing file /opt/airflow/dags/docker_airflow_postgresql_etl.py for tasks to queue
[2024-02-07T09:06:31.236+0000] {logging_mixin.py:188} INFO - [2024-02-07T09:06:31.236+0000] {dagbag.py:538} INFO - Filling up the DagBag from /opt/airflow/dags/docker_airflow_postgresql_etl.py
[2024-02-07T09:06:31.493+0000] {processor.py:840} INFO - DAG(s) 'docker_airflow_postgresql_etl' retrieved from /opt/airflow/dags/docker_airflow_postgresql_etl.py
[2024-02-07T09:06:31.516+0000] {logging_mixin.py:188} INFO - [2024-02-07T09:06:31.515+0000] {dag.py:3033} INFO - Sync 1 DAGs
[2024-02-07T09:06:31.533+0000] {logging_mixin.py:188} INFO - [2024-02-07T09:06:31.533+0000] {dag.py:3820} INFO - Setting next_dagrun for docker_airflow_postgresql_etl to None, run_after=None
[2024-02-07T09:06:31.568+0000] {processor.py:183} INFO - Processing /opt/airflow/dags/docker_airflow_postgresql_etl.py took 0.339 seconds
[2024-02-07T09:07:01.611+0000] {processor.py:161} INFO - Started process (PID=3059) to work on /opt/airflow/dags/docker_airflow_postgresql_etl.py
[2024-02-07T09:07:01.612+0000] {processor.py:830} INFO - Processing file /opt/airflow/dags/docker_airflow_postgresql_etl.py for tasks to queue
[2024-02-07T09:07:01.614+0000] {logging_mixin.py:188} INFO - [2024-02-07T09:07:01.613+0000] {dagbag.py:538} INFO - Filling up the DagBag from /opt/airflow/dags/docker_airflow_postgresql_etl.py
[2024-02-07T09:07:01.885+0000] {processor.py:840} INFO - DAG(s) 'docker_airflow_postgresql_etl' retrieved from /opt/airflow/dags/docker_airflow_postgresql_etl.py
[2024-02-07T09:07:01.908+0000] {logging_mixin.py:188} INFO - [2024-02-07T09:07:01.908+0000] {dag.py:3033} INFO - Sync 1 DAGs
[2024-02-07T09:07:01.923+0000] {logging_mixin.py:188} INFO - [2024-02-07T09:07:01.923+0000] {dag.py:3820} INFO - Setting next_dagrun for docker_airflow_postgresql_etl to None, run_after=None
[2024-02-07T09:07:01.948+0000] {processor.py:183} INFO - Processing /opt/airflow/dags/docker_airflow_postgresql_etl.py took 0.341 seconds
[2024-02-07T09:07:32.270+0000] {processor.py:161} INFO - Started process (PID=3115) to work on /opt/airflow/dags/docker_airflow_postgresql_etl.py
[2024-02-07T09:07:32.271+0000] {processor.py:830} INFO - Processing file /opt/airflow/dags/docker_airflow_postgresql_etl.py for tasks to queue
[2024-02-07T09:07:32.274+0000] {logging_mixin.py:188} INFO - [2024-02-07T09:07:32.273+0000] {dagbag.py:538} INFO - Filling up the DagBag from /opt/airflow/dags/docker_airflow_postgresql_etl.py
[2024-02-07T09:07:32.526+0000] {processor.py:840} INFO - DAG(s) 'docker_airflow_postgresql_etl' retrieved from /opt/airflow/dags/docker_airflow_postgresql_etl.py
[2024-02-07T09:07:32.548+0000] {logging_mixin.py:188} INFO - [2024-02-07T09:07:32.548+0000] {dag.py:3033} INFO - Sync 1 DAGs
[2024-02-07T09:07:32.563+0000] {logging_mixin.py:188} INFO - [2024-02-07T09:07:32.563+0000] {dag.py:3820} INFO - Setting next_dagrun for docker_airflow_postgresql_etl to None, run_after=None
[2024-02-07T09:07:32.587+0000] {processor.py:183} INFO - Processing /opt/airflow/dags/docker_airflow_postgresql_etl.py took 0.321 seconds
[2024-02-07T09:08:02.657+0000] {processor.py:161} INFO - Started process (PID=3178) to work on /opt/airflow/dags/docker_airflow_postgresql_etl.py
[2024-02-07T09:08:02.658+0000] {processor.py:830} INFO - Processing file /opt/airflow/dags/docker_airflow_postgresql_etl.py for tasks to queue
[2024-02-07T09:08:02.661+0000] {logging_mixin.py:188} INFO - [2024-02-07T09:08:02.661+0000] {dagbag.py:538} INFO - Filling up the DagBag from /opt/airflow/dags/docker_airflow_postgresql_etl.py
[2024-02-07T09:08:02.947+0000] {processor.py:840} INFO - DAG(s) 'docker_airflow_postgresql_etl' retrieved from /opt/airflow/dags/docker_airflow_postgresql_etl.py
[2024-02-07T09:08:02.966+0000] {logging_mixin.py:188} INFO - [2024-02-07T09:08:02.965+0000] {dag.py:3033} INFO - Sync 1 DAGs
[2024-02-07T09:08:02.980+0000] {logging_mixin.py:188} INFO - [2024-02-07T09:08:02.979+0000] {dag.py:3820} INFO - Setting next_dagrun for docker_airflow_postgresql_etl to None, run_after=None
[2024-02-07T09:08:03.001+0000] {processor.py:183} INFO - Processing /opt/airflow/dags/docker_airflow_postgresql_etl.py took 0.348 seconds
[2024-02-07T09:08:33.362+0000] {processor.py:161} INFO - Started process (PID=3237) to work on /opt/airflow/dags/docker_airflow_postgresql_etl.py
[2024-02-07T09:08:33.364+0000] {processor.py:830} INFO - Processing file /opt/airflow/dags/docker_airflow_postgresql_etl.py for tasks to queue
[2024-02-07T09:08:33.368+0000] {logging_mixin.py:188} INFO - [2024-02-07T09:08:33.368+0000] {dagbag.py:538} INFO - Filling up the DagBag from /opt/airflow/dags/docker_airflow_postgresql_etl.py
[2024-02-07T09:08:33.602+0000] {processor.py:840} INFO - DAG(s) 'docker_airflow_postgresql_etl' retrieved from /opt/airflow/dags/docker_airflow_postgresql_etl.py
[2024-02-07T09:08:33.622+0000] {logging_mixin.py:188} INFO - [2024-02-07T09:08:33.621+0000] {dag.py:3033} INFO - Sync 1 DAGs
[2024-02-07T09:08:33.633+0000] {logging_mixin.py:188} INFO - [2024-02-07T09:08:33.633+0000] {dag.py:3820} INFO - Setting next_dagrun for docker_airflow_postgresql_etl to None, run_after=None
[2024-02-07T09:08:33.656+0000] {processor.py:183} INFO - Processing /opt/airflow/dags/docker_airflow_postgresql_etl.py took 0.297 seconds
[2024-02-07T09:09:03.739+0000] {processor.py:161} INFO - Started process (PID=3294) to work on /opt/airflow/dags/docker_airflow_postgresql_etl.py
[2024-02-07T09:09:03.740+0000] {processor.py:830} INFO - Processing file /opt/airflow/dags/docker_airflow_postgresql_etl.py for tasks to queue
[2024-02-07T09:09:03.742+0000] {logging_mixin.py:188} INFO - [2024-02-07T09:09:03.742+0000] {dagbag.py:538} INFO - Filling up the DagBag from /opt/airflow/dags/docker_airflow_postgresql_etl.py
[2024-02-07T09:09:04.004+0000] {processor.py:840} INFO - DAG(s) 'docker_airflow_postgresql_etl' retrieved from /opt/airflow/dags/docker_airflow_postgresql_etl.py
[2024-02-07T09:09:04.028+0000] {logging_mixin.py:188} INFO - [2024-02-07T09:09:04.028+0000] {dag.py:3033} INFO - Sync 1 DAGs
[2024-02-07T09:09:04.042+0000] {logging_mixin.py:188} INFO - [2024-02-07T09:09:04.042+0000] {dag.py:3820} INFO - Setting next_dagrun for docker_airflow_postgresql_etl to None, run_after=None
[2024-02-07T09:09:04.074+0000] {processor.py:183} INFO - Processing /opt/airflow/dags/docker_airflow_postgresql_etl.py took 0.338 seconds
[2024-02-07T09:09:34.204+0000] {processor.py:161} INFO - Started process (PID=3351) to work on /opt/airflow/dags/docker_airflow_postgresql_etl.py
[2024-02-07T09:09:34.205+0000] {processor.py:830} INFO - Processing file /opt/airflow/dags/docker_airflow_postgresql_etl.py for tasks to queue
[2024-02-07T09:09:34.208+0000] {logging_mixin.py:188} INFO - [2024-02-07T09:09:34.207+0000] {dagbag.py:538} INFO - Filling up the DagBag from /opt/airflow/dags/docker_airflow_postgresql_etl.py
[2024-02-07T09:09:34.470+0000] {processor.py:840} INFO - DAG(s) 'docker_airflow_postgresql_etl' retrieved from /opt/airflow/dags/docker_airflow_postgresql_etl.py
[2024-02-07T09:09:34.491+0000] {logging_mixin.py:188} INFO - [2024-02-07T09:09:34.491+0000] {dag.py:3033} INFO - Sync 1 DAGs
[2024-02-07T09:09:34.503+0000] {logging_mixin.py:188} INFO - [2024-02-07T09:09:34.503+0000] {dag.py:3820} INFO - Setting next_dagrun for docker_airflow_postgresql_etl to None, run_after=None
[2024-02-07T09:09:34.532+0000] {processor.py:183} INFO - Processing /opt/airflow/dags/docker_airflow_postgresql_etl.py took 0.331 seconds
[2024-02-07T09:10:04.670+0000] {processor.py:161} INFO - Started process (PID=3408) to work on /opt/airflow/dags/docker_airflow_postgresql_etl.py
[2024-02-07T09:10:04.671+0000] {processor.py:830} INFO - Processing file /opt/airflow/dags/docker_airflow_postgresql_etl.py for tasks to queue
[2024-02-07T09:10:04.674+0000] {logging_mixin.py:188} INFO - [2024-02-07T09:10:04.673+0000] {dagbag.py:538} INFO - Filling up the DagBag from /opt/airflow/dags/docker_airflow_postgresql_etl.py
[2024-02-07T09:10:04.906+0000] {processor.py:840} INFO - DAG(s) 'docker_airflow_postgresql_etl' retrieved from /opt/airflow/dags/docker_airflow_postgresql_etl.py
[2024-02-07T09:10:05.004+0000] {logging_mixin.py:188} INFO - [2024-02-07T09:10:05.003+0000] {dag.py:3033} INFO - Sync 1 DAGs
[2024-02-07T09:10:05.015+0000] {logging_mixin.py:188} INFO - [2024-02-07T09:10:05.015+0000] {dag.py:3820} INFO - Setting next_dagrun for docker_airflow_postgresql_etl to None, run_after=None
[2024-02-07T09:10:05.039+0000] {processor.py:183} INFO - Processing /opt/airflow/dags/docker_airflow_postgresql_etl.py took 0.372 seconds
[2024-02-07T09:10:35.584+0000] {processor.py:161} INFO - Started process (PID=3463) to work on /opt/airflow/dags/docker_airflow_postgresql_etl.py
[2024-02-07T09:10:35.585+0000] {processor.py:830} INFO - Processing file /opt/airflow/dags/docker_airflow_postgresql_etl.py for tasks to queue
[2024-02-07T09:10:35.589+0000] {logging_mixin.py:188} INFO - [2024-02-07T09:10:35.588+0000] {dagbag.py:538} INFO - Filling up the DagBag from /opt/airflow/dags/docker_airflow_postgresql_etl.py
[2024-02-07T09:10:35.858+0000] {processor.py:840} INFO - DAG(s) 'docker_airflow_postgresql_etl' retrieved from /opt/airflow/dags/docker_airflow_postgresql_etl.py
[2024-02-07T09:10:35.883+0000] {logging_mixin.py:188} INFO - [2024-02-07T09:10:35.882+0000] {dag.py:3033} INFO - Sync 1 DAGs
[2024-02-07T09:10:35.900+0000] {logging_mixin.py:188} INFO - [2024-02-07T09:10:35.900+0000] {dag.py:3820} INFO - Setting next_dagrun for docker_airflow_postgresql_etl to None, run_after=None
[2024-02-07T09:10:35.922+0000] {processor.py:183} INFO - Processing /opt/airflow/dags/docker_airflow_postgresql_etl.py took 0.342 seconds
[2024-02-07T09:11:06.810+0000] {processor.py:161} INFO - Started process (PID=3520) to work on /opt/airflow/dags/docker_airflow_postgresql_etl.py
[2024-02-07T09:11:06.811+0000] {processor.py:830} INFO - Processing file /opt/airflow/dags/docker_airflow_postgresql_etl.py for tasks to queue
[2024-02-07T09:11:06.814+0000] {logging_mixin.py:188} INFO - [2024-02-07T09:11:06.813+0000] {dagbag.py:538} INFO - Filling up the DagBag from /opt/airflow/dags/docker_airflow_postgresql_etl.py
[2024-02-07T09:11:07.100+0000] {processor.py:840} INFO - DAG(s) 'docker_airflow_postgresql_etl' retrieved from /opt/airflow/dags/docker_airflow_postgresql_etl.py
[2024-02-07T09:11:07.126+0000] {logging_mixin.py:188} INFO - [2024-02-07T09:11:07.125+0000] {dag.py:3033} INFO - Sync 1 DAGs
[2024-02-07T09:11:07.138+0000] {logging_mixin.py:188} INFO - [2024-02-07T09:11:07.138+0000] {dag.py:3820} INFO - Setting next_dagrun for docker_airflow_postgresql_etl to None, run_after=None
[2024-02-07T09:11:07.163+0000] {processor.py:183} INFO - Processing /opt/airflow/dags/docker_airflow_postgresql_etl.py took 0.357 seconds
